[13.703s] Invoking command in '/home/cadt-02/Documents/can_test_usb/ros2_can/build/my_package': PYTHONPATH=/home/cadt-02/Documents/can_test_usb/ros2_can/build/my_package/prefix_override:/home/cadt-02/Documents/can_test_usb/ros2_can/install/my_package/lib/python3.8/site-packages:${PYTHONPATH} /usr/bin/python3 setup.py develop --editable --build-directory /home/cadt-02/Documents/can_test_usb/ros2_can/build/my_package/build --no-deps install_data
[14.176s] /home/cadt-02/.local/lib/python3.8/site-packages/setuptools/dist.py:476: SetuptoolsDeprecationWarning: Invalid dash-separated options
[14.180s] !!
[14.181s] 
[14.181s]         ********************************************************************************
[14.181s]         Usage of dash-separated 'build-base' will not be supported in future
[14.181s]         versions. Please use the underscore name 'build_base' instead.
[14.181s] 
[14.181s]         By 2024-Sep-26, you need to update your project and remove deprecated calls
[14.181s]         or your builds will no longer be supported.
[14.182s] 
[14.182s]         See https://setuptools.pypa.io/en/latest/userguide/declarative_config.html for details.
[14.182s]         ********************************************************************************
[14.182s] 
[14.182s] !!
[14.182s]   opt = self.warn_dash_deprecation(opt, section)
[15.178s] running develop
[15.179s] /home/cadt-02/.local/lib/python3.8/site-packages/setuptools/command/develop.py:42: EasyInstallDeprecationWarning: easy_install command is deprecated.
[15.179s] !!
[15.179s] 
[15.179s]         ********************************************************************************
[15.179s]         Please avoid running ``setup.py`` and ``easy_install``.
[15.179s]         Instead, use pypa/build, pypa/installer or other
[15.180s]         standards-based tools.
[15.180s] 
[15.180s]         See https://github.com/pypa/setuptools/issues/917 for details.
[15.180s]         ********************************************************************************
[15.180s] 
[15.180s] !!
[15.180s]   easy_install.initialize_options(self)
[15.368s] /home/cadt-02/.local/lib/python3.8/site-packages/setuptools/_distutils/cmd.py:66: SetuptoolsDeprecationWarning: setup.py install is deprecated.
[15.368s] !!
[15.368s] 
[15.368s]         ********************************************************************************
[15.368s]         Please avoid running ``setup.py`` directly.
[15.368s]         Instead, use pypa/build, pypa/installer or other
[15.369s]         standards-based tools.
[15.369s] 
[15.369s]         See https://blog.ganssle.io/articles/2021/10/setup-py-deprecated.html for details.
[15.369s]         ********************************************************************************
[15.369s] 
[15.369s] !!
[15.369s]   self.initialize_options()
[16.107s] running egg_info
[16.185s] writing my_package.egg-info/PKG-INFO
[16.187s] writing dependency_links to my_package.egg-info/dependency_links.txt
[16.188s] writing entry points to my_package.egg-info/entry_points.txt
[16.191s] writing requirements to my_package.egg-info/requires.txt
[16.191s] writing top-level names to my_package.egg-info/top_level.txt
[16.290s] reading manifest file 'my_package.egg-info/SOURCES.txt'
[16.292s] writing manifest file 'my_package.egg-info/SOURCES.txt'
[16.472s] running build_ext
[16.474s] Creating /home/cadt-02/Documents/can_test_usb/ros2_can/install/my_package/lib/python3.8/site-packages/my-package.egg-link (link to .)
[16.476s] Installing live_detection_node script to /home/cadt-02/Documents/can_test_usb/ros2_can/install/my_package/lib/my_package
[16.477s] Installing main script to /home/cadt-02/Documents/can_test_usb/ros2_can/install/my_package/lib/my_package
[16.479s] Installing my_node script to /home/cadt-02/Documents/can_test_usb/ros2_can/install/my_package/lib/my_package
[16.480s] Installing reinforcement_r2 script to /home/cadt-02/Documents/can_test_usb/ros2_can/install/my_package/lib/my_package
[16.481s] 
[16.482s] Installed /home/cadt-02/Documents/can_test_usb/ros2_can/build/my_package
[16.484s] running install_data
[16.485s] copying resource/my_package -> /home/cadt-02/Documents/can_test_usb/ros2_can/install/my_package/share/ament_index/resource_index/packages
[16.486s] copying package.xml -> /home/cadt-02/Documents/can_test_usb/ros2_can/install/my_package/share/my_package
[24.180s] Invoked command in '/home/cadt-02/Documents/can_test_usb/ros2_can/build/my_package' returned '0': PYTHONPATH=/home/cadt-02/Documents/can_test_usb/ros2_can/build/my_package/prefix_override:/home/cadt-02/Documents/can_test_usb/ros2_can/install/my_package/lib/python3.8/site-packages:${PYTHONPATH} /usr/bin/python3 setup.py develop --editable --build-directory /home/cadt-02/Documents/can_test_usb/ros2_can/build/my_package/build --no-deps install_data
