[14.594s] Invoking command in '/home/cadt-02/Documents/can_test_usb/ros2_can/build/auto_r2': PYTHONPATH=/home/cadt-02/Documents/can_test_usb/ros2_can/build/auto_r2/prefix_override:/home/cadt-02/Documents/can_test_usb/ros2_can/install/auto_r2/lib/python3.8/site-packages:${PYTHONPATH} /usr/bin/python3 setup.py develop --editable --build-directory /home/cadt-02/Documents/can_test_usb/ros2_can/build/auto_r2/build --no-deps install_data
[14.971s] /home/cadt-02/.local/lib/python3.8/site-packages/setuptools/dist.py:476: SetuptoolsDeprecationWarning: Invalid dash-separated options
[14.972s] !!
[14.972s] 
[14.972s]         ********************************************************************************
[14.972s]         Usage of dash-separated 'script-dir' will not be supported in future
[14.972s]         versions. Please use the underscore name 'script_dir' instead.
[14.973s] 
[14.973s]         By 2024-Sep-26, you need to update your project and remove deprecated calls
[14.973s]         or your builds will no longer be supported.
[14.973s] 
[14.973s]         See https://setuptools.pypa.io/en/latest/userguide/declarative_config.html for details.
[14.974s]         ********************************************************************************
[14.974s] 
[14.974s] !!
[14.975s]   opt = self.warn_dash_deprecation(opt, section)
[15.508s] running develop
[15.509s] /home/cadt-02/.local/lib/python3.8/site-packages/setuptools/command/develop.py:42: EasyInstallDeprecationWarning: easy_install command is deprecated.
[15.509s] !!
[15.509s] 
[15.510s]         ********************************************************************************
[15.510s]         Please avoid running ``setup.py`` and ``easy_install``.
[15.510s]         Instead, use pypa/build, pypa/installer or other
[15.510s]         standards-based tools.
[15.510s] 
[15.510s]         See https://github.com/pypa/setuptools/issues/917 for details.
[15.510s]         ********************************************************************************
[15.511s] 
[15.511s] !!
[15.511s]   easy_install.initialize_options(self)
[15.609s] /home/cadt-02/.local/lib/python3.8/site-packages/setuptools/_distutils/cmd.py:66: SetuptoolsDeprecationWarning: setup.py install is deprecated.
[15.610s] !!
[15.610s] 
[15.610s]         ********************************************************************************
[15.610s]         Please avoid running ``setup.py`` directly.
[15.610s]         Instead, use pypa/build, pypa/installer or other
[15.611s]         standards-based tools.
[15.611s] 
[15.611s]         See https://blog.ganssle.io/articles/2021/10/setup-py-deprecated.html for details.
[15.611s]         ********************************************************************************
[15.611s] 
[15.611s] !!
[15.611s]   self.initialize_options()
[16.129s] running egg_info
[16.178s] writing auto_r2.egg-info/PKG-INFO
[16.179s] writing dependency_links to auto_r2.egg-info/dependency_links.txt
[16.181s] writing entry points to auto_r2.egg-info/entry_points.txt
[16.182s] writing requirements to auto_r2.egg-info/requires.txt
[16.184s] writing top-level names to auto_r2.egg-info/top_level.txt
[16.287s] reading manifest file 'auto_r2.egg-info/SOURCES.txt'
[16.289s] writing manifest file 'auto_r2.egg-info/SOURCES.txt'
[16.450s] running build_ext
[16.451s] Creating /home/cadt-02/Documents/can_test_usb/ros2_can/install/auto_r2/lib/python3.8/site-packages/auto-r2.egg-link (link to .)
[16.454s] Installing auto_r2 script to /home/cadt-02/Documents/can_test_usb/ros2_can/install/auto_r2/lib/auto_r2
[16.455s] 
[16.456s] Installed /home/cadt-02/Documents/can_test_usb/ros2_can/build/auto_r2
[16.457s] running install_data
[16.457s] copying resource/auto_r2 -> /home/cadt-02/Documents/can_test_usb/ros2_can/install/auto_r2/share/ament_index/resource_index/packages
[16.458s] copying package.xml -> /home/cadt-02/Documents/can_test_usb/ros2_can/install/auto_r2/share/auto_r2
[16.673s] Invoked command in '/home/cadt-02/Documents/can_test_usb/ros2_can/build/auto_r2' returned '0': PYTHONPATH=/home/cadt-02/Documents/can_test_usb/ros2_can/build/auto_r2/prefix_override:/home/cadt-02/Documents/can_test_usb/ros2_can/install/auto_r2/lib/python3.8/site-packages:${PYTHONPATH} /usr/bin/python3 setup.py develop --editable --build-directory /home/cadt-02/Documents/can_test_usb/ros2_can/build/auto_r2/build --no-deps install_data
