[13.635s] Invoking command in '/home/cadt-02/Documents/can_test_usb/ros2_can/build/my_package': PYTHONPATH=/home/cadt-02/Documents/can_test_usb/ros2_can/build/my_package/prefix_override:/home/cadt-02/Documents/can_test_usb/ros2_can/install/my_package/lib/python3.8/site-packages:${PYTHONPATH} /usr/bin/python3 setup.py develop --editable --build-directory /home/cadt-02/Documents/can_test_usb/ros2_can/build/my_package/build --no-deps install_data
[14.882s] running develop
[14.883s] /home/cadt-02/.local/lib/python3.8/site-packages/setuptools/dist.py:476: SetuptoolsDeprecationWarning: Invalid dash-separated options
[14.883s] !!
[14.884s] 
[14.884s]         ********************************************************************************
[14.885s]         Usage of dash-separated 'build-base' will not be supported in future
[14.885s]         versions. Please use the underscore name 'build_base' instead.
[14.886s] 
[14.886s]         By 2024-Sep-26, you need to update your project and remove deprecated calls
[14.888s]         or your builds will no longer be supported.
[14.889s] 
[14.890s]         See https://setuptools.pypa.io/en/latest/userguide/declarative_config.html for details.
[14.890s]         ********************************************************************************
[14.891s] 
[14.891s] !!
[14.891s]   opt = self.warn_dash_deprecation(opt, section)
[14.892s] /home/cadt-02/.local/lib/python3.8/site-packages/setuptools/command/develop.py:42: EasyInstallDeprecationWarning: easy_install command is deprecated.
[14.892s] !!
[14.893s] 
[14.893s]         ********************************************************************************
[14.894s]         Please avoid running ``setup.py`` and ``easy_install``.
[14.894s]         Instead, use pypa/build, pypa/installer or other
[14.894s]         standards-based tools.
[14.895s] 
[14.895s]         See https://github.com/pypa/setuptools/issues/917 for details.
[14.896s]         ********************************************************************************
[14.896s] 
[14.897s] !!
[14.897s]   easy_install.initialize_options(self)
[14.898s] /home/cadt-02/.local/lib/python3.8/site-packages/setuptools/_distutils/cmd.py:66: SetuptoolsDeprecationWarning: setup.py install is deprecated.
[14.898s] !!
[14.899s] 
[14.899s]         ********************************************************************************
[14.900s]         Please avoid running ``setup.py`` directly.
[14.900s]         Instead, use pypa/build, pypa/installer or other
[14.901s]         standards-based tools.
[14.901s] 
[14.902s]         See https://blog.ganssle.io/articles/2021/10/setup-py-deprecated.html for details.
[14.902s]         ********************************************************************************
[14.903s] 
[14.904s] !!
[14.904s]   self.initialize_options()
[15.058s] running egg_info
[15.103s] writing my_package.egg-info/PKG-INFO
[15.106s] writing dependency_links to my_package.egg-info/dependency_links.txt
[15.107s] writing entry points to my_package.egg-info/entry_points.txt
[15.108s] writing requirements to my_package.egg-info/requires.txt
[15.108s] writing top-level names to my_package.egg-info/top_level.txt
[15.200s] reading manifest file 'my_package.egg-info/SOURCES.txt'
[15.202s] writing manifest file 'my_package.egg-info/SOURCES.txt'
[15.375s] running build_ext
[15.376s] Creating /home/cadt-02/Documents/can_test_usb/ros2_can/install/my_package/lib/python3.8/site-packages/my-package.egg-link (link to .)
[15.377s] Installing live_detection_node script to /home/cadt-02/Documents/can_test_usb/ros2_can/install/my_package/lib/my_package
[15.378s] Installing main script to /home/cadt-02/Documents/can_test_usb/ros2_can/install/my_package/lib/my_package
[15.381s] Installing my_node script to /home/cadt-02/Documents/can_test_usb/ros2_can/install/my_package/lib/my_package
[15.382s] Installing reinforcement_r2 script to /home/cadt-02/Documents/can_test_usb/ros2_can/install/my_package/lib/my_package
[15.383s] 
[15.383s] Installed /home/cadt-02/Documents/can_test_usb/ros2_can/build/my_package
[15.384s] running install_data
[15.385s] copying resource/my_package -> /home/cadt-02/Documents/can_test_usb/ros2_can/install/my_package/share/ament_index/resource_index/packages
[15.386s] copying package.xml -> /home/cadt-02/Documents/can_test_usb/ros2_can/install/my_package/share/my_package
[22.227s] Invoked command in '/home/cadt-02/Documents/can_test_usb/ros2_can/build/my_package' returned '0': PYTHONPATH=/home/cadt-02/Documents/can_test_usb/ros2_can/build/my_package/prefix_override:/home/cadt-02/Documents/can_test_usb/ros2_can/install/my_package/lib/python3.8/site-packages:${PYTHONPATH} /usr/bin/python3 setup.py develop --editable --build-directory /home/cadt-02/Documents/can_test_usb/ros2_can/build/my_package/build --no-deps install_data
