[16.682s] Invoking command in '/home/cadt-02/Documents/can_test_usb/ros2_can/build/keyboard_listener': PYTHONPATH=/home/cadt-02/Documents/can_test_usb/ros2_can/build/keyboard_listener/prefix_override:/home/cadt-02/Documents/can_test_usb/ros2_can/install/keyboard_listener/lib/python3.8/site-packages:${PYTHONPATH} /usr/bin/python3 setup.py develop --editable --build-directory /home/cadt-02/Documents/can_test_usb/ros2_can/build/keyboard_listener/build --no-deps install_data
[17.565s] running develop
[17.565s] /home/cadt-02/.local/lib/python3.8/site-packages/setuptools/command/develop.py:42: EasyInstallDeprecationWarning: easy_install command is deprecated.
[17.565s] !!
[17.565s] 
[17.566s]         ********************************************************************************
[17.566s]         Please avoid running ``setup.py`` and ``easy_install``.
[17.566s]         Instead, use pypa/build, pypa/installer or other
[17.566s]         standards-based tools.
[17.566s] 
[17.566s]         See https://github.com/pypa/setuptools/issues/917 for details.
[17.566s]         ********************************************************************************
[17.567s] 
[17.567s] !!
[17.567s]   easy_install.initialize_options(self)
[17.666s] /home/cadt-02/.local/lib/python3.8/site-packages/setuptools/_distutils/cmd.py:66: SetuptoolsDeprecationWarning: setup.py install is deprecated.
[17.666s] !!
[17.666s] 
[17.666s]         ********************************************************************************
[17.667s]         Please avoid running ``setup.py`` directly.
[17.667s]         Instead, use pypa/build, pypa/installer or other
[17.667s]         standards-based tools.
[17.667s] 
[17.667s]         See https://blog.ganssle.io/articles/2021/10/setup-py-deprecated.html for details.
[17.667s]         ********************************************************************************
[17.667s] 
[17.668s] !!
[17.668s]   self.initialize_options()
[18.139s] running egg_info
[18.183s] writing keyboard_listener.egg-info/PKG-INFO
[18.184s] writing dependency_links to keyboard_listener.egg-info/dependency_links.txt
[18.185s] writing entry points to keyboard_listener.egg-info/entry_points.txt
[18.186s] writing requirements to keyboard_listener.egg-info/requires.txt
[18.187s] writing top-level names to keyboard_listener.egg-info/top_level.txt
[18.280s] reading manifest file 'keyboard_listener.egg-info/SOURCES.txt'
[18.282s] writing manifest file 'keyboard_listener.egg-info/SOURCES.txt'
[18.445s] running build_ext
[18.445s] Creating /home/cadt-02/Documents/can_test_usb/ros2_can/install/keyboard_listener/lib/python3.8/site-packages/keyboard-listener.egg-link (link to .)
[18.450s] Installing keyboard_listener script to /home/cadt-02/Documents/can_test_usb/ros2_can/install/keyboard_listener/lib/keyboard_listener
[18.450s] 
[18.450s] Installed /home/cadt-02/Documents/can_test_usb/ros2_can/build/keyboard_listener
[18.450s] running install_data
[18.451s] copying resource/keyboard_listener -> /home/cadt-02/Documents/can_test_usb/ros2_can/install/keyboard_listener/share/ament_index/resource_index/packages
[18.451s] copying package.xml -> /home/cadt-02/Documents/can_test_usb/ros2_can/install/keyboard_listener/share/keyboard_listener
[22.734s] Invoked command in '/home/cadt-02/Documents/can_test_usb/ros2_can/build/keyboard_listener' returned '0': PYTHONPATH=/home/cadt-02/Documents/can_test_usb/ros2_can/build/keyboard_listener/prefix_override:/home/cadt-02/Documents/can_test_usb/ros2_can/install/keyboard_listener/lib/python3.8/site-packages:${PYTHONPATH} /usr/bin/python3 setup.py develop --editable --build-directory /home/cadt-02/Documents/can_test_usb/ros2_can/build/keyboard_listener/build --no-deps install_data
