[17.986s] Invoking command in '/home/cadt-02/Documents/can_test_usb/ros2_can/build/auto_r2': PYTHONPATH=/home/cadt-02/Documents/can_test_usb/ros2_can/build/auto_r2/prefix_override:/home/cadt-02/Documents/can_test_usb/ros2_can/install/auto_r2/lib/python3.8/site-packages:${PYTHONPATH} /usr/bin/python3 setup.py develop --editable --build-directory /home/cadt-02/Documents/can_test_usb/ros2_can/build/auto_r2/build --no-deps install_data
[18.551s] /home/cadt-02/.local/lib/python3.8/site-packages/setuptools/dist.py:476: SetuptoolsDeprecationWarning: Invalid dash-separated options
[18.551s] !!
[18.552s] 
[18.554s]         ********************************************************************************
[18.555s]         Usage of dash-separated 'script-dir' will not be supported in future
[18.560s]         versions. Please use the underscore name 'script_dir' instead.
[18.560s] 
[18.560s]         By 2024-Sep-26, you need to update your project and remove deprecated calls
[18.561s]         or your builds will no longer be supported.
[18.561s] 
[18.561s]         See https://setuptools.pypa.io/en/latest/userguide/declarative_config.html for details.
[18.561s]         ********************************************************************************
[18.561s] 
[18.561s] !!
[18.561s]   opt = self.warn_dash_deprecation(opt, section)
[19.496s] running develop
[19.512s] /home/cadt-02/.local/lib/python3.8/site-packages/setuptools/command/develop.py:42: EasyInstallDeprecationWarning: easy_install command is deprecated.
[19.512s] !!
[19.512s] 
[19.512s]         ********************************************************************************
[19.513s]         Please avoid running ``setup.py`` and ``easy_install``.
[19.513s]         Instead, use pypa/build, pypa/installer or other
[19.513s]         standards-based tools.
[19.513s] 
[19.513s]         See https://github.com/pypa/setuptools/issues/917 for details.
[19.513s]         ********************************************************************************
[19.514s] 
[19.514s] !!
[19.514s]   easy_install.initialize_options(self)
[19.666s] /home/cadt-02/.local/lib/python3.8/site-packages/setuptools/_distutils/cmd.py:66: SetuptoolsDeprecationWarning: setup.py install is deprecated.
[19.667s] !!
[19.667s] 
[19.667s]         ********************************************************************************
[19.668s]         Please avoid running ``setup.py`` directly.
[19.668s]         Instead, use pypa/build, pypa/installer or other
[19.668s]         standards-based tools.
[19.668s] 
[19.668s]         See https://blog.ganssle.io/articles/2021/10/setup-py-deprecated.html for details.
[19.668s]         ********************************************************************************
[19.668s] 
[19.668s] !!
[19.669s]   self.initialize_options()
[20.194s] running egg_info
[20.241s] writing auto_r2.egg-info/PKG-INFO
[20.243s] writing dependency_links to auto_r2.egg-info/dependency_links.txt
[20.245s] writing entry points to auto_r2.egg-info/entry_points.txt
[20.246s] writing requirements to auto_r2.egg-info/requires.txt
[20.246s] writing top-level names to auto_r2.egg-info/top_level.txt
[20.354s] reading manifest file 'auto_r2.egg-info/SOURCES.txt'
[20.356s] writing manifest file 'auto_r2.egg-info/SOURCES.txt'
[20.541s] running build_ext
[20.541s] Creating /home/cadt-02/Documents/can_test_usb/ros2_can/install/auto_r2/lib/python3.8/site-packages/auto-r2.egg-link (link to .)
[20.542s] Installing auto_r2 script to /home/cadt-02/Documents/can_test_usb/ros2_can/install/auto_r2/lib/auto_r2
[20.542s] 
[20.542s] Installed /home/cadt-02/Documents/can_test_usb/ros2_can/build/auto_r2
[20.542s] running install_data
[20.542s] copying resource/auto_r2 -> /home/cadt-02/Documents/can_test_usb/ros2_can/install/auto_r2/share/ament_index/resource_index/packages
[20.542s] copying package.xml -> /home/cadt-02/Documents/can_test_usb/ros2_can/install/auto_r2/share/auto_r2
[22.015s] Invoked command in '/home/cadt-02/Documents/can_test_usb/ros2_can/build/auto_r2' returned '0': PYTHONPATH=/home/cadt-02/Documents/can_test_usb/ros2_can/build/auto_r2/prefix_override:/home/cadt-02/Documents/can_test_usb/ros2_can/install/auto_r2/lib/python3.8/site-packages:${PYTHONPATH} /usr/bin/python3 setup.py develop --editable --build-directory /home/cadt-02/Documents/can_test_usb/ros2_can/build/auto_r2/build --no-deps install_data
