[9.604s] Invoking command in '/home/cadt-02/Documents/can_test_usb/ros2_can/build/ros_imu': PYTHONPATH=/home/cadt-02/Documents/can_test_usb/ros2_can/build/ros_imu/prefix_override:/home/cadt-02/Documents/can_test_usb/ros2_can/install/ros_imu/lib/python3.8/site-packages:${PYTHONPATH} /usr/bin/python3 setup.py develop --editable --build-directory /home/cadt-02/Documents/can_test_usb/ros2_can/build/ros_imu/build --no-deps install_data
[9.938s] /home/cadt-02/.local/lib/python3.8/site-packages/setuptools/dist.py:476: SetuptoolsDeprecationWarning: Invalid dash-separated options
[9.938s] !!
[9.939s] 
[9.939s]         ********************************************************************************
[9.939s]         Usage of dash-separated 'script-dir' will not be supported in future
[9.939s]         versions. Please use the underscore name 'script_dir' instead.
[9.939s] 
[9.939s]         By 2024-Sep-26, you need to update your project and remove deprecated calls
[9.939s]         or your builds will no longer be supported.
[9.940s] 
[9.940s]         See https://setuptools.pypa.io/en/latest/userguide/declarative_config.html for details.
[9.940s]         ********************************************************************************
[9.940s] 
[9.940s] !!
[9.940s]   opt = self.warn_dash_deprecation(opt, section)
[10.421s] running develop
[10.421s] /home/cadt-02/.local/lib/python3.8/site-packages/setuptools/command/develop.py:42: EasyInstallDeprecationWarning: easy_install command is deprecated.
[10.421s] !!
[10.422s] 
[10.422s]         ********************************************************************************
[10.422s]         Please avoid running ``setup.py`` and ``easy_install``.
[10.422s]         Instead, use pypa/build, pypa/installer or other
[10.422s]         standards-based tools.
[10.422s] 
[10.422s]         See https://github.com/pypa/setuptools/issues/917 for details.
[10.423s]         ********************************************************************************
[10.423s] 
[10.423s] !!
[10.423s]   easy_install.initialize_options(self)
[10.509s] /home/cadt-02/.local/lib/python3.8/site-packages/setuptools/_distutils/cmd.py:66: SetuptoolsDeprecationWarning: setup.py install is deprecated.
[10.510s] !!
[10.510s] 
[10.510s]         ********************************************************************************
[10.510s]         Please avoid running ``setup.py`` directly.
[10.510s]         Instead, use pypa/build, pypa/installer or other
[10.510s]         standards-based tools.
[10.511s] 
[10.511s]         See https://blog.ganssle.io/articles/2021/10/setup-py-deprecated.html for details.
[10.511s]         ********************************************************************************
[10.511s] 
[10.511s] !!
[10.511s]   self.initialize_options()
[10.959s] running egg_info
[11.002s] writing ros_imu.egg-info/PKG-INFO
[11.003s] writing dependency_links to ros_imu.egg-info/dependency_links.txt
[11.005s] writing entry points to ros_imu.egg-info/entry_points.txt
[11.005s] writing requirements to ros_imu.egg-info/requires.txt
[11.005s] writing top-level names to ros_imu.egg-info/top_level.txt
[11.096s] reading manifest file 'ros_imu.egg-info/SOURCES.txt'
[11.098s] writing manifest file 'ros_imu.egg-info/SOURCES.txt'
[11.255s] running build_ext
[11.255s] Creating /home/cadt-02/Documents/can_test_usb/ros2_can/install/ros_imu/lib/python3.8/site-packages/ros-imu.egg-link (link to .)
[11.257s] Installing ros_imu script to /home/cadt-02/Documents/can_test_usb/ros2_can/install/ros_imu/lib/ros_imu
[11.258s] 
[11.258s] Installed /home/cadt-02/Documents/can_test_usb/ros2_can/build/ros_imu
[11.258s] running install_data
[11.259s] copying resource/ros_imu -> /home/cadt-02/Documents/can_test_usb/ros2_can/install/ros_imu/share/ament_index/resource_index/packages
[11.259s] copying package.xml -> /home/cadt-02/Documents/can_test_usb/ros2_can/install/ros_imu/share/ros_imu
[11.380s] Invoked command in '/home/cadt-02/Documents/can_test_usb/ros2_can/build/ros_imu' returned '0': PYTHONPATH=/home/cadt-02/Documents/can_test_usb/ros2_can/build/ros_imu/prefix_override:/home/cadt-02/Documents/can_test_usb/ros2_can/install/ros_imu/lib/python3.8/site-packages:${PYTHONPATH} /usr/bin/python3 setup.py develop --editable --build-directory /home/cadt-02/Documents/can_test_usb/ros2_can/build/ros_imu/build --no-deps install_data
