[16.963s] Invoking command in '/home/cadt-02/Documents/can_test_usb/ros2_can/build/movement': PYTHONPATH=/home/cadt-02/Documents/can_test_usb/ros2_can/build/movement/prefix_override:/home/cadt-02/Documents/can_test_usb/ros2_can/install/movement/lib/python3.8/site-packages:${PYTHONPATH} /usr/bin/python3 setup.py develop --editable --build-directory /home/cadt-02/Documents/can_test_usb/ros2_can/build/movement/build --no-deps install_data
[17.854s] running develop
[17.855s] /home/cadt-02/.local/lib/python3.8/site-packages/setuptools/command/develop.py:42: EasyInstallDeprecationWarning: easy_install command is deprecated.
[17.856s] !!
[17.856s] 
[17.856s]         ********************************************************************************
[17.856s]         Please avoid running ``setup.py`` and ``easy_install``.
[17.857s]         Instead, use pypa/build, pypa/installer or other
[17.857s]         standards-based tools.
[17.857s] 
[17.857s]         See https://github.com/pypa/setuptools/issues/917 for details.
[17.857s]         ********************************************************************************
[17.857s] 
[17.857s] !!
[17.858s]   easy_install.initialize_options(self)
[17.975s] /home/cadt-02/.local/lib/python3.8/site-packages/setuptools/_distutils/cmd.py:66: SetuptoolsDeprecationWarning: setup.py install is deprecated.
[17.975s] !!
[17.975s] 
[17.976s]         ********************************************************************************
[17.976s]         Please avoid running ``setup.py`` directly.
[17.976s]         Instead, use pypa/build, pypa/installer or other
[17.976s]         standards-based tools.
[17.976s] 
[17.976s]         See https://blog.ganssle.io/articles/2021/10/setup-py-deprecated.html for details.
[17.977s]         ********************************************************************************
[17.977s] 
[17.977s] !!
[17.977s]   self.initialize_options()
[18.575s] running egg_info
[18.621s] writing movement.egg-info/PKG-INFO
[18.622s] writing dependency_links to movement.egg-info/dependency_links.txt
[18.624s] writing entry points to movement.egg-info/entry_points.txt
[18.626s] writing requirements to movement.egg-info/requires.txt
[18.626s] writing top-level names to movement.egg-info/top_level.txt
[18.724s] reading manifest file 'movement.egg-info/SOURCES.txt'
[18.726s] writing manifest file 'movement.egg-info/SOURCES.txt'
[18.902s] running build_ext
[18.903s] Creating /home/cadt-02/Documents/can_test_usb/ros2_can/install/movement/lib/python3.8/site-packages/movement.egg-link (link to .)
[18.904s] Installing movement script to /home/cadt-02/Documents/can_test_usb/ros2_can/install/movement/lib/movement
[18.905s] Installing smart_driver_send script to /home/cadt-02/Documents/can_test_usb/ros2_can/install/movement/lib/movement
[18.907s] 
[18.908s] Installed /home/cadt-02/Documents/can_test_usb/ros2_can/build/movement
[18.909s] running install_data
[18.911s] copying resource/movement -> /home/cadt-02/Documents/can_test_usb/ros2_can/install/movement/share/ament_index/resource_index/packages
[18.912s] copying package.xml -> /home/cadt-02/Documents/can_test_usb/ros2_can/install/movement/share/movement
[22.411s] Invoked command in '/home/cadt-02/Documents/can_test_usb/ros2_can/build/movement' returned '0': PYTHONPATH=/home/cadt-02/Documents/can_test_usb/ros2_can/build/movement/prefix_override:/home/cadt-02/Documents/can_test_usb/ros2_can/install/movement/lib/python3.8/site-packages:${PYTHONPATH} /usr/bin/python3 setup.py develop --editable --build-directory /home/cadt-02/Documents/can_test_usb/ros2_can/build/movement/build --no-deps install_data
