[19.023s] Invoking command in '/home/cadt-02/Documents/can_test_usb/ros2_can/build/keyboard_listener': PYTHONPATH=/home/cadt-02/Documents/can_test_usb/ros2_can/build/keyboard_listener/prefix_override:/home/cadt-02/Documents/can_test_usb/ros2_can/install/keyboard_listener/lib/python3.8/site-packages:${PYTHONPATH} /usr/bin/python3 setup.py develop --editable --build-directory /home/cadt-02/Documents/can_test_usb/ros2_can/build/keyboard_listener/build --no-deps install_data
[20.507s] running develop
[20.507s] /home/cadt-02/.local/lib/python3.8/site-packages/setuptools/command/develop.py:42: EasyInstallDeprecationWarning: easy_install command is deprecated.
[20.507s] !!
[20.508s] 
[20.508s]         ********************************************************************************
[20.508s]         Please avoid running ``setup.py`` and ``easy_install``.
[20.508s]         Instead, use pypa/build, pypa/installer or other
[20.508s]         standards-based tools.
[20.508s] 
[20.508s]         See https://github.com/pypa/setuptools/issues/917 for details.
[20.508s]         ********************************************************************************
[20.509s] 
[20.509s] !!
[20.509s]   easy_install.initialize_options(self)
[20.740s] /home/cadt-02/.local/lib/python3.8/site-packages/setuptools/_distutils/cmd.py:66: SetuptoolsDeprecationWarning: setup.py install is deprecated.
[20.741s] !!
[20.741s] 
[20.741s]         ********************************************************************************
[20.741s]         Please avoid running ``setup.py`` directly.
[20.741s]         Instead, use pypa/build, pypa/installer or other
[20.741s]         standards-based tools.
[20.742s] 
[20.742s]         See https://blog.ganssle.io/articles/2021/10/setup-py-deprecated.html for details.
[20.742s]         ********************************************************************************
[20.742s] 
[20.742s] !!
[20.742s]   self.initialize_options()
[21.356s] running egg_info
[21.475s] writing keyboard_listener.egg-info/PKG-INFO
[21.475s] writing dependency_links to keyboard_listener.egg-info/dependency_links.txt
[21.475s] writing entry points to keyboard_listener.egg-info/entry_points.txt
[21.475s] writing requirements to keyboard_listener.egg-info/requires.txt
[21.475s] writing top-level names to keyboard_listener.egg-info/top_level.txt
[21.612s] reading manifest file 'keyboard_listener.egg-info/SOURCES.txt'
[21.615s] writing manifest file 'keyboard_listener.egg-info/SOURCES.txt'
[21.857s] running build_ext
[21.858s] Creating /home/cadt-02/Documents/can_test_usb/ros2_can/install/keyboard_listener/lib/python3.8/site-packages/keyboard-listener.egg-link (link to .)
[21.862s] Installing keyboard_listener script to /home/cadt-02/Documents/can_test_usb/ros2_can/install/keyboard_listener/lib/keyboard_listener
[21.863s] 
[21.863s] Installed /home/cadt-02/Documents/can_test_usb/ros2_can/build/keyboard_listener
[21.863s] running install_data
[21.863s] copying resource/keyboard_listener -> /home/cadt-02/Documents/can_test_usb/ros2_can/install/keyboard_listener/share/ament_index/resource_index/packages
[21.863s] copying package.xml -> /home/cadt-02/Documents/can_test_usb/ros2_can/install/keyboard_listener/share/keyboard_listener
[29.459s] Invoked command in '/home/cadt-02/Documents/can_test_usb/ros2_can/build/keyboard_listener' returned '0': PYTHONPATH=/home/cadt-02/Documents/can_test_usb/ros2_can/build/keyboard_listener/prefix_override:/home/cadt-02/Documents/can_test_usb/ros2_can/install/keyboard_listener/lib/python3.8/site-packages:${PYTHONPATH} /usr/bin/python3 setup.py develop --editable --build-directory /home/cadt-02/Documents/can_test_usb/ros2_can/build/keyboard_listener/build --no-deps install_data
