[15.550s] Invoking command in '/home/cadt-02/Documents/can_test_usb/ros2_can/build/movement': PYTHONPATH=/home/cadt-02/Documents/can_test_usb/ros2_can/build/movement/prefix_override:/home/cadt-02/Documents/can_test_usb/ros2_can/install/movement/lib/python3.8/site-packages:${PYTHONPATH} /usr/bin/python3 setup.py develop --editable --build-directory /home/cadt-02/Documents/can_test_usb/ros2_can/build/movement/build --no-deps install_data
[16.758s] running develop
[16.758s] /home/cadt-02/.local/lib/python3.8/site-packages/setuptools/command/develop.py:42: EasyInstallDeprecationWarning: easy_install command is deprecated.
[16.759s] !!
[16.759s] 
[16.759s]         ********************************************************************************
[16.759s]         Please avoid running ``setup.py`` and ``easy_install``.
[16.759s]         Instead, use pypa/build, pypa/installer or other
[16.760s]         standards-based tools.
[16.760s] 
[16.760s]         See https://github.com/pypa/setuptools/issues/917 for details.
[16.760s]         ********************************************************************************
[16.760s] 
[16.761s] !!
[16.763s]   easy_install.initialize_options(self)
[16.877s] /home/cadt-02/.local/lib/python3.8/site-packages/setuptools/_distutils/cmd.py:66: SetuptoolsDeprecationWarning: setup.py install is deprecated.
[16.877s] !!
[16.877s] 
[16.878s]         ********************************************************************************
[16.878s]         Please avoid running ``setup.py`` directly.
[16.878s]         Instead, use pypa/build, pypa/installer or other
[16.878s]         standards-based tools.
[16.878s] 
[16.878s]         See https://blog.ganssle.io/articles/2021/10/setup-py-deprecated.html for details.
[16.878s]         ********************************************************************************
[16.879s] 
[16.879s] !!
[16.879s]   self.initialize_options()
[17.623s] running egg_info
[17.660s] writing movement.egg-info/PKG-INFO
[17.661s] writing dependency_links to movement.egg-info/dependency_links.txt
[17.662s] writing entry points to movement.egg-info/entry_points.txt
[17.662s] writing requirements to movement.egg-info/requires.txt
[17.663s] writing top-level names to movement.egg-info/top_level.txt
[17.767s] reading manifest file 'movement.egg-info/SOURCES.txt'
[17.768s] writing manifest file 'movement.egg-info/SOURCES.txt'
[17.963s] running build_ext
[17.963s] Creating /home/cadt-02/Documents/can_test_usb/ros2_can/install/movement/lib/python3.8/site-packages/movement.egg-link (link to .)
[17.965s] Installing movement script to /home/cadt-02/Documents/can_test_usb/ros2_can/install/movement/lib/movement
[17.966s] 
[17.967s] Installed /home/cadt-02/Documents/can_test_usb/ros2_can/build/movement
[17.967s] running install_data
[17.968s] copying resource/movement -> /home/cadt-02/Documents/can_test_usb/ros2_can/install/movement/share/ament_index/resource_index/packages
[17.969s] copying package.xml -> /home/cadt-02/Documents/can_test_usb/ros2_can/install/movement/share/movement
[23.730s] Invoked command in '/home/cadt-02/Documents/can_test_usb/ros2_can/build/movement' returned '0': PYTHONPATH=/home/cadt-02/Documents/can_test_usb/ros2_can/build/movement/prefix_override:/home/cadt-02/Documents/can_test_usb/ros2_can/install/movement/lib/python3.8/site-packages:${PYTHONPATH} /usr/bin/python3 setup.py develop --editable --build-directory /home/cadt-02/Documents/can_test_usb/ros2_can/build/movement/build --no-deps install_data
