[12.419s] Invoking command in '/home/cadt-02/Documents/can_test_usb/ros2_can/build/my_robot': PYTHONPATH=/home/cadt-02/Documents/can_test_usb/ros2_can/build/my_robot/prefix_override:/home/cadt-02/Documents/can_test_usb/ros2_can/install/my_robot/lib/python3.8/site-packages:${PYTHONPATH} /usr/bin/python3 setup.py develop --editable --build-directory /home/cadt-02/Documents/can_test_usb/ros2_can/build/my_robot/build --no-deps install_data
[12.805s] /home/cadt-02/.local/lib/python3.8/site-packages/setuptools/dist.py:476: SetuptoolsDeprecationWarning: Invalid dash-separated options
[12.805s] !!
[12.806s] 
[12.806s]         ********************************************************************************
[12.806s]         Usage of dash-separated 'script-dir' will not be supported in future
[12.806s]         versions. Please use the underscore name 'script_dir' instead.
[12.806s] 
[12.806s]         By 2024-Sep-26, you need to update your project and remove deprecated calls
[12.806s]         or your builds will no longer be supported.
[12.806s] 
[12.807s]         See https://setuptools.pypa.io/en/latest/userguide/declarative_config.html for details.
[12.807s]         ********************************************************************************
[12.807s] 
[12.807s] !!
[12.807s]   opt = self.warn_dash_deprecation(opt, section)
[13.332s] running develop
[13.332s] /home/cadt-02/.local/lib/python3.8/site-packages/setuptools/command/develop.py:42: EasyInstallDeprecationWarning: easy_install command is deprecated.
[13.332s] !!
[13.332s] 
[13.332s]         ********************************************************************************
[13.333s]         Please avoid running ``setup.py`` and ``easy_install``.
[13.333s]         Instead, use pypa/build, pypa/installer or other
[13.333s]         standards-based tools.
[13.333s] 
[13.333s]         See https://github.com/pypa/setuptools/issues/917 for details.
[13.333s]         ********************************************************************************
[13.333s] 
[13.333s] !!
[13.334s]   easy_install.initialize_options(self)
[13.423s] /home/cadt-02/.local/lib/python3.8/site-packages/setuptools/_distutils/cmd.py:66: SetuptoolsDeprecationWarning: setup.py install is deprecated.
[13.423s] !!
[13.423s] 
[13.424s]         ********************************************************************************
[13.424s]         Please avoid running ``setup.py`` directly.
[13.424s]         Instead, use pypa/build, pypa/installer or other
[13.424s]         standards-based tools.
[13.424s] 
[13.424s]         See https://blog.ganssle.io/articles/2021/10/setup-py-deprecated.html for details.
[13.424s]         ********************************************************************************
[13.425s] 
[13.425s] !!
[13.425s]   self.initialize_options()
[13.908s] running egg_info
[13.950s] writing my_robot.egg-info/PKG-INFO
[13.954s] writing dependency_links to my_robot.egg-info/dependency_links.txt
[13.955s] writing entry points to my_robot.egg-info/entry_points.txt
[13.955s] writing requirements to my_robot.egg-info/requires.txt
[13.955s] writing top-level names to my_robot.egg-info/top_level.txt
[14.051s] reading manifest file 'my_robot.egg-info/SOURCES.txt'
[14.054s] writing manifest file 'my_robot.egg-info/SOURCES.txt'
[14.229s] running build_ext
[14.229s] Creating /home/cadt-02/Documents/can_test_usb/ros2_can/install/my_robot/lib/python3.8/site-packages/my-robot.egg-link (link to .)
[14.232s] Installing my_robot script to /home/cadt-02/Documents/can_test_usb/ros2_can/install/my_robot/lib/my_robot
[14.233s] 
[14.233s] Installed /home/cadt-02/Documents/can_test_usb/ros2_can/build/my_robot
[14.233s] running install_data
[14.234s] copying resource/my_robot -> /home/cadt-02/Documents/can_test_usb/ros2_can/install/my_robot/share/ament_index/resource_index/packages
[14.234s] copying package.xml -> /home/cadt-02/Documents/can_test_usb/ros2_can/install/my_robot/share/my_robot
[18.365s] Invoked command in '/home/cadt-02/Documents/can_test_usb/ros2_can/build/my_robot' returned '0': PYTHONPATH=/home/cadt-02/Documents/can_test_usb/ros2_can/build/my_robot/prefix_override:/home/cadt-02/Documents/can_test_usb/ros2_can/install/my_robot/lib/python3.8/site-packages:${PYTHONPATH} /usr/bin/python3 setup.py develop --editable --build-directory /home/cadt-02/Documents/can_test_usb/ros2_can/build/my_robot/build --no-deps install_data
