[15.036s] Invoking command in '/home/cadt-02/Documents/can_test_usb/ros2_can/build/my_package': PYTHONPATH=/home/cadt-02/Documents/can_test_usb/ros2_can/build/my_package/prefix_override:/home/cadt-02/Documents/can_test_usb/ros2_can/install/my_package/lib/python3.8/site-packages:${PYTHONPATH} /usr/bin/python3 setup.py develop --editable --build-directory /home/cadt-02/Documents/can_test_usb/ros2_can/build/my_package/build --no-deps install_data
[15.412s] /home/cadt-02/.local/lib/python3.8/site-packages/setuptools/dist.py:476: SetuptoolsDeprecationWarning: Invalid dash-separated options
[15.413s] !!
[15.413s] 
[15.413s]         ********************************************************************************
[15.413s]         Usage of dash-separated 'build-base' will not be supported in future
[15.413s]         versions. Please use the underscore name 'build_base' instead.
[15.414s] 
[15.414s]         By 2024-Sep-26, you need to update your project and remove deprecated calls
[15.414s]         or your builds will no longer be supported.
[15.414s] 
[15.414s]         See https://setuptools.pypa.io/en/latest/userguide/declarative_config.html for details.
[15.414s]         ********************************************************************************
[15.414s] 
[15.414s] !!
[15.415s]   opt = self.warn_dash_deprecation(opt, section)
[15.958s] running develop
[15.959s] /home/cadt-02/.local/lib/python3.8/site-packages/setuptools/command/develop.py:42: EasyInstallDeprecationWarning: easy_install command is deprecated.
[15.959s] !!
[15.959s] 
[15.959s]         ********************************************************************************
[15.959s]         Please avoid running ``setup.py`` and ``easy_install``.
[15.959s]         Instead, use pypa/build, pypa/installer or other
[15.960s]         standards-based tools.
[15.960s] 
[15.960s]         See https://github.com/pypa/setuptools/issues/917 for details.
[15.960s]         ********************************************************************************
[15.960s] 
[15.960s] !!
[15.960s]   easy_install.initialize_options(self)
[16.054s] /home/cadt-02/.local/lib/python3.8/site-packages/setuptools/_distutils/cmd.py:66: SetuptoolsDeprecationWarning: setup.py install is deprecated.
[16.054s] !!
[16.054s] 
[16.054s]         ********************************************************************************
[16.055s]         Please avoid running ``setup.py`` directly.
[16.055s]         Instead, use pypa/build, pypa/installer or other
[16.055s]         standards-based tools.
[16.055s] 
[16.055s]         See https://blog.ganssle.io/articles/2021/10/setup-py-deprecated.html for details.
[16.055s]         ********************************************************************************
[16.055s] 
[16.055s] !!
[16.056s]   self.initialize_options()
[16.554s] running egg_info
[16.603s] writing my_package.egg-info/PKG-INFO
[16.604s] writing dependency_links to my_package.egg-info/dependency_links.txt
[16.605s] writing entry points to my_package.egg-info/entry_points.txt
[16.606s] writing requirements to my_package.egg-info/requires.txt
[16.608s] writing top-level names to my_package.egg-info/top_level.txt
[16.709s] reading manifest file 'my_package.egg-info/SOURCES.txt'
[16.711s] writing manifest file 'my_package.egg-info/SOURCES.txt'
[16.888s] running build_ext
[16.889s] Creating /home/cadt-02/Documents/can_test_usb/ros2_can/install/my_package/lib/python3.8/site-packages/my-package.egg-link (link to .)
[16.891s] Installing live_detection_node script to /home/cadt-02/Documents/can_test_usb/ros2_can/install/my_package/lib/my_package
[16.891s] Installing main script to /home/cadt-02/Documents/can_test_usb/ros2_can/install/my_package/lib/my_package
[16.893s] Installing my_node script to /home/cadt-02/Documents/can_test_usb/ros2_can/install/my_package/lib/my_package
[16.895s] Installing reinforcement_r2 script to /home/cadt-02/Documents/can_test_usb/ros2_can/install/my_package/lib/my_package
[16.896s] 
[16.897s] Installed /home/cadt-02/Documents/can_test_usb/ros2_can/build/my_package
[16.898s] running install_data
[16.899s] copying resource/my_package -> /home/cadt-02/Documents/can_test_usb/ros2_can/install/my_package/share/ament_index/resource_index/packages
[16.900s] copying package.xml -> /home/cadt-02/Documents/can_test_usb/ros2_can/install/my_package/share/my_package
[21.033s] Invoked command in '/home/cadt-02/Documents/can_test_usb/ros2_can/build/my_package' returned '0': PYTHONPATH=/home/cadt-02/Documents/can_test_usb/ros2_can/build/my_package/prefix_override:/home/cadt-02/Documents/can_test_usb/ros2_can/install/my_package/lib/python3.8/site-packages:${PYTHONPATH} /usr/bin/python3 setup.py develop --editable --build-directory /home/cadt-02/Documents/can_test_usb/ros2_can/build/my_package/build --no-deps install_data
