[10.715s] Invoking command in '/home/cadt-02/Documents/can_test_usb/ros2_can/build/odometry_cont': PYTHONPATH=/home/cadt-02/Documents/can_test_usb/ros2_can/build/odometry_cont/prefix_override:/home/cadt-02/Documents/can_test_usb/ros2_can/install/odometry_cont/lib/python3.8/site-packages:${PYTHONPATH} /usr/bin/python3 setup.py develop --editable --build-directory /home/cadt-02/Documents/can_test_usb/ros2_can/build/odometry_cont/build --no-deps install_data
[11.093s] /home/cadt-02/.local/lib/python3.8/site-packages/setuptools/dist.py:476: SetuptoolsDeprecationWarning: Invalid dash-separated options
[11.093s] !!
[11.093s] 
[11.093s]         ********************************************************************************
[11.093s]         Usage of dash-separated 'script-dir' will not be supported in future
[11.093s]         versions. Please use the underscore name 'script_dir' instead.
[11.094s] 
[11.094s]         By 2024-Sep-26, you need to update your project and remove deprecated calls
[11.094s]         or your builds will no longer be supported.
[11.094s] 
[11.094s]         See https://setuptools.pypa.io/en/latest/userguide/declarative_config.html for details.
[11.094s]         ********************************************************************************
[11.094s] 
[11.094s] !!
[11.095s]   opt = self.warn_dash_deprecation(opt, section)
[11.633s] running develop
[11.634s] /home/cadt-02/.local/lib/python3.8/site-packages/setuptools/command/develop.py:42: EasyInstallDeprecationWarning: easy_install command is deprecated.
[11.634s] !!
[11.634s] 
[11.634s]         ********************************************************************************
[11.634s]         Please avoid running ``setup.py`` and ``easy_install``.
[11.634s]         Instead, use pypa/build, pypa/installer or other
[11.634s]         standards-based tools.
[11.634s] 
[11.635s]         See https://github.com/pypa/setuptools/issues/917 for details.
[11.635s]         ********************************************************************************
[11.635s] 
[11.635s] !!
[11.635s]   easy_install.initialize_options(self)
[11.727s] /home/cadt-02/.local/lib/python3.8/site-packages/setuptools/_distutils/cmd.py:66: SetuptoolsDeprecationWarning: setup.py install is deprecated.
[11.727s] !!
[11.727s] 
[11.727s]         ********************************************************************************
[11.727s]         Please avoid running ``setup.py`` directly.
[11.727s]         Instead, use pypa/build, pypa/installer or other
[11.728s]         standards-based tools.
[11.728s] 
[11.728s]         See https://blog.ganssle.io/articles/2021/10/setup-py-deprecated.html for details.
[11.728s]         ********************************************************************************
[11.728s] 
[11.728s] !!
[11.728s]   self.initialize_options()
[12.213s] running egg_info
[12.269s] writing odometry_cont.egg-info/PKG-INFO
[12.272s] writing dependency_links to odometry_cont.egg-info/dependency_links.txt
[12.275s] writing entry points to odometry_cont.egg-info/entry_points.txt
[12.277s] writing requirements to odometry_cont.egg-info/requires.txt
[12.278s] writing top-level names to odometry_cont.egg-info/top_level.txt
[12.382s] reading manifest file 'odometry_cont.egg-info/SOURCES.txt'
[12.385s] writing manifest file 'odometry_cont.egg-info/SOURCES.txt'
[12.561s] running build_ext
[12.561s] Creating /home/cadt-02/Documents/can_test_usb/ros2_can/install/odometry_cont/lib/python3.8/site-packages/odometry-cont.egg-link (link to .)
[12.567s] Installing odometry_cont script to /home/cadt-02/Documents/can_test_usb/ros2_can/install/odometry_cont/lib/odometry_cont
[12.567s] 
[12.567s] Installed /home/cadt-02/Documents/can_test_usb/ros2_can/build/odometry_cont
[12.568s] running install_data
[12.568s] copying resource/odometry_cont -> /home/cadt-02/Documents/can_test_usb/ros2_can/install/odometry_cont/share/ament_index/resource_index/packages
[12.568s] copying package.xml -> /home/cadt-02/Documents/can_test_usb/ros2_can/install/odometry_cont/share/odometry_cont
[17.969s] Invoked command in '/home/cadt-02/Documents/can_test_usb/ros2_can/build/odometry_cont' returned '0': PYTHONPATH=/home/cadt-02/Documents/can_test_usb/ros2_can/build/odometry_cont/prefix_override:/home/cadt-02/Documents/can_test_usb/ros2_can/install/odometry_cont/lib/python3.8/site-packages:${PYTHONPATH} /usr/bin/python3 setup.py develop --editable --build-directory /home/cadt-02/Documents/can_test_usb/ros2_can/build/odometry_cont/build --no-deps install_data
