[12.489s] Invoking command in '/home/cadt-02/Documents/can_test_usb/ros2_can/build/my_robot': PYTHONPATH=/home/cadt-02/Documents/can_test_usb/ros2_can/build/my_robot/prefix_override:/home/cadt-02/Documents/can_test_usb/ros2_can/install/my_robot/lib/python3.8/site-packages:${PYTHONPATH} /usr/bin/python3 setup.py develop --editable --build-directory /home/cadt-02/Documents/can_test_usb/ros2_can/build/my_robot/build --no-deps install_data
[13.722s] running develop
[13.724s] /home/cadt-02/.local/lib/python3.8/site-packages/setuptools/dist.py:476: SetuptoolsDeprecationWarning: Invalid dash-separated options
[13.725s] !!
[13.726s] 
[13.728s]         ********************************************************************************
[13.729s]         Usage of dash-separated 'script-dir' will not be supported in future
[13.730s]         versions. Please use the underscore name 'script_dir' instead.
[13.730s] 
[13.730s]         By 2024-Sep-26, you need to update your project and remove deprecated calls
[13.731s]         or your builds will no longer be supported.
[13.731s] 
[13.731s]         See https://setuptools.pypa.io/en/latest/userguide/declarative_config.html for details.
[13.731s]         ********************************************************************************
[13.731s] 
[13.732s] !!
[13.732s]   opt = self.warn_dash_deprecation(opt, section)
[13.732s] /home/cadt-02/.local/lib/python3.8/site-packages/setuptools/command/develop.py:42: EasyInstallDeprecationWarning: easy_install command is deprecated.
[13.732s] !!
[13.732s] 
[13.732s]         ********************************************************************************
[13.732s]         Please avoid running ``setup.py`` and ``easy_install``.
[13.732s]         Instead, use pypa/build, pypa/installer or other
[13.733s]         standards-based tools.
[13.733s] 
[13.733s]         See https://github.com/pypa/setuptools/issues/917 for details.
[13.733s]         ********************************************************************************
[13.733s] 
[13.733s] !!
[13.733s]   easy_install.initialize_options(self)
[13.733s] /home/cadt-02/.local/lib/python3.8/site-packages/setuptools/_distutils/cmd.py:66: SetuptoolsDeprecationWarning: setup.py install is deprecated.
[13.734s] !!
[13.734s] 
[13.734s]         ********************************************************************************
[13.734s]         Please avoid running ``setup.py`` directly.
[13.734s]         Instead, use pypa/build, pypa/installer or other
[13.734s]         standards-based tools.
[13.734s] 
[13.735s]         See https://blog.ganssle.io/articles/2021/10/setup-py-deprecated.html for details.
[13.735s]         ********************************************************************************
[13.735s] 
[13.735s] !!
[13.735s]   self.initialize_options()
[13.938s] running egg_info
[13.979s] writing my_robot.egg-info/PKG-INFO
[13.981s] writing dependency_links to my_robot.egg-info/dependency_links.txt
[13.981s] writing entry points to my_robot.egg-info/entry_points.txt
[13.981s] writing requirements to my_robot.egg-info/requires.txt
[13.982s] writing top-level names to my_robot.egg-info/top_level.txt
[14.074s] reading manifest file 'my_robot.egg-info/SOURCES.txt'
[14.076s] writing manifest file 'my_robot.egg-info/SOURCES.txt'
[14.242s] running build_ext
[14.242s] Creating /home/cadt-02/Documents/can_test_usb/ros2_can/install/my_robot/lib/python3.8/site-packages/my-robot.egg-link (link to .)
[14.244s] Installing my_robot script to /home/cadt-02/Documents/can_test_usb/ros2_can/install/my_robot/lib/my_robot
[14.246s] 
[14.246s] Installed /home/cadt-02/Documents/can_test_usb/ros2_can/build/my_robot
[14.246s] running install_data
[14.247s] copying resource/my_robot -> /home/cadt-02/Documents/can_test_usb/ros2_can/install/my_robot/share/ament_index/resource_index/packages
[14.247s] copying package.xml -> /home/cadt-02/Documents/can_test_usb/ros2_can/install/my_robot/share/my_robot
[19.985s] Invoked command in '/home/cadt-02/Documents/can_test_usb/ros2_can/build/my_robot' returned '0': PYTHONPATH=/home/cadt-02/Documents/can_test_usb/ros2_can/build/my_robot/prefix_override:/home/cadt-02/Documents/can_test_usb/ros2_can/install/my_robot/lib/python3.8/site-packages:${PYTHONPATH} /usr/bin/python3 setup.py develop --editable --build-directory /home/cadt-02/Documents/can_test_usb/ros2_can/build/my_robot/build --no-deps install_data
