[18.084s] Invoking command in '/home/cadt-02/Documents/can_test_usb/ros2_can/build/odometry_cont': PYTHONPATH=/home/cadt-02/Documents/can_test_usb/ros2_can/build/odometry_cont/prefix_override:/home/cadt-02/Documents/can_test_usb/ros2_can/install/odometry_cont/lib/python3.8/site-packages:${PYTHONPATH} /usr/bin/python3 setup.py develop --editable --build-directory /home/cadt-02/Documents/can_test_usb/ros2_can/build/odometry_cont/build --no-deps install_data
[18.472s] /home/cadt-02/.local/lib/python3.8/site-packages/setuptools/dist.py:476: SetuptoolsDeprecationWarning: Invalid dash-separated options
[18.473s] !!
[18.473s] 
[18.473s]         ********************************************************************************
[18.473s]         Usage of dash-separated 'script-dir' will not be supported in future
[18.474s]         versions. Please use the underscore name 'script_dir' instead.
[18.474s] 
[18.474s]         By 2024-Sep-26, you need to update your project and remove deprecated calls
[18.474s]         or your builds will no longer be supported.
[18.475s] 
[18.475s]         See https://setuptools.pypa.io/en/latest/userguide/declarative_config.html for details.
[18.475s]         ********************************************************************************
[18.475s] 
[18.476s] !!
[18.476s]   opt = self.warn_dash_deprecation(opt, section)
[19.009s] running develop
[19.009s] /home/cadt-02/.local/lib/python3.8/site-packages/setuptools/command/develop.py:42: EasyInstallDeprecationWarning: easy_install command is deprecated.
[19.010s] !!
[19.010s] 
[19.010s]         ********************************************************************************
[19.011s]         Please avoid running ``setup.py`` and ``easy_install``.
[19.011s]         Instead, use pypa/build, pypa/installer or other
[19.011s]         standards-based tools.
[19.011s] 
[19.012s]         See https://github.com/pypa/setuptools/issues/917 for details.
[19.012s]         ********************************************************************************
[19.012s] 
[19.012s] !!
[19.013s]   easy_install.initialize_options(self)
[19.103s] /home/cadt-02/.local/lib/python3.8/site-packages/setuptools/_distutils/cmd.py:66: SetuptoolsDeprecationWarning: setup.py install is deprecated.
[19.104s] !!
[19.104s] 
[19.105s]         ********************************************************************************
[19.105s]         Please avoid running ``setup.py`` directly.
[19.105s]         Instead, use pypa/build, pypa/installer or other
[19.105s]         standards-based tools.
[19.106s] 
[19.110s]         See https://blog.ganssle.io/articles/2021/10/setup-py-deprecated.html for details.
[19.111s]         ********************************************************************************
[19.111s] 
[19.111s] !!
[19.111s]   self.initialize_options()
[19.599s] running egg_info
[19.645s] writing odometry_cont.egg-info/PKG-INFO
[19.646s] writing dependency_links to odometry_cont.egg-info/dependency_links.txt
[19.648s] writing entry points to odometry_cont.egg-info/entry_points.txt
[19.649s] writing requirements to odometry_cont.egg-info/requires.txt
[19.650s] writing top-level names to odometry_cont.egg-info/top_level.txt
[19.749s] reading manifest file 'odometry_cont.egg-info/SOURCES.txt'
[19.750s] writing manifest file 'odometry_cont.egg-info/SOURCES.txt'
[19.921s] running build_ext
[19.922s] Creating /home/cadt-02/Documents/can_test_usb/ros2_can/install/odometry_cont/lib/python3.8/site-packages/odometry-cont.egg-link (link to .)
[19.924s] Installing localization script to /home/cadt-02/Documents/can_test_usb/ros2_can/install/odometry_cont/lib/odometry_cont
[19.925s] Installing odometry_cont script to /home/cadt-02/Documents/can_test_usb/ros2_can/install/odometry_cont/lib/odometry_cont
[19.926s] 
[19.926s] Installed /home/cadt-02/Documents/can_test_usb/ros2_can/build/odometry_cont
[19.926s] running install_data
[19.926s] copying resource/odometry_cont -> /home/cadt-02/Documents/can_test_usb/ros2_can/install/odometry_cont/share/ament_index/resource_index/packages
[19.927s] copying package.xml -> /home/cadt-02/Documents/can_test_usb/ros2_can/install/odometry_cont/share/odometry_cont
[20.106s] Invoked command in '/home/cadt-02/Documents/can_test_usb/ros2_can/build/odometry_cont' returned '0': PYTHONPATH=/home/cadt-02/Documents/can_test_usb/ros2_can/build/odometry_cont/prefix_override:/home/cadt-02/Documents/can_test_usb/ros2_can/install/odometry_cont/lib/python3.8/site-packages:${PYTHONPATH} /usr/bin/python3 setup.py develop --editable --build-directory /home/cadt-02/Documents/can_test_usb/ros2_can/build/odometry_cont/build --no-deps install_data
