[13.685s] Invoking command in '/home/cadt-02/Documents/can_test_usb/ros2_can/build/odometry': NX_CONNECTION=172.23.33.204 63376 172.23.34.34 4000 PYTHONPATH=/home/cadt-02/Documents/can_test_usb/ros2_can/build/odometry/prefix_override:/home/cadt-02/Documents/can_test_usb/ros2_can/install/odometry/lib/python3.8/site-packages:${PYTHONPATH} /usr/bin/python3 setup.py develop --editable --build-directory /home/cadt-02/Documents/can_test_usb/ros2_can/build/odometry/build --no-deps install_data
[14.085s] /home/cadt-02/.local/lib/python3.8/site-packages/setuptools/dist.py:476: SetuptoolsDeprecationWarning: Invalid dash-separated options
[14.085s] !!
[14.086s] 
[14.086s]         ********************************************************************************
[14.086s]         Usage of dash-separated 'script-dir' will not be supported in future
[14.086s]         versions. Please use the underscore name 'script_dir' instead.
[14.086s] 
[14.086s]         By 2024-Sep-26, you need to update your project and remove deprecated calls
[14.087s]         or your builds will no longer be supported.
[14.087s] 
[14.087s]         See https://setuptools.pypa.io/en/latest/userguide/declarative_config.html for details.
[14.087s]         ********************************************************************************
[14.087s] 
[14.087s] !!
[14.087s]   opt = self.warn_dash_deprecation(opt, section)
[14.642s] running develop
[14.643s] /home/cadt-02/.local/lib/python3.8/site-packages/setuptools/command/develop.py:42: EasyInstallDeprecationWarning: easy_install command is deprecated.
[14.643s] !!
[14.643s] 
[14.643s]         ********************************************************************************
[14.643s]         Please avoid running ``setup.py`` and ``easy_install``.
[14.644s]         Instead, use pypa/build, pypa/installer or other
[14.644s]         standards-based tools.
[14.644s] 
[14.644s]         See https://github.com/pypa/setuptools/issues/917 for details.
[14.644s]         ********************************************************************************
[14.644s] 
[14.645s] !!
[14.645s]   easy_install.initialize_options(self)
[14.743s] /home/cadt-02/.local/lib/python3.8/site-packages/setuptools/_distutils/cmd.py:66: SetuptoolsDeprecationWarning: setup.py install is deprecated.
[14.743s] !!
[14.743s] 
[14.743s]         ********************************************************************************
[14.743s]         Please avoid running ``setup.py`` directly.
[14.744s]         Instead, use pypa/build, pypa/installer or other
[14.744s]         standards-based tools.
[14.746s] 
[14.747s]         See https://blog.ganssle.io/articles/2021/10/setup-py-deprecated.html for details.
[14.747s]         ********************************************************************************
[14.747s] 
[14.747s] !!
[14.747s]   self.initialize_options()
[15.270s] running egg_info
[15.312s] writing odometry.egg-info/PKG-INFO
[15.314s] writing dependency_links to odometry.egg-info/dependency_links.txt
[15.314s] writing entry points to odometry.egg-info/entry_points.txt
[15.315s] writing requirements to odometry.egg-info/requires.txt
[15.315s] writing top-level names to odometry.egg-info/top_level.txt
[15.419s] reading manifest file 'odometry.egg-info/SOURCES.txt'
[15.422s] writing manifest file 'odometry.egg-info/SOURCES.txt'
[15.618s] running build_ext
[15.619s] Creating /home/cadt-02/Documents/can_test_usb/ros2_can/install/odometry/lib/python3.8/site-packages/odometry.egg-link (link to .)
[15.634s] Installing odometry script to /home/cadt-02/Documents/can_test_usb/ros2_can/install/odometry/lib/odometry
[15.634s] 
[15.634s] Installed /home/cadt-02/Documents/can_test_usb/ros2_can/build/odometry
[15.634s] running install_data
[15.634s] copying resource/odometry -> /home/cadt-02/Documents/can_test_usb/ros2_can/install/odometry/share/ament_index/resource_index/packages
[15.634s] copying package.xml -> /home/cadt-02/Documents/can_test_usb/ros2_can/install/odometry/share/odometry
[18.131s] Invoked command in '/home/cadt-02/Documents/can_test_usb/ros2_can/build/odometry' returned '0': NX_CONNECTION=172.23.33.204 63376 172.23.34.34 4000 PYTHONPATH=/home/cadt-02/Documents/can_test_usb/ros2_can/build/odometry/prefix_override:/home/cadt-02/Documents/can_test_usb/ros2_can/install/odometry/lib/python3.8/site-packages:${PYTHONPATH} /usr/bin/python3 setup.py develop --editable --build-directory /home/cadt-02/Documents/can_test_usb/ros2_can/build/odometry/build --no-deps install_data
