[8.412s] Invoking command in '/home/cadt-02/Documents/can_test_usb/ros2_can/build/cadt02_interfaces': CMAKE_PREFIX_PATH=${CMAKE_PREFIX_PATH}:/home/cadt-02/Documents/can_test_usb/ros2_can/install/odometry_cont:/home/cadt-02/Documents/can_test_usb/ros2_can/install/ros_imu:/home/cadt-02/Documents/can_test_usb/ros2_can/install/my_robot:/home/cadt-02/Documents/can_test_usb/ros2_can/install/my_package:/home/cadt-02/Documents/can_test_usb/ros2_can/install/movement:/home/cadt-02/Documents/can_test_usb/ros2_can/install/keyboard_publisher:/home/cadt-02/Documents/can_test_usb/ros2_can/install/keyboard_listener:/opt/ros/foxy /home/cadt-02/.local/bin/cmake /home/cadt-02/Documents/can_test_usb/ros2_can/src/cadt02_interfaces -DAMENT_CMAKE_SYMLINK_INSTALL=1 -DCMAKE_INSTALL_PREFIX=/home/cadt-02/Documents/can_test_usb/ros2_can/install/cadt02_interfaces
[15.963s] -- Found ament_cmake: 0.9.12 (/opt/ros/foxy/share/ament_cmake/cmake)
[15.964s] -- Found PythonInterp: /usr/bin/python3 (found suitable version "3.8.10", minimum required is "3") 
[15.965s] -- Using PYTHON_EXECUTABLE: /usr/bin/python3
[15.965s] -- Override CMake install command with custom implementation using symlinks instead of copying resources
[15.966s] -- Found rosidl_default_generators: 1.0.1 (/opt/ros/foxy/share/rosidl_default_generators/cmake)
[15.967s] -- Using all available rosidl_typesupport_c: rosidl_typesupport_fastrtps_c;rosidl_typesupport_introspection_c
[15.967s] -- Found rosidl_adapter: 1.3.1 (/opt/ros/foxy/share/rosidl_adapter/cmake)
[15.969s] -- Using all available rosidl_typesupport_cpp: rosidl_typesupport_fastrtps_cpp;rosidl_typesupport_introspection_cpp
[15.972s] -- Found PythonInterp: /usr/bin/python3 (found version "3.8.10") 
[15.973s] -- Found ament_cmake_ros: 0.9.2 (/opt/ros/foxy/share/ament_cmake_ros/cmake)
[15.973s] -- Using all available rosidl_typesupport_c: rosidl_typesupport_fastrtps_c;rosidl_typesupport_introspection_c
[15.973s] -- Using all available rosidl_typesupport_cpp: rosidl_typesupport_fastrtps_cpp;rosidl_typesupport_introspection_cpp
[15.974s] -- Found PythonInterp: /usr/bin/python3 (found suitable version "3.8.10", minimum required is "3.5") 
[15.974s] -- Found python_cmake_module: 0.8.1 (/opt/ros/foxy/share/python_cmake_module/cmake)
[15.974s] -- Using PYTHON_EXECUTABLE: /usr/bin/python3
[15.975s] -- Using PYTHON_INCLUDE_DIRS: /usr/include/python3.8
[15.977s] -- Using PYTHON_LIBRARIES: /usr/lib/aarch64-linux-gnu/libpython3.8.so
[15.978s] -- Configuring done (1.8s)
[15.978s] -- Generating done (0.1s)
[15.979s] -- Build files have been written to: /home/cadt-02/Documents/can_test_usb/ros2_can/build/cadt02_interfaces
[15.979s] [33mCMake Warning (dev) at /opt/ros/foxy/share/ament_cmake_core/cmake/core/python.cmake:22 (find_package):
[15.980s]   Policy CMP0148 is not set: The FindPythonInterp and FindPythonLibs modules
[15.980s]   are removed.  Run "cmake --help-policy CMP0148" for policy details.  Use
[15.981s]   the cmake_policy command to set the policy and suppress this warning.
[15.984s] 
[15.984s] Call Stack (most recent call first):
[15.984s]   /opt/ros/foxy/share/ament_cmake_core/cmake/core/all.cmake:53 (include)
[15.985s]   /opt/ros/foxy/share/ament_cmake_core/cmake/ament_cmake_core-extras.cmake:17 (include)
[15.985s]   /opt/ros/foxy/share/ament_cmake_core/cmake/ament_cmake_coreConfig.cmake:41 (include)
[15.985s]   /opt/ros/foxy/share/ament_cmake/cmake/ament_cmake_export_dependencies-extras.cmake:15 (find_package)
[15.986s]   /opt/ros/foxy/share/ament_cmake/cmake/ament_cmakeConfig.cmake:41 (include)
[15.987s]   CMakeLists.txt:19 (find_package)
[15.987s] This warning is for project developers.  Use -Wno-dev to suppress it.
[15.988s] [0m
[15.988s] [33mCMake Warning (dev) at /opt/ros/foxy/share/rosidl_adapter/cmake/rosidl_adapt_interfaces.cmake:40 (find_package):
[15.989s]   Policy CMP0148 is not set: The FindPythonInterp and FindPythonLibs modules
[15.989s]   are removed.  Run "cmake --help-policy CMP0148" for policy details.  Use
[15.990s]   the cmake_policy command to set the policy and suppress this warning.
[15.993s] 
[15.993s] Call Stack (most recent call first):
[15.993s]   /opt/ros/foxy/share/rosidl_cmake/cmake/rosidl_generate_interfaces.cmake:130 (rosidl_adapt_interfaces)
[15.993s]   CMakeLists.txt:22 (rosidl_generate_interfaces)
[15.994s] This warning is for project developers.  Use -Wno-dev to suppress it.
[15.994s] [0m
[15.994s] [33mCMake Warning (dev) at /opt/ros/foxy/share/rosidl_generator_py/cmake/rosidl_generator_py_generate_interfaces.cmake:20 (find_package):
[15.994s]   Policy CMP0148 is not set: The FindPythonInterp and FindPythonLibs modules
[15.996s]   are removed.  Run "cmake --help-policy CMP0148" for policy details.  Use
[15.996s]   the cmake_policy command to set the policy and suppress this warning.
[15.996s] 
[15.997s] Call Stack (most recent call first):
[15.998s]   /opt/ros/foxy/share/ament_cmake_core/cmake/core/ament_execute_extensions.cmake:48 (include)
[15.998s]   /opt/ros/foxy/share/rosidl_cmake/cmake/rosidl_generate_interfaces.cmake:286 (ament_execute_extensions)
[15.998s]   CMakeLists.txt:22 (rosidl_generate_interfaces)
[15.998s] This warning is for project developers.  Use -Wno-dev to suppress it.
[15.999s] [0m
[15.999s] [33mCMake Warning (dev) at /opt/ros/foxy/share/python_cmake_module/cmake/Modules/FindPythonExtra.cmake:45 (find_package):
[15.999s]   Policy CMP0148 is not set: The FindPythonInterp and FindPythonLibs modules
[15.999s]   are removed.  Run "cmake --help-policy CMP0148" for policy details.  Use
[15.999s]   the cmake_policy command to set the policy and suppress this warning.
[15.999s] 
[15.999s] Call Stack (most recent call first):
[16.000s]   /opt/ros/foxy/share/rosidl_generator_py/cmake/rosidl_generator_py_generate_interfaces.cmake:23 (find_package)
[16.000s]   /opt/ros/foxy/share/ament_cmake_core/cmake/core/ament_execute_extensions.cmake:48 (include)
[16.000s]   /opt/ros/foxy/share/rosidl_cmake/cmake/rosidl_generate_interfaces.cmake:286 (ament_execute_extensions)
[16.000s]   CMakeLists.txt:22 (rosidl_generate_interfaces)
[16.000s] This warning is for project developers.  Use -Wno-dev to suppress it.
[16.000s] [0m
[16.000s] [33mCMake Warning (dev) at /opt/ros/foxy/share/python_cmake_module/cmake/Modules/FindPythonExtra.cmake:133 (find_package):
[16.000s]   Policy CMP0148 is not set: The FindPythonInterp and FindPythonLibs modules
[16.001s]   are removed.  Run "cmake --help-policy CMP0148" for policy details.  Use
[16.001s]   the cmake_policy command to set the policy and suppress this warning.
[16.001s] 
[16.001s] Call Stack (most recent call first):
[16.001s]   /opt/ros/foxy/share/rosidl_generator_py/cmake/rosidl_generator_py_generate_interfaces.cmake:23 (find_package)
[16.001s]   /opt/ros/foxy/share/ament_cmake_core/cmake/core/ament_execute_extensions.cmake:48 (include)
[16.001s]   /opt/ros/foxy/share/rosidl_cmake/cmake/rosidl_generate_interfaces.cmake:286 (ament_execute_extensions)
[16.002s]   CMakeLists.txt:22 (rosidl_generate_interfaces)
[16.002s] This warning is for project developers.  Use -Wno-dev to suppress it.
[16.002s] [0m
[16.002s] Invoked command in '/home/cadt-02/Documents/can_test_usb/ros2_can/build/cadt02_interfaces' returned '0': CMAKE_PREFIX_PATH=${CMAKE_PREFIX_PATH}:/home/cadt-02/Documents/can_test_usb/ros2_can/install/odometry_cont:/home/cadt-02/Documents/can_test_usb/ros2_can/install/ros_imu:/home/cadt-02/Documents/can_test_usb/ros2_can/install/my_robot:/home/cadt-02/Documents/can_test_usb/ros2_can/install/my_package:/home/cadt-02/Documents/can_test_usb/ros2_can/install/movement:/home/cadt-02/Documents/can_test_usb/ros2_can/install/keyboard_publisher:/home/cadt-02/Documents/can_test_usb/ros2_can/install/keyboard_listener:/opt/ros/foxy /home/cadt-02/.local/bin/cmake /home/cadt-02/Documents/can_test_usb/ros2_can/src/cadt02_interfaces -DAMENT_CMAKE_SYMLINK_INSTALL=1 -DCMAKE_INSTALL_PREFIX=/home/cadt-02/Documents/can_test_usb/ros2_can/install/cadt02_interfaces
[16.004s] Invoking command in '/home/cadt-02/Documents/can_test_usb/ros2_can/build/cadt02_interfaces': CMAKE_PREFIX_PATH=${CMAKE_PREFIX_PATH}:/home/cadt-02/Documents/can_test_usb/ros2_can/install/odometry_cont:/home/cadt-02/Documents/can_test_usb/ros2_can/install/ros_imu:/home/cadt-02/Documents/can_test_usb/ros2_can/install/my_robot:/home/cadt-02/Documents/can_test_usb/ros2_can/install/my_package:/home/cadt-02/Documents/can_test_usb/ros2_can/install/movement:/home/cadt-02/Documents/can_test_usb/ros2_can/install/keyboard_publisher:/home/cadt-02/Documents/can_test_usb/ros2_can/install/keyboard_listener:/opt/ros/foxy /home/cadt-02/.local/bin/cmake --build /home/cadt-02/Documents/can_test_usb/ros2_can/build/cadt02_interfaces -- -j6 -l6
[16.108s] [  9%] Built target cadt02_interfaces__rosidl_generator_c
[16.116s] [ 12%] Built target cadt02_interfaces__cpp
[16.172s] [ 22%] Built target cadt02_interfaces__rosidl_typesupport_introspection_c
[16.187s] [ 32%] Built target cadt02_interfaces__rosidl_typesupport_fastrtps_cpp
[16.192s] [ 41%] Built target cadt02_interfaces__rosidl_typesupport_c
[16.199s] [ 51%] Built target cadt02_interfaces__rosidl_typesupport_introspection_cpp
[16.208s] [ 61%] Built target cadt02_interfaces__rosidl_typesupport_cpp
[16.262s] [ 70%] Built target cadt02_interfaces__rosidl_typesupport_fastrtps_c
[16.340s] [ 70%] Built target cadt02_interfaces
[16.364s] [ 74%] Built target cadt02_interfaces__py
[16.403s] [ 80%] Built target cadt02_interfaces__python
[16.478s] [ 87%] Built target cadt02_interfaces__rosidl_typesupport_introspection_c__pyext
[16.484s] [ 93%] Built target cadt02_interfaces__rosidl_typesupport_c__pyext
[16.490s] [100%] Built target cadt02_interfaces__rosidl_typesupport_fastrtps_c__pyext
[16.523s] Invoked command in '/home/cadt-02/Documents/can_test_usb/ros2_can/build/cadt02_interfaces' returned '0': CMAKE_PREFIX_PATH=${CMAKE_PREFIX_PATH}:/home/cadt-02/Documents/can_test_usb/ros2_can/install/odometry_cont:/home/cadt-02/Documents/can_test_usb/ros2_can/install/ros_imu:/home/cadt-02/Documents/can_test_usb/ros2_can/install/my_robot:/home/cadt-02/Documents/can_test_usb/ros2_can/install/my_package:/home/cadt-02/Documents/can_test_usb/ros2_can/install/movement:/home/cadt-02/Documents/can_test_usb/ros2_can/install/keyboard_publisher:/home/cadt-02/Documents/can_test_usb/ros2_can/install/keyboard_listener:/opt/ros/foxy /home/cadt-02/.local/bin/cmake --build /home/cadt-02/Documents/can_test_usb/ros2_can/build/cadt02_interfaces -- -j6 -l6
[16.897s] Invoking command in '/home/cadt-02/Documents/can_test_usb/ros2_can/build/cadt02_interfaces': CMAKE_PREFIX_PATH=${CMAKE_PREFIX_PATH}:/home/cadt-02/Documents/can_test_usb/ros2_can/install/odometry_cont:/home/cadt-02/Documents/can_test_usb/ros2_can/install/ros_imu:/home/cadt-02/Documents/can_test_usb/ros2_can/install/my_robot:/home/cadt-02/Documents/can_test_usb/ros2_can/install/my_package:/home/cadt-02/Documents/can_test_usb/ros2_can/install/movement:/home/cadt-02/Documents/can_test_usb/ros2_can/install/keyboard_publisher:/home/cadt-02/Documents/can_test_usb/ros2_can/install/keyboard_listener:/opt/ros/foxy /home/cadt-02/.local/bin/cmake --install /home/cadt-02/Documents/can_test_usb/ros2_can/build/cadt02_interfaces
[17.066s] -- Install configuration: ""
[17.068s] -- Execute custom install script
[17.068s] -- Up-to-date symlink: /home/cadt-02/Documents/can_test_usb/ros2_can/install/cadt02_interfaces/share/ament_index/resource_index/rosidl_interfaces/cadt02_interfaces
[17.069s] -- Up-to-date symlink: /home/cadt-02/Documents/can_test_usb/ros2_can/install/cadt02_interfaces/include/cadt02_interfaces/msg/detail/way_point__functions.h
[17.070s] -- Up-to-date symlink: /home/cadt-02/Documents/can_test_usb/ros2_can/install/cadt02_interfaces/include/cadt02_interfaces/msg/detail/way_point__struct.h
[17.070s] -- Up-to-date symlink: /home/cadt-02/Documents/can_test_usb/ros2_can/install/cadt02_interfaces/include/cadt02_interfaces/msg/detail/way_point__type_support.h
[17.070s] -- Up-to-date symlink: /home/cadt-02/Documents/can_test_usb/ros2_can/install/cadt02_interfaces/include/cadt02_interfaces/msg/rosidl_generator_c__visibility_control.h
[17.071s] -- Up-to-date symlink: /home/cadt-02/Documents/can_test_usb/ros2_can/install/cadt02_interfaces/include/cadt02_interfaces/msg/way_point.h
[17.083s] -- Up-to-date symlink: /home/cadt-02/Documents/can_test_usb/ros2_can/install/cadt02_interfaces/share/cadt02_interfaces/environment/library_path.sh
[17.083s] -- Up-to-date symlink: /home/cadt-02/Documents/can_test_usb/ros2_can/install/cadt02_interfaces/share/cadt02_interfaces/environment/library_path.dsv
[17.084s] -- Up-to-date symlink: /home/cadt-02/Documents/can_test_usb/ros2_can/install/cadt02_interfaces/include/cadt02_interfaces/msg/detail/way_point__rosidl_typesupport_fastrtps_c.h
[17.085s] -- Up-to-date symlink: /home/cadt-02/Documents/can_test_usb/ros2_can/install/cadt02_interfaces/include/cadt02_interfaces/msg/rosidl_typesupport_fastrtps_c__visibility_control.h
[17.085s] -- Up-to-date symlink: /home/cadt-02/Documents/can_test_usb/ros2_can/install/cadt02_interfaces/lib/libcadt02_interfaces__rosidl_typesupport_fastrtps_c.so
[17.086s] -- Up-to-date symlink: /home/cadt-02/Documents/can_test_usb/ros2_can/install/cadt02_interfaces/include/cadt02_interfaces/msg/detail/way_point__rosidl_typesupport_fastrtps_cpp.hpp
[17.087s] -- Up-to-date symlink: /home/cadt-02/Documents/can_test_usb/ros2_can/install/cadt02_interfaces/include/cadt02_interfaces/msg/rosidl_typesupport_fastrtps_cpp__visibility_control.h
[17.092s] -- Up-to-date symlink: /home/cadt-02/Documents/can_test_usb/ros2_can/install/cadt02_interfaces/lib/libcadt02_interfaces__rosidl_typesupport_fastrtps_cpp.so
[17.093s] -- Up-to-date symlink: /home/cadt-02/Documents/can_test_usb/ros2_can/install/cadt02_interfaces/include/cadt02_interfaces/msg/detail/way_point__rosidl_typesupport_introspection_c.h
[17.093s] -- Up-to-date symlink: /home/cadt-02/Documents/can_test_usb/ros2_can/install/cadt02_interfaces/include/cadt02_interfaces/msg/rosidl_typesupport_introspection_c__visibility_control.h
[17.094s] -- Up-to-date symlink: /home/cadt-02/Documents/can_test_usb/ros2_can/install/cadt02_interfaces/include/cadt02_interfaces/msg/detail/way_point__builder.hpp
[17.094s] -- Up-to-date symlink: /home/cadt-02/Documents/can_test_usb/ros2_can/install/cadt02_interfaces/include/cadt02_interfaces/msg/detail/way_point__struct.hpp
[17.094s] -- Up-to-date symlink: /home/cadt-02/Documents/can_test_usb/ros2_can/install/cadt02_interfaces/include/cadt02_interfaces/msg/detail/way_point__traits.hpp
[17.095s] -- Up-to-date symlink: /home/cadt-02/Documents/can_test_usb/ros2_can/install/cadt02_interfaces/include/cadt02_interfaces/msg/detail/way_point__type_support.hpp
[17.100s] -- Up-to-date symlink: /home/cadt-02/Documents/can_test_usb/ros2_can/install/cadt02_interfaces/include/cadt02_interfaces/msg/rosidl_generator_cpp__visibility_control.hpp
[17.100s] -- Up-to-date symlink: /home/cadt-02/Documents/can_test_usb/ros2_can/install/cadt02_interfaces/include/cadt02_interfaces/msg/way_point.hpp
[17.101s] -- Up-to-date symlink: /home/cadt-02/Documents/can_test_usb/ros2_can/install/cadt02_interfaces/include/cadt02_interfaces/msg/detail/way_point__rosidl_typesupport_introspection_cpp.hpp
[17.101s] -- Up-to-date symlink: /home/cadt-02/Documents/can_test_usb/ros2_can/install/cadt02_interfaces/share/cadt02_interfaces/environment/pythonpath.sh
[17.101s] -- Up-to-date symlink: /home/cadt-02/Documents/can_test_usb/ros2_can/install/cadt02_interfaces/share/cadt02_interfaces/environment/pythonpath.dsv
[17.102s] -- Up-to-date symlink: /home/cadt-02/Documents/can_test_usb/ros2_can/install/cadt02_interfaces/lib/python3.8/site-packages/cadt02_interfaces/__init__.py
[17.103s] -- Up-to-date symlink: /home/cadt-02/Documents/can_test_usb/ros2_can/install/cadt02_interfaces/lib/python3.8/site-packages/cadt02_interfaces/msg/__init__.py
[17.111s] -- Up-to-date symlink: /home/cadt-02/Documents/can_test_usb/ros2_can/install/cadt02_interfaces/lib/python3.8/site-packages/cadt02_interfaces/msg/_way_point.py
[17.113s] -- Up-to-date symlink: /home/cadt-02/Documents/can_test_usb/ros2_can/install/cadt02_interfaces/lib/python3.8/site-packages/cadt02_interfaces/cadt02_interfaces_s__rosidl_typesupport_fastrtps_c.cpython-38-aarch64-linux-gnu.so
[17.114s] -- Up-to-date symlink: /home/cadt-02/Documents/can_test_usb/ros2_can/install/cadt02_interfaces/lib/python3.8/site-packages/cadt02_interfaces/cadt02_interfaces_s__rosidl_typesupport_introspection_c.cpython-38-aarch64-linux-gnu.so
[17.115s] -- Up-to-date symlink: /home/cadt-02/Documents/can_test_usb/ros2_can/install/cadt02_interfaces/lib/python3.8/site-packages/cadt02_interfaces/cadt02_interfaces_s__rosidl_typesupport_c.cpython-38-aarch64-linux-gnu.so
[17.115s] -- Up-to-date symlink: /home/cadt-02/Documents/can_test_usb/ros2_can/install/cadt02_interfaces/lib/libcadt02_interfaces__python.so
[17.116s] -- Up-to-date symlink: /home/cadt-02/Documents/can_test_usb/ros2_can/install/cadt02_interfaces/share/cadt02_interfaces/msg/WayPoint.idl
[17.116s] -- Up-to-date symlink: /home/cadt-02/Documents/can_test_usb/ros2_can/install/cadt02_interfaces/share/cadt02_interfaces/msg/WayPoint.msg
[17.117s] -- Up-to-date symlink: /home/cadt-02/Documents/can_test_usb/ros2_can/install/cadt02_interfaces/share/ament_index/resource_index/package_run_dependencies/cadt02_interfaces
[17.117s] -- Up-to-date symlink: /home/cadt-02/Documents/can_test_usb/ros2_can/install/cadt02_interfaces/share/ament_index/resource_index/parent_prefix_path/cadt02_interfaces
[17.117s] -- Up-to-date symlink: /home/cadt-02/Documents/can_test_usb/ros2_can/install/cadt02_interfaces/share/cadt02_interfaces/environment/ament_prefix_path.sh
[17.118s] -- Up-to-date symlink: /home/cadt-02/Documents/can_test_usb/ros2_can/install/cadt02_interfaces/share/cadt02_interfaces/environment/ament_prefix_path.dsv
[17.118s] -- Up-to-date symlink: /home/cadt-02/Documents/can_test_usb/ros2_can/install/cadt02_interfaces/share/cadt02_interfaces/environment/path.sh
[17.119s] -- Up-to-date symlink: /home/cadt-02/Documents/can_test_usb/ros2_can/install/cadt02_interfaces/share/cadt02_interfaces/environment/path.dsv
[17.119s] -- Up-to-date symlink: /home/cadt-02/Documents/can_test_usb/ros2_can/install/cadt02_interfaces/share/cadt02_interfaces/local_setup.bash
[17.119s] -- Up-to-date symlink: /home/cadt-02/Documents/can_test_usb/ros2_can/install/cadt02_interfaces/share/cadt02_interfaces/local_setup.sh
[17.120s] -- Up-to-date symlink: /home/cadt-02/Documents/can_test_usb/ros2_can/install/cadt02_interfaces/share/cadt02_interfaces/local_setup.zsh
[17.120s] -- Up-to-date symlink: /home/cadt-02/Documents/can_test_usb/ros2_can/install/cadt02_interfaces/share/cadt02_interfaces/local_setup.dsv
[17.120s] -- Symlinking: /home/cadt-02/Documents/can_test_usb/ros2_can/install/cadt02_interfaces/share/cadt02_interfaces/package.dsv
[17.144s] -- Up-to-date symlink: /home/cadt-02/Documents/can_test_usb/ros2_can/install/cadt02_interfaces/share/ament_index/resource_index/packages/cadt02_interfaces
[17.145s] -- Up-to-date symlink: /home/cadt-02/Documents/can_test_usb/ros2_can/install/cadt02_interfaces/share/cadt02_interfaces/cmake/rosidl_cmake-extras.cmake
[17.145s] -- Up-to-date symlink: /home/cadt-02/Documents/can_test_usb/ros2_can/install/cadt02_interfaces/share/cadt02_interfaces/cmake/ament_cmake_export_dependencies-extras.cmake
[17.146s] -- Up-to-date symlink: /home/cadt-02/Documents/can_test_usb/ros2_can/install/cadt02_interfaces/share/cadt02_interfaces/cmake/ament_cmake_export_libraries-extras.cmake
[17.146s] -- Up-to-date symlink: /home/cadt-02/Documents/can_test_usb/ros2_can/install/cadt02_interfaces/share/cadt02_interfaces/cmake/ament_cmake_export_targets-extras.cmake
[17.147s] -- Up-to-date symlink: /home/cadt-02/Documents/can_test_usb/ros2_can/install/cadt02_interfaces/share/cadt02_interfaces/cmake/ament_cmake_export_include_directories-extras.cmake
[17.147s] -- Up-to-date symlink: /home/cadt-02/Documents/can_test_usb/ros2_can/install/cadt02_interfaces/share/cadt02_interfaces/cmake/rosidl_cmake_export_typesupport_libraries-extras.cmake
[17.147s] -- Up-to-date symlink: /home/cadt-02/Documents/can_test_usb/ros2_can/install/cadt02_interfaces/share/cadt02_interfaces/cmake/rosidl_cmake_export_typesupport_targets-extras.cmake
[17.148s] -- Up-to-date symlink: /home/cadt-02/Documents/can_test_usb/ros2_can/install/cadt02_interfaces/share/cadt02_interfaces/cmake/cadt02_interfacesConfig.cmake
[17.148s] -- Up-to-date symlink: /home/cadt-02/Documents/can_test_usb/ros2_can/install/cadt02_interfaces/share/cadt02_interfaces/cmake/cadt02_interfacesConfig-version.cmake
[17.148s] -- Up-to-date symlink: /home/cadt-02/Documents/can_test_usb/ros2_can/install/cadt02_interfaces/share/cadt02_interfaces/package.xml
[17.149s] -- Up-to-date: /home/cadt-02/Documents/can_test_usb/ros2_can/install/cadt02_interfaces/lib/libcadt02_interfaces__rosidl_generator_c.so
[17.149s] -- Up-to-date: /home/cadt-02/Documents/can_test_usb/ros2_can/install/cadt02_interfaces/lib/libcadt02_interfaces__rosidl_typesupport_introspection_c.so
[17.150s] -- Up-to-date: /home/cadt-02/Documents/can_test_usb/ros2_can/install/cadt02_interfaces/lib/libcadt02_interfaces__rosidl_typesupport_c.so
[17.150s] -- Up-to-date: /home/cadt-02/Documents/can_test_usb/ros2_can/install/cadt02_interfaces/lib/libcadt02_interfaces__rosidl_typesupport_introspection_cpp.so
[17.151s] -- Up-to-date: /home/cadt-02/Documents/can_test_usb/ros2_can/install/cadt02_interfaces/lib/libcadt02_interfaces__rosidl_typesupport_cpp.so
[17.346s] Compiling '/home/cadt-02/Documents/can_test_usb/ros2_can/install/cadt02_interfaces/lib/python3.8/site-packages/cadt02_interfaces/__init__.py'...
[17.388s] -- Up-to-date: /home/cadt-02/Documents/can_test_usb/ros2_can/install/cadt02_interfaces/share/cadt02_interfaces/cmake/cadt02_interfaces__rosidl_generator_cExport.cmake
[17.389s] -- Up-to-date: /home/cadt-02/Documents/can_test_usb/ros2_can/install/cadt02_interfaces/share/cadt02_interfaces/cmake/cadt02_interfaces__rosidl_generator_cExport-noconfig.cmake
[17.389s] -- Up-to-date: /home/cadt-02/Documents/can_test_usb/ros2_can/install/cadt02_interfaces/share/cadt02_interfaces/cmake/cadt02_interfaces__rosidl_typesupport_introspection_cExport.cmake
[17.389s] -- Up-to-date: /home/cadt-02/Documents/can_test_usb/ros2_can/install/cadt02_interfaces/share/cadt02_interfaces/cmake/cadt02_interfaces__rosidl_typesupport_introspection_cExport-noconfig.cmake
[17.389s] -- Up-to-date: /home/cadt-02/Documents/can_test_usb/ros2_can/install/cadt02_interfaces/share/cadt02_interfaces/cmake/cadt02_interfaces__rosidl_typesupport_cExport.cmake
[17.389s] -- Up-to-date: /home/cadt-02/Documents/can_test_usb/ros2_can/install/cadt02_interfaces/share/cadt02_interfaces/cmake/cadt02_interfaces__rosidl_typesupport_cExport-noconfig.cmake
[17.390s] -- Up-to-date: /home/cadt-02/Documents/can_test_usb/ros2_can/install/cadt02_interfaces/share/cadt02_interfaces/cmake/cadt02_interfaces__rosidl_generator_cppExport.cmake
[17.390s] -- Up-to-date: /home/cadt-02/Documents/can_test_usb/ros2_can/install/cadt02_interfaces/share/cadt02_interfaces/cmake/cadt02_interfaces__rosidl_typesupport_introspection_cppExport.cmake
[17.390s] -- Up-to-date: /home/cadt-02/Documents/can_test_usb/ros2_can/install/cadt02_interfaces/share/cadt02_interfaces/cmake/cadt02_interfaces__rosidl_typesupport_introspection_cppExport-noconfig.cmake
[17.390s] -- Up-to-date: /home/cadt-02/Documents/can_test_usb/ros2_can/install/cadt02_interfaces/share/cadt02_interfaces/cmake/cadt02_interfaces__rosidl_typesupport_cppExport.cmake
[17.390s] -- Up-to-date: /home/cadt-02/Documents/can_test_usb/ros2_can/install/cadt02_interfaces/share/cadt02_interfaces/cmake/cadt02_interfaces__rosidl_typesupport_cppExport-noconfig.cmake
[17.403s] Invoked command in '/home/cadt-02/Documents/can_test_usb/ros2_can/build/cadt02_interfaces' returned '0': CMAKE_PREFIX_PATH=${CMAKE_PREFIX_PATH}:/home/cadt-02/Documents/can_test_usb/ros2_can/install/odometry_cont:/home/cadt-02/Documents/can_test_usb/ros2_can/install/ros_imu:/home/cadt-02/Documents/can_test_usb/ros2_can/install/my_robot:/home/cadt-02/Documents/can_test_usb/ros2_can/install/my_package:/home/cadt-02/Documents/can_test_usb/ros2_can/install/movement:/home/cadt-02/Documents/can_test_usb/ros2_can/install/keyboard_publisher:/home/cadt-02/Documents/can_test_usb/ros2_can/install/keyboard_listener:/opt/ros/foxy /home/cadt-02/.local/bin/cmake --install /home/cadt-02/Documents/can_test_usb/ros2_can/build/cadt02_interfaces
