[11.843s] Invoking command in '/home/cadt-02/Documents/can_test_usb/ros2_can/build/odometry': NX_CONNECTION=172.23.33.204 59150 172.23.34.34 4000 PYTHONPATH=/home/cadt-02/Documents/can_test_usb/ros2_can/build/odometry/prefix_override:/home/cadt-02/Documents/can_test_usb/ros2_can/install/odometry/lib/python3.8/site-packages:${PYTHONPATH} /usr/bin/python3 setup.py develop --editable --build-directory /home/cadt-02/Documents/can_test_usb/ros2_can/build/odometry/build --no-deps install_data
[12.216s] /home/cadt-02/.local/lib/python3.8/site-packages/setuptools/dist.py:476: SetuptoolsDeprecationWarning: Invalid dash-separated options
[12.217s] !!
[12.217s] 
[12.217s]         ********************************************************************************
[12.217s]         Usage of dash-separated 'script-dir' will not be supported in future
[12.217s]         versions. Please use the underscore name 'script_dir' instead.
[12.218s] 
[12.218s]         By 2024-Sep-26, you need to update your project and remove deprecated calls
[12.218s]         or your builds will no longer be supported.
[12.218s] 
[12.218s]         See https://setuptools.pypa.io/en/latest/userguide/declarative_config.html for details.
[12.218s]         ********************************************************************************
[12.219s] 
[12.219s] !!
[12.219s]   opt = self.warn_dash_deprecation(opt, section)
[12.742s] running develop
[12.742s] /home/cadt-02/.local/lib/python3.8/site-packages/setuptools/command/develop.py:42: EasyInstallDeprecationWarning: easy_install command is deprecated.
[12.743s] !!
[12.743s] 
[12.743s]         ********************************************************************************
[12.743s]         Please avoid running ``setup.py`` and ``easy_install``.
[12.743s]         Instead, use pypa/build, pypa/installer or other
[12.744s]         standards-based tools.
[12.744s] 
[12.744s]         See https://github.com/pypa/setuptools/issues/917 for details.
[12.744s]         ********************************************************************************
[12.745s] 
[12.745s] !!
[12.745s]   easy_install.initialize_options(self)
[12.832s] /home/cadt-02/.local/lib/python3.8/site-packages/setuptools/_distutils/cmd.py:66: SetuptoolsDeprecationWarning: setup.py install is deprecated.
[12.832s] !!
[12.832s] 
[12.833s]         ********************************************************************************
[12.833s]         Please avoid running ``setup.py`` directly.
[12.833s]         Instead, use pypa/build, pypa/installer or other
[12.833s]         standards-based tools.
[12.833s] 
[12.833s]         See https://blog.ganssle.io/articles/2021/10/setup-py-deprecated.html for details.
[12.834s]         ********************************************************************************
[12.834s] 
[12.834s] !!
[12.834s]   self.initialize_options()
[13.299s] running egg_info
[13.341s] writing odometry.egg-info/PKG-INFO
[13.342s] writing dependency_links to odometry.egg-info/dependency_links.txt
[13.343s] writing entry points to odometry.egg-info/entry_points.txt
[13.343s] writing requirements to odometry.egg-info/requires.txt
[13.344s] writing top-level names to odometry.egg-info/top_level.txt
[13.436s] reading manifest file 'odometry.egg-info/SOURCES.txt'
[13.438s] writing manifest file 'odometry.egg-info/SOURCES.txt'
[13.601s] running build_ext
[13.603s] Creating /home/cadt-02/Documents/can_test_usb/ros2_can/install/odometry/lib/python3.8/site-packages/odometry.egg-link (link to .)
[13.605s] Installing odometry script to /home/cadt-02/Documents/can_test_usb/ros2_can/install/odometry/lib/odometry
[13.605s] 
[13.606s] Installed /home/cadt-02/Documents/can_test_usb/ros2_can/build/odometry
[13.606s] running install_data
[13.606s] copying resource/odometry -> /home/cadt-02/Documents/can_test_usb/ros2_can/install/odometry/share/ament_index/resource_index/packages
[13.608s] copying package.xml -> /home/cadt-02/Documents/can_test_usb/ros2_can/install/odometry/share/odometry
[18.561s] Invoked command in '/home/cadt-02/Documents/can_test_usb/ros2_can/build/odometry' returned '0': NX_CONNECTION=172.23.33.204 59150 172.23.34.34 4000 PYTHONPATH=/home/cadt-02/Documents/can_test_usb/ros2_can/build/odometry/prefix_override:/home/cadt-02/Documents/can_test_usb/ros2_can/install/odometry/lib/python3.8/site-packages:${PYTHONPATH} /usr/bin/python3 setup.py develop --editable --build-directory /home/cadt-02/Documents/can_test_usb/ros2_can/build/odometry/build --no-deps install_data
