[13.645s] Invoking command in '/home/cadt-02/Documents/can_test_usb/ros2_can/build/my_robot': PYTHONPATH=/home/cadt-02/Documents/can_test_usb/ros2_can/build/my_robot/prefix_override:/home/cadt-02/Documents/can_test_usb/ros2_can/install/my_robot/lib/python3.8/site-packages:${PYTHONPATH} /usr/bin/python3 setup.py develop --editable --build-directory /home/cadt-02/Documents/can_test_usb/ros2_can/build/my_robot/build --no-deps install_data
[14.009s] /home/cadt-02/.local/lib/python3.8/site-packages/setuptools/dist.py:476: SetuptoolsDeprecationWarning: Invalid dash-separated options
[14.009s] !!
[14.009s] 
[14.009s]         ********************************************************************************
[14.009s]         Usage of dash-separated 'script-dir' will not be supported in future
[14.009s]         versions. Please use the underscore name 'script_dir' instead.
[14.012s] 
[14.012s]         By 2024-Sep-26, you need to update your project and remove deprecated calls
[14.012s]         or your builds will no longer be supported.
[14.012s] 
[14.013s]         See https://setuptools.pypa.io/en/latest/userguide/declarative_config.html for details.
[14.013s]         ********************************************************************************
[14.013s] 
[14.013s] !!
[14.013s]   opt = self.warn_dash_deprecation(opt, section)
[14.532s] running develop
[14.532s] /home/cadt-02/.local/lib/python3.8/site-packages/setuptools/command/develop.py:42: EasyInstallDeprecationWarning: easy_install command is deprecated.
[14.532s] !!
[14.533s] 
[14.533s]         ********************************************************************************
[14.533s]         Please avoid running ``setup.py`` and ``easy_install``.
[14.533s]         Instead, use pypa/build, pypa/installer or other
[14.533s]         standards-based tools.
[14.533s] 
[14.533s]         See https://github.com/pypa/setuptools/issues/917 for details.
[14.534s]         ********************************************************************************
[14.534s] 
[14.534s] !!
[14.534s]   easy_install.initialize_options(self)
[14.624s] /home/cadt-02/.local/lib/python3.8/site-packages/setuptools/_distutils/cmd.py:66: SetuptoolsDeprecationWarning: setup.py install is deprecated.
[14.624s] !!
[14.624s] 
[14.624s]         ********************************************************************************
[14.624s]         Please avoid running ``setup.py`` directly.
[14.625s]         Instead, use pypa/build, pypa/installer or other
[14.625s]         standards-based tools.
[14.625s] 
[14.625s]         See https://blog.ganssle.io/articles/2021/10/setup-py-deprecated.html for details.
[14.625s]         ********************************************************************************
[14.625s] 
[14.625s] !!
[14.625s]   self.initialize_options()
[15.119s] running egg_info
[15.168s] writing my_robot.egg-info/PKG-INFO
[15.168s] writing dependency_links to my_robot.egg-info/dependency_links.txt
[15.168s] writing entry points to my_robot.egg-info/entry_points.txt
[15.168s] writing requirements to my_robot.egg-info/requires.txt
[15.168s] writing top-level names to my_robot.egg-info/top_level.txt
[15.261s] reading manifest file 'my_robot.egg-info/SOURCES.txt'
[15.264s] writing manifest file 'my_robot.egg-info/SOURCES.txt'
[15.430s] running build_ext
[15.430s] Creating /home/cadt-02/Documents/can_test_usb/ros2_can/install/my_robot/lib/python3.8/site-packages/my-robot.egg-link (link to .)
[15.432s] Installing my_robot script to /home/cadt-02/Documents/can_test_usb/ros2_can/install/my_robot/lib/my_robot
[15.433s] 
[15.434s] Installed /home/cadt-02/Documents/can_test_usb/ros2_can/build/my_robot
[15.434s] running install_data
[15.434s] copying resource/my_robot -> /home/cadt-02/Documents/can_test_usb/ros2_can/install/my_robot/share/ament_index/resource_index/packages
[15.435s] copying package.xml -> /home/cadt-02/Documents/can_test_usb/ros2_can/install/my_robot/share/my_robot
[18.562s] Invoked command in '/home/cadt-02/Documents/can_test_usb/ros2_can/build/my_robot' returned '0': PYTHONPATH=/home/cadt-02/Documents/can_test_usb/ros2_can/build/my_robot/prefix_override:/home/cadt-02/Documents/can_test_usb/ros2_can/install/my_robot/lib/python3.8/site-packages:${PYTHONPATH} /usr/bin/python3 setup.py develop --editable --build-directory /home/cadt-02/Documents/can_test_usb/ros2_can/build/my_robot/build --no-deps install_data
