[16.402s] Invoking command in '/home/cadt-02/Documents/can_test_usb/ros2_can/build/keyboard_listener': PYTHONPATH=/home/cadt-02/Documents/can_test_usb/ros2_can/build/keyboard_listener/prefix_override:/home/cadt-02/Documents/can_test_usb/ros2_can/install/keyboard_listener/lib/python3.8/site-packages:${PYTHONPATH} /usr/bin/python3 setup.py develop --editable --build-directory /home/cadt-02/Documents/can_test_usb/ros2_can/build/keyboard_listener/build --no-deps install_data
[17.287s] running develop
[17.288s] /home/cadt-02/.local/lib/python3.8/site-packages/setuptools/command/develop.py:42: EasyInstallDeprecationWarning: easy_install command is deprecated.
[17.288s] !!
[17.288s] 
[17.288s]         ********************************************************************************
[17.288s]         Please avoid running ``setup.py`` and ``easy_install``.
[17.288s]         Instead, use pypa/build, pypa/installer or other
[17.288s]         standards-based tools.
[17.289s] 
[17.289s]         See https://github.com/pypa/setuptools/issues/917 for details.
[17.289s]         ********************************************************************************
[17.289s] 
[17.289s] !!
[17.289s]   easy_install.initialize_options(self)
[17.385s] /home/cadt-02/.local/lib/python3.8/site-packages/setuptools/_distutils/cmd.py:66: SetuptoolsDeprecationWarning: setup.py install is deprecated.
[17.385s] !!
[17.385s] 
[17.386s]         ********************************************************************************
[17.386s]         Please avoid running ``setup.py`` directly.
[17.386s]         Instead, use pypa/build, pypa/installer or other
[17.386s]         standards-based tools.
[17.386s] 
[17.386s]         See https://blog.ganssle.io/articles/2021/10/setup-py-deprecated.html for details.
[17.386s]         ********************************************************************************
[17.386s] 
[17.386s] !!
[17.387s]   self.initialize_options()
[17.857s] running egg_info
[17.901s] writing keyboard_listener.egg-info/PKG-INFO
[17.902s] writing dependency_links to keyboard_listener.egg-info/dependency_links.txt
[17.903s] writing entry points to keyboard_listener.egg-info/entry_points.txt
[17.904s] writing requirements to keyboard_listener.egg-info/requires.txt
[17.905s] writing top-level names to keyboard_listener.egg-info/top_level.txt
[18.006s] reading manifest file 'keyboard_listener.egg-info/SOURCES.txt'
[18.006s] writing manifest file 'keyboard_listener.egg-info/SOURCES.txt'
[18.177s] running build_ext
[18.177s] Creating /home/cadt-02/Documents/can_test_usb/ros2_can/install/keyboard_listener/lib/python3.8/site-packages/keyboard-listener.egg-link (link to .)
[18.181s] Installing keyboard_listener script to /home/cadt-02/Documents/can_test_usb/ros2_can/install/keyboard_listener/lib/keyboard_listener
[18.182s] 
[18.183s] Installed /home/cadt-02/Documents/can_test_usb/ros2_can/build/keyboard_listener
[18.184s] running install_data
[18.184s] copying resource/keyboard_listener -> /home/cadt-02/Documents/can_test_usb/ros2_can/install/keyboard_listener/share/ament_index/resource_index/packages
[18.184s] copying package.xml -> /home/cadt-02/Documents/can_test_usb/ros2_can/install/keyboard_listener/share/keyboard_listener
[23.399s] Invoked command in '/home/cadt-02/Documents/can_test_usb/ros2_can/build/keyboard_listener' returned '0': PYTHONPATH=/home/cadt-02/Documents/can_test_usb/ros2_can/build/keyboard_listener/prefix_override:/home/cadt-02/Documents/can_test_usb/ros2_can/install/keyboard_listener/lib/python3.8/site-packages:${PYTHONPATH} /usr/bin/python3 setup.py develop --editable --build-directory /home/cadt-02/Documents/can_test_usb/ros2_can/build/keyboard_listener/build --no-deps install_data
