[19.949s] Invoking command in '/home/cadt-02/Documents/can_test_usb/ros2_can/build/keyboard_publisher': NX_CONNECTION=172.23.33.204 63376 172.23.34.34 4000 PYTHONPATH=/home/cadt-02/Documents/can_test_usb/ros2_can/build/keyboard_publisher/prefix_override:/home/cadt-02/Documents/can_test_usb/ros2_can/install/keyboard_publisher/lib/python3.8/site-packages:${PYTHONPATH} /usr/bin/python3 setup.py develop --editable --build-directory /home/cadt-02/Documents/can_test_usb/ros2_can/build/keyboard_publisher/build --no-deps install_data
[21.513s] running develop
[21.514s] /home/cadt-02/.local/lib/python3.8/site-packages/setuptools/dist.py:476: SetuptoolsDeprecationWarning: Invalid dash-separated options
[21.514s] !!
[21.514s] 
[21.514s]         ********************************************************************************
[21.515s]         Usage of dash-separated 'script-dir' will not be supported in future
[21.515s]         versions. Please use the underscore name 'script_dir' instead.
[21.515s] 
[21.515s]         By 2024-Sep-26, you need to update your project and remove deprecated calls
[21.515s]         or your builds will no longer be supported.
[21.515s] 
[21.516s]         See https://setuptools.pypa.io/en/latest/userguide/declarative_config.html for details.
[21.516s]         ********************************************************************************
[21.516s] 
[21.516s] !!
[21.516s]   opt = self.warn_dash_deprecation(opt, section)
[21.516s] /home/cadt-02/.local/lib/python3.8/site-packages/setuptools/command/develop.py:42: EasyInstallDeprecationWarning: easy_install command is deprecated.
[21.517s] !!
[21.517s] 
[21.517s]         ********************************************************************************
[21.517s]         Please avoid running ``setup.py`` and ``easy_install``.
[21.517s]         Instead, use pypa/build, pypa/installer or other
[21.517s]         standards-based tools.
[21.518s] 
[21.520s]         See https://github.com/pypa/setuptools/issues/917 for details.
[21.521s]         ********************************************************************************
[21.522s] 
[21.523s] !!
[21.524s]   easy_install.initialize_options(self)
[21.524s] /home/cadt-02/.local/lib/python3.8/site-packages/setuptools/_distutils/cmd.py:66: SetuptoolsDeprecationWarning: setup.py install is deprecated.
[21.525s] !!
[21.526s] 
[21.527s]         ********************************************************************************
[21.527s]         Please avoid running ``setup.py`` directly.
[21.527s]         Instead, use pypa/build, pypa/installer or other
[21.528s]         standards-based tools.
[21.528s] 
[21.528s]         See https://blog.ganssle.io/articles/2021/10/setup-py-deprecated.html for details.
[21.528s]         ********************************************************************************
[21.528s] 
[21.528s] !!
[21.528s]   self.initialize_options()
[21.632s] running egg_info
[21.682s] writing keyboard_publisher.egg-info/PKG-INFO
[21.683s] writing dependency_links to keyboard_publisher.egg-info/dependency_links.txt
[21.683s] writing entry points to keyboard_publisher.egg-info/entry_points.txt
[21.684s] writing requirements to keyboard_publisher.egg-info/requires.txt
[21.684s] writing top-level names to keyboard_publisher.egg-info/top_level.txt
[21.780s] reading manifest file 'keyboard_publisher.egg-info/SOURCES.txt'
[21.782s] writing manifest file 'keyboard_publisher.egg-info/SOURCES.txt'
[21.946s] running build_ext
[21.947s] Creating /home/cadt-02/Documents/can_test_usb/ros2_can/install/keyboard_publisher/lib/python3.8/site-packages/keyboard-publisher.egg-link (link to .)
[21.952s] Installing keyboard_publisher script to /home/cadt-02/Documents/can_test_usb/ros2_can/install/keyboard_publisher/lib/keyboard_publisher
[21.952s] 
[21.952s] Installed /home/cadt-02/Documents/can_test_usb/ros2_can/build/keyboard_publisher
[21.953s] running install_data
[21.953s] copying resource/keyboard_publisher -> /home/cadt-02/Documents/can_test_usb/ros2_can/install/keyboard_publisher/share/ament_index/resource_index/packages
[21.953s] copying package.xml -> /home/cadt-02/Documents/can_test_usb/ros2_can/install/keyboard_publisher/share/keyboard_publisher
[27.639s] Invoked command in '/home/cadt-02/Documents/can_test_usb/ros2_can/build/keyboard_publisher' returned '0': NX_CONNECTION=172.23.33.204 63376 172.23.34.34 4000 PYTHONPATH=/home/cadt-02/Documents/can_test_usb/ros2_can/build/keyboard_publisher/prefix_override:/home/cadt-02/Documents/can_test_usb/ros2_can/install/keyboard_publisher/lib/python3.8/site-packages:${PYTHONPATH} /usr/bin/python3 setup.py develop --editable --build-directory /home/cadt-02/Documents/can_test_usb/ros2_can/build/keyboard_publisher/build --no-deps install_data
