[17.072s] Invoking command in '/home/cadt-02/Documents/can_test_usb/ros2_can/build/odometry_cont': PYTHONPATH=/home/cadt-02/Documents/can_test_usb/ros2_can/build/odometry_cont/prefix_override:/home/cadt-02/Documents/can_test_usb/ros2_can/install/odometry_cont/lib/python3.8/site-packages:${PYTHONPATH} /usr/bin/python3 setup.py develop --editable --build-directory /home/cadt-02/Documents/can_test_usb/ros2_can/build/odometry_cont/build --no-deps install_data
[17.415s] /home/cadt-02/.local/lib/python3.8/site-packages/setuptools/dist.py:476: SetuptoolsDeprecationWarning: Invalid dash-separated options
[17.415s] !!
[17.415s] 
[17.416s]         ********************************************************************************
[17.416s]         Usage of dash-separated 'script-dir' will not be supported in future
[17.416s]         versions. Please use the underscore name 'script_dir' instead.
[17.416s] 
[17.416s]         By 2024-Sep-26, you need to update your project and remove deprecated calls
[17.416s]         or your builds will no longer be supported.
[17.416s] 
[17.417s]         See https://setuptools.pypa.io/en/latest/userguide/declarative_config.html for details.
[17.417s]         ********************************************************************************
[17.417s] 
[17.417s] !!
[17.417s]   opt = self.warn_dash_deprecation(opt, section)
[17.913s] running develop
[17.915s] /home/cadt-02/.local/lib/python3.8/site-packages/setuptools/command/develop.py:42: EasyInstallDeprecationWarning: easy_install command is deprecated.
[17.915s] !!
[17.915s] 
[17.915s]         ********************************************************************************
[17.916s]         Please avoid running ``setup.py`` and ``easy_install``.
[17.916s]         Instead, use pypa/build, pypa/installer or other
[17.916s]         standards-based tools.
[17.916s] 
[17.916s]         See https://github.com/pypa/setuptools/issues/917 for details.
[17.916s]         ********************************************************************************
[17.916s] 
[17.916s] !!
[17.917s]   easy_install.initialize_options(self)
[18.003s] /home/cadt-02/.local/lib/python3.8/site-packages/setuptools/_distutils/cmd.py:66: SetuptoolsDeprecationWarning: setup.py install is deprecated.
[18.003s] !!
[18.003s] 
[18.004s]         ********************************************************************************
[18.004s]         Please avoid running ``setup.py`` directly.
[18.004s]         Instead, use pypa/build, pypa/installer or other
[18.004s]         standards-based tools.
[18.004s] 
[18.004s]         See https://blog.ganssle.io/articles/2021/10/setup-py-deprecated.html for details.
[18.004s]         ********************************************************************************
[18.004s] 
[18.005s] !!
[18.005s]   self.initialize_options()
[18.464s] running egg_info
[18.506s] writing odometry_cont.egg-info/PKG-INFO
[18.508s] writing dependency_links to odometry_cont.egg-info/dependency_links.txt
[18.509s] writing entry points to odometry_cont.egg-info/entry_points.txt
[18.509s] writing requirements to odometry_cont.egg-info/requires.txt
[18.509s] writing top-level names to odometry_cont.egg-info/top_level.txt
[18.602s] reading manifest file 'odometry_cont.egg-info/SOURCES.txt'
[18.605s] writing manifest file 'odometry_cont.egg-info/SOURCES.txt'
[18.772s] running build_ext
[18.773s] Creating /home/cadt-02/Documents/can_test_usb/ros2_can/install/odometry_cont/lib/python3.8/site-packages/odometry-cont.egg-link (link to .)
[18.774s] Installing odometry_cont script to /home/cadt-02/Documents/can_test_usb/ros2_can/install/odometry_cont/lib/odometry_cont
[18.777s] 
[18.777s] Installed /home/cadt-02/Documents/can_test_usb/ros2_can/build/odometry_cont
[18.777s] running install_data
[18.777s] copying resource/odometry_cont -> /home/cadt-02/Documents/can_test_usb/ros2_can/install/odometry_cont/share/ament_index/resource_index/packages
[18.777s] copying package.xml -> /home/cadt-02/Documents/can_test_usb/ros2_can/install/odometry_cont/share/odometry_cont
[21.169s] Invoked command in '/home/cadt-02/Documents/can_test_usb/ros2_can/build/odometry_cont' returned '0': PYTHONPATH=/home/cadt-02/Documents/can_test_usb/ros2_can/build/odometry_cont/prefix_override:/home/cadt-02/Documents/can_test_usb/ros2_can/install/odometry_cont/lib/python3.8/site-packages:${PYTHONPATH} /usr/bin/python3 setup.py develop --editable --build-directory /home/cadt-02/Documents/can_test_usb/ros2_can/build/odometry_cont/build --no-deps install_data
