[12.437s] Invoking command in '/home/cadt-02/Documents/can_test_usb/ros2_can/build/my_robot': PYTHONPATH=/home/cadt-02/Documents/can_test_usb/ros2_can/build/my_robot/prefix_override:/home/cadt-02/Documents/can_test_usb/ros2_can/install/my_robot/lib/python3.8/site-packages:${PYTHONPATH} /usr/bin/python3 setup.py develop --editable --build-directory /home/cadt-02/Documents/can_test_usb/ros2_can/build/my_robot/build --no-deps install_data
[12.831s] /home/cadt-02/.local/lib/python3.8/site-packages/setuptools/dist.py:476: SetuptoolsDeprecationWarning: Invalid dash-separated options
[12.831s] !!
[12.831s] 
[12.831s]         ********************************************************************************
[12.831s]         Usage of dash-separated 'script-dir' will not be supported in future
[12.832s]         versions. Please use the underscore name 'script_dir' instead.
[12.832s] 
[12.832s]         By 2024-Sep-26, you need to update your project and remove deprecated calls
[12.832s]         or your builds will no longer be supported.
[12.832s] 
[12.832s]         See https://setuptools.pypa.io/en/latest/userguide/declarative_config.html for details.
[12.832s]         ********************************************************************************
[12.833s] 
[12.833s] !!
[12.833s]   opt = self.warn_dash_deprecation(opt, section)
[13.371s] running develop
[13.372s] /home/cadt-02/.local/lib/python3.8/site-packages/setuptools/command/develop.py:42: EasyInstallDeprecationWarning: easy_install command is deprecated.
[13.373s] !!
[13.373s] 
[13.373s]         ********************************************************************************
[13.373s]         Please avoid running ``setup.py`` and ``easy_install``.
[13.373s]         Instead, use pypa/build, pypa/installer or other
[13.373s]         standards-based tools.
[13.374s] 
[13.374s]         See https://github.com/pypa/setuptools/issues/917 for details.
[13.374s]         ********************************************************************************
[13.374s] 
[13.374s] !!
[13.374s]   easy_install.initialize_options(self)
[13.468s] /home/cadt-02/.local/lib/python3.8/site-packages/setuptools/_distutils/cmd.py:66: SetuptoolsDeprecationWarning: setup.py install is deprecated.
[13.468s] !!
[13.469s] 
[13.470s]         ********************************************************************************
[13.470s]         Please avoid running ``setup.py`` directly.
[13.470s]         Instead, use pypa/build, pypa/installer or other
[13.470s]         standards-based tools.
[13.470s] 
[13.470s]         See https://blog.ganssle.io/articles/2021/10/setup-py-deprecated.html for details.
[13.471s]         ********************************************************************************
[13.471s] 
[13.471s] !!
[13.471s]   self.initialize_options()
[13.999s] running egg_info
[14.046s] writing my_robot.egg-info/PKG-INFO
[14.048s] writing dependency_links to my_robot.egg-info/dependency_links.txt
[14.048s] writing entry points to my_robot.egg-info/entry_points.txt
[14.049s] writing requirements to my_robot.egg-info/requires.txt
[14.049s] writing top-level names to my_robot.egg-info/top_level.txt
[14.150s] reading manifest file 'my_robot.egg-info/SOURCES.txt'
[14.153s] writing manifest file 'my_robot.egg-info/SOURCES.txt'
[14.335s] running build_ext
[14.336s] Creating /home/cadt-02/Documents/can_test_usb/ros2_can/install/my_robot/lib/python3.8/site-packages/my-robot.egg-link (link to .)
[14.339s] Installing arduino_feedback script to /home/cadt-02/Documents/can_test_usb/ros2_can/install/my_robot/lib/my_robot
[14.340s] Installing my_robot script to /home/cadt-02/Documents/can_test_usb/ros2_can/install/my_robot/lib/my_robot
[14.341s] 
[14.342s] Installed /home/cadt-02/Documents/can_test_usb/ros2_can/build/my_robot
[14.343s] running install_data
[14.344s] copying resource/my_robot -> /home/cadt-02/Documents/can_test_usb/ros2_can/install/my_robot/share/ament_index/resource_index/packages
[14.345s] copying package.xml -> /home/cadt-02/Documents/can_test_usb/ros2_can/install/my_robot/share/my_robot
[21.015s] Invoked command in '/home/cadt-02/Documents/can_test_usb/ros2_can/build/my_robot' returned '0': PYTHONPATH=/home/cadt-02/Documents/can_test_usb/ros2_can/build/my_robot/prefix_override:/home/cadt-02/Documents/can_test_usb/ros2_can/install/my_robot/lib/python3.8/site-packages:${PYTHONPATH} /usr/bin/python3 setup.py develop --editable --build-directory /home/cadt-02/Documents/can_test_usb/ros2_can/build/my_robot/build --no-deps install_data
