[15.393s] Invoking command in '/home/cadt-02/Documents/can_test_usb/ros2_can/build/my_package': PYTHONPATH=/home/cadt-02/Documents/can_test_usb/ros2_can/build/my_package/prefix_override:/home/cadt-02/Documents/can_test_usb/ros2_can/install/my_package/lib/python3.8/site-packages:${PYTHONPATH} /usr/bin/python3 setup.py develop --editable --build-directory /home/cadt-02/Documents/can_test_usb/ros2_can/build/my_package/build --no-deps install_data
[16.006s] /home/cadt-02/.local/lib/python3.8/site-packages/setuptools/dist.py:476: SetuptoolsDeprecationWarning: Invalid dash-separated options
[16.006s] !!
[16.006s] 
[16.007s]         ********************************************************************************
[16.007s]         Usage of dash-separated 'build-base' will not be supported in future
[16.007s]         versions. Please use the underscore name 'build_base' instead.
[16.007s] 
[16.007s]         By 2024-Sep-26, you need to update your project and remove deprecated calls
[16.007s]         or your builds will no longer be supported.
[16.007s] 
[16.008s]         See https://setuptools.pypa.io/en/latest/userguide/declarative_config.html for details.
[16.008s]         ********************************************************************************
[16.008s] 
[16.008s] !!
[16.008s]   opt = self.warn_dash_deprecation(opt, section)
[16.805s] running develop
[16.806s] /home/cadt-02/.local/lib/python3.8/site-packages/setuptools/command/develop.py:42: EasyInstallDeprecationWarning: easy_install command is deprecated.
[16.806s] !!
[16.807s] 
[16.807s]         ********************************************************************************
[16.807s]         Please avoid running ``setup.py`` and ``easy_install``.
[16.809s]         Instead, use pypa/build, pypa/installer or other
[16.809s]         standards-based tools.
[16.809s] 
[16.809s]         See https://github.com/pypa/setuptools/issues/917 for details.
[16.809s]         ********************************************************************************
[16.809s] 
[16.809s] !!
[16.810s]   easy_install.initialize_options(self)
[16.938s] /home/cadt-02/.local/lib/python3.8/site-packages/setuptools/_distutils/cmd.py:66: SetuptoolsDeprecationWarning: setup.py install is deprecated.
[16.938s] !!
[16.938s] 
[16.938s]         ********************************************************************************
[16.938s]         Please avoid running ``setup.py`` directly.
[16.939s]         Instead, use pypa/build, pypa/installer or other
[16.939s]         standards-based tools.
[16.942s] 
[16.943s]         See https://blog.ganssle.io/articles/2021/10/setup-py-deprecated.html for details.
[16.944s]         ********************************************************************************
[16.944s] 
[16.945s] !!
[16.945s]   self.initialize_options()
[17.656s] running egg_info
[17.713s] writing my_package.egg-info/PKG-INFO
[17.716s] writing dependency_links to my_package.egg-info/dependency_links.txt
[17.728s] writing entry points to my_package.egg-info/entry_points.txt
[17.729s] writing requirements to my_package.egg-info/requires.txt
[17.729s] writing top-level names to my_package.egg-info/top_level.txt
[17.853s] reading manifest file 'my_package.egg-info/SOURCES.txt'
[17.857s] writing manifest file 'my_package.egg-info/SOURCES.txt'
[18.032s] running build_ext
[18.034s] Creating /home/cadt-02/Documents/can_test_usb/ros2_can/install/my_package/lib/python3.8/site-packages/my-package.egg-link (link to .)
[18.039s] Installing live_detection_node script to /home/cadt-02/Documents/can_test_usb/ros2_can/install/my_package/lib/my_package
[18.040s] Installing main script to /home/cadt-02/Documents/can_test_usb/ros2_can/install/my_package/lib/my_package
[18.040s] Installing my_node script to /home/cadt-02/Documents/can_test_usb/ros2_can/install/my_package/lib/my_package
[18.040s] Installing reinforcement_r2 script to /home/cadt-02/Documents/can_test_usb/ros2_can/install/my_package/lib/my_package
[18.040s] 
[18.040s] Installed /home/cadt-02/Documents/can_test_usb/ros2_can/build/my_package
[18.041s] running install_data
[18.041s] copying resource/my_package -> /home/cadt-02/Documents/can_test_usb/ros2_can/install/my_package/share/ament_index/resource_index/packages
[18.042s] copying package.xml -> /home/cadt-02/Documents/can_test_usb/ros2_can/install/my_package/share/my_package
[22.794s] Invoked command in '/home/cadt-02/Documents/can_test_usb/ros2_can/build/my_package' returned '0': PYTHONPATH=/home/cadt-02/Documents/can_test_usb/ros2_can/build/my_package/prefix_override:/home/cadt-02/Documents/can_test_usb/ros2_can/install/my_package/lib/python3.8/site-packages:${PYTHONPATH} /usr/bin/python3 setup.py develop --editable --build-directory /home/cadt-02/Documents/can_test_usb/ros2_can/build/my_package/build --no-deps install_data
