[14.860s] Invoking command in '/home/cadt-02/Documents/can_test_usb/ros2_can/build/my_package': PYTHONPATH=/home/cadt-02/Documents/can_test_usb/ros2_can/build/my_package/prefix_override:/home/cadt-02/Documents/can_test_usb/ros2_can/install/my_package/lib/python3.8/site-packages:${PYTHONPATH} /usr/bin/python3 setup.py develop --editable --build-directory /home/cadt-02/Documents/can_test_usb/ros2_can/build/my_package/build --no-deps install_data
[15.326s] /home/cadt-02/.local/lib/python3.8/site-packages/setuptools/dist.py:476: SetuptoolsDeprecationWarning: Invalid dash-separated options
[15.326s] !!
[15.326s] 
[15.326s]         ********************************************************************************
[15.327s]         Usage of dash-separated 'build-base' will not be supported in future
[15.327s]         versions. Please use the underscore name 'build_base' instead.
[15.327s] 
[15.327s]         By 2024-Sep-26, you need to update your project and remove deprecated calls
[15.327s]         or your builds will no longer be supported.
[15.327s] 
[15.327s]         See https://setuptools.pypa.io/en/latest/userguide/declarative_config.html for details.
[15.328s]         ********************************************************************************
[15.328s] 
[15.328s] !!
[15.328s]   opt = self.warn_dash_deprecation(opt, section)
[16.000s] running develop
[16.001s] /home/cadt-02/.local/lib/python3.8/site-packages/setuptools/command/develop.py:42: EasyInstallDeprecationWarning: easy_install command is deprecated.
[16.001s] !!
[16.001s] 
[16.001s]         ********************************************************************************
[16.002s]         Please avoid running ``setup.py`` and ``easy_install``.
[16.002s]         Instead, use pypa/build, pypa/installer or other
[16.002s]         standards-based tools.
[16.005s] 
[16.005s]         See https://github.com/pypa/setuptools/issues/917 for details.
[16.005s]         ********************************************************************************
[16.006s] 
[16.006s] !!
[16.006s]   easy_install.initialize_options(self)
[16.106s] /home/cadt-02/.local/lib/python3.8/site-packages/setuptools/_distutils/cmd.py:66: SetuptoolsDeprecationWarning: setup.py install is deprecated.
[16.106s] !!
[16.106s] 
[16.107s]         ********************************************************************************
[16.107s]         Please avoid running ``setup.py`` directly.
[16.107s]         Instead, use pypa/build, pypa/installer or other
[16.107s]         standards-based tools.
[16.107s] 
[16.107s]         See https://blog.ganssle.io/articles/2021/10/setup-py-deprecated.html for details.
[16.107s]         ********************************************************************************
[16.107s] 
[16.108s] !!
[16.108s]   self.initialize_options()
[16.666s] running egg_info
[16.715s] writing my_package.egg-info/PKG-INFO
[16.720s] writing dependency_links to my_package.egg-info/dependency_links.txt
[16.720s] writing entry points to my_package.egg-info/entry_points.txt
[16.720s] writing requirements to my_package.egg-info/requires.txt
[16.721s] writing top-level names to my_package.egg-info/top_level.txt
[16.884s] reading manifest file 'my_package.egg-info/SOURCES.txt'
[16.887s] writing manifest file 'my_package.egg-info/SOURCES.txt'
[17.069s] running build_ext
[17.069s] Creating /home/cadt-02/Documents/can_test_usb/ros2_can/install/my_package/lib/python3.8/site-packages/my-package.egg-link (link to .)
[17.071s] Installing live_detection_node script to /home/cadt-02/Documents/can_test_usb/ros2_can/install/my_package/lib/my_package
[17.072s] Installing main script to /home/cadt-02/Documents/can_test_usb/ros2_can/install/my_package/lib/my_package
[17.073s] Installing my_node script to /home/cadt-02/Documents/can_test_usb/ros2_can/install/my_package/lib/my_package
[17.073s] Installing reinforcement_r2 script to /home/cadt-02/Documents/can_test_usb/ros2_can/install/my_package/lib/my_package
[17.073s] 
[17.074s] Installed /home/cadt-02/Documents/can_test_usb/ros2_can/build/my_package
[17.074s] running install_data
[17.074s] copying resource/my_package -> /home/cadt-02/Documents/can_test_usb/ros2_can/install/my_package/share/ament_index/resource_index/packages
[17.074s] copying package.xml -> /home/cadt-02/Documents/can_test_usb/ros2_can/install/my_package/share/my_package
[24.105s] Invoked command in '/home/cadt-02/Documents/can_test_usb/ros2_can/build/my_package' returned '0': PYTHONPATH=/home/cadt-02/Documents/can_test_usb/ros2_can/build/my_package/prefix_override:/home/cadt-02/Documents/can_test_usb/ros2_can/install/my_package/lib/python3.8/site-packages:${PYTHONPATH} /usr/bin/python3 setup.py develop --editable --build-directory /home/cadt-02/Documents/can_test_usb/ros2_can/build/my_package/build --no-deps install_data
