[14.443s] Invoking command in '/home/cadt-02/Documents/can_test_usb/ros2_can/build/my_robot': PYTHONPATH=/home/cadt-02/Documents/can_test_usb/ros2_can/build/my_robot/prefix_override:/home/cadt-02/Documents/can_test_usb/ros2_can/install/my_robot/lib/python3.8/site-packages:${PYTHONPATH} /usr/bin/python3 setup.py develop --editable --build-directory /home/cadt-02/Documents/can_test_usb/ros2_can/build/my_robot/build --no-deps install_data
[15.154s] /home/cadt-02/.local/lib/python3.8/site-packages/setuptools/dist.py:476: SetuptoolsDeprecationWarning: Invalid dash-separated options
[15.154s] !!
[15.154s] 
[15.154s]         ********************************************************************************
[15.154s]         Usage of dash-separated 'script-dir' will not be supported in future
[15.154s]         versions. Please use the underscore name 'script_dir' instead.
[15.155s] 
[15.155s]         By 2024-Sep-26, you need to update your project and remove deprecated calls
[15.155s]         or your builds will no longer be supported.
[15.155s] 
[15.155s]         See https://setuptools.pypa.io/en/latest/userguide/declarative_config.html for details.
[15.155s]         ********************************************************************************
[15.155s] 
[15.155s] !!
[15.156s]   opt = self.warn_dash_deprecation(opt, section)
[15.935s] running develop
[15.935s] /home/cadt-02/.local/lib/python3.8/site-packages/setuptools/command/develop.py:42: EasyInstallDeprecationWarning: easy_install command is deprecated.
[15.935s] !!
[15.935s] 
[15.935s]         ********************************************************************************
[15.936s]         Please avoid running ``setup.py`` and ``easy_install``.
[15.936s]         Instead, use pypa/build, pypa/installer or other
[15.936s]         standards-based tools.
[15.936s] 
[15.936s]         See https://github.com/pypa/setuptools/issues/917 for details.
[15.936s]         ********************************************************************************
[15.936s] 
[15.936s] !!
[15.937s]   easy_install.initialize_options(self)
[16.022s] /home/cadt-02/.local/lib/python3.8/site-packages/setuptools/_distutils/cmd.py:66: SetuptoolsDeprecationWarning: setup.py install is deprecated.
[16.023s] !!
[16.023s] 
[16.023s]         ********************************************************************************
[16.023s]         Please avoid running ``setup.py`` directly.
[16.023s]         Instead, use pypa/build, pypa/installer or other
[16.023s]         standards-based tools.
[16.023s] 
[16.024s]         See https://blog.ganssle.io/articles/2021/10/setup-py-deprecated.html for details.
[16.024s]         ********************************************************************************
[16.024s] 
[16.024s] !!
[16.024s]   self.initialize_options()
[17.136s] running egg_info
[17.235s] writing my_robot.egg-info/PKG-INFO
[17.235s] writing dependency_links to my_robot.egg-info/dependency_links.txt
[17.235s] writing entry points to my_robot.egg-info/entry_points.txt
[17.235s] writing requirements to my_robot.egg-info/requires.txt
[17.235s] writing top-level names to my_robot.egg-info/top_level.txt
[17.421s] reading manifest file 'my_robot.egg-info/SOURCES.txt'
[17.421s] writing manifest file 'my_robot.egg-info/SOURCES.txt'
[17.661s] running build_ext
[17.661s] Creating /home/cadt-02/Documents/can_test_usb/ros2_can/install/my_robot/lib/python3.8/site-packages/my-robot.egg-link (link to .)
[17.662s] Installing my_robot script to /home/cadt-02/Documents/can_test_usb/ros2_can/install/my_robot/lib/my_robot
[17.663s] 
[17.664s] Installed /home/cadt-02/Documents/can_test_usb/ros2_can/build/my_robot
[17.666s] running install_data
[17.666s] copying resource/my_robot -> /home/cadt-02/Documents/can_test_usb/ros2_can/install/my_robot/share/ament_index/resource_index/packages
[17.667s] copying package.xml -> /home/cadt-02/Documents/can_test_usb/ros2_can/install/my_robot/share/my_robot
[26.741s] Invoked command in '/home/cadt-02/Documents/can_test_usb/ros2_can/build/my_robot' returned '0': PYTHONPATH=/home/cadt-02/Documents/can_test_usb/ros2_can/build/my_robot/prefix_override:/home/cadt-02/Documents/can_test_usb/ros2_can/install/my_robot/lib/python3.8/site-packages:${PYTHONPATH} /usr/bin/python3 setup.py develop --editable --build-directory /home/cadt-02/Documents/can_test_usb/ros2_can/build/my_robot/build --no-deps install_data
