[16.405s] Invoking command in '/home/cadt-02/Documents/can_test_usb/ros2_can/build/odometry_cont': PYTHONPATH=/home/cadt-02/Documents/can_test_usb/ros2_can/build/odometry_cont/prefix_override:/home/cadt-02/Documents/can_test_usb/ros2_can/install/odometry_cont/lib/python3.8/site-packages:${PYTHONPATH} /usr/bin/python3 setup.py develop --editable --build-directory /home/cadt-02/Documents/can_test_usb/ros2_can/build/odometry_cont/build --no-deps install_data
[16.746s] /home/cadt-02/.local/lib/python3.8/site-packages/setuptools/dist.py:476: SetuptoolsDeprecationWarning: Invalid dash-separated options
[16.747s] !!
[16.747s] 
[16.747s]         ********************************************************************************
[16.747s]         Usage of dash-separated 'script-dir' will not be supported in future
[16.747s]         versions. Please use the underscore name 'script_dir' instead.
[16.747s] 
[16.748s]         By 2024-Sep-26, you need to update your project and remove deprecated calls
[16.748s]         or your builds will no longer be supported.
[16.748s] 
[16.748s]         See https://setuptools.pypa.io/en/latest/userguide/declarative_config.html for details.
[16.748s]         ********************************************************************************
[16.748s] 
[16.748s] !!
[16.749s]   opt = self.warn_dash_deprecation(opt, section)
[17.241s] running develop
[17.241s] /home/cadt-02/.local/lib/python3.8/site-packages/setuptools/command/develop.py:42: EasyInstallDeprecationWarning: easy_install command is deprecated.
[17.241s] !!
[17.241s] 
[17.242s]         ********************************************************************************
[17.242s]         Please avoid running ``setup.py`` and ``easy_install``.
[17.242s]         Instead, use pypa/build, pypa/installer or other
[17.242s]         standards-based tools.
[17.242s] 
[17.242s]         See https://github.com/pypa/setuptools/issues/917 for details.
[17.242s]         ********************************************************************************
[17.243s] 
[17.243s] !!
[17.243s]   easy_install.initialize_options(self)
[17.332s] /home/cadt-02/.local/lib/python3.8/site-packages/setuptools/_distutils/cmd.py:66: SetuptoolsDeprecationWarning: setup.py install is deprecated.
[17.332s] !!
[17.333s] 
[17.333s]         ********************************************************************************
[17.333s]         Please avoid running ``setup.py`` directly.
[17.333s]         Instead, use pypa/build, pypa/installer or other
[17.333s]         standards-based tools.
[17.333s] 
[17.334s]         See https://blog.ganssle.io/articles/2021/10/setup-py-deprecated.html for details.
[17.334s]         ********************************************************************************
[17.334s] 
[17.334s] !!
[17.334s]   self.initialize_options()
[17.798s] running egg_info
[17.843s] writing odometry_cont.egg-info/PKG-INFO
[17.844s] writing dependency_links to odometry_cont.egg-info/dependency_links.txt
[17.845s] writing entry points to odometry_cont.egg-info/entry_points.txt
[17.845s] writing requirements to odometry_cont.egg-info/requires.txt
[17.846s] writing top-level names to odometry_cont.egg-info/top_level.txt
[17.954s] reading manifest file 'odometry_cont.egg-info/SOURCES.txt'
[17.959s] writing manifest file 'odometry_cont.egg-info/SOURCES.txt'
[18.105s] running build_ext
[18.106s] Creating /home/cadt-02/Documents/can_test_usb/ros2_can/install/odometry_cont/lib/python3.8/site-packages/odometry-cont.egg-link (link to .)
[18.108s] Installing odometry_cont script to /home/cadt-02/Documents/can_test_usb/ros2_can/install/odometry_cont/lib/odometry_cont
[18.108s] 
[18.109s] Installed /home/cadt-02/Documents/can_test_usb/ros2_can/build/odometry_cont
[18.109s] running install_data
[18.109s] copying resource/odometry_cont -> /home/cadt-02/Documents/can_test_usb/ros2_can/install/odometry_cont/share/ament_index/resource_index/packages
[18.109s] copying package.xml -> /home/cadt-02/Documents/can_test_usb/ros2_can/install/odometry_cont/share/odometry_cont
[18.225s] Invoked command in '/home/cadt-02/Documents/can_test_usb/ros2_can/build/odometry_cont' returned '0': PYTHONPATH=/home/cadt-02/Documents/can_test_usb/ros2_can/build/odometry_cont/prefix_override:/home/cadt-02/Documents/can_test_usb/ros2_can/install/odometry_cont/lib/python3.8/site-packages:${PYTHONPATH} /usr/bin/python3 setup.py develop --editable --build-directory /home/cadt-02/Documents/can_test_usb/ros2_can/build/odometry_cont/build --no-deps install_data
