[9.950s] Invoking command in '/home/cadt-02/Documents/can_test_usb/ros2_can/build/ros_imu': PYTHONPATH=/home/cadt-02/Documents/can_test_usb/ros2_can/build/ros_imu/prefix_override:/home/cadt-02/Documents/can_test_usb/ros2_can/install/ros_imu/lib/python3.8/site-packages:${PYTHONPATH} /usr/bin/python3 setup.py develop --editable --build-directory /home/cadt-02/Documents/can_test_usb/ros2_can/build/ros_imu/build --no-deps install_data
[10.307s] /home/cadt-02/.local/lib/python3.8/site-packages/setuptools/dist.py:476: SetuptoolsDeprecationWarning: Invalid dash-separated options
[10.307s] !!
[10.307s] 
[10.308s]         ********************************************************************************
[10.308s]         Usage of dash-separated 'script-dir' will not be supported in future
[10.308s]         versions. Please use the underscore name 'script_dir' instead.
[10.308s] 
[10.308s]         By 2024-Sep-26, you need to update your project and remove deprecated calls
[10.308s]         or your builds will no longer be supported.
[10.308s] 
[10.309s]         See https://setuptools.pypa.io/en/latest/userguide/declarative_config.html for details.
[10.309s]         ********************************************************************************
[10.309s] 
[10.309s] !!
[10.309s]   opt = self.warn_dash_deprecation(opt, section)
[10.803s] running develop
[10.803s] /home/cadt-02/.local/lib/python3.8/site-packages/setuptools/command/develop.py:42: EasyInstallDeprecationWarning: easy_install command is deprecated.
[10.803s] !!
[10.804s] 
[10.804s]         ********************************************************************************
[10.804s]         Please avoid running ``setup.py`` and ``easy_install``.
[10.804s]         Instead, use pypa/build, pypa/installer or other
[10.804s]         standards-based tools.
[10.804s] 
[10.804s]         See https://github.com/pypa/setuptools/issues/917 for details.
[10.804s]         ********************************************************************************
[10.805s] 
[10.806s] !!
[10.807s]   easy_install.initialize_options(self)
[10.892s] /home/cadt-02/.local/lib/python3.8/site-packages/setuptools/_distutils/cmd.py:66: SetuptoolsDeprecationWarning: setup.py install is deprecated.
[10.892s] !!
[10.892s] 
[10.892s]         ********************************************************************************
[10.892s]         Please avoid running ``setup.py`` directly.
[10.892s]         Instead, use pypa/build, pypa/installer or other
[10.893s]         standards-based tools.
[10.893s] 
[10.893s]         See https://blog.ganssle.io/articles/2021/10/setup-py-deprecated.html for details.
[10.893s]         ********************************************************************************
[10.893s] 
[10.893s] !!
[10.893s]   self.initialize_options()
[11.350s] running egg_info
[11.393s] writing ros_imu.egg-info/PKG-INFO
[11.393s] writing dependency_links to ros_imu.egg-info/dependency_links.txt
[11.394s] writing entry points to ros_imu.egg-info/entry_points.txt
[11.394s] writing requirements to ros_imu.egg-info/requires.txt
[11.394s] writing top-level names to ros_imu.egg-info/top_level.txt
[11.485s] reading manifest file 'ros_imu.egg-info/SOURCES.txt'
[11.488s] writing manifest file 'ros_imu.egg-info/SOURCES.txt'
[11.648s] running build_ext
[11.649s] Creating /home/cadt-02/Documents/can_test_usb/ros2_can/install/ros_imu/lib/python3.8/site-packages/ros-imu.egg-link (link to .)
[11.650s] Installing ros_imu script to /home/cadt-02/Documents/can_test_usb/ros2_can/install/ros_imu/lib/ros_imu
[11.651s] 
[11.652s] Installed /home/cadt-02/Documents/can_test_usb/ros2_can/build/ros_imu
[11.652s] running install_data
[11.652s] copying resource/ros_imu -> /home/cadt-02/Documents/can_test_usb/ros2_can/install/ros_imu/share/ament_index/resource_index/packages
[11.652s] copying package.xml -> /home/cadt-02/Documents/can_test_usb/ros2_can/install/ros_imu/share/ros_imu
[14.203s] Invoked command in '/home/cadt-02/Documents/can_test_usb/ros2_can/build/ros_imu' returned '0': PYTHONPATH=/home/cadt-02/Documents/can_test_usb/ros2_can/build/ros_imu/prefix_override:/home/cadt-02/Documents/can_test_usb/ros2_can/install/ros_imu/lib/python3.8/site-packages:${PYTHONPATH} /usr/bin/python3 setup.py develop --editable --build-directory /home/cadt-02/Documents/can_test_usb/ros2_can/build/ros_imu/build --no-deps install_data
