[11.226s] Invoking command in '/home/cadt-02/Documents/can_test_usb/ros2_can/build/odometry_cont': PYTHONPATH=/home/cadt-02/Documents/can_test_usb/ros2_can/build/odometry_cont/prefix_override:/home/cadt-02/Documents/can_test_usb/ros2_can/install/odometry_cont/lib/python3.8/site-packages:${PYTHONPATH} /usr/bin/python3 setup.py develop --uninstall --editable --build-directory /home/cadt-02/Documents/can_test_usb/ros2_can/build/odometry_cont/build
[12.978s] running develop
[12.979s] Removing /home/cadt-02/Documents/can_test_usb/ros2_can/install/odometry_cont/lib/python3.8/site-packages/odometry-cont.egg-link (link to .)
[12.979s] /home/cadt-02/.local/lib/python3.8/site-packages/setuptools/dist.py:476: SetuptoolsDeprecationWarning: Invalid dash-separated options
[12.980s] !!
[12.980s] 
[12.981s]         ********************************************************************************
[12.985s]         Usage of dash-separated 'script-dir' will not be supported in future
[12.985s]         versions. Please use the underscore name 'script_dir' instead.
[12.986s] 
[12.986s]         By 2024-Sep-26, you need to update your project and remove deprecated calls
[12.986s]         or your builds will no longer be supported.
[12.986s] 
[12.986s]         See https://setuptools.pypa.io/en/latest/userguide/declarative_config.html for details.
[12.986s]         ********************************************************************************
[12.987s] 
[12.987s] !!
[12.987s]   opt = self.warn_dash_deprecation(opt, section)
[12.987s] /home/cadt-02/.local/lib/python3.8/site-packages/setuptools/command/develop.py:42: EasyInstallDeprecationWarning: easy_install command is deprecated.
[12.987s] !!
[12.987s] 
[12.988s]         ********************************************************************************
[12.989s]         Please avoid running ``setup.py`` and ``easy_install``.
[12.990s]         Instead, use pypa/build, pypa/installer or other
[12.991s]         standards-based tools.
[12.991s] 
[12.991s]         See https://github.com/pypa/setuptools/issues/917 for details.
[12.992s]         ********************************************************************************
[12.992s] 
[12.992s] !!
[12.993s]   easy_install.initialize_options(self)
[12.997s] /home/cadt-02/.local/lib/python3.8/site-packages/setuptools/_distutils/cmd.py:66: SetuptoolsDeprecationWarning: setup.py install is deprecated.
[12.998s] !!
[12.998s] 
[12.998s]         ********************************************************************************
[12.998s]         Please avoid running ``setup.py`` directly.
[12.999s]         Instead, use pypa/build, pypa/installer or other
[12.999s]         standards-based tools.
[12.999s] 
[12.999s]         See https://blog.ganssle.io/articles/2021/10/setup-py-deprecated.html for details.
[12.999s]         ********************************************************************************
[12.999s] 
[12.999s] !!
[13.000s]   self.initialize_options()
[13.000s] Invoked command in '/home/cadt-02/Documents/can_test_usb/ros2_can/build/odometry_cont' returned '0': PYTHONPATH=/home/cadt-02/Documents/can_test_usb/ros2_can/build/odometry_cont/prefix_override:/home/cadt-02/Documents/can_test_usb/ros2_can/install/odometry_cont/lib/python3.8/site-packages:${PYTHONPATH} /usr/bin/python3 setup.py develop --uninstall --editable --build-directory /home/cadt-02/Documents/can_test_usb/ros2_can/build/odometry_cont/build
[13.004s] Invoking command in '/home/cadt-02/Documents/can_test_usb/ros2_can/src/odometry_cont': PYTHONPATH=/home/cadt-02/Documents/can_test_usb/ros2_can/build/odometry_cont/prefix_override:/home/cadt-02/Documents/can_test_usb/ros2_can/install/odometry_cont/lib/python3.8/site-packages:${PYTHONPATH} /usr/bin/python3 setup.py egg_info --egg-base ../../build/odometry_cont build --build-base /home/cadt-02/Documents/can_test_usb/ros2_can/build/odometry_cont/build install --record /home/cadt-02/Documents/can_test_usb/ros2_can/build/odometry_cont/install.log --install-scripts $base/lib/odometry_cont --single-version-externally-managed
[13.353s] /home/cadt-02/.local/lib/python3.8/site-packages/setuptools/dist.py:476: SetuptoolsDeprecationWarning: Invalid dash-separated options
[13.354s] !!
[13.354s] 
[13.354s]         ********************************************************************************
[13.355s]         Usage of dash-separated 'script-dir' will not be supported in future
[13.355s]         versions. Please use the underscore name 'script_dir' instead.
[13.355s] 
[13.355s]         By 2024-Sep-26, you need to update your project and remove deprecated calls
[13.356s]         or your builds will no longer be supported.
[13.356s] 
[13.356s]         See https://setuptools.pypa.io/en/latest/userguide/declarative_config.html for details.
[13.356s]         ********************************************************************************
[13.357s] 
[13.357s] !!
[13.357s]   opt = self.warn_dash_deprecation(opt, section)
[13.634s] running egg_info
[13.682s] writing ../../build/odometry_cont/odometry_cont.egg-info/PKG-INFO
[13.684s] writing dependency_links to ../../build/odometry_cont/odometry_cont.egg-info/dependency_links.txt
[13.684s] writing entry points to ../../build/odometry_cont/odometry_cont.egg-info/entry_points.txt
[13.684s] writing requirements to ../../build/odometry_cont/odometry_cont.egg-info/requires.txt
[13.685s] writing top-level names to ../../build/odometry_cont/odometry_cont.egg-info/top_level.txt
[14.033s] reading manifest file '../../build/odometry_cont/odometry_cont.egg-info/SOURCES.txt'
[14.035s] writing manifest file '../../build/odometry_cont/odometry_cont.egg-info/SOURCES.txt'
[14.035s] running build
[14.035s] running build_py
[14.035s] creating /home/cadt-02/Documents/can_test_usb/ros2_can/build/odometry_cont/build
[14.036s] creating /home/cadt-02/Documents/can_test_usb/ros2_can/build/odometry_cont/build/lib
[14.036s] creating /home/cadt-02/Documents/can_test_usb/ros2_can/build/odometry_cont/build/lib/odometry_cont
[14.036s] copying odometry_cont/__init__.py -> /home/cadt-02/Documents/can_test_usb/ros2_can/build/odometry_cont/build/lib/odometry_cont
[14.036s] copying odometry_cont/PID.py -> /home/cadt-02/Documents/can_test_usb/ros2_can/build/odometry_cont/build/lib/odometry_cont
[14.037s] creating /home/cadt-02/Documents/can_test_usb/ros2_can/build/odometry_cont/build/lib/script_odom
[14.037s] copying script_odom/__init__.py -> /home/cadt-02/Documents/can_test_usb/ros2_can/build/odometry_cont/build/lib/script_odom
[14.037s] copying script_odom/odometry.py -> /home/cadt-02/Documents/can_test_usb/ros2_can/build/odometry_cont/build/lib/script_odom
[14.038s] running install
[14.039s] /home/cadt-02/.local/lib/python3.8/site-packages/setuptools/_distutils/cmd.py:66: SetuptoolsDeprecationWarning: setup.py install is deprecated.
[14.039s] !!
[14.040s] 
[14.040s]         ********************************************************************************
[14.040s]         Please avoid running ``setup.py`` directly.
[14.040s]         Instead, use pypa/build, pypa/installer or other
[14.040s]         standards-based tools.
[14.040s] 
[14.040s]         See https://blog.ganssle.io/articles/2021/10/setup-py-deprecated.html for details.
[14.040s]         ********************************************************************************
[14.041s] 
[14.041s] !!
[14.041s]   self.initialize_options()
[14.051s] running install_lib
[14.097s] creating /home/cadt-02/Documents/can_test_usb/ros2_can/install/odometry_cont/lib/python3.8/site-packages/script_odom
[14.097s] copying /home/cadt-02/Documents/can_test_usb/ros2_can/build/odometry_cont/build/lib/script_odom/__init__.py -> /home/cadt-02/Documents/can_test_usb/ros2_can/install/odometry_cont/lib/python3.8/site-packages/script_odom
[14.098s] copying /home/cadt-02/Documents/can_test_usb/ros2_can/build/odometry_cont/build/lib/script_odom/odometry.py -> /home/cadt-02/Documents/can_test_usb/ros2_can/install/odometry_cont/lib/python3.8/site-packages/script_odom
[14.098s] creating /home/cadt-02/Documents/can_test_usb/ros2_can/install/odometry_cont/lib/python3.8/site-packages/odometry_cont
[14.098s] copying /home/cadt-02/Documents/can_test_usb/ros2_can/build/odometry_cont/build/lib/odometry_cont/__init__.py -> /home/cadt-02/Documents/can_test_usb/ros2_can/install/odometry_cont/lib/python3.8/site-packages/odometry_cont
[14.099s] copying /home/cadt-02/Documents/can_test_usb/ros2_can/build/odometry_cont/build/lib/odometry_cont/PID.py -> /home/cadt-02/Documents/can_test_usb/ros2_can/install/odometry_cont/lib/python3.8/site-packages/odometry_cont
[14.099s] byte-compiling /home/cadt-02/Documents/can_test_usb/ros2_can/install/odometry_cont/lib/python3.8/site-packages/script_odom/__init__.py to __init__.cpython-38.pyc
[14.100s] byte-compiling /home/cadt-02/Documents/can_test_usb/ros2_can/install/odometry_cont/lib/python3.8/site-packages/script_odom/odometry.py to odometry.cpython-38.pyc
[14.103s] byte-compiling /home/cadt-02/Documents/can_test_usb/ros2_can/install/odometry_cont/lib/python3.8/site-packages/odometry_cont/__init__.py to __init__.cpython-38.pyc
[14.103s] byte-compiling /home/cadt-02/Documents/can_test_usb/ros2_can/install/odometry_cont/lib/python3.8/site-packages/odometry_cont/PID.py to PID.cpython-38.pyc
[14.104s] running install_data
[14.149s] copying resource/odometry_cont -> /home/cadt-02/Documents/can_test_usb/ros2_can/install/odometry_cont/share/ament_index/resource_index/packages
[14.150s] copying package.xml -> /home/cadt-02/Documents/can_test_usb/ros2_can/install/odometry_cont/share/odometry_cont
[14.150s] running install_egg_info
[14.198s] Copying ../../build/odometry_cont/odometry_cont.egg-info to /home/cadt-02/Documents/can_test_usb/ros2_can/install/odometry_cont/lib/python3.8/site-packages/odometry_cont-0.0.0-py3.8.egg-info
[14.201s] running install_scripts
[14.311s] Installing odometry_cont script to /home/cadt-02/Documents/can_test_usb/ros2_can/install/odometry_cont/lib/odometry_cont
[14.312s] writing list of installed files to '/home/cadt-02/Documents/can_test_usb/ros2_can/build/odometry_cont/install.log'
[14.404s] Invoked command in '/home/cadt-02/Documents/can_test_usb/ros2_can/src/odometry_cont' returned '0': PYTHONPATH=/home/cadt-02/Documents/can_test_usb/ros2_can/build/odometry_cont/prefix_override:/home/cadt-02/Documents/can_test_usb/ros2_can/install/odometry_cont/lib/python3.8/site-packages:${PYTHONPATH} /usr/bin/python3 setup.py egg_info --egg-base ../../build/odometry_cont build --build-base /home/cadt-02/Documents/can_test_usb/ros2_can/build/odometry_cont/build install --record /home/cadt-02/Documents/can_test_usb/ros2_can/build/odometry_cont/install.log --install-scripts $base/lib/odometry_cont --single-version-externally-managed
