[16.758s] Invoking command in '/home/cadt-02/Documents/can_test_usb/ros2_can/build/keyboard_listener': PYTHONPATH=/home/cadt-02/Documents/can_test_usb/ros2_can/build/keyboard_listener/prefix_override:/home/cadt-02/Documents/can_test_usb/ros2_can/install/keyboard_listener/lib/python3.8/site-packages:${PYTHONPATH} /usr/bin/python3 setup.py develop --editable --build-directory /home/cadt-02/Documents/can_test_usb/ros2_can/build/keyboard_listener/build --no-deps install_data
[17.692s] running develop
[17.693s] /home/cadt-02/.local/lib/python3.8/site-packages/setuptools/command/develop.py:42: EasyInstallDeprecationWarning: easy_install command is deprecated.
[17.693s] !!
[17.693s] 
[17.693s]         ********************************************************************************
[17.693s]         Please avoid running ``setup.py`` and ``easy_install``.
[17.693s]         Instead, use pypa/build, pypa/installer or other
[17.694s]         standards-based tools.
[17.694s] 
[17.694s]         See https://github.com/pypa/setuptools/issues/917 for details.
[17.694s]         ********************************************************************************
[17.694s] 
[17.694s] !!
[17.694s]   easy_install.initialize_options(self)
[17.791s] /home/cadt-02/.local/lib/python3.8/site-packages/setuptools/_distutils/cmd.py:66: SetuptoolsDeprecationWarning: setup.py install is deprecated.
[17.791s] !!
[17.792s] 
[17.792s]         ********************************************************************************
[17.792s]         Please avoid running ``setup.py`` directly.
[17.792s]         Instead, use pypa/build, pypa/installer or other
[17.792s]         standards-based tools.
[17.792s] 
[17.793s]         See https://blog.ganssle.io/articles/2021/10/setup-py-deprecated.html for details.
[17.793s]         ********************************************************************************
[17.793s] 
[17.793s] !!
[17.793s]   self.initialize_options()
[18.295s] running egg_info
[18.340s] writing keyboard_listener.egg-info/PKG-INFO
[18.343s] writing dependency_links to keyboard_listener.egg-info/dependency_links.txt
[18.344s] writing entry points to keyboard_listener.egg-info/entry_points.txt
[18.344s] writing requirements to keyboard_listener.egg-info/requires.txt
[18.344s] writing top-level names to keyboard_listener.egg-info/top_level.txt
[18.443s] reading manifest file 'keyboard_listener.egg-info/SOURCES.txt'
[18.449s] writing manifest file 'keyboard_listener.egg-info/SOURCES.txt'
[18.626s] running build_ext
[18.626s] Creating /home/cadt-02/Documents/can_test_usb/ros2_can/install/keyboard_listener/lib/python3.8/site-packages/keyboard-listener.egg-link (link to .)
[18.631s] Installing keyboard_listener script to /home/cadt-02/Documents/can_test_usb/ros2_can/install/keyboard_listener/lib/keyboard_listener
[18.633s] 
[18.633s] Installed /home/cadt-02/Documents/can_test_usb/ros2_can/build/keyboard_listener
[18.633s] running install_data
[18.634s] copying resource/keyboard_listener -> /home/cadt-02/Documents/can_test_usb/ros2_can/install/keyboard_listener/share/ament_index/resource_index/packages
[18.634s] copying package.xml -> /home/cadt-02/Documents/can_test_usb/ros2_can/install/keyboard_listener/share/keyboard_listener
[23.907s] Invoked command in '/home/cadt-02/Documents/can_test_usb/ros2_can/build/keyboard_listener' returned '0': PYTHONPATH=/home/cadt-02/Documents/can_test_usb/ros2_can/build/keyboard_listener/prefix_override:/home/cadt-02/Documents/can_test_usb/ros2_can/install/keyboard_listener/lib/python3.8/site-packages:${PYTHONPATH} /usr/bin/python3 setup.py develop --editable --build-directory /home/cadt-02/Documents/can_test_usb/ros2_can/build/keyboard_listener/build --no-deps install_data
