[13.660s] Invoking command in '/home/cadt-02/Documents/can_test_usb/ros2_can/build/odometry_cont': PYTHONPATH=/home/cadt-02/Documents/can_test_usb/ros2_can/build/odometry_cont/prefix_override:/home/cadt-02/Documents/can_test_usb/ros2_can/install/odometry_cont/lib/python3.8/site-packages:${PYTHONPATH} /usr/bin/python3 setup.py develop --editable --build-directory /home/cadt-02/Documents/can_test_usb/ros2_can/build/odometry_cont/build --no-deps install_data
[13.994s] /home/cadt-02/.local/lib/python3.8/site-packages/setuptools/dist.py:476: SetuptoolsDeprecationWarning: Invalid dash-separated options
[13.994s] !!
[13.995s] 
[13.995s]         ********************************************************************************
[13.995s]         Usage of dash-separated 'script-dir' will not be supported in future
[13.995s]         versions. Please use the underscore name 'script_dir' instead.
[13.995s] 
[13.995s]         By 2024-Sep-26, you need to update your project and remove deprecated calls
[13.995s]         or your builds will no longer be supported.
[13.996s] 
[13.996s]         See https://setuptools.pypa.io/en/latest/userguide/declarative_config.html for details.
[13.996s]         ********************************************************************************
[13.996s] 
[13.996s] !!
[13.996s]   opt = self.warn_dash_deprecation(opt, section)
[14.488s] running develop
[14.488s] /home/cadt-02/.local/lib/python3.8/site-packages/setuptools/command/develop.py:42: EasyInstallDeprecationWarning: easy_install command is deprecated.
[14.489s] !!
[14.490s] 
[14.491s]         ********************************************************************************
[14.492s]         Please avoid running ``setup.py`` and ``easy_install``.
[14.493s]         Instead, use pypa/build, pypa/installer or other
[14.494s]         standards-based tools.
[14.494s] 
[14.495s]         See https://github.com/pypa/setuptools/issues/917 for details.
[14.496s]         ********************************************************************************
[14.497s] 
[14.497s] !!
[14.498s]   easy_install.initialize_options(self)
[14.577s] /home/cadt-02/.local/lib/python3.8/site-packages/setuptools/_distutils/cmd.py:66: SetuptoolsDeprecationWarning: setup.py install is deprecated.
[14.577s] !!
[14.578s] 
[14.579s]         ********************************************************************************
[14.580s]         Please avoid running ``setup.py`` directly.
[14.581s]         Instead, use pypa/build, pypa/installer or other
[14.581s]         standards-based tools.
[14.583s] 
[14.583s]         See https://blog.ganssle.io/articles/2021/10/setup-py-deprecated.html for details.
[14.584s]         ********************************************************************************
[14.585s] 
[14.585s] !!
[14.586s]   self.initialize_options()
[15.035s] running egg_info
[15.077s] writing odometry_cont.egg-info/PKG-INFO
[15.078s] writing dependency_links to odometry_cont.egg-info/dependency_links.txt
[15.079s] writing entry points to odometry_cont.egg-info/entry_points.txt
[15.080s] writing requirements to odometry_cont.egg-info/requires.txt
[15.081s] writing top-level names to odometry_cont.egg-info/top_level.txt
[15.172s] reading manifest file 'odometry_cont.egg-info/SOURCES.txt'
[15.175s] writing manifest file 'odometry_cont.egg-info/SOURCES.txt'
[15.330s] running build_ext
[15.331s] Creating /home/cadt-02/Documents/can_test_usb/ros2_can/install/odometry_cont/lib/python3.8/site-packages/odometry-cont.egg-link (link to .)
[15.332s] Installing odometry_cont script to /home/cadt-02/Documents/can_test_usb/ros2_can/install/odometry_cont/lib/odometry_cont
[15.336s] 
[15.336s] Installed /home/cadt-02/Documents/can_test_usb/ros2_can/build/odometry_cont
[15.338s] running install_data
[15.339s] copying resource/odometry_cont -> /home/cadt-02/Documents/can_test_usb/ros2_can/install/odometry_cont/share/ament_index/resource_index/packages
[15.340s] copying package.xml -> /home/cadt-02/Documents/can_test_usb/ros2_can/install/odometry_cont/share/odometry_cont
[15.449s] Invoked command in '/home/cadt-02/Documents/can_test_usb/ros2_can/build/odometry_cont' returned '0': PYTHONPATH=/home/cadt-02/Documents/can_test_usb/ros2_can/build/odometry_cont/prefix_override:/home/cadt-02/Documents/can_test_usb/ros2_can/install/odometry_cont/lib/python3.8/site-packages:${PYTHONPATH} /usr/bin/python3 setup.py develop --editable --build-directory /home/cadt-02/Documents/can_test_usb/ros2_can/build/odometry_cont/build --no-deps install_data
