[12.141s] Invoking command in '/home/cadt-02/Documents/can_test_usb/ros2_can/src/my_robot': PYTHONPATH=/home/cadt-02/Documents/can_test_usb/ros2_can/build/my_robot/prefix_override:/home/cadt-02/Documents/can_test_usb/ros2_can/install/my_robot/lib/python3.8/site-packages:${PYTHONPATH} /usr/bin/python3 setup.py egg_info --egg-base ../../build/my_robot build --build-base /home/cadt-02/Documents/can_test_usb/ros2_can/build/my_robot/build install --record /home/cadt-02/Documents/can_test_usb/ros2_can/build/my_robot/install.log --install-scripts $base/lib/my_robot --single-version-externally-managed
[13.507s] running egg_info
[13.507s] writing ../../build/my_robot/my_robot.egg-info/PKG-INFO
[13.507s] writing dependency_links to ../../build/my_robot/my_robot.egg-info/dependency_links.txt
[13.507s] writing entry points to ../../build/my_robot/my_robot.egg-info/entry_points.txt
[13.507s] writing requirements to ../../build/my_robot/my_robot.egg-info/requires.txt
[13.507s] writing top-level names to ../../build/my_robot/my_robot.egg-info/top_level.txt
[13.507s] reading manifest file '../../build/my_robot/my_robot.egg-info/SOURCES.txt'
[13.508s] writing manifest file '../../build/my_robot/my_robot.egg-info/SOURCES.txt'
[13.508s] running build
[13.508s] running build_py
[13.508s] copying my_robot/__init__.py -> /home/cadt-02/Documents/can_test_usb/ros2_can/build/my_robot/build/lib/my_robot
[13.508s] copying my_robot/my_robot.py -> /home/cadt-02/Documents/can_test_usb/ros2_can/build/my_robot/build/lib/my_robot
[13.508s] running install
[13.508s] running install_lib
[13.509s] running install_data
[13.509s] copying resource/my_robot -> /home/cadt-02/Documents/can_test_usb/ros2_can/install/my_robot/share/ament_index/resource_index/packages
[13.509s] copying package.xml -> /home/cadt-02/Documents/can_test_usb/ros2_can/install/my_robot/share/my_robot
[13.509s] running install_egg_info
[13.509s] removing '/home/cadt-02/Documents/can_test_usb/ros2_can/install/my_robot/lib/python3.8/site-packages/my_robot-0.0.0-py3.8.egg-info' (and everything under it)
[13.509s] Copying ../../build/my_robot/my_robot.egg-info to /home/cadt-02/Documents/can_test_usb/ros2_can/install/my_robot/lib/python3.8/site-packages/my_robot-0.0.0-py3.8.egg-info
[13.509s] running install_scripts
[13.510s] Installing my_robot script to /home/cadt-02/Documents/can_test_usb/ros2_can/install/my_robot/lib/my_robot
[13.510s] writing list of installed files to '/home/cadt-02/Documents/can_test_usb/ros2_can/build/my_robot/install.log'
[13.515s] /home/cadt-02/.local/lib/python3.8/site-packages/setuptools/dist.py:476: SetuptoolsDeprecationWarning: Invalid dash-separated options
[13.516s] !!
[13.517s] 
[13.518s]         ********************************************************************************
[13.518s]         Usage of dash-separated 'script-dir' will not be supported in future
[13.519s]         versions. Please use the underscore name 'script_dir' instead.
[13.519s] 
[13.531s]         By 2024-Sep-26, you need to update your project and remove deprecated calls
[13.531s]         or your builds will no longer be supported.
[13.531s] 
[13.531s]         See https://setuptools.pypa.io/en/latest/userguide/declarative_config.html for details.
[13.531s]         ********************************************************************************
[13.532s] 
[13.532s] !!
[13.532s]   opt = self.warn_dash_deprecation(opt, section)
[13.532s] /home/cadt-02/.local/lib/python3.8/site-packages/setuptools/_distutils/cmd.py:66: SetuptoolsDeprecationWarning: setup.py install is deprecated.
[13.532s] !!
[13.532s] 
[13.532s]         ********************************************************************************
[13.532s]         Please avoid running ``setup.py`` directly.
[13.533s]         Instead, use pypa/build, pypa/installer or other
[13.533s]         standards-based tools.
[13.533s] 
[13.533s]         See https://blog.ganssle.io/articles/2021/10/setup-py-deprecated.html for details.
[13.533s]         ********************************************************************************
[13.533s] 
[13.533s] !!
[13.534s]   self.initialize_options()
[20.684s] Invoked command in '/home/cadt-02/Documents/can_test_usb/ros2_can/src/my_robot' returned '0': PYTHONPATH=/home/cadt-02/Documents/can_test_usb/ros2_can/build/my_robot/prefix_override:/home/cadt-02/Documents/can_test_usb/ros2_can/install/my_robot/lib/python3.8/site-packages:${PYTHONPATH} /usr/bin/python3 setup.py egg_info --egg-base ../../build/my_robot build --build-base /home/cadt-02/Documents/can_test_usb/ros2_can/build/my_robot/build install --record /home/cadt-02/Documents/can_test_usb/ros2_can/build/my_robot/install.log --install-scripts $base/lib/my_robot --single-version-externally-managed
