[9.689s] Invoking command in '/home/cadt-02/Documents/can_test_usb/ros2_can/build/ros_imu': PYTHONPATH=/home/cadt-02/Documents/can_test_usb/ros2_can/build/ros_imu/prefix_override:/home/cadt-02/Documents/can_test_usb/ros2_can/install/ros_imu/lib/python3.8/site-packages:${PYTHONPATH} /usr/bin/python3 setup.py develop --editable --build-directory /home/cadt-02/Documents/can_test_usb/ros2_can/build/ros_imu/build --no-deps install_data
[10.029s] /home/cadt-02/.local/lib/python3.8/site-packages/setuptools/dist.py:476: SetuptoolsDeprecationWarning: Invalid dash-separated options
[10.029s] !!
[10.029s] 
[10.029s]         ********************************************************************************
[10.030s]         Usage of dash-separated 'script-dir' will not be supported in future
[10.030s]         versions. Please use the underscore name 'script_dir' instead.
[10.030s] 
[10.030s]         By 2024-Sep-26, you need to update your project and remove deprecated calls
[10.030s]         or your builds will no longer be supported.
[10.030s] 
[10.031s]         See https://setuptools.pypa.io/en/latest/userguide/declarative_config.html for details.
[10.031s]         ********************************************************************************
[10.031s] 
[10.031s] !!
[10.031s]   opt = self.warn_dash_deprecation(opt, section)
[10.521s] running develop
[10.521s] /home/cadt-02/.local/lib/python3.8/site-packages/setuptools/command/develop.py:42: EasyInstallDeprecationWarning: easy_install command is deprecated.
[10.521s] !!
[10.522s] 
[10.522s]         ********************************************************************************
[10.522s]         Please avoid running ``setup.py`` and ``easy_install``.
[10.522s]         Instead, use pypa/build, pypa/installer or other
[10.522s]         standards-based tools.
[10.522s] 
[10.522s]         See https://github.com/pypa/setuptools/issues/917 for details.
[10.523s]         ********************************************************************************
[10.523s] 
[10.523s] !!
[10.523s]   easy_install.initialize_options(self)
[10.610s] /home/cadt-02/.local/lib/python3.8/site-packages/setuptools/_distutils/cmd.py:66: SetuptoolsDeprecationWarning: setup.py install is deprecated.
[10.610s] !!
[10.610s] 
[10.610s]         ********************************************************************************
[10.611s]         Please avoid running ``setup.py`` directly.
[10.611s]         Instead, use pypa/build, pypa/installer or other
[10.611s]         standards-based tools.
[10.611s] 
[10.611s]         See https://blog.ganssle.io/articles/2021/10/setup-py-deprecated.html for details.
[10.611s]         ********************************************************************************
[10.612s] 
[10.612s] !!
[10.612s]   self.initialize_options()
[11.070s] running egg_info
[11.113s] writing ros_imu.egg-info/PKG-INFO
[11.115s] writing dependency_links to ros_imu.egg-info/dependency_links.txt
[11.115s] writing entry points to ros_imu.egg-info/entry_points.txt
[11.115s] writing requirements to ros_imu.egg-info/requires.txt
[11.116s] writing top-level names to ros_imu.egg-info/top_level.txt
[11.206s] reading manifest file 'ros_imu.egg-info/SOURCES.txt'
[11.208s] writing manifest file 'ros_imu.egg-info/SOURCES.txt'
[11.365s] running build_ext
[11.365s] Creating /home/cadt-02/Documents/can_test_usb/ros2_can/install/ros_imu/lib/python3.8/site-packages/ros-imu.egg-link (link to .)
[11.367s] Installing ros_imu script to /home/cadt-02/Documents/can_test_usb/ros2_can/install/ros_imu/lib/ros_imu
[11.368s] 
[11.368s] Installed /home/cadt-02/Documents/can_test_usb/ros2_can/build/ros_imu
[11.368s] running install_data
[11.368s] copying resource/ros_imu -> /home/cadt-02/Documents/can_test_usb/ros2_can/install/ros_imu/share/ament_index/resource_index/packages
[11.369s] copying package.xml -> /home/cadt-02/Documents/can_test_usb/ros2_can/install/ros_imu/share/ros_imu
[11.500s] Invoked command in '/home/cadt-02/Documents/can_test_usb/ros2_can/build/ros_imu' returned '0': PYTHONPATH=/home/cadt-02/Documents/can_test_usb/ros2_can/build/ros_imu/prefix_override:/home/cadt-02/Documents/can_test_usb/ros2_can/install/ros_imu/lib/python3.8/site-packages:${PYTHONPATH} /usr/bin/python3 setup.py develop --editable --build-directory /home/cadt-02/Documents/can_test_usb/ros2_can/build/ros_imu/build --no-deps install_data
