[14.040s] Invoking command in '/home/cadt-02/Documents/can_test_usb/ros2_can/build/my_package': PYTHONPATH=/home/cadt-02/Documents/can_test_usb/ros2_can/build/my_package/prefix_override:/home/cadt-02/Documents/can_test_usb/ros2_can/install/my_package/lib/python3.8/site-packages:${PYTHONPATH} /usr/bin/python3 setup.py develop --editable --build-directory /home/cadt-02/Documents/can_test_usb/ros2_can/build/my_package/build --no-deps install_data
[14.468s] /home/cadt-02/.local/lib/python3.8/site-packages/setuptools/dist.py:476: SetuptoolsDeprecationWarning: Invalid dash-separated options
[14.468s] !!
[14.469s] 
[14.469s]         ********************************************************************************
[14.469s]         Usage of dash-separated 'build-base' will not be supported in future
[14.469s]         versions. Please use the underscore name 'build_base' instead.
[14.469s] 
[14.469s]         By 2024-Sep-26, you need to update your project and remove deprecated calls
[14.470s]         or your builds will no longer be supported.
[14.470s] 
[14.470s]         See https://setuptools.pypa.io/en/latest/userguide/declarative_config.html for details.
[14.470s]         ********************************************************************************
[14.470s] 
[14.470s] !!
[14.470s]   opt = self.warn_dash_deprecation(opt, section)
[15.023s] running develop
[15.024s] /home/cadt-02/.local/lib/python3.8/site-packages/setuptools/command/develop.py:42: EasyInstallDeprecationWarning: easy_install command is deprecated.
[15.024s] !!
[15.024s] 
[15.024s]         ********************************************************************************
[15.024s]         Please avoid running ``setup.py`` and ``easy_install``.
[15.025s]         Instead, use pypa/build, pypa/installer or other
[15.025s]         standards-based tools.
[15.025s] 
[15.025s]         See https://github.com/pypa/setuptools/issues/917 for details.
[15.025s]         ********************************************************************************
[15.025s] 
[15.025s] !!
[15.025s]   easy_install.initialize_options(self)
[15.133s] /home/cadt-02/.local/lib/python3.8/site-packages/setuptools/_distutils/cmd.py:66: SetuptoolsDeprecationWarning: setup.py install is deprecated.
[15.133s] !!
[15.133s] 
[15.133s]         ********************************************************************************
[15.133s]         Please avoid running ``setup.py`` directly.
[15.134s]         Instead, use pypa/build, pypa/installer or other
[15.134s]         standards-based tools.
[15.134s] 
[15.134s]         See https://blog.ganssle.io/articles/2021/10/setup-py-deprecated.html for details.
[15.134s]         ********************************************************************************
[15.134s] 
[15.134s] !!
[15.134s]   self.initialize_options()
[15.676s] running egg_info
[15.722s] writing my_package.egg-info/PKG-INFO
[15.727s] writing dependency_links to my_package.egg-info/dependency_links.txt
[15.728s] writing entry points to my_package.egg-info/entry_points.txt
[15.729s] writing requirements to my_package.egg-info/requires.txt
[15.730s] writing top-level names to my_package.egg-info/top_level.txt
[15.833s] reading manifest file 'my_package.egg-info/SOURCES.txt'
[15.836s] writing manifest file 'my_package.egg-info/SOURCES.txt'
[16.023s] running build_ext
[16.024s] Creating /home/cadt-02/Documents/can_test_usb/ros2_can/install/my_package/lib/python3.8/site-packages/my-package.egg-link (link to .)
[16.028s] Installing live_detection_node script to /home/cadt-02/Documents/can_test_usb/ros2_can/install/my_package/lib/my_package
[16.029s] Installing main script to /home/cadt-02/Documents/can_test_usb/ros2_can/install/my_package/lib/my_package
[16.029s] Installing my_node script to /home/cadt-02/Documents/can_test_usb/ros2_can/install/my_package/lib/my_package
[16.029s] Installing reinforcement_r2 script to /home/cadt-02/Documents/can_test_usb/ros2_can/install/my_package/lib/my_package
[16.029s] 
[16.030s] Installed /home/cadt-02/Documents/can_test_usb/ros2_can/build/my_package
[16.030s] running install_data
[16.030s] copying resource/my_package -> /home/cadt-02/Documents/can_test_usb/ros2_can/install/my_package/share/ament_index/resource_index/packages
[16.030s] copying package.xml -> /home/cadt-02/Documents/can_test_usb/ros2_can/install/my_package/share/my_package
[21.391s] Invoked command in '/home/cadt-02/Documents/can_test_usb/ros2_can/build/my_package' returned '0': PYTHONPATH=/home/cadt-02/Documents/can_test_usb/ros2_can/build/my_package/prefix_override:/home/cadt-02/Documents/can_test_usb/ros2_can/install/my_package/lib/python3.8/site-packages:${PYTHONPATH} /usr/bin/python3 setup.py develop --editable --build-directory /home/cadt-02/Documents/can_test_usb/ros2_can/build/my_package/build --no-deps install_data
