[16.087s] Invoking command in '/home/cadt-02/Documents/can_test_usb/ros2_can/build/odometry_cont': PYTHONPATH=/home/cadt-02/Documents/can_test_usb/ros2_can/build/odometry_cont/prefix_override:/home/cadt-02/Documents/can_test_usb/ros2_can/install/odometry_cont/lib/python3.8/site-packages:${PYTHONPATH} /usr/bin/python3 setup.py develop --editable --build-directory /home/cadt-02/Documents/can_test_usb/ros2_can/build/odometry_cont/build --no-deps install_data
[16.427s] /home/cadt-02/.local/lib/python3.8/site-packages/setuptools/dist.py:476: SetuptoolsDeprecationWarning: Invalid dash-separated options
[16.427s] !!
[16.427s] 
[16.427s]         ********************************************************************************
[16.427s]         Usage of dash-separated 'script-dir' will not be supported in future
[16.427s]         versions. Please use the underscore name 'script_dir' instead.
[16.428s] 
[16.428s]         By 2024-Sep-26, you need to update your project and remove deprecated calls
[16.428s]         or your builds will no longer be supported.
[16.428s] 
[16.428s]         See https://setuptools.pypa.io/en/latest/userguide/declarative_config.html for details.
[16.428s]         ********************************************************************************
[16.428s] 
[16.428s] !!
[16.428s]   opt = self.warn_dash_deprecation(opt, section)
[16.912s] running develop
[16.912s] /home/cadt-02/.local/lib/python3.8/site-packages/setuptools/command/develop.py:42: EasyInstallDeprecationWarning: easy_install command is deprecated.
[16.912s] !!
[16.913s] 
[16.913s]         ********************************************************************************
[16.913s]         Please avoid running ``setup.py`` and ``easy_install``.
[16.913s]         Instead, use pypa/build, pypa/installer or other
[16.913s]         standards-based tools.
[16.913s] 
[16.913s]         See https://github.com/pypa/setuptools/issues/917 for details.
[16.913s]         ********************************************************************************
[16.914s] 
[16.914s] !!
[16.914s]   easy_install.initialize_options(self)
[17.003s] /home/cadt-02/.local/lib/python3.8/site-packages/setuptools/_distutils/cmd.py:66: SetuptoolsDeprecationWarning: setup.py install is deprecated.
[17.003s] !!
[17.003s] 
[17.003s]         ********************************************************************************
[17.003s]         Please avoid running ``setup.py`` directly.
[17.003s]         Instead, use pypa/build, pypa/installer or other
[17.004s]         standards-based tools.
[17.004s] 
[17.004s]         See https://blog.ganssle.io/articles/2021/10/setup-py-deprecated.html for details.
[17.004s]         ********************************************************************************
[17.004s] 
[17.004s] !!
[17.004s]   self.initialize_options()
[17.458s] running egg_info
[17.502s] writing odometry_cont.egg-info/PKG-INFO
[17.503s] writing dependency_links to odometry_cont.egg-info/dependency_links.txt
[17.504s] writing entry points to odometry_cont.egg-info/entry_points.txt
[17.504s] writing requirements to odometry_cont.egg-info/requires.txt
[17.505s] writing top-level names to odometry_cont.egg-info/top_level.txt
[17.601s] reading manifest file 'odometry_cont.egg-info/SOURCES.txt'
[17.603s] writing manifest file 'odometry_cont.egg-info/SOURCES.txt'
[17.763s] running build_ext
[17.763s] Creating /home/cadt-02/Documents/can_test_usb/ros2_can/install/odometry_cont/lib/python3.8/site-packages/odometry-cont.egg-link (link to .)
[17.765s] Installing odometry_cont script to /home/cadt-02/Documents/can_test_usb/ros2_can/install/odometry_cont/lib/odometry_cont
[17.766s] 
[17.766s] Installed /home/cadt-02/Documents/can_test_usb/ros2_can/build/odometry_cont
[17.766s] running install_data
[17.767s] copying resource/odometry_cont -> /home/cadt-02/Documents/can_test_usb/ros2_can/install/odometry_cont/share/ament_index/resource_index/packages
[17.767s] copying package.xml -> /home/cadt-02/Documents/can_test_usb/ros2_can/install/odometry_cont/share/odometry_cont
[17.882s] Invoked command in '/home/cadt-02/Documents/can_test_usb/ros2_can/build/odometry_cont' returned '0': PYTHONPATH=/home/cadt-02/Documents/can_test_usb/ros2_can/build/odometry_cont/prefix_override:/home/cadt-02/Documents/can_test_usb/ros2_can/install/odometry_cont/lib/python3.8/site-packages:${PYTHONPATH} /usr/bin/python3 setup.py develop --editable --build-directory /home/cadt-02/Documents/can_test_usb/ros2_can/build/odometry_cont/build --no-deps install_data
