[17.116s] Invoking command in '/home/cadt-02/Documents/can_test_usb/ros2_can/build/odometry_cont': PYTHONPATH=/home/cadt-02/Documents/can_test_usb/ros2_can/build/odometry_cont/prefix_override:/home/cadt-02/Documents/can_test_usb/ros2_can/install/odometry_cont/lib/python3.8/site-packages:${PYTHONPATH} /usr/bin/python3 setup.py develop --editable --build-directory /home/cadt-02/Documents/can_test_usb/ros2_can/build/odometry_cont/build --no-deps install_data
[17.453s] /home/cadt-02/.local/lib/python3.8/site-packages/setuptools/dist.py:476: SetuptoolsDeprecationWarning: Invalid dash-separated options
[17.454s] !!
[17.454s] 
[17.454s]         ********************************************************************************
[17.454s]         Usage of dash-separated 'script-dir' will not be supported in future
[17.454s]         versions. Please use the underscore name 'script_dir' instead.
[17.455s] 
[17.455s]         By 2024-Sep-26, you need to update your project and remove deprecated calls
[17.455s]         or your builds will no longer be supported.
[17.455s] 
[17.455s]         See https://setuptools.pypa.io/en/latest/userguide/declarative_config.html for details.
[17.455s]         ********************************************************************************
[17.455s] 
[17.455s] !!
[17.456s]   opt = self.warn_dash_deprecation(opt, section)
[17.953s] running develop
[17.953s] /home/cadt-02/.local/lib/python3.8/site-packages/setuptools/command/develop.py:42: EasyInstallDeprecationWarning: easy_install command is deprecated.
[17.954s] !!
[17.954s] 
[17.954s]         ********************************************************************************
[17.954s]         Please avoid running ``setup.py`` and ``easy_install``.
[17.954s]         Instead, use pypa/build, pypa/installer or other
[17.954s]         standards-based tools.
[17.955s] 
[17.955s]         See https://github.com/pypa/setuptools/issues/917 for details.
[17.955s]         ********************************************************************************
[17.955s] 
[17.955s] !!
[17.955s]   easy_install.initialize_options(self)
[18.047s] /home/cadt-02/.local/lib/python3.8/site-packages/setuptools/_distutils/cmd.py:66: SetuptoolsDeprecationWarning: setup.py install is deprecated.
[18.048s] !!
[18.048s] 
[18.048s]         ********************************************************************************
[18.048s]         Please avoid running ``setup.py`` directly.
[18.048s]         Instead, use pypa/build, pypa/installer or other
[18.048s]         standards-based tools.
[18.048s] 
[18.049s]         See https://blog.ganssle.io/articles/2021/10/setup-py-deprecated.html for details.
[18.049s]         ********************************************************************************
[18.049s] 
[18.049s] !!
[18.049s]   self.initialize_options()
[18.507s] running egg_info
[18.550s] writing odometry_cont.egg-info/PKG-INFO
[18.551s] writing dependency_links to odometry_cont.egg-info/dependency_links.txt
[18.552s] writing entry points to odometry_cont.egg-info/entry_points.txt
[18.552s] writing requirements to odometry_cont.egg-info/requires.txt
[18.552s] writing top-level names to odometry_cont.egg-info/top_level.txt
[18.643s] reading manifest file 'odometry_cont.egg-info/SOURCES.txt'
[18.645s] writing manifest file 'odometry_cont.egg-info/SOURCES.txt'
[18.816s] running build_ext
[18.817s] Creating /home/cadt-02/Documents/can_test_usb/ros2_can/install/odometry_cont/lib/python3.8/site-packages/odometry-cont.egg-link (link to .)
[18.817s] Installing odometry_cont script to /home/cadt-02/Documents/can_test_usb/ros2_can/install/odometry_cont/lib/odometry_cont
[18.817s] 
[18.818s] Installed /home/cadt-02/Documents/can_test_usb/ros2_can/build/odometry_cont
[18.818s] running install_data
[18.818s] copying resource/odometry_cont -> /home/cadt-02/Documents/can_test_usb/ros2_can/install/odometry_cont/share/ament_index/resource_index/packages
[18.818s] copying package.xml -> /home/cadt-02/Documents/can_test_usb/ros2_can/install/odometry_cont/share/odometry_cont
[20.080s] Invoked command in '/home/cadt-02/Documents/can_test_usb/ros2_can/build/odometry_cont' returned '0': PYTHONPATH=/home/cadt-02/Documents/can_test_usb/ros2_can/build/odometry_cont/prefix_override:/home/cadt-02/Documents/can_test_usb/ros2_can/install/odometry_cont/lib/python3.8/site-packages:${PYTHONPATH} /usr/bin/python3 setup.py develop --editable --build-directory /home/cadt-02/Documents/can_test_usb/ros2_can/build/odometry_cont/build --no-deps install_data
