[13.110s] Invoking command in '/home/cadt-02/Documents/can_test_usb/ros2_can/build/my_robot': NX_CONNECTION=172.23.33.204 59150 172.23.34.34 4000 PYTHONPATH=/home/cadt-02/Documents/can_test_usb/ros2_can/build/my_robot/prefix_override:/home/cadt-02/Documents/can_test_usb/ros2_can/install/my_robot/lib/python3.8/site-packages:${PYTHONPATH} /usr/bin/python3 setup.py develop --editable --build-directory /home/cadt-02/Documents/can_test_usb/ros2_can/build/my_robot/build --no-deps install_data
[13.487s] /home/cadt-02/.local/lib/python3.8/site-packages/setuptools/dist.py:476: SetuptoolsDeprecationWarning: Invalid dash-separated options
[13.487s] !!
[13.487s] 
[13.487s]         ********************************************************************************
[13.487s]         Usage of dash-separated 'script-dir' will not be supported in future
[13.488s]         versions. Please use the underscore name 'script_dir' instead.
[13.488s] 
[13.488s]         By 2024-Sep-26, you need to update your project and remove deprecated calls
[13.488s]         or your builds will no longer be supported.
[13.488s] 
[13.488s]         See https://setuptools.pypa.io/en/latest/userguide/declarative_config.html for details.
[13.489s]         ********************************************************************************
[13.489s] 
[13.489s] !!
[13.489s]   opt = self.warn_dash_deprecation(opt, section)
[14.029s] running develop
[14.034s] /home/cadt-02/.local/lib/python3.8/site-packages/setuptools/command/develop.py:42: EasyInstallDeprecationWarning: easy_install command is deprecated.
[14.034s] !!
[14.034s] 
[14.034s]         ********************************************************************************
[14.034s]         Please avoid running ``setup.py`` and ``easy_install``.
[14.035s]         Instead, use pypa/build, pypa/installer or other
[14.035s]         standards-based tools.
[14.035s] 
[14.035s]         See https://github.com/pypa/setuptools/issues/917 for details.
[14.035s]         ********************************************************************************
[14.035s] 
[14.036s] !!
[14.036s]   easy_install.initialize_options(self)
[14.119s] /home/cadt-02/.local/lib/python3.8/site-packages/setuptools/_distutils/cmd.py:66: SetuptoolsDeprecationWarning: setup.py install is deprecated.
[14.120s] !!
[14.120s] 
[14.120s]         ********************************************************************************
[14.120s]         Please avoid running ``setup.py`` directly.
[14.120s]         Instead, use pypa/build, pypa/installer or other
[14.121s]         standards-based tools.
[14.121s] 
[14.121s]         See https://blog.ganssle.io/articles/2021/10/setup-py-deprecated.html for details.
[14.121s]         ********************************************************************************
[14.121s] 
[14.121s] !!
[14.122s]   self.initialize_options()
[14.607s] running egg_info
[14.652s] writing my_robot.egg-info/PKG-INFO
[14.653s] writing dependency_links to my_robot.egg-info/dependency_links.txt
[14.654s] writing entry points to my_robot.egg-info/entry_points.txt
[14.654s] writing requirements to my_robot.egg-info/requires.txt
[14.655s] writing top-level names to my_robot.egg-info/top_level.txt
[14.762s] reading manifest file 'my_robot.egg-info/SOURCES.txt'
[14.763s] writing manifest file 'my_robot.egg-info/SOURCES.txt'
[15.064s] running build_ext
[15.065s] Creating /home/cadt-02/Documents/can_test_usb/ros2_can/install/my_robot/lib/python3.8/site-packages/my-robot.egg-link (link to .)
[15.068s] Installing my_robot script to /home/cadt-02/Documents/can_test_usb/ros2_can/install/my_robot/lib/my_robot
[15.068s] 
[15.069s] Installed /home/cadt-02/Documents/can_test_usb/ros2_can/build/my_robot
[15.069s] running install_data
[15.069s] copying resource/my_robot -> /home/cadt-02/Documents/can_test_usb/ros2_can/install/my_robot/share/ament_index/resource_index/packages
[15.069s] copying package.xml -> /home/cadt-02/Documents/can_test_usb/ros2_can/install/my_robot/share/my_robot
[19.890s] Invoked command in '/home/cadt-02/Documents/can_test_usb/ros2_can/build/my_robot' returned '0': NX_CONNECTION=172.23.33.204 59150 172.23.34.34 4000 PYTHONPATH=/home/cadt-02/Documents/can_test_usb/ros2_can/build/my_robot/prefix_override:/home/cadt-02/Documents/can_test_usb/ros2_can/install/my_robot/lib/python3.8/site-packages:${PYTHONPATH} /usr/bin/python3 setup.py develop --editable --build-directory /home/cadt-02/Documents/can_test_usb/ros2_can/build/my_robot/build --no-deps install_data
