[14.493s] Invoking command in '/home/cadt-02/Documents/can_test_usb/ros2_can/build/auto_r2': PYTHONPATH=/home/cadt-02/Documents/can_test_usb/ros2_can/build/auto_r2/prefix_override:/home/cadt-02/Documents/can_test_usb/ros2_can/install/auto_r2/lib/python3.8/site-packages:${PYTHONPATH} /usr/bin/python3 setup.py develop --editable --build-directory /home/cadt-02/Documents/can_test_usb/ros2_can/build/auto_r2/build --no-deps install_data
[14.894s] /home/cadt-02/.local/lib/python3.8/site-packages/setuptools/dist.py:476: SetuptoolsDeprecationWarning: Invalid dash-separated options
[14.895s] !!
[14.895s] 
[14.895s]         ********************************************************************************
[14.895s]         Usage of dash-separated 'script-dir' will not be supported in future
[14.896s]         versions. Please use the underscore name 'script_dir' instead.
[14.896s] 
[14.896s]         By 2024-Sep-26, you need to update your project and remove deprecated calls
[14.896s]         or your builds will no longer be supported.
[14.897s] 
[14.897s]         See https://setuptools.pypa.io/en/latest/userguide/declarative_config.html for details.
[14.897s]         ********************************************************************************
[14.897s] 
[14.897s] !!
[14.897s]   opt = self.warn_dash_deprecation(opt, section)
[15.412s] running develop
[15.412s] /home/cadt-02/.local/lib/python3.8/site-packages/setuptools/command/develop.py:42: EasyInstallDeprecationWarning: easy_install command is deprecated.
[15.412s] !!
[15.412s] 
[15.413s]         ********************************************************************************
[15.413s]         Please avoid running ``setup.py`` and ``easy_install``.
[15.413s]         Instead, use pypa/build, pypa/installer or other
[15.413s]         standards-based tools.
[15.413s] 
[15.413s]         See https://github.com/pypa/setuptools/issues/917 for details.
[15.413s]         ********************************************************************************
[15.414s] 
[15.414s] !!
[15.414s]   easy_install.initialize_options(self)
[15.507s] /home/cadt-02/.local/lib/python3.8/site-packages/setuptools/_distutils/cmd.py:66: SetuptoolsDeprecationWarning: setup.py install is deprecated.
[15.507s] !!
[15.507s] 
[15.507s]         ********************************************************************************
[15.508s]         Please avoid running ``setup.py`` directly.
[15.508s]         Instead, use pypa/build, pypa/installer or other
[15.508s]         standards-based tools.
[15.508s] 
[15.508s]         See https://blog.ganssle.io/articles/2021/10/setup-py-deprecated.html for details.
[15.508s]         ********************************************************************************
[15.508s] 
[15.509s] !!
[15.509s]   self.initialize_options()
[15.975s] running egg_info
[16.020s] writing auto_r2.egg-info/PKG-INFO
[16.024s] writing dependency_links to auto_r2.egg-info/dependency_links.txt
[16.025s] writing entry points to auto_r2.egg-info/entry_points.txt
[16.029s] writing requirements to auto_r2.egg-info/requires.txt
[16.029s] writing top-level names to auto_r2.egg-info/top_level.txt
[16.132s] reading manifest file 'auto_r2.egg-info/SOURCES.txt'
[16.134s] writing manifest file 'auto_r2.egg-info/SOURCES.txt'
[16.293s] running build_ext
[16.294s] Creating /home/cadt-02/Documents/can_test_usb/ros2_can/install/auto_r2/lib/python3.8/site-packages/auto-r2.egg-link (link to .)
[16.296s] Installing auto_r2 script to /home/cadt-02/Documents/can_test_usb/ros2_can/install/auto_r2/lib/auto_r2
[16.297s] 
[16.298s] Installed /home/cadt-02/Documents/can_test_usb/ros2_can/build/auto_r2
[16.298s] running install_data
[16.299s] copying resource/auto_r2 -> /home/cadt-02/Documents/can_test_usb/ros2_can/install/auto_r2/share/ament_index/resource_index/packages
[16.300s] copying package.xml -> /home/cadt-02/Documents/can_test_usb/ros2_can/install/auto_r2/share/auto_r2
[17.020s] Invoked command in '/home/cadt-02/Documents/can_test_usb/ros2_can/build/auto_r2' returned '0': PYTHONPATH=/home/cadt-02/Documents/can_test_usb/ros2_can/build/auto_r2/prefix_override:/home/cadt-02/Documents/can_test_usb/ros2_can/install/auto_r2/lib/python3.8/site-packages:${PYTHONPATH} /usr/bin/python3 setup.py develop --editable --build-directory /home/cadt-02/Documents/can_test_usb/ros2_can/build/auto_r2/build --no-deps install_data
