[16.074s] Invoking command in '/home/cadt-02/Documents/can_test_usb/ros2_can/build/keyboard_publisher': NX_CONNECTION=172.23.33.204 59150 172.23.34.34 4000 PYTHONPATH=/home/cadt-02/Documents/can_test_usb/ros2_can/build/keyboard_publisher/prefix_override:/home/cadt-02/Documents/can_test_usb/ros2_can/install/keyboard_publisher/lib/python3.8/site-packages:${PYTHONPATH} /usr/bin/python3 setup.py develop --editable --build-directory /home/cadt-02/Documents/can_test_usb/ros2_can/build/keyboard_publisher/build --no-deps install_data
[16.414s] /home/cadt-02/.local/lib/python3.8/site-packages/setuptools/dist.py:476: SetuptoolsDeprecationWarning: Invalid dash-separated options
[16.415s] !!
[16.415s] 
[16.415s]         ********************************************************************************
[16.419s]         Usage of dash-separated 'script-dir' will not be supported in future
[16.421s]         versions. Please use the underscore name 'script_dir' instead.
[16.421s] 
[16.421s]         By 2024-Sep-26, you need to update your project and remove deprecated calls
[16.421s]         or your builds will no longer be supported.
[16.423s] 
[16.425s]         See https://setuptools.pypa.io/en/latest/userguide/declarative_config.html for details.
[16.425s]         ********************************************************************************
[16.426s] 
[16.427s] !!
[16.427s]   opt = self.warn_dash_deprecation(opt, section)
[16.912s] running develop
[16.913s] /home/cadt-02/.local/lib/python3.8/site-packages/setuptools/command/develop.py:42: EasyInstallDeprecationWarning: easy_install command is deprecated.
[16.913s] !!
[16.913s] 
[16.914s]         ********************************************************************************
[16.914s]         Please avoid running ``setup.py`` and ``easy_install``.
[16.914s]         Instead, use pypa/build, pypa/installer or other
[16.914s]         standards-based tools.
[16.914s] 
[16.914s]         See https://github.com/pypa/setuptools/issues/917 for details.
[16.915s]         ********************************************************************************
[16.915s] 
[16.915s] !!
[16.915s]   easy_install.initialize_options(self)
[17.001s] /home/cadt-02/.local/lib/python3.8/site-packages/setuptools/_distutils/cmd.py:66: SetuptoolsDeprecationWarning: setup.py install is deprecated.
[17.002s] !!
[17.002s] 
[17.002s]         ********************************************************************************
[17.003s]         Please avoid running ``setup.py`` directly.
[17.003s]         Instead, use pypa/build, pypa/installer or other
[17.003s]         standards-based tools.
[17.003s] 
[17.003s]         See https://blog.ganssle.io/articles/2021/10/setup-py-deprecated.html for details.
[17.004s]         ********************************************************************************
[17.004s] 
[17.004s] !!
[17.004s]   self.initialize_options()
[17.499s] running egg_info
[17.549s] writing keyboard_publisher.egg-info/PKG-INFO
[17.550s] writing dependency_links to keyboard_publisher.egg-info/dependency_links.txt
[17.550s] writing entry points to keyboard_publisher.egg-info/entry_points.txt
[17.551s] writing requirements to keyboard_publisher.egg-info/requires.txt
[17.551s] writing top-level names to keyboard_publisher.egg-info/top_level.txt
[17.649s] reading manifest file 'keyboard_publisher.egg-info/SOURCES.txt'
[17.652s] writing manifest file 'keyboard_publisher.egg-info/SOURCES.txt'
[17.831s] running build_ext
[17.832s] Creating /home/cadt-02/Documents/can_test_usb/ros2_can/install/keyboard_publisher/lib/python3.8/site-packages/keyboard-publisher.egg-link (link to .)
[17.834s] Installing keyboard_publisher script to /home/cadt-02/Documents/can_test_usb/ros2_can/install/keyboard_publisher/lib/keyboard_publisher
[17.835s] 
[17.836s] Installed /home/cadt-02/Documents/can_test_usb/ros2_can/build/keyboard_publisher
[17.836s] running install_data
[17.837s] copying resource/keyboard_publisher -> /home/cadt-02/Documents/can_test_usb/ros2_can/install/keyboard_publisher/share/ament_index/resource_index/packages
[17.838s] copying package.xml -> /home/cadt-02/Documents/can_test_usb/ros2_can/install/keyboard_publisher/share/keyboard_publisher
[20.418s] Invoked command in '/home/cadt-02/Documents/can_test_usb/ros2_can/build/keyboard_publisher' returned '0': NX_CONNECTION=172.23.33.204 59150 172.23.34.34 4000 PYTHONPATH=/home/cadt-02/Documents/can_test_usb/ros2_can/build/keyboard_publisher/prefix_override:/home/cadt-02/Documents/can_test_usb/ros2_can/install/keyboard_publisher/lib/python3.8/site-packages:${PYTHONPATH} /usr/bin/python3 setup.py develop --editable --build-directory /home/cadt-02/Documents/can_test_usb/ros2_can/build/keyboard_publisher/build --no-deps install_data
