[8.496s] Invoking command in '/home/cadt-02/Documents/can_test_usb/ros2_can/build/cadt02_interfaces': CMAKE_PREFIX_PATH=${CMAKE_PREFIX_PATH}:/home/cadt-02/Documents/can_test_usb/ros2_can/install/ros_imu:/home/cadt-02/Documents/can_test_usb/ros2_can/install/odometry_cont:/home/cadt-02/Documents/can_test_usb/ros2_can/install/my_robot:/home/cadt-02/Documents/can_test_usb/ros2_can/install/my_package:/home/cadt-02/Documents/can_test_usb/ros2_can/install/movement:/home/cadt-02/Documents/can_test_usb/ros2_can/install/keyboard_publisher:/home/cadt-02/Documents/can_test_usb/ros2_can/install/keyboard_listener:/home/cadt-02/Documents/can_test_usb/ros2_can/install/auto_r2:/opt/ros/foxy /home/cadt-02/.local/bin/cmake --build /home/cadt-02/Documents/can_test_usb/ros2_can/build/cadt02_interfaces -- -j6 -l6
[17.089s] [  2%] Built target cadt02_interfaces__cpp
[17.090s] [ 12%] Built target cadt02_interfaces__rosidl_generator_c
[17.090s] [ 31%] Built target cadt02_interfaces__rosidl_typesupport_introspection_cpp
[17.090s] [ 34%] Built target cadt02_interfaces__rosidl_typesupport_fastrtps_cpp
[17.091s] [ 44%] Built target cadt02_interfaces__rosidl_typesupport_cpp
[17.091s] [ 55%] Built target cadt02_interfaces__rosidl_typesupport_introspection_c
[17.092s] [ 65%] Built target cadt02_interfaces__rosidl_typesupport_c
[17.092s] [ 76%] Built target cadt02_interfaces__rosidl_typesupport_fastrtps_c
[17.093s] [ 76%] Built target cadt02_interfaces
[17.094s] [ 78%] Built target cadt02_interfaces__py
[17.095s] [ 87%] Built target cadt02_interfaces__python
[17.096s] [100%] Built target cadt02_interfaces__rosidl_typesupport_introspection_c__pyext
[17.097s] [100%] Built target cadt02_interfaces__rosidl_typesupport_fastrtps_c__pyext
[17.097s] [100%] Built target cadt02_interfaces__rosidl_typesupport_c__pyext
[17.097s] Invoked command in '/home/cadt-02/Documents/can_test_usb/ros2_can/build/cadt02_interfaces' returned '0': CMAKE_PREFIX_PATH=${CMAKE_PREFIX_PATH}:/home/cadt-02/Documents/can_test_usb/ros2_can/install/ros_imu:/home/cadt-02/Documents/can_test_usb/ros2_can/install/odometry_cont:/home/cadt-02/Documents/can_test_usb/ros2_can/install/my_robot:/home/cadt-02/Documents/can_test_usb/ros2_can/install/my_package:/home/cadt-02/Documents/can_test_usb/ros2_can/install/movement:/home/cadt-02/Documents/can_test_usb/ros2_can/install/keyboard_publisher:/home/cadt-02/Documents/can_test_usb/ros2_can/install/keyboard_listener:/home/cadt-02/Documents/can_test_usb/ros2_can/install/auto_r2:/opt/ros/foxy /home/cadt-02/.local/bin/cmake --build /home/cadt-02/Documents/can_test_usb/ros2_can/build/cadt02_interfaces -- -j6 -l6
[17.589s] Invoking command in '/home/cadt-02/Documents/can_test_usb/ros2_can/build/cadt02_interfaces': CMAKE_PREFIX_PATH=${CMAKE_PREFIX_PATH}:/home/cadt-02/Documents/can_test_usb/ros2_can/install/ros_imu:/home/cadt-02/Documents/can_test_usb/ros2_can/install/odometry_cont:/home/cadt-02/Documents/can_test_usb/ros2_can/install/my_robot:/home/cadt-02/Documents/can_test_usb/ros2_can/install/my_package:/home/cadt-02/Documents/can_test_usb/ros2_can/install/movement:/home/cadt-02/Documents/can_test_usb/ros2_can/install/keyboard_publisher:/home/cadt-02/Documents/can_test_usb/ros2_can/install/keyboard_listener:/home/cadt-02/Documents/can_test_usb/ros2_can/install/auto_r2:/opt/ros/foxy /home/cadt-02/.local/bin/cmake --install /home/cadt-02/Documents/can_test_usb/ros2_can/build/cadt02_interfaces
[17.668s] -- Install configuration: ""
[17.672s] -- Execute custom install script
[17.673s] -- Up-to-date symlink: /home/cadt-02/Documents/can_test_usb/ros2_can/install/cadt02_interfaces/share/ament_index/resource_index/rosidl_interfaces/cadt02_interfaces
[17.675s] -- Up-to-date symlink: /home/cadt-02/Documents/can_test_usb/ros2_can/install/cadt02_interfaces/include/cadt02_interfaces/msg/arduino_feedback.h
[17.676s] -- Up-to-date symlink: /home/cadt-02/Documents/can_test_usb/ros2_can/install/cadt02_interfaces/include/cadt02_interfaces/msg/detail/arduino_feedback__functions.h
[17.677s] -- Up-to-date symlink: /home/cadt-02/Documents/can_test_usb/ros2_can/install/cadt02_interfaces/include/cadt02_interfaces/msg/detail/arduino_feedback__struct.h
[17.678s] -- Up-to-date symlink: /home/cadt-02/Documents/can_test_usb/ros2_can/install/cadt02_interfaces/include/cadt02_interfaces/msg/detail/arduino_feedback__type_support.h
[17.678s] -- Up-to-date symlink: /home/cadt-02/Documents/can_test_usb/ros2_can/install/cadt02_interfaces/include/cadt02_interfaces/msg/detail/smart_driver__functions.h
[17.679s] -- Up-to-date symlink: /home/cadt-02/Documents/can_test_usb/ros2_can/install/cadt02_interfaces/include/cadt02_interfaces/msg/detail/smart_driver__struct.h
[17.680s] -- Up-to-date symlink: /home/cadt-02/Documents/can_test_usb/ros2_can/install/cadt02_interfaces/include/cadt02_interfaces/msg/detail/smart_driver__type_support.h
[17.681s] -- Up-to-date symlink: /home/cadt-02/Documents/can_test_usb/ros2_can/install/cadt02_interfaces/include/cadt02_interfaces/msg/detail/way_point__functions.h
[17.682s] -- Up-to-date symlink: /home/cadt-02/Documents/can_test_usb/ros2_can/install/cadt02_interfaces/include/cadt02_interfaces/msg/detail/way_point__struct.h
[17.682s] -- Up-to-date symlink: /home/cadt-02/Documents/can_test_usb/ros2_can/install/cadt02_interfaces/include/cadt02_interfaces/msg/detail/way_point__type_support.h
[17.682s] -- Up-to-date symlink: /home/cadt-02/Documents/can_test_usb/ros2_can/install/cadt02_interfaces/include/cadt02_interfaces/msg/rosidl_generator_c__visibility_control.h
[17.683s] -- Up-to-date symlink: /home/cadt-02/Documents/can_test_usb/ros2_can/install/cadt02_interfaces/include/cadt02_interfaces/msg/smart_driver.h
[17.683s] -- Up-to-date symlink: /home/cadt-02/Documents/can_test_usb/ros2_can/install/cadt02_interfaces/include/cadt02_interfaces/msg/way_point.h
[17.683s] -- Up-to-date symlink: /home/cadt-02/Documents/can_test_usb/ros2_can/install/cadt02_interfaces/share/cadt02_interfaces/environment/library_path.sh
[17.684s] -- Up-to-date symlink: /home/cadt-02/Documents/can_test_usb/ros2_can/install/cadt02_interfaces/share/cadt02_interfaces/environment/library_path.dsv
[17.685s] -- Up-to-date symlink: /home/cadt-02/Documents/can_test_usb/ros2_can/install/cadt02_interfaces/include/cadt02_interfaces/msg/detail/arduino_feedback__rosidl_typesupport_fastrtps_c.h
[17.685s] -- Up-to-date symlink: /home/cadt-02/Documents/can_test_usb/ros2_can/install/cadt02_interfaces/include/cadt02_interfaces/msg/detail/smart_driver__rosidl_typesupport_fastrtps_c.h
[17.686s] -- Up-to-date symlink: /home/cadt-02/Documents/can_test_usb/ros2_can/install/cadt02_interfaces/include/cadt02_interfaces/msg/detail/way_point__rosidl_typesupport_fastrtps_c.h
[17.686s] -- Up-to-date symlink: /home/cadt-02/Documents/can_test_usb/ros2_can/install/cadt02_interfaces/include/cadt02_interfaces/msg/rosidl_typesupport_fastrtps_c__visibility_control.h
[17.687s] -- Up-to-date symlink: /home/cadt-02/Documents/can_test_usb/ros2_can/install/cadt02_interfaces/lib/libcadt02_interfaces__rosidl_typesupport_fastrtps_c.so
[17.688s] -- Up-to-date symlink: /home/cadt-02/Documents/can_test_usb/ros2_can/install/cadt02_interfaces/include/cadt02_interfaces/msg/detail/arduino_feedback__rosidl_typesupport_fastrtps_cpp.hpp
[17.688s] -- Up-to-date symlink: /home/cadt-02/Documents/can_test_usb/ros2_can/install/cadt02_interfaces/include/cadt02_interfaces/msg/detail/smart_driver__rosidl_typesupport_fastrtps_cpp.hpp
[17.689s] -- Up-to-date symlink: /home/cadt-02/Documents/can_test_usb/ros2_can/install/cadt02_interfaces/include/cadt02_interfaces/msg/detail/way_point__rosidl_typesupport_fastrtps_cpp.hpp
[17.689s] -- Up-to-date symlink: /home/cadt-02/Documents/can_test_usb/ros2_can/install/cadt02_interfaces/include/cadt02_interfaces/msg/rosidl_typesupport_fastrtps_cpp__visibility_control.h
[17.689s] -- Up-to-date symlink: /home/cadt-02/Documents/can_test_usb/ros2_can/install/cadt02_interfaces/lib/libcadt02_interfaces__rosidl_typesupport_fastrtps_cpp.so
[17.690s] -- Up-to-date symlink: /home/cadt-02/Documents/can_test_usb/ros2_can/install/cadt02_interfaces/include/cadt02_interfaces/msg/detail/arduino_feedback__rosidl_typesupport_introspection_c.h
[17.691s] -- Up-to-date symlink: /home/cadt-02/Documents/can_test_usb/ros2_can/install/cadt02_interfaces/include/cadt02_interfaces/msg/detail/smart_driver__rosidl_typesupport_introspection_c.h
[17.691s] -- Up-to-date symlink: /home/cadt-02/Documents/can_test_usb/ros2_can/install/cadt02_interfaces/include/cadt02_interfaces/msg/detail/way_point__rosidl_typesupport_introspection_c.h
[17.691s] -- Up-to-date symlink: /home/cadt-02/Documents/can_test_usb/ros2_can/install/cadt02_interfaces/include/cadt02_interfaces/msg/rosidl_typesupport_introspection_c__visibility_control.h
[17.692s] -- Up-to-date symlink: /home/cadt-02/Documents/can_test_usb/ros2_can/install/cadt02_interfaces/include/cadt02_interfaces/msg/arduino_feedback.hpp
[17.693s] -- Up-to-date symlink: /home/cadt-02/Documents/can_test_usb/ros2_can/install/cadt02_interfaces/include/cadt02_interfaces/msg/detail/arduino_feedback__builder.hpp
[17.693s] -- Up-to-date symlink: /home/cadt-02/Documents/can_test_usb/ros2_can/install/cadt02_interfaces/include/cadt02_interfaces/msg/detail/arduino_feedback__struct.hpp
[17.693s] -- Up-to-date symlink: /home/cadt-02/Documents/can_test_usb/ros2_can/install/cadt02_interfaces/include/cadt02_interfaces/msg/detail/arduino_feedback__traits.hpp
[17.694s] -- Up-to-date symlink: /home/cadt-02/Documents/can_test_usb/ros2_can/install/cadt02_interfaces/include/cadt02_interfaces/msg/detail/arduino_feedback__type_support.hpp
[17.694s] -- Up-to-date symlink: /home/cadt-02/Documents/can_test_usb/ros2_can/install/cadt02_interfaces/include/cadt02_interfaces/msg/detail/smart_driver__builder.hpp
[17.694s] -- Up-to-date symlink: /home/cadt-02/Documents/can_test_usb/ros2_can/install/cadt02_interfaces/include/cadt02_interfaces/msg/detail/smart_driver__struct.hpp
[17.694s] -- Up-to-date symlink: /home/cadt-02/Documents/can_test_usb/ros2_can/install/cadt02_interfaces/include/cadt02_interfaces/msg/detail/smart_driver__traits.hpp
[17.695s] -- Up-to-date symlink: /home/cadt-02/Documents/can_test_usb/ros2_can/install/cadt02_interfaces/include/cadt02_interfaces/msg/detail/smart_driver__type_support.hpp
[17.695s] -- Up-to-date symlink: /home/cadt-02/Documents/can_test_usb/ros2_can/install/cadt02_interfaces/include/cadt02_interfaces/msg/detail/way_point__builder.hpp
[17.695s] -- Up-to-date symlink: /home/cadt-02/Documents/can_test_usb/ros2_can/install/cadt02_interfaces/include/cadt02_interfaces/msg/detail/way_point__struct.hpp
[17.696s] -- Up-to-date symlink: /home/cadt-02/Documents/can_test_usb/ros2_can/install/cadt02_interfaces/include/cadt02_interfaces/msg/detail/way_point__traits.hpp
[17.696s] -- Up-to-date symlink: /home/cadt-02/Documents/can_test_usb/ros2_can/install/cadt02_interfaces/include/cadt02_interfaces/msg/detail/way_point__type_support.hpp
[17.696s] -- Up-to-date symlink: /home/cadt-02/Documents/can_test_usb/ros2_can/install/cadt02_interfaces/include/cadt02_interfaces/msg/rosidl_generator_cpp__visibility_control.hpp
[17.696s] -- Up-to-date symlink: /home/cadt-02/Documents/can_test_usb/ros2_can/install/cadt02_interfaces/include/cadt02_interfaces/msg/smart_driver.hpp
[17.697s] -- Up-to-date symlink: /home/cadt-02/Documents/can_test_usb/ros2_can/install/cadt02_interfaces/include/cadt02_interfaces/msg/way_point.hpp
[17.698s] -- Up-to-date symlink: /home/cadt-02/Documents/can_test_usb/ros2_can/install/cadt02_interfaces/include/cadt02_interfaces/msg/detail/arduino_feedback__rosidl_typesupport_introspection_cpp.hpp
[17.698s] -- Up-to-date symlink: /home/cadt-02/Documents/can_test_usb/ros2_can/install/cadt02_interfaces/include/cadt02_interfaces/msg/detail/smart_driver__rosidl_typesupport_introspection_cpp.hpp
[17.698s] -- Up-to-date symlink: /home/cadt-02/Documents/can_test_usb/ros2_can/install/cadt02_interfaces/include/cadt02_interfaces/msg/detail/way_point__rosidl_typesupport_introspection_cpp.hpp
[17.699s] -- Up-to-date symlink: /home/cadt-02/Documents/can_test_usb/ros2_can/install/cadt02_interfaces/share/cadt02_interfaces/environment/pythonpath.sh
[17.699s] -- Up-to-date symlink: /home/cadt-02/Documents/can_test_usb/ros2_can/install/cadt02_interfaces/share/cadt02_interfaces/environment/pythonpath.dsv
[17.700s] -- Up-to-date symlink: /home/cadt-02/Documents/can_test_usb/ros2_can/install/cadt02_interfaces/lib/python3.8/site-packages/cadt02_interfaces/__init__.py
[17.701s] -- Up-to-date symlink: /home/cadt-02/Documents/can_test_usb/ros2_can/install/cadt02_interfaces/lib/python3.8/site-packages/cadt02_interfaces/msg/__init__.py
[17.701s] -- Up-to-date symlink: /home/cadt-02/Documents/can_test_usb/ros2_can/install/cadt02_interfaces/lib/python3.8/site-packages/cadt02_interfaces/msg/_arduino_feedback.py
[17.702s] -- Up-to-date symlink: /home/cadt-02/Documents/can_test_usb/ros2_can/install/cadt02_interfaces/lib/python3.8/site-packages/cadt02_interfaces/msg/_smart_driver.py
[17.702s] -- Up-to-date symlink: /home/cadt-02/Documents/can_test_usb/ros2_can/install/cadt02_interfaces/lib/python3.8/site-packages/cadt02_interfaces/msg/_way_point.py
[17.703s] -- Up-to-date symlink: /home/cadt-02/Documents/can_test_usb/ros2_can/install/cadt02_interfaces/lib/python3.8/site-packages/cadt02_interfaces/cadt02_interfaces_s__rosidl_typesupport_fastrtps_c.cpython-38-aarch64-linux-gnu.so
[17.704s] -- Up-to-date symlink: /home/cadt-02/Documents/can_test_usb/ros2_can/install/cadt02_interfaces/lib/python3.8/site-packages/cadt02_interfaces/cadt02_interfaces_s__rosidl_typesupport_introspection_c.cpython-38-aarch64-linux-gnu.so
[17.705s] -- Up-to-date symlink: /home/cadt-02/Documents/can_test_usb/ros2_can/install/cadt02_interfaces/lib/python3.8/site-packages/cadt02_interfaces/cadt02_interfaces_s__rosidl_typesupport_c.cpython-38-aarch64-linux-gnu.so
[17.706s] -- Up-to-date symlink: /home/cadt-02/Documents/can_test_usb/ros2_can/install/cadt02_interfaces/lib/libcadt02_interfaces__python.so
[17.707s] -- Up-to-date symlink: /home/cadt-02/Documents/can_test_usb/ros2_can/install/cadt02_interfaces/share/cadt02_interfaces/msg/WayPoint.idl
[17.707s] -- Up-to-date symlink: /home/cadt-02/Documents/can_test_usb/ros2_can/install/cadt02_interfaces/share/cadt02_interfaces/msg/SmartDriver.idl
[17.708s] -- Up-to-date symlink: /home/cadt-02/Documents/can_test_usb/ros2_can/install/cadt02_interfaces/share/cadt02_interfaces/msg/ArduinoFeedback.idl
[17.708s] -- Up-to-date symlink: /home/cadt-02/Documents/can_test_usb/ros2_can/install/cadt02_interfaces/share/cadt02_interfaces/msg/WayPoint.msg
[17.708s] -- Up-to-date symlink: /home/cadt-02/Documents/can_test_usb/ros2_can/install/cadt02_interfaces/share/cadt02_interfaces/msg/SmartDriver.msg
[17.709s] -- Up-to-date symlink: /home/cadt-02/Documents/can_test_usb/ros2_can/install/cadt02_interfaces/share/cadt02_interfaces/msg/ArduinoFeedback.msg
[17.710s] -- Up-to-date symlink: /home/cadt-02/Documents/can_test_usb/ros2_can/install/cadt02_interfaces/share/ament_index/resource_index/package_run_dependencies/cadt02_interfaces
[17.710s] -- Up-to-date symlink: /home/cadt-02/Documents/can_test_usb/ros2_can/install/cadt02_interfaces/share/ament_index/resource_index/parent_prefix_path/cadt02_interfaces
[17.711s] -- Up-to-date symlink: /home/cadt-02/Documents/can_test_usb/ros2_can/install/cadt02_interfaces/share/cadt02_interfaces/environment/ament_prefix_path.sh
[17.711s] -- Up-to-date symlink: /home/cadt-02/Documents/can_test_usb/ros2_can/install/cadt02_interfaces/share/cadt02_interfaces/environment/ament_prefix_path.dsv
[17.712s] -- Up-to-date symlink: /home/cadt-02/Documents/can_test_usb/ros2_can/install/cadt02_interfaces/share/cadt02_interfaces/environment/path.sh
[17.712s] -- Up-to-date symlink: /home/cadt-02/Documents/can_test_usb/ros2_can/install/cadt02_interfaces/share/cadt02_interfaces/environment/path.dsv
[17.713s] -- Up-to-date symlink: /home/cadt-02/Documents/can_test_usb/ros2_can/install/cadt02_interfaces/share/cadt02_interfaces/local_setup.bash
[17.713s] -- Up-to-date symlink: /home/cadt-02/Documents/can_test_usb/ros2_can/install/cadt02_interfaces/share/cadt02_interfaces/local_setup.sh
[17.714s] -- Up-to-date symlink: /home/cadt-02/Documents/can_test_usb/ros2_can/install/cadt02_interfaces/share/cadt02_interfaces/local_setup.zsh
[17.715s] -- Up-to-date symlink: /home/cadt-02/Documents/can_test_usb/ros2_can/install/cadt02_interfaces/share/cadt02_interfaces/local_setup.dsv
[17.715s] -- Symlinking: /home/cadt-02/Documents/can_test_usb/ros2_can/install/cadt02_interfaces/share/cadt02_interfaces/package.dsv
[17.724s] -- Up-to-date symlink: /home/cadt-02/Documents/can_test_usb/ros2_can/install/cadt02_interfaces/share/ament_index/resource_index/packages/cadt02_interfaces
[17.725s] -- Up-to-date symlink: /home/cadt-02/Documents/can_test_usb/ros2_can/install/cadt02_interfaces/share/cadt02_interfaces/cmake/rosidl_cmake-extras.cmake
[17.725s] -- Up-to-date symlink: /home/cadt-02/Documents/can_test_usb/ros2_can/install/cadt02_interfaces/share/cadt02_interfaces/cmake/ament_cmake_export_dependencies-extras.cmake
[17.725s] -- Up-to-date symlink: /home/cadt-02/Documents/can_test_usb/ros2_can/install/cadt02_interfaces/share/cadt02_interfaces/cmake/ament_cmake_export_libraries-extras.cmake
[17.726s] -- Up-to-date symlink: /home/cadt-02/Documents/can_test_usb/ros2_can/install/cadt02_interfaces/share/cadt02_interfaces/cmake/ament_cmake_export_targets-extras.cmake
[17.726s] -- Up-to-date symlink: /home/cadt-02/Documents/can_test_usb/ros2_can/install/cadt02_interfaces/share/cadt02_interfaces/cmake/ament_cmake_export_include_directories-extras.cmake
[17.727s] -- Up-to-date symlink: /home/cadt-02/Documents/can_test_usb/ros2_can/install/cadt02_interfaces/share/cadt02_interfaces/cmake/rosidl_cmake_export_typesupport_libraries-extras.cmake
[17.727s] -- Up-to-date symlink: /home/cadt-02/Documents/can_test_usb/ros2_can/install/cadt02_interfaces/share/cadt02_interfaces/cmake/rosidl_cmake_export_typesupport_targets-extras.cmake
[17.727s] -- Up-to-date symlink: /home/cadt-02/Documents/can_test_usb/ros2_can/install/cadt02_interfaces/share/cadt02_interfaces/cmake/cadt02_interfacesConfig.cmake
[17.728s] -- Up-to-date symlink: /home/cadt-02/Documents/can_test_usb/ros2_can/install/cadt02_interfaces/share/cadt02_interfaces/cmake/cadt02_interfacesConfig-version.cmake
[17.728s] -- Up-to-date symlink: /home/cadt-02/Documents/can_test_usb/ros2_can/install/cadt02_interfaces/share/cadt02_interfaces/package.xml
[17.730s] -- Up-to-date: /home/cadt-02/Documents/can_test_usb/ros2_can/install/cadt02_interfaces/lib/libcadt02_interfaces__rosidl_generator_c.so
[17.732s] -- Up-to-date: /home/cadt-02/Documents/can_test_usb/ros2_can/install/cadt02_interfaces/lib/libcadt02_interfaces__rosidl_typesupport_introspection_c.so
[17.735s] -- Up-to-date: /home/cadt-02/Documents/can_test_usb/ros2_can/install/cadt02_interfaces/lib/libcadt02_interfaces__rosidl_typesupport_c.so
[17.737s] -- Up-to-date: /home/cadt-02/Documents/can_test_usb/ros2_can/install/cadt02_interfaces/lib/libcadt02_interfaces__rosidl_typesupport_introspection_cpp.so
[17.738s] -- Up-to-date: /home/cadt-02/Documents/can_test_usb/ros2_can/install/cadt02_interfaces/lib/libcadt02_interfaces__rosidl_typesupport_cpp.so
[17.846s] -- Up-to-date: /home/cadt-02/Documents/can_test_usb/ros2_can/install/cadt02_interfaces/share/cadt02_interfaces/cmake/cadt02_interfaces__rosidl_generator_cExport.cmake
[17.848s] -- Up-to-date: /home/cadt-02/Documents/can_test_usb/ros2_can/install/cadt02_interfaces/share/cadt02_interfaces/cmake/cadt02_interfaces__rosidl_generator_cExport-noconfig.cmake
[17.850s] -- Up-to-date: /home/cadt-02/Documents/can_test_usb/ros2_can/install/cadt02_interfaces/share/cadt02_interfaces/cmake/cadt02_interfaces__rosidl_typesupport_introspection_cExport.cmake
[17.852s] -- Up-to-date: /home/cadt-02/Documents/can_test_usb/ros2_can/install/cadt02_interfaces/share/cadt02_interfaces/cmake/cadt02_interfaces__rosidl_typesupport_introspection_cExport-noconfig.cmake
[17.854s] -- Up-to-date: /home/cadt-02/Documents/can_test_usb/ros2_can/install/cadt02_interfaces/share/cadt02_interfaces/cmake/cadt02_interfaces__rosidl_typesupport_cExport.cmake
[17.855s] -- Up-to-date: /home/cadt-02/Documents/can_test_usb/ros2_can/install/cadt02_interfaces/share/cadt02_interfaces/cmake/cadt02_interfaces__rosidl_typesupport_cExport-noconfig.cmake
[17.857s] -- Up-to-date: /home/cadt-02/Documents/can_test_usb/ros2_can/install/cadt02_interfaces/share/cadt02_interfaces/cmake/cadt02_interfaces__rosidl_generator_cppExport.cmake
[17.859s] -- Up-to-date: /home/cadt-02/Documents/can_test_usb/ros2_can/install/cadt02_interfaces/share/cadt02_interfaces/cmake/cadt02_interfaces__rosidl_typesupport_introspection_cppExport.cmake
[17.860s] -- Up-to-date: /home/cadt-02/Documents/can_test_usb/ros2_can/install/cadt02_interfaces/share/cadt02_interfaces/cmake/cadt02_interfaces__rosidl_typesupport_introspection_cppExport-noconfig.cmake
[17.862s] -- Up-to-date: /home/cadt-02/Documents/can_test_usb/ros2_can/install/cadt02_interfaces/share/cadt02_interfaces/cmake/cadt02_interfaces__rosidl_typesupport_cppExport.cmake
[17.863s] -- Up-to-date: /home/cadt-02/Documents/can_test_usb/ros2_can/install/cadt02_interfaces/share/cadt02_interfaces/cmake/cadt02_interfaces__rosidl_typesupport_cppExport-noconfig.cmake
[17.886s] Invoked command in '/home/cadt-02/Documents/can_test_usb/ros2_can/build/cadt02_interfaces' returned '0': CMAKE_PREFIX_PATH=${CMAKE_PREFIX_PATH}:/home/cadt-02/Documents/can_test_usb/ros2_can/install/ros_imu:/home/cadt-02/Documents/can_test_usb/ros2_can/install/odometry_cont:/home/cadt-02/Documents/can_test_usb/ros2_can/install/my_robot:/home/cadt-02/Documents/can_test_usb/ros2_can/install/my_package:/home/cadt-02/Documents/can_test_usb/ros2_can/install/movement:/home/cadt-02/Documents/can_test_usb/ros2_can/install/keyboard_publisher:/home/cadt-02/Documents/can_test_usb/ros2_can/install/keyboard_listener:/home/cadt-02/Documents/can_test_usb/ros2_can/install/auto_r2:/opt/ros/foxy /home/cadt-02/.local/bin/cmake --install /home/cadt-02/Documents/can_test_usb/ros2_can/build/cadt02_interfaces
