[12.549s] Invoking command in '/home/cadt-02/Documents/can_test_usb/ros2_can/build/odometry_cont': NX_CONNECTION=172.23.33.111 57595 172.23.34.34 4000 PYTHONPATH=/home/cadt-02/Documents/can_test_usb/ros2_can/build/odometry_cont/prefix_override:/home/cadt-02/Documents/can_test_usb/ros2_can/install/odometry_cont/lib/python3.8/site-packages:${PYTHONPATH} /usr/bin/python3 setup.py develop --uninstall --editable --build-directory /home/cadt-02/Documents/can_test_usb/ros2_can/build/odometry_cont/build
[14.400s] running develop
[14.400s] Removing /home/cadt-02/Documents/can_test_usb/ros2_can/install/odometry_cont/lib/python3.8/site-packages/odometry-cont.egg-link (link to .)
[14.401s] /home/cadt-02/.local/lib/python3.8/site-packages/setuptools/dist.py:476: SetuptoolsDeprecationWarning: Invalid dash-separated options
[14.401s] !!
[14.401s] 
[14.401s]         ********************************************************************************
[14.401s]         Usage of dash-separated 'script-dir' will not be supported in future
[14.401s]         versions. Please use the underscore name 'script_dir' instead.
[14.402s] 
[14.402s]         By 2024-Sep-26, you need to update your project and remove deprecated calls
[14.402s]         or your builds will no longer be supported.
[14.402s] 
[14.402s]         See https://setuptools.pypa.io/en/latest/userguide/declarative_config.html for details.
[14.402s]         ********************************************************************************
[14.402s] 
[14.403s] !!
[14.403s]   opt = self.warn_dash_deprecation(opt, section)
[14.403s] /home/cadt-02/.local/lib/python3.8/site-packages/setuptools/command/develop.py:42: EasyInstallDeprecationWarning: easy_install command is deprecated.
[14.403s] !!
[14.403s] 
[14.403s]         ********************************************************************************
[14.403s]         Please avoid running ``setup.py`` and ``easy_install``.
[14.404s]         Instead, use pypa/build, pypa/installer or other
[14.404s]         standards-based tools.
[14.404s] 
[14.404s]         See https://github.com/pypa/setuptools/issues/917 for details.
[14.404s]         ********************************************************************************
[14.404s] 
[14.404s] !!
[14.405s]   easy_install.initialize_options(self)
[14.405s] /home/cadt-02/.local/lib/python3.8/site-packages/setuptools/_distutils/cmd.py:66: SetuptoolsDeprecationWarning: setup.py install is deprecated.
[14.405s] !!
[14.405s] 
[14.405s]         ********************************************************************************
[14.405s]         Please avoid running ``setup.py`` directly.
[14.405s]         Instead, use pypa/build, pypa/installer or other
[14.406s]         standards-based tools.
[14.406s] 
[14.406s]         See https://blog.ganssle.io/articles/2021/10/setup-py-deprecated.html for details.
[14.406s]         ********************************************************************************
[14.406s] 
[14.406s] !!
[14.406s]   self.initialize_options()
[14.421s] Invoked command in '/home/cadt-02/Documents/can_test_usb/ros2_can/build/odometry_cont' returned '0': NX_CONNECTION=172.23.33.111 57595 172.23.34.34 4000 PYTHONPATH=/home/cadt-02/Documents/can_test_usb/ros2_can/build/odometry_cont/prefix_override:/home/cadt-02/Documents/can_test_usb/ros2_can/install/odometry_cont/lib/python3.8/site-packages:${PYTHONPATH} /usr/bin/python3 setup.py develop --uninstall --editable --build-directory /home/cadt-02/Documents/can_test_usb/ros2_can/build/odometry_cont/build
[14.424s] Invoking command in '/home/cadt-02/Documents/can_test_usb/ros2_can/src/odometry_cont': NX_CONNECTION=172.23.33.111 57595 172.23.34.34 4000 PYTHONPATH=/home/cadt-02/Documents/can_test_usb/ros2_can/build/odometry_cont/prefix_override:/home/cadt-02/Documents/can_test_usb/ros2_can/install/odometry_cont/lib/python3.8/site-packages:${PYTHONPATH} /usr/bin/python3 setup.py egg_info --egg-base ../../build/odometry_cont build --build-base /home/cadt-02/Documents/can_test_usb/ros2_can/build/odometry_cont/build install --record /home/cadt-02/Documents/can_test_usb/ros2_can/build/odometry_cont/install.log --install-scripts $base/lib/odometry_cont --single-version-externally-managed
[14.793s] /home/cadt-02/.local/lib/python3.8/site-packages/setuptools/dist.py:476: SetuptoolsDeprecationWarning: Invalid dash-separated options
[14.793s] !!
[14.794s] 
[14.794s]         ********************************************************************************
[14.794s]         Usage of dash-separated 'script-dir' will not be supported in future
[14.794s]         versions. Please use the underscore name 'script_dir' instead.
[14.794s] 
[14.794s]         By 2024-Sep-26, you need to update your project and remove deprecated calls
[14.794s]         or your builds will no longer be supported.
[14.795s] 
[14.795s]         See https://setuptools.pypa.io/en/latest/userguide/declarative_config.html for details.
[14.795s]         ********************************************************************************
[14.795s] 
[14.795s] !!
[14.795s]   opt = self.warn_dash_deprecation(opt, section)
[15.124s] running egg_info
[15.171s] writing ../../build/odometry_cont/odometry_cont.egg-info/PKG-INFO
[15.174s] writing dependency_links to ../../build/odometry_cont/odometry_cont.egg-info/dependency_links.txt
[15.177s] writing entry points to ../../build/odometry_cont/odometry_cont.egg-info/entry_points.txt
[15.178s] writing requirements to ../../build/odometry_cont/odometry_cont.egg-info/requires.txt
[15.179s] writing top-level names to ../../build/odometry_cont/odometry_cont.egg-info/top_level.txt
[15.565s] reading manifest file '../../build/odometry_cont/odometry_cont.egg-info/SOURCES.txt'
[15.567s] writing manifest file '../../build/odometry_cont/odometry_cont.egg-info/SOURCES.txt'
[15.567s] running build
[15.567s] running build_py
[15.568s] copying odometry_cont/__init__.py -> /home/cadt-02/Documents/can_test_usb/ros2_can/build/odometry_cont/build/lib/odometry_cont
[15.568s] copying odometry_cont/PID.py -> /home/cadt-02/Documents/can_test_usb/ros2_can/build/odometry_cont/build/lib/odometry_cont
[15.569s] copying script_odom/__init__.py -> /home/cadt-02/Documents/can_test_usb/ros2_can/build/odometry_cont/build/lib/script_odom
[15.569s] copying script_odom/odometry.py -> /home/cadt-02/Documents/can_test_usb/ros2_can/build/odometry_cont/build/lib/script_odom
[15.572s] running install
[15.572s] /home/cadt-02/.local/lib/python3.8/site-packages/setuptools/_distutils/cmd.py:66: SetuptoolsDeprecationWarning: setup.py install is deprecated.
[15.572s] !!
[15.572s] 
[15.572s]         ********************************************************************************
[15.573s]         Please avoid running ``setup.py`` directly.
[15.573s]         Instead, use pypa/build, pypa/installer or other
[15.573s]         standards-based tools.
[15.574s] 
[15.576s]         See https://blog.ganssle.io/articles/2021/10/setup-py-deprecated.html for details.
[15.576s]         ********************************************************************************
[15.576s] 
[15.576s] !!
[15.577s]   self.initialize_options()
[15.583s] running install_lib
[15.628s] creating /home/cadt-02/Documents/can_test_usb/ros2_can/install/odometry_cont/lib/python3.8/site-packages/script_odom
[15.629s] copying /home/cadt-02/Documents/can_test_usb/ros2_can/build/odometry_cont/build/lib/script_odom/__init__.py -> /home/cadt-02/Documents/can_test_usb/ros2_can/install/odometry_cont/lib/python3.8/site-packages/script_odom
[15.629s] copying /home/cadt-02/Documents/can_test_usb/ros2_can/build/odometry_cont/build/lib/script_odom/odometry.py -> /home/cadt-02/Documents/can_test_usb/ros2_can/install/odometry_cont/lib/python3.8/site-packages/script_odom
[15.629s] creating /home/cadt-02/Documents/can_test_usb/ros2_can/install/odometry_cont/lib/python3.8/site-packages/odometry_cont
[15.629s] copying /home/cadt-02/Documents/can_test_usb/ros2_can/build/odometry_cont/build/lib/odometry_cont/__init__.py -> /home/cadt-02/Documents/can_test_usb/ros2_can/install/odometry_cont/lib/python3.8/site-packages/odometry_cont
[15.629s] copying /home/cadt-02/Documents/can_test_usb/ros2_can/build/odometry_cont/build/lib/odometry_cont/PID.py -> /home/cadt-02/Documents/can_test_usb/ros2_can/install/odometry_cont/lib/python3.8/site-packages/odometry_cont
[15.631s] byte-compiling /home/cadt-02/Documents/can_test_usb/ros2_can/install/odometry_cont/lib/python3.8/site-packages/script_odom/__init__.py to __init__.cpython-38.pyc
[15.631s] byte-compiling /home/cadt-02/Documents/can_test_usb/ros2_can/install/odometry_cont/lib/python3.8/site-packages/script_odom/odometry.py to odometry.cpython-38.pyc
[15.634s] byte-compiling /home/cadt-02/Documents/can_test_usb/ros2_can/install/odometry_cont/lib/python3.8/site-packages/odometry_cont/__init__.py to __init__.cpython-38.pyc
[15.634s] byte-compiling /home/cadt-02/Documents/can_test_usb/ros2_can/install/odometry_cont/lib/python3.8/site-packages/odometry_cont/PID.py to PID.cpython-38.pyc
[15.635s] running install_data
[15.679s] copying resource/odometry_cont -> /home/cadt-02/Documents/can_test_usb/ros2_can/install/odometry_cont/share/ament_index/resource_index/packages
[15.680s] copying package.xml -> /home/cadt-02/Documents/can_test_usb/ros2_can/install/odometry_cont/share/odometry_cont
[15.680s] running install_egg_info
[15.727s] Copying ../../build/odometry_cont/odometry_cont.egg-info to /home/cadt-02/Documents/can_test_usb/ros2_can/install/odometry_cont/lib/python3.8/site-packages/odometry_cont-0.0.0-py3.8.egg-info
[15.729s] running install_scripts
[15.904s] Installing odometry_cont script to /home/cadt-02/Documents/can_test_usb/ros2_can/install/odometry_cont/lib/odometry_cont
[15.906s] writing list of installed files to '/home/cadt-02/Documents/can_test_usb/ros2_can/build/odometry_cont/install.log'
[16.003s] Invoked command in '/home/cadt-02/Documents/can_test_usb/ros2_can/src/odometry_cont' returned '0': NX_CONNECTION=172.23.33.111 57595 172.23.34.34 4000 PYTHONPATH=/home/cadt-02/Documents/can_test_usb/ros2_can/build/odometry_cont/prefix_override:/home/cadt-02/Documents/can_test_usb/ros2_can/install/odometry_cont/lib/python3.8/site-packages:${PYTHONPATH} /usr/bin/python3 setup.py egg_info --egg-base ../../build/odometry_cont build --build-base /home/cadt-02/Documents/can_test_usb/ros2_can/build/odometry_cont/build install --record /home/cadt-02/Documents/can_test_usb/ros2_can/build/odometry_cont/install.log --install-scripts $base/lib/odometry_cont --single-version-externally-managed
