[14.507s] Invoking command in '/home/cadt-02/Documents/can_test_usb/ros2_can/build/ros_imu': PYTHONPATH=/home/cadt-02/Documents/can_test_usb/ros2_can/build/ros_imu/prefix_override:/home/cadt-02/Documents/can_test_usb/ros2_can/install/ros_imu/lib/python3.8/site-packages:${PYTHONPATH} /usr/bin/python3 setup.py develop --editable --build-directory /home/cadt-02/Documents/can_test_usb/ros2_can/build/ros_imu/build --no-deps install_data
[14.859s] /home/cadt-02/.local/lib/python3.8/site-packages/setuptools/dist.py:476: SetuptoolsDeprecationWarning: Invalid dash-separated options
[14.859s] !!
[14.860s] 
[14.860s]         ********************************************************************************
[14.861s]         Usage of dash-separated 'script-dir' will not be supported in future
[14.861s]         versions. Please use the underscore name 'script_dir' instead.
[14.862s] 
[14.863s]         By 2024-Sep-26, you need to update your project and remove deprecated calls
[14.864s]         or your builds will no longer be supported.
[14.865s] 
[14.865s]         See https://setuptools.pypa.io/en/latest/userguide/declarative_config.html for details.
[14.866s]         ********************************************************************************
[14.867s] 
[14.867s] !!
[14.868s]   opt = self.warn_dash_deprecation(opt, section)
[15.343s] running develop
[15.360s] /home/cadt-02/.local/lib/python3.8/site-packages/setuptools/command/develop.py:42: EasyInstallDeprecationWarning: easy_install command is deprecated.
[15.361s] !!
[15.362s] 
[15.363s]         ********************************************************************************
[15.363s]         Please avoid running ``setup.py`` and ``easy_install``.
[15.365s]         Instead, use pypa/build, pypa/installer or other
[15.365s]         standards-based tools.
[15.366s] 
[15.366s]         See https://github.com/pypa/setuptools/issues/917 for details.
[15.368s]         ********************************************************************************
[15.369s] 
[15.370s] !!
[15.370s]   easy_install.initialize_options(self)
[15.433s] /home/cadt-02/.local/lib/python3.8/site-packages/setuptools/_distutils/cmd.py:66: SetuptoolsDeprecationWarning: setup.py install is deprecated.
[15.434s] !!
[15.434s] 
[15.435s]         ********************************************************************************
[15.436s]         Please avoid running ``setup.py`` directly.
[15.437s]         Instead, use pypa/build, pypa/installer or other
[15.437s]         standards-based tools.
[15.439s] 
[15.439s]         See https://blog.ganssle.io/articles/2021/10/setup-py-deprecated.html for details.
[15.440s]         ********************************************************************************
[15.440s] 
[15.441s] !!
[15.442s]   self.initialize_options()
[15.897s] running egg_info
[15.940s] writing ros_imu.egg-info/PKG-INFO
[15.943s] writing dependency_links to ros_imu.egg-info/dependency_links.txt
[15.944s] writing entry points to ros_imu.egg-info/entry_points.txt
[15.946s] writing requirements to ros_imu.egg-info/requires.txt
[15.949s] writing top-level names to ros_imu.egg-info/top_level.txt
[16.032s] reading manifest file 'ros_imu.egg-info/SOURCES.txt'
[16.034s] writing manifest file 'ros_imu.egg-info/SOURCES.txt'
[16.194s] running build_ext
[16.194s] Creating /home/cadt-02/Documents/can_test_usb/ros2_can/install/ros_imu/lib/python3.8/site-packages/ros-imu.egg-link (link to .)
[16.195s] Installing ros_imu script to /home/cadt-02/Documents/can_test_usb/ros2_can/install/ros_imu/lib/ros_imu
[16.196s] 
[16.196s] Installed /home/cadt-02/Documents/can_test_usb/ros2_can/build/ros_imu
[16.196s] running install_data
[16.196s] copying resource/ros_imu -> /home/cadt-02/Documents/can_test_usb/ros2_can/install/ros_imu/share/ament_index/resource_index/packages
[16.196s] copying package.xml -> /home/cadt-02/Documents/can_test_usb/ros2_can/install/ros_imu/share/ros_imu
[17.507s] Invoked command in '/home/cadt-02/Documents/can_test_usb/ros2_can/build/ros_imu' returned '0': PYTHONPATH=/home/cadt-02/Documents/can_test_usb/ros2_can/build/ros_imu/prefix_override:/home/cadt-02/Documents/can_test_usb/ros2_can/install/ros_imu/lib/python3.8/site-packages:${PYTHONPATH} /usr/bin/python3 setup.py develop --editable --build-directory /home/cadt-02/Documents/can_test_usb/ros2_can/build/ros_imu/build --no-deps install_data
