[16.621s] Invoking command in '/home/cadt-02/Documents/can_test_usb/ros2_can/src/keyboard_listener': PYTHONPATH=/home/cadt-02/Documents/can_test_usb/ros2_can/build/keyboard_listener/prefix_override:/home/cadt-02/Documents/can_test_usb/ros2_can/install/keyboard_listener/lib/python3.8/site-packages:${PYTHONPATH} /usr/bin/python3 setup.py egg_info --egg-base ../../build/keyboard_listener build --build-base /home/cadt-02/Documents/can_test_usb/ros2_can/build/keyboard_listener/build install --record /home/cadt-02/Documents/can_test_usb/ros2_can/build/keyboard_listener/install.log --single-version-externally-managed
[18.266s] /home/cadt-02/.local/lib/python3.8/site-packages/setuptools/_distutils/cmd.py:66: SetuptoolsDeprecationWarning: setup.py install is deprecated.
[18.266s] !!
[18.267s] 
[18.267s]         ********************************************************************************
[18.268s]         Please avoid running ``setup.py`` directly.
[18.268s]         Instead, use pypa/build, pypa/installer or other
[18.269s]         standards-based tools.
[18.269s] 
[18.269s]         See https://blog.ganssle.io/articles/2021/10/setup-py-deprecated.html for details.
[18.270s]         ********************************************************************************
[18.270s] 
[18.271s] !!
[18.271s]   self.initialize_options()
[18.272s] running egg_info
[18.272s] writing ../../build/keyboard_listener/keyboard_listener.egg-info/PKG-INFO
[18.272s] writing dependency_links to ../../build/keyboard_listener/keyboard_listener.egg-info/dependency_links.txt
[18.273s] writing entry points to ../../build/keyboard_listener/keyboard_listener.egg-info/entry_points.txt
[18.273s] writing requirements to ../../build/keyboard_listener/keyboard_listener.egg-info/requires.txt
[18.274s] writing top-level names to ../../build/keyboard_listener/keyboard_listener.egg-info/top_level.txt
[18.274s] reading manifest file '../../build/keyboard_listener/keyboard_listener.egg-info/SOURCES.txt'
[18.275s] writing manifest file '../../build/keyboard_listener/keyboard_listener.egg-info/SOURCES.txt'
[18.275s] running build
[18.275s] running build_py
[18.276s] copying keyboard_listener/__init__.py -> /home/cadt-02/Documents/can_test_usb/ros2_can/build/keyboard_listener/build/lib/keyboard_listener
[18.276s] copying keyboard_listener/keyboard_listener.py -> /home/cadt-02/Documents/can_test_usb/ros2_can/build/keyboard_listener/build/lib/keyboard_listener
[18.277s] running install
[18.277s] running install_lib
[18.278s] running install_data
[18.278s] copying resource/keyboard_listener -> /home/cadt-02/Documents/can_test_usb/ros2_can/install/keyboard_listener/share/ament_index/resource_index/packages
[18.279s] copying package.xml -> /home/cadt-02/Documents/can_test_usb/ros2_can/install/keyboard_listener/share/keyboard_listener
[18.279s] running install_egg_info
[18.279s] removing '/home/cadt-02/Documents/can_test_usb/ros2_can/install/keyboard_listener/lib/python3.8/site-packages/keyboard_listener-0.0.0-py3.8.egg-info' (and everything under it)
[18.280s] Copying ../../build/keyboard_listener/keyboard_listener.egg-info to /home/cadt-02/Documents/can_test_usb/ros2_can/install/keyboard_listener/lib/python3.8/site-packages/keyboard_listener-0.0.0-py3.8.egg-info
[18.280s] running install_scripts
[18.281s] Installing keyboard_listener script to /home/cadt-02/Documents/can_test_usb/ros2_can/install/keyboard_listener/lib/keyboard_listener
[18.281s] writing list of installed files to '/home/cadt-02/Documents/can_test_usb/ros2_can/build/keyboard_listener/install.log'
[20.047s] Invoked command in '/home/cadt-02/Documents/can_test_usb/ros2_can/src/keyboard_listener' returned '0': PYTHONPATH=/home/cadt-02/Documents/can_test_usb/ros2_can/build/keyboard_listener/prefix_override:/home/cadt-02/Documents/can_test_usb/ros2_can/install/keyboard_listener/lib/python3.8/site-packages:${PYTHONPATH} /usr/bin/python3 setup.py egg_info --egg-base ../../build/keyboard_listener build --build-base /home/cadt-02/Documents/can_test_usb/ros2_can/build/keyboard_listener/build install --record /home/cadt-02/Documents/can_test_usb/ros2_can/build/keyboard_listener/install.log --single-version-externally-managed
