[13.832s] Invoking command in '/home/cadt-02/Documents/can_test_usb/ros2_can/build/my_package': PYTHONPATH=/home/cadt-02/Documents/can_test_usb/ros2_can/build/my_package/prefix_override:/home/cadt-02/Documents/can_test_usb/ros2_can/install/my_package/lib/python3.8/site-packages:${PYTHONPATH} /usr/bin/python3 setup.py develop --editable --build-directory /home/cadt-02/Documents/can_test_usb/ros2_can/build/my_package/build --no-deps install_data
[14.223s] /home/cadt-02/.local/lib/python3.8/site-packages/setuptools/dist.py:476: SetuptoolsDeprecationWarning: Invalid dash-separated options
[14.224s] !!
[14.224s] 
[14.224s]         ********************************************************************************
[14.225s]         Usage of dash-separated 'build-base' will not be supported in future
[14.225s]         versions. Please use the underscore name 'build_base' instead.
[14.225s] 
[14.225s]         By 2024-Sep-26, you need to update your project and remove deprecated calls
[14.225s]         or your builds will no longer be supported.
[14.225s] 
[14.225s]         See https://setuptools.pypa.io/en/latest/userguide/declarative_config.html for details.
[14.226s]         ********************************************************************************
[14.226s] 
[14.226s] !!
[14.226s]   opt = self.warn_dash_deprecation(opt, section)
[14.779s] /home/cadt-02/.local/lib/python3.8/site-packages/setuptools/command/develop.py:42: EasyInstallDeprecationWarning: easy_install command is deprecated.
[14.779s] !!
[14.779s] 
[14.779s]         ********************************************************************************
[14.779s]         Please avoid running ``setup.py`` and ``easy_install``.
[14.779s]         Instead, use pypa/build, pypa/installer or other
[14.780s]         standards-based tools.
[14.780s] 
[14.780s]         See https://github.com/pypa/setuptools/issues/917 for details.
[14.780s]         ********************************************************************************
[14.780s] 
[14.780s] !!
[14.780s]   easy_install.initialize_options(self)
[14.781s] running develop
[14.872s] /home/cadt-02/.local/lib/python3.8/site-packages/setuptools/_distutils/cmd.py:66: SetuptoolsDeprecationWarning: setup.py install is deprecated.
[14.873s] !!
[14.873s] 
[14.873s]         ********************************************************************************
[14.873s]         Please avoid running ``setup.py`` directly.
[14.873s]         Instead, use pypa/build, pypa/installer or other
[14.873s]         standards-based tools.
[14.874s] 
[14.874s]         See https://blog.ganssle.io/articles/2021/10/setup-py-deprecated.html for details.
[14.874s]         ********************************************************************************
[14.874s] 
[14.874s] !!
[14.874s]   self.initialize_options()
[15.508s] running egg_info
[15.552s] writing my_package.egg-info/PKG-INFO
[15.554s] writing dependency_links to my_package.egg-info/dependency_links.txt
[15.555s] writing entry points to my_package.egg-info/entry_points.txt
[15.555s] writing requirements to my_package.egg-info/requires.txt
[15.555s] writing top-level names to my_package.egg-info/top_level.txt
[15.654s] reading manifest file 'my_package.egg-info/SOURCES.txt'
[15.657s] writing manifest file 'my_package.egg-info/SOURCES.txt'
[15.849s] running build_ext
[15.850s] Creating /home/cadt-02/Documents/can_test_usb/ros2_can/install/my_package/lib/python3.8/site-packages/my-package.egg-link (link to .)
[15.851s] Installing live_detection_node script to /home/cadt-02/Documents/can_test_usb/ros2_can/install/my_package/lib/my_package
[15.857s] Installing main script to /home/cadt-02/Documents/can_test_usb/ros2_can/install/my_package/lib/my_package
[15.858s] Installing my_node script to /home/cadt-02/Documents/can_test_usb/ros2_can/install/my_package/lib/my_package
[15.859s] Installing reinforcement_r2 script to /home/cadt-02/Documents/can_test_usb/ros2_can/install/my_package/lib/my_package
[15.860s] 
[15.860s] Installed /home/cadt-02/Documents/can_test_usb/ros2_can/build/my_package
[15.861s] running install_data
[15.863s] copying resource/my_package -> /home/cadt-02/Documents/can_test_usb/ros2_can/install/my_package/share/ament_index/resource_index/packages
[15.864s] copying package.xml -> /home/cadt-02/Documents/can_test_usb/ros2_can/install/my_package/share/my_package
[22.341s] Invoked command in '/home/cadt-02/Documents/can_test_usb/ros2_can/build/my_package' returned '0': PYTHONPATH=/home/cadt-02/Documents/can_test_usb/ros2_can/build/my_package/prefix_override:/home/cadt-02/Documents/can_test_usb/ros2_can/install/my_package/lib/python3.8/site-packages:${PYTHONPATH} /usr/bin/python3 setup.py develop --editable --build-directory /home/cadt-02/Documents/can_test_usb/ros2_can/build/my_package/build --no-deps install_data
