[13.745s] Invoking command in '/home/cadt-02/Documents/can_test_usb/ros2_can/build/my_robot': PYTHONPATH=/home/cadt-02/Documents/can_test_usb/ros2_can/build/my_robot/prefix_override:/home/cadt-02/Documents/can_test_usb/ros2_can/install/my_robot/lib/python3.8/site-packages:${PYTHONPATH} /usr/bin/python3 setup.py develop --editable --build-directory /home/cadt-02/Documents/can_test_usb/ros2_can/build/my_robot/build --no-deps install_data
[14.138s] /home/cadt-02/.local/lib/python3.8/site-packages/setuptools/dist.py:476: SetuptoolsDeprecationWarning: Invalid dash-separated options
[14.138s] !!
[14.139s] 
[14.139s]         ********************************************************************************
[14.139s]         Usage of dash-separated 'script-dir' will not be supported in future
[14.139s]         versions. Please use the underscore name 'script_dir' instead.
[14.139s] 
[14.139s]         By 2024-Sep-26, you need to update your project and remove deprecated calls
[14.139s]         or your builds will no longer be supported.
[14.140s] 
[14.140s]         See https://setuptools.pypa.io/en/latest/userguide/declarative_config.html for details.
[14.140s]         ********************************************************************************
[14.140s] 
[14.140s] !!
[14.140s]   opt = self.warn_dash_deprecation(opt, section)
[15.070s] running develop
[15.070s] /home/cadt-02/.local/lib/python3.8/site-packages/setuptools/command/develop.py:42: EasyInstallDeprecationWarning: easy_install command is deprecated.
[15.071s] !!
[15.071s] 
[15.071s]         ********************************************************************************
[15.071s]         Please avoid running ``setup.py`` and ``easy_install``.
[15.071s]         Instead, use pypa/build, pypa/installer or other
[15.071s]         standards-based tools.
[15.072s] 
[15.072s]         See https://github.com/pypa/setuptools/issues/917 for details.
[15.072s]         ********************************************************************************
[15.072s] 
[15.072s] !!
[15.072s]   easy_install.initialize_options(self)
[15.185s] /home/cadt-02/.local/lib/python3.8/site-packages/setuptools/_distutils/cmd.py:66: SetuptoolsDeprecationWarning: setup.py install is deprecated.
[15.185s] !!
[15.187s] 
[15.188s]         ********************************************************************************
[15.191s]         Please avoid running ``setup.py`` directly.
[15.192s]         Instead, use pypa/build, pypa/installer or other
[15.193s]         standards-based tools.
[15.193s] 
[15.193s]         See https://blog.ganssle.io/articles/2021/10/setup-py-deprecated.html for details.
[15.193s]         ********************************************************************************
[15.193s] 
[15.193s] !!
[15.193s]   self.initialize_options()
[15.791s] running egg_info
[15.841s] writing my_robot.egg-info/PKG-INFO
[15.842s] writing dependency_links to my_robot.egg-info/dependency_links.txt
[15.842s] writing entry points to my_robot.egg-info/entry_points.txt
[15.844s] writing requirements to my_robot.egg-info/requires.txt
[15.844s] writing top-level names to my_robot.egg-info/top_level.txt
[15.950s] reading manifest file 'my_robot.egg-info/SOURCES.txt'
[15.954s] writing manifest file 'my_robot.egg-info/SOURCES.txt'
[16.208s] running build_ext
[16.208s] Creating /home/cadt-02/Documents/can_test_usb/ros2_can/install/my_robot/lib/python3.8/site-packages/my-robot.egg-link (link to .)
[16.210s] Installing arduino_feedback script to /home/cadt-02/Documents/can_test_usb/ros2_can/install/my_robot/lib/my_robot
[16.216s] Installing my_robot script to /home/cadt-02/Documents/can_test_usb/ros2_can/install/my_robot/lib/my_robot
[16.222s] 
[16.222s] Installed /home/cadt-02/Documents/can_test_usb/ros2_can/build/my_robot
[16.223s] running install_data
[16.223s] copying resource/my_robot -> /home/cadt-02/Documents/can_test_usb/ros2_can/install/my_robot/share/ament_index/resource_index/packages
[16.223s] copying package.xml -> /home/cadt-02/Documents/can_test_usb/ros2_can/install/my_robot/share/my_robot
[23.554s] Invoked command in '/home/cadt-02/Documents/can_test_usb/ros2_can/build/my_robot' returned '0': PYTHONPATH=/home/cadt-02/Documents/can_test_usb/ros2_can/build/my_robot/prefix_override:/home/cadt-02/Documents/can_test_usb/ros2_can/install/my_robot/lib/python3.8/site-packages:${PYTHONPATH} /usr/bin/python3 setup.py develop --editable --build-directory /home/cadt-02/Documents/can_test_usb/ros2_can/build/my_robot/build --no-deps install_data
