[15.955s] Invoking command in '/home/cadt-02/Documents/can_test_usb/ros2_can/build/my_package': PYTHONPATH=/home/cadt-02/Documents/can_test_usb/ros2_can/build/my_package/prefix_override:/home/cadt-02/Documents/can_test_usb/ros2_can/install/my_package/lib/python3.8/site-packages:${PYTHONPATH} /usr/bin/python3 setup.py develop --editable --build-directory /home/cadt-02/Documents/can_test_usb/ros2_can/build/my_package/build --no-deps install_data
[16.428s] /home/cadt-02/.local/lib/python3.8/site-packages/setuptools/dist.py:476: SetuptoolsDeprecationWarning: Invalid dash-separated options
[16.428s] !!
[16.428s] 
[16.429s]         ********************************************************************************
[16.429s]         Usage of dash-separated 'build-base' will not be supported in future
[16.429s]         versions. Please use the underscore name 'build_base' instead.
[16.429s] 
[16.429s]         By 2024-Sep-26, you need to update your project and remove deprecated calls
[16.429s]         or your builds will no longer be supported.
[16.429s] 
[16.429s]         See https://setuptools.pypa.io/en/latest/userguide/declarative_config.html for details.
[16.429s]         ********************************************************************************
[16.430s] 
[16.430s] !!
[16.430s]   opt = self.warn_dash_deprecation(opt, section)
[17.579s] running develop
[17.580s] /home/cadt-02/.local/lib/python3.8/site-packages/setuptools/command/develop.py:42: EasyInstallDeprecationWarning: easy_install command is deprecated.
[17.580s] !!
[17.580s] 
[17.580s]         ********************************************************************************
[17.581s]         Please avoid running ``setup.py`` and ``easy_install``.
[17.581s]         Instead, use pypa/build, pypa/installer or other
[17.581s]         standards-based tools.
[17.581s] 
[17.581s]         See https://github.com/pypa/setuptools/issues/917 for details.
[17.581s]         ********************************************************************************
[17.581s] 
[17.581s] !!
[17.581s]   easy_install.initialize_options(self)
[17.708s] /home/cadt-02/.local/lib/python3.8/site-packages/setuptools/_distutils/cmd.py:66: SetuptoolsDeprecationWarning: setup.py install is deprecated.
[17.708s] !!
[17.708s] 
[17.708s]         ********************************************************************************
[17.709s]         Please avoid running ``setup.py`` directly.
[17.709s]         Instead, use pypa/build, pypa/installer or other
[17.709s]         standards-based tools.
[17.709s] 
[17.709s]         See https://blog.ganssle.io/articles/2021/10/setup-py-deprecated.html for details.
[17.709s]         ********************************************************************************
[17.709s] 
[17.709s] !!
[17.710s]   self.initialize_options()
[18.331s] running egg_info
[18.395s] writing my_package.egg-info/PKG-INFO
[18.396s] writing dependency_links to my_package.egg-info/dependency_links.txt
[18.396s] writing entry points to my_package.egg-info/entry_points.txt
[18.396s] writing requirements to my_package.egg-info/requires.txt
[18.398s] writing top-level names to my_package.egg-info/top_level.txt
[18.517s] reading manifest file 'my_package.egg-info/SOURCES.txt'
[18.518s] writing manifest file 'my_package.egg-info/SOURCES.txt'
[18.720s] running build_ext
[18.721s] Creating /home/cadt-02/Documents/can_test_usb/ros2_can/install/my_package/lib/python3.8/site-packages/my-package.egg-link (link to .)
[18.721s] Installing live_detection_node script to /home/cadt-02/Documents/can_test_usb/ros2_can/install/my_package/lib/my_package
[18.721s] Installing main script to /home/cadt-02/Documents/can_test_usb/ros2_can/install/my_package/lib/my_package
[18.722s] Installing my_node script to /home/cadt-02/Documents/can_test_usb/ros2_can/install/my_package/lib/my_package
[18.722s] Installing reinforcement_r2 script to /home/cadt-02/Documents/can_test_usb/ros2_can/install/my_package/lib/my_package
[18.723s] 
[18.723s] Installed /home/cadt-02/Documents/can_test_usb/ros2_can/build/my_package
[18.724s] running install_data
[18.732s] copying resource/my_package -> /home/cadt-02/Documents/can_test_usb/ros2_can/install/my_package/share/ament_index/resource_index/packages
[18.732s] copying package.xml -> /home/cadt-02/Documents/can_test_usb/ros2_can/install/my_package/share/my_package
[23.945s] Invoked command in '/home/cadt-02/Documents/can_test_usb/ros2_can/build/my_package' returned '0': PYTHONPATH=/home/cadt-02/Documents/can_test_usb/ros2_can/build/my_package/prefix_override:/home/cadt-02/Documents/can_test_usb/ros2_can/install/my_package/lib/python3.8/site-packages:${PYTHONPATH} /usr/bin/python3 setup.py develop --editable --build-directory /home/cadt-02/Documents/can_test_usb/ros2_can/build/my_package/build --no-deps install_data
