[15.130s] Invoking command in '/home/cadt-02/Documents/can_test_usb/ros2_can/build/movement': PYTHONPATH=/home/cadt-02/Documents/can_test_usb/ros2_can/build/movement/prefix_override:/home/cadt-02/Documents/can_test_usb/ros2_can/install/movement/lib/python3.8/site-packages:${PYTHONPATH} /usr/bin/python3 setup.py develop --editable --build-directory /home/cadt-02/Documents/can_test_usb/ros2_can/build/movement/build --no-deps install_data
[16.173s] /home/cadt-02/.local/lib/python3.8/site-packages/setuptools/command/develop.py:42: EasyInstallDeprecationWarning: easy_install command is deprecated.
[16.173s] !!
[16.173s] 
[16.173s] running develop
[16.173s]         ********************************************************************************
[16.174s]         Please avoid running ``setup.py`` and ``easy_install``.
[16.174s]         Instead, use pypa/build, pypa/installer or other
[16.174s]         standards-based tools.
[16.174s] 
[16.175s]         See https://github.com/pypa/setuptools/issues/917 for details.
[16.175s]         ********************************************************************************
[16.175s] 
[16.175s] !!
[16.176s]   easy_install.initialize_options(self)
[16.332s] /home/cadt-02/.local/lib/python3.8/site-packages/setuptools/_distutils/cmd.py:66: SetuptoolsDeprecationWarning: setup.py install is deprecated.
[16.333s] !!
[16.333s] 
[16.333s]         ********************************************************************************
[16.333s]         Please avoid running ``setup.py`` directly.
[16.333s]         Instead, use pypa/build, pypa/installer or other
[16.333s]         standards-based tools.
[16.334s] 
[16.334s]         See https://blog.ganssle.io/articles/2021/10/setup-py-deprecated.html for details.
[16.334s]         ********************************************************************************
[16.334s] 
[16.334s] !!
[16.334s]   self.initialize_options()
[17.142s] running egg_info
[17.188s] writing movement.egg-info/PKG-INFO
[17.198s] writing dependency_links to movement.egg-info/dependency_links.txt
[17.198s] writing entry points to movement.egg-info/entry_points.txt
[17.198s] writing requirements to movement.egg-info/requires.txt
[17.198s] writing top-level names to movement.egg-info/top_level.txt
[17.340s] reading manifest file 'movement.egg-info/SOURCES.txt'
[17.346s] writing manifest file 'movement.egg-info/SOURCES.txt'
[17.592s] running build_ext
[17.593s] Creating /home/cadt-02/Documents/can_test_usb/ros2_can/install/movement/lib/python3.8/site-packages/movement.egg-link (link to .)
[17.596s] Installing movement script to /home/cadt-02/Documents/can_test_usb/ros2_can/install/movement/lib/movement
[17.598s] Installing smart_driver_send script to /home/cadt-02/Documents/can_test_usb/ros2_can/install/movement/lib/movement
[17.599s] 
[17.599s] Installed /home/cadt-02/Documents/can_test_usb/ros2_can/build/movement
[17.599s] running install_data
[17.599s] copying resource/movement -> /home/cadt-02/Documents/can_test_usb/ros2_can/install/movement/share/ament_index/resource_index/packages
[17.600s] copying package.xml -> /home/cadt-02/Documents/can_test_usb/ros2_can/install/movement/share/movement
[20.257s] Invoked command in '/home/cadt-02/Documents/can_test_usb/ros2_can/build/movement' returned '0': PYTHONPATH=/home/cadt-02/Documents/can_test_usb/ros2_can/build/movement/prefix_override:/home/cadt-02/Documents/can_test_usb/ros2_can/install/movement/lib/python3.8/site-packages:${PYTHONPATH} /usr/bin/python3 setup.py develop --editable --build-directory /home/cadt-02/Documents/can_test_usb/ros2_can/build/movement/build --no-deps install_data
