[17.832s] Invoking command in '/home/cadt-02/Documents/can_test_usb/ros2_can/build/odometry_cont': PYTHONPATH=/home/cadt-02/Documents/can_test_usb/ros2_can/build/odometry_cont/prefix_override:/home/cadt-02/Documents/can_test_usb/ros2_can/install/odometry_cont/lib/python3.8/site-packages:${PYTHONPATH} /usr/bin/python3 setup.py develop --editable --build-directory /home/cadt-02/Documents/can_test_usb/ros2_can/build/odometry_cont/build --no-deps install_data
[18.183s] /home/cadt-02/.local/lib/python3.8/site-packages/setuptools/dist.py:476: SetuptoolsDeprecationWarning: Invalid dash-separated options
[18.184s] !!
[18.184s] 
[18.184s]         ********************************************************************************
[18.184s]         Usage of dash-separated 'script-dir' will not be supported in future
[18.184s]         versions. Please use the underscore name 'script_dir' instead.
[18.184s] 
[18.185s]         By 2024-Sep-26, you need to update your project and remove deprecated calls
[18.185s]         or your builds will no longer be supported.
[18.185s] 
[18.185s]         See https://setuptools.pypa.io/en/latest/userguide/declarative_config.html for details.
[18.185s]         ********************************************************************************
[18.185s] 
[18.185s] !!
[18.185s]   opt = self.warn_dash_deprecation(opt, section)
[18.702s] running develop
[18.703s] /home/cadt-02/.local/lib/python3.8/site-packages/setuptools/command/develop.py:42: EasyInstallDeprecationWarning: easy_install command is deprecated.
[18.703s] !!
[18.703s] 
[18.703s]         ********************************************************************************
[18.703s]         Please avoid running ``setup.py`` and ``easy_install``.
[18.703s]         Instead, use pypa/build, pypa/installer or other
[18.704s]         standards-based tools.
[18.704s] 
[18.704s]         See https://github.com/pypa/setuptools/issues/917 for details.
[18.704s]         ********************************************************************************
[18.704s] 
[18.704s] !!
[18.704s]   easy_install.initialize_options(self)
[18.795s] /home/cadt-02/.local/lib/python3.8/site-packages/setuptools/_distutils/cmd.py:66: SetuptoolsDeprecationWarning: setup.py install is deprecated.
[18.795s] !!
[18.795s] 
[18.795s]         ********************************************************************************
[18.795s]         Please avoid running ``setup.py`` directly.
[18.795s]         Instead, use pypa/build, pypa/installer or other
[18.795s]         standards-based tools.
[18.796s] 
[18.796s]         See https://blog.ganssle.io/articles/2021/10/setup-py-deprecated.html for details.
[18.796s]         ********************************************************************************
[18.796s] 
[18.796s] !!
[18.796s]   self.initialize_options()
[19.289s] running egg_info
[19.333s] writing odometry_cont.egg-info/PKG-INFO
[19.334s] writing dependency_links to odometry_cont.egg-info/dependency_links.txt
[19.335s] writing entry points to odometry_cont.egg-info/entry_points.txt
[19.335s] writing requirements to odometry_cont.egg-info/requires.txt
[19.335s] writing top-level names to odometry_cont.egg-info/top_level.txt
[19.430s] reading manifest file 'odometry_cont.egg-info/SOURCES.txt'
[19.432s] writing manifest file 'odometry_cont.egg-info/SOURCES.txt'
[19.598s] running build_ext
[19.598s] Creating /home/cadt-02/Documents/can_test_usb/ros2_can/install/odometry_cont/lib/python3.8/site-packages/odometry-cont.egg-link (link to .)
[19.600s] Installing localization script to /home/cadt-02/Documents/can_test_usb/ros2_can/install/odometry_cont/lib/odometry_cont
[19.601s] Installing odometry_cont script to /home/cadt-02/Documents/can_test_usb/ros2_can/install/odometry_cont/lib/odometry_cont
[19.602s] 
[19.602s] Installed /home/cadt-02/Documents/can_test_usb/ros2_can/build/odometry_cont
[19.602s] running install_data
[19.602s] copying resource/odometry_cont -> /home/cadt-02/Documents/can_test_usb/ros2_can/install/odometry_cont/share/ament_index/resource_index/packages
[19.602s] copying package.xml -> /home/cadt-02/Documents/can_test_usb/ros2_can/install/odometry_cont/share/odometry_cont
[22.235s] Invoked command in '/home/cadt-02/Documents/can_test_usb/ros2_can/build/odometry_cont' returned '0': PYTHONPATH=/home/cadt-02/Documents/can_test_usb/ros2_can/build/odometry_cont/prefix_override:/home/cadt-02/Documents/can_test_usb/ros2_can/install/odometry_cont/lib/python3.8/site-packages:${PYTHONPATH} /usr/bin/python3 setup.py develop --editable --build-directory /home/cadt-02/Documents/can_test_usb/ros2_can/build/odometry_cont/build --no-deps install_data
