[12.640s] Invoking command in '/home/cadt-02/Documents/can_test_usb/ros2_can/build/my_robot': PYTHONPATH=/home/cadt-02/Documents/can_test_usb/ros2_can/build/my_robot/prefix_override:/home/cadt-02/Documents/can_test_usb/ros2_can/install/my_robot/lib/python3.8/site-packages:${PYTHONPATH} /usr/bin/python3 setup.py develop --editable --build-directory /home/cadt-02/Documents/can_test_usb/ros2_can/build/my_robot/build --no-deps install_data
[13.031s] /home/cadt-02/.local/lib/python3.8/site-packages/setuptools/dist.py:476: SetuptoolsDeprecationWarning: Invalid dash-separated options
[13.031s] !!
[13.031s] 
[13.031s]         ********************************************************************************
[13.032s]         Usage of dash-separated 'script-dir' will not be supported in future
[13.032s]         versions. Please use the underscore name 'script_dir' instead.
[13.032s] 
[13.032s]         By 2024-Sep-26, you need to update your project and remove deprecated calls
[13.032s]         or your builds will no longer be supported.
[13.032s] 
[13.033s]         See https://setuptools.pypa.io/en/latest/userguide/declarative_config.html for details.
[13.033s]         ********************************************************************************
[13.033s] 
[13.033s] !!
[13.033s]   opt = self.warn_dash_deprecation(opt, section)
[13.646s] running develop
[13.648s] /home/cadt-02/.local/lib/python3.8/site-packages/setuptools/command/develop.py:42: EasyInstallDeprecationWarning: easy_install command is deprecated.
[13.648s] !!
[13.649s] 
[13.651s]         ********************************************************************************
[13.651s]         Please avoid running ``setup.py`` and ``easy_install``.
[13.651s]         Instead, use pypa/build, pypa/installer or other
[13.651s]         standards-based tools.
[13.652s] 
[13.652s]         See https://github.com/pypa/setuptools/issues/917 for details.
[13.652s]         ********************************************************************************
[13.652s] 
[13.655s] !!
[13.655s]   easy_install.initialize_options(self)
[13.745s] /home/cadt-02/.local/lib/python3.8/site-packages/setuptools/_distutils/cmd.py:66: SetuptoolsDeprecationWarning: setup.py install is deprecated.
[13.745s] !!
[13.745s] 
[13.745s]         ********************************************************************************
[13.746s]         Please avoid running ``setup.py`` directly.
[13.746s]         Instead, use pypa/build, pypa/installer or other
[13.746s]         standards-based tools.
[13.746s] 
[13.746s]         See https://blog.ganssle.io/articles/2021/10/setup-py-deprecated.html for details.
[13.746s]         ********************************************************************************
[13.747s] 
[13.747s] !!
[13.747s]   self.initialize_options()
[14.279s] running egg_info
[14.345s] writing my_robot.egg-info/PKG-INFO
[14.350s] writing dependency_links to my_robot.egg-info/dependency_links.txt
[14.352s] writing entry points to my_robot.egg-info/entry_points.txt
[14.358s] writing requirements to my_robot.egg-info/requires.txt
[14.361s] writing top-level names to my_robot.egg-info/top_level.txt
[14.464s] reading manifest file 'my_robot.egg-info/SOURCES.txt'
[14.467s] writing manifest file 'my_robot.egg-info/SOURCES.txt'
[14.660s] running build_ext
[14.660s] Creating /home/cadt-02/Documents/can_test_usb/ros2_can/install/my_robot/lib/python3.8/site-packages/my-robot.egg-link (link to .)
[14.668s] Installing my_robot script to /home/cadt-02/Documents/can_test_usb/ros2_can/install/my_robot/lib/my_robot
[14.669s] 
[14.669s] Installed /home/cadt-02/Documents/can_test_usb/ros2_can/build/my_robot
[14.669s] running install_data
[14.669s] copying resource/my_robot -> /home/cadt-02/Documents/can_test_usb/ros2_can/install/my_robot/share/ament_index/resource_index/packages
[14.669s] copying package.xml -> /home/cadt-02/Documents/can_test_usb/ros2_can/install/my_robot/share/my_robot
[21.380s] Invoked command in '/home/cadt-02/Documents/can_test_usb/ros2_can/build/my_robot' returned '0': PYTHONPATH=/home/cadt-02/Documents/can_test_usb/ros2_can/build/my_robot/prefix_override:/home/cadt-02/Documents/can_test_usb/ros2_can/install/my_robot/lib/python3.8/site-packages:${PYTHONPATH} /usr/bin/python3 setup.py develop --editable --build-directory /home/cadt-02/Documents/can_test_usb/ros2_can/build/my_robot/build --no-deps install_data
