[15.107s] Invoking command in '/home/cadt-02/Documents/can_test_usb/ros2_can/build/my_package': PYTHONPATH=/home/cadt-02/Documents/can_test_usb/ros2_can/build/my_package/prefix_override:/home/cadt-02/Documents/can_test_usb/ros2_can/install/my_package/lib/python3.8/site-packages:${PYTHONPATH} /usr/bin/python3 setup.py develop --editable --build-directory /home/cadt-02/Documents/can_test_usb/ros2_can/build/my_package/build --no-deps install_data
[15.664s] /home/cadt-02/.local/lib/python3.8/site-packages/setuptools/dist.py:476: SetuptoolsDeprecationWarning: Invalid dash-separated options
[15.664s] !!
[15.664s] 
[15.664s]         ********************************************************************************
[15.664s]         Usage of dash-separated 'build-base' will not be supported in future
[15.665s]         versions. Please use the underscore name 'build_base' instead.
[15.665s] 
[15.665s]         By 2024-Sep-26, you need to update your project and remove deprecated calls
[15.665s]         or your builds will no longer be supported.
[15.665s] 
[15.665s]         See https://setuptools.pypa.io/en/latest/userguide/declarative_config.html for details.
[15.665s]         ********************************************************************************
[15.666s] 
[15.666s] !!
[15.666s]   opt = self.warn_dash_deprecation(opt, section)
[16.320s] running develop
[16.321s] /home/cadt-02/.local/lib/python3.8/site-packages/setuptools/command/develop.py:42: EasyInstallDeprecationWarning: easy_install command is deprecated.
[16.321s] !!
[16.321s] 
[16.321s]         ********************************************************************************
[16.321s]         Please avoid running ``setup.py`` and ``easy_install``.
[16.322s]         Instead, use pypa/build, pypa/installer or other
[16.322s]         standards-based tools.
[16.322s] 
[16.325s]         See https://github.com/pypa/setuptools/issues/917 for details.
[16.326s]         ********************************************************************************
[16.326s] 
[16.326s] !!
[16.326s]   easy_install.initialize_options(self)
[16.431s] /home/cadt-02/.local/lib/python3.8/site-packages/setuptools/_distutils/cmd.py:66: SetuptoolsDeprecationWarning: setup.py install is deprecated.
[16.435s] !!
[16.437s] 
[16.438s]         ********************************************************************************
[16.440s]         Please avoid running ``setup.py`` directly.
[16.441s]         Instead, use pypa/build, pypa/installer or other
[16.442s]         standards-based tools.
[16.443s] 
[16.443s]         See https://blog.ganssle.io/articles/2021/10/setup-py-deprecated.html for details.
[16.443s]         ********************************************************************************
[16.443s] 
[16.443s] !!
[16.444s]   self.initialize_options()
[17.249s] running egg_info
[17.332s] writing my_package.egg-info/PKG-INFO
[17.335s] writing dependency_links to my_package.egg-info/dependency_links.txt
[17.344s] writing entry points to my_package.egg-info/entry_points.txt
[17.345s] writing requirements to my_package.egg-info/requires.txt
[17.346s] writing top-level names to my_package.egg-info/top_level.txt
[17.471s] reading manifest file 'my_package.egg-info/SOURCES.txt'
[17.483s] writing manifest file 'my_package.egg-info/SOURCES.txt'
[17.676s] running build_ext
[17.677s] Creating /home/cadt-02/Documents/can_test_usb/ros2_can/install/my_package/lib/python3.8/site-packages/my-package.egg-link (link to .)
[17.682s] Installing live_detection_node script to /home/cadt-02/Documents/can_test_usb/ros2_can/install/my_package/lib/my_package
[17.683s] Installing main script to /home/cadt-02/Documents/can_test_usb/ros2_can/install/my_package/lib/my_package
[17.684s] Installing my_node script to /home/cadt-02/Documents/can_test_usb/ros2_can/install/my_package/lib/my_package
[17.684s] Installing reinforcement_r2 script to /home/cadt-02/Documents/can_test_usb/ros2_can/install/my_package/lib/my_package
[17.686s] 
[17.686s] Installed /home/cadt-02/Documents/can_test_usb/ros2_can/build/my_package
[17.687s] running install_data
[17.689s] copying resource/my_package -> /home/cadt-02/Documents/can_test_usb/ros2_can/install/my_package/share/ament_index/resource_index/packages
[17.690s] copying package.xml -> /home/cadt-02/Documents/can_test_usb/ros2_can/install/my_package/share/my_package
[24.349s] Invoked command in '/home/cadt-02/Documents/can_test_usb/ros2_can/build/my_package' returned '0': PYTHONPATH=/home/cadt-02/Documents/can_test_usb/ros2_can/build/my_package/prefix_override:/home/cadt-02/Documents/can_test_usb/ros2_can/install/my_package/lib/python3.8/site-packages:${PYTHONPATH} /usr/bin/python3 setup.py develop --editable --build-directory /home/cadt-02/Documents/can_test_usb/ros2_can/build/my_package/build --no-deps install_data
