[15.276s] Invoking command in '/home/cadt-02/Documents/can_test_usb/ros2_can/build/my_package': PYTHONPATH=/home/cadt-02/Documents/can_test_usb/ros2_can/build/my_package/prefix_override:/home/cadt-02/Documents/can_test_usb/ros2_can/install/my_package/lib/python3.8/site-packages:${PYTHONPATH} /usr/bin/python3 setup.py develop --editable --build-directory /home/cadt-02/Documents/can_test_usb/ros2_can/build/my_package/build --no-deps install_data
[15.786s] /home/cadt-02/.local/lib/python3.8/site-packages/setuptools/dist.py:476: SetuptoolsDeprecationWarning: Invalid dash-separated options
[15.786s] !!
[15.787s] 
[15.787s]         ********************************************************************************
[15.787s]         Usage of dash-separated 'build-base' will not be supported in future
[15.787s]         versions. Please use the underscore name 'build_base' instead.
[15.787s] 
[15.787s]         By 2024-Sep-26, you need to update your project and remove deprecated calls
[15.787s]         or your builds will no longer be supported.
[15.788s] 
[15.788s]         See https://setuptools.pypa.io/en/latest/userguide/declarative_config.html for details.
[15.788s]         ********************************************************************************
[15.788s] 
[15.788s] !!
[15.788s]   opt = self.warn_dash_deprecation(opt, section)
[16.370s] running develop
[16.372s] /home/cadt-02/.local/lib/python3.8/site-packages/setuptools/command/develop.py:42: EasyInstallDeprecationWarning: easy_install command is deprecated.
[16.373s] !!
[16.373s] 
[16.373s]         ********************************************************************************
[16.373s]         Please avoid running ``setup.py`` and ``easy_install``.
[16.373s]         Instead, use pypa/build, pypa/installer or other
[16.373s]         standards-based tools.
[16.373s] 
[16.374s]         See https://github.com/pypa/setuptools/issues/917 for details.
[16.374s]         ********************************************************************************
[16.374s] 
[16.374s] !!
[16.374s]   easy_install.initialize_options(self)
[16.470s] /home/cadt-02/.local/lib/python3.8/site-packages/setuptools/_distutils/cmd.py:66: SetuptoolsDeprecationWarning: setup.py install is deprecated.
[16.470s] !!
[16.470s] 
[16.471s]         ********************************************************************************
[16.471s]         Please avoid running ``setup.py`` directly.
[16.471s]         Instead, use pypa/build, pypa/installer or other
[16.471s]         standards-based tools.
[16.471s] 
[16.471s]         See https://blog.ganssle.io/articles/2021/10/setup-py-deprecated.html for details.
[16.471s]         ********************************************************************************
[16.472s] 
[16.472s] !!
[16.472s]   self.initialize_options()
[16.988s] running egg_info
[17.053s] writing my_package.egg-info/PKG-INFO
[17.053s] writing dependency_links to my_package.egg-info/dependency_links.txt
[17.053s] writing entry points to my_package.egg-info/entry_points.txt
[17.053s] writing requirements to my_package.egg-info/requires.txt
[17.053s] writing top-level names to my_package.egg-info/top_level.txt
[17.148s] reading manifest file 'my_package.egg-info/SOURCES.txt'
[17.148s] writing manifest file 'my_package.egg-info/SOURCES.txt'
[17.326s] running build_ext
[17.326s] Creating /home/cadt-02/Documents/can_test_usb/ros2_can/install/my_package/lib/python3.8/site-packages/my-package.egg-link (link to .)
[17.330s] Installing live_detection_node script to /home/cadt-02/Documents/can_test_usb/ros2_can/install/my_package/lib/my_package
[17.331s] Installing main script to /home/cadt-02/Documents/can_test_usb/ros2_can/install/my_package/lib/my_package
[17.331s] Installing my_node script to /home/cadt-02/Documents/can_test_usb/ros2_can/install/my_package/lib/my_package
[17.331s] Installing reinforcement_r2 script to /home/cadt-02/Documents/can_test_usb/ros2_can/install/my_package/lib/my_package
[17.331s] 
[17.331s] Installed /home/cadt-02/Documents/can_test_usb/ros2_can/build/my_package
[17.331s] running install_data
[17.332s] copying resource/my_package -> /home/cadt-02/Documents/can_test_usb/ros2_can/install/my_package/share/ament_index/resource_index/packages
[17.335s] copying package.xml -> /home/cadt-02/Documents/can_test_usb/ros2_can/install/my_package/share/my_package
[21.385s] Invoked command in '/home/cadt-02/Documents/can_test_usb/ros2_can/build/my_package' returned '0': PYTHONPATH=/home/cadt-02/Documents/can_test_usb/ros2_can/build/my_package/prefix_override:/home/cadt-02/Documents/can_test_usb/ros2_can/install/my_package/lib/python3.8/site-packages:${PYTHONPATH} /usr/bin/python3 setup.py develop --editable --build-directory /home/cadt-02/Documents/can_test_usb/ros2_can/build/my_package/build --no-deps install_data
