[11.190s] Invoking command in '/home/cadt-02/Documents/can_test_usb/ros2_can/build/odometry': NX_CONNECTION=172.23.33.204 63376 172.23.34.34 4000 PYTHONPATH=/home/cadt-02/Documents/can_test_usb/ros2_can/build/odometry/prefix_override:/home/cadt-02/Documents/can_test_usb/ros2_can/install/odometry/lib/python3.8/site-packages:${PYTHONPATH} /usr/bin/python3 setup.py develop --editable --build-directory /home/cadt-02/Documents/can_test_usb/ros2_can/build/odometry/build --no-deps install_data
[12.980s] running develop
[12.981s] running egg_info
[12.981s] writing odometry.egg-info/PKG-INFO
[12.981s] writing dependency_links to odometry.egg-info/dependency_links.txt
[12.982s] writing entry points to odometry.egg-info/entry_points.txt
[12.982s] writing requirements to odometry.egg-info/requires.txt
[12.982s] writing top-level names to odometry.egg-info/top_level.txt
[12.982s] reading manifest file 'odometry.egg-info/SOURCES.txt'
[12.982s] writing manifest file 'odometry.egg-info/SOURCES.txt'
[12.982s] /home/cadt-02/.local/lib/python3.8/site-packages/setuptools/dist.py:476: SetuptoolsDeprecationWarning: Invalid dash-separated options
[12.982s] !!
[12.983s] 
[12.983s]         ********************************************************************************
[12.983s]         Usage of dash-separated 'script-dir' will not be supported in future
[12.983s]         versions. Please use the underscore name 'script_dir' instead.
[12.983s] 
[12.983s]         By 2024-Sep-26, you need to update your project and remove deprecated calls
[12.983s]         or your builds will no longer be supported.
[12.983s] 
[12.984s]         See https://setuptools.pypa.io/en/latest/userguide/declarative_config.html for details.
[12.984s]         ********************************************************************************
[12.984s] 
[12.984s] !!
[12.984s]   opt = self.warn_dash_deprecation(opt, section)
[12.984s] /home/cadt-02/.local/lib/python3.8/site-packages/setuptools/command/develop.py:42: EasyInstallDeprecationWarning: easy_install command is deprecated.
[12.984s] !!
[12.984s] 
[12.985s]         ********************************************************************************
[12.985s]         Please avoid running ``setup.py`` and ``easy_install``.
[12.985s]         Instead, use pypa/build, pypa/installer or other
[12.985s]         standards-based tools.
[12.985s] 
[12.985s]         See https://github.com/pypa/setuptools/issues/917 for details.
[12.985s]         ********************************************************************************
[12.985s] 
[12.986s] !!
[12.986s]   easy_install.initialize_options(self)
[12.986s] /home/cadt-02/.local/lib/python3.8/site-packages/setuptools/_distutils/cmd.py:66: SetuptoolsDeprecationWarning: setup.py install is deprecated.
[12.986s] !!
[12.986s] 
[12.986s]         ********************************************************************************
[12.986s]         Please avoid running ``setup.py`` directly.
[12.986s]         Instead, use pypa/build, pypa/installer or other
[12.986s]         standards-based tools.
[12.987s] 
[12.987s]         See https://blog.ganssle.io/articles/2021/10/setup-py-deprecated.html for details.
[12.987s]         ********************************************************************************
[12.987s] 
[12.987s] !!
[12.987s]   self.initialize_options()
[13.005s] running build_ext
[13.006s] Creating /home/cadt-02/Documents/can_test_usb/ros2_can/install/odometry/lib/python3.8/site-packages/odometry.egg-link (link to .)
[13.007s] Installing odometry script to /home/cadt-02/Documents/can_test_usb/ros2_can/install/odometry/lib/odometry
[13.008s] 
[13.009s] Installed /home/cadt-02/Documents/can_test_usb/ros2_can/build/odometry
[13.010s] running install_data
[13.010s] copying resource/odometry -> /home/cadt-02/Documents/can_test_usb/ros2_can/install/odometry/share/ament_index/resource_index/packages
[13.011s] copying package.xml -> /home/cadt-02/Documents/can_test_usb/ros2_can/install/odometry/share/odometry
[18.960s] Invoked command in '/home/cadt-02/Documents/can_test_usb/ros2_can/build/odometry' returned '0': NX_CONNECTION=172.23.33.204 63376 172.23.34.34 4000 PYTHONPATH=/home/cadt-02/Documents/can_test_usb/ros2_can/build/odometry/prefix_override:/home/cadt-02/Documents/can_test_usb/ros2_can/install/odometry/lib/python3.8/site-packages:${PYTHONPATH} /usr/bin/python3 setup.py develop --editable --build-directory /home/cadt-02/Documents/can_test_usb/ros2_can/build/odometry/build --no-deps install_data
