[9.794s] Invoking command in '/home/cadt-02/Documents/can_test_usb/ros2_can/build/ros_imu': PYTHONPATH=/home/cadt-02/Documents/can_test_usb/ros2_can/build/ros_imu/prefix_override:/home/cadt-02/Documents/can_test_usb/ros2_can/install/ros_imu/lib/python3.8/site-packages:${PYTHONPATH} /usr/bin/python3 setup.py develop --editable --build-directory /home/cadt-02/Documents/can_test_usb/ros2_can/build/ros_imu/build --no-deps install_data
[10.157s] /home/cadt-02/.local/lib/python3.8/site-packages/setuptools/dist.py:476: SetuptoolsDeprecationWarning: Invalid dash-separated options
[10.157s] !!
[10.157s] 
[10.157s]         ********************************************************************************
[10.157s]         Usage of dash-separated 'script-dir' will not be supported in future
[10.157s]         versions. Please use the underscore name 'script_dir' instead.
[10.158s] 
[10.158s]         By 2024-Sep-26, you need to update your project and remove deprecated calls
[10.158s]         or your builds will no longer be supported.
[10.158s] 
[10.158s]         See https://setuptools.pypa.io/en/latest/userguide/declarative_config.html for details.
[10.158s]         ********************************************************************************
[10.158s] 
[10.159s] !!
[10.159s]   opt = self.warn_dash_deprecation(opt, section)
[10.684s] running develop
[10.685s] /home/cadt-02/.local/lib/python3.8/site-packages/setuptools/command/develop.py:42: EasyInstallDeprecationWarning: easy_install command is deprecated.
[10.685s] !!
[10.685s] 
[10.685s]         ********************************************************************************
[10.685s]         Please avoid running ``setup.py`` and ``easy_install``.
[10.686s]         Instead, use pypa/build, pypa/installer or other
[10.686s]         standards-based tools.
[10.686s] 
[10.686s]         See https://github.com/pypa/setuptools/issues/917 for details.
[10.686s]         ********************************************************************************
[10.686s] 
[10.686s] !!
[10.687s]   easy_install.initialize_options(self)
[10.779s] /home/cadt-02/.local/lib/python3.8/site-packages/setuptools/_distutils/cmd.py:66: SetuptoolsDeprecationWarning: setup.py install is deprecated.
[10.779s] !!
[10.779s] 
[10.779s]         ********************************************************************************
[10.779s]         Please avoid running ``setup.py`` directly.
[10.779s]         Instead, use pypa/build, pypa/installer or other
[10.780s]         standards-based tools.
[10.780s] 
[10.780s]         See https://blog.ganssle.io/articles/2021/10/setup-py-deprecated.html for details.
[10.780s]         ********************************************************************************
[10.780s] 
[10.780s] !!
[10.780s]   self.initialize_options()
[11.258s] running egg_info
[11.305s] writing ros_imu.egg-info/PKG-INFO
[11.305s] writing dependency_links to ros_imu.egg-info/dependency_links.txt
[11.306s] writing entry points to ros_imu.egg-info/entry_points.txt
[11.306s] writing requirements to ros_imu.egg-info/requires.txt
[11.307s] writing top-level names to ros_imu.egg-info/top_level.txt
[11.402s] reading manifest file 'ros_imu.egg-info/SOURCES.txt'
[11.404s] writing manifest file 'ros_imu.egg-info/SOURCES.txt'
[11.568s] running build_ext
[11.568s] Creating /home/cadt-02/Documents/can_test_usb/ros2_can/install/ros_imu/lib/python3.8/site-packages/ros-imu.egg-link (link to .)
[11.569s] Installing ros_imu script to /home/cadt-02/Documents/can_test_usb/ros2_can/install/ros_imu/lib/ros_imu
[11.570s] 
[11.570s] Installed /home/cadt-02/Documents/can_test_usb/ros2_can/build/ros_imu
[11.571s] running install_data
[11.571s] copying resource/ros_imu -> /home/cadt-02/Documents/can_test_usb/ros2_can/install/ros_imu/share/ament_index/resource_index/packages
[11.571s] copying package.xml -> /home/cadt-02/Documents/can_test_usb/ros2_can/install/ros_imu/share/ros_imu
[12.911s] Invoked command in '/home/cadt-02/Documents/can_test_usb/ros2_can/build/ros_imu' returned '0': PYTHONPATH=/home/cadt-02/Documents/can_test_usb/ros2_can/build/ros_imu/prefix_override:/home/cadt-02/Documents/can_test_usb/ros2_can/install/ros_imu/lib/python3.8/site-packages:${PYTHONPATH} /usr/bin/python3 setup.py develop --editable --build-directory /home/cadt-02/Documents/can_test_usb/ros2_can/build/ros_imu/build --no-deps install_data
