[13.172s] Invoking command in '/home/cadt-02/Documents/can_test_usb/ros2_can/build/odometry_cont': PYTHONPATH=/home/cadt-02/Documents/can_test_usb/ros2_can/build/odometry_cont/prefix_override:/home/cadt-02/Documents/can_test_usb/ros2_can/install/odometry_cont/lib/python3.8/site-packages:${PYTHONPATH} /usr/bin/python3 setup.py develop --editable --build-directory /home/cadt-02/Documents/can_test_usb/ros2_can/build/odometry_cont/build --no-deps install_data
[13.512s] /home/cadt-02/.local/lib/python3.8/site-packages/setuptools/dist.py:476: SetuptoolsDeprecationWarning: Invalid dash-separated options
[13.513s] !!
[13.513s] 
[13.513s]         ********************************************************************************
[13.513s]         Usage of dash-separated 'script-dir' will not be supported in future
[13.514s]         versions. Please use the underscore name 'script_dir' instead.
[13.514s] 
[13.514s]         By 2024-Sep-26, you need to update your project and remove deprecated calls
[13.514s]         or your builds will no longer be supported.
[13.514s] 
[13.514s]         See https://setuptools.pypa.io/en/latest/userguide/declarative_config.html for details.
[13.515s]         ********************************************************************************
[13.515s] 
[13.515s] !!
[13.515s]   opt = self.warn_dash_deprecation(opt, section)
[14.011s] running develop
[14.012s] /home/cadt-02/.local/lib/python3.8/site-packages/setuptools/command/develop.py:42: EasyInstallDeprecationWarning: easy_install command is deprecated.
[14.012s] !!
[14.012s] 
[14.015s]         ********************************************************************************
[14.016s]         Please avoid running ``setup.py`` and ``easy_install``.
[14.016s]         Instead, use pypa/build, pypa/installer or other
[14.019s]         standards-based tools.
[14.019s] 
[14.020s]         See https://github.com/pypa/setuptools/issues/917 for details.
[14.021s]         ********************************************************************************
[14.022s] 
[14.022s] !!
[14.024s]   easy_install.initialize_options(self)
[14.099s] /home/cadt-02/.local/lib/python3.8/site-packages/setuptools/_distutils/cmd.py:66: SetuptoolsDeprecationWarning: setup.py install is deprecated.
[14.100s] !!
[14.100s] 
[14.101s]         ********************************************************************************
[14.101s]         Please avoid running ``setup.py`` directly.
[14.102s]         Instead, use pypa/build, pypa/installer or other
[14.103s]         standards-based tools.
[14.103s] 
[14.104s]         See https://blog.ganssle.io/articles/2021/10/setup-py-deprecated.html for details.
[14.105s]         ********************************************************************************
[14.105s] 
[14.106s] !!
[14.107s]   self.initialize_options()
[14.554s] running egg_info
[14.596s] writing odometry_cont.egg-info/PKG-INFO
[14.596s] writing dependency_links to odometry_cont.egg-info/dependency_links.txt
[14.598s] writing entry points to odometry_cont.egg-info/entry_points.txt
[14.598s] writing requirements to odometry_cont.egg-info/requires.txt
[14.601s] writing top-level names to odometry_cont.egg-info/top_level.txt
[14.689s] reading manifest file 'odometry_cont.egg-info/SOURCES.txt'
[14.691s] writing manifest file 'odometry_cont.egg-info/SOURCES.txt'
[14.843s] running build_ext
[14.843s] Creating /home/cadt-02/Documents/can_test_usb/ros2_can/install/odometry_cont/lib/python3.8/site-packages/odometry-cont.egg-link (link to .)
[14.845s] Installing odometry_cont script to /home/cadt-02/Documents/can_test_usb/ros2_can/install/odometry_cont/lib/odometry_cont
[14.848s] 
[14.849s] Installed /home/cadt-02/Documents/can_test_usb/ros2_can/build/odometry_cont
[14.852s] running install_data
[14.854s] copying resource/odometry_cont -> /home/cadt-02/Documents/can_test_usb/ros2_can/install/odometry_cont/share/ament_index/resource_index/packages
[14.856s] copying package.xml -> /home/cadt-02/Documents/can_test_usb/ros2_can/install/odometry_cont/share/odometry_cont
[14.962s] Invoked command in '/home/cadt-02/Documents/can_test_usb/ros2_can/build/odometry_cont' returned '0': PYTHONPATH=/home/cadt-02/Documents/can_test_usb/ros2_can/build/odometry_cont/prefix_override:/home/cadt-02/Documents/can_test_usb/ros2_can/install/odometry_cont/lib/python3.8/site-packages:${PYTHONPATH} /usr/bin/python3 setup.py develop --editable --build-directory /home/cadt-02/Documents/can_test_usb/ros2_can/build/odometry_cont/build --no-deps install_data
