[15.386s] Invoking command in '/home/cadt-02/Documents/can_test_usb/ros2_can/build/movement': PYTHONPATH=/home/cadt-02/Documents/can_test_usb/ros2_can/build/movement/prefix_override:/home/cadt-02/Documents/can_test_usb/ros2_can/install/movement/lib/python3.8/site-packages:${PYTHONPATH} /usr/bin/python3 setup.py develop --editable --build-directory /home/cadt-02/Documents/can_test_usb/ros2_can/build/movement/build --no-deps install_data
[16.307s] running develop
[16.308s] /home/cadt-02/.local/lib/python3.8/site-packages/setuptools/command/develop.py:42: EasyInstallDeprecationWarning: easy_install command is deprecated.
[16.309s] !!
[16.310s] 
[16.312s]         ********************************************************************************
[16.313s]         Please avoid running ``setup.py`` and ``easy_install``.
[16.313s]         Instead, use pypa/build, pypa/installer or other
[16.313s]         standards-based tools.
[16.313s] 
[16.313s]         See https://github.com/pypa/setuptools/issues/917 for details.
[16.314s]         ********************************************************************************
[16.314s] 
[16.314s] !!
[16.314s]   easy_install.initialize_options(self)
[16.398s] /home/cadt-02/.local/lib/python3.8/site-packages/setuptools/_distutils/cmd.py:66: SetuptoolsDeprecationWarning: setup.py install is deprecated.
[16.398s] !!
[16.398s] 
[16.398s]         ********************************************************************************
[16.398s]         Please avoid running ``setup.py`` directly.
[16.398s]         Instead, use pypa/build, pypa/installer or other
[16.398s]         standards-based tools.
[16.399s] 
[16.399s]         See https://blog.ganssle.io/articles/2021/10/setup-py-deprecated.html for details.
[16.399s]         ********************************************************************************
[16.399s] 
[16.399s] !!
[16.399s]   self.initialize_options()
[16.877s] running egg_info
[16.923s] writing movement.egg-info/PKG-INFO
[16.924s] writing dependency_links to movement.egg-info/dependency_links.txt
[16.924s] writing entry points to movement.egg-info/entry_points.txt
[16.925s] writing requirements to movement.egg-info/requires.txt
[16.926s] writing top-level names to movement.egg-info/top_level.txt
[17.017s] reading manifest file 'movement.egg-info/SOURCES.txt'
[17.019s] writing manifest file 'movement.egg-info/SOURCES.txt'
[17.181s] running build_ext
[17.181s] Creating /home/cadt-02/Documents/can_test_usb/ros2_can/install/movement/lib/python3.8/site-packages/movement.egg-link (link to .)
[17.183s] Installing movement script to /home/cadt-02/Documents/can_test_usb/ros2_can/install/movement/lib/movement
[17.184s] Installing smart_driver_send script to /home/cadt-02/Documents/can_test_usb/ros2_can/install/movement/lib/movement
[17.185s] 
[17.186s] Installed /home/cadt-02/Documents/can_test_usb/ros2_can/build/movement
[17.186s] running install_data
[17.186s] copying resource/movement -> /home/cadt-02/Documents/can_test_usb/ros2_can/install/movement/share/ament_index/resource_index/packages
[17.186s] copying package.xml -> /home/cadt-02/Documents/can_test_usb/ros2_can/install/movement/share/movement
[21.541s] Invoked command in '/home/cadt-02/Documents/can_test_usb/ros2_can/build/movement' returned '0': PYTHONPATH=/home/cadt-02/Documents/can_test_usb/ros2_can/build/movement/prefix_override:/home/cadt-02/Documents/can_test_usb/ros2_can/install/movement/lib/python3.8/site-packages:${PYTHONPATH} /usr/bin/python3 setup.py develop --editable --build-directory /home/cadt-02/Documents/can_test_usb/ros2_can/build/movement/build --no-deps install_data
