[6.501s] Invoking command in '/home/cadt-02/Documents/can_test_usb/ros2_can/build/ros_imu': PYTHONPATH=/home/cadt-02/Documents/can_test_usb/ros2_can/build/ros_imu/prefix_override:/home/cadt-02/Documents/can_test_usb/ros2_can/install/ros_imu/lib/python3.8/site-packages:${PYTHONPATH} /usr/bin/python3 setup.py develop --editable --build-directory /home/cadt-02/Documents/can_test_usb/ros2_can/build/ros_imu/build --no-deps install_data
[6.841s] /home/cadt-02/.local/lib/python3.8/site-packages/setuptools/dist.py:476: SetuptoolsDeprecationWarning: Invalid dash-separated options
[6.841s] !!
[6.841s] 
[6.842s]         ********************************************************************************
[6.842s]         Usage of dash-separated 'script-dir' will not be supported in future
[6.842s]         versions. Please use the underscore name 'script_dir' instead.
[6.842s] 
[6.842s]         By 2024-Sep-26, you need to update your project and remove deprecated calls
[6.842s]         or your builds will no longer be supported.
[6.842s] 
[6.842s]         See https://setuptools.pypa.io/en/latest/userguide/declarative_config.html for details.
[6.843s]         ********************************************************************************
[6.843s] 
[6.843s] !!
[6.843s]   opt = self.warn_dash_deprecation(opt, section)
[7.355s] running develop
[7.356s] /home/cadt-02/.local/lib/python3.8/site-packages/setuptools/command/develop.py:42: EasyInstallDeprecationWarning: easy_install command is deprecated.
[7.356s] !!
[7.356s] 
[7.356s]         ********************************************************************************
[7.356s]         Please avoid running ``setup.py`` and ``easy_install``.
[7.356s]         Instead, use pypa/build, pypa/installer or other
[7.356s]         standards-based tools.
[7.356s] 
[7.357s]         See https://github.com/pypa/setuptools/issues/917 for details.
[7.357s]         ********************************************************************************
[7.357s] 
[7.357s] !!
[7.357s]   easy_install.initialize_options(self)
[7.447s] /home/cadt-02/.local/lib/python3.8/site-packages/setuptools/_distutils/cmd.py:66: SetuptoolsDeprecationWarning: setup.py install is deprecated.
[7.447s] !!
[7.447s] 
[7.447s]         ********************************************************************************
[7.447s]         Please avoid running ``setup.py`` directly.
[7.447s]         Instead, use pypa/build, pypa/installer or other
[7.447s]         standards-based tools.
[7.448s] 
[7.448s]         See https://blog.ganssle.io/articles/2021/10/setup-py-deprecated.html for details.
[7.448s]         ********************************************************************************
[7.448s] 
[7.448s] !!
[7.448s]   self.initialize_options()
[7.935s] running egg_info
[7.980s] writing ros_imu.egg-info/PKG-INFO
[7.982s] writing dependency_links to ros_imu.egg-info/dependency_links.txt
[7.982s] writing entry points to ros_imu.egg-info/entry_points.txt
[7.982s] writing requirements to ros_imu.egg-info/requires.txt
[7.982s] writing top-level names to ros_imu.egg-info/top_level.txt
[8.076s] reading manifest file 'ros_imu.egg-info/SOURCES.txt'
[8.078s] writing manifest file 'ros_imu.egg-info/SOURCES.txt'
[8.234s] running build_ext
[8.234s] Creating /home/cadt-02/Documents/can_test_usb/ros2_can/install/ros_imu/lib/python3.8/site-packages/ros-imu.egg-link (link to .)
[8.236s] Installing ros_imu script to /home/cadt-02/Documents/can_test_usb/ros2_can/install/ros_imu/lib/ros_imu
[8.237s] 
[8.237s] Installed /home/cadt-02/Documents/can_test_usb/ros2_can/build/ros_imu
[8.238s] running install_data
[8.238s] copying resource/ros_imu -> /home/cadt-02/Documents/can_test_usb/ros2_can/install/ros_imu/share/ament_index/resource_index/packages
[8.238s] copying package.xml -> /home/cadt-02/Documents/can_test_usb/ros2_can/install/ros_imu/share/ros_imu
[8.346s] Invoked command in '/home/cadt-02/Documents/can_test_usb/ros2_can/build/ros_imu' returned '0': PYTHONPATH=/home/cadt-02/Documents/can_test_usb/ros2_can/build/ros_imu/prefix_override:/home/cadt-02/Documents/can_test_usb/ros2_can/install/ros_imu/lib/python3.8/site-packages:${PYTHONPATH} /usr/bin/python3 setup.py develop --editable --build-directory /home/cadt-02/Documents/can_test_usb/ros2_can/build/ros_imu/build --no-deps install_data
