[13.343s] Invoking command in '/home/cadt-02/Documents/can_test_usb/ros2_can/build/ros_imu': PYTHONPATH=/home/cadt-02/Documents/can_test_usb/ros2_can/build/ros_imu/prefix_override:/home/cadt-02/Documents/can_test_usb/ros2_can/install/ros_imu/lib/python3.8/site-packages:${PYTHONPATH} /usr/bin/python3 setup.py develop --editable --build-directory /home/cadt-02/Documents/can_test_usb/ros2_can/build/ros_imu/build --no-deps install_data
[13.702s] /home/cadt-02/.local/lib/python3.8/site-packages/setuptools/dist.py:476: SetuptoolsDeprecationWarning: Invalid dash-separated options
[13.702s] !!
[13.702s] 
[13.704s]         ********************************************************************************
[13.704s]         Usage of dash-separated 'script-dir' will not be supported in future
[13.704s]         versions. Please use the underscore name 'script_dir' instead.
[13.704s] 
[13.704s]         By 2024-Sep-26, you need to update your project and remove deprecated calls
[13.705s]         or your builds will no longer be supported.
[13.705s] 
[13.705s]         See https://setuptools.pypa.io/en/latest/userguide/declarative_config.html for details.
[13.705s]         ********************************************************************************
[13.705s] 
[13.706s] !!
[13.706s]   opt = self.warn_dash_deprecation(opt, section)
[14.190s] running develop
[14.190s] /home/cadt-02/.local/lib/python3.8/site-packages/setuptools/command/develop.py:42: EasyInstallDeprecationWarning: easy_install command is deprecated.
[14.190s] !!
[14.190s] 
[14.190s]         ********************************************************************************
[14.190s]         Please avoid running ``setup.py`` and ``easy_install``.
[14.190s]         Instead, use pypa/build, pypa/installer or other
[14.191s]         standards-based tools.
[14.191s] 
[14.191s]         See https://github.com/pypa/setuptools/issues/917 for details.
[14.191s]         ********************************************************************************
[14.191s] 
[14.191s] !!
[14.191s]   easy_install.initialize_options(self)
[14.277s] /home/cadt-02/.local/lib/python3.8/site-packages/setuptools/_distutils/cmd.py:66: SetuptoolsDeprecationWarning: setup.py install is deprecated.
[14.277s] !!
[14.277s] 
[14.277s]         ********************************************************************************
[14.277s]         Please avoid running ``setup.py`` directly.
[14.278s]         Instead, use pypa/build, pypa/installer or other
[14.278s]         standards-based tools.
[14.278s] 
[14.278s]         See https://blog.ganssle.io/articles/2021/10/setup-py-deprecated.html for details.
[14.278s]         ********************************************************************************
[14.278s] 
[14.278s] !!
[14.279s]   self.initialize_options()
[14.731s] running egg_info
[14.774s] writing ros_imu.egg-info/PKG-INFO
[14.775s] writing dependency_links to ros_imu.egg-info/dependency_links.txt
[14.776s] writing entry points to ros_imu.egg-info/entry_points.txt
[14.776s] writing requirements to ros_imu.egg-info/requires.txt
[14.776s] writing top-level names to ros_imu.egg-info/top_level.txt
[14.866s] reading manifest file 'ros_imu.egg-info/SOURCES.txt'
[14.867s] writing manifest file 'ros_imu.egg-info/SOURCES.txt'
[15.022s] running build_ext
[15.022s] Creating /home/cadt-02/Documents/can_test_usb/ros2_can/install/ros_imu/lib/python3.8/site-packages/ros-imu.egg-link (link to .)
[15.024s] Installing ros_imu script to /home/cadt-02/Documents/can_test_usb/ros2_can/install/ros_imu/lib/ros_imu
[15.025s] 
[15.025s] Installed /home/cadt-02/Documents/can_test_usb/ros2_can/build/ros_imu
[15.025s] running install_data
[15.025s] copying resource/ros_imu -> /home/cadt-02/Documents/can_test_usb/ros2_can/install/ros_imu/share/ament_index/resource_index/packages
[15.026s] copying package.xml -> /home/cadt-02/Documents/can_test_usb/ros2_can/install/ros_imu/share/ros_imu
[16.293s] Invoked command in '/home/cadt-02/Documents/can_test_usb/ros2_can/build/ros_imu' returned '0': PYTHONPATH=/home/cadt-02/Documents/can_test_usb/ros2_can/build/ros_imu/prefix_override:/home/cadt-02/Documents/can_test_usb/ros2_can/install/ros_imu/lib/python3.8/site-packages:${PYTHONPATH} /usr/bin/python3 setup.py develop --editable --build-directory /home/cadt-02/Documents/can_test_usb/ros2_can/build/ros_imu/build --no-deps install_data
