[13.737s] Invoking command in '/home/cadt-02/Documents/can_test_usb/ros2_can/build/my_package': PYTHONPATH=/home/cadt-02/Documents/can_test_usb/ros2_can/build/my_package/prefix_override:/home/cadt-02/Documents/can_test_usb/ros2_can/install/my_package/lib/python3.8/site-packages:${PYTHONPATH} /usr/bin/python3 setup.py develop --editable --build-directory /home/cadt-02/Documents/can_test_usb/ros2_can/build/my_package/build --no-deps install_data
[14.110s] /home/cadt-02/.local/lib/python3.8/site-packages/setuptools/dist.py:476: SetuptoolsDeprecationWarning: Invalid dash-separated options
[14.110s] !!
[14.111s] 
[14.111s]         ********************************************************************************
[14.111s]         Usage of dash-separated 'build-base' will not be supported in future
[14.111s]         versions. Please use the underscore name 'build_base' instead.
[14.111s] 
[14.111s]         By 2024-Sep-26, you need to update your project and remove deprecated calls
[14.111s]         or your builds will no longer be supported.
[14.111s] 
[14.112s]         See https://setuptools.pypa.io/en/latest/userguide/declarative_config.html for details.
[14.112s]         ********************************************************************************
[14.112s] 
[14.112s] !!
[14.112s]   opt = self.warn_dash_deprecation(opt, section)
[14.631s] running develop
[14.631s] /home/cadt-02/.local/lib/python3.8/site-packages/setuptools/command/develop.py:42: EasyInstallDeprecationWarning: easy_install command is deprecated.
[14.631s] !!
[14.631s] 
[14.631s]         ********************************************************************************
[14.631s]         Please avoid running ``setup.py`` and ``easy_install``.
[14.632s]         Instead, use pypa/build, pypa/installer or other
[14.632s]         standards-based tools.
[14.632s] 
[14.632s]         See https://github.com/pypa/setuptools/issues/917 for details.
[14.632s]         ********************************************************************************
[14.633s] 
[14.633s] !!
[14.633s]   easy_install.initialize_options(self)
[14.724s] /home/cadt-02/.local/lib/python3.8/site-packages/setuptools/_distutils/cmd.py:66: SetuptoolsDeprecationWarning: setup.py install is deprecated.
[14.725s] !!
[14.725s] 
[14.725s]         ********************************************************************************
[14.725s]         Please avoid running ``setup.py`` directly.
[14.725s]         Instead, use pypa/build, pypa/installer or other
[14.725s]         standards-based tools.
[14.726s] 
[14.726s]         See https://blog.ganssle.io/articles/2021/10/setup-py-deprecated.html for details.
[14.726s]         ********************************************************************************
[14.726s] 
[14.726s] !!
[14.726s]   self.initialize_options()
[15.252s] running egg_info
[15.296s] writing my_package.egg-info/PKG-INFO
[15.297s] writing dependency_links to my_package.egg-info/dependency_links.txt
[15.298s] writing entry points to my_package.egg-info/entry_points.txt
[15.299s] writing requirements to my_package.egg-info/requires.txt
[15.300s] writing top-level names to my_package.egg-info/top_level.txt
[15.394s] reading manifest file 'my_package.egg-info/SOURCES.txt'
[15.397s] writing manifest file 'my_package.egg-info/SOURCES.txt'
[15.571s] running build_ext
[15.571s] Creating /home/cadt-02/Documents/can_test_usb/ros2_can/install/my_package/lib/python3.8/site-packages/my-package.egg-link (link to .)
[15.575s] Installing live_detection_node script to /home/cadt-02/Documents/can_test_usb/ros2_can/install/my_package/lib/my_package
[15.577s] Installing main script to /home/cadt-02/Documents/can_test_usb/ros2_can/install/my_package/lib/my_package
[15.578s] Installing my_node script to /home/cadt-02/Documents/can_test_usb/ros2_can/install/my_package/lib/my_package
[15.579s] Installing reinforcement_r2 script to /home/cadt-02/Documents/can_test_usb/ros2_can/install/my_package/lib/my_package
[15.581s] 
[15.581s] Installed /home/cadt-02/Documents/can_test_usb/ros2_can/build/my_package
[15.583s] running install_data
[15.583s] copying resource/my_package -> /home/cadt-02/Documents/can_test_usb/ros2_can/install/my_package/share/ament_index/resource_index/packages
[15.585s] copying package.xml -> /home/cadt-02/Documents/can_test_usb/ros2_can/install/my_package/share/my_package
[21.126s] Invoked command in '/home/cadt-02/Documents/can_test_usb/ros2_can/build/my_package' returned '0': PYTHONPATH=/home/cadt-02/Documents/can_test_usb/ros2_can/build/my_package/prefix_override:/home/cadt-02/Documents/can_test_usb/ros2_can/install/my_package/lib/python3.8/site-packages:${PYTHONPATH} /usr/bin/python3 setup.py develop --editable --build-directory /home/cadt-02/Documents/can_test_usb/ros2_can/build/my_package/build --no-deps install_data
