[15.841s] Invoking command in '/home/cadt-02/Documents/can_test_usb/ros2_can/build/movement': PYTHONPATH=/home/cadt-02/Documents/can_test_usb/ros2_can/build/movement/prefix_override:/home/cadt-02/Documents/can_test_usb/ros2_can/install/movement/lib/python3.8/site-packages:${PYTHONPATH} /usr/bin/python3 setup.py develop --editable --build-directory /home/cadt-02/Documents/can_test_usb/ros2_can/build/movement/build --no-deps install_data
[16.768s] running develop
[16.769s] /home/cadt-02/.local/lib/python3.8/site-packages/setuptools/command/develop.py:42: EasyInstallDeprecationWarning: easy_install command is deprecated.
[16.769s] !!
[16.769s] 
[16.769s]         ********************************************************************************
[16.769s]         Please avoid running ``setup.py`` and ``easy_install``.
[16.769s]         Instead, use pypa/build, pypa/installer or other
[16.769s]         standards-based tools.
[16.770s] 
[16.770s]         See https://github.com/pypa/setuptools/issues/917 for details.
[16.770s]         ********************************************************************************
[16.770s] 
[16.770s] !!
[16.770s]   easy_install.initialize_options(self)
[16.864s] /home/cadt-02/.local/lib/python3.8/site-packages/setuptools/_distutils/cmd.py:66: SetuptoolsDeprecationWarning: setup.py install is deprecated.
[16.865s] !!
[16.865s] 
[16.865s]         ********************************************************************************
[16.865s]         Please avoid running ``setup.py`` directly.
[16.865s]         Instead, use pypa/build, pypa/installer or other
[16.866s]         standards-based tools.
[16.866s] 
[16.866s]         See https://blog.ganssle.io/articles/2021/10/setup-py-deprecated.html for details.
[16.866s]         ********************************************************************************
[16.866s] 
[16.866s] !!
[16.866s]   self.initialize_options()
[17.430s] running egg_info
[17.490s] writing movement.egg-info/PKG-INFO
[17.492s] writing dependency_links to movement.egg-info/dependency_links.txt
[17.492s] writing entry points to movement.egg-info/entry_points.txt
[17.492s] writing requirements to movement.egg-info/requires.txt
[17.494s] writing top-level names to movement.egg-info/top_level.txt
[17.655s] reading manifest file 'movement.egg-info/SOURCES.txt'
[17.659s] writing manifest file 'movement.egg-info/SOURCES.txt'
[17.849s] running build_ext
[17.849s] Creating /home/cadt-02/Documents/can_test_usb/ros2_can/install/movement/lib/python3.8/site-packages/movement.egg-link (link to .)
[17.849s] Installing movement script to /home/cadt-02/Documents/can_test_usb/ros2_can/install/movement/lib/movement
[17.850s] Installing smart_driver_send script to /home/cadt-02/Documents/can_test_usb/ros2_can/install/movement/lib/movement
[17.850s] 
[17.850s] Installed /home/cadt-02/Documents/can_test_usb/ros2_can/build/movement
[17.850s] running install_data
[17.850s] copying resource/movement -> /home/cadt-02/Documents/can_test_usb/ros2_can/install/movement/share/ament_index/resource_index/packages
[17.850s] copying package.xml -> /home/cadt-02/Documents/can_test_usb/ros2_can/install/movement/share/movement
[23.276s] Invoked command in '/home/cadt-02/Documents/can_test_usb/ros2_can/build/movement' returned '0': PYTHONPATH=/home/cadt-02/Documents/can_test_usb/ros2_can/build/movement/prefix_override:/home/cadt-02/Documents/can_test_usb/ros2_can/install/movement/lib/python3.8/site-packages:${PYTHONPATH} /usr/bin/python3 setup.py develop --editable --build-directory /home/cadt-02/Documents/can_test_usb/ros2_can/build/movement/build --no-deps install_data
