[0.734s] DEBUG:colcon:Command line arguments: ['/usr/bin/colcon', 'build']
[0.734s] DEBUG:colcon:Parsed command line arguments: Namespace(allow_overriding=[], ament_cmake_args=None, base_paths=['.'], build_base='build', catkin_cmake_args=None, catkin_skip_building_tests=False, cmake_args=None, cmake_clean_cache=False, cmake_clean_first=False, cmake_force_configure=False, cmake_target=None, cmake_target_skip_unavailable=False, continue_on_error=False, event_handlers=None, executor='parallel', ignore_user_meta=False, install_base='install', log_base=None, log_level=None, main=<bound method BuildVerb.main of <colcon_core.verb.build.BuildVerb object at 0x7fc6a5359730>>, merge_install=False, metas=['./colcon.meta'], mixin=None, mixin_files=None, mixin_verb=('build',), packages_above=None, packages_above_and_dependencies=None, packages_above_depth=None, packages_end=None, packages_ignore=None, packages_ignore_regex=None, packages_select=None, packages_select_build_failed=False, packages_select_by_dep=None, packages_select_regex=None, packages_select_test_failures=False, packages_skip=None, packages_skip_build_finished=False, packages_skip_by_dep=None, packages_skip_regex=None, packages_skip_test_passed=False, packages_skip_up_to=None, packages_start=None, packages_up_to=None, packages_up_to_regex=None, parallel_workers=2, paths=None, symlink_install=False, test_result_base=None, verb_extension=<colcon_core.verb.build.BuildVerb object at 0x7fc6a5359730>, verb_name='build', verb_parser=<colcon_mixin.mixin.mixin_argument.MixinArgumentDecorator object at 0x7fc6a52d1b20>)
[1.162s] Level 1:colcon.colcon_core.package_discovery:discover_packages(colcon_meta) check parameters
[1.162s] Level 1:colcon.colcon_core.package_discovery:discover_packages(recursive) check parameters
[1.162s] Level 1:colcon.colcon_core.package_discovery:discover_packages(ignore) check parameters
[1.162s] Level 1:colcon.colcon_core.package_discovery:discover_packages(path) check parameters
[1.163s] Level 1:colcon.colcon_core.package_discovery:discover_packages(colcon_meta) discover
[1.163s] Level 1:colcon.colcon_core.package_discovery:discover_packages(recursive) discover
[1.163s] INFO:colcon.colcon_core.package_discovery:Crawling recursively for packages in '/home/romcadt/ros2_ws/src/my_robot_control'
[1.163s] Level 1:colcon.colcon_core.package_identification:_identify(.) by extensions ['ignore', 'ignore_ament_install']
[1.163s] Level 1:colcon.colcon_core.package_identification:_identify(.) by extension 'ignore'
[1.164s] Level 1:colcon.colcon_core.package_identification:_identify(.) by extension 'ignore_ament_install'
[1.164s] Level 1:colcon.colcon_core.package_identification:_identify(.) by extensions ['colcon_pkg']
[1.164s] Level 1:colcon.colcon_core.package_identification:_identify(.) by extension 'colcon_pkg'
[1.164s] Level 1:colcon.colcon_core.package_identification:_identify(.) by extensions ['colcon_meta']
[1.164s] Level 1:colcon.colcon_core.package_identification:_identify(.) by extension 'colcon_meta'
[1.164s] Level 1:colcon.colcon_core.package_identification:_identify(.) by extensions ['ros']
[1.164s] Level 1:colcon.colcon_core.package_identification:_identify(.) by extension 'ros'
[1.208s] DEBUG:colcon.colcon_core.package_identification:Package '.' with type 'ros.ament_python' and name 'my_robot_control'
[1.209s] Level 1:colcon.colcon_core.package_discovery:discover_packages(recursive) using defaults
[1.209s] Level 1:colcon.colcon_core.package_discovery:discover_packages(ignore) discover
[1.209s] Level 1:colcon.colcon_core.package_discovery:discover_packages(ignore) using defaults
[1.209s] Level 1:colcon.colcon_core.package_discovery:discover_packages(path) discover
[1.209s] Level 1:colcon.colcon_core.package_discovery:discover_packages(path) using defaults
[1.276s] Level 1:colcon.colcon_core.package_discovery:discover_packages(prefix_path) check parameters
[1.276s] Level 1:colcon.colcon_core.package_discovery:discover_packages(prefix_path) discover
[1.288s] DEBUG:colcon.colcon_installed_package_information.package_discovery:Found 1 installed packages in /home/romcadt/ros2_ws/src/my_robot_control/install
[1.293s] DEBUG:colcon.colcon_installed_package_information.package_discovery:Found 1 installed packages in /home/romcadt/ros2_ws/src/odometry/install
[1.300s] DEBUG:colcon.colcon_installed_package_information.package_discovery:Found 256 installed packages in /opt/ros/foxy
[1.323s] Level 1:colcon.colcon_core.package_discovery:discover_packages(prefix_path) using defaults
[1.839s] Level 5:colcon.colcon_core.verb:set package 'my_robot_control' build argument 'cmake_args' from command line to 'None'
[1.839s] Level 5:colcon.colcon_core.verb:set package 'my_robot_control' build argument 'cmake_target' from command line to 'None'
[1.839s] Level 5:colcon.colcon_core.verb:set package 'my_robot_control' build argument 'cmake_target_skip_unavailable' from command line to 'False'
[1.840s] Level 5:colcon.colcon_core.verb:set package 'my_robot_control' build argument 'cmake_clean_cache' from command line to 'False'
[1.840s] Level 5:colcon.colcon_core.verb:set package 'my_robot_control' build argument 'cmake_clean_first' from command line to 'False'
[1.840s] Level 5:colcon.colcon_core.verb:set package 'my_robot_control' build argument 'cmake_force_configure' from command line to 'False'
[1.840s] Level 5:colcon.colcon_core.verb:set package 'my_robot_control' build argument 'ament_cmake_args' from command line to 'None'
[1.841s] Level 5:colcon.colcon_core.verb:set package 'my_robot_control' build argument 'catkin_cmake_args' from command line to 'None'
[1.841s] Level 5:colcon.colcon_core.verb:set package 'my_robot_control' build argument 'catkin_skip_building_tests' from command line to 'False'
[1.841s] DEBUG:colcon.colcon_core.verb:Building package 'my_robot_control' with the following arguments: {'ament_cmake_args': None, 'build_base': '/home/romcadt/ros2_ws/src/my_robot_control/build/my_robot_control', 'catkin_cmake_args': None, 'catkin_skip_building_tests': False, 'cmake_args': None, 'cmake_clean_cache': False, 'cmake_clean_first': False, 'cmake_force_configure': False, 'cmake_target': None, 'cmake_target_skip_unavailable': False, 'install_base': '/home/romcadt/ros2_ws/src/my_robot_control/install/my_robot_control', 'merge_install': False, 'path': '/home/romcadt/ros2_ws/src/my_robot_control', 'symlink_install': False, 'test_result_base': None}
[1.842s] INFO:colcon.colcon_core.executor:Executing jobs using 'parallel' executor
[1.858s] DEBUG:colcon.colcon_parallel_executor.executor.parallel:run_until_complete
[1.859s] INFO:colcon.colcon_ros.task.ament_python.build:Building ROS package in '/home/romcadt/ros2_ws/src/my_robot_control' with build type 'ament_python'
[1.859s] Level 1:colcon.colcon_core.shell:create_environment_hook('my_robot_control', 'ament_prefix_path')
[1.899s] INFO:colcon.colcon_core.plugin_system:Skipping extension 'colcon_core.shell.bat': Not used on non-Windows systems
[1.900s] INFO:colcon.colcon_core.shell:Creating environment hook '/home/romcadt/ros2_ws/src/my_robot_control/install/my_robot_control/share/my_robot_control/hook/ament_prefix_path.ps1'
[1.907s] INFO:colcon.colcon_core.shell:Creating environment descriptor '/home/romcadt/ros2_ws/src/my_robot_control/install/my_robot_control/share/my_robot_control/hook/ament_prefix_path.dsv'
[1.912s] INFO:colcon.colcon_core.shell:Creating environment hook '/home/romcadt/ros2_ws/src/my_robot_control/install/my_robot_control/share/my_robot_control/hook/ament_prefix_path.sh'
[1.917s] INFO:colcon.colcon_core.shell:Skip shell extension 'powershell' for command environment: Not usable outside of PowerShell
[1.918s] DEBUG:colcon.colcon_core.shell:Skip shell extension 'dsv' for command environment
[2.515s] INFO:colcon.colcon_core.task.python.build:Building Python package in '/home/romcadt/ros2_ws/src/my_robot_control'
[2.517s] INFO:colcon.colcon_core.shell:Skip shell extension 'powershell' for command environment: Not usable outside of PowerShell
[2.517s] DEBUG:colcon.colcon_core.shell:Skip shell extension 'dsv' for command environment
[4.031s] DEBUG:colcon.colcon_core.event_handler.log_command:Invoking command in '/home/romcadt/ros2_ws/src/my_robot_control': PYTHONPATH=/home/romcadt/ros2_ws/src/my_robot_control/build/my_robot_control/prefix_override:/home/romcadt/ros2_ws/src/my_robot_control/install/my_robot_control/lib/python3.8/site-packages:${PYTHONPATH} /usr/bin/python3 -W ignore:setup.py install is deprecated setup.py egg_info --egg-base build/my_robot_control build --build-base /home/romcadt/ros2_ws/src/my_robot_control/build/my_robot_control/build install --record /home/romcadt/ros2_ws/src/my_robot_control/build/my_robot_control/install.log --install-scripts $base/lib/my_robot_control --single-version-externally-managed install_data
[4.983s] DEBUG:colcon.colcon_core.event_handler.log_command:Invoked command in '/home/romcadt/ros2_ws/src/my_robot_control' returned '0': PYTHONPATH=/home/romcadt/ros2_ws/src/my_robot_control/build/my_robot_control/prefix_override:/home/romcadt/ros2_ws/src/my_robot_control/install/my_robot_control/lib/python3.8/site-packages:${PYTHONPATH} /usr/bin/python3 -W ignore:setup.py install is deprecated setup.py egg_info --egg-base build/my_robot_control build --build-base /home/romcadt/ros2_ws/src/my_robot_control/build/my_robot_control/build install --record /home/romcadt/ros2_ws/src/my_robot_control/build/my_robot_control/install.log --install-scripts $base/lib/my_robot_control --single-version-externally-managed install_data
[5.015s] Level 1:colcon.colcon_core.environment:checking '/home/romcadt/ros2_ws/src/my_robot_control/install/my_robot_control' for CMake module files
[5.016s] Level 1:colcon.colcon_core.environment:checking '/home/romcadt/ros2_ws/src/my_robot_control/install/my_robot_control' for CMake config files
[5.019s] Level 1:colcon.colcon_core.environment:checking '/home/romcadt/ros2_ws/src/my_robot_control/install/my_robot_control/lib'
[5.021s] Level 1:colcon.colcon_core.environment:checking '/home/romcadt/ros2_ws/src/my_robot_control/install/my_robot_control/bin'
[5.022s] Level 1:colcon.colcon_core.environment:checking '/home/romcadt/ros2_ws/src/my_robot_control/install/my_robot_control/lib/pkgconfig/my_robot_control.pc'
[5.023s] Level 1:colcon.colcon_core.environment:checking '/home/romcadt/ros2_ws/src/my_robot_control/install/my_robot_control/lib/python3.8/site-packages'
[5.023s] Level 1:colcon.colcon_core.shell:create_environment_hook('my_robot_control', 'pythonpath')
[5.024s] INFO:colcon.colcon_core.shell:Creating environment hook '/home/romcadt/ros2_ws/src/my_robot_control/install/my_robot_control/share/my_robot_control/hook/pythonpath.ps1'
[5.026s] INFO:colcon.colcon_core.shell:Creating environment descriptor '/home/romcadt/ros2_ws/src/my_robot_control/install/my_robot_control/share/my_robot_control/hook/pythonpath.dsv'
[5.027s] INFO:colcon.colcon_core.shell:Creating environment hook '/home/romcadt/ros2_ws/src/my_robot_control/install/my_robot_control/share/my_robot_control/hook/pythonpath.sh'
[5.028s] Level 1:colcon.colcon_core.environment:checking '/home/romcadt/ros2_ws/src/my_robot_control/install/my_robot_control/bin'
[5.028s] Level 1:colcon.colcon_core.environment:create_environment_scripts_only(my_robot_control)
[5.029s] INFO:colcon.colcon_core.shell:Creating package script '/home/romcadt/ros2_ws/src/my_robot_control/install/my_robot_control/share/my_robot_control/package.ps1'
[5.032s] INFO:colcon.colcon_core.shell:Creating package descriptor '/home/romcadt/ros2_ws/src/my_robot_control/install/my_robot_control/share/my_robot_control/package.dsv'
[5.035s] INFO:colcon.colcon_core.shell:Creating package script '/home/romcadt/ros2_ws/src/my_robot_control/install/my_robot_control/share/my_robot_control/package.sh'
[5.040s] INFO:colcon.colcon_core.shell:Creating package script '/home/romcadt/ros2_ws/src/my_robot_control/install/my_robot_control/share/my_robot_control/package.bash'
[5.044s] INFO:colcon.colcon_core.shell:Creating package script '/home/romcadt/ros2_ws/src/my_robot_control/install/my_robot_control/share/my_robot_control/package.zsh'
[5.050s] Level 1:colcon.colcon_core.environment:create_file_with_runtime_dependencies(/home/romcadt/ros2_ws/src/my_robot_control/install/my_robot_control/share/colcon-core/packages/my_robot_control)
[5.054s] DEBUG:colcon.colcon_parallel_executor.executor.parallel:closing loop
[5.056s] DEBUG:colcon.colcon_parallel_executor.executor.parallel:loop closed
[5.056s] DEBUG:colcon.colcon_parallel_executor.executor.parallel:run_until_complete finished with '0'
[5.057s] DEBUG:colcon.colcon_core.event_reactor:joining thread
[5.137s] INFO:colcon.colcon_core.plugin_system:Skipping extension 'colcon_notification.desktop_notification.terminal_notifier': Not used on non-Darwin systems
[5.138s] INFO:colcon.colcon_core.plugin_system:Skipping extension 'colcon_notification.desktop_notification.win32': Not used on non-Windows systems
[5.138s] INFO:colcon.colcon_notification.desktop_notification:Sending desktop notification using 'notify2'
[5.208s] DEBUG:colcon.colcon_core.event_reactor:joined thread
[5.210s] INFO:colcon.colcon_core.shell:Creating prefix script '/home/romcadt/ros2_ws/src/my_robot_control/install/local_setup.ps1'
[5.213s] INFO:colcon.colcon_core.shell:Creating prefix util module '/home/romcadt/ros2_ws/src/my_robot_control/install/_local_setup_util_ps1.py'
[5.218s] INFO:colcon.colcon_core.shell:Creating prefix chain script '/home/romcadt/ros2_ws/src/my_robot_control/install/setup.ps1'
[5.223s] INFO:colcon.colcon_core.shell:Creating prefix script '/home/romcadt/ros2_ws/src/my_robot_control/install/local_setup.sh'
[5.228s] INFO:colcon.colcon_core.shell:Creating prefix util module '/home/romcadt/ros2_ws/src/my_robot_control/install/_local_setup_util_sh.py'
[5.231s] INFO:colcon.colcon_core.shell:Creating prefix chain script '/home/romcadt/ros2_ws/src/my_robot_control/install/setup.sh'
[5.236s] INFO:colcon.colcon_core.shell:Creating prefix script '/home/romcadt/ros2_ws/src/my_robot_control/install/local_setup.bash'
[5.240s] INFO:colcon.colcon_core.shell:Creating prefix chain script '/home/romcadt/ros2_ws/src/my_robot_control/install/setup.bash'
[5.249s] INFO:colcon.colcon_core.shell:Creating prefix script '/home/romcadt/ros2_ws/src/my_robot_control/install/local_setup.zsh'
[5.254s] INFO:colcon.colcon_core.shell:Creating prefix chain script '/home/romcadt/ros2_ws/src/my_robot_control/install/setup.zsh'
