[9.762s] Invoking command in '/home/cadt-02/Documents/can_test_usb/ros2_can/build/ros_imu': PYTHONPATH=/home/cadt-02/Documents/can_test_usb/ros2_can/build/ros_imu/prefix_override:/home/cadt-02/Documents/can_test_usb/ros2_can/install/ros_imu/lib/python3.8/site-packages:${PYTHONPATH} /usr/bin/python3 setup.py develop --editable --build-directory /home/cadt-02/Documents/can_test_usb/ros2_can/build/ros_imu/build --no-deps install_data
[10.106s] /home/cadt-02/.local/lib/python3.8/site-packages/setuptools/dist.py:476: SetuptoolsDeprecationWarning: Invalid dash-separated options
[10.106s] !!
[10.106s] 
[10.107s]         ********************************************************************************
[10.107s]         Usage of dash-separated 'script-dir' will not be supported in future
[10.107s]         versions. Please use the underscore name 'script_dir' instead.
[10.108s] 
[10.108s]         By 2024-Sep-26, you need to update your project and remove deprecated calls
[10.108s]         or your builds will no longer be supported.
[10.108s] 
[10.108s]         See https://setuptools.pypa.io/en/latest/userguide/declarative_config.html for details.
[10.108s]         ********************************************************************************
[10.108s] 
[10.109s] !!
[10.109s]   opt = self.warn_dash_deprecation(opt, section)
[10.605s] running develop
[10.605s] /home/cadt-02/.local/lib/python3.8/site-packages/setuptools/command/develop.py:42: EasyInstallDeprecationWarning: easy_install command is deprecated.
[10.605s] !!
[10.605s] 
[10.605s]         ********************************************************************************
[10.606s]         Please avoid running ``setup.py`` and ``easy_install``.
[10.606s]         Instead, use pypa/build, pypa/installer or other
[10.606s]         standards-based tools.
[10.606s] 
[10.606s]         See https://github.com/pypa/setuptools/issues/917 for details.
[10.606s]         ********************************************************************************
[10.606s] 
[10.607s] !!
[10.607s]   easy_install.initialize_options(self)
[10.695s] /home/cadt-02/.local/lib/python3.8/site-packages/setuptools/_distutils/cmd.py:66: SetuptoolsDeprecationWarning: setup.py install is deprecated.
[10.696s] !!
[10.696s] 
[10.696s]         ********************************************************************************
[10.696s]         Please avoid running ``setup.py`` directly.
[10.696s]         Instead, use pypa/build, pypa/installer or other
[10.696s]         standards-based tools.
[10.697s] 
[10.697s]         See https://blog.ganssle.io/articles/2021/10/setup-py-deprecated.html for details.
[10.697s]         ********************************************************************************
[10.697s] 
[10.697s] !!
[10.697s]   self.initialize_options()
[11.164s] running egg_info
[11.207s] writing ros_imu.egg-info/PKG-INFO
[11.209s] writing dependency_links to ros_imu.egg-info/dependency_links.txt
[11.210s] writing entry points to ros_imu.egg-info/entry_points.txt
[11.210s] writing requirements to ros_imu.egg-info/requires.txt
[11.210s] writing top-level names to ros_imu.egg-info/top_level.txt
[11.304s] reading manifest file 'ros_imu.egg-info/SOURCES.txt'
[11.310s] writing manifest file 'ros_imu.egg-info/SOURCES.txt'
[11.485s] running build_ext
[11.487s] Creating /home/cadt-02/Documents/can_test_usb/ros2_can/install/ros_imu/lib/python3.8/site-packages/ros-imu.egg-link (link to .)
[11.489s] Installing ros_imu script to /home/cadt-02/Documents/can_test_usb/ros2_can/install/ros_imu/lib/ros_imu
[11.491s] 
[11.492s] Installed /home/cadt-02/Documents/can_test_usb/ros2_can/build/ros_imu
[11.492s] running install_data
[11.492s] copying resource/ros_imu -> /home/cadt-02/Documents/can_test_usb/ros2_can/install/ros_imu/share/ament_index/resource_index/packages
[11.493s] copying package.xml -> /home/cadt-02/Documents/can_test_usb/ros2_can/install/ros_imu/share/ros_imu
[13.899s] Invoked command in '/home/cadt-02/Documents/can_test_usb/ros2_can/build/ros_imu' returned '0': PYTHONPATH=/home/cadt-02/Documents/can_test_usb/ros2_can/build/ros_imu/prefix_override:/home/cadt-02/Documents/can_test_usb/ros2_can/install/ros_imu/lib/python3.8/site-packages:${PYTHONPATH} /usr/bin/python3 setup.py develop --editable --build-directory /home/cadt-02/Documents/can_test_usb/ros2_can/build/ros_imu/build --no-deps install_data
