[9.648s] Invoking command in '/home/cadt-02/Documents/can_test_usb/ros2_can/build/ros_imu': PYTHONPATH=/home/cadt-02/Documents/can_test_usb/ros2_can/build/ros_imu/prefix_override:/home/cadt-02/Documents/can_test_usb/ros2_can/install/ros_imu/lib/python3.8/site-packages:${PYTHONPATH} /usr/bin/python3 setup.py develop --editable --build-directory /home/cadt-02/Documents/can_test_usb/ros2_can/build/ros_imu/build --no-deps install_data
[9.996s] /home/cadt-02/.local/lib/python3.8/site-packages/setuptools/dist.py:476: SetuptoolsDeprecationWarning: Invalid dash-separated options
[9.997s] !!
[9.997s] 
[9.997s]         ********************************************************************************
[9.997s]         Usage of dash-separated 'script-dir' will not be supported in future
[9.997s]         versions. Please use the underscore name 'script_dir' instead.
[9.997s] 
[9.998s]         By 2024-Sep-26, you need to update your project and remove deprecated calls
[9.998s]         or your builds will no longer be supported.
[9.998s] 
[9.998s]         See https://setuptools.pypa.io/en/latest/userguide/declarative_config.html for details.
[9.998s]         ********************************************************************************
[9.998s] 
[9.998s] !!
[9.998s]   opt = self.warn_dash_deprecation(opt, section)
[10.494s] running develop
[10.494s] /home/cadt-02/.local/lib/python3.8/site-packages/setuptools/command/develop.py:42: EasyInstallDeprecationWarning: easy_install command is deprecated.
[10.494s] !!
[10.494s] 
[10.494s]         ********************************************************************************
[10.495s]         Please avoid running ``setup.py`` and ``easy_install``.
[10.495s]         Instead, use pypa/build, pypa/installer or other
[10.495s]         standards-based tools.
[10.495s] 
[10.495s]         See https://github.com/pypa/setuptools/issues/917 for details.
[10.495s]         ********************************************************************************
[10.496s] 
[10.496s] !!
[10.496s]   easy_install.initialize_options(self)
[10.584s] /home/cadt-02/.local/lib/python3.8/site-packages/setuptools/_distutils/cmd.py:66: SetuptoolsDeprecationWarning: setup.py install is deprecated.
[10.584s] !!
[10.584s] 
[10.584s]         ********************************************************************************
[10.585s]         Please avoid running ``setup.py`` directly.
[10.585s]         Instead, use pypa/build, pypa/installer or other
[10.585s]         standards-based tools.
[10.585s] 
[10.585s]         See https://blog.ganssle.io/articles/2021/10/setup-py-deprecated.html for details.
[10.585s]         ********************************************************************************
[10.585s] 
[10.586s] !!
[10.586s]   self.initialize_options()
[11.047s] running egg_info
[11.090s] writing ros_imu.egg-info/PKG-INFO
[11.092s] writing dependency_links to ros_imu.egg-info/dependency_links.txt
[11.092s] writing entry points to ros_imu.egg-info/entry_points.txt
[11.093s] writing requirements to ros_imu.egg-info/requires.txt
[11.093s] writing top-level names to ros_imu.egg-info/top_level.txt
[11.185s] reading manifest file 'ros_imu.egg-info/SOURCES.txt'
[11.187s] writing manifest file 'ros_imu.egg-info/SOURCES.txt'
[11.346s] running build_ext
[11.347s] Creating /home/cadt-02/Documents/can_test_usb/ros2_can/install/ros_imu/lib/python3.8/site-packages/ros-imu.egg-link (link to .)
[11.349s] Installing ros_imu script to /home/cadt-02/Documents/can_test_usb/ros2_can/install/ros_imu/lib/ros_imu
[11.351s] 
[11.352s] Installed /home/cadt-02/Documents/can_test_usb/ros2_can/build/ros_imu
[11.352s] running install_data
[11.352s] copying resource/ros_imu -> /home/cadt-02/Documents/can_test_usb/ros2_can/install/ros_imu/share/ament_index/resource_index/packages
[11.352s] copying package.xml -> /home/cadt-02/Documents/can_test_usb/ros2_can/install/ros_imu/share/ros_imu
[11.490s] Invoked command in '/home/cadt-02/Documents/can_test_usb/ros2_can/build/ros_imu' returned '0': PYTHONPATH=/home/cadt-02/Documents/can_test_usb/ros2_can/build/ros_imu/prefix_override:/home/cadt-02/Documents/can_test_usb/ros2_can/install/ros_imu/lib/python3.8/site-packages:${PYTHONPATH} /usr/bin/python3 setup.py develop --editable --build-directory /home/cadt-02/Documents/can_test_usb/ros2_can/build/ros_imu/build --no-deps install_data
