[15.092s] Invoking command in '/home/cadt-02/Documents/can_test_usb/ros2_can/src/movement': PYTHONPATH=/home/cadt-02/Documents/can_test_usb/ros2_can/build/movement/prefix_override:/home/cadt-02/Documents/can_test_usb/ros2_can/install/movement/lib/python3.8/site-packages:${PYTHONPATH} /usr/bin/python3 setup.py egg_info --egg-base ../../build/movement build --build-base /home/cadt-02/Documents/can_test_usb/ros2_can/build/movement/build install --record /home/cadt-02/Documents/can_test_usb/ros2_can/build/movement/install.log --single-version-externally-managed
[16.440s] running egg_info
[16.440s] writing ../../build/movement/movement.egg-info/PKG-INFO
[16.440s] writing dependency_links to ../../build/movement/movement.egg-info/dependency_links.txt
[16.440s] writing entry points to ../../build/movement/movement.egg-info/entry_points.txt
[16.441s] writing requirements to ../../build/movement/movement.egg-info/requires.txt
[16.441s] writing top-level names to ../../build/movement/movement.egg-info/top_level.txt
[16.441s] reading manifest file '../../build/movement/movement.egg-info/SOURCES.txt'
[16.441s] writing manifest file '../../build/movement/movement.egg-info/SOURCES.txt'
[16.441s] running build
[16.441s] running build_py
[16.441s] copying movement/usbcan_adapter.py -> /home/cadt-02/Documents/can_test_usb/ros2_can/build/movement/build/lib/movement
[16.441s] copying movement/can.py -> /home/cadt-02/Documents/can_test_usb/ros2_can/build/movement/build/lib/movement
[16.442s] copying movement/rmd_motors.py -> /home/cadt-02/Documents/can_test_usb/ros2_can/build/movement/build/lib/movement
[16.442s] copying movement/__init__.py -> /home/cadt-02/Documents/can_test_usb/ros2_can/build/movement/build/lib/movement
[16.442s] copying scripts/movement.py -> /home/cadt-02/Documents/can_test_usb/ros2_can/build/movement/build/lib/scripts
[16.442s] copying scripts/__init__.py -> /home/cadt-02/Documents/can_test_usb/ros2_can/build/movement/build/lib/scripts
[16.442s] running install
[16.442s] running install_lib
[16.443s] running install_data
[16.443s] copying resource/movement -> /home/cadt-02/Documents/can_test_usb/ros2_can/install/movement/share/ament_index/resource_index/packages
[16.443s] copying package.xml -> /home/cadt-02/Documents/can_test_usb/ros2_can/install/movement/share/movement
[16.443s] running install_egg_info
[16.443s] removing '/home/cadt-02/Documents/can_test_usb/ros2_can/install/movement/lib/python3.8/site-packages/movement-0.0.0-py3.8.egg-info' (and everything under it)
[16.443s] Copying ../../build/movement/movement.egg-info to /home/cadt-02/Documents/can_test_usb/ros2_can/install/movement/lib/python3.8/site-packages/movement-0.0.0-py3.8.egg-info
[16.443s] running install_scripts
[16.464s] Installing movement script to /home/cadt-02/Documents/can_test_usb/ros2_can/install/movement/lib/movement
[16.465s] writing list of installed files to '/home/cadt-02/Documents/can_test_usb/ros2_can/build/movement/install.log'
[16.465s] /home/cadt-02/.local/lib/python3.8/site-packages/setuptools/_distutils/cmd.py:66: SetuptoolsDeprecationWarning: setup.py install is deprecated.
[16.465s] !!
[16.465s] 
[16.465s]         ********************************************************************************
[16.465s]         Please avoid running ``setup.py`` directly.
[16.465s]         Instead, use pypa/build, pypa/installer or other
[16.466s]         standards-based tools.
[16.466s] 
[16.466s]         See https://blog.ganssle.io/articles/2021/10/setup-py-deprecated.html for details.
[16.466s]         ********************************************************************************
[16.466s] 
[16.466s] !!
[16.466s]   self.initialize_options()
[24.544s] Invoked command in '/home/cadt-02/Documents/can_test_usb/ros2_can/src/movement' returned '0': PYTHONPATH=/home/cadt-02/Documents/can_test_usb/ros2_can/build/movement/prefix_override:/home/cadt-02/Documents/can_test_usb/ros2_can/install/movement/lib/python3.8/site-packages:${PYTHONPATH} /usr/bin/python3 setup.py egg_info --egg-base ../../build/movement build --build-base /home/cadt-02/Documents/can_test_usb/ros2_can/build/movement/build install --record /home/cadt-02/Documents/can_test_usb/ros2_can/build/movement/install.log --single-version-externally-managed
