[14.193s] Invoking command in '/home/cadt-02/Documents/can_test_usb/ros2_can/build/ros_imu': PYTHONPATH=/home/cadt-02/Documents/can_test_usb/ros2_can/build/ros_imu/prefix_override:/home/cadt-02/Documents/can_test_usb/ros2_can/install/ros_imu/lib/python3.8/site-packages:${PYTHONPATH} /usr/bin/python3 setup.py develop --editable --build-directory /home/cadt-02/Documents/can_test_usb/ros2_can/build/ros_imu/build --no-deps install_data
[14.571s] /home/cadt-02/.local/lib/python3.8/site-packages/setuptools/dist.py:476: SetuptoolsDeprecationWarning: Invalid dash-separated options
[14.571s] !!
[14.571s] 
[14.572s]         ********************************************************************************
[14.572s]         Usage of dash-separated 'script-dir' will not be supported in future
[14.572s]         versions. Please use the underscore name 'script_dir' instead.
[14.573s] 
[14.573s]         By 2024-Sep-26, you need to update your project and remove deprecated calls
[14.573s]         or your builds will no longer be supported.
[14.573s] 
[14.574s]         See https://setuptools.pypa.io/en/latest/userguide/declarative_config.html for details.
[14.574s]         ********************************************************************************
[14.574s] 
[14.574s] !!
[14.574s]   opt = self.warn_dash_deprecation(opt, section)
[15.083s] running develop
[15.083s] /home/cadt-02/.local/lib/python3.8/site-packages/setuptools/command/develop.py:42: EasyInstallDeprecationWarning: easy_install command is deprecated.
[15.083s] !!
[15.083s] 
[15.083s]         ********************************************************************************
[15.083s]         Please avoid running ``setup.py`` and ``easy_install``.
[15.084s]         Instead, use pypa/build, pypa/installer or other
[15.084s]         standards-based tools.
[15.084s] 
[15.084s]         See https://github.com/pypa/setuptools/issues/917 for details.
[15.084s]         ********************************************************************************
[15.084s] 
[15.084s] !!
[15.084s]   easy_install.initialize_options(self)
[15.175s] /home/cadt-02/.local/lib/python3.8/site-packages/setuptools/_distutils/cmd.py:66: SetuptoolsDeprecationWarning: setup.py install is deprecated.
[15.176s] !!
[15.176s] 
[15.176s]         ********************************************************************************
[15.177s]         Please avoid running ``setup.py`` directly.
[15.178s]         Instead, use pypa/build, pypa/installer or other
[15.178s]         standards-based tools.
[15.178s] 
[15.178s]         See https://blog.ganssle.io/articles/2021/10/setup-py-deprecated.html for details.
[15.178s]         ********************************************************************************
[15.178s] 
[15.178s] !!
[15.179s]   self.initialize_options()
[15.661s] running egg_info
[15.710s] writing ros_imu.egg-info/PKG-INFO
[15.713s] writing dependency_links to ros_imu.egg-info/dependency_links.txt
[15.715s] writing entry points to ros_imu.egg-info/entry_points.txt
[15.716s] writing requirements to ros_imu.egg-info/requires.txt
[15.718s] writing top-level names to ros_imu.egg-info/top_level.txt
[15.821s] reading manifest file 'ros_imu.egg-info/SOURCES.txt'
[15.823s] writing manifest file 'ros_imu.egg-info/SOURCES.txt'
[15.997s] running build_ext
[15.998s] Creating /home/cadt-02/Documents/can_test_usb/ros2_can/install/ros_imu/lib/python3.8/site-packages/ros-imu.egg-link (link to .)
[16.000s] Installing ros_imu script to /home/cadt-02/Documents/can_test_usb/ros2_can/install/ros_imu/lib/ros_imu
[16.002s] 
[16.002s] Installed /home/cadt-02/Documents/can_test_usb/ros2_can/build/ros_imu
[16.002s] running install_data
[16.002s] copying resource/ros_imu -> /home/cadt-02/Documents/can_test_usb/ros2_can/install/ros_imu/share/ament_index/resource_index/packages
[16.002s] copying package.xml -> /home/cadt-02/Documents/can_test_usb/ros2_can/install/ros_imu/share/ros_imu
[17.618s] Invoked command in '/home/cadt-02/Documents/can_test_usb/ros2_can/build/ros_imu' returned '0': PYTHONPATH=/home/cadt-02/Documents/can_test_usb/ros2_can/build/ros_imu/prefix_override:/home/cadt-02/Documents/can_test_usb/ros2_can/install/ros_imu/lib/python3.8/site-packages:${PYTHONPATH} /usr/bin/python3 setup.py develop --editable --build-directory /home/cadt-02/Documents/can_test_usb/ros2_can/build/ros_imu/build --no-deps install_data
