[15.065s] Invoking command in '/home/cadt-02/Documents/can_test_usb/ros2_can/build/my_robot': NX_CONNECTION=172.23.33.204 63376 172.23.34.34 4000 PYTHONPATH=/home/cadt-02/Documents/can_test_usb/ros2_can/build/my_robot/prefix_override:/home/cadt-02/Documents/can_test_usb/ros2_can/install/my_robot/lib/python3.8/site-packages:${PYTHONPATH} /usr/bin/python3 setup.py develop --editable --build-directory /home/cadt-02/Documents/can_test_usb/ros2_can/build/my_robot/build --no-deps install_data
[15.496s] /home/cadt-02/.local/lib/python3.8/site-packages/setuptools/dist.py:476: SetuptoolsDeprecationWarning: Invalid dash-separated options
[15.497s] !!
[15.497s] 
[15.497s]         ********************************************************************************
[15.497s]         Usage of dash-separated 'script-dir' will not be supported in future
[15.497s]         versions. Please use the underscore name 'script_dir' instead.
[15.498s] 
[15.498s]         By 2024-Sep-26, you need to update your project and remove deprecated calls
[15.498s]         or your builds will no longer be supported.
[15.498s] 
[15.498s]         See https://setuptools.pypa.io/en/latest/userguide/declarative_config.html for details.
[15.498s]         ********************************************************************************
[15.498s] 
[15.499s] !!
[15.499s]   opt = self.warn_dash_deprecation(opt, section)
[16.048s] running develop
[16.049s] /home/cadt-02/.local/lib/python3.8/site-packages/setuptools/command/develop.py:42: EasyInstallDeprecationWarning: easy_install command is deprecated.
[16.049s] !!
[16.049s] 
[16.049s]         ********************************************************************************
[16.049s]         Please avoid running ``setup.py`` and ``easy_install``.
[16.049s]         Instead, use pypa/build, pypa/installer or other
[16.050s]         standards-based tools.
[16.050s] 
[16.050s]         See https://github.com/pypa/setuptools/issues/917 for details.
[16.050s]         ********************************************************************************
[16.050s] 
[16.050s] !!
[16.050s]   easy_install.initialize_options(self)
[16.143s] /home/cadt-02/.local/lib/python3.8/site-packages/setuptools/_distutils/cmd.py:66: SetuptoolsDeprecationWarning: setup.py install is deprecated.
[16.143s] !!
[16.144s] 
[16.144s]         ********************************************************************************
[16.145s]         Please avoid running ``setup.py`` directly.
[16.145s]         Instead, use pypa/build, pypa/installer or other
[16.145s]         standards-based tools.
[16.145s] 
[16.145s]         See https://blog.ganssle.io/articles/2021/10/setup-py-deprecated.html for details.
[16.145s]         ********************************************************************************
[16.145s] 
[16.146s] !!
[16.146s]   self.initialize_options()
[16.630s] running egg_info
[16.672s] writing my_robot.egg-info/PKG-INFO
[16.674s] writing dependency_links to my_robot.egg-info/dependency_links.txt
[16.674s] writing entry points to my_robot.egg-info/entry_points.txt
[16.675s] writing requirements to my_robot.egg-info/requires.txt
[16.675s] writing top-level names to my_robot.egg-info/top_level.txt
[16.771s] reading manifest file 'my_robot.egg-info/SOURCES.txt'
[16.773s] writing manifest file 'my_robot.egg-info/SOURCES.txt'
[16.942s] running build_ext
[16.942s] Creating /home/cadt-02/Documents/can_test_usb/ros2_can/install/my_robot/lib/python3.8/site-packages/my-robot.egg-link (link to .)
[16.944s] Installing my_robot script to /home/cadt-02/Documents/can_test_usb/ros2_can/install/my_robot/lib/my_robot
[16.945s] 
[16.946s] Installed /home/cadt-02/Documents/can_test_usb/ros2_can/build/my_robot
[16.946s] running install_data
[16.946s] copying resource/my_robot -> /home/cadt-02/Documents/can_test_usb/ros2_can/install/my_robot/share/ament_index/resource_index/packages
[16.946s] copying package.xml -> /home/cadt-02/Documents/can_test_usb/ros2_can/install/my_robot/share/my_robot
[18.386s] Invoked command in '/home/cadt-02/Documents/can_test_usb/ros2_can/build/my_robot' returned '0': NX_CONNECTION=172.23.33.204 63376 172.23.34.34 4000 PYTHONPATH=/home/cadt-02/Documents/can_test_usb/ros2_can/build/my_robot/prefix_override:/home/cadt-02/Documents/can_test_usb/ros2_can/install/my_robot/lib/python3.8/site-packages:${PYTHONPATH} /usr/bin/python3 setup.py develop --editable --build-directory /home/cadt-02/Documents/can_test_usb/ros2_can/build/my_robot/build --no-deps install_data
