[14.541s] Invoking command in '/home/cadt-02/Documents/can_test_usb/ros2_can/build/movement': NX_CONNECTION=172.23.33.204 59150 172.23.34.34 4000 PYTHONPATH=/home/cadt-02/Documents/can_test_usb/ros2_can/build/movement/prefix_override:/home/cadt-02/Documents/can_test_usb/ros2_can/install/movement/lib/python3.8/site-packages:${PYTHONPATH} /usr/bin/python3 setup.py develop --editable --build-directory /home/cadt-02/Documents/can_test_usb/ros2_can/build/movement/build --no-deps install_data
[15.412s] running develop
[15.414s] /home/cadt-02/.local/lib/python3.8/site-packages/setuptools/command/develop.py:42: EasyInstallDeprecationWarning: easy_install command is deprecated.
[15.414s] !!
[15.415s] 
[15.415s]         ********************************************************************************
[15.415s]         Please avoid running ``setup.py`` and ``easy_install``.
[15.415s]         Instead, use pypa/build, pypa/installer or other
[15.415s]         standards-based tools.
[15.415s] 
[15.415s]         See https://github.com/pypa/setuptools/issues/917 for details.
[15.416s]         ********************************************************************************
[15.416s] 
[15.416s] !!
[15.416s]   easy_install.initialize_options(self)
[15.502s] /home/cadt-02/.local/lib/python3.8/site-packages/setuptools/_distutils/cmd.py:66: SetuptoolsDeprecationWarning: setup.py install is deprecated.
[15.503s] !!
[15.503s] 
[15.503s]         ********************************************************************************
[15.503s]         Please avoid running ``setup.py`` directly.
[15.504s]         Instead, use pypa/build, pypa/installer or other
[15.504s]         standards-based tools.
[15.504s] 
[15.504s]         See https://blog.ganssle.io/articles/2021/10/setup-py-deprecated.html for details.
[15.504s]         ********************************************************************************
[15.504s] 
[15.505s] !!
[15.505s]   self.initialize_options()
[15.983s] running egg_info
[16.032s] writing movement.egg-info/PKG-INFO
[16.035s] writing dependency_links to movement.egg-info/dependency_links.txt
[16.035s] writing entry points to movement.egg-info/entry_points.txt
[16.035s] writing requirements to movement.egg-info/requires.txt
[16.035s] writing top-level names to movement.egg-info/top_level.txt
[16.135s] reading manifest file 'movement.egg-info/SOURCES.txt'
[16.138s] writing manifest file 'movement.egg-info/SOURCES.txt'
[16.318s] running build_ext
[16.319s] Creating /home/cadt-02/Documents/can_test_usb/ros2_can/install/movement/lib/python3.8/site-packages/movement.egg-link (link to .)
[16.322s] Installing movement script to /home/cadt-02/Documents/can_test_usb/ros2_can/install/movement/lib/movement
[16.324s] 
[16.325s] Installed /home/cadt-02/Documents/can_test_usb/ros2_can/build/movement
[16.327s] running install_data
[16.328s] copying resource/movement -> /home/cadt-02/Documents/can_test_usb/ros2_can/install/movement/share/ament_index/resource_index/packages
[16.330s] copying package.xml -> /home/cadt-02/Documents/can_test_usb/ros2_can/install/movement/share/movement
[20.159s] Invoked command in '/home/cadt-02/Documents/can_test_usb/ros2_can/build/movement' returned '0': NX_CONNECTION=172.23.33.204 59150 172.23.34.34 4000 PYTHONPATH=/home/cadt-02/Documents/can_test_usb/ros2_can/build/movement/prefix_override:/home/cadt-02/Documents/can_test_usb/ros2_can/install/movement/lib/python3.8/site-packages:${PYTHONPATH} /usr/bin/python3 setup.py develop --editable --build-directory /home/cadt-02/Documents/can_test_usb/ros2_can/build/movement/build --no-deps install_data
