[12.782s] Invoking command in '/home/cadt-02/Documents/can_test_usb/ros2_can/build/my_robot': NX_CONNECTION=172.23.34.154 56590 172.23.34.34 4000 PYTHONPATH=/home/cadt-02/Documents/can_test_usb/ros2_can/build/my_robot/prefix_override:/home/cadt-02/Documents/can_test_usb/ros2_can/install/my_robot/lib/python3.8/site-packages:${PYTHONPATH} /usr/bin/python3 setup.py develop --editable --build-directory /home/cadt-02/Documents/can_test_usb/ros2_can/build/my_robot/build --no-deps install_data
[13.181s] /home/cadt-02/.local/lib/python3.8/site-packages/setuptools/dist.py:476: SetuptoolsDeprecationWarning: Invalid dash-separated options
[13.182s] !!
[13.182s] 
[13.182s]         ********************************************************************************
[13.183s]         Usage of dash-separated 'script-dir' will not be supported in future
[13.183s]         versions. Please use the underscore name 'script_dir' instead.
[13.183s] 
[13.183s]         By 2024-Sep-26, you need to update your project and remove deprecated calls
[13.183s]         or your builds will no longer be supported.
[13.183s] 
[13.184s]         See https://setuptools.pypa.io/en/latest/userguide/declarative_config.html for details.
[13.184s]         ********************************************************************************
[13.184s] 
[13.184s] !!
[13.184s]   opt = self.warn_dash_deprecation(opt, section)
[13.732s] running develop
[13.732s] /home/cadt-02/.local/lib/python3.8/site-packages/setuptools/command/develop.py:42: EasyInstallDeprecationWarning: easy_install command is deprecated.
[13.732s] !!
[13.732s] 
[13.733s]         ********************************************************************************
[13.733s]         Please avoid running ``setup.py`` and ``easy_install``.
[13.733s]         Instead, use pypa/build, pypa/installer or other
[13.733s]         standards-based tools.
[13.733s] 
[13.733s]         See https://github.com/pypa/setuptools/issues/917 for details.
[13.733s]         ********************************************************************************
[13.734s] 
[13.734s] !!
[13.734s]   easy_install.initialize_options(self)
[13.822s] /home/cadt-02/.local/lib/python3.8/site-packages/setuptools/_distutils/cmd.py:66: SetuptoolsDeprecationWarning: setup.py install is deprecated.
[13.822s] !!
[13.822s] 
[13.822s]         ********************************************************************************
[13.822s]         Please avoid running ``setup.py`` directly.
[13.822s]         Instead, use pypa/build, pypa/installer or other
[13.822s]         standards-based tools.
[13.830s] 
[13.830s]         See https://blog.ganssle.io/articles/2021/10/setup-py-deprecated.html for details.
[13.830s]         ********************************************************************************
[13.830s] 
[13.830s] !!
[13.830s]   self.initialize_options()
[14.345s] running egg_info
[14.394s] writing my_robot.egg-info/PKG-INFO
[14.395s] writing dependency_links to my_robot.egg-info/dependency_links.txt
[14.396s] writing entry points to my_robot.egg-info/entry_points.txt
[14.398s] writing requirements to my_robot.egg-info/requires.txt
[14.398s] writing top-level names to my_robot.egg-info/top_level.txt
[14.505s] reading manifest file 'my_robot.egg-info/SOURCES.txt'
[14.507s] writing manifest file 'my_robot.egg-info/SOURCES.txt'
[14.698s] running build_ext
[14.700s] Creating /home/cadt-02/Documents/can_test_usb/ros2_can/install/my_robot/lib/python3.8/site-packages/my-robot.egg-link (link to .)
[14.702s] Installing my_robot script to /home/cadt-02/Documents/can_test_usb/ros2_can/install/my_robot/lib/my_robot
[14.702s] 
[14.703s] Installed /home/cadt-02/Documents/can_test_usb/ros2_can/build/my_robot
[14.705s] running install_data
[14.705s] copying resource/my_robot -> /home/cadt-02/Documents/can_test_usb/ros2_can/install/my_robot/share/ament_index/resource_index/packages
[14.705s] copying package.xml -> /home/cadt-02/Documents/can_test_usb/ros2_can/install/my_robot/share/my_robot
[18.168s] Invoked command in '/home/cadt-02/Documents/can_test_usb/ros2_can/build/my_robot' returned '0': NX_CONNECTION=172.23.34.154 56590 172.23.34.34 4000 PYTHONPATH=/home/cadt-02/Documents/can_test_usb/ros2_can/build/my_robot/prefix_override:/home/cadt-02/Documents/can_test_usb/ros2_can/install/my_robot/lib/python3.8/site-packages:${PYTHONPATH} /usr/bin/python3 setup.py develop --editable --build-directory /home/cadt-02/Documents/can_test_usb/ros2_can/build/my_robot/build --no-deps install_data
