[18.560s] Invoking command in '/home/cadt-02/Documents/can_test_usb/ros2_can/build/movement': NX_CONNECTION=172.23.33.204 59150 172.23.34.34 4000 PYTHONPATH=/home/cadt-02/Documents/can_test_usb/ros2_can/build/movement/prefix_override:/home/cadt-02/Documents/can_test_usb/ros2_can/install/movement/lib/python3.8/site-packages:${PYTHONPATH} /usr/bin/python3 setup.py develop --editable --build-directory /home/cadt-02/Documents/can_test_usb/ros2_can/build/movement/build --no-deps install_data
[19.504s] running develop
[19.505s] /home/cadt-02/.local/lib/python3.8/site-packages/setuptools/command/develop.py:42: EasyInstallDeprecationWarning: easy_install command is deprecated.
[19.505s] !!
[19.505s] 
[19.505s]         ********************************************************************************
[19.505s]         Please avoid running ``setup.py`` and ``easy_install``.
[19.506s]         Instead, use pypa/build, pypa/installer or other
[19.506s]         standards-based tools.
[19.506s] 
[19.506s]         See https://github.com/pypa/setuptools/issues/917 for details.
[19.510s]         ********************************************************************************
[19.510s] 
[19.510s] !!
[19.510s]   easy_install.initialize_options(self)
[19.600s] /home/cadt-02/.local/lib/python3.8/site-packages/setuptools/_distutils/cmd.py:66: SetuptoolsDeprecationWarning: setup.py install is deprecated.
[19.600s] !!
[19.600s] 
[19.600s]         ********************************************************************************
[19.600s]         Please avoid running ``setup.py`` directly.
[19.601s]         Instead, use pypa/build, pypa/installer or other
[19.601s]         standards-based tools.
[19.601s] 
[19.601s]         See https://blog.ganssle.io/articles/2021/10/setup-py-deprecated.html for details.
[19.601s]         ********************************************************************************
[19.601s] 
[19.601s] !!
[19.602s]   self.initialize_options()
[20.111s] running egg_info
[20.160s] writing movement.egg-info/PKG-INFO
[20.160s] writing dependency_links to movement.egg-info/dependency_links.txt
[20.160s] writing entry points to movement.egg-info/entry_points.txt
[20.161s] writing requirements to movement.egg-info/requires.txt
[20.161s] writing top-level names to movement.egg-info/top_level.txt
[20.262s] reading manifest file 'movement.egg-info/SOURCES.txt'
[20.269s] writing manifest file 'movement.egg-info/SOURCES.txt'
[20.455s] running build_ext
[20.456s] Creating /home/cadt-02/Documents/can_test_usb/ros2_can/install/movement/lib/python3.8/site-packages/movement.egg-link (link to .)
[20.458s] Installing movement script to /home/cadt-02/Documents/can_test_usb/ros2_can/install/movement/lib/movement
[20.459s] 
[20.460s] Installed /home/cadt-02/Documents/can_test_usb/ros2_can/build/movement
[20.461s] running install_data
[20.461s] copying resource/movement -> /home/cadt-02/Documents/can_test_usb/ros2_can/install/movement/share/ament_index/resource_index/packages
[20.461s] copying package.xml -> /home/cadt-02/Documents/can_test_usb/ros2_can/install/movement/share/movement
[20.610s] Invoked command in '/home/cadt-02/Documents/can_test_usb/ros2_can/build/movement' returned '0': NX_CONNECTION=172.23.33.204 59150 172.23.34.34 4000 PYTHONPATH=/home/cadt-02/Documents/can_test_usb/ros2_can/build/movement/prefix_override:/home/cadt-02/Documents/can_test_usb/ros2_can/install/movement/lib/python3.8/site-packages:${PYTHONPATH} /usr/bin/python3 setup.py develop --editable --build-directory /home/cadt-02/Documents/can_test_usb/ros2_can/build/movement/build --no-deps install_data
