[12.636s] Invoking command in '/home/cadt-02/Documents/can_test_usb/ros2_can/build/my_robot': PYTHONPATH=/home/cadt-02/Documents/can_test_usb/ros2_can/build/my_robot/prefix_override:/home/cadt-02/Documents/can_test_usb/ros2_can/install/my_robot/lib/python3.8/site-packages:${PYTHONPATH} /usr/bin/python3 setup.py develop --editable --build-directory /home/cadt-02/Documents/can_test_usb/ros2_can/build/my_robot/build --no-deps install_data
[13.900s] /home/cadt-02/.local/lib/python3.8/site-packages/setuptools/dist.py:476: SetuptoolsDeprecationWarning: Invalid dash-separated options
[13.909s] !!
[13.909s] 
[13.910s]         ********************************************************************************
[13.910s]         Usage of dash-separated 'script-dir' will not be supported in future
[13.910s]         versions. Please use the underscore name 'script_dir' instead.
[13.910s] 
[13.910s]         By 2024-Sep-26, you need to update your project and remove deprecated calls
[13.910s]         or your builds will no longer be supported.
[13.911s] 
[13.911s]         See https://setuptools.pypa.io/en/latest/userguide/declarative_config.html for details.
[13.911s]         ********************************************************************************
[13.911s] 
[13.911s] !!
[13.911s]   opt = self.warn_dash_deprecation(opt, section)
[13.911s] /home/cadt-02/.local/lib/python3.8/site-packages/setuptools/command/develop.py:42: EasyInstallDeprecationWarning: easy_install command is deprecated.
[13.912s] !!
[13.912s] 
[13.912s]         ********************************************************************************
[13.912s]         Please avoid running ``setup.py`` and ``easy_install``.
[13.912s]         Instead, use pypa/build, pypa/installer or other
[13.912s]         standards-based tools.
[13.912s] 
[13.912s]         See https://github.com/pypa/setuptools/issues/917 for details.
[13.913s]         ********************************************************************************
[13.913s] 
[13.913s] !!
[13.913s]   easy_install.initialize_options(self)
[13.913s] /home/cadt-02/.local/lib/python3.8/site-packages/setuptools/_distutils/cmd.py:66: SetuptoolsDeprecationWarning: setup.py install is deprecated.
[13.913s] !!
[13.913s] 
[13.914s]         ********************************************************************************
[13.914s]         Please avoid running ``setup.py`` directly.
[13.914s]         Instead, use pypa/build, pypa/installer or other
[13.914s]         standards-based tools.
[13.914s] 
[13.914s]         See https://blog.ganssle.io/articles/2021/10/setup-py-deprecated.html for details.
[13.914s]         ********************************************************************************
[13.914s] 
[13.915s] !!
[13.915s]   self.initialize_options()
[13.915s] running develop
[14.021s] running egg_info
[14.064s] writing my_robot.egg-info/PKG-INFO
[14.065s] writing dependency_links to my_robot.egg-info/dependency_links.txt
[14.065s] writing entry points to my_robot.egg-info/entry_points.txt
[14.067s] writing requirements to my_robot.egg-info/requires.txt
[14.067s] writing top-level names to my_robot.egg-info/top_level.txt
[14.158s] reading manifest file 'my_robot.egg-info/SOURCES.txt'
[14.160s] writing manifest file 'my_robot.egg-info/SOURCES.txt'
[14.322s] running build_ext
[14.322s] Creating /home/cadt-02/Documents/can_test_usb/ros2_can/install/my_robot/lib/python3.8/site-packages/my-robot.egg-link (link to .)
[14.327s] Installing my_robot script to /home/cadt-02/Documents/can_test_usb/ros2_can/install/my_robot/lib/my_robot
[14.328s] 
[14.328s] Installed /home/cadt-02/Documents/can_test_usb/ros2_can/build/my_robot
[14.328s] running install_data
[14.328s] copying resource/my_robot -> /home/cadt-02/Documents/can_test_usb/ros2_can/install/my_robot/share/ament_index/resource_index/packages
[14.328s] copying package.xml -> /home/cadt-02/Documents/can_test_usb/ros2_can/install/my_robot/share/my_robot
[20.244s] Invoked command in '/home/cadt-02/Documents/can_test_usb/ros2_can/build/my_robot' returned '0': PYTHONPATH=/home/cadt-02/Documents/can_test_usb/ros2_can/build/my_robot/prefix_override:/home/cadt-02/Documents/can_test_usb/ros2_can/install/my_robot/lib/python3.8/site-packages:${PYTHONPATH} /usr/bin/python3 setup.py develop --editable --build-directory /home/cadt-02/Documents/can_test_usb/ros2_can/build/my_robot/build --no-deps install_data
