[14.705s] Invoking command in '/home/cadt-02/Documents/can_test_usb/ros2_can/src/auto_r2': PYTHONPATH=/home/cadt-02/Documents/can_test_usb/ros2_can/build/auto_r2/prefix_override:/home/cadt-02/Documents/can_test_usb/ros2_can/install/auto_r2/lib/python3.8/site-packages:${PYTHONPATH} /usr/bin/python3 setup.py egg_info --egg-base ../../build/auto_r2 build --build-base /home/cadt-02/Documents/can_test_usb/ros2_can/build/auto_r2/build install --record /home/cadt-02/Documents/can_test_usb/ros2_can/build/auto_r2/install.log --install-scripts $base/lib/auto_r2 --single-version-externally-managed
[15.070s] /home/cadt-02/.local/lib/python3.8/site-packages/setuptools/dist.py:476: SetuptoolsDeprecationWarning: Invalid dash-separated options
[15.070s] !!
[15.070s] 
[15.070s]         ********************************************************************************
[15.070s]         Usage of dash-separated 'script-dir' will not be supported in future
[15.070s]         versions. Please use the underscore name 'script_dir' instead.
[15.071s] 
[15.071s]         By 2024-Sep-26, you need to update your project and remove deprecated calls
[15.071s]         or your builds will no longer be supported.
[15.071s] 
[15.071s]         See https://setuptools.pypa.io/en/latest/userguide/declarative_config.html for details.
[15.071s]         ********************************************************************************
[15.071s] 
[15.072s] !!
[15.072s]   opt = self.warn_dash_deprecation(opt, section)
[15.355s] running egg_info
[15.404s] writing ../../build/auto_r2/auto_r2.egg-info/PKG-INFO
[15.406s] writing dependency_links to ../../build/auto_r2/auto_r2.egg-info/dependency_links.txt
[15.407s] writing entry points to ../../build/auto_r2/auto_r2.egg-info/entry_points.txt
[15.409s] writing requirements to ../../build/auto_r2/auto_r2.egg-info/requires.txt
[15.409s] writing top-level names to ../../build/auto_r2/auto_r2.egg-info/top_level.txt
[15.775s] reading manifest file '../../build/auto_r2/auto_r2.egg-info/SOURCES.txt'
[15.777s] writing manifest file '../../build/auto_r2/auto_r2.egg-info/SOURCES.txt'
[15.778s] running build
[15.778s] running build_py
[15.780s] copying auto_r2/__init__.py -> /home/cadt-02/Documents/can_test_usb/ros2_can/build/auto_r2/build/lib/auto_r2
[15.780s] copying auto_r2/movement_control.py -> /home/cadt-02/Documents/can_test_usb/ros2_can/build/auto_r2/build/lib/auto_r2
[15.780s] running install
[15.780s] /home/cadt-02/.local/lib/python3.8/site-packages/setuptools/_distutils/cmd.py:66: SetuptoolsDeprecationWarning: setup.py install is deprecated.
[15.781s] !!
[15.788s] 
[15.788s]         ********************************************************************************
[15.789s]         Please avoid running ``setup.py`` directly.
[15.789s]         Instead, use pypa/build, pypa/installer or other
[15.789s]         standards-based tools.
[15.789s] 
[15.789s]         See https://blog.ganssle.io/articles/2021/10/setup-py-deprecated.html for details.
[15.789s]         ********************************************************************************
[15.789s] 
[15.790s] !!
[15.790s]   self.initialize_options()
[15.808s] running install_lib
[15.872s] running install_data
[15.921s] copying resource/auto_r2 -> /home/cadt-02/Documents/can_test_usb/ros2_can/install/auto_r2/share/ament_index/resource_index/packages
[15.921s] copying package.xml -> /home/cadt-02/Documents/can_test_usb/ros2_can/install/auto_r2/share/auto_r2
[15.922s] running install_egg_info
[15.980s] removing '/home/cadt-02/Documents/can_test_usb/ros2_can/install/auto_r2/lib/python3.8/site-packages/auto_r2-0.0.0-py3.8.egg-info' (and everything under it)
[15.981s] Copying ../../build/auto_r2/auto_r2.egg-info to /home/cadt-02/Documents/can_test_usb/ros2_can/install/auto_r2/lib/python3.8/site-packages/auto_r2-0.0.0-py3.8.egg-info
[15.981s] running install_scripts
[16.090s] Installing auto_r2 script to /home/cadt-02/Documents/can_test_usb/ros2_can/install/auto_r2/lib/auto_r2
[16.092s] writing list of installed files to '/home/cadt-02/Documents/can_test_usb/ros2_can/build/auto_r2/install.log'
[16.837s] Invoked command in '/home/cadt-02/Documents/can_test_usb/ros2_can/src/auto_r2' returned '0': PYTHONPATH=/home/cadt-02/Documents/can_test_usb/ros2_can/build/auto_r2/prefix_override:/home/cadt-02/Documents/can_test_usb/ros2_can/install/auto_r2/lib/python3.8/site-packages:${PYTHONPATH} /usr/bin/python3 setup.py egg_info --egg-base ../../build/auto_r2 build --build-base /home/cadt-02/Documents/can_test_usb/ros2_can/build/auto_r2/build install --record /home/cadt-02/Documents/can_test_usb/ros2_can/build/auto_r2/install.log --install-scripts $base/lib/auto_r2 --single-version-externally-managed
