running egg_info
writing ../../build/movement/movement.egg-info/PKG-INFO
writing dependency_links to ../../build/movement/movement.egg-info/dependency_links.txt
writing entry points to ../../build/movement/movement.egg-info/entry_points.txt
writing requirements to ../../build/movement/movement.egg-info/requires.txt
writing top-level names to ../../build/movement/movement.egg-info/top_level.txt
reading manifest file '../../build/movement/movement.egg-info/SOURCES.txt'
writing manifest file '../../build/movement/movement.egg-info/SOURCES.txt'
running build
running build_py
copying movement/usbcan_adapter.py -> /home/cadt-02/Documents/can_test_usb/ros2_can/build/movement/build/lib/movement
copying movement/can.py -> /home/cadt-02/Documents/can_test_usb/ros2_can/build/movement/build/lib/movement
copying movement/rmd_motors.py -> /home/cadt-02/Documents/can_test_usb/ros2_can/build/movement/build/lib/movement
copying movement/__init__.py -> /home/cadt-02/Documents/can_test_usb/ros2_can/build/movement/build/lib/movement
copying scripts/movement.py -> /home/cadt-02/Documents/can_test_usb/ros2_can/build/movement/build/lib/scripts
copying scripts/__init__.py -> /home/cadt-02/Documents/can_test_usb/ros2_can/build/movement/build/lib/scripts
running install
running install_lib
running install_data
copying resource/movement -> /home/cadt-02/Documents/can_test_usb/ros2_can/install/movement/share/ament_index/resource_index/packages
copying package.xml -> /home/cadt-02/Documents/can_test_usb/ros2_can/install/movement/share/movement
running install_egg_info
removing '/home/cadt-02/Documents/can_test_usb/ros2_can/install/movement/lib/python3.8/site-packages/movement-0.0.0-py3.8.egg-info' (and everything under it)
Copying ../../build/movement/movement.egg-info to /home/cadt-02/Documents/can_test_usb/ros2_can/install/movement/lib/python3.8/site-packages/movement-0.0.0-py3.8.egg-info
running install_scripts
Installing movement script to /home/cadt-02/Documents/can_test_usb/ros2_can/install/movement/lib/movement
writing list of installed files to '/home/cadt-02/Documents/can_test_usb/ros2_can/build/movement/install.log'
/home/cadt-02/.local/lib/python3.8/site-packages/setuptools/_distutils/cmd.py:66: SetuptoolsDeprecationWarning: setup.py install is deprecated.
!!

        ********************************************************************************
        Please avoid running ``setup.py`` directly.
        Instead, use pypa/build, pypa/installer or other
        standards-based tools.

        See https://blog.ganssle.io/articles/2021/10/setup-py-deprecated.html for details.
        ********************************************************************************

!!
  self.initialize_options()
