[15.141s] Invoking command in '/home/cadt-02/Documents/can_test_usb/ros2_can/src/movement': PYTHONPATH=/home/cadt-02/Documents/can_test_usb/ros2_can/build/movement/prefix_override:/home/cadt-02/Documents/can_test_usb/ros2_can/install/movement/lib/python3.8/site-packages:${PYTHONPATH} /usr/bin/python3 setup.py egg_info --egg-base ../../build/movement build --build-base /home/cadt-02/Documents/can_test_usb/ros2_can/build/movement/build install --record /home/cadt-02/Documents/can_test_usb/ros2_can/build/movement/install.log --single-version-externally-managed
[16.777s] running egg_info
[16.777s] writing ../../build/movement/movement.egg-info/PKG-INFO
[16.777s] writing dependency_links to ../../build/movement/movement.egg-info/dependency_links.txt
[16.777s] writing entry points to ../../build/movement/movement.egg-info/entry_points.txt
[16.777s] writing requirements to ../../build/movement/movement.egg-info/requires.txt
[16.778s] writing top-level names to ../../build/movement/movement.egg-info/top_level.txt
[16.778s] reading manifest file '../../build/movement/movement.egg-info/SOURCES.txt'
[16.779s] writing manifest file '../../build/movement/movement.egg-info/SOURCES.txt'
[16.779s] running build
[16.780s] running build_py
[16.780s] copying movement/usbcan_adapter.py -> /home/cadt-02/Documents/can_test_usb/ros2_can/build/movement/build/lib/movement
[16.781s] copying movement/can.py -> /home/cadt-02/Documents/can_test_usb/ros2_can/build/movement/build/lib/movement
[16.781s] copying movement/rmd_motors.py -> /home/cadt-02/Documents/can_test_usb/ros2_can/build/movement/build/lib/movement
[16.782s] copying movement/__init__.py -> /home/cadt-02/Documents/can_test_usb/ros2_can/build/movement/build/lib/movement
[16.782s] copying scripts/movement.py -> /home/cadt-02/Documents/can_test_usb/ros2_can/build/movement/build/lib/scripts
[16.782s] copying scripts/__init__.py -> /home/cadt-02/Documents/can_test_usb/ros2_can/build/movement/build/lib/scripts
[16.783s] running install
[16.783s] running install_lib
[16.784s] running install_data
[16.784s] copying resource/movement -> /home/cadt-02/Documents/can_test_usb/ros2_can/install/movement/share/ament_index/resource_index/packages
[16.785s] copying package.xml -> /home/cadt-02/Documents/can_test_usb/ros2_can/install/movement/share/movement
[16.785s] running install_egg_info
[16.786s] removing '/home/cadt-02/Documents/can_test_usb/ros2_can/install/movement/lib/python3.8/site-packages/movement-0.0.0-py3.8.egg-info' (and everything under it)
[16.786s] Copying ../../build/movement/movement.egg-info to /home/cadt-02/Documents/can_test_usb/ros2_can/install/movement/lib/python3.8/site-packages/movement-0.0.0-py3.8.egg-info
[16.787s] running install_scripts
[16.787s] Installing movement script to /home/cadt-02/Documents/can_test_usb/ros2_can/install/movement/lib/movement
[16.787s] writing list of installed files to '/home/cadt-02/Documents/can_test_usb/ros2_can/build/movement/install.log'
[16.788s] /home/cadt-02/.local/lib/python3.8/site-packages/setuptools/_distutils/cmd.py:66: SetuptoolsDeprecationWarning: setup.py install is deprecated.
[16.788s] !!
[16.789s] 
[16.789s]         ********************************************************************************
[16.790s]         Please avoid running ``setup.py`` directly.
[16.790s]         Instead, use pypa/build, pypa/installer or other
[16.791s]         standards-based tools.
[16.792s] 
[16.792s]         See https://blog.ganssle.io/articles/2021/10/setup-py-deprecated.html for details.
[16.792s]         ********************************************************************************
[16.793s] 
[16.793s] !!
[16.794s]   self.initialize_options()
[21.241s] Invoked command in '/home/cadt-02/Documents/can_test_usb/ros2_can/src/movement' returned '0': PYTHONPATH=/home/cadt-02/Documents/can_test_usb/ros2_can/build/movement/prefix_override:/home/cadt-02/Documents/can_test_usb/ros2_can/install/movement/lib/python3.8/site-packages:${PYTHONPATH} /usr/bin/python3 setup.py egg_info --egg-base ../../build/movement build --build-base /home/cadt-02/Documents/can_test_usb/ros2_can/build/movement/build install --record /home/cadt-02/Documents/can_test_usb/ros2_can/build/movement/install.log --single-version-externally-managed
