[15.690s] Invoking command in '/home/cadt-02/Documents/can_test_usb/ros2_can/build/movement': PYTHONPATH=/home/cadt-02/Documents/can_test_usb/ros2_can/build/movement/prefix_override:/home/cadt-02/Documents/can_test_usb/ros2_can/install/movement/lib/python3.8/site-packages:${PYTHONPATH} /usr/bin/python3 setup.py develop --editable --build-directory /home/cadt-02/Documents/can_test_usb/ros2_can/build/movement/build --no-deps install_data
[16.553s] running develop
[16.554s] /home/cadt-02/.local/lib/python3.8/site-packages/setuptools/command/develop.py:42: EasyInstallDeprecationWarning: easy_install command is deprecated.
[16.555s] !!
[16.555s] 
[16.555s]         ********************************************************************************
[16.555s]         Please avoid running ``setup.py`` and ``easy_install``.
[16.555s]         Instead, use pypa/build, pypa/installer or other
[16.555s]         standards-based tools.
[16.555s] 
[16.556s]         See https://github.com/pypa/setuptools/issues/917 for details.
[16.556s]         ********************************************************************************
[16.556s] 
[16.556s] !!
[16.556s]   easy_install.initialize_options(self)
[16.653s] /home/cadt-02/.local/lib/python3.8/site-packages/setuptools/_distutils/cmd.py:66: SetuptoolsDeprecationWarning: setup.py install is deprecated.
[16.655s] !!
[16.656s] 
[16.657s]         ********************************************************************************
[16.657s]         Please avoid running ``setup.py`` directly.
[16.657s]         Instead, use pypa/build, pypa/installer or other
[16.657s]         standards-based tools.
[16.657s] 
[16.657s]         See https://blog.ganssle.io/articles/2021/10/setup-py-deprecated.html for details.
[16.658s]         ********************************************************************************
[16.658s] 
[16.658s] !!
[16.658s]   self.initialize_options()
[17.202s] running egg_info
[17.247s] writing movement.egg-info/PKG-INFO
[17.252s] writing dependency_links to movement.egg-info/dependency_links.txt
[17.253s] writing entry points to movement.egg-info/entry_points.txt
[17.254s] writing requirements to movement.egg-info/requires.txt
[17.255s] writing top-level names to movement.egg-info/top_level.txt
[17.361s] reading manifest file 'movement.egg-info/SOURCES.txt'
[17.370s] writing manifest file 'movement.egg-info/SOURCES.txt'
[17.621s] running build_ext
[17.621s] Creating /home/cadt-02/Documents/can_test_usb/ros2_can/install/movement/lib/python3.8/site-packages/movement.egg-link (link to .)
[17.641s] Installing movement script to /home/cadt-02/Documents/can_test_usb/ros2_can/install/movement/lib/movement
[17.642s] 
[17.643s] Installed /home/cadt-02/Documents/can_test_usb/ros2_can/build/movement
[17.645s] running install_data
[17.646s] copying resource/movement -> /home/cadt-02/Documents/can_test_usb/ros2_can/install/movement/share/ament_index/resource_index/packages
[17.651s] copying package.xml -> /home/cadt-02/Documents/can_test_usb/ros2_can/install/movement/share/movement
[23.182s] Invoked command in '/home/cadt-02/Documents/can_test_usb/ros2_can/build/movement' returned '0': PYTHONPATH=/home/cadt-02/Documents/can_test_usb/ros2_can/build/movement/prefix_override:/home/cadt-02/Documents/can_test_usb/ros2_can/install/movement/lib/python3.8/site-packages:${PYTHONPATH} /usr/bin/python3 setup.py develop --editable --build-directory /home/cadt-02/Documents/can_test_usb/ros2_can/build/movement/build --no-deps install_data
