[17.671s] Invoking command in '/home/cadt-02/Documents/can_test_usb/ros2_can/build/odometry_cont': PYTHONPATH=/home/cadt-02/Documents/can_test_usb/ros2_can/build/odometry_cont/prefix_override:/home/cadt-02/Documents/can_test_usb/ros2_can/install/odometry_cont/lib/python3.8/site-packages:${PYTHONPATH} /usr/bin/python3 setup.py develop --editable --build-directory /home/cadt-02/Documents/can_test_usb/ros2_can/build/odometry_cont/build --no-deps install_data
[18.057s] /home/cadt-02/.local/lib/python3.8/site-packages/setuptools/dist.py:476: SetuptoolsDeprecationWarning: Invalid dash-separated options
[18.058s] !!
[18.058s] 
[18.058s]         ********************************************************************************
[18.058s]         Usage of dash-separated 'script-dir' will not be supported in future
[18.058s]         versions. Please use the underscore name 'script_dir' instead.
[18.058s] 
[18.059s]         By 2024-Sep-26, you need to update your project and remove deprecated calls
[18.059s]         or your builds will no longer be supported.
[18.059s] 
[18.059s]         See https://setuptools.pypa.io/en/latest/userguide/declarative_config.html for details.
[18.059s]         ********************************************************************************
[18.059s] 
[18.059s] !!
[18.059s]   opt = self.warn_dash_deprecation(opt, section)
[18.626s] running develop
[18.627s] /home/cadt-02/.local/lib/python3.8/site-packages/setuptools/command/develop.py:42: EasyInstallDeprecationWarning: easy_install command is deprecated.
[18.627s] !!
[18.627s] 
[18.627s]         ********************************************************************************
[18.627s]         Please avoid running ``setup.py`` and ``easy_install``.
[18.628s]         Instead, use pypa/build, pypa/installer or other
[18.628s]         standards-based tools.
[18.628s] 
[18.628s]         See https://github.com/pypa/setuptools/issues/917 for details.
[18.628s]         ********************************************************************************
[18.628s] 
[18.628s] !!
[18.628s]   easy_install.initialize_options(self)
[18.730s] /home/cadt-02/.local/lib/python3.8/site-packages/setuptools/_distutils/cmd.py:66: SetuptoolsDeprecationWarning: setup.py install is deprecated.
[18.730s] !!
[18.730s] 
[18.730s]         ********************************************************************************
[18.730s]         Please avoid running ``setup.py`` directly.
[18.730s]         Instead, use pypa/build, pypa/installer or other
[18.731s]         standards-based tools.
[18.731s] 
[18.731s]         See https://blog.ganssle.io/articles/2021/10/setup-py-deprecated.html for details.
[18.731s]         ********************************************************************************
[18.731s] 
[18.731s] !!
[18.731s]   self.initialize_options()
[19.267s] running egg_info
[19.320s] writing odometry_cont.egg-info/PKG-INFO
[19.328s] writing dependency_links to odometry_cont.egg-info/dependency_links.txt
[19.329s] writing entry points to odometry_cont.egg-info/entry_points.txt
[19.330s] writing requirements to odometry_cont.egg-info/requires.txt
[19.330s] writing top-level names to odometry_cont.egg-info/top_level.txt
[19.433s] reading manifest file 'odometry_cont.egg-info/SOURCES.txt'
[19.435s] writing manifest file 'odometry_cont.egg-info/SOURCES.txt'
[19.611s] running build_ext
[19.614s] Creating /home/cadt-02/Documents/can_test_usb/ros2_can/install/odometry_cont/lib/python3.8/site-packages/odometry-cont.egg-link (link to .)
[19.615s] Installing odometry_cont script to /home/cadt-02/Documents/can_test_usb/ros2_can/install/odometry_cont/lib/odometry_cont
[19.616s] 
[19.616s] Installed /home/cadt-02/Documents/can_test_usb/ros2_can/build/odometry_cont
[19.617s] running install_data
[19.618s] copying resource/odometry_cont -> /home/cadt-02/Documents/can_test_usb/ros2_can/install/odometry_cont/share/ament_index/resource_index/packages
[19.619s] copying package.xml -> /home/cadt-02/Documents/can_test_usb/ros2_can/install/odometry_cont/share/odometry_cont
[20.555s] Invoked command in '/home/cadt-02/Documents/can_test_usb/ros2_can/build/odometry_cont' returned '0': PYTHONPATH=/home/cadt-02/Documents/can_test_usb/ros2_can/build/odometry_cont/prefix_override:/home/cadt-02/Documents/can_test_usb/ros2_can/install/odometry_cont/lib/python3.8/site-packages:${PYTHONPATH} /usr/bin/python3 setup.py develop --editable --build-directory /home/cadt-02/Documents/can_test_usb/ros2_can/build/odometry_cont/build --no-deps install_data
