[10.825s] Invoking command in '/home/cadt-02/Documents/can_test_usb/ros2_can/build/odometry_cont': PYTHONPATH=/home/cadt-02/Documents/can_test_usb/ros2_can/build/odometry_cont/prefix_override:/home/cadt-02/Documents/can_test_usb/ros2_can/install/odometry_cont/lib/python3.8/site-packages:${PYTHONPATH} /usr/bin/python3 setup.py develop --uninstall --editable --build-directory /home/cadt-02/Documents/can_test_usb/ros2_can/build/odometry_cont/build
[12.565s] running develop
[12.566s] Removing /home/cadt-02/Documents/can_test_usb/ros2_can/install/odometry_cont/lib/python3.8/site-packages/odometry-cont.egg-link (link to .)
[12.567s] /home/cadt-02/.local/lib/python3.8/site-packages/setuptools/dist.py:476: SetuptoolsDeprecationWarning: Invalid dash-separated options
[12.567s] !!
[12.568s] 
[12.569s]         ********************************************************************************
[12.572s]         Usage of dash-separated 'script-dir' will not be supported in future
[12.573s]         versions. Please use the underscore name 'script_dir' instead.
[12.573s] 
[12.573s]         By 2024-Sep-26, you need to update your project and remove deprecated calls
[12.574s]         or your builds will no longer be supported.
[12.575s] 
[12.575s]         See https://setuptools.pypa.io/en/latest/userguide/declarative_config.html for details.
[12.576s]         ********************************************************************************
[12.576s] 
[12.577s] !!
[12.577s]   opt = self.warn_dash_deprecation(opt, section)
[12.577s] /home/cadt-02/.local/lib/python3.8/site-packages/setuptools/command/develop.py:42: EasyInstallDeprecationWarning: easy_install command is deprecated.
[12.578s] !!
[12.581s] 
[12.582s]         ********************************************************************************
[12.583s]         Please avoid running ``setup.py`` and ``easy_install``.
[12.583s]         Instead, use pypa/build, pypa/installer or other
[12.583s]         standards-based tools.
[12.583s] 
[12.583s]         See https://github.com/pypa/setuptools/issues/917 for details.
[12.583s]         ********************************************************************************
[12.586s] 
[12.588s] !!
[12.588s]   easy_install.initialize_options(self)
[12.589s] /home/cadt-02/.local/lib/python3.8/site-packages/setuptools/_distutils/cmd.py:66: SetuptoolsDeprecationWarning: setup.py install is deprecated.
[12.589s] !!
[12.590s] 
[12.593s]         ********************************************************************************
[12.594s]         Please avoid running ``setup.py`` directly.
[12.594s]         Instead, use pypa/build, pypa/installer or other
[12.594s]         standards-based tools.
[12.594s] 
[12.594s]         See https://blog.ganssle.io/articles/2021/10/setup-py-deprecated.html for details.
[12.594s]         ********************************************************************************
[12.594s] 
[12.595s] !!
[12.595s]   self.initialize_options()
[12.596s] Invoked command in '/home/cadt-02/Documents/can_test_usb/ros2_can/build/odometry_cont' returned '0': PYTHONPATH=/home/cadt-02/Documents/can_test_usb/ros2_can/build/odometry_cont/prefix_override:/home/cadt-02/Documents/can_test_usb/ros2_can/install/odometry_cont/lib/python3.8/site-packages:${PYTHONPATH} /usr/bin/python3 setup.py develop --uninstall --editable --build-directory /home/cadt-02/Documents/can_test_usb/ros2_can/build/odometry_cont/build
[12.598s] Invoking command in '/home/cadt-02/Documents/can_test_usb/ros2_can/src/odometry_cont': PYTHONPATH=/home/cadt-02/Documents/can_test_usb/ros2_can/build/odometry_cont/prefix_override:/home/cadt-02/Documents/can_test_usb/ros2_can/install/odometry_cont/lib/python3.8/site-packages:${PYTHONPATH} /usr/bin/python3 setup.py egg_info --egg-base ../../build/odometry_cont build --build-base /home/cadt-02/Documents/can_test_usb/ros2_can/build/odometry_cont/build install --record /home/cadt-02/Documents/can_test_usb/ros2_can/build/odometry_cont/install.log --install-scripts $base/lib/odometry_cont --single-version-externally-managed
[12.930s] /home/cadt-02/.local/lib/python3.8/site-packages/setuptools/dist.py:476: SetuptoolsDeprecationWarning: Invalid dash-separated options
[12.931s] !!
[12.931s] 
[12.931s]         ********************************************************************************
[12.931s]         Usage of dash-separated 'script-dir' will not be supported in future
[12.931s]         versions. Please use the underscore name 'script_dir' instead.
[12.931s] 
[12.931s]         By 2024-Sep-26, you need to update your project and remove deprecated calls
[12.931s]         or your builds will no longer be supported.
[12.932s] 
[12.932s]         See https://setuptools.pypa.io/en/latest/userguide/declarative_config.html for details.
[12.932s]         ********************************************************************************
[12.932s] 
[12.932s] !!
[12.932s]   opt = self.warn_dash_deprecation(opt, section)
[13.206s] running egg_info
[13.252s] writing ../../build/odometry_cont/odometry_cont.egg-info/PKG-INFO
[13.253s] writing dependency_links to ../../build/odometry_cont/odometry_cont.egg-info/dependency_links.txt
[13.253s] writing entry points to ../../build/odometry_cont/odometry_cont.egg-info/entry_points.txt
[13.254s] writing requirements to ../../build/odometry_cont/odometry_cont.egg-info/requires.txt
[13.254s] writing top-level names to ../../build/odometry_cont/odometry_cont.egg-info/top_level.txt
[13.597s] reading manifest file '../../build/odometry_cont/odometry_cont.egg-info/SOURCES.txt'
[13.599s] writing manifest file '../../build/odometry_cont/odometry_cont.egg-info/SOURCES.txt'
[13.599s] running build
[13.600s] running build_py
[13.600s] copying odometry_cont/__init__.py -> /home/cadt-02/Documents/can_test_usb/ros2_can/build/odometry_cont/build/lib/odometry_cont
[13.601s] copying odometry_cont/PID.py -> /home/cadt-02/Documents/can_test_usb/ros2_can/build/odometry_cont/build/lib/odometry_cont
[13.601s] copying script_odom/__init__.py -> /home/cadt-02/Documents/can_test_usb/ros2_can/build/odometry_cont/build/lib/script_odom
[13.602s] copying script_odom/odometry.py -> /home/cadt-02/Documents/can_test_usb/ros2_can/build/odometry_cont/build/lib/script_odom
[13.603s] running install
[13.604s] /home/cadt-02/.local/lib/python3.8/site-packages/setuptools/_distutils/cmd.py:66: SetuptoolsDeprecationWarning: setup.py install is deprecated.
[13.604s] !!
[13.604s] 
[13.604s]         ********************************************************************************
[13.605s]         Please avoid running ``setup.py`` directly.
[13.605s]         Instead, use pypa/build, pypa/installer or other
[13.605s]         standards-based tools.
[13.605s] 
[13.605s]         See https://blog.ganssle.io/articles/2021/10/setup-py-deprecated.html for details.
[13.606s]         ********************************************************************************
[13.606s] 
[13.606s] !!
[13.606s]   self.initialize_options()
[13.615s] running install_lib
[13.660s] creating /home/cadt-02/Documents/can_test_usb/ros2_can/install/odometry_cont/lib/python3.8/site-packages/script_odom
[13.660s] copying /home/cadt-02/Documents/can_test_usb/ros2_can/build/odometry_cont/build/lib/script_odom/__init__.py -> /home/cadt-02/Documents/can_test_usb/ros2_can/install/odometry_cont/lib/python3.8/site-packages/script_odom
[13.660s] copying /home/cadt-02/Documents/can_test_usb/ros2_can/build/odometry_cont/build/lib/script_odom/odometry.py -> /home/cadt-02/Documents/can_test_usb/ros2_can/install/odometry_cont/lib/python3.8/site-packages/script_odom
[13.661s] creating /home/cadt-02/Documents/can_test_usb/ros2_can/install/odometry_cont/lib/python3.8/site-packages/odometry_cont
[13.661s] copying /home/cadt-02/Documents/can_test_usb/ros2_can/build/odometry_cont/build/lib/odometry_cont/__init__.py -> /home/cadt-02/Documents/can_test_usb/ros2_can/install/odometry_cont/lib/python3.8/site-packages/odometry_cont
[13.661s] copying /home/cadt-02/Documents/can_test_usb/ros2_can/build/odometry_cont/build/lib/odometry_cont/PID.py -> /home/cadt-02/Documents/can_test_usb/ros2_can/install/odometry_cont/lib/python3.8/site-packages/odometry_cont
[13.662s] byte-compiling /home/cadt-02/Documents/can_test_usb/ros2_can/install/odometry_cont/lib/python3.8/site-packages/script_odom/__init__.py to __init__.cpython-38.pyc
[13.663s] byte-compiling /home/cadt-02/Documents/can_test_usb/ros2_can/install/odometry_cont/lib/python3.8/site-packages/script_odom/odometry.py to odometry.cpython-38.pyc
[13.666s] byte-compiling /home/cadt-02/Documents/can_test_usb/ros2_can/install/odometry_cont/lib/python3.8/site-packages/odometry_cont/__init__.py to __init__.cpython-38.pyc
[13.666s] byte-compiling /home/cadt-02/Documents/can_test_usb/ros2_can/install/odometry_cont/lib/python3.8/site-packages/odometry_cont/PID.py to PID.cpython-38.pyc
[13.667s] running install_data
[13.711s] copying resource/odometry_cont -> /home/cadt-02/Documents/can_test_usb/ros2_can/install/odometry_cont/share/ament_index/resource_index/packages
[13.712s] copying package.xml -> /home/cadt-02/Documents/can_test_usb/ros2_can/install/odometry_cont/share/odometry_cont
[13.712s] running install_egg_info
[13.760s] Copying ../../build/odometry_cont/odometry_cont.egg-info to /home/cadt-02/Documents/can_test_usb/ros2_can/install/odometry_cont/lib/python3.8/site-packages/odometry_cont-0.0.0-py3.8.egg-info
[13.763s] running install_scripts
[13.870s] Installing odometry_cont script to /home/cadt-02/Documents/can_test_usb/ros2_can/install/odometry_cont/lib/odometry_cont
[13.871s] writing list of installed files to '/home/cadt-02/Documents/can_test_usb/ros2_can/build/odometry_cont/install.log'
[13.958s] Invoked command in '/home/cadt-02/Documents/can_test_usb/ros2_can/src/odometry_cont' returned '0': PYTHONPATH=/home/cadt-02/Documents/can_test_usb/ros2_can/build/odometry_cont/prefix_override:/home/cadt-02/Documents/can_test_usb/ros2_can/install/odometry_cont/lib/python3.8/site-packages:${PYTHONPATH} /usr/bin/python3 setup.py egg_info --egg-base ../../build/odometry_cont build --build-base /home/cadt-02/Documents/can_test_usb/ros2_can/build/odometry_cont/build install --record /home/cadt-02/Documents/can_test_usb/ros2_can/build/odometry_cont/install.log --install-scripts $base/lib/odometry_cont --single-version-externally-managed
