[14.669s] Invoking command in '/home/cadt-02/Documents/can_test_usb/ros2_can/build/ros_imu': NX_CONNECTION=172.23.33.111 57595 172.23.34.34 4000 PYTHONPATH=/home/cadt-02/Documents/can_test_usb/ros2_can/build/ros_imu/prefix_override:/home/cadt-02/Documents/can_test_usb/ros2_can/install/ros_imu/lib/python3.8/site-packages:${PYTHONPATH} /usr/bin/python3 setup.py develop --uninstall --editable --build-directory /home/cadt-02/Documents/can_test_usb/ros2_can/build/ros_imu/build
[15.101s] /home/cadt-02/.local/lib/python3.8/site-packages/setuptools/dist.py:476: SetuptoolsDeprecationWarning: Invalid dash-separated options
[15.101s] !!
[15.101s] 
[15.101s]         ********************************************************************************
[15.102s]         Usage of dash-separated 'script-dir' will not be supported in future
[15.102s]         versions. Please use the underscore name 'script_dir' instead.
[15.102s] 
[15.102s]         By 2024-Sep-26, you need to update your project and remove deprecated calls
[15.102s]         or your builds will no longer be supported.
[15.102s] 
[15.102s]         See https://setuptools.pypa.io/en/latest/userguide/declarative_config.html for details.
[15.103s]         ********************************************************************************
[15.103s] 
[15.103s] !!
[15.103s]   opt = self.warn_dash_deprecation(opt, section)
[15.600s] running develop
[15.600s] /home/cadt-02/.local/lib/python3.8/site-packages/setuptools/command/develop.py:42: EasyInstallDeprecationWarning: easy_install command is deprecated.
[15.601s] !!
[15.601s] 
[15.601s]         ********************************************************************************
[15.601s]         Please avoid running ``setup.py`` and ``easy_install``.
[15.601s]         Instead, use pypa/build, pypa/installer or other
[15.601s]         standards-based tools.
[15.601s] 
[15.602s]         See https://github.com/pypa/setuptools/issues/917 for details.
[15.602s]         ********************************************************************************
[15.602s] 
[15.602s] !!
[15.602s]   easy_install.initialize_options(self)
[15.699s] /home/cadt-02/.local/lib/python3.8/site-packages/setuptools/_distutils/cmd.py:66: SetuptoolsDeprecationWarning: setup.py install is deprecated.
[15.699s] !!
[15.699s] 
[15.700s]         ********************************************************************************
[15.700s]         Please avoid running ``setup.py`` directly.
[15.700s]         Instead, use pypa/build, pypa/installer or other
[15.700s]         standards-based tools.
[15.700s] 
[15.700s]         See https://blog.ganssle.io/articles/2021/10/setup-py-deprecated.html for details.
[15.700s]         ********************************************************************************
[15.701s] 
[15.701s] !!
[15.701s]   self.initialize_options()
[16.189s] Removing /home/cadt-02/Documents/can_test_usb/ros2_can/install/ros_imu/lib/python3.8/site-packages/ros-imu.egg-link (link to .)
[16.310s] Invoked command in '/home/cadt-02/Documents/can_test_usb/ros2_can/build/ros_imu' returned '0': NX_CONNECTION=172.23.33.111 57595 172.23.34.34 4000 PYTHONPATH=/home/cadt-02/Documents/can_test_usb/ros2_can/build/ros_imu/prefix_override:/home/cadt-02/Documents/can_test_usb/ros2_can/install/ros_imu/lib/python3.8/site-packages:${PYTHONPATH} /usr/bin/python3 setup.py develop --uninstall --editable --build-directory /home/cadt-02/Documents/can_test_usb/ros2_can/build/ros_imu/build
[16.321s] Invoking command in '/home/cadt-02/Documents/can_test_usb/ros2_can/src/ros_imu': NX_CONNECTION=172.23.33.111 57595 172.23.34.34 4000 PYTHONPATH=/home/cadt-02/Documents/can_test_usb/ros2_can/build/ros_imu/prefix_override:/home/cadt-02/Documents/can_test_usb/ros2_can/install/ros_imu/lib/python3.8/site-packages:${PYTHONPATH} /usr/bin/python3 setup.py egg_info --egg-base ../../build/ros_imu build --build-base /home/cadt-02/Documents/can_test_usb/ros2_can/build/ros_imu/build install --record /home/cadt-02/Documents/can_test_usb/ros2_can/build/ros_imu/install.log --install-scripts $base/lib/ros_imu --single-version-externally-managed
[16.682s] /home/cadt-02/.local/lib/python3.8/site-packages/setuptools/dist.py:476: SetuptoolsDeprecationWarning: Invalid dash-separated options
[16.682s] !!
[16.682s] 
[16.683s]         ********************************************************************************
[16.683s]         Usage of dash-separated 'script-dir' will not be supported in future
[16.683s]         versions. Please use the underscore name 'script_dir' instead.
[16.683s] 
[16.683s]         By 2024-Sep-26, you need to update your project and remove deprecated calls
[16.683s]         or your builds will no longer be supported.
[16.683s] 
[16.684s]         See https://setuptools.pypa.io/en/latest/userguide/declarative_config.html for details.
[16.684s]         ********************************************************************************
[16.684s] 
[16.684s] !!
[16.684s]   opt = self.warn_dash_deprecation(opt, section)
[16.969s] running egg_info
[17.016s] writing ../../build/ros_imu/ros_imu.egg-info/PKG-INFO
[17.017s] writing dependency_links to ../../build/ros_imu/ros_imu.egg-info/dependency_links.txt
[17.018s] writing entry points to ../../build/ros_imu/ros_imu.egg-info/entry_points.txt
[17.018s] writing requirements to ../../build/ros_imu/ros_imu.egg-info/requires.txt
[17.019s] writing top-level names to ../../build/ros_imu/ros_imu.egg-info/top_level.txt
[17.368s] reading manifest file '../../build/ros_imu/ros_imu.egg-info/SOURCES.txt'
[17.375s] writing manifest file '../../build/ros_imu/ros_imu.egg-info/SOURCES.txt'
[17.376s] running build
[17.376s] running build_py
[17.376s] copying ros_imu/ros_imu.py -> /home/cadt-02/Documents/can_test_usb/ros2_can/build/ros_imu/build/lib/ros_imu
[17.378s] copying ros_imu/__init__.py -> /home/cadt-02/Documents/can_test_usb/ros2_can/build/ros_imu/build/lib/ros_imu
[17.378s] running install
[17.378s] /home/cadt-02/.local/lib/python3.8/site-packages/setuptools/_distutils/cmd.py:66: SetuptoolsDeprecationWarning: setup.py install is deprecated.
[17.378s] !!
[17.379s] 
[17.379s]         ********************************************************************************
[17.379s]         Please avoid running ``setup.py`` directly.
[17.379s]         Instead, use pypa/build, pypa/installer or other
[17.379s]         standards-based tools.
[17.379s] 
[17.379s]         See https://blog.ganssle.io/articles/2021/10/setup-py-deprecated.html for details.
[17.380s]         ********************************************************************************
[17.380s] 
[17.380s] !!
[17.380s]   self.initialize_options()
[17.387s] running install_lib
[17.433s] creating /home/cadt-02/Documents/can_test_usb/ros2_can/install/ros_imu/lib/python3.8/site-packages/ros_imu
[17.433s] copying /home/cadt-02/Documents/can_test_usb/ros2_can/build/ros_imu/build/lib/ros_imu/ros_imu.py -> /home/cadt-02/Documents/can_test_usb/ros2_can/install/ros_imu/lib/python3.8/site-packages/ros_imu
[17.434s] copying /home/cadt-02/Documents/can_test_usb/ros2_can/build/ros_imu/build/lib/ros_imu/__init__.py -> /home/cadt-02/Documents/can_test_usb/ros2_can/install/ros_imu/lib/python3.8/site-packages/ros_imu
[17.435s] byte-compiling /home/cadt-02/Documents/can_test_usb/ros2_can/install/ros_imu/lib/python3.8/site-packages/ros_imu/ros_imu.py to ros_imu.cpython-38.pyc
[17.437s] byte-compiling /home/cadt-02/Documents/can_test_usb/ros2_can/install/ros_imu/lib/python3.8/site-packages/ros_imu/__init__.py to __init__.cpython-38.pyc
[17.438s] running install_data
[17.482s] copying resource/ros_imu -> /home/cadt-02/Documents/can_test_usb/ros2_can/install/ros_imu/share/ament_index/resource_index/packages
[17.483s] copying package.xml -> /home/cadt-02/Documents/can_test_usb/ros2_can/install/ros_imu/share/ros_imu
[17.483s] running install_egg_info
[17.531s] Copying ../../build/ros_imu/ros_imu.egg-info to /home/cadt-02/Documents/can_test_usb/ros2_can/install/ros_imu/lib/python3.8/site-packages/ros_imu-0.0.0-py3.8.egg-info
[17.532s] running install_scripts
[17.643s] Installing ros_imu script to /home/cadt-02/Documents/can_test_usb/ros2_can/install/ros_imu/lib/ros_imu
[17.644s] writing list of installed files to '/home/cadt-02/Documents/can_test_usb/ros2_can/build/ros_imu/install.log'
[18.689s] Invoked command in '/home/cadt-02/Documents/can_test_usb/ros2_can/src/ros_imu' returned '0': NX_CONNECTION=172.23.33.111 57595 172.23.34.34 4000 PYTHONPATH=/home/cadt-02/Documents/can_test_usb/ros2_can/build/ros_imu/prefix_override:/home/cadt-02/Documents/can_test_usb/ros2_can/install/ros_imu/lib/python3.8/site-packages:${PYTHONPATH} /usr/bin/python3 setup.py egg_info --egg-base ../../build/ros_imu build --build-base /home/cadt-02/Documents/can_test_usb/ros2_can/build/ros_imu/build install --record /home/cadt-02/Documents/can_test_usb/ros2_can/build/ros_imu/install.log --install-scripts $base/lib/ros_imu --single-version-externally-managed
