[12.952s] Invoking command in '/home/cadt-02/Documents/can_test_usb/ros2_can/build/my_robot': NX_CONNECTION=172.23.33.204 59150 172.23.34.34 4000 PYTHONPATH=/home/cadt-02/Documents/can_test_usb/ros2_can/build/my_robot/prefix_override:/home/cadt-02/Documents/can_test_usb/ros2_can/install/my_robot/lib/python3.8/site-packages:${PYTHONPATH} /usr/bin/python3 setup.py develop --editable --build-directory /home/cadt-02/Documents/can_test_usb/ros2_can/build/my_robot/build --no-deps install_data
[13.432s] /home/cadt-02/.local/lib/python3.8/site-packages/setuptools/dist.py:476: SetuptoolsDeprecationWarning: Invalid dash-separated options
[13.432s] !!
[13.433s] 
[13.433s]         ********************************************************************************
[13.433s]         Usage of dash-separated 'script-dir' will not be supported in future
[13.434s]         versions. Please use the underscore name 'script_dir' instead.
[13.434s] 
[13.434s]         By 2024-Sep-26, you need to update your project and remove deprecated calls
[13.434s]         or your builds will no longer be supported.
[13.435s] 
[13.435s]         See https://setuptools.pypa.io/en/latest/userguide/declarative_config.html for details.
[13.435s]         ********************************************************************************
[13.435s] 
[13.436s] !!
[13.436s]   opt = self.warn_dash_deprecation(opt, section)
[14.025s] running develop
[14.025s] /home/cadt-02/.local/lib/python3.8/site-packages/setuptools/command/develop.py:42: EasyInstallDeprecationWarning: easy_install command is deprecated.
[14.025s] !!
[14.026s] 
[14.026s]         ********************************************************************************
[14.026s]         Please avoid running ``setup.py`` and ``easy_install``.
[14.026s]         Instead, use pypa/build, pypa/installer or other
[14.026s]         standards-based tools.
[14.026s] 
[14.026s]         See https://github.com/pypa/setuptools/issues/917 for details.
[14.027s]         ********************************************************************************
[14.027s] 
[14.027s] !!
[14.027s]   easy_install.initialize_options(self)
[14.166s] /home/cadt-02/.local/lib/python3.8/site-packages/setuptools/_distutils/cmd.py:66: SetuptoolsDeprecationWarning: setup.py install is deprecated.
[14.166s] !!
[14.167s] 
[14.167s]         ********************************************************************************
[14.167s]         Please avoid running ``setup.py`` directly.
[14.167s]         Instead, use pypa/build, pypa/installer or other
[14.167s]         standards-based tools.
[14.167s] 
[14.168s]         See https://blog.ganssle.io/articles/2021/10/setup-py-deprecated.html for details.
[14.168s]         ********************************************************************************
[14.168s] 
[14.168s] !!
[14.168s]   self.initialize_options()
[14.647s] running egg_info
[14.647s] creating my_robot.egg-info
[14.692s] writing my_robot.egg-info/PKG-INFO
[14.695s] writing dependency_links to my_robot.egg-info/dependency_links.txt
[14.695s] writing entry points to my_robot.egg-info/entry_points.txt
[14.696s] writing requirements to my_robot.egg-info/requires.txt
[14.697s] writing top-level names to my_robot.egg-info/top_level.txt
[14.701s] writing manifest file 'my_robot.egg-info/SOURCES.txt'
[14.790s] reading manifest file 'my_robot.egg-info/SOURCES.txt'
[14.792s] writing manifest file 'my_robot.egg-info/SOURCES.txt'
[14.956s] running build_ext
[14.956s] Creating /home/cadt-02/Documents/can_test_usb/ros2_can/install/my_robot/lib/python3.8/site-packages/my-robot.egg-link (link to .)
[14.959s] Installing my_robot script to /home/cadt-02/Documents/can_test_usb/ros2_can/install/my_robot/lib/my_robot
[14.959s] 
[14.960s] Installed /home/cadt-02/Documents/can_test_usb/ros2_can/build/my_robot
[14.960s] running install_data
[14.960s] creating /home/cadt-02/Documents/can_test_usb/ros2_can/install/my_robot/share/ament_index
[14.960s] creating /home/cadt-02/Documents/can_test_usb/ros2_can/install/my_robot/share/ament_index/resource_index
[14.961s] creating /home/cadt-02/Documents/can_test_usb/ros2_can/install/my_robot/share/ament_index/resource_index/packages
[14.961s] copying resource/my_robot -> /home/cadt-02/Documents/can_test_usb/ros2_can/install/my_robot/share/ament_index/resource_index/packages
[14.961s] copying package.xml -> /home/cadt-02/Documents/can_test_usb/ros2_can/install/my_robot/share/my_robot
[15.101s] Invoked command in '/home/cadt-02/Documents/can_test_usb/ros2_can/build/my_robot' returned '0': NX_CONNECTION=172.23.33.204 59150 172.23.34.34 4000 PYTHONPATH=/home/cadt-02/Documents/can_test_usb/ros2_can/build/my_robot/prefix_override:/home/cadt-02/Documents/can_test_usb/ros2_can/install/my_robot/lib/python3.8/site-packages:${PYTHONPATH} /usr/bin/python3 setup.py develop --editable --build-directory /home/cadt-02/Documents/can_test_usb/ros2_can/build/my_robot/build --no-deps install_data
