[15.122s] Invoking command in '/home/cadt-02/Documents/can_test_usb/ros2_can/build/my_package': PYTHONPATH=/home/cadt-02/Documents/can_test_usb/ros2_can/build/my_package/prefix_override:/home/cadt-02/Documents/can_test_usb/ros2_can/install/my_package/lib/python3.8/site-packages:${PYTHONPATH} /usr/bin/python3 setup.py develop --editable --build-directory /home/cadt-02/Documents/can_test_usb/ros2_can/build/my_package/build --no-deps install_data
[15.496s] /home/cadt-02/.local/lib/python3.8/site-packages/setuptools/dist.py:476: SetuptoolsDeprecationWarning: Invalid dash-separated options
[15.496s] !!
[15.496s] 
[15.496s]         ********************************************************************************
[15.497s]         Usage of dash-separated 'build-base' will not be supported in future
[15.497s]         versions. Please use the underscore name 'build_base' instead.
[15.497s] 
[15.497s]         By 2024-Sep-26, you need to update your project and remove deprecated calls
[15.497s]         or your builds will no longer be supported.
[15.497s] 
[15.497s]         See https://setuptools.pypa.io/en/latest/userguide/declarative_config.html for details.
[15.498s]         ********************************************************************************
[15.498s] 
[15.498s] !!
[15.498s]   opt = self.warn_dash_deprecation(opt, section)
[16.042s] running develop
[16.042s] /home/cadt-02/.local/lib/python3.8/site-packages/setuptools/command/develop.py:42: EasyInstallDeprecationWarning: easy_install command is deprecated.
[16.042s] !!
[16.042s] 
[16.042s]         ********************************************************************************
[16.042s]         Please avoid running ``setup.py`` and ``easy_install``.
[16.043s]         Instead, use pypa/build, pypa/installer or other
[16.043s]         standards-based tools.
[16.043s] 
[16.043s]         See https://github.com/pypa/setuptools/issues/917 for details.
[16.043s]         ********************************************************************************
[16.043s] 
[16.043s] !!
[16.044s]   easy_install.initialize_options(self)
[16.133s] /home/cadt-02/.local/lib/python3.8/site-packages/setuptools/_distutils/cmd.py:66: SetuptoolsDeprecationWarning: setup.py install is deprecated.
[16.133s] !!
[16.133s] 
[16.133s]         ********************************************************************************
[16.133s]         Please avoid running ``setup.py`` directly.
[16.134s]         Instead, use pypa/build, pypa/installer or other
[16.134s]         standards-based tools.
[16.134s] 
[16.134s]         See https://blog.ganssle.io/articles/2021/10/setup-py-deprecated.html for details.
[16.134s]         ********************************************************************************
[16.134s] 
[16.134s] !!
[16.135s]   self.initialize_options()
[16.625s] running egg_info
[16.669s] writing my_package.egg-info/PKG-INFO
[16.671s] writing dependency_links to my_package.egg-info/dependency_links.txt
[16.672s] writing entry points to my_package.egg-info/entry_points.txt
[16.672s] writing requirements to my_package.egg-info/requires.txt
[16.672s] writing top-level names to my_package.egg-info/top_level.txt
[16.773s] reading manifest file 'my_package.egg-info/SOURCES.txt'
[16.774s] writing manifest file 'my_package.egg-info/SOURCES.txt'
[16.951s] running build_ext
[16.952s] Creating /home/cadt-02/Documents/can_test_usb/ros2_can/install/my_package/lib/python3.8/site-packages/my-package.egg-link (link to .)
[16.967s] Installing live_detection_node script to /home/cadt-02/Documents/can_test_usb/ros2_can/install/my_package/lib/my_package
[16.970s] Installing main script to /home/cadt-02/Documents/can_test_usb/ros2_can/install/my_package/lib/my_package
[16.973s] Installing my_node script to /home/cadt-02/Documents/can_test_usb/ros2_can/install/my_package/lib/my_package
[16.978s] Installing reinforcement_r2 script to /home/cadt-02/Documents/can_test_usb/ros2_can/install/my_package/lib/my_package
[16.981s] 
[16.983s] Installed /home/cadt-02/Documents/can_test_usb/ros2_can/build/my_package
[16.987s] running install_data
[16.989s] copying resource/my_package -> /home/cadt-02/Documents/can_test_usb/ros2_can/install/my_package/share/ament_index/resource_index/packages
[16.993s] copying package.xml -> /home/cadt-02/Documents/can_test_usb/ros2_can/install/my_package/share/my_package
[22.389s] Invoked command in '/home/cadt-02/Documents/can_test_usb/ros2_can/build/my_package' returned '0': PYTHONPATH=/home/cadt-02/Documents/can_test_usb/ros2_can/build/my_package/prefix_override:/home/cadt-02/Documents/can_test_usb/ros2_can/install/my_package/lib/python3.8/site-packages:${PYTHONPATH} /usr/bin/python3 setup.py develop --editable --build-directory /home/cadt-02/Documents/can_test_usb/ros2_can/build/my_package/build --no-deps install_data
