[14.225s] Invoking command in '/home/cadt-02/Documents/can_test_usb/ros2_can/build/my_package': PYTHONPATH=/home/cadt-02/Documents/can_test_usb/ros2_can/build/my_package/prefix_override:/home/cadt-02/Documents/can_test_usb/ros2_can/install/my_package/lib/python3.8/site-packages:${PYTHONPATH} /usr/bin/python3 setup.py develop --editable --build-directory /home/cadt-02/Documents/can_test_usb/ros2_can/build/my_package/build --no-deps install_data
[14.629s] /home/cadt-02/.local/lib/python3.8/site-packages/setuptools/dist.py:476: SetuptoolsDeprecationWarning: Invalid dash-separated options
[14.630s] !!
[14.630s] 
[14.630s]         ********************************************************************************
[14.630s]         Usage of dash-separated 'build-base' will not be supported in future
[14.631s]         versions. Please use the underscore name 'build_base' instead.
[14.631s] 
[14.631s]         By 2024-Sep-26, you need to update your project and remove deprecated calls
[14.631s]         or your builds will no longer be supported.
[14.631s] 
[14.631s]         See https://setuptools.pypa.io/en/latest/userguide/declarative_config.html for details.
[14.632s]         ********************************************************************************
[14.632s] 
[14.632s] !!
[14.632s]   opt = self.warn_dash_deprecation(opt, section)
[15.201s] running develop
[15.202s] /home/cadt-02/.local/lib/python3.8/site-packages/setuptools/command/develop.py:42: EasyInstallDeprecationWarning: easy_install command is deprecated.
[15.202s] !!
[15.202s] 
[15.202s]         ********************************************************************************
[15.203s]         Please avoid running ``setup.py`` and ``easy_install``.
[15.203s]         Instead, use pypa/build, pypa/installer or other
[15.203s]         standards-based tools.
[15.203s] 
[15.203s]         See https://github.com/pypa/setuptools/issues/917 for details.
[15.203s]         ********************************************************************************
[15.203s] 
[15.204s] !!
[15.204s]   easy_install.initialize_options(self)
[15.296s] /home/cadt-02/.local/lib/python3.8/site-packages/setuptools/_distutils/cmd.py:66: SetuptoolsDeprecationWarning: setup.py install is deprecated.
[15.296s] !!
[15.297s] 
[15.297s]         ********************************************************************************
[15.297s]         Please avoid running ``setup.py`` directly.
[15.297s]         Instead, use pypa/build, pypa/installer or other
[15.297s]         standards-based tools.
[15.297s] 
[15.298s]         See https://blog.ganssle.io/articles/2021/10/setup-py-deprecated.html for details.
[15.298s]         ********************************************************************************
[15.298s] 
[15.298s] !!
[15.298s]   self.initialize_options()
[15.817s] running egg_info
[15.868s] writing my_package.egg-info/PKG-INFO
[15.871s] writing dependency_links to my_package.egg-info/dependency_links.txt
[15.872s] writing entry points to my_package.egg-info/entry_points.txt
[15.872s] writing requirements to my_package.egg-info/requires.txt
[15.874s] writing top-level names to my_package.egg-info/top_level.txt
[15.975s] reading manifest file 'my_package.egg-info/SOURCES.txt'
[15.981s] writing manifest file 'my_package.egg-info/SOURCES.txt'
[16.215s] running build_ext
[16.215s] Creating /home/cadt-02/Documents/can_test_usb/ros2_can/install/my_package/lib/python3.8/site-packages/my-package.egg-link (link to .)
[16.215s] Installing live_detection_node script to /home/cadt-02/Documents/can_test_usb/ros2_can/install/my_package/lib/my_package
[16.216s] Installing main script to /home/cadt-02/Documents/can_test_usb/ros2_can/install/my_package/lib/my_package
[16.216s] Installing my_node script to /home/cadt-02/Documents/can_test_usb/ros2_can/install/my_package/lib/my_package
[16.216s] Installing reinforcement_r2 script to /home/cadt-02/Documents/can_test_usb/ros2_can/install/my_package/lib/my_package
[16.216s] 
[16.216s] Installed /home/cadt-02/Documents/can_test_usb/ros2_can/build/my_package
[16.216s] running install_data
[16.217s] copying resource/my_package -> /home/cadt-02/Documents/can_test_usb/ros2_can/install/my_package/share/ament_index/resource_index/packages
[16.217s] copying package.xml -> /home/cadt-02/Documents/can_test_usb/ros2_can/install/my_package/share/my_package
[22.912s] Invoked command in '/home/cadt-02/Documents/can_test_usb/ros2_can/build/my_package' returned '0': PYTHONPATH=/home/cadt-02/Documents/can_test_usb/ros2_can/build/my_package/prefix_override:/home/cadt-02/Documents/can_test_usb/ros2_can/install/my_package/lib/python3.8/site-packages:${PYTHONPATH} /usr/bin/python3 setup.py develop --editable --build-directory /home/cadt-02/Documents/can_test_usb/ros2_can/build/my_package/build --no-deps install_data
