[14.322s] Invoking command in '/home/cadt-02/Documents/can_test_usb/ros2_can/build/my_package': NX_CONNECTION=172.23.34.154 56590 172.23.34.34 4000 PYTHONPATH=/home/cadt-02/Documents/can_test_usb/ros2_can/build/my_package/prefix_override:/home/cadt-02/Documents/can_test_usb/ros2_can/install/my_package/lib/python3.8/site-packages:${PYTHONPATH} /usr/bin/python3 setup.py develop --editable --build-directory /home/cadt-02/Documents/can_test_usb/ros2_can/build/my_package/build --no-deps install_data
[14.747s] /home/cadt-02/.local/lib/python3.8/site-packages/setuptools/dist.py:476: SetuptoolsDeprecationWarning: Invalid dash-separated options
[14.747s] !!
[14.748s] 
[14.748s]         ********************************************************************************
[14.748s]         Usage of dash-separated 'build-base' will not be supported in future
[14.748s]         versions. Please use the underscore name 'build_base' instead.
[14.748s] 
[14.748s]         By 2024-Sep-26, you need to update your project and remove deprecated calls
[14.748s]         or your builds will no longer be supported.
[14.749s] 
[14.749s]         See https://setuptools.pypa.io/en/latest/userguide/declarative_config.html for details.
[14.749s]         ********************************************************************************
[14.749s] 
[14.749s] !!
[14.749s]   opt = self.warn_dash_deprecation(opt, section)
[15.320s] /home/cadt-02/.local/lib/python3.8/site-packages/setuptools/command/develop.py:42: EasyInstallDeprecationWarning: easy_install command is deprecated.
[15.320s] !!
[15.320s] 
[15.320s]         ********************************************************************************
[15.321s]         Please avoid running ``setup.py`` and ``easy_install``.
[15.321s]         Instead, use pypa/build, pypa/installer or other
[15.321s]         standards-based tools.
[15.321s] 
[15.321s]         See https://github.com/pypa/setuptools/issues/917 for details.
[15.321s]         ********************************************************************************
[15.321s] 
[15.322s] !!
[15.322s]   easy_install.initialize_options(self)
[15.326s] running develop
[15.417s] /home/cadt-02/.local/lib/python3.8/site-packages/setuptools/_distutils/cmd.py:66: SetuptoolsDeprecationWarning: setup.py install is deprecated.
[15.418s] !!
[15.418s] 
[15.418s]         ********************************************************************************
[15.418s]         Please avoid running ``setup.py`` directly.
[15.418s]         Instead, use pypa/build, pypa/installer or other
[15.418s]         standards-based tools.
[15.418s] 
[15.419s]         See https://blog.ganssle.io/articles/2021/10/setup-py-deprecated.html for details.
[15.419s]         ********************************************************************************
[15.419s] 
[15.419s] !!
[15.419s]   self.initialize_options()
[15.960s] running egg_info
[16.013s] writing my_package.egg-info/PKG-INFO
[16.013s] writing dependency_links to my_package.egg-info/dependency_links.txt
[16.014s] writing entry points to my_package.egg-info/entry_points.txt
[16.025s] writing requirements to my_package.egg-info/requires.txt
[16.025s] writing top-level names to my_package.egg-info/top_level.txt
[16.128s] reading manifest file 'my_package.egg-info/SOURCES.txt'
[16.130s] writing manifest file 'my_package.egg-info/SOURCES.txt'
[16.326s] running build_ext
[16.327s] Creating /home/cadt-02/Documents/can_test_usb/ros2_can/install/my_package/lib/python3.8/site-packages/my-package.egg-link (link to .)
[16.329s] Installing live_detection_node script to /home/cadt-02/Documents/can_test_usb/ros2_can/install/my_package/lib/my_package
[16.330s] Installing main script to /home/cadt-02/Documents/can_test_usb/ros2_can/install/my_package/lib/my_package
[16.330s] Installing my_node script to /home/cadt-02/Documents/can_test_usb/ros2_can/install/my_package/lib/my_package
[16.331s] Installing reinforcement_r2 script to /home/cadt-02/Documents/can_test_usb/ros2_can/install/my_package/lib/my_package
[16.331s] 
[16.332s] Installed /home/cadt-02/Documents/can_test_usb/ros2_can/build/my_package
[16.332s] running install_data
[16.332s] copying resource/my_package -> /home/cadt-02/Documents/can_test_usb/ros2_can/install/my_package/share/ament_index/resource_index/packages
[16.332s] copying package.xml -> /home/cadt-02/Documents/can_test_usb/ros2_can/install/my_package/share/my_package
[23.094s] Invoked command in '/home/cadt-02/Documents/can_test_usb/ros2_can/build/my_package' returned '0': NX_CONNECTION=172.23.34.154 56590 172.23.34.34 4000 PYTHONPATH=/home/cadt-02/Documents/can_test_usb/ros2_can/build/my_package/prefix_override:/home/cadt-02/Documents/can_test_usb/ros2_can/install/my_package/lib/python3.8/site-packages:${PYTHONPATH} /usr/bin/python3 setup.py develop --editable --build-directory /home/cadt-02/Documents/can_test_usb/ros2_can/build/my_package/build --no-deps install_data
