[17.980s] Invoking command in '/home/cadt-02/Documents/can_test_usb/ros2_can/build/keyboard_listener': PYTHONPATH=/home/cadt-02/Documents/can_test_usb/ros2_can/build/keyboard_listener/prefix_override:/home/cadt-02/Documents/can_test_usb/ros2_can/install/keyboard_listener/lib/python3.8/site-packages:${PYTHONPATH} /usr/bin/python3 setup.py develop --editable --build-directory /home/cadt-02/Documents/can_test_usb/ros2_can/build/keyboard_listener/build --no-deps install_data
[18.831s] /home/cadt-02/.local/lib/python3.8/site-packages/setuptools/command/develop.py:42: EasyInstallDeprecationWarning: easy_install command is deprecated.
[18.831s] !!
[18.831s] 
[18.831s] running develop
[18.831s]         ********************************************************************************
[18.832s]         Please avoid running ``setup.py`` and ``easy_install``.
[18.832s]         Instead, use pypa/build, pypa/installer or other
[18.832s]         standards-based tools.
[18.832s] 
[18.832s]         See https://github.com/pypa/setuptools/issues/917 for details.
[18.832s]         ********************************************************************************
[18.832s] 
[18.832s] !!
[18.833s]   easy_install.initialize_options(self)
[18.921s] /home/cadt-02/.local/lib/python3.8/site-packages/setuptools/_distutils/cmd.py:66: SetuptoolsDeprecationWarning: setup.py install is deprecated.
[18.921s] !!
[18.921s] 
[18.921s]         ********************************************************************************
[18.921s]         Please avoid running ``setup.py`` directly.
[18.921s]         Instead, use pypa/build, pypa/installer or other
[18.922s]         standards-based tools.
[18.922s] 
[18.922s]         See https://blog.ganssle.io/articles/2021/10/setup-py-deprecated.html for details.
[18.922s]         ********************************************************************************
[18.922s] 
[18.922s] !!
[18.922s]   self.initialize_options()
[19.392s] running egg_info
[19.437s] writing keyboard_listener.egg-info/PKG-INFO
[19.439s] writing dependency_links to keyboard_listener.egg-info/dependency_links.txt
[19.440s] writing entry points to keyboard_listener.egg-info/entry_points.txt
[19.442s] writing requirements to keyboard_listener.egg-info/requires.txt
[19.443s] writing top-level names to keyboard_listener.egg-info/top_level.txt
[19.541s] reading manifest file 'keyboard_listener.egg-info/SOURCES.txt'
[19.543s] writing manifest file 'keyboard_listener.egg-info/SOURCES.txt'
[19.710s] running build_ext
[19.711s] Creating /home/cadt-02/Documents/can_test_usb/ros2_can/install/keyboard_listener/lib/python3.8/site-packages/keyboard-listener.egg-link (link to .)
[19.714s] Installing keyboard_listener script to /home/cadt-02/Documents/can_test_usb/ros2_can/install/keyboard_listener/lib/keyboard_listener
[19.715s] 
[19.716s] Installed /home/cadt-02/Documents/can_test_usb/ros2_can/build/keyboard_listener
[19.717s] running install_data
[19.718s] copying resource/keyboard_listener -> /home/cadt-02/Documents/can_test_usb/ros2_can/install/keyboard_listener/share/ament_index/resource_index/packages
[19.719s] copying package.xml -> /home/cadt-02/Documents/can_test_usb/ros2_can/install/keyboard_listener/share/keyboard_listener
[21.598s] Invoked command in '/home/cadt-02/Documents/can_test_usb/ros2_can/build/keyboard_listener' returned '0': PYTHONPATH=/home/cadt-02/Documents/can_test_usb/ros2_can/build/keyboard_listener/prefix_override:/home/cadt-02/Documents/can_test_usb/ros2_can/install/keyboard_listener/lib/python3.8/site-packages:${PYTHONPATH} /usr/bin/python3 setup.py develop --editable --build-directory /home/cadt-02/Documents/can_test_usb/ros2_can/build/keyboard_listener/build --no-deps install_data
