[1.778s] Invoking command in '/home/romcadt/ros2_ws/src/my_robot_control': PYTHONPATH=/home/romcadt/ros2_ws/src/my_robot_control/build/my_robot_control/prefix_override:/home/romcadt/ros2_ws/src/my_robot_control/install/my_robot_control/lib/python3.8/site-packages:${PYTHONPATH} /usr/bin/python3 -W ignore:setup.py install is deprecated setup.py egg_info --egg-base build/my_robot_control build --build-base /home/romcadt/ros2_ws/src/my_robot_control/build/my_robot_control/build install --record /home/romcadt/ros2_ws/src/my_robot_control/build/my_robot_control/install.log --install-scripts $base/lib/my_robot_control --single-version-externally-managed install_data
[2.331s] running egg_info
[2.334s] writing build/my_robot_control/my_robot_control.egg-info/PKG-INFO
[2.336s] writing dependency_links to build/my_robot_control/my_robot_control.egg-info/dependency_links.txt
[2.339s] writing entry points to build/my_robot_control/my_robot_control.egg-info/entry_points.txt
[2.339s] writing requirements to build/my_robot_control/my_robot_control.egg-info/requires.txt
[2.341s] writing top-level names to build/my_robot_control/my_robot_control.egg-info/top_level.txt
[2.418s] reading manifest file 'build/my_robot_control/my_robot_control.egg-info/SOURCES.txt'
[2.421s] writing manifest file 'build/my_robot_control/my_robot_control.egg-info/SOURCES.txt'
[2.422s] running build
[2.422s] running build_py
[2.423s] copying my_robot_control/movement_control.py -> /home/romcadt/ros2_ws/src/my_robot_control/build/my_robot_control/build/lib/my_robot_control
[2.425s] running install
[2.427s] running install_lib
[2.431s] copying /home/romcadt/ros2_ws/src/my_robot_control/build/my_robot_control/build/lib/my_robot_control/movement_control.py -> /home/romcadt/ros2_ws/src/my_robot_control/install/my_robot_control/lib/python3.8/site-packages/my_robot_control
[2.435s] byte-compiling /home/romcadt/ros2_ws/src/my_robot_control/install/my_robot_control/lib/python3.8/site-packages/my_robot_control/movement_control.py to movement_control.cpython-38.pyc
[2.444s] running install_data
[2.445s] running install_egg_info
[2.449s] removing '/home/romcadt/ros2_ws/src/my_robot_control/install/my_robot_control/lib/python3.8/site-packages/my_robot_control-0.0.0-py3.8.egg-info' (and everything under it)
[2.459s] Copying build/my_robot_control/my_robot_control.egg-info to /home/romcadt/ros2_ws/src/my_robot_control/install/my_robot_control/lib/python3.8/site-packages/my_robot_control-0.0.0-py3.8.egg-info
[2.472s] running install_scripts
[2.518s] Installing movement_control script to /home/romcadt/ros2_ws/src/my_robot_control/install/my_robot_control/lib/my_robot_control
[2.524s] writing list of installed files to '/home/romcadt/ros2_ws/src/my_robot_control/build/my_robot_control/install.log'
[2.589s] Invoked command in '/home/romcadt/ros2_ws/src/my_robot_control' returned '0': PYTHONPATH=/home/romcadt/ros2_ws/src/my_robot_control/build/my_robot_control/prefix_override:/home/romcadt/ros2_ws/src/my_robot_control/install/my_robot_control/lib/python3.8/site-packages:${PYTHONPATH} /usr/bin/python3 -W ignore:setup.py install is deprecated setup.py egg_info --egg-base build/my_robot_control build --build-base /home/romcadt/ros2_ws/src/my_robot_control/build/my_robot_control/build install --record /home/romcadt/ros2_ws/src/my_robot_control/build/my_robot_control/install.log --install-scripts $base/lib/my_robot_control --single-version-externally-managed install_data
