[14.366s] Invoking command in '/home/cadt-02/Documents/can_test_usb/ros2_can/build/my_package': PYTHONPATH=/home/cadt-02/Documents/can_test_usb/ros2_can/build/my_package/prefix_override:/home/cadt-02/Documents/can_test_usb/ros2_can/install/my_package/lib/python3.8/site-packages:${PYTHONPATH} /usr/bin/python3 setup.py develop --editable --build-directory /home/cadt-02/Documents/can_test_usb/ros2_can/build/my_package/build --no-deps install_data
[14.792s] /home/cadt-02/.local/lib/python3.8/site-packages/setuptools/dist.py:476: SetuptoolsDeprecationWarning: Invalid dash-separated options
[14.793s] !!
[14.793s] 
[14.793s]         ********************************************************************************
[14.793s]         Usage of dash-separated 'build-base' will not be supported in future
[14.793s]         versions. Please use the underscore name 'build_base' instead.
[14.793s] 
[14.794s]         By 2024-Sep-26, you need to update your project and remove deprecated calls
[14.794s]         or your builds will no longer be supported.
[14.794s] 
[14.794s]         See https://setuptools.pypa.io/en/latest/userguide/declarative_config.html for details.
[14.794s]         ********************************************************************************
[14.794s] 
[14.794s] !!
[14.795s]   opt = self.warn_dash_deprecation(opt, section)
[15.343s] running develop
[15.355s] /home/cadt-02/.local/lib/python3.8/site-packages/setuptools/command/develop.py:42: EasyInstallDeprecationWarning: easy_install command is deprecated.
[15.356s] !!
[15.356s] 
[15.356s]         ********************************************************************************
[15.356s]         Please avoid running ``setup.py`` and ``easy_install``.
[15.356s]         Instead, use pypa/build, pypa/installer or other
[15.357s]         standards-based tools.
[15.357s] 
[15.357s]         See https://github.com/pypa/setuptools/issues/917 for details.
[15.357s]         ********************************************************************************
[15.357s] 
[15.357s] !!
[15.357s]   easy_install.initialize_options(self)
[15.448s] /home/cadt-02/.local/lib/python3.8/site-packages/setuptools/_distutils/cmd.py:66: SetuptoolsDeprecationWarning: setup.py install is deprecated.
[15.448s] !!
[15.448s] 
[15.448s]         ********************************************************************************
[15.448s]         Please avoid running ``setup.py`` directly.
[15.448s]         Instead, use pypa/build, pypa/installer or other
[15.449s]         standards-based tools.
[15.449s] 
[15.449s]         See https://blog.ganssle.io/articles/2021/10/setup-py-deprecated.html for details.
[15.449s]         ********************************************************************************
[15.449s] 
[15.449s] !!
[15.449s]   self.initialize_options()
[15.984s] running egg_info
[16.038s] writing my_package.egg-info/PKG-INFO
[16.041s] writing dependency_links to my_package.egg-info/dependency_links.txt
[16.044s] writing entry points to my_package.egg-info/entry_points.txt
[16.045s] writing requirements to my_package.egg-info/requires.txt
[16.047s] writing top-level names to my_package.egg-info/top_level.txt
[16.154s] reading manifest file 'my_package.egg-info/SOURCES.txt'
[16.156s] writing manifest file 'my_package.egg-info/SOURCES.txt'
[16.326s] running build_ext
[16.326s] Creating /home/cadt-02/Documents/can_test_usb/ros2_can/install/my_package/lib/python3.8/site-packages/my-package.egg-link (link to .)
[16.330s] Installing live_detection_node script to /home/cadt-02/Documents/can_test_usb/ros2_can/install/my_package/lib/my_package
[16.332s] Installing main script to /home/cadt-02/Documents/can_test_usb/ros2_can/install/my_package/lib/my_package
[16.332s] Installing my_node script to /home/cadt-02/Documents/can_test_usb/ros2_can/install/my_package/lib/my_package
[16.336s] Installing reinforcement_r2 script to /home/cadt-02/Documents/can_test_usb/ros2_can/install/my_package/lib/my_package
[16.336s] 
[16.336s] Installed /home/cadt-02/Documents/can_test_usb/ros2_can/build/my_package
[16.340s] running install_data
[16.340s] copying resource/my_package -> /home/cadt-02/Documents/can_test_usb/ros2_can/install/my_package/share/ament_index/resource_index/packages
[16.340s] copying package.xml -> /home/cadt-02/Documents/can_test_usb/ros2_can/install/my_package/share/my_package
[19.407s] Invoked command in '/home/cadt-02/Documents/can_test_usb/ros2_can/build/my_package' returned '0': PYTHONPATH=/home/cadt-02/Documents/can_test_usb/ros2_can/build/my_package/prefix_override:/home/cadt-02/Documents/can_test_usb/ros2_can/install/my_package/lib/python3.8/site-packages:${PYTHONPATH} /usr/bin/python3 setup.py develop --editable --build-directory /home/cadt-02/Documents/can_test_usb/ros2_can/build/my_package/build --no-deps install_data
