[13.746s] Invoking command in '/home/cadt-02/Documents/can_test_usb/ros2_can/build/my_package': PYTHONPATH=/home/cadt-02/Documents/can_test_usb/ros2_can/build/my_package/prefix_override:/home/cadt-02/Documents/can_test_usb/ros2_can/install/my_package/lib/python3.8/site-packages:${PYTHONPATH} /usr/bin/python3 setup.py develop --editable --build-directory /home/cadt-02/Documents/can_test_usb/ros2_can/build/my_package/build --no-deps install_data
[14.131s] /home/cadt-02/.local/lib/python3.8/site-packages/setuptools/dist.py:476: SetuptoolsDeprecationWarning: Invalid dash-separated options
[14.131s] !!
[14.131s] 
[14.132s]         ********************************************************************************
[14.132s]         Usage of dash-separated 'build-base' will not be supported in future
[14.132s]         versions. Please use the underscore name 'build_base' instead.
[14.132s] 
[14.132s]         By 2024-Sep-26, you need to update your project and remove deprecated calls
[14.132s]         or your builds will no longer be supported.
[14.132s] 
[14.132s]         See https://setuptools.pypa.io/en/latest/userguide/declarative_config.html for details.
[14.133s]         ********************************************************************************
[14.133s] 
[14.133s] !!
[14.133s]   opt = self.warn_dash_deprecation(opt, section)
[14.666s] running develop
[14.666s] /home/cadt-02/.local/lib/python3.8/site-packages/setuptools/command/develop.py:42: EasyInstallDeprecationWarning: easy_install command is deprecated.
[14.666s] !!
[14.667s] 
[14.667s]         ********************************************************************************
[14.667s]         Please avoid running ``setup.py`` and ``easy_install``.
[14.667s]         Instead, use pypa/build, pypa/installer or other
[14.667s]         standards-based tools.
[14.667s] 
[14.667s]         See https://github.com/pypa/setuptools/issues/917 for details.
[14.668s]         ********************************************************************************
[14.668s] 
[14.668s] !!
[14.668s]   easy_install.initialize_options(self)
[14.760s] /home/cadt-02/.local/lib/python3.8/site-packages/setuptools/_distutils/cmd.py:66: SetuptoolsDeprecationWarning: setup.py install is deprecated.
[14.761s] !!
[14.761s] 
[14.761s]         ********************************************************************************
[14.761s]         Please avoid running ``setup.py`` directly.
[14.761s]         Instead, use pypa/build, pypa/installer or other
[14.761s]         standards-based tools.
[14.762s] 
[14.762s]         See https://blog.ganssle.io/articles/2021/10/setup-py-deprecated.html for details.
[14.762s]         ********************************************************************************
[14.762s] 
[14.762s] !!
[14.762s]   self.initialize_options()
[15.243s] running egg_info
[15.288s] writing my_package.egg-info/PKG-INFO
[15.289s] writing dependency_links to my_package.egg-info/dependency_links.txt
[15.291s] writing entry points to my_package.egg-info/entry_points.txt
[15.291s] writing requirements to my_package.egg-info/requires.txt
[15.291s] writing top-level names to my_package.egg-info/top_level.txt
[15.395s] reading manifest file 'my_package.egg-info/SOURCES.txt'
[15.399s] writing manifest file 'my_package.egg-info/SOURCES.txt'
[15.585s] running build_ext
[15.586s] Creating /home/cadt-02/Documents/can_test_usb/ros2_can/install/my_package/lib/python3.8/site-packages/my-package.egg-link (link to .)
[15.589s] Installing live_detection_node script to /home/cadt-02/Documents/can_test_usb/ros2_can/install/my_package/lib/my_package
[15.589s] Installing main script to /home/cadt-02/Documents/can_test_usb/ros2_can/install/my_package/lib/my_package
[15.590s] Installing my_node script to /home/cadt-02/Documents/can_test_usb/ros2_can/install/my_package/lib/my_package
[15.591s] Installing reinforcement_r2 script to /home/cadt-02/Documents/can_test_usb/ros2_can/install/my_package/lib/my_package
[15.592s] 
[15.592s] Installed /home/cadt-02/Documents/can_test_usb/ros2_can/build/my_package
[15.592s] running install_data
[15.595s] copying resource/my_package -> /home/cadt-02/Documents/can_test_usb/ros2_can/install/my_package/share/ament_index/resource_index/packages
[15.595s] copying package.xml -> /home/cadt-02/Documents/can_test_usb/ros2_can/install/my_package/share/my_package
[22.035s] Invoked command in '/home/cadt-02/Documents/can_test_usb/ros2_can/build/my_package' returned '0': PYTHONPATH=/home/cadt-02/Documents/can_test_usb/ros2_can/build/my_package/prefix_override:/home/cadt-02/Documents/can_test_usb/ros2_can/install/my_package/lib/python3.8/site-packages:${PYTHONPATH} /usr/bin/python3 setup.py develop --editable --build-directory /home/cadt-02/Documents/can_test_usb/ros2_can/build/my_package/build --no-deps install_data
