[17.086s] Invoking command in '/home/cadt-02/Documents/can_test_usb/ros2_can/build/keyboard_listener': PYTHONPATH=/home/cadt-02/Documents/can_test_usb/ros2_can/build/keyboard_listener/prefix_override:/home/cadt-02/Documents/can_test_usb/ros2_can/install/keyboard_listener/lib/python3.8/site-packages:${PYTHONPATH} /usr/bin/python3 setup.py develop --editable --build-directory /home/cadt-02/Documents/can_test_usb/ros2_can/build/keyboard_listener/build --no-deps install_data
[18.121s] running develop
[18.123s] /home/cadt-02/.local/lib/python3.8/site-packages/setuptools/command/develop.py:42: EasyInstallDeprecationWarning: easy_install command is deprecated.
[18.123s] !!
[18.123s] 
[18.123s]         ********************************************************************************
[18.123s]         Please avoid running ``setup.py`` and ``easy_install``.
[18.124s]         Instead, use pypa/build, pypa/installer or other
[18.124s]         standards-based tools.
[18.124s] 
[18.124s]         See https://github.com/pypa/setuptools/issues/917 for details.
[18.124s]         ********************************************************************************
[18.124s] 
[18.125s] !!
[18.125s]   easy_install.initialize_options(self)
[18.248s] /home/cadt-02/.local/lib/python3.8/site-packages/setuptools/_distutils/cmd.py:66: SetuptoolsDeprecationWarning: setup.py install is deprecated.
[18.248s] !!
[18.248s] 
[18.248s]         ********************************************************************************
[18.249s]         Please avoid running ``setup.py`` directly.
[18.249s]         Instead, use pypa/build, pypa/installer or other
[18.249s]         standards-based tools.
[18.249s] 
[18.249s]         See https://blog.ganssle.io/articles/2021/10/setup-py-deprecated.html for details.
[18.249s]         ********************************************************************************
[18.249s] 
[18.250s] !!
[18.250s]   self.initialize_options()
[18.778s] running egg_info
[18.825s] writing keyboard_listener.egg-info/PKG-INFO
[18.827s] writing dependency_links to keyboard_listener.egg-info/dependency_links.txt
[18.829s] writing entry points to keyboard_listener.egg-info/entry_points.txt
[18.830s] writing requirements to keyboard_listener.egg-info/requires.txt
[18.831s] writing top-level names to keyboard_listener.egg-info/top_level.txt
[18.930s] reading manifest file 'keyboard_listener.egg-info/SOURCES.txt'
[18.934s] writing manifest file 'keyboard_listener.egg-info/SOURCES.txt'
[19.109s] running build_ext
[19.110s] Creating /home/cadt-02/Documents/can_test_usb/ros2_can/install/keyboard_listener/lib/python3.8/site-packages/keyboard-listener.egg-link (link to .)
[19.115s] Installing keyboard_listener script to /home/cadt-02/Documents/can_test_usb/ros2_can/install/keyboard_listener/lib/keyboard_listener
[19.116s] 
[19.116s] Installed /home/cadt-02/Documents/can_test_usb/ros2_can/build/keyboard_listener
[19.118s] running install_data
[19.118s] copying resource/keyboard_listener -> /home/cadt-02/Documents/can_test_usb/ros2_can/install/keyboard_listener/share/ament_index/resource_index/packages
[19.119s] copying package.xml -> /home/cadt-02/Documents/can_test_usb/ros2_can/install/keyboard_listener/share/keyboard_listener
[23.453s] Invoked command in '/home/cadt-02/Documents/can_test_usb/ros2_can/build/keyboard_listener' returned '0': PYTHONPATH=/home/cadt-02/Documents/can_test_usb/ros2_can/build/keyboard_listener/prefix_override:/home/cadt-02/Documents/can_test_usb/ros2_can/install/keyboard_listener/lib/python3.8/site-packages:${PYTHONPATH} /usr/bin/python3 setup.py develop --editable --build-directory /home/cadt-02/Documents/can_test_usb/ros2_can/build/keyboard_listener/build --no-deps install_data
