[12.199s] Invoking command in '/home/cadt-02/Documents/can_test_usb/ros2_can/build/ros_imu': PYTHONPATH=/home/cadt-02/Documents/can_test_usb/ros2_can/build/ros_imu/prefix_override:/home/cadt-02/Documents/can_test_usb/ros2_can/install/ros_imu/lib/python3.8/site-packages:${PYTHONPATH} /usr/bin/python3 setup.py develop --editable --build-directory /home/cadt-02/Documents/can_test_usb/ros2_can/build/ros_imu/build --no-deps install_data
[12.572s] /home/cadt-02/.local/lib/python3.8/site-packages/setuptools/dist.py:476: SetuptoolsDeprecationWarning: Invalid dash-separated options
[12.572s] !!
[12.572s] 
[12.572s]         ********************************************************************************
[12.572s]         Usage of dash-separated 'script-dir' will not be supported in future
[12.573s]         versions. Please use the underscore name 'script_dir' instead.
[12.573s] 
[12.573s]         By 2024-Sep-26, you need to update your project and remove deprecated calls
[12.576s]         or your builds will no longer be supported.
[12.576s] 
[12.577s]         See https://setuptools.pypa.io/en/latest/userguide/declarative_config.html for details.
[12.577s]         ********************************************************************************
[12.577s] 
[12.577s] !!
[12.577s]   opt = self.warn_dash_deprecation(opt, section)
[13.086s] running develop
[13.087s] /home/cadt-02/.local/lib/python3.8/site-packages/setuptools/command/develop.py:42: EasyInstallDeprecationWarning: easy_install command is deprecated.
[13.087s] !!
[13.087s] 
[13.087s]         ********************************************************************************
[13.087s]         Please avoid running ``setup.py`` and ``easy_install``.
[13.087s]         Instead, use pypa/build, pypa/installer or other
[13.087s]         standards-based tools.
[13.088s] 
[13.088s]         See https://github.com/pypa/setuptools/issues/917 for details.
[13.088s]         ********************************************************************************
[13.088s] 
[13.088s] !!
[13.088s]   easy_install.initialize_options(self)
[13.175s] /home/cadt-02/.local/lib/python3.8/site-packages/setuptools/_distutils/cmd.py:66: SetuptoolsDeprecationWarning: setup.py install is deprecated.
[13.175s] !!
[13.175s] 
[13.176s]         ********************************************************************************
[13.176s]         Please avoid running ``setup.py`` directly.
[13.176s]         Instead, use pypa/build, pypa/installer or other
[13.176s]         standards-based tools.
[13.176s] 
[13.176s]         See https://blog.ganssle.io/articles/2021/10/setup-py-deprecated.html for details.
[13.176s]         ********************************************************************************
[13.176s] 
[13.177s] !!
[13.177s]   self.initialize_options()
[13.656s] running egg_info
[13.698s] writing ros_imu.egg-info/PKG-INFO
[13.700s] writing dependency_links to ros_imu.egg-info/dependency_links.txt
[13.701s] writing entry points to ros_imu.egg-info/entry_points.txt
[13.702s] writing requirements to ros_imu.egg-info/requires.txt
[13.703s] writing top-level names to ros_imu.egg-info/top_level.txt
[13.796s] reading manifest file 'ros_imu.egg-info/SOURCES.txt'
[13.798s] writing manifest file 'ros_imu.egg-info/SOURCES.txt'
[13.967s] running build_ext
[13.967s] Creating /home/cadt-02/Documents/can_test_usb/ros2_can/install/ros_imu/lib/python3.8/site-packages/ros-imu.egg-link (link to .)
[13.969s] Installing ros_imu script to /home/cadt-02/Documents/can_test_usb/ros2_can/install/ros_imu/lib/ros_imu
[13.970s] 
[13.970s] Installed /home/cadt-02/Documents/can_test_usb/ros2_can/build/ros_imu
[13.971s] running install_data
[13.971s] copying resource/ros_imu -> /home/cadt-02/Documents/can_test_usb/ros2_can/install/ros_imu/share/ament_index/resource_index/packages
[13.971s] copying package.xml -> /home/cadt-02/Documents/can_test_usb/ros2_can/install/ros_imu/share/ros_imu
[18.267s] Invoked command in '/home/cadt-02/Documents/can_test_usb/ros2_can/build/ros_imu' returned '0': PYTHONPATH=/home/cadt-02/Documents/can_test_usb/ros2_can/build/ros_imu/prefix_override:/home/cadt-02/Documents/can_test_usb/ros2_can/install/ros_imu/lib/python3.8/site-packages:${PYTHONPATH} /usr/bin/python3 setup.py develop --editable --build-directory /home/cadt-02/Documents/can_test_usb/ros2_can/build/ros_imu/build --no-deps install_data
