[17.088s] Invoking command in '/home/cadt-02/Documents/can_test_usb/ros2_can/build/keyboard_listener': PYTHONPATH=/home/cadt-02/Documents/can_test_usb/ros2_can/build/keyboard_listener/prefix_override:/home/cadt-02/Documents/can_test_usb/ros2_can/install/keyboard_listener/lib/python3.8/site-packages:${PYTHONPATH} /usr/bin/python3 setup.py develop --editable --build-directory /home/cadt-02/Documents/can_test_usb/ros2_can/build/keyboard_listener/build --no-deps install_data
[18.081s] /home/cadt-02/.local/lib/python3.8/site-packages/setuptools/command/develop.py:42: EasyInstallDeprecationWarning: easy_install command is deprecated.
[18.081s] !!
[18.081s] 
[18.081s]         ********************************************************************************
[18.081s]         Please avoid running ``setup.py`` and ``easy_install``.
[18.081s]         Instead, use pypa/build, pypa/installer or other
[18.082s]         standards-based tools.
[18.082s] 
[18.082s]         See https://github.com/pypa/setuptools/issues/917 for details.
[18.082s]         ********************************************************************************
[18.082s] 
[18.082s] !!
[18.082s]   easy_install.initialize_options(self)
[18.083s] running develop
[18.169s] /home/cadt-02/.local/lib/python3.8/site-packages/setuptools/_distutils/cmd.py:66: SetuptoolsDeprecationWarning: setup.py install is deprecated.
[18.169s] !!
[18.169s] 
[18.169s]         ********************************************************************************
[18.170s]         Please avoid running ``setup.py`` directly.
[18.170s]         Instead, use pypa/build, pypa/installer or other
[18.170s]         standards-based tools.
[18.170s] 
[18.170s]         See https://blog.ganssle.io/articles/2021/10/setup-py-deprecated.html for details.
[18.170s]         ********************************************************************************
[18.170s] 
[18.171s] !!
[18.171s]   self.initialize_options()
[18.688s] running egg_info
[18.737s] writing keyboard_listener.egg-info/PKG-INFO
[18.741s] writing dependency_links to keyboard_listener.egg-info/dependency_links.txt
[18.743s] writing entry points to keyboard_listener.egg-info/entry_points.txt
[18.746s] writing requirements to keyboard_listener.egg-info/requires.txt
[18.747s] writing top-level names to keyboard_listener.egg-info/top_level.txt
[18.850s] reading manifest file 'keyboard_listener.egg-info/SOURCES.txt'
[18.852s] writing manifest file 'keyboard_listener.egg-info/SOURCES.txt'
[19.035s] running build_ext
[19.035s] Creating /home/cadt-02/Documents/can_test_usb/ros2_can/install/keyboard_listener/lib/python3.8/site-packages/keyboard-listener.egg-link (link to .)
[19.040s] Installing keyboard_listener script to /home/cadt-02/Documents/can_test_usb/ros2_can/install/keyboard_listener/lib/keyboard_listener
[19.044s] 
[19.045s] Installed /home/cadt-02/Documents/can_test_usb/ros2_can/build/keyboard_listener
[19.059s] running install_data
[19.060s] copying resource/keyboard_listener -> /home/cadt-02/Documents/can_test_usb/ros2_can/install/keyboard_listener/share/ament_index/resource_index/packages
[19.061s] copying package.xml -> /home/cadt-02/Documents/can_test_usb/ros2_can/install/keyboard_listener/share/keyboard_listener
[22.086s] Invoked command in '/home/cadt-02/Documents/can_test_usb/ros2_can/build/keyboard_listener' returned '0': PYTHONPATH=/home/cadt-02/Documents/can_test_usb/ros2_can/build/keyboard_listener/prefix_override:/home/cadt-02/Documents/can_test_usb/ros2_can/install/keyboard_listener/lib/python3.8/site-packages:${PYTHONPATH} /usr/bin/python3 setup.py develop --editable --build-directory /home/cadt-02/Documents/can_test_usb/ros2_can/build/keyboard_listener/build --no-deps install_data
