[6.557s] Invoking command in '/home/cadt-02/Documents/can_test_usb/ros2_can/build/odometry_cont': PYTHONPATH=/home/cadt-02/Documents/can_test_usb/ros2_can/build/odometry_cont/prefix_override:/home/cadt-02/Documents/can_test_usb/ros2_can/install/odometry_cont/lib/python3.8/site-packages:${PYTHONPATH} /usr/bin/python3 setup.py develop --editable --build-directory /home/cadt-02/Documents/can_test_usb/ros2_can/build/odometry_cont/build --no-deps install_data
[6.905s] /home/cadt-02/.local/lib/python3.8/site-packages/setuptools/dist.py:476: SetuptoolsDeprecationWarning: Invalid dash-separated options
[6.906s] !!
[6.906s] 
[6.906s]         ********************************************************************************
[6.906s]         Usage of dash-separated 'script-dir' will not be supported in future
[6.906s]         versions. Please use the underscore name 'script_dir' instead.
[6.906s] 
[6.906s]         By 2024-Sep-26, you need to update your project and remove deprecated calls
[6.907s]         or your builds will no longer be supported.
[6.907s] 
[6.907s]         See https://setuptools.pypa.io/en/latest/userguide/declarative_config.html for details.
[6.907s]         ********************************************************************************
[6.907s] 
[6.907s] !!
[6.907s]   opt = self.warn_dash_deprecation(opt, section)
[7.426s] running develop
[7.426s] /home/cadt-02/.local/lib/python3.8/site-packages/setuptools/command/develop.py:42: EasyInstallDeprecationWarning: easy_install command is deprecated.
[7.426s] !!
[7.427s] 
[7.427s]         ********************************************************************************
[7.427s]         Please avoid running ``setup.py`` and ``easy_install``.
[7.427s]         Instead, use pypa/build, pypa/installer or other
[7.427s]         standards-based tools.
[7.427s] 
[7.427s]         See https://github.com/pypa/setuptools/issues/917 for details.
[7.427s]         ********************************************************************************
[7.428s] 
[7.428s] !!
[7.428s]   easy_install.initialize_options(self)
[7.517s] /home/cadt-02/.local/lib/python3.8/site-packages/setuptools/_distutils/cmd.py:66: SetuptoolsDeprecationWarning: setup.py install is deprecated.
[7.517s] !!
[7.518s] 
[7.518s]         ********************************************************************************
[7.518s]         Please avoid running ``setup.py`` directly.
[7.518s]         Instead, use pypa/build, pypa/installer or other
[7.518s]         standards-based tools.
[7.518s] 
[7.518s]         See https://blog.ganssle.io/articles/2021/10/setup-py-deprecated.html for details.
[7.518s]         ********************************************************************************
[7.519s] 
[7.519s] !!
[7.519s]   self.initialize_options()
[8.011s] running egg_info
[8.056s] writing odometry_cont.egg-info/PKG-INFO
[8.057s] writing dependency_links to odometry_cont.egg-info/dependency_links.txt
[8.059s] writing entry points to odometry_cont.egg-info/entry_points.txt
[8.059s] writing requirements to odometry_cont.egg-info/requires.txt
[8.059s] writing top-level names to odometry_cont.egg-info/top_level.txt
[8.154s] reading manifest file 'odometry_cont.egg-info/SOURCES.txt'
[8.156s] writing manifest file 'odometry_cont.egg-info/SOURCES.txt'
[8.321s] running build_ext
[8.321s] Creating /home/cadt-02/Documents/can_test_usb/ros2_can/install/odometry_cont/lib/python3.8/site-packages/odometry-cont.egg-link (link to .)
[8.323s] Installing localization script to /home/cadt-02/Documents/can_test_usb/ros2_can/install/odometry_cont/lib/odometry_cont
[8.324s] Installing odometry_cont script to /home/cadt-02/Documents/can_test_usb/ros2_can/install/odometry_cont/lib/odometry_cont
[8.324s] 
[8.325s] Installed /home/cadt-02/Documents/can_test_usb/ros2_can/build/odometry_cont
[8.325s] running install_data
[8.325s] copying resource/odometry_cont -> /home/cadt-02/Documents/can_test_usb/ros2_can/install/odometry_cont/share/ament_index/resource_index/packages
[8.325s] copying package.xml -> /home/cadt-02/Documents/can_test_usb/ros2_can/install/odometry_cont/share/odometry_cont
[9.608s] Invoked command in '/home/cadt-02/Documents/can_test_usb/ros2_can/build/odometry_cont' returned '0': PYTHONPATH=/home/cadt-02/Documents/can_test_usb/ros2_can/build/odometry_cont/prefix_override:/home/cadt-02/Documents/can_test_usb/ros2_can/install/odometry_cont/lib/python3.8/site-packages:${PYTHONPATH} /usr/bin/python3 setup.py develop --editable --build-directory /home/cadt-02/Documents/can_test_usb/ros2_can/build/odometry_cont/build --no-deps install_data
