[6.504s] Invoking command in '/home/cadt-02/Documents/can_test_usb/ros2_can/build/keyboard_publisher': LD_LIBRARY_PATH=/home/cadt-02/Documents/can_test_usb/ros2_can/install/cadt02_interfaces/lib:/usr/local/cuda-11.4/lib64:/opt/ros/foxy/opt/yaml_cpp_vendor/lib:/opt/ros/foxy/opt/rviz_ogre_vendor/lib:/opt/ros/foxy/lib/aarch64-linux-gnu:/opt/ros/foxy/lib:/usr/local/cuda-11.4/lib64 PYTHONPATH=/home/cadt-02/Documents/can_test_usb/ros2_can/build/keyboard_publisher/prefix_override:/home/cadt-02/Documents/can_test_usb/ros2_can/install/keyboard_publisher/lib/python3.8/site-packages:/home/cadt-02/Documents/can_test_usb/ros2_can/install/cadt02_interfaces/lib/python3.8/site-packages:/home/cadt-02/Documents/can_test_usb/ros2_can/build/auto_r2:/home/cadt-02/Documents/can_test_usb/ros2_can/install/auto_r2/lib/python3.8/site-packages:/home/cadt-02/Documents/can_test_usb/ros2_can/build/odometry_cont:/home/cadt-02/Documents/can_test_usb/ros2_can/install/odometry_cont/lib/python3.8/site-packages:/home/cadt-02/Documents/can_test_usb/ros2_can/build/ros_imu:/home/cadt-02/Documents/can_test_usb/ros2_can/install/ros_imu/lib/python3.8/site-packages:/home/cadt-02/Documents/can_test_usb/ros2_can/build/position_control:/home/cadt-02/Documents/can_test_usb/ros2_can/install/position_control/lib/python3.8/site-packages:/home/cadt-02/Documents/can_test_usb/ros2_can/build/odometry:/home/cadt-02/Documents/can_test_usb/ros2_can/install/odometry/lib/python3.8/site-packages:/home/cadt-02/Documents/can_test_usb/ros2_can/build/my_robot:/home/cadt-02/Documents/can_test_usb/ros2_can/install/my_robot/lib/python3.8/site-packages:/home/cadt-02/Documents/can_test_usb/ros2_can/build/my_package:/home/cadt-02/Documents/can_test_usb/ros2_can/install/my_package/lib/python3.8/site-packages:/home/cadt-02/Documents/can_test_usb/ros2_can/build/movement:/home/cadt-02/Documents/can_test_usb/ros2_can/install/movement/lib/python3.8/site-packages:/home/cadt-02/Documents/can_test_usb/ros2_can/build/keyboard_publisher:/home/cadt-02/Documents/can_test_usb/ros2_can/install/keyboard_publisher/lib/python3.8/site-packages:/home/cadt-02/Documents/can_test_usb/ros2_can/build/keyboard_listener:/home/cadt-02/Documents/can_test_usb/ros2_can/install/keyboard_listener/lib/python3.8/site-packages:/home/cadt-02/Documents/can_test_usb/ros2_can/build/auto_node:/home/cadt-02/Documents/can_test_usb/ros2_can/install/auto_node/lib/python3.8/site-packages:/opt/ros/foxy/lib/python3.8/site-packages /usr/bin/python3 setup.py develop --editable --build-directory /home/cadt-02/Documents/can_test_usb/ros2_can/build/keyboard_publisher/build --no-deps install_data
[6.847s] /home/cadt-02/.local/lib/python3.8/site-packages/setuptools/dist.py:476: SetuptoolsDeprecationWarning: Invalid dash-separated options
[6.847s] !!
[6.847s] 
[6.847s]         ********************************************************************************
[6.848s]         Usage of dash-separated 'script-dir' will not be supported in future
[6.848s]         versions. Please use the underscore name 'script_dir' instead.
[6.848s] 
[6.848s]         By 2024-Sep-26, you need to update your project and remove deprecated calls
[6.848s]         or your builds will no longer be supported.
[6.848s] 
[6.848s]         See https://setuptools.pypa.io/en/latest/userguide/declarative_config.html for details.
[6.849s]         ********************************************************************************
[6.849s] 
[6.849s] !!
[6.849s]   opt = self.warn_dash_deprecation(opt, section)
[7.333s] running develop
[7.333s] /home/cadt-02/.local/lib/python3.8/site-packages/setuptools/command/develop.py:42: EasyInstallDeprecationWarning: easy_install command is deprecated.
[7.333s] !!
[7.334s] 
[7.334s]         ********************************************************************************
[7.334s]         Please avoid running ``setup.py`` and ``easy_install``.
[7.334s]         Instead, use pypa/build, pypa/installer or other
[7.334s]         standards-based tools.
[7.334s] 
[7.334s]         See https://github.com/pypa/setuptools/issues/917 for details.
[7.335s]         ********************************************************************************
[7.335s] 
[7.335s] !!
[7.335s]   easy_install.initialize_options(self)
[7.420s] /home/cadt-02/.local/lib/python3.8/site-packages/setuptools/_distutils/cmd.py:66: SetuptoolsDeprecationWarning: setup.py install is deprecated.
[7.420s] !!
[7.420s] 
[7.420s]         ********************************************************************************
[7.420s]         Please avoid running ``setup.py`` directly.
[7.420s]         Instead, use pypa/build, pypa/installer or other
[7.421s]         standards-based tools.
[7.421s] 
[7.421s]         See https://blog.ganssle.io/articles/2021/10/setup-py-deprecated.html for details.
[7.421s]         ********************************************************************************
[7.421s] 
[7.421s] !!
[7.421s]   self.initialize_options()
[7.874s] running egg_info
[7.916s] writing keyboard_publisher.egg-info/PKG-INFO
[7.917s] writing dependency_links to keyboard_publisher.egg-info/dependency_links.txt
[7.918s] writing entry points to keyboard_publisher.egg-info/entry_points.txt
[7.918s] writing requirements to keyboard_publisher.egg-info/requires.txt
[7.918s] writing top-level names to keyboard_publisher.egg-info/top_level.txt
[8.007s] reading manifest file 'keyboard_publisher.egg-info/SOURCES.txt'
[8.009s] writing manifest file 'keyboard_publisher.egg-info/SOURCES.txt'
[8.161s] running build_ext
[8.161s] Creating /home/cadt-02/Documents/can_test_usb/ros2_can/install/keyboard_publisher/lib/python3.8/site-packages/keyboard-publisher.egg-link (link to .)
[8.163s] Installing keyboard_publisher script to /home/cadt-02/Documents/can_test_usb/ros2_can/install/keyboard_publisher/lib/keyboard_publisher
[8.164s] 
[8.164s] Installed /home/cadt-02/Documents/can_test_usb/ros2_can/build/keyboard_publisher
[8.164s] running install_data
[8.164s] copying resource/keyboard_publisher -> /home/cadt-02/Documents/can_test_usb/ros2_can/install/keyboard_publisher/share/ament_index/resource_index/packages
[8.164s] copying package.xml -> /home/cadt-02/Documents/can_test_usb/ros2_can/install/keyboard_publisher/share/keyboard_publisher
[8.274s] Invoked command in '/home/cadt-02/Documents/can_test_usb/ros2_can/build/keyboard_publisher' returned '0': LD_LIBRARY_PATH=/home/cadt-02/Documents/can_test_usb/ros2_can/install/cadt02_interfaces/lib:/usr/local/cuda-11.4/lib64:/opt/ros/foxy/opt/yaml_cpp_vendor/lib:/opt/ros/foxy/opt/rviz_ogre_vendor/lib:/opt/ros/foxy/lib/aarch64-linux-gnu:/opt/ros/foxy/lib:/usr/local/cuda-11.4/lib64 PYTHONPATH=/home/cadt-02/Documents/can_test_usb/ros2_can/build/keyboard_publisher/prefix_override:/home/cadt-02/Documents/can_test_usb/ros2_can/install/keyboard_publisher/lib/python3.8/site-packages:/home/cadt-02/Documents/can_test_usb/ros2_can/install/cadt02_interfaces/lib/python3.8/site-packages:/home/cadt-02/Documents/can_test_usb/ros2_can/build/auto_r2:/home/cadt-02/Documents/can_test_usb/ros2_can/install/auto_r2/lib/python3.8/site-packages:/home/cadt-02/Documents/can_test_usb/ros2_can/build/odometry_cont:/home/cadt-02/Documents/can_test_usb/ros2_can/install/odometry_cont/lib/python3.8/site-packages:/home/cadt-02/Documents/can_test_usb/ros2_can/build/ros_imu:/home/cadt-02/Documents/can_test_usb/ros2_can/install/ros_imu/lib/python3.8/site-packages:/home/cadt-02/Documents/can_test_usb/ros2_can/build/position_control:/home/cadt-02/Documents/can_test_usb/ros2_can/install/position_control/lib/python3.8/site-packages:/home/cadt-02/Documents/can_test_usb/ros2_can/build/odometry:/home/cadt-02/Documents/can_test_usb/ros2_can/install/odometry/lib/python3.8/site-packages:/home/cadt-02/Documents/can_test_usb/ros2_can/build/my_robot:/home/cadt-02/Documents/can_test_usb/ros2_can/install/my_robot/lib/python3.8/site-packages:/home/cadt-02/Documents/can_test_usb/ros2_can/build/my_package:/home/cadt-02/Documents/can_test_usb/ros2_can/install/my_package/lib/python3.8/site-packages:/home/cadt-02/Documents/can_test_usb/ros2_can/build/movement:/home/cadt-02/Documents/can_test_usb/ros2_can/install/movement/lib/python3.8/site-packages:/home/cadt-02/Documents/can_test_usb/ros2_can/build/keyboard_publisher:/home/cadt-02/Documents/can_test_usb/ros2_can/install/keyboard_publisher/lib/python3.8/site-packages:/home/cadt-02/Documents/can_test_usb/ros2_can/build/keyboard_listener:/home/cadt-02/Documents/can_test_usb/ros2_can/install/keyboard_listener/lib/python3.8/site-packages:/home/cadt-02/Documents/can_test_usb/ros2_can/build/auto_node:/home/cadt-02/Documents/can_test_usb/ros2_can/install/auto_node/lib/python3.8/site-packages:/opt/ros/foxy/lib/python3.8/site-packages /usr/bin/python3 setup.py develop --editable --build-directory /home/cadt-02/Documents/can_test_usb/ros2_can/build/keyboard_publisher/build --no-deps install_data
