[13.290s] Invoking command in '/home/cadt-02/Documents/can_test_usb/ros2_can/build/my_robot': NX_CONNECTION=172.23.33.204 59150 172.23.34.34 4000 PYTHONPATH=/home/cadt-02/Documents/can_test_usb/ros2_can/build/my_robot/prefix_override:/home/cadt-02/Documents/can_test_usb/ros2_can/install/my_robot/lib/python3.8/site-packages:${PYTHONPATH} /usr/bin/python3 setup.py develop --editable --build-directory /home/cadt-02/Documents/can_test_usb/ros2_can/build/my_robot/build --no-deps install_data
[13.692s] /home/cadt-02/.local/lib/python3.8/site-packages/setuptools/dist.py:476: SetuptoolsDeprecationWarning: Invalid dash-separated options
[13.692s] !!
[13.692s] 
[13.692s]         ********************************************************************************
[13.692s]         Usage of dash-separated 'script-dir' will not be supported in future
[13.700s]         versions. Please use the underscore name 'script_dir' instead.
[13.700s] 
[13.701s]         By 2024-Sep-26, you need to update your project and remove deprecated calls
[13.701s]         or your builds will no longer be supported.
[13.701s] 
[13.701s]         See https://setuptools.pypa.io/en/latest/userguide/declarative_config.html for details.
[13.701s]         ********************************************************************************
[13.701s] 
[13.702s] !!
[13.702s]   opt = self.warn_dash_deprecation(opt, section)
[14.263s] running develop
[14.263s] /home/cadt-02/.local/lib/python3.8/site-packages/setuptools/command/develop.py:42: EasyInstallDeprecationWarning: easy_install command is deprecated.
[14.263s] !!
[14.263s] 
[14.264s]         ********************************************************************************
[14.264s]         Please avoid running ``setup.py`` and ``easy_install``.
[14.265s]         Instead, use pypa/build, pypa/installer or other
[14.265s]         standards-based tools.
[14.265s] 
[14.265s]         See https://github.com/pypa/setuptools/issues/917 for details.
[14.265s]         ********************************************************************************
[14.265s] 
[14.266s] !!
[14.266s]   easy_install.initialize_options(self)
[14.354s] /home/cadt-02/.local/lib/python3.8/site-packages/setuptools/_distutils/cmd.py:66: SetuptoolsDeprecationWarning: setup.py install is deprecated.
[14.354s] !!
[14.355s] 
[14.355s]         ********************************************************************************
[14.355s]         Please avoid running ``setup.py`` directly.
[14.355s]         Instead, use pypa/build, pypa/installer or other
[14.355s]         standards-based tools.
[14.355s] 
[14.356s]         See https://blog.ganssle.io/articles/2021/10/setup-py-deprecated.html for details.
[14.356s]         ********************************************************************************
[14.356s] 
[14.356s] !!
[14.356s]   self.initialize_options()
[14.819s] running egg_info
[14.864s] writing my_robot.egg-info/PKG-INFO
[14.865s] writing dependency_links to my_robot.egg-info/dependency_links.txt
[14.867s] writing entry points to my_robot.egg-info/entry_points.txt
[14.868s] writing requirements to my_robot.egg-info/requires.txt
[14.869s] writing top-level names to my_robot.egg-info/top_level.txt
[14.979s] reading manifest file 'my_robot.egg-info/SOURCES.txt'
[14.982s] writing manifest file 'my_robot.egg-info/SOURCES.txt'
[15.186s] running build_ext
[15.187s] Creating /home/cadt-02/Documents/can_test_usb/ros2_can/install/my_robot/lib/python3.8/site-packages/my-robot.egg-link (link to .)
[15.189s] Installing my_robot script to /home/cadt-02/Documents/can_test_usb/ros2_can/install/my_robot/lib/my_robot
[15.191s] 
[15.191s] Installed /home/cadt-02/Documents/can_test_usb/ros2_can/build/my_robot
[15.192s] running install_data
[15.192s] copying resource/my_robot -> /home/cadt-02/Documents/can_test_usb/ros2_can/install/my_robot/share/ament_index/resource_index/packages
[15.193s] copying package.xml -> /home/cadt-02/Documents/can_test_usb/ros2_can/install/my_robot/share/my_robot
[18.811s] Invoked command in '/home/cadt-02/Documents/can_test_usb/ros2_can/build/my_robot' returned '0': NX_CONNECTION=172.23.33.204 59150 172.23.34.34 4000 PYTHONPATH=/home/cadt-02/Documents/can_test_usb/ros2_can/build/my_robot/prefix_override:/home/cadt-02/Documents/can_test_usb/ros2_can/install/my_robot/lib/python3.8/site-packages:${PYTHONPATH} /usr/bin/python3 setup.py develop --editable --build-directory /home/cadt-02/Documents/can_test_usb/ros2_can/build/my_robot/build --no-deps install_data
