[14.809s] Invoking command in '/home/cadt-02/Documents/can_test_usb/ros2_can/build/my_package': NX_CONNECTION=172.23.32.175 45142 172.23.34.34 4000 PYTHONPATH=/home/cadt-02/Documents/can_test_usb/ros2_can/build/my_package/prefix_override:/home/cadt-02/Documents/can_test_usb/ros2_can/install/my_package/lib/python3.8/site-packages:${PYTHONPATH} /usr/bin/python3 setup.py develop --editable --build-directory /home/cadt-02/Documents/can_test_usb/ros2_can/build/my_package/build --no-deps install_data
[15.197s] /home/cadt-02/.local/lib/python3.8/site-packages/setuptools/dist.py:476: SetuptoolsDeprecationWarning: Invalid dash-separated options
[15.197s] !!
[15.197s] 
[15.197s]         ********************************************************************************
[15.197s]         Usage of dash-separated 'build-base' will not be supported in future
[15.197s]         versions. Please use the underscore name 'build_base' instead.
[15.198s] 
[15.198s]         By 2024-Sep-26, you need to update your project and remove deprecated calls
[15.198s]         or your builds will no longer be supported.
[15.198s] 
[15.198s]         See https://setuptools.pypa.io/en/latest/userguide/declarative_config.html for details.
[15.198s]         ********************************************************************************
[15.198s] 
[15.198s] !!
[15.199s]   opt = self.warn_dash_deprecation(opt, section)
[15.763s] running develop
[15.763s] /home/cadt-02/.local/lib/python3.8/site-packages/setuptools/command/develop.py:42: EasyInstallDeprecationWarning: easy_install command is deprecated.
[15.763s] !!
[15.764s] 
[15.764s]         ********************************************************************************
[15.764s]         Please avoid running ``setup.py`` and ``easy_install``.
[15.764s]         Instead, use pypa/build, pypa/installer or other
[15.764s]         standards-based tools.
[15.764s] 
[15.765s]         See https://github.com/pypa/setuptools/issues/917 for details.
[15.765s]         ********************************************************************************
[15.765s] 
[15.765s] !!
[15.765s]   easy_install.initialize_options(self)
[15.866s] /home/cadt-02/.local/lib/python3.8/site-packages/setuptools/_distutils/cmd.py:66: SetuptoolsDeprecationWarning: setup.py install is deprecated.
[15.867s] !!
[15.867s] 
[15.867s]         ********************************************************************************
[15.867s]         Please avoid running ``setup.py`` directly.
[15.867s]         Instead, use pypa/build, pypa/installer or other
[15.867s]         standards-based tools.
[15.868s] 
[15.868s]         See https://blog.ganssle.io/articles/2021/10/setup-py-deprecated.html for details.
[15.868s]         ********************************************************************************
[15.868s] 
[15.868s] !!
[15.868s]   self.initialize_options()
[16.453s] running egg_info
[16.541s] writing my_package.egg-info/PKG-INFO
[16.546s] writing dependency_links to my_package.egg-info/dependency_links.txt
[16.548s] writing entry points to my_package.egg-info/entry_points.txt
[16.550s] writing requirements to my_package.egg-info/requires.txt
[16.552s] writing top-level names to my_package.egg-info/top_level.txt
[16.663s] reading manifest file 'my_package.egg-info/SOURCES.txt'
[16.665s] writing manifest file 'my_package.egg-info/SOURCES.txt'
[16.846s] running build_ext
[16.846s] Creating /home/cadt-02/Documents/can_test_usb/ros2_can/install/my_package/lib/python3.8/site-packages/my-package.egg-link (link to .)
[16.850s] Installing live_detection_node script to /home/cadt-02/Documents/can_test_usb/ros2_can/install/my_package/lib/my_package
[16.852s] Installing main script to /home/cadt-02/Documents/can_test_usb/ros2_can/install/my_package/lib/my_package
[16.854s] Installing my_node script to /home/cadt-02/Documents/can_test_usb/ros2_can/install/my_package/lib/my_package
[16.856s] Installing reinforcement_r2 script to /home/cadt-02/Documents/can_test_usb/ros2_can/install/my_package/lib/my_package
[16.858s] 
[16.859s] Installed /home/cadt-02/Documents/can_test_usb/ros2_can/build/my_package
[16.859s] running install_data
[16.859s] copying resource/my_package -> /home/cadt-02/Documents/can_test_usb/ros2_can/install/my_package/share/ament_index/resource_index/packages
[16.862s] copying package.xml -> /home/cadt-02/Documents/can_test_usb/ros2_can/install/my_package/share/my_package
[20.343s] Invoked command in '/home/cadt-02/Documents/can_test_usb/ros2_can/build/my_package' returned '0': NX_CONNECTION=172.23.32.175 45142 172.23.34.34 4000 PYTHONPATH=/home/cadt-02/Documents/can_test_usb/ros2_can/build/my_package/prefix_override:/home/cadt-02/Documents/can_test_usb/ros2_can/install/my_package/lib/python3.8/site-packages:${PYTHONPATH} /usr/bin/python3 setup.py develop --editable --build-directory /home/cadt-02/Documents/can_test_usb/ros2_can/build/my_package/build --no-deps install_data
