[13.907s] Invoking command in '/home/cadt-02/Documents/can_test_usb/ros2_can/build/my_package': PYTHONPATH=/home/cadt-02/Documents/can_test_usb/ros2_can/build/my_package/prefix_override:/home/cadt-02/Documents/can_test_usb/ros2_can/install/my_package/lib/python3.8/site-packages:${PYTHONPATH} /usr/bin/python3 setup.py develop --editable --build-directory /home/cadt-02/Documents/can_test_usb/ros2_can/build/my_package/build --no-deps install_data
[14.278s] /home/cadt-02/.local/lib/python3.8/site-packages/setuptools/dist.py:476: SetuptoolsDeprecationWarning: Invalid dash-separated options
[14.278s] !!
[14.278s] 
[14.279s]         ********************************************************************************
[14.279s]         Usage of dash-separated 'build-base' will not be supported in future
[14.279s]         versions. Please use the underscore name 'build_base' instead.
[14.279s] 
[14.279s]         By 2024-Sep-26, you need to update your project and remove deprecated calls
[14.279s]         or your builds will no longer be supported.
[14.279s] 
[14.280s]         See https://setuptools.pypa.io/en/latest/userguide/declarative_config.html for details.
[14.280s]         ********************************************************************************
[14.280s] 
[14.280s] !!
[14.280s]   opt = self.warn_dash_deprecation(opt, section)
[14.802s] running develop
[14.803s] /home/cadt-02/.local/lib/python3.8/site-packages/setuptools/command/develop.py:42: EasyInstallDeprecationWarning: easy_install command is deprecated.
[14.803s] !!
[14.803s] 
[14.803s]         ********************************************************************************
[14.804s]         Please avoid running ``setup.py`` and ``easy_install``.
[14.804s]         Instead, use pypa/build, pypa/installer or other
[14.804s]         standards-based tools.
[14.804s] 
[14.804s]         See https://github.com/pypa/setuptools/issues/917 for details.
[14.804s]         ********************************************************************************
[14.804s] 
[14.805s] !!
[14.805s]   easy_install.initialize_options(self)
[14.908s] /home/cadt-02/.local/lib/python3.8/site-packages/setuptools/_distutils/cmd.py:66: SetuptoolsDeprecationWarning: setup.py install is deprecated.
[14.908s] !!
[14.908s] 
[14.908s]         ********************************************************************************
[14.908s]         Please avoid running ``setup.py`` directly.
[14.908s]         Instead, use pypa/build, pypa/installer or other
[14.908s]         standards-based tools.
[14.909s] 
[14.909s]         See https://blog.ganssle.io/articles/2021/10/setup-py-deprecated.html for details.
[14.909s]         ********************************************************************************
[14.909s] 
[14.909s] !!
[14.909s]   self.initialize_options()
[15.382s] running egg_info
[15.426s] writing my_package.egg-info/PKG-INFO
[15.427s] writing dependency_links to my_package.egg-info/dependency_links.txt
[15.428s] writing entry points to my_package.egg-info/entry_points.txt
[15.429s] writing requirements to my_package.egg-info/requires.txt
[15.429s] writing top-level names to my_package.egg-info/top_level.txt
[15.525s] reading manifest file 'my_package.egg-info/SOURCES.txt'
[15.528s] writing manifest file 'my_package.egg-info/SOURCES.txt'
[15.687s] running build_ext
[15.687s] Creating /home/cadt-02/Documents/can_test_usb/ros2_can/install/my_package/lib/python3.8/site-packages/my-package.egg-link (link to .)
[15.689s] Installing live_detection_node script to /home/cadt-02/Documents/can_test_usb/ros2_can/install/my_package/lib/my_package
[15.690s] Installing main script to /home/cadt-02/Documents/can_test_usb/ros2_can/install/my_package/lib/my_package
[15.690s] Installing my_node script to /home/cadt-02/Documents/can_test_usb/ros2_can/install/my_package/lib/my_package
[15.691s] Installing reinforcement_r2 script to /home/cadt-02/Documents/can_test_usb/ros2_can/install/my_package/lib/my_package
[15.692s] 
[15.692s] Installed /home/cadt-02/Documents/can_test_usb/ros2_can/build/my_package
[15.692s] running install_data
[15.693s] copying resource/my_package -> /home/cadt-02/Documents/can_test_usb/ros2_can/install/my_package/share/ament_index/resource_index/packages
[15.693s] copying package.xml -> /home/cadt-02/Documents/can_test_usb/ros2_can/install/my_package/share/my_package
[17.667s] Invoked command in '/home/cadt-02/Documents/can_test_usb/ros2_can/build/my_package' returned '0': PYTHONPATH=/home/cadt-02/Documents/can_test_usb/ros2_can/build/my_package/prefix_override:/home/cadt-02/Documents/can_test_usb/ros2_can/install/my_package/lib/python3.8/site-packages:${PYTHONPATH} /usr/bin/python3 setup.py develop --editable --build-directory /home/cadt-02/Documents/can_test_usb/ros2_can/build/my_package/build --no-deps install_data
