[21.215s] Invoking command in '/home/cadt-02/Documents/can_test_usb/ros2_can/build/keyboard_listener': NX_CONNECTION=172.23.33.204 59150 172.23.34.34 4000 PYTHONPATH=/home/cadt-02/Documents/can_test_usb/ros2_can/build/keyboard_listener/prefix_override:/home/cadt-02/Documents/can_test_usb/ros2_can/install/keyboard_listener/lib/python3.8/site-packages:${PYTHONPATH} /usr/bin/python3 setup.py develop --editable --build-directory /home/cadt-02/Documents/can_test_usb/ros2_can/build/keyboard_listener/build --no-deps install_data
[22.580s] running develop
[22.580s] /home/cadt-02/.local/lib/python3.8/site-packages/setuptools/command/develop.py:42: EasyInstallDeprecationWarning: easy_install command is deprecated.
[22.580s] !!
[22.580s] 
[22.581s]         ********************************************************************************
[22.581s]         Please avoid running ``setup.py`` and ``easy_install``.
[22.581s]         Instead, use pypa/build, pypa/installer or other
[22.581s]         standards-based tools.
[22.581s] 
[22.581s]         See https://github.com/pypa/setuptools/issues/917 for details.
[22.582s]         ********************************************************************************
[22.582s] 
[22.582s] !!
[22.582s]   easy_install.initialize_options(self)
[22.675s] /home/cadt-02/.local/lib/python3.8/site-packages/setuptools/_distutils/cmd.py:66: SetuptoolsDeprecationWarning: setup.py install is deprecated.
[22.677s] !!
[22.678s] 
[22.679s]         ********************************************************************************
[22.679s]         Please avoid running ``setup.py`` directly.
[22.680s]         Instead, use pypa/build, pypa/installer or other
[22.681s]         standards-based tools.
[22.682s] 
[22.683s]         See https://blog.ganssle.io/articles/2021/10/setup-py-deprecated.html for details.
[22.684s]         ********************************************************************************
[22.685s] 
[22.686s] !!
[22.687s]   self.initialize_options()
[23.321s] running egg_info
[23.374s] writing keyboard_listener.egg-info/PKG-INFO
[23.378s] writing dependency_links to keyboard_listener.egg-info/dependency_links.txt
[23.382s] writing entry points to keyboard_listener.egg-info/entry_points.txt
[23.384s] writing requirements to keyboard_listener.egg-info/requires.txt
[23.389s] writing top-level names to keyboard_listener.egg-info/top_level.txt
[23.542s] reading manifest file 'keyboard_listener.egg-info/SOURCES.txt'
[23.545s] writing manifest file 'keyboard_listener.egg-info/SOURCES.txt'
[23.746s] running build_ext
[23.746s] Creating /home/cadt-02/Documents/can_test_usb/ros2_can/install/keyboard_listener/lib/python3.8/site-packages/keyboard-listener.egg-link (link to .)
[23.750s] Installing keyboard_listener script to /home/cadt-02/Documents/can_test_usb/ros2_can/install/keyboard_listener/lib/keyboard_listener
[23.752s] 
[23.752s] Installed /home/cadt-02/Documents/can_test_usb/ros2_can/build/keyboard_listener
[23.753s] running install_data
[23.754s] copying resource/keyboard_listener -> /home/cadt-02/Documents/can_test_usb/ros2_can/install/keyboard_listener/share/ament_index/resource_index/packages
[23.755s] copying package.xml -> /home/cadt-02/Documents/can_test_usb/ros2_can/install/keyboard_listener/share/keyboard_listener
[25.479s] Invoked command in '/home/cadt-02/Documents/can_test_usb/ros2_can/build/keyboard_listener' returned '0': NX_CONNECTION=172.23.33.204 59150 172.23.34.34 4000 PYTHONPATH=/home/cadt-02/Documents/can_test_usb/ros2_can/build/keyboard_listener/prefix_override:/home/cadt-02/Documents/can_test_usb/ros2_can/install/keyboard_listener/lib/python3.8/site-packages:${PYTHONPATH} /usr/bin/python3 setup.py develop --editable --build-directory /home/cadt-02/Documents/can_test_usb/ros2_can/build/keyboard_listener/build --no-deps install_data
