[12.279s] Invoking command in '/home/cadt-02/Documents/can_test_usb/ros2_can/build/my_robot': NX_CONNECTION=172.23.33.204 63376 172.23.34.34 4000 PYTHONPATH=/home/cadt-02/Documents/can_test_usb/ros2_can/build/my_robot/prefix_override:/home/cadt-02/Documents/can_test_usb/ros2_can/install/my_robot/lib/python3.8/site-packages:${PYTHONPATH} /usr/bin/python3 setup.py develop --editable --build-directory /home/cadt-02/Documents/can_test_usb/ros2_can/build/my_robot/build --no-deps install_data
[12.687s] /home/cadt-02/.local/lib/python3.8/site-packages/setuptools/dist.py:476: SetuptoolsDeprecationWarning: Invalid dash-separated options
[12.688s] !!
[12.688s] 
[12.688s]         ********************************************************************************
[12.688s]         Usage of dash-separated 'script-dir' will not be supported in future
[12.688s]         versions. Please use the underscore name 'script_dir' instead.
[12.688s] 
[12.688s]         By 2024-Sep-26, you need to update your project and remove deprecated calls
[12.689s]         or your builds will no longer be supported.
[12.689s] 
[12.689s]         See https://setuptools.pypa.io/en/latest/userguide/declarative_config.html for details.
[12.689s]         ********************************************************************************
[12.689s] 
[12.689s] !!
[12.689s]   opt = self.warn_dash_deprecation(opt, section)
[13.170s] running develop
[13.170s] /home/cadt-02/.local/lib/python3.8/site-packages/setuptools/command/develop.py:42: EasyInstallDeprecationWarning: easy_install command is deprecated.
[13.171s] !!
[13.171s] 
[13.171s]         ********************************************************************************
[13.171s]         Please avoid running ``setup.py`` and ``easy_install``.
[13.171s]         Instead, use pypa/build, pypa/installer or other
[13.171s]         standards-based tools.
[13.171s] 
[13.172s]         See https://github.com/pypa/setuptools/issues/917 for details.
[13.172s]         ********************************************************************************
[13.172s] 
[13.172s] !!
[13.172s]   easy_install.initialize_options(self)
[13.256s] /home/cadt-02/.local/lib/python3.8/site-packages/setuptools/_distutils/cmd.py:66: SetuptoolsDeprecationWarning: setup.py install is deprecated.
[13.256s] !!
[13.257s] 
[13.257s]         ********************************************************************************
[13.257s]         Please avoid running ``setup.py`` directly.
[13.257s]         Instead, use pypa/build, pypa/installer or other
[13.257s]         standards-based tools.
[13.257s] 
[13.257s]         See https://blog.ganssle.io/articles/2021/10/setup-py-deprecated.html for details.
[13.258s]         ********************************************************************************
[13.258s] 
[13.258s] !!
[13.258s]   self.initialize_options()
[13.688s] running egg_info
[13.733s] writing my_robot.egg-info/PKG-INFO
[13.737s] writing dependency_links to my_robot.egg-info/dependency_links.txt
[13.738s] writing entry points to my_robot.egg-info/entry_points.txt
[13.739s] writing requirements to my_robot.egg-info/requires.txt
[13.739s] writing top-level names to my_robot.egg-info/top_level.txt
[13.834s] reading manifest file 'my_robot.egg-info/SOURCES.txt'
[13.837s] writing manifest file 'my_robot.egg-info/SOURCES.txt'
[14.004s] running build_ext
[14.005s] Creating /home/cadt-02/Documents/can_test_usb/ros2_can/install/my_robot/lib/python3.8/site-packages/my-robot.egg-link (link to .)
[14.008s] Installing my_robot script to /home/cadt-02/Documents/can_test_usb/ros2_can/install/my_robot/lib/my_robot
[14.010s] 
[14.010s] Installed /home/cadt-02/Documents/can_test_usb/ros2_can/build/my_robot
[14.011s] running install_data
[14.013s] copying resource/my_robot -> /home/cadt-02/Documents/can_test_usb/ros2_can/install/my_robot/share/ament_index/resource_index/packages
[14.014s] copying package.xml -> /home/cadt-02/Documents/can_test_usb/ros2_can/install/my_robot/share/my_robot
[17.769s] Invoked command in '/home/cadt-02/Documents/can_test_usb/ros2_can/build/my_robot' returned '0': NX_CONNECTION=172.23.33.204 63376 172.23.34.34 4000 PYTHONPATH=/home/cadt-02/Documents/can_test_usb/ros2_can/build/my_robot/prefix_override:/home/cadt-02/Documents/can_test_usb/ros2_can/install/my_robot/lib/python3.8/site-packages:${PYTHONPATH} /usr/bin/python3 setup.py develop --editable --build-directory /home/cadt-02/Documents/can_test_usb/ros2_can/build/my_robot/build --no-deps install_data
