[12.500s] Invoking command in '/home/cadt-02/Documents/can_test_usb/ros2_can/build/my_robot': PYTHONPATH=/home/cadt-02/Documents/can_test_usb/ros2_can/build/my_robot/prefix_override:/home/cadt-02/Documents/can_test_usb/ros2_can/install/my_robot/lib/python3.8/site-packages:${PYTHONPATH} /usr/bin/python3 setup.py develop --editable --build-directory /home/cadt-02/Documents/can_test_usb/ros2_can/build/my_robot/build --no-deps install_data
[14.114s] /home/cadt-02/.local/lib/python3.8/site-packages/setuptools/dist.py:476: SetuptoolsDeprecationWarning: Invalid dash-separated options
[14.115s] !!
[14.115s] 
[14.116s]         ********************************************************************************
[14.116s]         Usage of dash-separated 'script-dir' will not be supported in future
[14.116s]         versions. Please use the underscore name 'script_dir' instead.
[14.116s] 
[14.116s]         By 2024-Sep-26, you need to update your project and remove deprecated calls
[14.116s]         or your builds will no longer be supported.
[14.117s] 
[14.117s]         See https://setuptools.pypa.io/en/latest/userguide/declarative_config.html for details.
[14.117s]         ********************************************************************************
[14.117s] 
[14.117s] !!
[14.117s]   opt = self.warn_dash_deprecation(opt, section)
[14.117s] /home/cadt-02/.local/lib/python3.8/site-packages/setuptools/command/develop.py:42: EasyInstallDeprecationWarning: easy_install command is deprecated.
[14.118s] !!
[14.118s] 
[14.118s]         ********************************************************************************
[14.118s]         Please avoid running ``setup.py`` and ``easy_install``.
[14.118s]         Instead, use pypa/build, pypa/installer or other
[14.118s]         standards-based tools.
[14.118s] 
[14.118s]         See https://github.com/pypa/setuptools/issues/917 for details.
[14.119s]         ********************************************************************************
[14.119s] 
[14.119s] !!
[14.119s]   easy_install.initialize_options(self)
[14.119s] /home/cadt-02/.local/lib/python3.8/site-packages/setuptools/_distutils/cmd.py:66: SetuptoolsDeprecationWarning: setup.py install is deprecated.
[14.119s] !!
[14.119s] 
[14.128s]         ********************************************************************************
[14.128s]         Please avoid running ``setup.py`` directly.
[14.128s]         Instead, use pypa/build, pypa/installer or other
[14.129s]         standards-based tools.
[14.133s] 
[14.133s]         See https://blog.ganssle.io/articles/2021/10/setup-py-deprecated.html for details.
[14.133s]         ********************************************************************************
[14.133s] 
[14.133s] !!
[14.133s]   self.initialize_options()
[14.134s] running develop
[14.134s] running egg_info
[14.134s] writing my_robot.egg-info/PKG-INFO
[14.134s] writing dependency_links to my_robot.egg-info/dependency_links.txt
[14.134s] writing entry points to my_robot.egg-info/entry_points.txt
[14.134s] writing requirements to my_robot.egg-info/requires.txt
[14.135s] writing top-level names to my_robot.egg-info/top_level.txt
[14.135s] reading manifest file 'my_robot.egg-info/SOURCES.txt'
[14.135s] writing manifest file 'my_robot.egg-info/SOURCES.txt'
[14.195s] running build_ext
[14.196s] Creating /home/cadt-02/Documents/can_test_usb/ros2_can/install/my_robot/lib/python3.8/site-packages/my-robot.egg-link (link to .)
[14.198s] Installing my_robot script to /home/cadt-02/Documents/can_test_usb/ros2_can/install/my_robot/lib/my_robot
[14.199s] 
[14.199s] Installed /home/cadt-02/Documents/can_test_usb/ros2_can/build/my_robot
[14.200s] running install_data
[14.200s] copying resource/my_robot -> /home/cadt-02/Documents/can_test_usb/ros2_can/install/my_robot/share/ament_index/resource_index/packages
[14.200s] copying package.xml -> /home/cadt-02/Documents/can_test_usb/ros2_can/install/my_robot/share/my_robot
[19.171s] Invoked command in '/home/cadt-02/Documents/can_test_usb/ros2_can/build/my_robot' returned '0': PYTHONPATH=/home/cadt-02/Documents/can_test_usb/ros2_can/build/my_robot/prefix_override:/home/cadt-02/Documents/can_test_usb/ros2_can/install/my_robot/lib/python3.8/site-packages:${PYTHONPATH} /usr/bin/python3 setup.py develop --editable --build-directory /home/cadt-02/Documents/can_test_usb/ros2_can/build/my_robot/build --no-deps install_data
