[11.462s] Invoking command in '/home/cadt-02/Documents/can_test_usb/ros2_can/build/ros_imu': NX_CONNECTION=172.23.34.154 56590 172.23.34.34 4000 PYTHONPATH=/home/cadt-02/Documents/can_test_usb/ros2_can/build/ros_imu/prefix_override:/home/cadt-02/Documents/can_test_usb/ros2_can/install/ros_imu/lib/python3.8/site-packages:${PYTHONPATH} /usr/bin/python3 setup.py develop --editable --build-directory /home/cadt-02/Documents/can_test_usb/ros2_can/build/ros_imu/build --no-deps install_data
[11.923s] /home/cadt-02/.local/lib/python3.8/site-packages/setuptools/dist.py:476: SetuptoolsDeprecationWarning: Invalid dash-separated options
[11.924s] !!
[11.924s] 
[11.924s]         ********************************************************************************
[11.924s]         Usage of dash-separated 'script-dir' will not be supported in future
[11.924s]         versions. Please use the underscore name 'script_dir' instead.
[11.925s] 
[11.925s]         By 2024-Sep-26, you need to update your project and remove deprecated calls
[11.925s]         or your builds will no longer be supported.
[11.925s] 
[11.925s]         See https://setuptools.pypa.io/en/latest/userguide/declarative_config.html for details.
[11.925s]         ********************************************************************************
[11.925s] 
[11.926s] !!
[11.926s]   opt = self.warn_dash_deprecation(opt, section)
[12.497s] running develop
[12.498s] /home/cadt-02/.local/lib/python3.8/site-packages/setuptools/command/develop.py:42: EasyInstallDeprecationWarning: easy_install command is deprecated.
[12.498s] !!
[12.498s] 
[12.499s]         ********************************************************************************
[12.499s]         Please avoid running ``setup.py`` and ``easy_install``.
[12.499s]         Instead, use pypa/build, pypa/installer or other
[12.499s]         standards-based tools.
[12.499s] 
[12.499s]         See https://github.com/pypa/setuptools/issues/917 for details.
[12.500s]         ********************************************************************************
[12.500s] 
[12.500s] !!
[12.500s]   easy_install.initialize_options(self)
[12.601s] /home/cadt-02/.local/lib/python3.8/site-packages/setuptools/_distutils/cmd.py:66: SetuptoolsDeprecationWarning: setup.py install is deprecated.
[12.602s] !!
[12.602s] 
[12.602s]         ********************************************************************************
[12.602s]         Please avoid running ``setup.py`` directly.
[12.602s]         Instead, use pypa/build, pypa/installer or other
[12.603s]         standards-based tools.
[12.603s] 
[12.603s]         See https://blog.ganssle.io/articles/2021/10/setup-py-deprecated.html for details.
[12.603s]         ********************************************************************************
[12.603s] 
[12.603s] !!
[12.603s]   self.initialize_options()
[13.150s] running egg_info
[13.206s] writing ros_imu.egg-info/PKG-INFO
[13.207s] writing dependency_links to ros_imu.egg-info/dependency_links.txt
[13.208s] writing entry points to ros_imu.egg-info/entry_points.txt
[13.208s] writing requirements to ros_imu.egg-info/requires.txt
[13.209s] writing top-level names to ros_imu.egg-info/top_level.txt
[13.318s] reading manifest file 'ros_imu.egg-info/SOURCES.txt'
[13.320s] writing manifest file 'ros_imu.egg-info/SOURCES.txt'
[13.501s] running build_ext
[13.503s] Creating /home/cadt-02/Documents/can_test_usb/ros2_can/install/ros_imu/lib/python3.8/site-packages/ros-imu.egg-link (link to .)
[13.503s] Installing ros_imu script to /home/cadt-02/Documents/can_test_usb/ros2_can/install/ros_imu/lib/ros_imu
[13.505s] 
[13.505s] Installed /home/cadt-02/Documents/can_test_usb/ros2_can/build/ros_imu
[13.507s] running install_data
[13.507s] copying resource/ros_imu -> /home/cadt-02/Documents/can_test_usb/ros2_can/install/ros_imu/share/ament_index/resource_index/packages
[13.507s] copying package.xml -> /home/cadt-02/Documents/can_test_usb/ros2_can/install/ros_imu/share/ros_imu
[13.650s] Invoked command in '/home/cadt-02/Documents/can_test_usb/ros2_can/build/ros_imu' returned '0': NX_CONNECTION=172.23.34.154 56590 172.23.34.34 4000 PYTHONPATH=/home/cadt-02/Documents/can_test_usb/ros2_can/build/ros_imu/prefix_override:/home/cadt-02/Documents/can_test_usb/ros2_can/install/ros_imu/lib/python3.8/site-packages:${PYTHONPATH} /usr/bin/python3 setup.py develop --editable --build-directory /home/cadt-02/Documents/can_test_usb/ros2_can/build/ros_imu/build --no-deps install_data
