[16.394s] Invoking command in '/home/cadt-02/Documents/can_test_usb/ros2_can/build/movement': NX_CONNECTION=172.23.32.175 45142 172.23.34.34 4000 PYTHONPATH=/home/cadt-02/Documents/can_test_usb/ros2_can/build/movement/prefix_override:/home/cadt-02/Documents/can_test_usb/ros2_can/install/movement/lib/python3.8/site-packages:${PYTHONPATH} /usr/bin/python3 setup.py develop --editable --build-directory /home/cadt-02/Documents/can_test_usb/ros2_can/build/movement/build --no-deps install_data
[17.454s] running develop
[17.454s] /home/cadt-02/.local/lib/python3.8/site-packages/setuptools/command/develop.py:42: EasyInstallDeprecationWarning: easy_install command is deprecated.
[17.454s] !!
[17.455s] 
[17.455s]         ********************************************************************************
[17.455s]         Please avoid running ``setup.py`` and ``easy_install``.
[17.455s]         Instead, use pypa/build, pypa/installer or other
[17.455s]         standards-based tools.
[17.455s] 
[17.455s]         See https://github.com/pypa/setuptools/issues/917 for details.
[17.456s]         ********************************************************************************
[17.456s] 
[17.456s] !!
[17.456s]   easy_install.initialize_options(self)
[17.564s] /home/cadt-02/.local/lib/python3.8/site-packages/setuptools/_distutils/cmd.py:66: SetuptoolsDeprecationWarning: setup.py install is deprecated.
[17.564s] !!
[17.564s] 
[17.564s]         ********************************************************************************
[17.564s]         Please avoid running ``setup.py`` directly.
[17.564s]         Instead, use pypa/build, pypa/installer or other
[17.564s]         standards-based tools.
[17.565s] 
[17.565s]         See https://blog.ganssle.io/articles/2021/10/setup-py-deprecated.html for details.
[17.565s]         ********************************************************************************
[17.565s] 
[17.565s] !!
[17.565s]   self.initialize_options()
[18.143s] running egg_info
[18.192s] writing movement.egg-info/PKG-INFO
[18.196s] writing dependency_links to movement.egg-info/dependency_links.txt
[18.199s] writing entry points to movement.egg-info/entry_points.txt
[18.204s] writing requirements to movement.egg-info/requires.txt
[18.207s] writing top-level names to movement.egg-info/top_level.txt
[18.320s] reading manifest file 'movement.egg-info/SOURCES.txt'
[18.320s] writing manifest file 'movement.egg-info/SOURCES.txt'
[18.546s] running build_ext
[18.546s] Creating /home/cadt-02/Documents/can_test_usb/ros2_can/install/movement/lib/python3.8/site-packages/movement.egg-link (link to .)
[18.552s] Installing movement script to /home/cadt-02/Documents/can_test_usb/ros2_can/install/movement/lib/movement
[18.554s] Installing smart_driver_send script to /home/cadt-02/Documents/can_test_usb/ros2_can/install/movement/lib/movement
[18.556s] 
[18.556s] Installed /home/cadt-02/Documents/can_test_usb/ros2_can/build/movement
[18.557s] running install_data
[18.557s] copying resource/movement -> /home/cadt-02/Documents/can_test_usb/ros2_can/install/movement/share/ament_index/resource_index/packages
[18.559s] copying package.xml -> /home/cadt-02/Documents/can_test_usb/ros2_can/install/movement/share/movement
[24.467s] Invoked command in '/home/cadt-02/Documents/can_test_usb/ros2_can/build/movement' returned '0': NX_CONNECTION=172.23.32.175 45142 172.23.34.34 4000 PYTHONPATH=/home/cadt-02/Documents/can_test_usb/ros2_can/build/movement/prefix_override:/home/cadt-02/Documents/can_test_usb/ros2_can/install/movement/lib/python3.8/site-packages:${PYTHONPATH} /usr/bin/python3 setup.py develop --editable --build-directory /home/cadt-02/Documents/can_test_usb/ros2_can/build/movement/build --no-deps install_data
