[15.340s] Invoking command in '/home/cadt-02/Documents/can_test_usb/ros2_can/build/movement': PYTHONPATH=/home/cadt-02/Documents/can_test_usb/ros2_can/build/movement/prefix_override:/home/cadt-02/Documents/can_test_usb/ros2_can/install/movement/lib/python3.8/site-packages:${PYTHONPATH} /usr/bin/python3 setup.py develop --editable --build-directory /home/cadt-02/Documents/can_test_usb/ros2_can/build/movement/build --no-deps install_data
[16.265s] running develop
[16.265s] /home/cadt-02/.local/lib/python3.8/site-packages/setuptools/command/develop.py:42: EasyInstallDeprecationWarning: easy_install command is deprecated.
[16.265s] !!
[16.266s] 
[16.266s]         ********************************************************************************
[16.266s]         Please avoid running ``setup.py`` and ``easy_install``.
[16.266s]         Instead, use pypa/build, pypa/installer or other
[16.266s]         standards-based tools.
[16.266s] 
[16.267s]         See https://github.com/pypa/setuptools/issues/917 for details.
[16.267s]         ********************************************************************************
[16.267s] 
[16.267s] !!
[16.267s]   easy_install.initialize_options(self)
[16.358s] /home/cadt-02/.local/lib/python3.8/site-packages/setuptools/_distutils/cmd.py:66: SetuptoolsDeprecationWarning: setup.py install is deprecated.
[16.358s] !!
[16.358s] 
[16.358s]         ********************************************************************************
[16.359s]         Please avoid running ``setup.py`` directly.
[16.359s]         Instead, use pypa/build, pypa/installer or other
[16.359s]         standards-based tools.
[16.359s] 
[16.359s]         See https://blog.ganssle.io/articles/2021/10/setup-py-deprecated.html for details.
[16.359s]         ********************************************************************************
[16.359s] 
[16.360s] !!
[16.360s]   self.initialize_options()
[16.860s] running egg_info
[16.904s] writing movement.egg-info/PKG-INFO
[16.905s] writing dependency_links to movement.egg-info/dependency_links.txt
[16.906s] writing entry points to movement.egg-info/entry_points.txt
[16.907s] writing requirements to movement.egg-info/requires.txt
[16.908s] writing top-level names to movement.egg-info/top_level.txt
[17.004s] reading manifest file 'movement.egg-info/SOURCES.txt'
[17.007s] writing manifest file 'movement.egg-info/SOURCES.txt'
[17.181s] running build_ext
[17.182s] Creating /home/cadt-02/Documents/can_test_usb/ros2_can/install/movement/lib/python3.8/site-packages/movement.egg-link (link to .)
[17.186s] Installing movement script to /home/cadt-02/Documents/can_test_usb/ros2_can/install/movement/lib/movement
[17.194s] 
[17.197s] Installed /home/cadt-02/Documents/can_test_usb/ros2_can/build/movement
[17.199s] running install_data
[17.201s] copying resource/movement -> /home/cadt-02/Documents/can_test_usb/ros2_can/install/movement/share/ament_index/resource_index/packages
[17.203s] copying package.xml -> /home/cadt-02/Documents/can_test_usb/ros2_can/install/movement/share/movement
[23.630s] Invoked command in '/home/cadt-02/Documents/can_test_usb/ros2_can/build/movement' returned '0': PYTHONPATH=/home/cadt-02/Documents/can_test_usb/ros2_can/build/movement/prefix_override:/home/cadt-02/Documents/can_test_usb/ros2_can/install/movement/lib/python3.8/site-packages:${PYTHONPATH} /usr/bin/python3 setup.py develop --editable --build-directory /home/cadt-02/Documents/can_test_usb/ros2_can/build/movement/build --no-deps install_data
