[17.075s] Invoking command in '/home/cadt-02/Documents/can_test_usb/ros2_can/build/keyboard_listener': PYTHONPATH=/home/cadt-02/Documents/can_test_usb/ros2_can/build/keyboard_listener/prefix_override:/home/cadt-02/Documents/can_test_usb/ros2_can/install/keyboard_listener/lib/python3.8/site-packages:${PYTHONPATH} /usr/bin/python3 setup.py develop --editable --build-directory /home/cadt-02/Documents/can_test_usb/ros2_can/build/keyboard_listener/build --no-deps install_data
[18.337s] running develop
[18.338s] /home/cadt-02/.local/lib/python3.8/site-packages/setuptools/command/develop.py:42: EasyInstallDeprecationWarning: easy_install command is deprecated.
[18.338s] !!
[18.338s] 
[18.338s]         ********************************************************************************
[18.338s]         Please avoid running ``setup.py`` and ``easy_install``.
[18.338s]         Instead, use pypa/build, pypa/installer or other
[18.338s]         standards-based tools.
[18.339s] 
[18.339s]         See https://github.com/pypa/setuptools/issues/917 for details.
[18.339s]         ********************************************************************************
[18.339s] 
[18.339s] !!
[18.339s]   easy_install.initialize_options(self)
[18.339s] /home/cadt-02/.local/lib/python3.8/site-packages/setuptools/_distutils/cmd.py:66: SetuptoolsDeprecationWarning: setup.py install is deprecated.
[18.340s] !!
[18.340s] 
[18.340s]         ********************************************************************************
[18.340s]         Please avoid running ``setup.py`` directly.
[18.340s]         Instead, use pypa/build, pypa/installer or other
[18.340s]         standards-based tools.
[18.340s] 
[18.340s]         See https://blog.ganssle.io/articles/2021/10/setup-py-deprecated.html for details.
[18.341s]         ********************************************************************************
[18.341s] 
[18.341s] !!
[18.341s]   self.initialize_options()
[18.474s] running egg_info
[18.517s] writing keyboard_listener.egg-info/PKG-INFO
[18.518s] writing dependency_links to keyboard_listener.egg-info/dependency_links.txt
[18.519s] writing entry points to keyboard_listener.egg-info/entry_points.txt
[18.523s] writing requirements to keyboard_listener.egg-info/requires.txt
[18.523s] writing top-level names to keyboard_listener.egg-info/top_level.txt
[18.613s] reading manifest file 'keyboard_listener.egg-info/SOURCES.txt'
[18.615s] writing manifest file 'keyboard_listener.egg-info/SOURCES.txt'
[18.784s] running build_ext
[18.785s] Creating /home/cadt-02/Documents/can_test_usb/ros2_can/install/keyboard_listener/lib/python3.8/site-packages/keyboard-listener.egg-link (link to .)
[18.788s] Installing keyboard_listener script to /home/cadt-02/Documents/can_test_usb/ros2_can/install/keyboard_listener/lib/keyboard_listener
[18.788s] 
[18.789s] Installed /home/cadt-02/Documents/can_test_usb/ros2_can/build/keyboard_listener
[18.789s] running install_data
[18.789s] copying resource/keyboard_listener -> /home/cadt-02/Documents/can_test_usb/ros2_can/install/keyboard_listener/share/ament_index/resource_index/packages
[18.790s] copying package.xml -> /home/cadt-02/Documents/can_test_usb/ros2_can/install/keyboard_listener/share/keyboard_listener
[25.862s] Invoked command in '/home/cadt-02/Documents/can_test_usb/ros2_can/build/keyboard_listener' returned '0': PYTHONPATH=/home/cadt-02/Documents/can_test_usb/ros2_can/build/keyboard_listener/prefix_override:/home/cadt-02/Documents/can_test_usb/ros2_can/install/keyboard_listener/lib/python3.8/site-packages:${PYTHONPATH} /usr/bin/python3 setup.py develop --editable --build-directory /home/cadt-02/Documents/can_test_usb/ros2_can/build/keyboard_listener/build --no-deps install_data
