[13.519s] Invoking command in '/home/cadt-02/Documents/can_test_usb/ros2_can/build/my_robot': PYTHONPATH=/home/cadt-02/Documents/can_test_usb/ros2_can/build/my_robot/prefix_override:/home/cadt-02/Documents/can_test_usb/ros2_can/install/my_robot/lib/python3.8/site-packages:${PYTHONPATH} /usr/bin/python3 setup.py develop --editable --build-directory /home/cadt-02/Documents/can_test_usb/ros2_can/build/my_robot/build --no-deps install_data
[13.968s] /home/cadt-02/.local/lib/python3.8/site-packages/setuptools/dist.py:476: SetuptoolsDeprecationWarning: Invalid dash-separated options
[13.970s] !!
[13.971s] 
[13.973s]         ********************************************************************************
[13.973s]         Usage of dash-separated 'script-dir' will not be supported in future
[13.973s]         versions. Please use the underscore name 'script_dir' instead.
[13.973s] 
[13.973s]         By 2024-Sep-26, you need to update your project and remove deprecated calls
[13.983s]         or your builds will no longer be supported.
[13.983s] 
[13.983s]         See https://setuptools.pypa.io/en/latest/userguide/declarative_config.html for details.
[13.984s]         ********************************************************************************
[13.984s] 
[13.984s] !!
[13.984s]   opt = self.warn_dash_deprecation(opt, section)
[14.529s] running develop
[14.529s] /home/cadt-02/.local/lib/python3.8/site-packages/setuptools/command/develop.py:42: EasyInstallDeprecationWarning: easy_install command is deprecated.
[14.529s] !!
[14.529s] 
[14.530s]         ********************************************************************************
[14.530s]         Please avoid running ``setup.py`` and ``easy_install``.
[14.530s]         Instead, use pypa/build, pypa/installer or other
[14.530s]         standards-based tools.
[14.530s] 
[14.530s]         See https://github.com/pypa/setuptools/issues/917 for details.
[14.531s]         ********************************************************************************
[14.531s] 
[14.531s] !!
[14.531s]   easy_install.initialize_options(self)
[14.632s] /home/cadt-02/.local/lib/python3.8/site-packages/setuptools/_distutils/cmd.py:66: SetuptoolsDeprecationWarning: setup.py install is deprecated.
[14.632s] !!
[14.632s] 
[14.633s]         ********************************************************************************
[14.633s]         Please avoid running ``setup.py`` directly.
[14.633s]         Instead, use pypa/build, pypa/installer or other
[14.633s]         standards-based tools.
[14.633s] 
[14.633s]         See https://blog.ganssle.io/articles/2021/10/setup-py-deprecated.html for details.
[14.634s]         ********************************************************************************
[14.634s] 
[14.634s] !!
[14.634s]   self.initialize_options()
[15.346s] running egg_info
[15.428s] writing my_robot.egg-info/PKG-INFO
[15.434s] writing dependency_links to my_robot.egg-info/dependency_links.txt
[15.434s] writing entry points to my_robot.egg-info/entry_points.txt
[15.435s] writing requirements to my_robot.egg-info/requires.txt
[15.435s] writing top-level names to my_robot.egg-info/top_level.txt
[15.539s] reading manifest file 'my_robot.egg-info/SOURCES.txt'
[15.545s] writing manifest file 'my_robot.egg-info/SOURCES.txt'
[15.796s] running build_ext
[15.797s] Creating /home/cadt-02/Documents/can_test_usb/ros2_can/install/my_robot/lib/python3.8/site-packages/my-robot.egg-link (link to .)
[15.810s] Installing my_robot script to /home/cadt-02/Documents/can_test_usb/ros2_can/install/my_robot/lib/my_robot
[15.810s] 
[15.810s] Installed /home/cadt-02/Documents/can_test_usb/ros2_can/build/my_robot
[15.810s] running install_data
[15.810s] copying resource/my_robot -> /home/cadt-02/Documents/can_test_usb/ros2_can/install/my_robot/share/ament_index/resource_index/packages
[15.811s] copying package.xml -> /home/cadt-02/Documents/can_test_usb/ros2_can/install/my_robot/share/my_robot
[17.837s] Invoked command in '/home/cadt-02/Documents/can_test_usb/ros2_can/build/my_robot' returned '0': PYTHONPATH=/home/cadt-02/Documents/can_test_usb/ros2_can/build/my_robot/prefix_override:/home/cadt-02/Documents/can_test_usb/ros2_can/install/my_robot/lib/python3.8/site-packages:${PYTHONPATH} /usr/bin/python3 setup.py develop --editable --build-directory /home/cadt-02/Documents/can_test_usb/ros2_can/build/my_robot/build --no-deps install_data
