[19.752s] Invoking command in '/home/cadt-02/Documents/can_test_usb/ros2_can/build/keyboard_listener': PYTHONPATH=/home/cadt-02/Documents/can_test_usb/ros2_can/build/keyboard_listener/prefix_override:/home/cadt-02/Documents/can_test_usb/ros2_can/install/keyboard_listener/lib/python3.8/site-packages:${PYTHONPATH} /usr/bin/python3 setup.py develop --editable --build-directory /home/cadt-02/Documents/can_test_usb/ros2_can/build/keyboard_listener/build --no-deps install_data
[21.355s] running develop
[21.360s] /home/cadt-02/.local/lib/python3.8/site-packages/setuptools/command/develop.py:42: EasyInstallDeprecationWarning: easy_install command is deprecated.
[21.360s] !!
[21.361s] 
[21.361s]         ********************************************************************************
[21.365s]         Please avoid running ``setup.py`` and ``easy_install``.
[21.365s]         Instead, use pypa/build, pypa/installer or other
[21.365s]         standards-based tools.
[21.365s] 
[21.366s]         See https://github.com/pypa/setuptools/issues/917 for details.
[21.366s]         ********************************************************************************
[21.366s] 
[21.366s] !!
[21.366s]   easy_install.initialize_options(self)
[21.570s] /home/cadt-02/.local/lib/python3.8/site-packages/setuptools/_distutils/cmd.py:66: SetuptoolsDeprecationWarning: setup.py install is deprecated.
[21.571s] !!
[21.571s] 
[21.571s]         ********************************************************************************
[21.571s]         Please avoid running ``setup.py`` directly.
[21.571s]         Instead, use pypa/build, pypa/installer or other
[21.571s]         standards-based tools.
[21.571s] 
[21.572s]         See https://blog.ganssle.io/articles/2021/10/setup-py-deprecated.html for details.
[21.572s]         ********************************************************************************
[21.572s] 
[21.572s] !!
[21.572s]   self.initialize_options()
[22.865s] running egg_info
[23.032s] writing keyboard_listener.egg-info/PKG-INFO
[23.066s] writing dependency_links to keyboard_listener.egg-info/dependency_links.txt
[23.066s] writing entry points to keyboard_listener.egg-info/entry_points.txt
[23.066s] writing requirements to keyboard_listener.egg-info/requires.txt
[23.066s] writing top-level names to keyboard_listener.egg-info/top_level.txt
[23.388s] reading manifest file 'keyboard_listener.egg-info/SOURCES.txt'
[23.394s] writing manifest file 'keyboard_listener.egg-info/SOURCES.txt'
[23.969s] running build_ext
[23.969s] Creating /home/cadt-02/Documents/can_test_usb/ros2_can/install/keyboard_listener/lib/python3.8/site-packages/keyboard-listener.egg-link (link to .)
[23.969s] Installing keyboard_listener script to /home/cadt-02/Documents/can_test_usb/ros2_can/install/keyboard_listener/lib/keyboard_listener
[23.972s] 
[23.972s] Installed /home/cadt-02/Documents/can_test_usb/ros2_can/build/keyboard_listener
[23.973s] running install_data
[23.974s] copying resource/keyboard_listener -> /home/cadt-02/Documents/can_test_usb/ros2_can/install/keyboard_listener/share/ament_index/resource_index/packages
[23.977s] copying package.xml -> /home/cadt-02/Documents/can_test_usb/ros2_can/install/keyboard_listener/share/keyboard_listener
[28.533s] Invoked command in '/home/cadt-02/Documents/can_test_usb/ros2_can/build/keyboard_listener' returned '0': PYTHONPATH=/home/cadt-02/Documents/can_test_usb/ros2_can/build/keyboard_listener/prefix_override:/home/cadt-02/Documents/can_test_usb/ros2_can/install/keyboard_listener/lib/python3.8/site-packages:${PYTHONPATH} /usr/bin/python3 setup.py develop --editable --build-directory /home/cadt-02/Documents/can_test_usb/ros2_can/build/keyboard_listener/build --no-deps install_data
