[15.080s] Invoking command in '/home/cadt-02/Documents/can_test_usb/ros2_can/build/movement': PYTHONPATH=/home/cadt-02/Documents/can_test_usb/ros2_can/build/movement/prefix_override:/home/cadt-02/Documents/can_test_usb/ros2_can/install/movement/lib/python3.8/site-packages:${PYTHONPATH} /usr/bin/python3 setup.py develop --editable --build-directory /home/cadt-02/Documents/can_test_usb/ros2_can/build/movement/build --no-deps install_data
[16.309s] running develop
[16.309s] /home/cadt-02/.local/lib/python3.8/site-packages/setuptools/command/develop.py:42: EasyInstallDeprecationWarning: easy_install command is deprecated.
[16.309s] !!
[16.309s] 
[16.310s]         ********************************************************************************
[16.311s]         Please avoid running ``setup.py`` and ``easy_install``.
[16.312s]         Instead, use pypa/build, pypa/installer or other
[16.312s]         standards-based tools.
[16.313s] 
[16.313s]         See https://github.com/pypa/setuptools/issues/917 for details.
[16.314s]         ********************************************************************************
[16.314s] 
[16.315s] !!
[16.315s]   easy_install.initialize_options(self)
[16.315s] /home/cadt-02/.local/lib/python3.8/site-packages/setuptools/_distutils/cmd.py:66: SetuptoolsDeprecationWarning: setup.py install is deprecated.
[16.316s] !!
[16.316s] 
[16.317s]         ********************************************************************************
[16.317s]         Please avoid running ``setup.py`` directly.
[16.317s]         Instead, use pypa/build, pypa/installer or other
[16.318s]         standards-based tools.
[16.318s] 
[16.318s]         See https://blog.ganssle.io/articles/2021/10/setup-py-deprecated.html for details.
[16.319s]         ********************************************************************************
[16.319s] 
[16.320s] !!
[16.320s]   self.initialize_options()
[16.464s] running egg_info
[16.504s] writing movement.egg-info/PKG-INFO
[16.505s] writing dependency_links to movement.egg-info/dependency_links.txt
[16.507s] writing entry points to movement.egg-info/entry_points.txt
[16.507s] writing requirements to movement.egg-info/requires.txt
[16.508s] writing top-level names to movement.egg-info/top_level.txt
[16.598s] reading manifest file 'movement.egg-info/SOURCES.txt'
[16.599s] writing manifest file 'movement.egg-info/SOURCES.txt'
[16.756s] running build_ext
[16.757s] Creating /home/cadt-02/Documents/can_test_usb/ros2_can/install/movement/lib/python3.8/site-packages/movement.egg-link (link to .)
[16.758s] Installing movement script to /home/cadt-02/Documents/can_test_usb/ros2_can/install/movement/lib/movement
[16.759s] 
[16.759s] Installed /home/cadt-02/Documents/can_test_usb/ros2_can/build/movement
[16.760s] running install_data
[16.760s] copying resource/movement -> /home/cadt-02/Documents/can_test_usb/ros2_can/install/movement/share/ament_index/resource_index/packages
[16.761s] copying package.xml -> /home/cadt-02/Documents/can_test_usb/ros2_can/install/movement/share/movement
[20.145s] Invoked command in '/home/cadt-02/Documents/can_test_usb/ros2_can/build/movement' returned '0': PYTHONPATH=/home/cadt-02/Documents/can_test_usb/ros2_can/build/movement/prefix_override:/home/cadt-02/Documents/can_test_usb/ros2_can/install/movement/lib/python3.8/site-packages:${PYTHONPATH} /usr/bin/python3 setup.py develop --editable --build-directory /home/cadt-02/Documents/can_test_usb/ros2_can/build/movement/build --no-deps install_data
