[16.599s] Invoking command in '/home/cadt-02/Documents/can_test_usb/ros2_can/build/my_robot': NX_CONNECTION=172.23.33.204 59150 172.23.34.34 4000 PYTHONPATH=/home/cadt-02/Documents/can_test_usb/ros2_can/build/my_robot/prefix_override:/home/cadt-02/Documents/can_test_usb/ros2_can/install/my_robot/lib/python3.8/site-packages:${PYTHONPATH} /usr/bin/python3 setup.py develop --editable --build-directory /home/cadt-02/Documents/can_test_usb/ros2_can/build/my_robot/build --no-deps install_data
[17.656s] /home/cadt-02/.local/lib/python3.8/site-packages/setuptools/dist.py:476: SetuptoolsDeprecationWarning: Invalid dash-separated options
[17.663s] !!
[17.663s] 
[17.663s]         ********************************************************************************
[17.663s]         Usage of dash-separated 'script-dir' will not be supported in future
[17.664s]         versions. Please use the underscore name 'script_dir' instead.
[17.664s] 
[17.664s]         By 2024-Sep-26, you need to update your project and remove deprecated calls
[17.664s]         or your builds will no longer be supported.
[17.664s] 
[17.664s]         See https://setuptools.pypa.io/en/latest/userguide/declarative_config.html for details.
[17.664s]         ********************************************************************************
[17.665s] 
[17.665s] !!
[17.665s]   opt = self.warn_dash_deprecation(opt, section)
[17.722s] running develop
[17.722s] /home/cadt-02/.local/lib/python3.8/site-packages/setuptools/command/develop.py:42: EasyInstallDeprecationWarning: easy_install command is deprecated.
[17.723s] !!
[17.723s] 
[17.723s]         ********************************************************************************
[17.723s]         Please avoid running ``setup.py`` and ``easy_install``.
[17.723s]         Instead, use pypa/build, pypa/installer or other
[17.723s]         standards-based tools.
[17.724s] 
[17.724s]         See https://github.com/pypa/setuptools/issues/917 for details.
[17.724s]         ********************************************************************************
[17.724s] 
[17.724s] !!
[17.724s]   easy_install.initialize_options(self)
[17.820s] /home/cadt-02/.local/lib/python3.8/site-packages/setuptools/_distutils/cmd.py:66: SetuptoolsDeprecationWarning: setup.py install is deprecated.
[17.820s] !!
[17.820s] 
[17.820s]         ********************************************************************************
[17.820s]         Please avoid running ``setup.py`` directly.
[17.820s]         Instead, use pypa/build, pypa/installer or other
[17.821s]         standards-based tools.
[17.821s] 
[17.821s]         See https://blog.ganssle.io/articles/2021/10/setup-py-deprecated.html for details.
[17.821s]         ********************************************************************************
[17.821s] 
[17.821s] !!
[17.821s]   self.initialize_options()
[18.440s] running egg_info
[18.481s] writing my_robot.egg-info/PKG-INFO
[18.484s] writing dependency_links to my_robot.egg-info/dependency_links.txt
[18.486s] writing entry points to my_robot.egg-info/entry_points.txt
[18.488s] writing requirements to my_robot.egg-info/requires.txt
[18.490s] writing top-level names to my_robot.egg-info/top_level.txt
[18.596s] reading manifest file 'my_robot.egg-info/SOURCES.txt'
[18.597s] writing manifest file 'my_robot.egg-info/SOURCES.txt'
[18.894s] running build_ext
[18.895s] Creating /home/cadt-02/Documents/can_test_usb/ros2_can/install/my_robot/lib/python3.8/site-packages/my-robot.egg-link (link to .)
[18.900s] Installing my_robot script to /home/cadt-02/Documents/can_test_usb/ros2_can/install/my_robot/lib/my_robot
[18.900s] 
[18.902s] Installed /home/cadt-02/Documents/can_test_usb/ros2_can/build/my_robot
[18.902s] running install_data
[18.903s] copying resource/my_robot -> /home/cadt-02/Documents/can_test_usb/ros2_can/install/my_robot/share/ament_index/resource_index/packages
[18.903s] copying package.xml -> /home/cadt-02/Documents/can_test_usb/ros2_can/install/my_robot/share/my_robot
[23.436s] Invoked command in '/home/cadt-02/Documents/can_test_usb/ros2_can/build/my_robot' returned '0': NX_CONNECTION=172.23.33.204 59150 172.23.34.34 4000 PYTHONPATH=/home/cadt-02/Documents/can_test_usb/ros2_can/build/my_robot/prefix_override:/home/cadt-02/Documents/can_test_usb/ros2_can/install/my_robot/lib/python3.8/site-packages:${PYTHONPATH} /usr/bin/python3 setup.py develop --editable --build-directory /home/cadt-02/Documents/can_test_usb/ros2_can/build/my_robot/build --no-deps install_data
