[18.397s] Invoking command in '/home/cadt-02/Documents/can_test_usb/ros2_can/build/auto_r2': PYTHONPATH=/home/cadt-02/Documents/can_test_usb/ros2_can/build/auto_r2/prefix_override:/home/cadt-02/Documents/can_test_usb/ros2_can/install/auto_r2/lib/python3.8/site-packages:${PYTHONPATH} /usr/bin/python3 setup.py develop --editable --build-directory /home/cadt-02/Documents/can_test_usb/ros2_can/build/auto_r2/build --no-deps install_data
[18.792s] /home/cadt-02/.local/lib/python3.8/site-packages/setuptools/dist.py:476: SetuptoolsDeprecationWarning: Invalid dash-separated options
[18.793s] !!
[18.793s] 
[18.793s]         ********************************************************************************
[18.793s]         Usage of dash-separated 'script-dir' will not be supported in future
[18.793s]         versions. Please use the underscore name 'script_dir' instead.
[18.794s] 
[18.794s]         By 2024-Sep-26, you need to update your project and remove deprecated calls
[18.794s]         or your builds will no longer be supported.
[18.794s] 
[18.794s]         See https://setuptools.pypa.io/en/latest/userguide/declarative_config.html for details.
[18.794s]         ********************************************************************************
[18.794s] 
[18.794s] !!
[18.795s]   opt = self.warn_dash_deprecation(opt, section)
[19.337s] running develop
[19.338s] /home/cadt-02/.local/lib/python3.8/site-packages/setuptools/command/develop.py:42: EasyInstallDeprecationWarning: easy_install command is deprecated.
[19.339s] !!
[19.340s] 
[19.340s]         ********************************************************************************
[19.341s]         Please avoid running ``setup.py`` and ``easy_install``.
[19.342s]         Instead, use pypa/build, pypa/installer or other
[19.343s]         standards-based tools.
[19.343s] 
[19.344s]         See https://github.com/pypa/setuptools/issues/917 for details.
[19.345s]         ********************************************************************************
[19.346s] 
[19.346s] !!
[19.347s]   easy_install.initialize_options(self)
[19.483s] /home/cadt-02/.local/lib/python3.8/site-packages/setuptools/_distutils/cmd.py:66: SetuptoolsDeprecationWarning: setup.py install is deprecated.
[19.484s] !!
[19.485s] 
[19.486s]         ********************************************************************************
[19.488s]         Please avoid running ``setup.py`` directly.
[19.490s]         Instead, use pypa/build, pypa/installer or other
[19.491s]         standards-based tools.
[19.492s] 
[19.493s]         See https://blog.ganssle.io/articles/2021/10/setup-py-deprecated.html for details.
[19.493s]         ********************************************************************************
[19.493s] 
[19.494s] !!
[19.494s]   self.initialize_options()
[20.279s] running egg_info
[20.279s] creating auto_r2.egg-info
[20.375s] writing auto_r2.egg-info/PKG-INFO
[20.390s] writing dependency_links to auto_r2.egg-info/dependency_links.txt
[20.391s] writing entry points to auto_r2.egg-info/entry_points.txt
[20.391s] writing requirements to auto_r2.egg-info/requires.txt
[20.393s] writing top-level names to auto_r2.egg-info/top_level.txt
[20.393s] writing manifest file 'auto_r2.egg-info/SOURCES.txt'
[20.526s] reading manifest file 'auto_r2.egg-info/SOURCES.txt'
[20.533s] writing manifest file 'auto_r2.egg-info/SOURCES.txt'
[20.718s] running build_ext
[20.718s] Creating /home/cadt-02/Documents/can_test_usb/ros2_can/install/auto_r2/lib/python3.8/site-packages/auto-r2.egg-link (link to .)
[20.720s] Installing auto_r2 script to /home/cadt-02/Documents/can_test_usb/ros2_can/install/auto_r2/lib/auto_r2
[20.734s] 
[20.735s] Installed /home/cadt-02/Documents/can_test_usb/ros2_can/build/auto_r2
[20.737s] running install_data
[20.737s] creating /home/cadt-02/Documents/can_test_usb/ros2_can/install/auto_r2/share/ament_index
[20.737s] creating /home/cadt-02/Documents/can_test_usb/ros2_can/install/auto_r2/share/ament_index/resource_index
[20.739s] creating /home/cadt-02/Documents/can_test_usb/ros2_can/install/auto_r2/share/ament_index/resource_index/packages
[20.740s] copying resource/auto_r2 -> /home/cadt-02/Documents/can_test_usb/ros2_can/install/auto_r2/share/ament_index/resource_index/packages
[20.740s] copying package.xml -> /home/cadt-02/Documents/can_test_usb/ros2_can/install/auto_r2/share/auto_r2
[24.300s] Invoked command in '/home/cadt-02/Documents/can_test_usb/ros2_can/build/auto_r2' returned '0': PYTHONPATH=/home/cadt-02/Documents/can_test_usb/ros2_can/build/auto_r2/prefix_override:/home/cadt-02/Documents/can_test_usb/ros2_can/install/auto_r2/lib/python3.8/site-packages:${PYTHONPATH} /usr/bin/python3 setup.py develop --editable --build-directory /home/cadt-02/Documents/can_test_usb/ros2_can/build/auto_r2/build --no-deps install_data
