[18.231s] Invoking command in '/home/cadt-02/Documents/can_test_usb/ros2_can/build/movement': PYTHONPATH=/home/cadt-02/Documents/can_test_usb/ros2_can/build/movement/prefix_override:/home/cadt-02/Documents/can_test_usb/ros2_can/install/movement/lib/python3.8/site-packages:${PYTHONPATH} /usr/bin/python3 setup.py develop --editable --build-directory /home/cadt-02/Documents/can_test_usb/ros2_can/build/movement/build --no-deps install_data
[20.270s] running develop
[20.270s] /home/cadt-02/.local/lib/python3.8/site-packages/setuptools/command/develop.py:42: EasyInstallDeprecationWarning: easy_install command is deprecated.
[20.271s] !!
[20.271s] 
[20.271s]         ********************************************************************************
[20.271s]         Please avoid running ``setup.py`` and ``easy_install``.
[20.271s]         Instead, use pypa/build, pypa/installer or other
[20.271s]         standards-based tools.
[20.272s] 
[20.272s]         See https://github.com/pypa/setuptools/issues/917 for details.
[20.272s]         ********************************************************************************
[20.272s] 
[20.272s] !!
[20.272s]   easy_install.initialize_options(self)
[20.497s] /home/cadt-02/.local/lib/python3.8/site-packages/setuptools/_distutils/cmd.py:66: SetuptoolsDeprecationWarning: setup.py install is deprecated.
[20.497s] !!
[20.497s] 
[20.498s]         ********************************************************************************
[20.498s]         Please avoid running ``setup.py`` directly.
[20.498s]         Instead, use pypa/build, pypa/installer or other
[20.498s]         standards-based tools.
[20.498s] 
[20.498s]         See https://blog.ganssle.io/articles/2021/10/setup-py-deprecated.html for details.
[20.498s]         ********************************************************************************
[20.499s] 
[20.499s] !!
[20.499s]   self.initialize_options()
[21.828s] running egg_info
[21.940s] writing movement.egg-info/PKG-INFO
[21.957s] writing dependency_links to movement.egg-info/dependency_links.txt
[21.961s] writing entry points to movement.egg-info/entry_points.txt
[21.964s] writing requirements to movement.egg-info/requires.txt
[21.965s] writing top-level names to movement.egg-info/top_level.txt
[22.187s] reading manifest file 'movement.egg-info/SOURCES.txt'
[22.202s] writing manifest file 'movement.egg-info/SOURCES.txt'
[22.756s] running build_ext
[22.757s] Creating /home/cadt-02/Documents/can_test_usb/ros2_can/install/movement/lib/python3.8/site-packages/movement.egg-link (link to .)
[22.785s] Installing movement script to /home/cadt-02/Documents/can_test_usb/ros2_can/install/movement/lib/movement
[22.786s] 
[22.786s] Installed /home/cadt-02/Documents/can_test_usb/ros2_can/build/movement
[22.786s] running install_data
[22.786s] copying resource/movement -> /home/cadt-02/Documents/can_test_usb/ros2_can/install/movement/share/ament_index/resource_index/packages
[22.786s] copying package.xml -> /home/cadt-02/Documents/can_test_usb/ros2_can/install/movement/share/movement
[25.749s] Invoked command in '/home/cadt-02/Documents/can_test_usb/ros2_can/build/movement' returned '0': PYTHONPATH=/home/cadt-02/Documents/can_test_usb/ros2_can/build/movement/prefix_override:/home/cadt-02/Documents/can_test_usb/ros2_can/install/movement/lib/python3.8/site-packages:${PYTHONPATH} /usr/bin/python3 setup.py develop --editable --build-directory /home/cadt-02/Documents/can_test_usb/ros2_can/build/movement/build --no-deps install_data
