[14.479s] Invoking command in '/home/cadt-02/Documents/can_test_usb/ros2_can/build/auto_r2': PYTHONPATH=/home/cadt-02/Documents/can_test_usb/ros2_can/build/auto_r2/prefix_override:/home/cadt-02/Documents/can_test_usb/ros2_can/install/auto_r2/lib/python3.8/site-packages:${PYTHONPATH} /usr/bin/python3 setup.py develop --editable --build-directory /home/cadt-02/Documents/can_test_usb/ros2_can/build/auto_r2/build --no-deps install_data
[14.883s] /home/cadt-02/.local/lib/python3.8/site-packages/setuptools/dist.py:476: SetuptoolsDeprecationWarning: Invalid dash-separated options
[14.884s] !!
[14.884s] 
[14.884s]         ********************************************************************************
[14.884s]         Usage of dash-separated 'script-dir' will not be supported in future
[14.884s]         versions. Please use the underscore name 'script_dir' instead.
[14.884s] 
[14.885s]         By 2024-Sep-26, you need to update your project and remove deprecated calls
[14.885s]         or your builds will no longer be supported.
[14.885s] 
[14.885s]         See https://setuptools.pypa.io/en/latest/userguide/declarative_config.html for details.
[14.885s]         ********************************************************************************
[14.885s] 
[14.885s] !!
[14.886s]   opt = self.warn_dash_deprecation(opt, section)
[15.486s] running develop
[15.487s] /home/cadt-02/.local/lib/python3.8/site-packages/setuptools/command/develop.py:42: EasyInstallDeprecationWarning: easy_install command is deprecated.
[15.487s] !!
[15.487s] 
[15.487s]         ********************************************************************************
[15.487s]         Please avoid running ``setup.py`` and ``easy_install``.
[15.487s]         Instead, use pypa/build, pypa/installer or other
[15.488s]         standards-based tools.
[15.488s] 
[15.488s]         See https://github.com/pypa/setuptools/issues/917 for details.
[15.488s]         ********************************************************************************
[15.488s] 
[15.488s] !!
[15.488s]   easy_install.initialize_options(self)
[15.593s] /home/cadt-02/.local/lib/python3.8/site-packages/setuptools/_distutils/cmd.py:66: SetuptoolsDeprecationWarning: setup.py install is deprecated.
[15.593s] !!
[15.593s] 
[15.594s]         ********************************************************************************
[15.594s]         Please avoid running ``setup.py`` directly.
[15.594s]         Instead, use pypa/build, pypa/installer or other
[15.594s]         standards-based tools.
[15.594s] 
[15.594s]         See https://blog.ganssle.io/articles/2021/10/setup-py-deprecated.html for details.
[15.594s]         ********************************************************************************
[15.595s] 
[15.595s] !!
[15.595s]   self.initialize_options()
[16.102s] running egg_info
[16.148s] writing auto_r2.egg-info/PKG-INFO
[16.153s] writing dependency_links to auto_r2.egg-info/dependency_links.txt
[16.157s] writing entry points to auto_r2.egg-info/entry_points.txt
[16.160s] writing requirements to auto_r2.egg-info/requires.txt
[16.163s] writing top-level names to auto_r2.egg-info/top_level.txt
[16.251s] reading manifest file 'auto_r2.egg-info/SOURCES.txt'
[16.252s] writing manifest file 'auto_r2.egg-info/SOURCES.txt'
[16.409s] running build_ext
[16.410s] Creating /home/cadt-02/Documents/can_test_usb/ros2_can/install/auto_r2/lib/python3.8/site-packages/auto-r2.egg-link (link to .)
[16.411s] Installing auto_r2 script to /home/cadt-02/Documents/can_test_usb/ros2_can/install/auto_r2/lib/auto_r2
[16.412s] 
[16.412s] Installed /home/cadt-02/Documents/can_test_usb/ros2_can/build/auto_r2
[16.413s] running install_data
[16.414s] copying resource/auto_r2 -> /home/cadt-02/Documents/can_test_usb/ros2_can/install/auto_r2/share/ament_index/resource_index/packages
[16.414s] copying package.xml -> /home/cadt-02/Documents/can_test_usb/ros2_can/install/auto_r2/share/auto_r2
[16.669s] Invoked command in '/home/cadt-02/Documents/can_test_usb/ros2_can/build/auto_r2' returned '0': PYTHONPATH=/home/cadt-02/Documents/can_test_usb/ros2_can/build/auto_r2/prefix_override:/home/cadt-02/Documents/can_test_usb/ros2_can/install/auto_r2/lib/python3.8/site-packages:${PYTHONPATH} /usr/bin/python3 setup.py develop --editable --build-directory /home/cadt-02/Documents/can_test_usb/ros2_can/build/auto_r2/build --no-deps install_data
