[13.629s] Invoking command in '/home/cadt-02/Documents/can_test_usb/ros2_can/build/ros_imu': PYTHONPATH=/home/cadt-02/Documents/can_test_usb/ros2_can/build/ros_imu/prefix_override:/home/cadt-02/Documents/can_test_usb/ros2_can/install/ros_imu/lib/python3.8/site-packages:${PYTHONPATH} /usr/bin/python3 setup.py develop --editable --build-directory /home/cadt-02/Documents/can_test_usb/ros2_can/build/ros_imu/build --no-deps install_data
[13.963s] /home/cadt-02/.local/lib/python3.8/site-packages/setuptools/dist.py:476: SetuptoolsDeprecationWarning: Invalid dash-separated options
[13.964s] !!
[13.964s] 
[13.964s]         ********************************************************************************
[13.964s]         Usage of dash-separated 'script-dir' will not be supported in future
[13.964s]         versions. Please use the underscore name 'script_dir' instead.
[13.964s] 
[13.965s]         By 2024-Sep-26, you need to update your project and remove deprecated calls
[13.965s]         or your builds will no longer be supported.
[13.965s] 
[13.965s]         See https://setuptools.pypa.io/en/latest/userguide/declarative_config.html for details.
[13.965s]         ********************************************************************************
[13.965s] 
[13.965s] !!
[13.965s]   opt = self.warn_dash_deprecation(opt, section)
[14.448s] running develop
[14.448s] /home/cadt-02/.local/lib/python3.8/site-packages/setuptools/command/develop.py:42: EasyInstallDeprecationWarning: easy_install command is deprecated.
[14.448s] !!
[14.448s] 
[14.449s]         ********************************************************************************
[14.449s]         Please avoid running ``setup.py`` and ``easy_install``.
[14.449s]         Instead, use pypa/build, pypa/installer or other
[14.449s]         standards-based tools.
[14.449s] 
[14.449s]         See https://github.com/pypa/setuptools/issues/917 for details.
[14.449s]         ********************************************************************************
[14.449s] 
[14.450s] !!
[14.450s]   easy_install.initialize_options(self)
[14.535s] /home/cadt-02/.local/lib/python3.8/site-packages/setuptools/_distutils/cmd.py:66: SetuptoolsDeprecationWarning: setup.py install is deprecated.
[14.535s] !!
[14.535s] 
[14.535s]         ********************************************************************************
[14.535s]         Please avoid running ``setup.py`` directly.
[14.535s]         Instead, use pypa/build, pypa/installer or other
[14.535s]         standards-based tools.
[14.536s] 
[14.536s]         See https://blog.ganssle.io/articles/2021/10/setup-py-deprecated.html for details.
[14.536s]         ********************************************************************************
[14.536s] 
[14.536s] !!
[14.536s]   self.initialize_options()
[14.979s] running egg_info
[15.020s] writing ros_imu.egg-info/PKG-INFO
[15.021s] writing dependency_links to ros_imu.egg-info/dependency_links.txt
[15.022s] writing entry points to ros_imu.egg-info/entry_points.txt
[15.022s] writing requirements to ros_imu.egg-info/requires.txt
[15.023s] writing top-level names to ros_imu.egg-info/top_level.txt
[15.111s] reading manifest file 'ros_imu.egg-info/SOURCES.txt'
[15.113s] writing manifest file 'ros_imu.egg-info/SOURCES.txt'
[15.264s] running build_ext
[15.264s] Creating /home/cadt-02/Documents/can_test_usb/ros2_can/install/ros_imu/lib/python3.8/site-packages/ros-imu.egg-link (link to .)
[15.266s] Installing ros_imu script to /home/cadt-02/Documents/can_test_usb/ros2_can/install/ros_imu/lib/ros_imu
[15.266s] 
[15.267s] Installed /home/cadt-02/Documents/can_test_usb/ros2_can/build/ros_imu
[15.267s] running install_data
[15.267s] copying resource/ros_imu -> /home/cadt-02/Documents/can_test_usb/ros2_can/install/ros_imu/share/ament_index/resource_index/packages
[15.267s] copying package.xml -> /home/cadt-02/Documents/can_test_usb/ros2_can/install/ros_imu/share/ros_imu
[15.369s] Invoked command in '/home/cadt-02/Documents/can_test_usb/ros2_can/build/ros_imu' returned '0': PYTHONPATH=/home/cadt-02/Documents/can_test_usb/ros2_can/build/ros_imu/prefix_override:/home/cadt-02/Documents/can_test_usb/ros2_can/install/ros_imu/lib/python3.8/site-packages:${PYTHONPATH} /usr/bin/python3 setup.py develop --editable --build-directory /home/cadt-02/Documents/can_test_usb/ros2_can/build/ros_imu/build --no-deps install_data
