[13.145s] Invoking command in '/home/cadt-02/Documents/can_test_usb/ros2_can/build/ros_imu': PYTHONPATH=/home/cadt-02/Documents/can_test_usb/ros2_can/build/ros_imu/prefix_override:/home/cadt-02/Documents/can_test_usb/ros2_can/install/ros_imu/lib/python3.8/site-packages:${PYTHONPATH} /usr/bin/python3 setup.py develop --uninstall --editable --build-directory /home/cadt-02/Documents/can_test_usb/ros2_can/build/ros_imu/build
[13.487s] /home/cadt-02/.local/lib/python3.8/site-packages/setuptools/dist.py:476: SetuptoolsDeprecationWarning: Invalid dash-separated options
[13.487s] !!
[13.488s] 
[13.488s]         ********************************************************************************
[13.488s]         Usage of dash-separated 'script-dir' will not be supported in future
[13.488s]         versions. Please use the underscore name 'script_dir' instead.
[13.488s] 
[13.488s]         By 2024-Sep-26, you need to update your project and remove deprecated calls
[13.488s]         or your builds will no longer be supported.
[13.489s] 
[13.489s]         See https://setuptools.pypa.io/en/latest/userguide/declarative_config.html for details.
[13.489s]         ********************************************************************************
[13.489s] 
[13.489s] !!
[13.489s]   opt = self.warn_dash_deprecation(opt, section)
[13.943s] running develop
[13.945s] /home/cadt-02/.local/lib/python3.8/site-packages/setuptools/command/develop.py:42: EasyInstallDeprecationWarning: easy_install command is deprecated.
[13.945s] !!
[13.945s] 
[13.946s]         ********************************************************************************
[13.946s]         Please avoid running ``setup.py`` and ``easy_install``.
[13.946s]         Instead, use pypa/build, pypa/installer or other
[13.946s]         standards-based tools.
[13.946s] 
[13.946s]         See https://github.com/pypa/setuptools/issues/917 for details.
[13.946s]         ********************************************************************************
[13.946s] 
[13.947s] !!
[13.947s]   easy_install.initialize_options(self)
[14.037s] /home/cadt-02/.local/lib/python3.8/site-packages/setuptools/_distutils/cmd.py:66: SetuptoolsDeprecationWarning: setup.py install is deprecated.
[14.037s] !!
[14.038s] 
[14.038s]         ********************************************************************************
[14.038s]         Please avoid running ``setup.py`` directly.
[14.038s]         Instead, use pypa/build, pypa/installer or other
[14.038s]         standards-based tools.
[14.038s] 
[14.038s]         See https://blog.ganssle.io/articles/2021/10/setup-py-deprecated.html for details.
[14.039s]         ********************************************************************************
[14.039s] 
[14.039s] !!
[14.039s]   self.initialize_options()
[14.500s] Removing /home/cadt-02/Documents/can_test_usb/ros2_can/install/ros_imu/lib/python3.8/site-packages/ros-imu.egg-link (link to .)
[14.632s] Invoked command in '/home/cadt-02/Documents/can_test_usb/ros2_can/build/ros_imu' returned '0': PYTHONPATH=/home/cadt-02/Documents/can_test_usb/ros2_can/build/ros_imu/prefix_override:/home/cadt-02/Documents/can_test_usb/ros2_can/install/ros_imu/lib/python3.8/site-packages:${PYTHONPATH} /usr/bin/python3 setup.py develop --uninstall --editable --build-directory /home/cadt-02/Documents/can_test_usb/ros2_can/build/ros_imu/build
[14.640s] Invoking command in '/home/cadt-02/Documents/can_test_usb/ros2_can/src/ros_imu': PYTHONPATH=/home/cadt-02/Documents/can_test_usb/ros2_can/build/ros_imu/prefix_override:/home/cadt-02/Documents/can_test_usb/ros2_can/install/ros_imu/lib/python3.8/site-packages:${PYTHONPATH} /usr/bin/python3 setup.py egg_info --egg-base ../../build/ros_imu build --build-base /home/cadt-02/Documents/can_test_usb/ros2_can/build/ros_imu/build install --record /home/cadt-02/Documents/can_test_usb/ros2_can/build/ros_imu/install.log --install-scripts $base/lib/ros_imu --single-version-externally-managed
[14.973s] /home/cadt-02/.local/lib/python3.8/site-packages/setuptools/dist.py:476: SetuptoolsDeprecationWarning: Invalid dash-separated options
[14.973s] !!
[14.973s] 
[14.973s]         ********************************************************************************
[14.974s]         Usage of dash-separated 'script-dir' will not be supported in future
[14.974s]         versions. Please use the underscore name 'script_dir' instead.
[14.974s] 
[14.974s]         By 2024-Sep-26, you need to update your project and remove deprecated calls
[14.974s]         or your builds will no longer be supported.
[14.974s] 
[14.974s]         See https://setuptools.pypa.io/en/latest/userguide/declarative_config.html for details.
[14.974s]         ********************************************************************************
[14.975s] 
[14.975s] !!
[14.975s]   opt = self.warn_dash_deprecation(opt, section)
[15.243s] running egg_info
[15.287s] writing ../../build/ros_imu/ros_imu.egg-info/PKG-INFO
[15.288s] writing dependency_links to ../../build/ros_imu/ros_imu.egg-info/dependency_links.txt
[15.289s] writing entry points to ../../build/ros_imu/ros_imu.egg-info/entry_points.txt
[15.289s] writing requirements to ../../build/ros_imu/ros_imu.egg-info/requires.txt
[15.289s] writing top-level names to ../../build/ros_imu/ros_imu.egg-info/top_level.txt
[15.625s] reading manifest file '../../build/ros_imu/ros_imu.egg-info/SOURCES.txt'
[15.626s] writing manifest file '../../build/ros_imu/ros_imu.egg-info/SOURCES.txt'
[15.627s] running build
[15.627s] running build_py
[15.628s] creating /home/cadt-02/Documents/can_test_usb/ros2_can/build/ros_imu/build
[15.628s] creating /home/cadt-02/Documents/can_test_usb/ros2_can/build/ros_imu/build/lib
[15.628s] creating /home/cadt-02/Documents/can_test_usb/ros2_can/build/ros_imu/build/lib/ros_imu
[15.629s] copying ros_imu/ros_imu.py -> /home/cadt-02/Documents/can_test_usb/ros2_can/build/ros_imu/build/lib/ros_imu
[15.629s] copying ros_imu/__init__.py -> /home/cadt-02/Documents/can_test_usb/ros2_can/build/ros_imu/build/lib/ros_imu
[15.630s] running install
[15.631s] /home/cadt-02/.local/lib/python3.8/site-packages/setuptools/_distutils/cmd.py:66: SetuptoolsDeprecationWarning: setup.py install is deprecated.
[15.631s] !!
[15.631s] 
[15.631s]         ********************************************************************************
[15.631s]         Please avoid running ``setup.py`` directly.
[15.631s]         Instead, use pypa/build, pypa/installer or other
[15.631s]         standards-based tools.
[15.632s] 
[15.632s]         See https://blog.ganssle.io/articles/2021/10/setup-py-deprecated.html for details.
[15.632s]         ********************************************************************************
[15.632s] 
[15.632s] !!
[15.632s]   self.initialize_options()
[15.641s] running install_lib
[15.685s] creating /home/cadt-02/Documents/can_test_usb/ros2_can/install/ros_imu/lib/python3.8/site-packages/ros_imu
[15.686s] copying /home/cadt-02/Documents/can_test_usb/ros2_can/build/ros_imu/build/lib/ros_imu/ros_imu.py -> /home/cadt-02/Documents/can_test_usb/ros2_can/install/ros_imu/lib/python3.8/site-packages/ros_imu
[15.686s] copying /home/cadt-02/Documents/can_test_usb/ros2_can/build/ros_imu/build/lib/ros_imu/__init__.py -> /home/cadt-02/Documents/can_test_usb/ros2_can/install/ros_imu/lib/python3.8/site-packages/ros_imu
[15.687s] byte-compiling /home/cadt-02/Documents/can_test_usb/ros2_can/install/ros_imu/lib/python3.8/site-packages/ros_imu/ros_imu.py to ros_imu.cpython-38.pyc
[15.690s] byte-compiling /home/cadt-02/Documents/can_test_usb/ros2_can/install/ros_imu/lib/python3.8/site-packages/ros_imu/__init__.py to __init__.cpython-38.pyc
[15.691s] running install_data
[15.734s] copying resource/ros_imu -> /home/cadt-02/Documents/can_test_usb/ros2_can/install/ros_imu/share/ament_index/resource_index/packages
[15.734s] copying package.xml -> /home/cadt-02/Documents/can_test_usb/ros2_can/install/ros_imu/share/ros_imu
[15.735s] running install_egg_info
[15.779s] Copying ../../build/ros_imu/ros_imu.egg-info to /home/cadt-02/Documents/can_test_usb/ros2_can/install/ros_imu/lib/python3.8/site-packages/ros_imu-0.0.0-py3.8.egg-info
[15.781s] running install_scripts
[15.887s] Installing ros_imu script to /home/cadt-02/Documents/can_test_usb/ros2_can/install/ros_imu/lib/ros_imu
[15.888s] writing list of installed files to '/home/cadt-02/Documents/can_test_usb/ros2_can/build/ros_imu/install.log'
[15.974s] Invoked command in '/home/cadt-02/Documents/can_test_usb/ros2_can/src/ros_imu' returned '0': PYTHONPATH=/home/cadt-02/Documents/can_test_usb/ros2_can/build/ros_imu/prefix_override:/home/cadt-02/Documents/can_test_usb/ros2_can/install/ros_imu/lib/python3.8/site-packages:${PYTHONPATH} /usr/bin/python3 setup.py egg_info --egg-base ../../build/ros_imu build --build-base /home/cadt-02/Documents/can_test_usb/ros2_can/build/ros_imu/build install --record /home/cadt-02/Documents/can_test_usb/ros2_can/build/ros_imu/install.log --install-scripts $base/lib/ros_imu --single-version-externally-managed
