[13.726s] Invoking command in '/home/cadt-02/Documents/can_test_usb/ros2_can/build/my_package': PYTHONPATH=/home/cadt-02/Documents/can_test_usb/ros2_can/build/my_package/prefix_override:/home/cadt-02/Documents/can_test_usb/ros2_can/install/my_package/lib/python3.8/site-packages:${PYTHONPATH} /usr/bin/python3 setup.py develop --editable --build-directory /home/cadt-02/Documents/can_test_usb/ros2_can/build/my_package/build --no-deps install_data
[14.108s] /home/cadt-02/.local/lib/python3.8/site-packages/setuptools/dist.py:476: SetuptoolsDeprecationWarning: Invalid dash-separated options
[14.108s] !!
[14.108s] 
[14.108s]         ********************************************************************************
[14.108s]         Usage of dash-separated 'build-base' will not be supported in future
[14.109s]         versions. Please use the underscore name 'build_base' instead.
[14.109s] 
[14.109s]         By 2024-Sep-26, you need to update your project and remove deprecated calls
[14.109s]         or your builds will no longer be supported.
[14.109s] 
[14.109s]         See https://setuptools.pypa.io/en/latest/userguide/declarative_config.html for details.
[14.109s]         ********************************************************************************
[14.109s] 
[14.110s] !!
[14.110s]   opt = self.warn_dash_deprecation(opt, section)
[14.648s] running develop
[14.648s] /home/cadt-02/.local/lib/python3.8/site-packages/setuptools/command/develop.py:42: EasyInstallDeprecationWarning: easy_install command is deprecated.
[14.649s] !!
[14.649s] 
[14.649s]         ********************************************************************************
[14.649s]         Please avoid running ``setup.py`` and ``easy_install``.
[14.649s]         Instead, use pypa/build, pypa/installer or other
[14.649s]         standards-based tools.
[14.649s] 
[14.649s]         See https://github.com/pypa/setuptools/issues/917 for details.
[14.650s]         ********************************************************************************
[14.650s] 
[14.650s] !!
[14.650s]   easy_install.initialize_options(self)
[14.744s] /home/cadt-02/.local/lib/python3.8/site-packages/setuptools/_distutils/cmd.py:66: SetuptoolsDeprecationWarning: setup.py install is deprecated.
[14.745s] !!
[14.745s] 
[14.745s]         ********************************************************************************
[14.745s]         Please avoid running ``setup.py`` directly.
[14.745s]         Instead, use pypa/build, pypa/installer or other
[14.745s]         standards-based tools.
[14.745s] 
[14.745s]         See https://blog.ganssle.io/articles/2021/10/setup-py-deprecated.html for details.
[14.746s]         ********************************************************************************
[14.746s] 
[14.746s] !!
[14.746s]   self.initialize_options()
[15.232s] running egg_info
[15.277s] writing my_package.egg-info/PKG-INFO
[15.277s] writing dependency_links to my_package.egg-info/dependency_links.txt
[15.279s] writing entry points to my_package.egg-info/entry_points.txt
[15.280s] writing requirements to my_package.egg-info/requires.txt
[15.280s] writing top-level names to my_package.egg-info/top_level.txt
[15.380s] reading manifest file 'my_package.egg-info/SOURCES.txt'
[15.382s] writing manifest file 'my_package.egg-info/SOURCES.txt'
[15.555s] running build_ext
[15.555s] Creating /home/cadt-02/Documents/can_test_usb/ros2_can/install/my_package/lib/python3.8/site-packages/my-package.egg-link (link to .)
[15.558s] Installing live_detection_node script to /home/cadt-02/Documents/can_test_usb/ros2_can/install/my_package/lib/my_package
[15.559s] Installing main script to /home/cadt-02/Documents/can_test_usb/ros2_can/install/my_package/lib/my_package
[15.559s] Installing my_node script to /home/cadt-02/Documents/can_test_usb/ros2_can/install/my_package/lib/my_package
[15.559s] Installing reinforcement_r2 script to /home/cadt-02/Documents/can_test_usb/ros2_can/install/my_package/lib/my_package
[15.560s] 
[15.561s] Installed /home/cadt-02/Documents/can_test_usb/ros2_can/build/my_package
[15.561s] running install_data
[15.562s] copying resource/my_package -> /home/cadt-02/Documents/can_test_usb/ros2_can/install/my_package/share/ament_index/resource_index/packages
[15.562s] copying package.xml -> /home/cadt-02/Documents/can_test_usb/ros2_can/install/my_package/share/my_package
[22.097s] Invoked command in '/home/cadt-02/Documents/can_test_usb/ros2_can/build/my_package' returned '0': PYTHONPATH=/home/cadt-02/Documents/can_test_usb/ros2_can/build/my_package/prefix_override:/home/cadt-02/Documents/can_test_usb/ros2_can/install/my_package/lib/python3.8/site-packages:${PYTHONPATH} /usr/bin/python3 setup.py develop --editable --build-directory /home/cadt-02/Documents/can_test_usb/ros2_can/build/my_package/build --no-deps install_data
