[19.772s] Invoking command in '/home/cadt-02/Documents/can_test_usb/ros2_can/build/auto_r2': PYTHONPATH=/home/cadt-02/Documents/can_test_usb/ros2_can/build/auto_r2/prefix_override:/home/cadt-02/Documents/can_test_usb/ros2_can/install/auto_r2/lib/python3.8/site-packages:${PYTHONPATH} /usr/bin/python3 setup.py develop --editable --build-directory /home/cadt-02/Documents/can_test_usb/ros2_can/build/auto_r2/build --no-deps install_data
[20.215s] /home/cadt-02/.local/lib/python3.8/site-packages/setuptools/dist.py:476: SetuptoolsDeprecationWarning: Invalid dash-separated options
[20.216s] !!
[20.216s] 
[20.216s]         ********************************************************************************
[20.216s]         Usage of dash-separated 'script-dir' will not be supported in future
[20.216s]         versions. Please use the underscore name 'script_dir' instead.
[20.217s] 
[20.217s]         By 2024-Sep-26, you need to update your project and remove deprecated calls
[20.217s]         or your builds will no longer be supported.
[20.217s] 
[20.217s]         See https://setuptools.pypa.io/en/latest/userguide/declarative_config.html for details.
[20.217s]         ********************************************************************************
[20.218s] 
[20.218s] !!
[20.218s]   opt = self.warn_dash_deprecation(opt, section)
[21.140s] running develop
[21.140s] /home/cadt-02/.local/lib/python3.8/site-packages/setuptools/command/develop.py:42: EasyInstallDeprecationWarning: easy_install command is deprecated.
[21.141s] !!
[21.141s] 
[21.141s]         ********************************************************************************
[21.141s]         Please avoid running ``setup.py`` and ``easy_install``.
[21.141s]         Instead, use pypa/build, pypa/installer or other
[21.141s]         standards-based tools.
[21.141s] 
[21.142s]         See https://github.com/pypa/setuptools/issues/917 for details.
[21.142s]         ********************************************************************************
[21.142s] 
[21.142s] !!
[21.142s]   easy_install.initialize_options(self)
[21.254s] /home/cadt-02/.local/lib/python3.8/site-packages/setuptools/_distutils/cmd.py:66: SetuptoolsDeprecationWarning: setup.py install is deprecated.
[21.254s] !!
[21.255s] 
[21.255s]         ********************************************************************************
[21.255s]         Please avoid running ``setup.py`` directly.
[21.255s]         Instead, use pypa/build, pypa/installer or other
[21.255s]         standards-based tools.
[21.255s] 
[21.255s]         See https://blog.ganssle.io/articles/2021/10/setup-py-deprecated.html for details.
[21.255s]         ********************************************************************************
[21.256s] 
[21.256s] !!
[21.256s]   self.initialize_options()
[21.950s] running egg_info
[21.996s] writing auto_r2.egg-info/PKG-INFO
[22.001s] writing dependency_links to auto_r2.egg-info/dependency_links.txt
[22.003s] writing entry points to auto_r2.egg-info/entry_points.txt
[22.004s] writing requirements to auto_r2.egg-info/requires.txt
[22.004s] writing top-level names to auto_r2.egg-info/top_level.txt
[22.118s] reading manifest file 'auto_r2.egg-info/SOURCES.txt'
[22.124s] writing manifest file 'auto_r2.egg-info/SOURCES.txt'
[22.335s] running build_ext
[22.336s] Creating /home/cadt-02/Documents/can_test_usb/ros2_can/install/auto_r2/lib/python3.8/site-packages/auto-r2.egg-link (link to .)
[22.339s] Installing auto_r2 script to /home/cadt-02/Documents/can_test_usb/ros2_can/install/auto_r2/lib/auto_r2
[22.341s] 
[22.342s] Installed /home/cadt-02/Documents/can_test_usb/ros2_can/build/auto_r2
[22.343s] running install_data
[22.344s] copying resource/auto_r2 -> /home/cadt-02/Documents/can_test_usb/ros2_can/install/auto_r2/share/ament_index/resource_index/packages
[22.347s] copying package.xml -> /home/cadt-02/Documents/can_test_usb/ros2_can/install/auto_r2/share/auto_r2
[28.381s] Invoked command in '/home/cadt-02/Documents/can_test_usb/ros2_can/build/auto_r2' returned '0': PYTHONPATH=/home/cadt-02/Documents/can_test_usb/ros2_can/build/auto_r2/prefix_override:/home/cadt-02/Documents/can_test_usb/ros2_can/install/auto_r2/lib/python3.8/site-packages:${PYTHONPATH} /usr/bin/python3 setup.py develop --editable --build-directory /home/cadt-02/Documents/can_test_usb/ros2_can/build/auto_r2/build --no-deps install_data
