[10.837s] Invoking command in '/home/cadt-02/Documents/can_test_usb/ros2_can/build/ros_imu': PYTHONPATH=/home/cadt-02/Documents/can_test_usb/ros2_can/build/ros_imu/prefix_override:/home/cadt-02/Documents/can_test_usb/ros2_can/install/ros_imu/lib/python3.8/site-packages:${PYTHONPATH} /usr/bin/python3 setup.py develop --editable --build-directory /home/cadt-02/Documents/can_test_usb/ros2_can/build/ros_imu/build --no-deps install_data
[11.199s] /home/cadt-02/.local/lib/python3.8/site-packages/setuptools/dist.py:476: SetuptoolsDeprecationWarning: Invalid dash-separated options
[11.200s] !!
[11.200s] 
[11.200s]         ********************************************************************************
[11.201s]         Usage of dash-separated 'script-dir' will not be supported in future
[11.201s]         versions. Please use the underscore name 'script_dir' instead.
[11.201s] 
[11.201s]         By 2024-Sep-26, you need to update your project and remove deprecated calls
[11.201s]         or your builds will no longer be supported.
[11.201s] 
[11.201s]         See https://setuptools.pypa.io/en/latest/userguide/declarative_config.html for details.
[11.202s]         ********************************************************************************
[11.202s] 
[11.202s] !!
[11.202s]   opt = self.warn_dash_deprecation(opt, section)
[11.725s] running develop
[11.725s] /home/cadt-02/.local/lib/python3.8/site-packages/setuptools/command/develop.py:42: EasyInstallDeprecationWarning: easy_install command is deprecated.
[11.725s] !!
[11.725s] 
[11.725s]         ********************************************************************************
[11.726s]         Please avoid running ``setup.py`` and ``easy_install``.
[11.726s]         Instead, use pypa/build, pypa/installer or other
[11.726s]         standards-based tools.
[11.726s] 
[11.726s]         See https://github.com/pypa/setuptools/issues/917 for details.
[11.726s]         ********************************************************************************
[11.726s] 
[11.726s] !!
[11.727s]   easy_install.initialize_options(self)
[11.818s] /home/cadt-02/.local/lib/python3.8/site-packages/setuptools/_distutils/cmd.py:66: SetuptoolsDeprecationWarning: setup.py install is deprecated.
[11.819s] !!
[11.819s] 
[11.819s]         ********************************************************************************
[11.819s]         Please avoid running ``setup.py`` directly.
[11.820s]         Instead, use pypa/build, pypa/installer or other
[11.820s]         standards-based tools.
[11.820s] 
[11.820s]         See https://blog.ganssle.io/articles/2021/10/setup-py-deprecated.html for details.
[11.820s]         ********************************************************************************
[11.820s] 
[11.820s] !!
[11.820s]   self.initialize_options()
[12.309s] running egg_info
[12.352s] writing ros_imu.egg-info/PKG-INFO
[12.354s] writing dependency_links to ros_imu.egg-info/dependency_links.txt
[12.354s] writing entry points to ros_imu.egg-info/entry_points.txt
[12.355s] writing requirements to ros_imu.egg-info/requires.txt
[12.355s] writing top-level names to ros_imu.egg-info/top_level.txt
[12.452s] reading manifest file 'ros_imu.egg-info/SOURCES.txt'
[12.454s] writing manifest file 'ros_imu.egg-info/SOURCES.txt'
[12.632s] running build_ext
[12.632s] Creating /home/cadt-02/Documents/can_test_usb/ros2_can/install/ros_imu/lib/python3.8/site-packages/ros-imu.egg-link (link to .)
[12.634s] Installing ros_imu script to /home/cadt-02/Documents/can_test_usb/ros2_can/install/ros_imu/lib/ros_imu
[12.635s] 
[12.635s] Installed /home/cadt-02/Documents/can_test_usb/ros2_can/build/ros_imu
[12.635s] running install_data
[12.635s] copying resource/ros_imu -> /home/cadt-02/Documents/can_test_usb/ros2_can/install/ros_imu/share/ament_index/resource_index/packages
[12.636s] copying package.xml -> /home/cadt-02/Documents/can_test_usb/ros2_can/install/ros_imu/share/ros_imu
[15.139s] Invoked command in '/home/cadt-02/Documents/can_test_usb/ros2_can/build/ros_imu' returned '0': PYTHONPATH=/home/cadt-02/Documents/can_test_usb/ros2_can/build/ros_imu/prefix_override:/home/cadt-02/Documents/can_test_usb/ros2_can/install/ros_imu/lib/python3.8/site-packages:${PYTHONPATH} /usr/bin/python3 setup.py develop --editable --build-directory /home/cadt-02/Documents/can_test_usb/ros2_can/build/ros_imu/build --no-deps install_data
