[15.353s] Invoking command in '/home/cadt-02/Documents/can_test_usb/ros2_can/build/my_robot': PYTHONPATH=/home/cadt-02/Documents/can_test_usb/ros2_can/build/my_robot/prefix_override:/home/cadt-02/Documents/can_test_usb/ros2_can/install/my_robot/lib/python3.8/site-packages:${PYTHONPATH} /usr/bin/python3 setup.py develop --editable --build-directory /home/cadt-02/Documents/can_test_usb/ros2_can/build/my_robot/build --no-deps install_data
[16.226s] /home/cadt-02/.local/lib/python3.8/site-packages/setuptools/dist.py:476: SetuptoolsDeprecationWarning: Invalid dash-separated options
[16.226s] !!
[16.226s] 
[16.226s]         ********************************************************************************
[16.226s]         Usage of dash-separated 'script-dir' will not be supported in future
[16.226s]         versions. Please use the underscore name 'script_dir' instead.
[16.227s] 
[16.227s]         By 2024-Sep-26, you need to update your project and remove deprecated calls
[16.227s]         or your builds will no longer be supported.
[16.227s] 
[16.227s]         See https://setuptools.pypa.io/en/latest/userguide/declarative_config.html for details.
[16.227s]         ********************************************************************************
[16.227s] 
[16.228s] !!
[16.228s]   opt = self.warn_dash_deprecation(opt, section)
[17.347s] running develop
[17.348s] /home/cadt-02/.local/lib/python3.8/site-packages/setuptools/command/develop.py:42: EasyInstallDeprecationWarning: easy_install command is deprecated.
[17.348s] !!
[17.356s] 
[17.356s]         ********************************************************************************
[17.358s]         Please avoid running ``setup.py`` and ``easy_install``.
[17.358s]         Instead, use pypa/build, pypa/installer or other
[17.358s]         standards-based tools.
[17.358s] 
[17.359s]         See https://github.com/pypa/setuptools/issues/917 for details.
[17.359s]         ********************************************************************************
[17.359s] 
[17.359s] !!
[17.359s]   easy_install.initialize_options(self)
[17.497s] /home/cadt-02/.local/lib/python3.8/site-packages/setuptools/_distutils/cmd.py:66: SetuptoolsDeprecationWarning: setup.py install is deprecated.
[17.497s] !!
[17.498s] 
[17.498s]         ********************************************************************************
[17.498s]         Please avoid running ``setup.py`` directly.
[17.498s]         Instead, use pypa/build, pypa/installer or other
[17.498s]         standards-based tools.
[17.498s] 
[17.499s]         See https://blog.ganssle.io/articles/2021/10/setup-py-deprecated.html for details.
[17.499s]         ********************************************************************************
[17.499s] 
[17.499s] !!
[17.499s]   self.initialize_options()
[18.818s] running egg_info
[18.928s] writing my_robot.egg-info/PKG-INFO
[18.934s] writing dependency_links to my_robot.egg-info/dependency_links.txt
[18.946s] writing entry points to my_robot.egg-info/entry_points.txt
[18.946s] writing requirements to my_robot.egg-info/requires.txt
[18.959s] writing top-level names to my_robot.egg-info/top_level.txt
[19.289s] reading manifest file 'my_robot.egg-info/SOURCES.txt'
[19.297s] writing manifest file 'my_robot.egg-info/SOURCES.txt'
[19.973s] running build_ext
[19.973s] Creating /home/cadt-02/Documents/can_test_usb/ros2_can/install/my_robot/lib/python3.8/site-packages/my-robot.egg-link (link to .)
[19.974s] Installing my_robot script to /home/cadt-02/Documents/can_test_usb/ros2_can/install/my_robot/lib/my_robot
[19.974s] 
[19.974s] Installed /home/cadt-02/Documents/can_test_usb/ros2_can/build/my_robot
[19.974s] running install_data
[19.974s] copying resource/my_robot -> /home/cadt-02/Documents/can_test_usb/ros2_can/install/my_robot/share/ament_index/resource_index/packages
[19.974s] copying package.xml -> /home/cadt-02/Documents/can_test_usb/ros2_can/install/my_robot/share/my_robot
[25.304s] Invoked command in '/home/cadt-02/Documents/can_test_usb/ros2_can/build/my_robot' returned '0': PYTHONPATH=/home/cadt-02/Documents/can_test_usb/ros2_can/build/my_robot/prefix_override:/home/cadt-02/Documents/can_test_usb/ros2_can/install/my_robot/lib/python3.8/site-packages:${PYTHONPATH} /usr/bin/python3 setup.py develop --editable --build-directory /home/cadt-02/Documents/can_test_usb/ros2_can/build/my_robot/build --no-deps install_data
