[16.648s] Invoking command in '/home/cadt-02/Documents/can_test_usb/ros2_can/build/movement': PYTHONPATH=/home/cadt-02/Documents/can_test_usb/ros2_can/build/movement/prefix_override:/home/cadt-02/Documents/can_test_usb/ros2_can/install/movement/lib/python3.8/site-packages:${PYTHONPATH} /usr/bin/python3 setup.py develop --editable --build-directory /home/cadt-02/Documents/can_test_usb/ros2_can/build/movement/build --no-deps install_data
[17.703s] running develop
[17.704s] /home/cadt-02/.local/lib/python3.8/site-packages/setuptools/command/develop.py:42: EasyInstallDeprecationWarning: easy_install command is deprecated.
[17.704s] !!
[17.704s] 
[17.704s]         ********************************************************************************
[17.705s]         Please avoid running ``setup.py`` and ``easy_install``.
[17.705s]         Instead, use pypa/build, pypa/installer or other
[17.705s]         standards-based tools.
[17.706s] 
[17.706s]         See https://github.com/pypa/setuptools/issues/917 for details.
[17.706s]         ********************************************************************************
[17.706s] 
[17.707s] !!
[17.707s]   easy_install.initialize_options(self)
[17.816s] /home/cadt-02/.local/lib/python3.8/site-packages/setuptools/_distutils/cmd.py:66: SetuptoolsDeprecationWarning: setup.py install is deprecated.
[17.817s] !!
[17.817s] 
[17.817s]         ********************************************************************************
[17.817s]         Please avoid running ``setup.py`` directly.
[17.817s]         Instead, use pypa/build, pypa/installer or other
[17.817s]         standards-based tools.
[17.818s] 
[17.818s]         See https://blog.ganssle.io/articles/2021/10/setup-py-deprecated.html for details.
[17.818s]         ********************************************************************************
[17.818s] 
[17.818s] !!
[17.818s]   self.initialize_options()
[18.375s] running egg_info
[18.423s] writing movement.egg-info/PKG-INFO
[18.424s] writing dependency_links to movement.egg-info/dependency_links.txt
[18.430s] writing entry points to movement.egg-info/entry_points.txt
[18.433s] writing requirements to movement.egg-info/requires.txt
[18.437s] writing top-level names to movement.egg-info/top_level.txt
[18.619s] reading manifest file 'movement.egg-info/SOURCES.txt'
[18.619s] writing manifest file 'movement.egg-info/SOURCES.txt'
[18.802s] running build_ext
[18.803s] Creating /home/cadt-02/Documents/can_test_usb/ros2_can/install/movement/lib/python3.8/site-packages/movement.egg-link (link to .)
[18.806s] Installing movement script to /home/cadt-02/Documents/can_test_usb/ros2_can/install/movement/lib/movement
[18.806s] Installing smart_driver_send script to /home/cadt-02/Documents/can_test_usb/ros2_can/install/movement/lib/movement
[18.808s] 
[18.808s] Installed /home/cadt-02/Documents/can_test_usb/ros2_can/build/movement
[18.809s] running install_data
[18.809s] copying resource/movement -> /home/cadt-02/Documents/can_test_usb/ros2_can/install/movement/share/ament_index/resource_index/packages
[18.810s] copying package.xml -> /home/cadt-02/Documents/can_test_usb/ros2_can/install/movement/share/movement
[24.387s] Invoked command in '/home/cadt-02/Documents/can_test_usb/ros2_can/build/movement' returned '0': PYTHONPATH=/home/cadt-02/Documents/can_test_usb/ros2_can/build/movement/prefix_override:/home/cadt-02/Documents/can_test_usb/ros2_can/install/movement/lib/python3.8/site-packages:${PYTHONPATH} /usr/bin/python3 setup.py develop --editable --build-directory /home/cadt-02/Documents/can_test_usb/ros2_can/build/movement/build --no-deps install_data
