[13.938s] Invoking command in '/home/cadt-02/Documents/can_test_usb/ros2_can/build/my_package': PYTHONPATH=/home/cadt-02/Documents/can_test_usb/ros2_can/build/my_package/prefix_override:/home/cadt-02/Documents/can_test_usb/ros2_can/install/my_package/lib/python3.8/site-packages:${PYTHONPATH} /usr/bin/python3 setup.py develop --editable --build-directory /home/cadt-02/Documents/can_test_usb/ros2_can/build/my_package/build --no-deps install_data
[14.334s] /home/cadt-02/.local/lib/python3.8/site-packages/setuptools/dist.py:476: SetuptoolsDeprecationWarning: Invalid dash-separated options
[14.334s] !!
[14.334s] 
[14.334s]         ********************************************************************************
[14.334s]         Usage of dash-separated 'build-base' will not be supported in future
[14.335s]         versions. Please use the underscore name 'build_base' instead.
[14.335s] 
[14.335s]         By 2024-Sep-26, you need to update your project and remove deprecated calls
[14.335s]         or your builds will no longer be supported.
[14.335s] 
[14.335s]         See https://setuptools.pypa.io/en/latest/userguide/declarative_config.html for details.
[14.335s]         ********************************************************************************
[14.336s] 
[14.336s] !!
[14.336s]   opt = self.warn_dash_deprecation(opt, section)
[15.077s] running develop
[15.077s] /home/cadt-02/.local/lib/python3.8/site-packages/setuptools/command/develop.py:42: EasyInstallDeprecationWarning: easy_install command is deprecated.
[15.078s] !!
[15.078s] 
[15.078s]         ********************************************************************************
[15.078s]         Please avoid running ``setup.py`` and ``easy_install``.
[15.078s]         Instead, use pypa/build, pypa/installer or other
[15.078s]         standards-based tools.
[15.079s] 
[15.079s]         See https://github.com/pypa/setuptools/issues/917 for details.
[15.079s]         ********************************************************************************
[15.079s] 
[15.079s] !!
[15.079s]   easy_install.initialize_options(self)
[15.226s] /home/cadt-02/.local/lib/python3.8/site-packages/setuptools/_distutils/cmd.py:66: SetuptoolsDeprecationWarning: setup.py install is deprecated.
[15.226s] !!
[15.227s] 
[15.227s]         ********************************************************************************
[15.227s]         Please avoid running ``setup.py`` directly.
[15.227s]         Instead, use pypa/build, pypa/installer or other
[15.227s]         standards-based tools.
[15.227s] 
[15.228s]         See https://blog.ganssle.io/articles/2021/10/setup-py-deprecated.html for details.
[15.228s]         ********************************************************************************
[15.228s] 
[15.228s] !!
[15.228s]   self.initialize_options()
[15.747s] running egg_info
[15.791s] writing my_package.egg-info/PKG-INFO
[15.793s] writing dependency_links to my_package.egg-info/dependency_links.txt
[15.794s] writing entry points to my_package.egg-info/entry_points.txt
[15.795s] writing requirements to my_package.egg-info/requires.txt
[15.796s] writing top-level names to my_package.egg-info/top_level.txt
[15.898s] reading manifest file 'my_package.egg-info/SOURCES.txt'
[15.899s] writing manifest file 'my_package.egg-info/SOURCES.txt'
[16.077s] running build_ext
[16.078s] Creating /home/cadt-02/Documents/can_test_usb/ros2_can/install/my_package/lib/python3.8/site-packages/my-package.egg-link (link to .)
[16.080s] Installing live_detection_node script to /home/cadt-02/Documents/can_test_usb/ros2_can/install/my_package/lib/my_package
[16.080s] Installing main script to /home/cadt-02/Documents/can_test_usb/ros2_can/install/my_package/lib/my_package
[16.080s] Installing my_node script to /home/cadt-02/Documents/can_test_usb/ros2_can/install/my_package/lib/my_package
[16.080s] Installing reinforcement_r2 script to /home/cadt-02/Documents/can_test_usb/ros2_can/install/my_package/lib/my_package
[16.081s] 
[16.081s] Installed /home/cadt-02/Documents/can_test_usb/ros2_can/build/my_package
[16.081s] running install_data
[16.081s] copying resource/my_package -> /home/cadt-02/Documents/can_test_usb/ros2_can/install/my_package/share/ament_index/resource_index/packages
[16.081s] copying package.xml -> /home/cadt-02/Documents/can_test_usb/ros2_can/install/my_package/share/my_package
[22.533s] Invoked command in '/home/cadt-02/Documents/can_test_usb/ros2_can/build/my_package' returned '0': PYTHONPATH=/home/cadt-02/Documents/can_test_usb/ros2_can/build/my_package/prefix_override:/home/cadt-02/Documents/can_test_usb/ros2_can/install/my_package/lib/python3.8/site-packages:${PYTHONPATH} /usr/bin/python3 setup.py develop --editable --build-directory /home/cadt-02/Documents/can_test_usb/ros2_can/build/my_package/build --no-deps install_data
