[17.056s] Invoking command in '/home/cadt-02/Documents/can_test_usb/ros2_can/build/odometry_cont': PYTHONPATH=/home/cadt-02/Documents/can_test_usb/ros2_can/build/odometry_cont/prefix_override:/home/cadt-02/Documents/can_test_usb/ros2_can/install/odometry_cont/lib/python3.8/site-packages:${PYTHONPATH} /usr/bin/python3 setup.py develop --editable --build-directory /home/cadt-02/Documents/can_test_usb/ros2_can/build/odometry_cont/build --no-deps install_data
[17.410s] /home/cadt-02/.local/lib/python3.8/site-packages/setuptools/dist.py:476: SetuptoolsDeprecationWarning: Invalid dash-separated options
[17.411s] !!
[17.411s] 
[17.411s]         ********************************************************************************
[17.411s]         Usage of dash-separated 'script-dir' will not be supported in future
[17.412s]         versions. Please use the underscore name 'script_dir' instead.
[17.412s] 
[17.412s]         By 2024-Sep-26, you need to update your project and remove deprecated calls
[17.412s]         or your builds will no longer be supported.
[17.413s] 
[17.413s]         See https://setuptools.pypa.io/en/latest/userguide/declarative_config.html for details.
[17.413s]         ********************************************************************************
[17.413s] 
[17.413s] !!
[17.414s]   opt = self.warn_dash_deprecation(opt, section)
[17.916s] running develop
[17.916s] /home/cadt-02/.local/lib/python3.8/site-packages/setuptools/command/develop.py:42: EasyInstallDeprecationWarning: easy_install command is deprecated.
[17.917s] !!
[17.917s] 
[17.917s]         ********************************************************************************
[17.917s]         Please avoid running ``setup.py`` and ``easy_install``.
[17.918s]         Instead, use pypa/build, pypa/installer or other
[17.918s]         standards-based tools.
[17.918s] 
[17.918s]         See https://github.com/pypa/setuptools/issues/917 for details.
[17.919s]         ********************************************************************************
[17.919s] 
[17.919s] !!
[17.919s]   easy_install.initialize_options(self)
[18.007s] /home/cadt-02/.local/lib/python3.8/site-packages/setuptools/_distutils/cmd.py:66: SetuptoolsDeprecationWarning: setup.py install is deprecated.
[18.007s] !!
[18.007s] 
[18.007s]         ********************************************************************************
[18.007s]         Please avoid running ``setup.py`` directly.
[18.008s]         Instead, use pypa/build, pypa/installer or other
[18.008s]         standards-based tools.
[18.008s] 
[18.008s]         See https://blog.ganssle.io/articles/2021/10/setup-py-deprecated.html for details.
[18.009s]         ********************************************************************************
[18.009s] 
[18.009s] !!
[18.009s]   self.initialize_options()
[18.478s] running egg_info
[18.522s] writing odometry_cont.egg-info/PKG-INFO
[18.523s] writing dependency_links to odometry_cont.egg-info/dependency_links.txt
[18.524s] writing entry points to odometry_cont.egg-info/entry_points.txt
[18.524s] writing requirements to odometry_cont.egg-info/requires.txt
[18.525s] writing top-level names to odometry_cont.egg-info/top_level.txt
[18.618s] reading manifest file 'odometry_cont.egg-info/SOURCES.txt'
[18.620s] writing manifest file 'odometry_cont.egg-info/SOURCES.txt'
[18.780s] running build_ext
[18.780s] Creating /home/cadt-02/Documents/can_test_usb/ros2_can/install/odometry_cont/lib/python3.8/site-packages/odometry-cont.egg-link (link to .)
[18.782s] Installing odometry_cont script to /home/cadt-02/Documents/can_test_usb/ros2_can/install/odometry_cont/lib/odometry_cont
[18.783s] 
[18.783s] Installed /home/cadt-02/Documents/can_test_usb/ros2_can/build/odometry_cont
[18.783s] running install_data
[18.784s] copying resource/odometry_cont -> /home/cadt-02/Documents/can_test_usb/ros2_can/install/odometry_cont/share/ament_index/resource_index/packages
[18.785s] copying package.xml -> /home/cadt-02/Documents/can_test_usb/ros2_can/install/odometry_cont/share/odometry_cont
[21.240s] Invoked command in '/home/cadt-02/Documents/can_test_usb/ros2_can/build/odometry_cont' returned '0': PYTHONPATH=/home/cadt-02/Documents/can_test_usb/ros2_can/build/odometry_cont/prefix_override:/home/cadt-02/Documents/can_test_usb/ros2_can/install/odometry_cont/lib/python3.8/site-packages:${PYTHONPATH} /usr/bin/python3 setup.py develop --editable --build-directory /home/cadt-02/Documents/can_test_usb/ros2_can/build/odometry_cont/build --no-deps install_data
