[12.314s] Invoking command in '/home/cadt-02/Documents/can_test_usb/ros2_can/build/my_robot': PYTHONPATH=/home/cadt-02/Documents/can_test_usb/ros2_can/build/my_robot/prefix_override:/home/cadt-02/Documents/can_test_usb/ros2_can/install/my_robot/lib/python3.8/site-packages:${PYTHONPATH} /usr/bin/python3 setup.py develop --editable --build-directory /home/cadt-02/Documents/can_test_usb/ros2_can/build/my_robot/build --no-deps install_data
[12.714s] /home/cadt-02/.local/lib/python3.8/site-packages/setuptools/dist.py:476: SetuptoolsDeprecationWarning: Invalid dash-separated options
[12.714s] !!
[12.715s] 
[12.715s]         ********************************************************************************
[12.715s]         Usage of dash-separated 'script-dir' will not be supported in future
[12.715s]         versions. Please use the underscore name 'script_dir' instead.
[12.715s] 
[12.715s]         By 2024-Sep-26, you need to update your project and remove deprecated calls
[12.715s]         or your builds will no longer be supported.
[12.716s] 
[12.716s]         See https://setuptools.pypa.io/en/latest/userguide/declarative_config.html for details.
[12.716s]         ********************************************************************************
[12.716s] 
[12.716s] !!
[12.716s]   opt = self.warn_dash_deprecation(opt, section)
[13.258s] running develop
[13.259s] /home/cadt-02/.local/lib/python3.8/site-packages/setuptools/command/develop.py:42: EasyInstallDeprecationWarning: easy_install command is deprecated.
[13.260s] !!
[13.260s] 
[13.260s]         ********************************************************************************
[13.260s]         Please avoid running ``setup.py`` and ``easy_install``.
[13.260s]         Instead, use pypa/build, pypa/installer or other
[13.260s]         standards-based tools.
[13.260s] 
[13.261s]         See https://github.com/pypa/setuptools/issues/917 for details.
[13.261s]         ********************************************************************************
[13.261s] 
[13.261s] !!
[13.261s]   easy_install.initialize_options(self)
[13.372s] /home/cadt-02/.local/lib/python3.8/site-packages/setuptools/_distutils/cmd.py:66: SetuptoolsDeprecationWarning: setup.py install is deprecated.
[13.372s] !!
[13.372s] 
[13.372s]         ********************************************************************************
[13.373s]         Please avoid running ``setup.py`` directly.
[13.373s]         Instead, use pypa/build, pypa/installer or other
[13.373s]         standards-based tools.
[13.373s] 
[13.373s]         See https://blog.ganssle.io/articles/2021/10/setup-py-deprecated.html for details.
[13.373s]         ********************************************************************************
[13.373s] 
[13.373s] !!
[13.374s]   self.initialize_options()
[13.871s] running egg_info
[13.926s] writing my_robot.egg-info/PKG-INFO
[13.941s] writing dependency_links to my_robot.egg-info/dependency_links.txt
[13.941s] writing entry points to my_robot.egg-info/entry_points.txt
[13.942s] writing requirements to my_robot.egg-info/requires.txt
[13.944s] writing top-level names to my_robot.egg-info/top_level.txt
[14.049s] reading manifest file 'my_robot.egg-info/SOURCES.txt'
[14.051s] writing manifest file 'my_robot.egg-info/SOURCES.txt'
[14.302s] running build_ext
[14.302s] Creating /home/cadt-02/Documents/can_test_usb/ros2_can/install/my_robot/lib/python3.8/site-packages/my-robot.egg-link (link to .)
[14.305s] Installing my_robot script to /home/cadt-02/Documents/can_test_usb/ros2_can/install/my_robot/lib/my_robot
[14.306s] 
[14.306s] Installed /home/cadt-02/Documents/can_test_usb/ros2_can/build/my_robot
[14.306s] running install_data
[14.307s] copying resource/my_robot -> /home/cadt-02/Documents/can_test_usb/ros2_can/install/my_robot/share/ament_index/resource_index/packages
[14.313s] copying package.xml -> /home/cadt-02/Documents/can_test_usb/ros2_can/install/my_robot/share/my_robot
[19.830s] Invoked command in '/home/cadt-02/Documents/can_test_usb/ros2_can/build/my_robot' returned '0': PYTHONPATH=/home/cadt-02/Documents/can_test_usb/ros2_can/build/my_robot/prefix_override:/home/cadt-02/Documents/can_test_usb/ros2_can/install/my_robot/lib/python3.8/site-packages:${PYTHONPATH} /usr/bin/python3 setup.py develop --editable --build-directory /home/cadt-02/Documents/can_test_usb/ros2_can/build/my_robot/build --no-deps install_data
