[13.602s] Invoking command in '/home/cadt-02/Documents/can_test_usb/ros2_can/src/my_package': PYTHONPATH=/home/cadt-02/Documents/can_test_usb/ros2_can/build/my_package/prefix_override:/home/cadt-02/Documents/can_test_usb/ros2_can/install/my_package/lib/python3.8/site-packages:${PYTHONPATH} /usr/bin/python3 setup.py egg_info --egg-base ../../build/my_package build --build-base /home/cadt-02/Documents/can_test_usb/ros2_can/build/my_package/build install --record /home/cadt-02/Documents/can_test_usb/ros2_can/build/my_package/install.log --single-version-externally-managed
[14.954s] /home/cadt-02/.local/lib/python3.8/site-packages/setuptools/dist.py:476: SetuptoolsDeprecationWarning: Invalid dash-separated options
[14.954s] !!
[14.954s] 
[14.954s]         ********************************************************************************
[14.954s]         Usage of dash-separated 'build-base' will not be supported in future
[14.955s]         versions. Please use the underscore name 'build_base' instead.
[14.955s] 
[14.955s]         By 2024-Sep-26, you need to update your project and remove deprecated calls
[14.955s]         or your builds will no longer be supported.
[14.955s] 
[14.955s]         See https://setuptools.pypa.io/en/latest/userguide/declarative_config.html for details.
[14.955s]         ********************************************************************************
[14.956s] 
[14.956s] !!
[14.956s]   opt = self.warn_dash_deprecation(opt, section)
[14.956s] /home/cadt-02/.local/lib/python3.8/site-packages/setuptools/_distutils/cmd.py:66: SetuptoolsDeprecationWarning: setup.py install is deprecated.
[14.956s] !!
[14.956s] 
[14.956s]         ********************************************************************************
[14.957s]         Please avoid running ``setup.py`` directly.
[14.957s]         Instead, use pypa/build, pypa/installer or other
[14.957s]         standards-based tools.
[14.957s] 
[14.957s]         See https://blog.ganssle.io/articles/2021/10/setup-py-deprecated.html for details.
[14.957s]         ********************************************************************************
[14.957s] 
[14.957s] !!
[14.958s]   self.initialize_options()
[14.963s] running egg_info
[14.963s] writing ../../build/my_package/my_package.egg-info/PKG-INFO
[14.964s] writing dependency_links to ../../build/my_package/my_package.egg-info/dependency_links.txt
[14.964s] writing entry points to ../../build/my_package/my_package.egg-info/entry_points.txt
[14.964s] writing requirements to ../../build/my_package/my_package.egg-info/requires.txt
[14.964s] writing top-level names to ../../build/my_package/my_package.egg-info/top_level.txt
[14.964s] reading manifest file '../../build/my_package/my_package.egg-info/SOURCES.txt'
[14.978s] writing manifest file '../../build/my_package/my_package.egg-info/SOURCES.txt'
[14.979s] running build
[14.979s] running build_py
[14.979s] copying my_package/reinforcement_r2.py -> /home/cadt-02/Documents/can_test_usb/ros2_can/build/my_package/build/lib/my_package
[14.979s] copying my_package/live_detection_node.py -> /home/cadt-02/Documents/can_test_usb/ros2_can/build/my_package/build/lib/my_package
[14.980s] copying my_package/__init__.py -> /home/cadt-02/Documents/can_test_usb/ros2_can/build/my_package/build/lib/my_package
[14.980s] copying my_package/main.py -> /home/cadt-02/Documents/can_test_usb/ros2_can/build/my_package/build/lib/my_package
[14.980s] running install
[14.980s] running install_lib
[14.980s] running install_data
[14.981s] copying resource/my_package -> /home/cadt-02/Documents/can_test_usb/ros2_can/install/my_package/share/ament_index/resource_index/packages
[14.981s] copying package.xml -> /home/cadt-02/Documents/can_test_usb/ros2_can/install/my_package/share/my_package
[14.981s] running install_egg_info
[14.981s] removing '/home/cadt-02/Documents/can_test_usb/ros2_can/install/my_package/lib/python3.8/site-packages/my_package-0.0.0-py3.8.egg-info' (and everything under it)
[14.981s] Copying ../../build/my_package/my_package.egg-info to /home/cadt-02/Documents/can_test_usb/ros2_can/install/my_package/lib/python3.8/site-packages/my_package-0.0.0-py3.8.egg-info
[14.981s] running install_scripts
[14.982s] Installing live_detection_node script to /home/cadt-02/Documents/can_test_usb/ros2_can/install/my_package/lib/my_package
[14.982s] Installing main script to /home/cadt-02/Documents/can_test_usb/ros2_can/install/my_package/lib/my_package
[14.982s] Installing my_node script to /home/cadt-02/Documents/can_test_usb/ros2_can/install/my_package/lib/my_package
[14.982s] Installing reinforcement_r2 script to /home/cadt-02/Documents/can_test_usb/ros2_can/install/my_package/lib/my_package
[14.982s] writing list of installed files to '/home/cadt-02/Documents/can_test_usb/ros2_can/build/my_package/install.log'
[18.290s] Invoked command in '/home/cadt-02/Documents/can_test_usb/ros2_can/src/my_package' returned '0': PYTHONPATH=/home/cadt-02/Documents/can_test_usb/ros2_can/build/my_package/prefix_override:/home/cadt-02/Documents/can_test_usb/ros2_can/install/my_package/lib/python3.8/site-packages:${PYTHONPATH} /usr/bin/python3 setup.py egg_info --egg-base ../../build/my_package build --build-base /home/cadt-02/Documents/can_test_usb/ros2_can/build/my_package/build install --record /home/cadt-02/Documents/can_test_usb/ros2_can/build/my_package/install.log --single-version-externally-managed
