[11.858s] Invoking command in '/home/cadt-02/Documents/can_test_usb/ros2_can/build/odometry': PYTHONPATH=/home/cadt-02/Documents/can_test_usb/ros2_can/build/odometry/prefix_override:/home/cadt-02/Documents/can_test_usb/ros2_can/install/odometry/lib/python3.8/site-packages:${PYTHONPATH} /usr/bin/python3 setup.py develop --editable --build-directory /home/cadt-02/Documents/can_test_usb/ros2_can/build/odometry/build --no-deps install_data
[12.191s] /home/cadt-02/.local/lib/python3.8/site-packages/setuptools/dist.py:476: SetuptoolsDeprecationWarning: Invalid dash-separated options
[12.191s] !!
[12.191s] 
[12.191s]         ********************************************************************************
[12.191s]         Usage of dash-separated 'script-dir' will not be supported in future
[12.192s]         versions. Please use the underscore name 'script_dir' instead.
[12.192s] 
[12.192s]         By 2024-Sep-26, you need to update your project and remove deprecated calls
[12.192s]         or your builds will no longer be supported.
[12.192s] 
[12.192s]         See https://setuptools.pypa.io/en/latest/userguide/declarative_config.html for details.
[12.192s]         ********************************************************************************
[12.192s] 
[12.193s] !!
[12.193s]   opt = self.warn_dash_deprecation(opt, section)
[12.677s] running develop
[12.678s] /home/cadt-02/.local/lib/python3.8/site-packages/setuptools/command/develop.py:42: EasyInstallDeprecationWarning: easy_install command is deprecated.
[12.678s] !!
[12.679s] 
[12.679s]         ********************************************************************************
[12.680s]         Please avoid running ``setup.py`` and ``easy_install``.
[12.680s]         Instead, use pypa/build, pypa/installer or other
[12.681s]         standards-based tools.
[12.681s] 
[12.682s]         See https://github.com/pypa/setuptools/issues/917 for details.
[12.682s]         ********************************************************************************
[12.683s] 
[12.683s] !!
[12.683s]   easy_install.initialize_options(self)
[12.765s] /home/cadt-02/.local/lib/python3.8/site-packages/setuptools/_distutils/cmd.py:66: SetuptoolsDeprecationWarning: setup.py install is deprecated.
[12.765s] !!
[12.766s] 
[12.767s]         ********************************************************************************
[12.767s]         Please avoid running ``setup.py`` directly.
[12.767s]         Instead, use pypa/build, pypa/installer or other
[12.767s]         standards-based tools.
[12.767s] 
[12.767s]         See https://blog.ganssle.io/articles/2021/10/setup-py-deprecated.html for details.
[12.768s]         ********************************************************************************
[12.768s] 
[12.768s] !!
[12.768s]   self.initialize_options()
[13.213s] running egg_info
[13.214s] creating odometry.egg-info
[13.256s] writing odometry.egg-info/PKG-INFO
[13.259s] writing dependency_links to odometry.egg-info/dependency_links.txt
[13.260s] writing entry points to odometry.egg-info/entry_points.txt
[13.261s] writing requirements to odometry.egg-info/requires.txt
[13.262s] writing top-level names to odometry.egg-info/top_level.txt
[13.265s] writing manifest file 'odometry.egg-info/SOURCES.txt'
[13.356s] reading manifest file 'odometry.egg-info/SOURCES.txt'
[13.358s] writing manifest file 'odometry.egg-info/SOURCES.txt'
[13.520s] running build_ext
[13.521s] Creating /home/cadt-02/Documents/can_test_usb/ros2_can/install/odometry/lib/python3.8/site-packages/odometry.egg-link (link to .)
[13.523s] Installing odometry script to /home/cadt-02/Documents/can_test_usb/ros2_can/install/odometry/lib/odometry
[13.524s] 
[13.524s] Installed /home/cadt-02/Documents/can_test_usb/ros2_can/build/odometry
[13.524s] running install_data
[13.524s] creating /home/cadt-02/Documents/can_test_usb/ros2_can/install/odometry/share
[13.525s] creating /home/cadt-02/Documents/can_test_usb/ros2_can/install/odometry/share/ament_index
[13.526s] creating /home/cadt-02/Documents/can_test_usb/ros2_can/install/odometry/share/ament_index/resource_index
[13.526s] creating /home/cadt-02/Documents/can_test_usb/ros2_can/install/odometry/share/ament_index/resource_index/packages
[13.527s] copying resource/odometry -> /home/cadt-02/Documents/can_test_usb/ros2_can/install/odometry/share/ament_index/resource_index/packages
[13.527s] creating /home/cadt-02/Documents/can_test_usb/ros2_can/install/odometry/share/odometry
[13.528s] copying package.xml -> /home/cadt-02/Documents/can_test_usb/ros2_can/install/odometry/share/odometry
[14.000s] Invoked command in '/home/cadt-02/Documents/can_test_usb/ros2_can/build/odometry' returned '0': PYTHONPATH=/home/cadt-02/Documents/can_test_usb/ros2_can/build/odometry/prefix_override:/home/cadt-02/Documents/can_test_usb/ros2_can/install/odometry/lib/python3.8/site-packages:${PYTHONPATH} /usr/bin/python3 setup.py develop --editable --build-directory /home/cadt-02/Documents/can_test_usb/ros2_can/build/odometry/build --no-deps install_data
