[17.512s] Invoking command in '/home/cadt-02/Documents/can_test_usb/ros2_can/build/movement': PYTHONPATH=/home/cadt-02/Documents/can_test_usb/ros2_can/build/movement/prefix_override:/home/cadt-02/Documents/can_test_usb/ros2_can/install/movement/lib/python3.8/site-packages:${PYTHONPATH} /usr/bin/python3 setup.py develop --editable --build-directory /home/cadt-02/Documents/can_test_usb/ros2_can/build/movement/build --no-deps install_data
[18.773s] running develop
[18.773s] /home/cadt-02/.local/lib/python3.8/site-packages/setuptools/command/develop.py:42: EasyInstallDeprecationWarning: easy_install command is deprecated.
[18.773s] !!
[18.774s] 
[18.774s]         ********************************************************************************
[18.774s]         Please avoid running ``setup.py`` and ``easy_install``.
[18.774s]         Instead, use pypa/build, pypa/installer or other
[18.774s]         standards-based tools.
[18.774s] 
[18.774s]         See https://github.com/pypa/setuptools/issues/917 for details.
[18.775s]         ********************************************************************************
[18.775s] 
[18.775s] !!
[18.775s]   easy_install.initialize_options(self)
[19.055s] /home/cadt-02/.local/lib/python3.8/site-packages/setuptools/_distutils/cmd.py:66: SetuptoolsDeprecationWarning: setup.py install is deprecated.
[19.055s] !!
[19.055s] 
[19.055s]         ********************************************************************************
[19.056s]         Please avoid running ``setup.py`` directly.
[19.056s]         Instead, use pypa/build, pypa/installer or other
[19.056s]         standards-based tools.
[19.056s] 
[19.056s]         See https://blog.ganssle.io/articles/2021/10/setup-py-deprecated.html for details.
[19.070s]         ********************************************************************************
[19.070s] 
[19.070s] !!
[19.071s]   self.initialize_options()
[20.737s] running egg_info
[20.857s] writing movement.egg-info/PKG-INFO
[20.858s] writing dependency_links to movement.egg-info/dependency_links.txt
[20.858s] writing entry points to movement.egg-info/entry_points.txt
[20.858s] writing requirements to movement.egg-info/requires.txt
[20.858s] writing top-level names to movement.egg-info/top_level.txt
[21.013s] reading manifest file 'movement.egg-info/SOURCES.txt'
[21.016s] writing manifest file 'movement.egg-info/SOURCES.txt'
[21.247s] running build_ext
[21.248s] Creating /home/cadt-02/Documents/can_test_usb/ros2_can/install/movement/lib/python3.8/site-packages/movement.egg-link (link to .)
[21.248s] Installing movement script to /home/cadt-02/Documents/can_test_usb/ros2_can/install/movement/lib/movement
[21.249s] 
[21.249s] Installed /home/cadt-02/Documents/can_test_usb/ros2_can/build/movement
[21.249s] running install_data
[21.250s] copying resource/movement -> /home/cadt-02/Documents/can_test_usb/ros2_can/install/movement/share/ament_index/resource_index/packages
[21.250s] copying package.xml -> /home/cadt-02/Documents/can_test_usb/ros2_can/install/movement/share/movement
[32.409s] Invoked command in '/home/cadt-02/Documents/can_test_usb/ros2_can/build/movement' returned '0': PYTHONPATH=/home/cadt-02/Documents/can_test_usb/ros2_can/build/movement/prefix_override:/home/cadt-02/Documents/can_test_usb/ros2_can/install/movement/lib/python3.8/site-packages:${PYTHONPATH} /usr/bin/python3 setup.py develop --editable --build-directory /home/cadt-02/Documents/can_test_usb/ros2_can/build/movement/build --no-deps install_data
