[9.742s] Invoking command in '/home/cadt-02/Documents/can_test_usb/ros2_can/build/ros_imu': PYTHONPATH=/home/cadt-02/Documents/can_test_usb/ros2_can/build/ros_imu/prefix_override:/home/cadt-02/Documents/can_test_usb/ros2_can/install/ros_imu/lib/python3.8/site-packages:${PYTHONPATH} /usr/bin/python3 setup.py develop --editable --build-directory /home/cadt-02/Documents/can_test_usb/ros2_can/build/ros_imu/build --no-deps install_data
[10.077s] /home/cadt-02/.local/lib/python3.8/site-packages/setuptools/dist.py:476: SetuptoolsDeprecationWarning: Invalid dash-separated options
[10.077s] !!
[10.077s] 
[10.078s]         ********************************************************************************
[10.078s]         Usage of dash-separated 'script-dir' will not be supported in future
[10.078s]         versions. Please use the underscore name 'script_dir' instead.
[10.078s] 
[10.078s]         By 2024-Sep-26, you need to update your project and remove deprecated calls
[10.078s]         or your builds will no longer be supported.
[10.078s] 
[10.079s]         See https://setuptools.pypa.io/en/latest/userguide/declarative_config.html for details.
[10.079s]         ********************************************************************************
[10.079s] 
[10.079s] !!
[10.079s]   opt = self.warn_dash_deprecation(opt, section)
[10.570s] running develop
[10.571s] /home/cadt-02/.local/lib/python3.8/site-packages/setuptools/command/develop.py:42: EasyInstallDeprecationWarning: easy_install command is deprecated.
[10.571s] !!
[10.571s] 
[10.571s]         ********************************************************************************
[10.571s]         Please avoid running ``setup.py`` and ``easy_install``.
[10.571s]         Instead, use pypa/build, pypa/installer or other
[10.571s]         standards-based tools.
[10.572s] 
[10.572s]         See https://github.com/pypa/setuptools/issues/917 for details.
[10.572s]         ********************************************************************************
[10.572s] 
[10.572s] !!
[10.572s]   easy_install.initialize_options(self)
[10.659s] /home/cadt-02/.local/lib/python3.8/site-packages/setuptools/_distutils/cmd.py:66: SetuptoolsDeprecationWarning: setup.py install is deprecated.
[10.659s] !!
[10.659s] 
[10.659s]         ********************************************************************************
[10.659s]         Please avoid running ``setup.py`` directly.
[10.659s]         Instead, use pypa/build, pypa/installer or other
[10.660s]         standards-based tools.
[10.660s] 
[10.660s]         See https://blog.ganssle.io/articles/2021/10/setup-py-deprecated.html for details.
[10.660s]         ********************************************************************************
[10.660s] 
[10.660s] !!
[10.660s]   self.initialize_options()
[11.114s] running egg_info
[11.156s] writing ros_imu.egg-info/PKG-INFO
[11.160s] writing dependency_links to ros_imu.egg-info/dependency_links.txt
[11.160s] writing entry points to ros_imu.egg-info/entry_points.txt
[11.161s] writing requirements to ros_imu.egg-info/requires.txt
[11.161s] writing top-level names to ros_imu.egg-info/top_level.txt
[11.251s] reading manifest file 'ros_imu.egg-info/SOURCES.txt'
[11.252s] writing manifest file 'ros_imu.egg-info/SOURCES.txt'
[11.410s] running build_ext
[11.411s] Creating /home/cadt-02/Documents/can_test_usb/ros2_can/install/ros_imu/lib/python3.8/site-packages/ros-imu.egg-link (link to .)
[11.412s] Installing ros_imu script to /home/cadt-02/Documents/can_test_usb/ros2_can/install/ros_imu/lib/ros_imu
[11.413s] 
[11.413s] Installed /home/cadt-02/Documents/can_test_usb/ros2_can/build/ros_imu
[11.413s] running install_data
[11.414s] copying resource/ros_imu -> /home/cadt-02/Documents/can_test_usb/ros2_can/install/ros_imu/share/ament_index/resource_index/packages
[11.414s] copying package.xml -> /home/cadt-02/Documents/can_test_usb/ros2_can/install/ros_imu/share/ros_imu
[11.534s] Invoked command in '/home/cadt-02/Documents/can_test_usb/ros2_can/build/ros_imu' returned '0': PYTHONPATH=/home/cadt-02/Documents/can_test_usb/ros2_can/build/ros_imu/prefix_override:/home/cadt-02/Documents/can_test_usb/ros2_can/install/ros_imu/lib/python3.8/site-packages:${PYTHONPATH} /usr/bin/python3 setup.py develop --editable --build-directory /home/cadt-02/Documents/can_test_usb/ros2_can/build/ros_imu/build --no-deps install_data
