[15.625s] Invoking command in '/home/cadt-02/Documents/can_test_usb/ros2_can/build/movement': PYTHONPATH=/home/cadt-02/Documents/can_test_usb/ros2_can/build/movement/prefix_override:/home/cadt-02/Documents/can_test_usb/ros2_can/install/movement/lib/python3.8/site-packages:${PYTHONPATH} /usr/bin/python3 setup.py develop --editable --build-directory /home/cadt-02/Documents/can_test_usb/ros2_can/build/movement/build --no-deps install_data
[16.616s] running develop
[16.616s] /home/cadt-02/.local/lib/python3.8/site-packages/setuptools/command/develop.py:42: EasyInstallDeprecationWarning: easy_install command is deprecated.
[16.616s] !!
[16.616s] 
[16.617s]         ********************************************************************************
[16.617s]         Please avoid running ``setup.py`` and ``easy_install``.
[16.617s]         Instead, use pypa/build, pypa/installer or other
[16.617s]         standards-based tools.
[16.617s] 
[16.617s]         See https://github.com/pypa/setuptools/issues/917 for details.
[16.617s]         ********************************************************************************
[16.618s] 
[16.618s] !!
[16.618s]   easy_install.initialize_options(self)
[16.708s] /home/cadt-02/.local/lib/python3.8/site-packages/setuptools/_distutils/cmd.py:66: SetuptoolsDeprecationWarning: setup.py install is deprecated.
[16.708s] !!
[16.708s] 
[16.708s]         ********************************************************************************
[16.708s]         Please avoid running ``setup.py`` directly.
[16.708s]         Instead, use pypa/build, pypa/installer or other
[16.709s]         standards-based tools.
[16.709s] 
[16.709s]         See https://blog.ganssle.io/articles/2021/10/setup-py-deprecated.html for details.
[16.709s]         ********************************************************************************
[16.709s] 
[16.709s] !!
[16.709s]   self.initialize_options()
[17.259s] running egg_info
[17.304s] writing movement.egg-info/PKG-INFO
[17.307s] writing dependency_links to movement.egg-info/dependency_links.txt
[17.308s] writing entry points to movement.egg-info/entry_points.txt
[17.310s] writing requirements to movement.egg-info/requires.txt
[17.311s] writing top-level names to movement.egg-info/top_level.txt
[17.421s] reading manifest file 'movement.egg-info/SOURCES.txt'
[17.424s] writing manifest file 'movement.egg-info/SOURCES.txt'
[17.609s] running build_ext
[17.614s] Creating /home/cadt-02/Documents/can_test_usb/ros2_can/install/movement/lib/python3.8/site-packages/movement.egg-link (link to .)
[17.616s] Installing movement script to /home/cadt-02/Documents/can_test_usb/ros2_can/install/movement/lib/movement
[17.620s] Installing smart_driver_send script to /home/cadt-02/Documents/can_test_usb/ros2_can/install/movement/lib/movement
[17.622s] 
[17.622s] Installed /home/cadt-02/Documents/can_test_usb/ros2_can/build/movement
[17.623s] running install_data
[17.624s] copying resource/movement -> /home/cadt-02/Documents/can_test_usb/ros2_can/install/movement/share/ament_index/resource_index/packages
[17.627s] copying package.xml -> /home/cadt-02/Documents/can_test_usb/ros2_can/install/movement/share/movement
[24.176s] Invoked command in '/home/cadt-02/Documents/can_test_usb/ros2_can/build/movement' returned '0': PYTHONPATH=/home/cadt-02/Documents/can_test_usb/ros2_can/build/movement/prefix_override:/home/cadt-02/Documents/can_test_usb/ros2_can/install/movement/lib/python3.8/site-packages:${PYTHONPATH} /usr/bin/python3 setup.py develop --editable --build-directory /home/cadt-02/Documents/can_test_usb/ros2_can/build/movement/build --no-deps install_data
