[13.530s] Invoking command in '/home/cadt-02/Documents/can_test_usb/ros2_can/build/odometry': NX_CONNECTION=172.23.33.204 59150 172.23.34.34 4000 PYTHONPATH=/home/cadt-02/Documents/can_test_usb/ros2_can/build/odometry/prefix_override:/home/cadt-02/Documents/can_test_usb/ros2_can/install/odometry/lib/python3.8/site-packages:${PYTHONPATH} /usr/bin/python3 setup.py develop --editable --build-directory /home/cadt-02/Documents/can_test_usb/ros2_can/build/odometry/build --no-deps install_data
[14.512s] /home/cadt-02/.local/lib/python3.8/site-packages/setuptools/dist.py:476: SetuptoolsDeprecationWarning: Invalid dash-separated options
[14.513s] !!
[14.513s] 
[14.514s]         ********************************************************************************
[14.515s]         Usage of dash-separated 'script-dir' will not be supported in future
[14.516s]         versions. Please use the underscore name 'script_dir' instead.
[14.517s] 
[14.517s]         By 2024-Sep-26, you need to update your project and remove deprecated calls
[14.517s]         or your builds will no longer be supported.
[14.517s] 
[14.520s]         See https://setuptools.pypa.io/en/latest/userguide/declarative_config.html for details.
[14.520s]         ********************************************************************************
[14.520s] 
[14.520s] !!
[14.520s]   opt = self.warn_dash_deprecation(opt, section)
[15.551s] /home/cadt-02/.local/lib/python3.8/site-packages/setuptools/command/develop.py:42: EasyInstallDeprecationWarning: easy_install command is deprecated.
[15.552s] !!
[15.553s] 
[15.554s] running develop
[15.556s]         ********************************************************************************
[15.557s]         Please avoid running ``setup.py`` and ``easy_install``.
[15.565s]         Instead, use pypa/build, pypa/installer or other
[15.567s]         standards-based tools.
[15.568s] 
[15.569s]         See https://github.com/pypa/setuptools/issues/917 for details.
[15.570s]         ********************************************************************************
[15.570s] 
[15.571s] !!
[15.572s]   easy_install.initialize_options(self)
[15.735s] /home/cadt-02/.local/lib/python3.8/site-packages/setuptools/_distutils/cmd.py:66: SetuptoolsDeprecationWarning: setup.py install is deprecated.
[15.736s] !!
[15.736s] 
[15.736s]         ********************************************************************************
[15.740s]         Please avoid running ``setup.py`` directly.
[15.740s]         Instead, use pypa/build, pypa/installer or other
[15.740s]         standards-based tools.
[15.740s] 
[15.740s]         See https://blog.ganssle.io/articles/2021/10/setup-py-deprecated.html for details.
[15.741s]         ********************************************************************************
[15.741s] 
[15.741s] !!
[15.741s]   self.initialize_options()
[16.654s] running egg_info
[16.861s] writing odometry.egg-info/PKG-INFO
[16.863s] writing dependency_links to odometry.egg-info/dependency_links.txt
[16.864s] writing entry points to odometry.egg-info/entry_points.txt
[16.876s] writing requirements to odometry.egg-info/requires.txt
[16.876s] writing top-level names to odometry.egg-info/top_level.txt
[16.982s] reading manifest file 'odometry.egg-info/SOURCES.txt'
[16.985s] writing manifest file 'odometry.egg-info/SOURCES.txt'
[17.189s] running build_ext
[17.190s] Creating /home/cadt-02/Documents/can_test_usb/ros2_can/install/odometry/lib/python3.8/site-packages/odometry.egg-link (link to .)
[17.198s] Installing odometry script to /home/cadt-02/Documents/can_test_usb/ros2_can/install/odometry/lib/odometry
[17.202s] 
[17.202s] Installed /home/cadt-02/Documents/can_test_usb/ros2_can/build/odometry
[17.202s] running install_data
[17.203s] copying resource/odometry -> /home/cadt-02/Documents/can_test_usb/ros2_can/install/odometry/share/ament_index/resource_index/packages
[17.203s] copying package.xml -> /home/cadt-02/Documents/can_test_usb/ros2_can/install/odometry/share/odometry
[20.678s] Invoked command in '/home/cadt-02/Documents/can_test_usb/ros2_can/build/odometry' returned '0': NX_CONNECTION=172.23.33.204 59150 172.23.34.34 4000 PYTHONPATH=/home/cadt-02/Documents/can_test_usb/ros2_can/build/odometry/prefix_override:/home/cadt-02/Documents/can_test_usb/ros2_can/install/odometry/lib/python3.8/site-packages:${PYTHONPATH} /usr/bin/python3 setup.py develop --editable --build-directory /home/cadt-02/Documents/can_test_usb/ros2_can/build/odometry/build --no-deps install_data
