[15.466s] Invoking command in '/home/cadt-02/Documents/can_test_usb/ros2_can/build/movement': PYTHONPATH=/home/cadt-02/Documents/can_test_usb/ros2_can/build/movement/prefix_override:/home/cadt-02/Documents/can_test_usb/ros2_can/install/movement/lib/python3.8/site-packages:${PYTHONPATH} /usr/bin/python3 setup.py develop --editable --build-directory /home/cadt-02/Documents/can_test_usb/ros2_can/build/movement/build --no-deps install_data
[16.706s] running develop
[16.706s] /home/cadt-02/.local/lib/python3.8/site-packages/setuptools/command/develop.py:42: EasyInstallDeprecationWarning: easy_install command is deprecated.
[16.706s] !!
[16.706s] 
[16.707s]         ********************************************************************************
[16.707s]         Please avoid running ``setup.py`` and ``easy_install``.
[16.707s]         Instead, use pypa/build, pypa/installer or other
[16.707s]         standards-based tools.
[16.707s] 
[16.707s]         See https://github.com/pypa/setuptools/issues/917 for details.
[16.707s]         ********************************************************************************
[16.708s] 
[16.708s] !!
[16.708s]   easy_install.initialize_options(self)
[16.708s] /home/cadt-02/.local/lib/python3.8/site-packages/setuptools/_distutils/cmd.py:66: SetuptoolsDeprecationWarning: setup.py install is deprecated.
[16.708s] !!
[16.708s] 
[16.708s]         ********************************************************************************
[16.709s]         Please avoid running ``setup.py`` directly.
[16.709s]         Instead, use pypa/build, pypa/installer or other
[16.709s]         standards-based tools.
[16.709s] 
[16.709s]         See https://blog.ganssle.io/articles/2021/10/setup-py-deprecated.html for details.
[16.709s]         ********************************************************************************
[16.709s] 
[16.709s] !!
[16.710s]   self.initialize_options()
[16.884s] running egg_info
[16.927s] writing movement.egg-info/PKG-INFO
[16.928s] writing dependency_links to movement.egg-info/dependency_links.txt
[16.930s] writing entry points to movement.egg-info/entry_points.txt
[16.931s] writing requirements to movement.egg-info/requires.txt
[16.931s] writing top-level names to movement.egg-info/top_level.txt
[17.023s] reading manifest file 'movement.egg-info/SOURCES.txt'
[17.025s] writing manifest file 'movement.egg-info/SOURCES.txt'
[17.189s] running build_ext
[17.190s] Creating /home/cadt-02/Documents/can_test_usb/ros2_can/install/movement/lib/python3.8/site-packages/movement.egg-link (link to .)
[17.191s] Installing movement script to /home/cadt-02/Documents/can_test_usb/ros2_can/install/movement/lib/movement
[17.192s] 
[17.193s] Installed /home/cadt-02/Documents/can_test_usb/ros2_can/build/movement
[17.193s] running install_data
[17.193s] copying resource/movement -> /home/cadt-02/Documents/can_test_usb/ros2_can/install/movement/share/ament_index/resource_index/packages
[17.194s] copying package.xml -> /home/cadt-02/Documents/can_test_usb/ros2_can/install/movement/share/movement
[21.748s] Invoked command in '/home/cadt-02/Documents/can_test_usb/ros2_can/build/movement' returned '0': PYTHONPATH=/home/cadt-02/Documents/can_test_usb/ros2_can/build/movement/prefix_override:/home/cadt-02/Documents/can_test_usb/ros2_can/install/movement/lib/python3.8/site-packages:${PYTHONPATH} /usr/bin/python3 setup.py develop --editable --build-directory /home/cadt-02/Documents/can_test_usb/ros2_can/build/movement/build --no-deps install_data
