[18.222s] Invoking command in '/home/cadt-02/Documents/can_test_usb/ros2_can/build/auto_r2': PYTHONPATH=/home/cadt-02/Documents/can_test_usb/ros2_can/build/auto_r2/prefix_override:/home/cadt-02/Documents/can_test_usb/ros2_can/install/auto_r2/lib/python3.8/site-packages:${PYTHONPATH} /usr/bin/python3 setup.py develop --editable --build-directory /home/cadt-02/Documents/can_test_usb/ros2_can/build/auto_r2/build --no-deps install_data
[18.589s] /home/cadt-02/.local/lib/python3.8/site-packages/setuptools/dist.py:476: SetuptoolsDeprecationWarning: Invalid dash-separated options
[18.589s] !!
[18.589s] 
[18.590s]         ********************************************************************************
[18.590s]         Usage of dash-separated 'script-dir' will not be supported in future
[18.590s]         versions. Please use the underscore name 'script_dir' instead.
[18.590s] 
[18.590s]         By 2024-Sep-26, you need to update your project and remove deprecated calls
[18.590s]         or your builds will no longer be supported.
[18.590s] 
[18.591s]         See https://setuptools.pypa.io/en/latest/userguide/declarative_config.html for details.
[18.591s]         ********************************************************************************
[18.591s] 
[18.591s] !!
[18.591s]   opt = self.warn_dash_deprecation(opt, section)
[19.110s] running develop
[19.111s] /home/cadt-02/.local/lib/python3.8/site-packages/setuptools/command/develop.py:42: EasyInstallDeprecationWarning: easy_install command is deprecated.
[19.111s] !!
[19.111s] 
[19.111s]         ********************************************************************************
[19.111s]         Please avoid running ``setup.py`` and ``easy_install``.
[19.111s]         Instead, use pypa/build, pypa/installer or other
[19.112s]         standards-based tools.
[19.112s] 
[19.112s]         See https://github.com/pypa/setuptools/issues/917 for details.
[19.112s]         ********************************************************************************
[19.112s] 
[19.112s] !!
[19.112s]   easy_install.initialize_options(self)
[19.205s] /home/cadt-02/.local/lib/python3.8/site-packages/setuptools/_distutils/cmd.py:66: SetuptoolsDeprecationWarning: setup.py install is deprecated.
[19.207s] !!
[19.208s] 
[19.208s]         ********************************************************************************
[19.208s]         Please avoid running ``setup.py`` directly.
[19.208s]         Instead, use pypa/build, pypa/installer or other
[19.209s]         standards-based tools.
[19.209s] 
[19.209s]         See https://blog.ganssle.io/articles/2021/10/setup-py-deprecated.html for details.
[19.209s]         ********************************************************************************
[19.209s] 
[19.209s] !!
[19.209s]   self.initialize_options()
[19.731s] running egg_info
[19.773s] writing auto_r2.egg-info/PKG-INFO
[19.775s] writing dependency_links to auto_r2.egg-info/dependency_links.txt
[19.775s] writing entry points to auto_r2.egg-info/entry_points.txt
[19.777s] writing requirements to auto_r2.egg-info/requires.txt
[19.777s] writing top-level names to auto_r2.egg-info/top_level.txt
[19.874s] reading manifest file 'auto_r2.egg-info/SOURCES.txt'
[19.874s] writing manifest file 'auto_r2.egg-info/SOURCES.txt'
[20.044s] running build_ext
[20.044s] Creating /home/cadt-02/Documents/can_test_usb/ros2_can/install/auto_r2/lib/python3.8/site-packages/auto-r2.egg-link (link to .)
[20.045s] Installing auto_r2 script to /home/cadt-02/Documents/can_test_usb/ros2_can/install/auto_r2/lib/auto_r2
[20.045s] 
[20.045s] Installed /home/cadt-02/Documents/can_test_usb/ros2_can/build/auto_r2
[20.045s] running install_data
[20.045s] copying resource/auto_r2 -> /home/cadt-02/Documents/can_test_usb/ros2_can/install/auto_r2/share/ament_index/resource_index/packages
[20.045s] copying package.xml -> /home/cadt-02/Documents/can_test_usb/ros2_can/install/auto_r2/share/auto_r2
[21.979s] Invoked command in '/home/cadt-02/Documents/can_test_usb/ros2_can/build/auto_r2' returned '0': PYTHONPATH=/home/cadt-02/Documents/can_test_usb/ros2_can/build/auto_r2/prefix_override:/home/cadt-02/Documents/can_test_usb/ros2_can/install/auto_r2/lib/python3.8/site-packages:${PYTHONPATH} /usr/bin/python3 setup.py develop --editable --build-directory /home/cadt-02/Documents/can_test_usb/ros2_can/build/auto_r2/build --no-deps install_data
