[15.882s] Invoking command in '/home/cadt-02/Documents/can_test_usb/ros2_can/build/movement': NX_CONNECTION=172.23.34.154 56590 172.23.34.34 4000 PYTHONPATH=/home/cadt-02/Documents/can_test_usb/ros2_can/build/movement/prefix_override:/home/cadt-02/Documents/can_test_usb/ros2_can/install/movement/lib/python3.8/site-packages:${PYTHONPATH} /usr/bin/python3 setup.py develop --editable --build-directory /home/cadt-02/Documents/can_test_usb/ros2_can/build/movement/build --no-deps install_data
[16.835s] running develop
[16.836s] /home/cadt-02/.local/lib/python3.8/site-packages/setuptools/command/develop.py:42: EasyInstallDeprecationWarning: easy_install command is deprecated.
[16.837s] !!
[16.837s] 
[16.837s]         ********************************************************************************
[16.837s]         Please avoid running ``setup.py`` and ``easy_install``.
[16.837s]         Instead, use pypa/build, pypa/installer or other
[16.837s]         standards-based tools.
[16.837s] 
[16.840s]         See https://github.com/pypa/setuptools/issues/917 for details.
[16.840s]         ********************************************************************************
[16.841s] 
[16.841s] !!
[16.841s]   easy_install.initialize_options(self)
[16.929s] /home/cadt-02/.local/lib/python3.8/site-packages/setuptools/_distutils/cmd.py:66: SetuptoolsDeprecationWarning: setup.py install is deprecated.
[16.929s] !!
[16.929s] 
[16.929s]         ********************************************************************************
[16.929s]         Please avoid running ``setup.py`` directly.
[16.929s]         Instead, use pypa/build, pypa/installer or other
[16.930s]         standards-based tools.
[16.930s] 
[16.930s]         See https://blog.ganssle.io/articles/2021/10/setup-py-deprecated.html for details.
[16.930s]         ********************************************************************************
[16.930s] 
[16.930s] !!
[16.930s]   self.initialize_options()
[17.463s] running egg_info
[17.513s] writing movement.egg-info/PKG-INFO
[17.514s] writing dependency_links to movement.egg-info/dependency_links.txt
[17.514s] writing entry points to movement.egg-info/entry_points.txt
[17.514s] writing requirements to movement.egg-info/requires.txt
[17.514s] writing top-level names to movement.egg-info/top_level.txt
[17.620s] reading manifest file 'movement.egg-info/SOURCES.txt'
[17.622s] writing manifest file 'movement.egg-info/SOURCES.txt'
[17.810s] running build_ext
[17.810s] Creating /home/cadt-02/Documents/can_test_usb/ros2_can/install/movement/lib/python3.8/site-packages/movement.egg-link (link to .)
[17.810s] Installing movement script to /home/cadt-02/Documents/can_test_usb/ros2_can/install/movement/lib/movement
[17.810s] 
[17.811s] Installed /home/cadt-02/Documents/can_test_usb/ros2_can/build/movement
[17.811s] running install_data
[17.811s] copying resource/movement -> /home/cadt-02/Documents/can_test_usb/ros2_can/install/movement/share/ament_index/resource_index/packages
[17.811s] copying package.xml -> /home/cadt-02/Documents/can_test_usb/ros2_can/install/movement/share/movement
[20.023s] Invoked command in '/home/cadt-02/Documents/can_test_usb/ros2_can/build/movement' returned '0': NX_CONNECTION=172.23.34.154 56590 172.23.34.34 4000 PYTHONPATH=/home/cadt-02/Documents/can_test_usb/ros2_can/build/movement/prefix_override:/home/cadt-02/Documents/can_test_usb/ros2_can/install/movement/lib/python3.8/site-packages:${PYTHONPATH} /usr/bin/python3 setup.py develop --editable --build-directory /home/cadt-02/Documents/can_test_usb/ros2_can/build/movement/build --no-deps install_data
