[10.165s] Invoking command in '/home/cadt-02/Documents/can_test_usb/ros2_can/build/ros_imu': PYTHONPATH=/home/cadt-02/Documents/can_test_usb/ros2_can/build/ros_imu/prefix_override:/home/cadt-02/Documents/can_test_usb/ros2_can/install/ros_imu/lib/python3.8/site-packages:${PYTHONPATH} /usr/bin/python3 setup.py develop --editable --build-directory /home/cadt-02/Documents/can_test_usb/ros2_can/build/ros_imu/build --no-deps install_data
[10.543s] /home/cadt-02/.local/lib/python3.8/site-packages/setuptools/dist.py:476: SetuptoolsDeprecationWarning: Invalid dash-separated options
[10.543s] !!
[10.543s] 
[10.543s]         ********************************************************************************
[10.544s]         Usage of dash-separated 'script-dir' will not be supported in future
[10.544s]         versions. Please use the underscore name 'script_dir' instead.
[10.544s] 
[10.547s]         By 2024-Sep-26, you need to update your project and remove deprecated calls
[10.547s]         or your builds will no longer be supported.
[10.547s] 
[10.547s]         See https://setuptools.pypa.io/en/latest/userguide/declarative_config.html for details.
[10.547s]         ********************************************************************************
[10.548s] 
[10.548s] !!
[10.548s]   opt = self.warn_dash_deprecation(opt, section)
[11.070s] running develop
[11.071s] /home/cadt-02/.local/lib/python3.8/site-packages/setuptools/command/develop.py:42: EasyInstallDeprecationWarning: easy_install command is deprecated.
[11.071s] !!
[11.071s] 
[11.071s]         ********************************************************************************
[11.071s]         Please avoid running ``setup.py`` and ``easy_install``.
[11.072s]         Instead, use pypa/build, pypa/installer or other
[11.072s]         standards-based tools.
[11.072s] 
[11.072s]         See https://github.com/pypa/setuptools/issues/917 for details.
[11.072s]         ********************************************************************************
[11.072s] 
[11.073s] !!
[11.073s]   easy_install.initialize_options(self)
[11.166s] /home/cadt-02/.local/lib/python3.8/site-packages/setuptools/_distutils/cmd.py:66: SetuptoolsDeprecationWarning: setup.py install is deprecated.
[11.166s] !!
[11.166s] 
[11.167s]         ********************************************************************************
[11.167s]         Please avoid running ``setup.py`` directly.
[11.167s]         Instead, use pypa/build, pypa/installer or other
[11.167s]         standards-based tools.
[11.167s] 
[11.167s]         See https://blog.ganssle.io/articles/2021/10/setup-py-deprecated.html for details.
[11.167s]         ********************************************************************************
[11.168s] 
[11.168s] !!
[11.168s]   self.initialize_options()
[11.651s] running egg_info
[11.696s] writing ros_imu.egg-info/PKG-INFO
[11.698s] writing dependency_links to ros_imu.egg-info/dependency_links.txt
[11.698s] writing entry points to ros_imu.egg-info/entry_points.txt
[11.700s] writing requirements to ros_imu.egg-info/requires.txt
[11.701s] writing top-level names to ros_imu.egg-info/top_level.txt
[11.796s] reading manifest file 'ros_imu.egg-info/SOURCES.txt'
[11.798s] writing manifest file 'ros_imu.egg-info/SOURCES.txt'
[11.969s] running build_ext
[11.972s] Creating /home/cadt-02/Documents/can_test_usb/ros2_can/install/ros_imu/lib/python3.8/site-packages/ros-imu.egg-link (link to .)
[11.973s] Installing ros_imu script to /home/cadt-02/Documents/can_test_usb/ros2_can/install/ros_imu/lib/ros_imu
[11.973s] 
[11.973s] Installed /home/cadt-02/Documents/can_test_usb/ros2_can/build/ros_imu
[11.974s] running install_data
[11.974s] copying resource/ros_imu -> /home/cadt-02/Documents/can_test_usb/ros2_can/install/ros_imu/share/ament_index/resource_index/packages
[11.975s] copying package.xml -> /home/cadt-02/Documents/can_test_usb/ros2_can/install/ros_imu/share/ros_imu
[13.350s] Invoked command in '/home/cadt-02/Documents/can_test_usb/ros2_can/build/ros_imu' returned '0': PYTHONPATH=/home/cadt-02/Documents/can_test_usb/ros2_can/build/ros_imu/prefix_override:/home/cadt-02/Documents/can_test_usb/ros2_can/install/ros_imu/lib/python3.8/site-packages:${PYTHONPATH} /usr/bin/python3 setup.py develop --editable --build-directory /home/cadt-02/Documents/can_test_usb/ros2_can/build/ros_imu/build --no-deps install_data
