[13.772s] Invoking command in '/home/cadt-02/Documents/can_test_usb/ros2_can/build/ros_imu': PYTHONPATH=/home/cadt-02/Documents/can_test_usb/ros2_can/build/ros_imu/prefix_override:/home/cadt-02/Documents/can_test_usb/ros2_can/install/ros_imu/lib/python3.8/site-packages:${PYTHONPATH} /usr/bin/python3 setup.py develop --editable --build-directory /home/cadt-02/Documents/can_test_usb/ros2_can/build/ros_imu/build --no-deps install_data
[14.100s] /home/cadt-02/.local/lib/python3.8/site-packages/setuptools/dist.py:476: SetuptoolsDeprecationWarning: Invalid dash-separated options
[14.100s] !!
[14.100s] 
[14.100s]         ********************************************************************************
[14.100s]         Usage of dash-separated 'script-dir' will not be supported in future
[14.101s]         versions. Please use the underscore name 'script_dir' instead.
[14.101s] 
[14.101s]         By 2024-Sep-26, you need to update your project and remove deprecated calls
[14.101s]         or your builds will no longer be supported.
[14.101s] 
[14.101s]         See https://setuptools.pypa.io/en/latest/userguide/declarative_config.html for details.
[14.101s]         ********************************************************************************
[14.101s] 
[14.102s] !!
[14.102s]   opt = self.warn_dash_deprecation(opt, section)
[14.586s] running develop
[14.586s] /home/cadt-02/.local/lib/python3.8/site-packages/setuptools/command/develop.py:42: EasyInstallDeprecationWarning: easy_install command is deprecated.
[14.587s] !!
[14.587s] 
[14.587s]         ********************************************************************************
[14.587s]         Please avoid running ``setup.py`` and ``easy_install``.
[14.587s]         Instead, use pypa/build, pypa/installer or other
[14.587s]         standards-based tools.
[14.587s] 
[14.588s]         See https://github.com/pypa/setuptools/issues/917 for details.
[14.588s]         ********************************************************************************
[14.588s] 
[14.588s] !!
[14.588s]   easy_install.initialize_options(self)
[14.673s] /home/cadt-02/.local/lib/python3.8/site-packages/setuptools/_distutils/cmd.py:66: SetuptoolsDeprecationWarning: setup.py install is deprecated.
[14.673s] !!
[14.674s] 
[14.674s]         ********************************************************************************
[14.674s]         Please avoid running ``setup.py`` directly.
[14.674s]         Instead, use pypa/build, pypa/installer or other
[14.674s]         standards-based tools.
[14.674s] 
[14.675s]         See https://blog.ganssle.io/articles/2021/10/setup-py-deprecated.html for details.
[14.675s]         ********************************************************************************
[14.675s] 
[14.675s] !!
[14.675s]   self.initialize_options()
[15.126s] running egg_info
[15.169s] writing ros_imu.egg-info/PKG-INFO
[15.169s] writing dependency_links to ros_imu.egg-info/dependency_links.txt
[15.170s] writing entry points to ros_imu.egg-info/entry_points.txt
[15.171s] writing requirements to ros_imu.egg-info/requires.txt
[15.171s] writing top-level names to ros_imu.egg-info/top_level.txt
[15.262s] reading manifest file 'ros_imu.egg-info/SOURCES.txt'
[15.263s] writing manifest file 'ros_imu.egg-info/SOURCES.txt'
[15.418s] running build_ext
[15.419s] Creating /home/cadt-02/Documents/can_test_usb/ros2_can/install/ros_imu/lib/python3.8/site-packages/ros-imu.egg-link (link to .)
[15.421s] Installing ros_imu script to /home/cadt-02/Documents/can_test_usb/ros2_can/install/ros_imu/lib/ros_imu
[15.422s] 
[15.422s] Installed /home/cadt-02/Documents/can_test_usb/ros2_can/build/ros_imu
[15.422s] running install_data
[15.423s] copying resource/ros_imu -> /home/cadt-02/Documents/can_test_usb/ros2_can/install/ros_imu/share/ament_index/resource_index/packages
[15.423s] copying package.xml -> /home/cadt-02/Documents/can_test_usb/ros2_can/install/ros_imu/share/ros_imu
[16.737s] Invoked command in '/home/cadt-02/Documents/can_test_usb/ros2_can/build/ros_imu' returned '0': PYTHONPATH=/home/cadt-02/Documents/can_test_usb/ros2_can/build/ros_imu/prefix_override:/home/cadt-02/Documents/can_test_usb/ros2_can/install/ros_imu/lib/python3.8/site-packages:${PYTHONPATH} /usr/bin/python3 setup.py develop --editable --build-directory /home/cadt-02/Documents/can_test_usb/ros2_can/build/ros_imu/build --no-deps install_data
