[18.286s] Invoking command in '/home/cadt-02/Documents/can_test_usb/ros2_can/build/auto_r2': PYTHONPATH=/home/cadt-02/Documents/can_test_usb/ros2_can/build/auto_r2/prefix_override:/home/cadt-02/Documents/can_test_usb/ros2_can/install/auto_r2/lib/python3.8/site-packages:${PYTHONPATH} /usr/bin/python3 setup.py develop --editable --build-directory /home/cadt-02/Documents/can_test_usb/ros2_can/build/auto_r2/build --no-deps install_data
[18.665s] /home/cadt-02/.local/lib/python3.8/site-packages/setuptools/dist.py:476: SetuptoolsDeprecationWarning: Invalid dash-separated options
[18.665s] !!
[18.665s] 
[18.665s]         ********************************************************************************
[18.665s]         Usage of dash-separated 'script-dir' will not be supported in future
[18.665s]         versions. Please use the underscore name 'script_dir' instead.
[18.665s] 
[18.666s]         By 2024-Sep-26, you need to update your project and remove deprecated calls
[18.666s]         or your builds will no longer be supported.
[18.666s] 
[18.666s]         See https://setuptools.pypa.io/en/latest/userguide/declarative_config.html for details.
[18.666s]         ********************************************************************************
[18.666s] 
[18.666s] !!
[18.667s]   opt = self.warn_dash_deprecation(opt, section)
[19.181s] running develop
[19.183s] /home/cadt-02/.local/lib/python3.8/site-packages/setuptools/command/develop.py:42: EasyInstallDeprecationWarning: easy_install command is deprecated.
[19.183s] !!
[19.183s] 
[19.183s]         ********************************************************************************
[19.184s]         Please avoid running ``setup.py`` and ``easy_install``.
[19.184s]         Instead, use pypa/build, pypa/installer or other
[19.184s]         standards-based tools.
[19.184s] 
[19.184s]         See https://github.com/pypa/setuptools/issues/917 for details.
[19.184s]         ********************************************************************************
[19.184s] 
[19.185s] !!
[19.185s]   easy_install.initialize_options(self)
[19.308s] /home/cadt-02/.local/lib/python3.8/site-packages/setuptools/_distutils/cmd.py:66: SetuptoolsDeprecationWarning: setup.py install is deprecated.
[19.308s] !!
[19.308s] 
[19.308s]         ********************************************************************************
[19.308s]         Please avoid running ``setup.py`` directly.
[19.309s]         Instead, use pypa/build, pypa/installer or other
[19.309s]         standards-based tools.
[19.309s] 
[19.309s]         See https://blog.ganssle.io/articles/2021/10/setup-py-deprecated.html for details.
[19.309s]         ********************************************************************************
[19.309s] 
[19.309s] !!
[19.309s]   self.initialize_options()
[19.843s] running egg_info
[19.893s] writing auto_r2.egg-info/PKG-INFO
[19.897s] writing dependency_links to auto_r2.egg-info/dependency_links.txt
[19.898s] writing entry points to auto_r2.egg-info/entry_points.txt
[19.899s] writing requirements to auto_r2.egg-info/requires.txt
[19.900s] writing top-level names to auto_r2.egg-info/top_level.txt
[20.008s] reading manifest file 'auto_r2.egg-info/SOURCES.txt'
[20.011s] writing manifest file 'auto_r2.egg-info/SOURCES.txt'
[20.187s] running build_ext
[20.188s] Creating /home/cadt-02/Documents/can_test_usb/ros2_can/install/auto_r2/lib/python3.8/site-packages/auto-r2.egg-link (link to .)
[20.190s] Installing auto_r2 script to /home/cadt-02/Documents/can_test_usb/ros2_can/install/auto_r2/lib/auto_r2
[20.191s] 
[20.191s] Installed /home/cadt-02/Documents/can_test_usb/ros2_can/build/auto_r2
[20.191s] running install_data
[20.192s] copying resource/auto_r2 -> /home/cadt-02/Documents/can_test_usb/ros2_can/install/auto_r2/share/ament_index/resource_index/packages
[20.192s] copying package.xml -> /home/cadt-02/Documents/can_test_usb/ros2_can/install/auto_r2/share/auto_r2
[25.528s] Invoked command in '/home/cadt-02/Documents/can_test_usb/ros2_can/build/auto_r2' returned '0': PYTHONPATH=/home/cadt-02/Documents/can_test_usb/ros2_can/build/auto_r2/prefix_override:/home/cadt-02/Documents/can_test_usb/ros2_can/install/auto_r2/lib/python3.8/site-packages:${PYTHONPATH} /usr/bin/python3 setup.py develop --editable --build-directory /home/cadt-02/Documents/can_test_usb/ros2_can/build/auto_r2/build --no-deps install_data
