[12.244s] Invoking command in '/home/cadt-02/Documents/can_test_usb/ros2_can/build/my_robot': PYTHONPATH=/home/cadt-02/Documents/can_test_usb/ros2_can/build/my_robot/prefix_override:/home/cadt-02/Documents/can_test_usb/ros2_can/install/my_robot/lib/python3.8/site-packages:${PYTHONPATH} /usr/bin/python3 setup.py develop --editable --build-directory /home/cadt-02/Documents/can_test_usb/ros2_can/build/my_robot/build --no-deps install_data
[12.610s] /home/cadt-02/.local/lib/python3.8/site-packages/setuptools/dist.py:476: SetuptoolsDeprecationWarning: Invalid dash-separated options
[12.610s] !!
[12.610s] 
[12.610s]         ********************************************************************************
[12.610s]         Usage of dash-separated 'script-dir' will not be supported in future
[12.610s]         versions. Please use the underscore name 'script_dir' instead.
[12.611s] 
[12.611s]         By 2024-Sep-26, you need to update your project and remove deprecated calls
[12.611s]         or your builds will no longer be supported.
[12.611s] 
[12.611s]         See https://setuptools.pypa.io/en/latest/userguide/declarative_config.html for details.
[12.611s]         ********************************************************************************
[12.611s] 
[12.611s] !!
[12.612s]   opt = self.warn_dash_deprecation(opt, section)
[13.112s] running develop
[13.114s] /home/cadt-02/.local/lib/python3.8/site-packages/setuptools/command/develop.py:42: EasyInstallDeprecationWarning: easy_install command is deprecated.
[13.114s] !!
[13.114s] 
[13.114s]         ********************************************************************************
[13.114s]         Please avoid running ``setup.py`` and ``easy_install``.
[13.114s]         Instead, use pypa/build, pypa/installer or other
[13.115s]         standards-based tools.
[13.115s] 
[13.115s]         See https://github.com/pypa/setuptools/issues/917 for details.
[13.115s]         ********************************************************************************
[13.115s] 
[13.115s] !!
[13.115s]   easy_install.initialize_options(self)
[13.201s] /home/cadt-02/.local/lib/python3.8/site-packages/setuptools/_distutils/cmd.py:66: SetuptoolsDeprecationWarning: setup.py install is deprecated.
[13.201s] !!
[13.202s] 
[13.202s]         ********************************************************************************
[13.202s]         Please avoid running ``setup.py`` directly.
[13.202s]         Instead, use pypa/build, pypa/installer or other
[13.202s]         standards-based tools.
[13.202s] 
[13.203s]         See https://blog.ganssle.io/articles/2021/10/setup-py-deprecated.html for details.
[13.203s]         ********************************************************************************
[13.203s] 
[13.203s] !!
[13.203s]   self.initialize_options()
[13.672s] running egg_info
[13.714s] writing my_robot.egg-info/PKG-INFO
[13.717s] writing dependency_links to my_robot.egg-info/dependency_links.txt
[13.717s] writing entry points to my_robot.egg-info/entry_points.txt
[13.717s] writing requirements to my_robot.egg-info/requires.txt
[13.717s] writing top-level names to my_robot.egg-info/top_level.txt
[13.810s] reading manifest file 'my_robot.egg-info/SOURCES.txt'
[13.812s] writing manifest file 'my_robot.egg-info/SOURCES.txt'
[13.974s] running build_ext
[13.974s] Creating /home/cadt-02/Documents/can_test_usb/ros2_can/install/my_robot/lib/python3.8/site-packages/my-robot.egg-link (link to .)
[13.979s] Installing my_robot script to /home/cadt-02/Documents/can_test_usb/ros2_can/install/my_robot/lib/my_robot
[13.979s] 
[13.980s] Installed /home/cadt-02/Documents/can_test_usb/ros2_can/build/my_robot
[13.980s] running install_data
[13.980s] copying resource/my_robot -> /home/cadt-02/Documents/can_test_usb/ros2_can/install/my_robot/share/ament_index/resource_index/packages
[13.980s] copying package.xml -> /home/cadt-02/Documents/can_test_usb/ros2_can/install/my_robot/share/my_robot
[15.897s] Invoked command in '/home/cadt-02/Documents/can_test_usb/ros2_can/build/my_robot' returned '0': PYTHONPATH=/home/cadt-02/Documents/can_test_usb/ros2_can/build/my_robot/prefix_override:/home/cadt-02/Documents/can_test_usb/ros2_can/install/my_robot/lib/python3.8/site-packages:${PYTHONPATH} /usr/bin/python3 setup.py develop --editable --build-directory /home/cadt-02/Documents/can_test_usb/ros2_can/build/my_robot/build --no-deps install_data
