[8.631s] Invoking command in '/home/cadt-02/Documents/can_test_usb/ros2_can/build/keyboard_publisher': LD_LIBRARY_PATH=/home/cadt-02/Documents/can_test_usb/ros2_can/install/cadt02_interfaces/lib:/usr/local/cuda-11.4/lib64:/opt/ros/foxy/opt/yaml_cpp_vendor/lib:/opt/ros/foxy/opt/rviz_ogre_vendor/lib:/opt/ros/foxy/lib/aarch64-linux-gnu:/opt/ros/foxy/lib:/usr/local/cuda-11.4/lib64 PYTHONPATH=/home/cadt-02/Documents/can_test_usb/ros2_can/build/keyboard_publisher/prefix_override:/home/cadt-02/Documents/can_test_usb/ros2_can/install/keyboard_publisher/lib/python3.8/site-packages:/home/cadt-02/Documents/can_test_usb/ros2_can/install/cadt02_interfaces/lib/python3.8/site-packages:/home/cadt-02/Documents/can_test_usb/ros2_can/build/ros_imu:/home/cadt-02/Documents/can_test_usb/ros2_can/install/ros_imu/lib/python3.8/site-packages:/home/cadt-02/Documents/can_test_usb/ros2_can/build/position_control:/home/cadt-02/Documents/can_test_usb/ros2_can/install/position_control/lib/python3.8/site-packages:/home/cadt-02/Documents/can_test_usb/ros2_can/build/odometry_cont:/home/cadt-02/Documents/can_test_usb/ros2_can/install/odometry_cont/lib/python3.8/site-packages:/home/cadt-02/Documents/can_test_usb/ros2_can/build/odometry:/home/cadt-02/Documents/can_test_usb/ros2_can/install/odometry/lib/python3.8/site-packages:/home/cadt-02/Documents/can_test_usb/ros2_can/build/my_robot:/home/cadt-02/Documents/can_test_usb/ros2_can/install/my_robot/lib/python3.8/site-packages:/home/cadt-02/Documents/can_test_usb/ros2_can/build/my_package:/home/cadt-02/Documents/can_test_usb/ros2_can/install/my_package/lib/python3.8/site-packages:/home/cadt-02/Documents/can_test_usb/ros2_can/build/movement:/home/cadt-02/Documents/can_test_usb/ros2_can/install/movement/lib/python3.8/site-packages:/home/cadt-02/Documents/can_test_usb/ros2_can/build/keyboard_publisher:/home/cadt-02/Documents/can_test_usb/ros2_can/install/keyboard_publisher/lib/python3.8/site-packages:/home/cadt-02/Documents/can_test_usb/ros2_can/build/keyboard_listener:/home/cadt-02/Documents/can_test_usb/ros2_can/install/keyboard_listener/lib/python3.8/site-packages:/home/cadt-02/Documents/can_test_usb/ros2_can/build/auto_r2:/home/cadt-02/Documents/can_test_usb/ros2_can/install/auto_r2/lib/python3.8/site-packages:/home/cadt-02/Documents/can_test_usb/ros2_can/build/auto_node:/home/cadt-02/Documents/can_test_usb/ros2_can/install/auto_node/lib/python3.8/site-packages:/opt/ros/foxy/lib/python3.8/site-packages /usr/bin/python3 setup.py develop --editable --build-directory /home/cadt-02/Documents/can_test_usb/ros2_can/build/keyboard_publisher/build --no-deps install_data
[9.044s] /home/cadt-02/.local/lib/python3.8/site-packages/setuptools/dist.py:476: SetuptoolsDeprecationWarning: Invalid dash-separated options
[9.045s] !!
[9.045s] 
[9.045s]         ********************************************************************************
[9.045s]         Usage of dash-separated 'script-dir' will not be supported in future
[9.045s]         versions. Please use the underscore name 'script_dir' instead.
[9.045s] 
[9.046s]         By 2024-Sep-26, you need to update your project and remove deprecated calls
[9.046s]         or your builds will no longer be supported.
[9.046s] 
[9.046s]         See https://setuptools.pypa.io/en/latest/userguide/declarative_config.html for details.
[9.046s]         ********************************************************************************
[9.046s] 
[9.046s] !!
[9.047s]   opt = self.warn_dash_deprecation(opt, section)
[9.681s] running develop
[9.682s] /home/cadt-02/.local/lib/python3.8/site-packages/setuptools/command/develop.py:42: EasyInstallDeprecationWarning: easy_install command is deprecated.
[9.682s] !!
[9.682s] 
[9.682s]         ********************************************************************************
[9.683s]         Please avoid running ``setup.py`` and ``easy_install``.
[9.683s]         Instead, use pypa/build, pypa/installer or other
[9.683s]         standards-based tools.
[9.683s] 
[9.683s]         See https://github.com/pypa/setuptools/issues/917 for details.
[9.683s]         ********************************************************************************
[9.684s] 
[9.684s] !!
[9.684s]   easy_install.initialize_options(self)
[9.795s] /home/cadt-02/.local/lib/python3.8/site-packages/setuptools/_distutils/cmd.py:66: SetuptoolsDeprecationWarning: setup.py install is deprecated.
[9.795s] !!
[9.795s] 
[9.796s]         ********************************************************************************
[9.796s]         Please avoid running ``setup.py`` directly.
[9.796s]         Instead, use pypa/build, pypa/installer or other
[9.796s]         standards-based tools.
[9.796s] 
[9.796s]         See https://blog.ganssle.io/articles/2021/10/setup-py-deprecated.html for details.
[9.797s]         ********************************************************************************
[9.797s] 
[9.797s] !!
[9.797s]   self.initialize_options()
[10.301s] running egg_info
[10.347s] writing keyboard_publisher.egg-info/PKG-INFO
[10.349s] writing dependency_links to keyboard_publisher.egg-info/dependency_links.txt
[10.351s] writing entry points to keyboard_publisher.egg-info/entry_points.txt
[10.351s] writing requirements to keyboard_publisher.egg-info/requires.txt
[10.353s] writing top-level names to keyboard_publisher.egg-info/top_level.txt
[10.449s] reading manifest file 'keyboard_publisher.egg-info/SOURCES.txt'
[10.451s] writing manifest file 'keyboard_publisher.egg-info/SOURCES.txt'
[10.618s] running build_ext
[10.618s] Creating /home/cadt-02/Documents/can_test_usb/ros2_can/install/keyboard_publisher/lib/python3.8/site-packages/keyboard-publisher.egg-link (link to .)
[10.621s] Installing keyboard_publisher script to /home/cadt-02/Documents/can_test_usb/ros2_can/install/keyboard_publisher/lib/keyboard_publisher
[10.624s] 
[10.624s] Installed /home/cadt-02/Documents/can_test_usb/ros2_can/build/keyboard_publisher
[10.624s] running install_data
[10.626s] copying resource/keyboard_publisher -> /home/cadt-02/Documents/can_test_usb/ros2_can/install/keyboard_publisher/share/ament_index/resource_index/packages
[10.626s] copying package.xml -> /home/cadt-02/Documents/can_test_usb/ros2_can/install/keyboard_publisher/share/keyboard_publisher
[13.185s] Invoked command in '/home/cadt-02/Documents/can_test_usb/ros2_can/build/keyboard_publisher' returned '0': LD_LIBRARY_PATH=/home/cadt-02/Documents/can_test_usb/ros2_can/install/cadt02_interfaces/lib:/usr/local/cuda-11.4/lib64:/opt/ros/foxy/opt/yaml_cpp_vendor/lib:/opt/ros/foxy/opt/rviz_ogre_vendor/lib:/opt/ros/foxy/lib/aarch64-linux-gnu:/opt/ros/foxy/lib:/usr/local/cuda-11.4/lib64 PYTHONPATH=/home/cadt-02/Documents/can_test_usb/ros2_can/build/keyboard_publisher/prefix_override:/home/cadt-02/Documents/can_test_usb/ros2_can/install/keyboard_publisher/lib/python3.8/site-packages:/home/cadt-02/Documents/can_test_usb/ros2_can/install/cadt02_interfaces/lib/python3.8/site-packages:/home/cadt-02/Documents/can_test_usb/ros2_can/build/ros_imu:/home/cadt-02/Documents/can_test_usb/ros2_can/install/ros_imu/lib/python3.8/site-packages:/home/cadt-02/Documents/can_test_usb/ros2_can/build/position_control:/home/cadt-02/Documents/can_test_usb/ros2_can/install/position_control/lib/python3.8/site-packages:/home/cadt-02/Documents/can_test_usb/ros2_can/build/odometry_cont:/home/cadt-02/Documents/can_test_usb/ros2_can/install/odometry_cont/lib/python3.8/site-packages:/home/cadt-02/Documents/can_test_usb/ros2_can/build/odometry:/home/cadt-02/Documents/can_test_usb/ros2_can/install/odometry/lib/python3.8/site-packages:/home/cadt-02/Documents/can_test_usb/ros2_can/build/my_robot:/home/cadt-02/Documents/can_test_usb/ros2_can/install/my_robot/lib/python3.8/site-packages:/home/cadt-02/Documents/can_test_usb/ros2_can/build/my_package:/home/cadt-02/Documents/can_test_usb/ros2_can/install/my_package/lib/python3.8/site-packages:/home/cadt-02/Documents/can_test_usb/ros2_can/build/movement:/home/cadt-02/Documents/can_test_usb/ros2_can/install/movement/lib/python3.8/site-packages:/home/cadt-02/Documents/can_test_usb/ros2_can/build/keyboard_publisher:/home/cadt-02/Documents/can_test_usb/ros2_can/install/keyboard_publisher/lib/python3.8/site-packages:/home/cadt-02/Documents/can_test_usb/ros2_can/build/keyboard_listener:/home/cadt-02/Documents/can_test_usb/ros2_can/install/keyboard_listener/lib/python3.8/site-packages:/home/cadt-02/Documents/can_test_usb/ros2_can/build/auto_r2:/home/cadt-02/Documents/can_test_usb/ros2_can/install/auto_r2/lib/python3.8/site-packages:/home/cadt-02/Documents/can_test_usb/ros2_can/build/auto_node:/home/cadt-02/Documents/can_test_usb/ros2_can/install/auto_node/lib/python3.8/site-packages:/opt/ros/foxy/lib/python3.8/site-packages /usr/bin/python3 setup.py develop --editable --build-directory /home/cadt-02/Documents/can_test_usb/ros2_can/build/keyboard_publisher/build --no-deps install_data
