[17.201s] Invoking command in '/home/cadt-02/Documents/can_test_usb/ros2_can/build/keyboard_listener': PYTHONPATH=/home/cadt-02/Documents/can_test_usb/ros2_can/build/keyboard_listener/prefix_override:/home/cadt-02/Documents/can_test_usb/ros2_can/install/keyboard_listener/lib/python3.8/site-packages:${PYTHONPATH} /usr/bin/python3 setup.py develop --editable --build-directory /home/cadt-02/Documents/can_test_usb/ros2_can/build/keyboard_listener/build --no-deps install_data
[18.114s] running develop
[18.114s] /home/cadt-02/.local/lib/python3.8/site-packages/setuptools/command/develop.py:42: EasyInstallDeprecationWarning: easy_install command is deprecated.
[18.115s] !!
[18.115s] 
[18.115s]         ********************************************************************************
[18.115s]         Please avoid running ``setup.py`` and ``easy_install``.
[18.115s]         Instead, use pypa/build, pypa/installer or other
[18.115s]         standards-based tools.
[18.118s] 
[18.118s]         See https://github.com/pypa/setuptools/issues/917 for details.
[18.118s]         ********************************************************************************
[18.118s] 
[18.119s] !!
[18.119s]   easy_install.initialize_options(self)
[18.203s] /home/cadt-02/.local/lib/python3.8/site-packages/setuptools/_distutils/cmd.py:66: SetuptoolsDeprecationWarning: setup.py install is deprecated.
[18.203s] !!
[18.203s] 
[18.204s]         ********************************************************************************
[18.204s]         Please avoid running ``setup.py`` directly.
[18.204s]         Instead, use pypa/build, pypa/installer or other
[18.204s]         standards-based tools.
[18.204s] 
[18.204s]         See https://blog.ganssle.io/articles/2021/10/setup-py-deprecated.html for details.
[18.204s]         ********************************************************************************
[18.204s] 
[18.205s] !!
[18.205s]   self.initialize_options()
[18.716s] running egg_info
[18.763s] writing keyboard_listener.egg-info/PKG-INFO
[18.767s] writing dependency_links to keyboard_listener.egg-info/dependency_links.txt
[18.770s] writing entry points to keyboard_listener.egg-info/entry_points.txt
[18.773s] writing requirements to keyboard_listener.egg-info/requires.txt
[18.774s] writing top-level names to keyboard_listener.egg-info/top_level.txt
[18.883s] reading manifest file 'keyboard_listener.egg-info/SOURCES.txt'
[18.889s] writing manifest file 'keyboard_listener.egg-info/SOURCES.txt'
[19.158s] running build_ext
[19.159s] Creating /home/cadt-02/Documents/can_test_usb/ros2_can/install/keyboard_listener/lib/python3.8/site-packages/keyboard-listener.egg-link (link to .)
[19.162s] Installing keyboard_listener script to /home/cadt-02/Documents/can_test_usb/ros2_can/install/keyboard_listener/lib/keyboard_listener
[19.166s] 
[19.167s] Installed /home/cadt-02/Documents/can_test_usb/ros2_can/build/keyboard_listener
[19.167s] running install_data
[19.169s] copying resource/keyboard_listener -> /home/cadt-02/Documents/can_test_usb/ros2_can/install/keyboard_listener/share/ament_index/resource_index/packages
[19.169s] copying package.xml -> /home/cadt-02/Documents/can_test_usb/ros2_can/install/keyboard_listener/share/keyboard_listener
[23.456s] Invoked command in '/home/cadt-02/Documents/can_test_usb/ros2_can/build/keyboard_listener' returned '0': PYTHONPATH=/home/cadt-02/Documents/can_test_usb/ros2_can/build/keyboard_listener/prefix_override:/home/cadt-02/Documents/can_test_usb/ros2_can/install/keyboard_listener/lib/python3.8/site-packages:${PYTHONPATH} /usr/bin/python3 setup.py develop --editable --build-directory /home/cadt-02/Documents/can_test_usb/ros2_can/build/keyboard_listener/build --no-deps install_data
