[13.698s] Invoking command in '/home/cadt-02/Documents/can_test_usb/ros2_can/build/my_package': PYTHONPATH=/home/cadt-02/Documents/can_test_usb/ros2_can/build/my_package/prefix_override:/home/cadt-02/Documents/can_test_usb/ros2_can/install/my_package/lib/python3.8/site-packages:${PYTHONPATH} /usr/bin/python3 setup.py develop --editable --build-directory /home/cadt-02/Documents/can_test_usb/ros2_can/build/my_package/build --no-deps install_data
[14.071s] /home/cadt-02/.local/lib/python3.8/site-packages/setuptools/dist.py:476: SetuptoolsDeprecationWarning: Invalid dash-separated options
[14.071s] !!
[14.071s] 
[14.071s]         ********************************************************************************
[14.071s]         Usage of dash-separated 'build-base' will not be supported in future
[14.071s]         versions. Please use the underscore name 'build_base' instead.
[14.071s] 
[14.072s]         By 2024-Sep-26, you need to update your project and remove deprecated calls
[14.072s]         or your builds will no longer be supported.
[14.072s] 
[14.072s]         See https://setuptools.pypa.io/en/latest/userguide/declarative_config.html for details.
[14.072s]         ********************************************************************************
[14.072s] 
[14.072s] !!
[14.073s]   opt = self.warn_dash_deprecation(opt, section)
[14.596s] running develop
[14.597s] /home/cadt-02/.local/lib/python3.8/site-packages/setuptools/command/develop.py:42: EasyInstallDeprecationWarning: easy_install command is deprecated.
[14.597s] !!
[14.597s] 
[14.597s]         ********************************************************************************
[14.597s]         Please avoid running ``setup.py`` and ``easy_install``.
[14.598s]         Instead, use pypa/build, pypa/installer or other
[14.598s]         standards-based tools.
[14.598s] 
[14.598s]         See https://github.com/pypa/setuptools/issues/917 for details.
[14.598s]         ********************************************************************************
[14.598s] 
[14.598s] !!
[14.598s]   easy_install.initialize_options(self)
[14.689s] /home/cadt-02/.local/lib/python3.8/site-packages/setuptools/_distutils/cmd.py:66: SetuptoolsDeprecationWarning: setup.py install is deprecated.
[14.689s] !!
[14.690s] 
[14.690s]         ********************************************************************************
[14.690s]         Please avoid running ``setup.py`` directly.
[14.690s]         Instead, use pypa/build, pypa/installer or other
[14.690s]         standards-based tools.
[14.690s] 
[14.690s]         See https://blog.ganssle.io/articles/2021/10/setup-py-deprecated.html for details.
[14.691s]         ********************************************************************************
[14.691s] 
[14.691s] !!
[14.691s]   self.initialize_options()
[15.164s] running egg_info
[15.208s] writing my_package.egg-info/PKG-INFO
[15.209s] writing dependency_links to my_package.egg-info/dependency_links.txt
[15.209s] writing entry points to my_package.egg-info/entry_points.txt
[15.210s] writing requirements to my_package.egg-info/requires.txt
[15.211s] writing top-level names to my_package.egg-info/top_level.txt
[15.306s] reading manifest file 'my_package.egg-info/SOURCES.txt'
[15.308s] writing manifest file 'my_package.egg-info/SOURCES.txt'
[15.480s] running build_ext
[15.481s] Creating /home/cadt-02/Documents/can_test_usb/ros2_can/install/my_package/lib/python3.8/site-packages/my-package.egg-link (link to .)
[15.483s] Installing live_detection_node script to /home/cadt-02/Documents/can_test_usb/ros2_can/install/my_package/lib/my_package
[15.483s] Installing main script to /home/cadt-02/Documents/can_test_usb/ros2_can/install/my_package/lib/my_package
[15.484s] Installing my_node script to /home/cadt-02/Documents/can_test_usb/ros2_can/install/my_package/lib/my_package
[15.484s] Installing reinforcement_r2 script to /home/cadt-02/Documents/can_test_usb/ros2_can/install/my_package/lib/my_package
[15.485s] 
[15.485s] Installed /home/cadt-02/Documents/can_test_usb/ros2_can/build/my_package
[15.485s] running install_data
[15.486s] copying resource/my_package -> /home/cadt-02/Documents/can_test_usb/ros2_can/install/my_package/share/ament_index/resource_index/packages
[15.486s] copying package.xml -> /home/cadt-02/Documents/can_test_usb/ros2_can/install/my_package/share/my_package
[20.880s] Invoked command in '/home/cadt-02/Documents/can_test_usb/ros2_can/build/my_package' returned '0': PYTHONPATH=/home/cadt-02/Documents/can_test_usb/ros2_can/build/my_package/prefix_override:/home/cadt-02/Documents/can_test_usb/ros2_can/install/my_package/lib/python3.8/site-packages:${PYTHONPATH} /usr/bin/python3 setup.py develop --editable --build-directory /home/cadt-02/Documents/can_test_usb/ros2_can/build/my_package/build --no-deps install_data
