running egg_info
writing ../../build/odometry_cont/odometry_cont.egg-info/PKG-INFO
writing dependency_links to ../../build/odometry_cont/odometry_cont.egg-info/dependency_links.txt
writing entry points to ../../build/odometry_cont/odometry_cont.egg-info/entry_points.txt
writing requirements to ../../build/odometry_cont/odometry_cont.egg-info/requires.txt
writing top-level names to ../../build/odometry_cont/odometry_cont.egg-info/top_level.txt
reading manifest file '../../build/odometry_cont/odometry_cont.egg-info/SOURCES.txt'
writing manifest file '../../build/odometry_cont/odometry_cont.egg-info/SOURCES.txt'
running build
running build_py
copying odometry_cont/__init__.py -> /home/cadt-02/Documents/can_test_usb/ros2_can/build/odometry_cont/build/lib/odometry_cont
copying odometry_cont/PID.py -> /home/cadt-02/Documents/can_test_usb/ros2_can/build/odometry_cont/build/lib/odometry_cont
copying script_odom/__init__.py -> /home/cadt-02/Documents/can_test_usb/ros2_can/build/odometry_cont/build/lib/script_odom
copying script_odom/odometry.py -> /home/cadt-02/Documents/can_test_usb/ros2_can/build/odometry_cont/build/lib/script_odom
running install
running install_lib
copying /home/cadt-02/Documents/can_test_usb/ros2_can/build/odometry_cont/build/lib/script_odom/odometry.py -> /home/cadt-02/Documents/can_test_usb/ros2_can/install/odometry_cont/lib/python3.8/site-packages/script_odom
byte-compiling /home/cadt-02/Documents/can_test_usb/ros2_can/install/odometry_cont/lib/python3.8/site-packages/script_odom/odometry.py to odometry.cpython-38.pyc
running install_data
copying resource/odometry_cont -> /home/cadt-02/Documents/can_test_usb/ros2_can/install/odometry_cont/share/ament_index/resource_index/packages
copying package.xml -> /home/cadt-02/Documents/can_test_usb/ros2_can/install/odometry_cont/share/odometry_cont
running install_egg_info
removing '/home/cadt-02/Documents/can_test_usb/ros2_can/install/odometry_cont/lib/python3.8/site-packages/odometry_cont-0.0.0-py3.8.egg-info' (and everything under it)
Copying ../../build/odometry_cont/odometry_cont.egg-info to /home/cadt-02/Documents/can_test_usb/ros2_can/install/odometry_cont/lib/python3.8/site-packages/odometry_cont-0.0.0-py3.8.egg-info
running install_scripts
Installing odometry_cont script to /home/cadt-02/Documents/can_test_usb/ros2_can/install/odometry_cont/lib/odometry_cont
writing list of installed files to '/home/cadt-02/Documents/can_test_usb/ros2_can/build/odometry_cont/install.log'
