[16.758s] Invoking command in '/home/cadt-02/Documents/can_test_usb/ros2_can/build/keyboard_listener': PYTHONPATH=/home/cadt-02/Documents/can_test_usb/ros2_can/build/keyboard_listener/prefix_override:/home/cadt-02/Documents/can_test_usb/ros2_can/install/keyboard_listener/lib/python3.8/site-packages:${PYTHONPATH} /usr/bin/python3 setup.py develop --editable --build-directory /home/cadt-02/Documents/can_test_usb/ros2_can/build/keyboard_listener/build --no-deps install_data
[17.646s] running develop
[17.646s] /home/cadt-02/.local/lib/python3.8/site-packages/setuptools/command/develop.py:42: EasyInstallDeprecationWarning: easy_install command is deprecated.
[17.646s] !!
[17.646s] 
[17.646s]         ********************************************************************************
[17.647s]         Please avoid running ``setup.py`` and ``easy_install``.
[17.647s]         Instead, use pypa/build, pypa/installer or other
[17.650s]         standards-based tools.
[17.650s] 
[17.650s]         See https://github.com/pypa/setuptools/issues/917 for details.
[17.650s]         ********************************************************************************
[17.650s] 
[17.650s] !!
[17.650s]   easy_install.initialize_options(self)
[17.738s] /home/cadt-02/.local/lib/python3.8/site-packages/setuptools/_distutils/cmd.py:66: SetuptoolsDeprecationWarning: setup.py install is deprecated.
[17.738s] !!
[17.738s] 
[17.738s]         ********************************************************************************
[17.738s]         Please avoid running ``setup.py`` directly.
[17.738s]         Instead, use pypa/build, pypa/installer or other
[17.739s]         standards-based tools.
[17.739s] 
[17.739s]         See https://blog.ganssle.io/articles/2021/10/setup-py-deprecated.html for details.
[17.739s]         ********************************************************************************
[17.739s] 
[17.739s] !!
[17.739s]   self.initialize_options()
[18.252s] running egg_info
[18.294s] writing keyboard_listener.egg-info/PKG-INFO
[18.297s] writing dependency_links to keyboard_listener.egg-info/dependency_links.txt
[18.299s] writing entry points to keyboard_listener.egg-info/entry_points.txt
[18.300s] writing requirements to keyboard_listener.egg-info/requires.txt
[18.301s] writing top-level names to keyboard_listener.egg-info/top_level.txt
[18.409s] reading manifest file 'keyboard_listener.egg-info/SOURCES.txt'
[18.411s] writing manifest file 'keyboard_listener.egg-info/SOURCES.txt'
[18.581s] running build_ext
[18.581s] Creating /home/cadt-02/Documents/can_test_usb/ros2_can/install/keyboard_listener/lib/python3.8/site-packages/keyboard-listener.egg-link (link to .)
[18.585s] Installing keyboard_listener script to /home/cadt-02/Documents/can_test_usb/ros2_can/install/keyboard_listener/lib/keyboard_listener
[18.587s] 
[18.587s] Installed /home/cadt-02/Documents/can_test_usb/ros2_can/build/keyboard_listener
[18.587s] running install_data
[18.589s] copying resource/keyboard_listener -> /home/cadt-02/Documents/can_test_usb/ros2_can/install/keyboard_listener/share/ament_index/resource_index/packages
[18.591s] copying package.xml -> /home/cadt-02/Documents/can_test_usb/ros2_can/install/keyboard_listener/share/keyboard_listener
[21.703s] Invoked command in '/home/cadt-02/Documents/can_test_usb/ros2_can/build/keyboard_listener' returned '0': PYTHONPATH=/home/cadt-02/Documents/can_test_usb/ros2_can/build/keyboard_listener/prefix_override:/home/cadt-02/Documents/can_test_usb/ros2_can/install/keyboard_listener/lib/python3.8/site-packages:${PYTHONPATH} /usr/bin/python3 setup.py develop --editable --build-directory /home/cadt-02/Documents/can_test_usb/ros2_can/build/keyboard_listener/build --no-deps install_data
