[15.179s] Invoking command in '/home/cadt-02/Documents/can_test_usb/ros2_can/build/movement': PYTHONPATH=/home/cadt-02/Documents/can_test_usb/ros2_can/build/movement/prefix_override:/home/cadt-02/Documents/can_test_usb/ros2_can/install/movement/lib/python3.8/site-packages:${PYTHONPATH} /usr/bin/python3 setup.py develop --editable --build-directory /home/cadt-02/Documents/can_test_usb/ros2_can/build/movement/build --no-deps install_data
[16.062s] running develop
[16.062s] /home/cadt-02/.local/lib/python3.8/site-packages/setuptools/command/develop.py:42: EasyInstallDeprecationWarning: easy_install command is deprecated.
[16.062s] !!
[16.063s] 
[16.063s]         ********************************************************************************
[16.063s]         Please avoid running ``setup.py`` and ``easy_install``.
[16.063s]         Instead, use pypa/build, pypa/installer or other
[16.063s]         standards-based tools.
[16.064s] 
[16.064s]         See https://github.com/pypa/setuptools/issues/917 for details.
[16.064s]         ********************************************************************************
[16.064s] 
[16.064s] !!
[16.064s]   easy_install.initialize_options(self)
[16.156s] /home/cadt-02/.local/lib/python3.8/site-packages/setuptools/_distutils/cmd.py:66: SetuptoolsDeprecationWarning: setup.py install is deprecated.
[16.156s] !!
[16.156s] 
[16.156s]         ********************************************************************************
[16.156s]         Please avoid running ``setup.py`` directly.
[16.156s]         Instead, use pypa/build, pypa/installer or other
[16.157s]         standards-based tools.
[16.157s] 
[16.157s]         See https://blog.ganssle.io/articles/2021/10/setup-py-deprecated.html for details.
[16.157s]         ********************************************************************************
[16.157s] 
[16.157s] !!
[16.157s]   self.initialize_options()
[16.628s] running egg_info
[16.672s] writing movement.egg-info/PKG-INFO
[16.674s] writing dependency_links to movement.egg-info/dependency_links.txt
[16.675s] writing entry points to movement.egg-info/entry_points.txt
[16.675s] writing requirements to movement.egg-info/requires.txt
[16.676s] writing top-level names to movement.egg-info/top_level.txt
[16.771s] reading manifest file 'movement.egg-info/SOURCES.txt'
[16.774s] writing manifest file 'movement.egg-info/SOURCES.txt'
[16.948s] running build_ext
[16.948s] Creating /home/cadt-02/Documents/can_test_usb/ros2_can/install/movement/lib/python3.8/site-packages/movement.egg-link (link to .)
[16.951s] Installing movement script to /home/cadt-02/Documents/can_test_usb/ros2_can/install/movement/lib/movement
[16.951s] 
[16.952s] Installed /home/cadt-02/Documents/can_test_usb/ros2_can/build/movement
[16.952s] running install_data
[16.953s] copying resource/movement -> /home/cadt-02/Documents/can_test_usb/ros2_can/install/movement/share/ament_index/resource_index/packages
[16.953s] copying package.xml -> /home/cadt-02/Documents/can_test_usb/ros2_can/install/movement/share/movement
[23.545s] Invoked command in '/home/cadt-02/Documents/can_test_usb/ros2_can/build/movement' returned '0': PYTHONPATH=/home/cadt-02/Documents/can_test_usb/ros2_can/build/movement/prefix_override:/home/cadt-02/Documents/can_test_usb/ros2_can/install/movement/lib/python3.8/site-packages:${PYTHONPATH} /usr/bin/python3 setup.py develop --editable --build-directory /home/cadt-02/Documents/can_test_usb/ros2_can/build/movement/build --no-deps install_data
