[16.903s] Invoking command in '/home/cadt-02/Documents/can_test_usb/ros2_can/build/keyboard_listener': PYTHONPATH=/home/cadt-02/Documents/can_test_usb/ros2_can/build/keyboard_listener/prefix_override:/home/cadt-02/Documents/can_test_usb/ros2_can/install/keyboard_listener/lib/python3.8/site-packages:${PYTHONPATH} /usr/bin/python3 setup.py develop --editable --build-directory /home/cadt-02/Documents/can_test_usb/ros2_can/build/keyboard_listener/build --no-deps install_data
[17.862s] running develop
[17.863s] /home/cadt-02/.local/lib/python3.8/site-packages/setuptools/command/develop.py:42: EasyInstallDeprecationWarning: easy_install command is deprecated.
[17.863s] !!
[17.863s] 
[17.863s]         ********************************************************************************
[17.863s]         Please avoid running ``setup.py`` and ``easy_install``.
[17.863s]         Instead, use pypa/build, pypa/installer or other
[17.864s]         standards-based tools.
[17.864s] 
[17.864s]         See https://github.com/pypa/setuptools/issues/917 for details.
[17.864s]         ********************************************************************************
[17.864s] 
[17.864s] !!
[17.869s]   easy_install.initialize_options(self)
[17.950s] /home/cadt-02/.local/lib/python3.8/site-packages/setuptools/_distutils/cmd.py:66: SetuptoolsDeprecationWarning: setup.py install is deprecated.
[17.951s] !!
[17.951s] 
[17.951s]         ********************************************************************************
[17.951s]         Please avoid running ``setup.py`` directly.
[17.951s]         Instead, use pypa/build, pypa/installer or other
[17.952s]         standards-based tools.
[17.952s] 
[17.952s]         See https://blog.ganssle.io/articles/2021/10/setup-py-deprecated.html for details.
[17.952s]         ********************************************************************************
[17.952s] 
[17.952s] !!
[17.952s]   self.initialize_options()
[18.465s] running egg_info
[18.511s] writing keyboard_listener.egg-info/PKG-INFO
[18.517s] writing dependency_links to keyboard_listener.egg-info/dependency_links.txt
[18.518s] writing entry points to keyboard_listener.egg-info/entry_points.txt
[18.523s] writing requirements to keyboard_listener.egg-info/requires.txt
[18.525s] writing top-level names to keyboard_listener.egg-info/top_level.txt
[18.641s] reading manifest file 'keyboard_listener.egg-info/SOURCES.txt'
[18.643s] writing manifest file 'keyboard_listener.egg-info/SOURCES.txt'
[18.831s] running build_ext
[18.832s] Creating /home/cadt-02/Documents/can_test_usb/ros2_can/install/keyboard_listener/lib/python3.8/site-packages/keyboard-listener.egg-link (link to .)
[18.835s] Installing keyboard_listener script to /home/cadt-02/Documents/can_test_usb/ros2_can/install/keyboard_listener/lib/keyboard_listener
[18.838s] 
[18.838s] Installed /home/cadt-02/Documents/can_test_usb/ros2_can/build/keyboard_listener
[18.838s] running install_data
[18.838s] copying resource/keyboard_listener -> /home/cadt-02/Documents/can_test_usb/ros2_can/install/keyboard_listener/share/ament_index/resource_index/packages
[18.840s] copying package.xml -> /home/cadt-02/Documents/can_test_usb/ros2_can/install/keyboard_listener/share/keyboard_listener
[23.129s] Invoked command in '/home/cadt-02/Documents/can_test_usb/ros2_can/build/keyboard_listener' returned '0': PYTHONPATH=/home/cadt-02/Documents/can_test_usb/ros2_can/build/keyboard_listener/prefix_override:/home/cadt-02/Documents/can_test_usb/ros2_can/install/keyboard_listener/lib/python3.8/site-packages:${PYTHONPATH} /usr/bin/python3 setup.py develop --editable --build-directory /home/cadt-02/Documents/can_test_usb/ros2_can/build/keyboard_listener/build --no-deps install_data
