[41.014s] Invoking command in '/home/cadt-02/Documents/can_test_usb/ros2_can/build/my_robot': PYTHONPATH=/home/cadt-02/Documents/can_test_usb/ros2_can/build/my_robot/prefix_override:/home/cadt-02/Documents/can_test_usb/ros2_can/install/my_robot/lib/python3.8/site-packages:${PYTHONPATH} /usr/bin/python3 setup.py develop --editable --build-directory /home/cadt-02/Documents/can_test_usb/ros2_can/build/my_robot/build --no-deps install_data
[41.019s] /home/cadt-02/.local/lib/python3.8/site-packages/setuptools/dist.py:476: SetuptoolsDeprecationWarning: Invalid dash-separated options
[41.019s] !!
[41.019s] 
[41.019s]         ********************************************************************************
[41.019s]         Usage of dash-separated 'script-dir' will not be supported in future
[41.020s]         versions. Please use the underscore name 'script_dir' instead.
[41.020s] 
[41.020s]         By 2024-Sep-26, you need to update your project and remove deprecated calls
[41.020s]         or your builds will no longer be supported.
[41.020s] 
[41.020s]         See https://setuptools.pypa.io/en/latest/userguide/declarative_config.html for details.
[41.020s]         ********************************************************************************
[41.020s] 
[41.021s] !!
[41.021s]   opt = self.warn_dash_deprecation(opt, section)
[41.025s] running develop
[41.025s] /home/cadt-02/.local/lib/python3.8/site-packages/setuptools/command/develop.py:42: EasyInstallDeprecationWarning: easy_install command is deprecated.
[41.025s] !!
[41.025s] 
[41.025s]         ********************************************************************************
[41.025s]         Please avoid running ``setup.py`` and ``easy_install``.
[41.025s]         Instead, use pypa/build, pypa/installer or other
[41.025s]         standards-based tools.
[41.026s] 
[41.026s]         See https://github.com/pypa/setuptools/issues/917 for details.
[41.026s]         ********************************************************************************
[41.026s] 
[41.026s] !!
[41.026s]   easy_install.initialize_options(self)
[41.033s] /home/cadt-02/.local/lib/python3.8/site-packages/setuptools/_distutils/cmd.py:66: SetuptoolsDeprecationWarning: setup.py install is deprecated.
[41.034s] !!
[41.034s] 
[41.034s]         ********************************************************************************
[41.034s]         Please avoid running ``setup.py`` directly.
[41.034s]         Instead, use pypa/build, pypa/installer or other
[41.034s]         standards-based tools.
[41.034s] 
[41.034s]         See https://blog.ganssle.io/articles/2021/10/setup-py-deprecated.html for details.
[41.035s]         ********************************************************************************
[41.035s] 
[41.035s] !!
[41.035s]   self.initialize_options()
[41.041s] running egg_info
[41.042s] writing my_robot.egg-info/PKG-INFO
[41.043s] writing dependency_links to my_robot.egg-info/dependency_links.txt
[41.043s] writing entry points to my_robot.egg-info/entry_points.txt
[41.043s] writing requirements to my_robot.egg-info/requires.txt
[41.043s] writing top-level names to my_robot.egg-info/top_level.txt
[41.045s] reading manifest file 'my_robot.egg-info/SOURCES.txt'
[41.045s] writing manifest file 'my_robot.egg-info/SOURCES.txt'
[41.046s] running build_ext
[41.046s] Creating /home/cadt-02/Documents/can_test_usb/ros2_can/install/my_robot/lib/python3.8/site-packages/my-robot.egg-link (link to .)
[41.047s] Installing arduino_feedback script to /home/cadt-02/Documents/can_test_usb/ros2_can/install/my_robot/lib/my_robot
[41.048s] Installing my_robot script to /home/cadt-02/Documents/can_test_usb/ros2_can/install/my_robot/lib/my_robot
[41.048s] 
[41.048s] Installed /home/cadt-02/Documents/can_test_usb/ros2_can/build/my_robot
[41.048s] running install_data
[41.048s] copying resource/my_robot -> /home/cadt-02/Documents/can_test_usb/ros2_can/install/my_robot/share/ament_index/resource_index/packages
[41.048s] copying package.xml -> /home/cadt-02/Documents/can_test_usb/ros2_can/install/my_robot/share/my_robot
[41.056s] Invoked command in '/home/cadt-02/Documents/can_test_usb/ros2_can/build/my_robot' returned '0': PYTHONPATH=/home/cadt-02/Documents/can_test_usb/ros2_can/build/my_robot/prefix_override:/home/cadt-02/Documents/can_test_usb/ros2_can/install/my_robot/lib/python3.8/site-packages:${PYTHONPATH} /usr/bin/python3 setup.py develop --editable --build-directory /home/cadt-02/Documents/can_test_usb/ros2_can/build/my_robot/build --no-deps install_data
