[16.757s] Invoking command in '/home/cadt-02/Documents/can_test_usb/ros2_can/build/movement': PYTHONPATH=/home/cadt-02/Documents/can_test_usb/ros2_can/build/movement/prefix_override:/home/cadt-02/Documents/can_test_usb/ros2_can/install/movement/lib/python3.8/site-packages:${PYTHONPATH} /usr/bin/python3 setup.py develop --editable --build-directory /home/cadt-02/Documents/can_test_usb/ros2_can/build/movement/build --no-deps install_data
[17.688s] running develop
[17.689s] /home/cadt-02/.local/lib/python3.8/site-packages/setuptools/command/develop.py:42: EasyInstallDeprecationWarning: easy_install command is deprecated.
[17.689s] !!
[17.689s] 
[17.689s]         ********************************************************************************
[17.689s]         Please avoid running ``setup.py`` and ``easy_install``.
[17.690s]         Instead, use pypa/build, pypa/installer or other
[17.690s]         standards-based tools.
[17.690s] 
[17.690s]         See https://github.com/pypa/setuptools/issues/917 for details.
[17.690s]         ********************************************************************************
[17.690s] 
[17.690s] !!
[17.690s]   easy_install.initialize_options(self)
[17.777s] /home/cadt-02/.local/lib/python3.8/site-packages/setuptools/_distutils/cmd.py:66: SetuptoolsDeprecationWarning: setup.py install is deprecated.
[17.777s] !!
[17.777s] 
[17.778s]         ********************************************************************************
[17.778s]         Please avoid running ``setup.py`` directly.
[17.780s]         Instead, use pypa/build, pypa/installer or other
[17.781s]         standards-based tools.
[17.781s] 
[17.781s]         See https://blog.ganssle.io/articles/2021/10/setup-py-deprecated.html for details.
[17.781s]         ********************************************************************************
[17.781s] 
[17.781s] !!
[17.782s]   self.initialize_options()
[18.283s] running egg_info
[18.329s] writing movement.egg-info/PKG-INFO
[18.338s] writing dependency_links to movement.egg-info/dependency_links.txt
[18.339s] writing entry points to movement.egg-info/entry_points.txt
[18.339s] writing requirements to movement.egg-info/requires.txt
[18.339s] writing top-level names to movement.egg-info/top_level.txt
[18.455s] reading manifest file 'movement.egg-info/SOURCES.txt'
[18.456s] writing manifest file 'movement.egg-info/SOURCES.txt'
[18.602s] running build_ext
[18.602s] Creating /home/cadt-02/Documents/can_test_usb/ros2_can/install/movement/lib/python3.8/site-packages/movement.egg-link (link to .)
[18.603s] Installing movement script to /home/cadt-02/Documents/can_test_usb/ros2_can/install/movement/lib/movement
[18.603s] Installing smart_driver_send script to /home/cadt-02/Documents/can_test_usb/ros2_can/install/movement/lib/movement
[18.603s] 
[18.603s] Installed /home/cadt-02/Documents/can_test_usb/ros2_can/build/movement
[18.604s] running install_data
[18.604s] copying resource/movement -> /home/cadt-02/Documents/can_test_usb/ros2_can/install/movement/share/ament_index/resource_index/packages
[18.604s] copying package.xml -> /home/cadt-02/Documents/can_test_usb/ros2_can/install/movement/share/movement
[21.655s] Invoked command in '/home/cadt-02/Documents/can_test_usb/ros2_can/build/movement' returned '0': PYTHONPATH=/home/cadt-02/Documents/can_test_usb/ros2_can/build/movement/prefix_override:/home/cadt-02/Documents/can_test_usb/ros2_can/install/movement/lib/python3.8/site-packages:${PYTHONPATH} /usr/bin/python3 setup.py develop --editable --build-directory /home/cadt-02/Documents/can_test_usb/ros2_can/build/movement/build --no-deps install_data
