[12.920s] Invoking command in '/home/cadt-02/Documents/can_test_usb/ros2_can/src/ros_imu': PYTHONPATH=/home/cadt-02/Documents/can_test_usb/ros2_can/build/ros_imu/prefix_override:/home/cadt-02/Documents/can_test_usb/ros2_can/install/ros_imu/lib/python3.8/site-packages:${PYTHONPATH} /usr/bin/python3 setup.py egg_info --egg-base ../../build/ros_imu build --build-base /home/cadt-02/Documents/can_test_usb/ros2_can/build/ros_imu/build install --record /home/cadt-02/Documents/can_test_usb/ros2_can/build/ros_imu/install.log --install-scripts $base/lib/ros_imu --single-version-externally-managed
[13.259s] /home/cadt-02/.local/lib/python3.8/site-packages/setuptools/dist.py:476: SetuptoolsDeprecationWarning: Invalid dash-separated options
[13.259s] !!
[13.260s] 
[13.260s]         ********************************************************************************
[13.260s]         Usage of dash-separated 'script-dir' will not be supported in future
[13.260s]         versions. Please use the underscore name 'script_dir' instead.
[13.260s] 
[13.260s]         By 2024-Sep-26, you need to update your project and remove deprecated calls
[13.260s]         or your builds will no longer be supported.
[13.261s] 
[13.261s]         See https://setuptools.pypa.io/en/latest/userguide/declarative_config.html for details.
[13.261s]         ********************************************************************************
[13.261s] 
[13.261s] !!
[13.261s]   opt = self.warn_dash_deprecation(opt, section)
[13.526s] running egg_info
[13.569s] writing ../../build/ros_imu/ros_imu.egg-info/PKG-INFO
[13.570s] writing dependency_links to ../../build/ros_imu/ros_imu.egg-info/dependency_links.txt
[13.571s] writing entry points to ../../build/ros_imu/ros_imu.egg-info/entry_points.txt
[13.571s] writing requirements to ../../build/ros_imu/ros_imu.egg-info/requires.txt
[13.572s] writing top-level names to ../../build/ros_imu/ros_imu.egg-info/top_level.txt
[13.905s] reading manifest file '../../build/ros_imu/ros_imu.egg-info/SOURCES.txt'
[13.907s] writing manifest file '../../build/ros_imu/ros_imu.egg-info/SOURCES.txt'
[13.908s] running build
[13.908s] running build_py
[13.908s] copying ros_imu/ros_imu.py -> /home/cadt-02/Documents/can_test_usb/ros2_can/build/ros_imu/build/lib/ros_imu
[13.909s] copying ros_imu/__init__.py -> /home/cadt-02/Documents/can_test_usb/ros2_can/build/ros_imu/build/lib/ros_imu
[13.909s] running install
[13.910s] /home/cadt-02/.local/lib/python3.8/site-packages/setuptools/_distutils/cmd.py:66: SetuptoolsDeprecationWarning: setup.py install is deprecated.
[13.910s] !!
[13.910s] 
[13.910s]         ********************************************************************************
[13.910s]         Please avoid running ``setup.py`` directly.
[13.910s]         Instead, use pypa/build, pypa/installer or other
[13.911s]         standards-based tools.
[13.911s] 
[13.911s]         See https://blog.ganssle.io/articles/2021/10/setup-py-deprecated.html for details.
[13.911s]         ********************************************************************************
[13.911s] 
[13.911s] !!
[13.911s]   self.initialize_options()
[13.921s] running install_lib
[13.967s] running install_data
[14.009s] copying resource/ros_imu -> /home/cadt-02/Documents/can_test_usb/ros2_can/install/ros_imu/share/ament_index/resource_index/packages
[14.009s] copying package.xml -> /home/cadt-02/Documents/can_test_usb/ros2_can/install/ros_imu/share/ros_imu
[14.010s] running install_egg_info
[14.054s] removing '/home/cadt-02/Documents/can_test_usb/ros2_can/install/ros_imu/lib/python3.8/site-packages/ros_imu-0.0.0-py3.8.egg-info' (and everything under it)
[14.055s] Copying ../../build/ros_imu/ros_imu.egg-info to /home/cadt-02/Documents/can_test_usb/ros2_can/install/ros_imu/lib/python3.8/site-packages/ros_imu-0.0.0-py3.8.egg-info
[14.057s] running install_scripts
[14.163s] Installing ros_imu script to /home/cadt-02/Documents/can_test_usb/ros2_can/install/ros_imu/lib/ros_imu
[14.164s] writing list of installed files to '/home/cadt-02/Documents/can_test_usb/ros2_can/build/ros_imu/install.log'
[14.252s] Invoked command in '/home/cadt-02/Documents/can_test_usb/ros2_can/src/ros_imu' returned '0': PYTHONPATH=/home/cadt-02/Documents/can_test_usb/ros2_can/build/ros_imu/prefix_override:/home/cadt-02/Documents/can_test_usb/ros2_can/install/ros_imu/lib/python3.8/site-packages:${PYTHONPATH} /usr/bin/python3 setup.py egg_info --egg-base ../../build/ros_imu build --build-base /home/cadt-02/Documents/can_test_usb/ros2_can/build/ros_imu/build install --record /home/cadt-02/Documents/can_test_usb/ros2_can/build/ros_imu/install.log --install-scripts $base/lib/ros_imu --single-version-externally-managed
