[15.209s] Invoking command in '/home/cadt-02/Documents/can_test_usb/ros2_can/build/movement': PYTHONPATH=/home/cadt-02/Documents/can_test_usb/ros2_can/build/movement/prefix_override:/home/cadt-02/Documents/can_test_usb/ros2_can/install/movement/lib/python3.8/site-packages:${PYTHONPATH} /usr/bin/python3 setup.py develop --editable --build-directory /home/cadt-02/Documents/can_test_usb/ros2_can/build/movement/build --no-deps install_data
[16.061s] running develop
[16.062s] /home/cadt-02/.local/lib/python3.8/site-packages/setuptools/command/develop.py:42: EasyInstallDeprecationWarning: easy_install command is deprecated.
[16.062s] !!
[16.063s] 
[16.063s]         ********************************************************************************
[16.063s]         Please avoid running ``setup.py`` and ``easy_install``.
[16.063s]         Instead, use pypa/build, pypa/installer or other
[16.063s]         standards-based tools.
[16.063s] 
[16.063s]         See https://github.com/pypa/setuptools/issues/917 for details.
[16.064s]         ********************************************************************************
[16.064s] 
[16.064s] !!
[16.064s]   easy_install.initialize_options(self)
[16.154s] /home/cadt-02/.local/lib/python3.8/site-packages/setuptools/_distutils/cmd.py:66: SetuptoolsDeprecationWarning: setup.py install is deprecated.
[16.154s] !!
[16.154s] 
[16.155s]         ********************************************************************************
[16.155s]         Please avoid running ``setup.py`` directly.
[16.155s]         Instead, use pypa/build, pypa/installer or other
[16.155s]         standards-based tools.
[16.155s] 
[16.155s]         See https://blog.ganssle.io/articles/2021/10/setup-py-deprecated.html for details.
[16.155s]         ********************************************************************************
[16.155s] 
[16.156s] !!
[16.156s]   self.initialize_options()
[16.642s] running egg_info
[16.688s] writing movement.egg-info/PKG-INFO
[16.689s] writing dependency_links to movement.egg-info/dependency_links.txt
[16.689s] writing entry points to movement.egg-info/entry_points.txt
[16.689s] writing requirements to movement.egg-info/requires.txt
[16.690s] writing top-level names to movement.egg-info/top_level.txt
[16.787s] reading manifest file 'movement.egg-info/SOURCES.txt'
[16.789s] writing manifest file 'movement.egg-info/SOURCES.txt'
[16.960s] running build_ext
[16.960s] Creating /home/cadt-02/Documents/can_test_usb/ros2_can/install/movement/lib/python3.8/site-packages/movement.egg-link (link to .)
[16.963s] Installing movement script to /home/cadt-02/Documents/can_test_usb/ros2_can/install/movement/lib/movement
[16.963s] 
[16.964s] Installed /home/cadt-02/Documents/can_test_usb/ros2_can/build/movement
[16.966s] running install_data
[16.972s] copying resource/movement -> /home/cadt-02/Documents/can_test_usb/ros2_can/install/movement/share/ament_index/resource_index/packages
[16.982s] copying package.xml -> /home/cadt-02/Documents/can_test_usb/ros2_can/install/movement/share/movement
[18.799s] Invoked command in '/home/cadt-02/Documents/can_test_usb/ros2_can/build/movement' returned '0': PYTHONPATH=/home/cadt-02/Documents/can_test_usb/ros2_can/build/movement/prefix_override:/home/cadt-02/Documents/can_test_usb/ros2_can/install/movement/lib/python3.8/site-packages:${PYTHONPATH} /usr/bin/python3 setup.py develop --editable --build-directory /home/cadt-02/Documents/can_test_usb/ros2_can/build/movement/build --no-deps install_data
