[16.507s] Invoking command in '/home/cadt-02/Documents/can_test_usb/ros2_can/build/movement': PYTHONPATH=/home/cadt-02/Documents/can_test_usb/ros2_can/build/movement/prefix_override:/home/cadt-02/Documents/can_test_usb/ros2_can/install/movement/lib/python3.8/site-packages:${PYTHONPATH} /usr/bin/python3 setup.py develop --editable --build-directory /home/cadt-02/Documents/can_test_usb/ros2_can/build/movement/build --no-deps install_data
[17.357s] running develop
[17.358s] /home/cadt-02/.local/lib/python3.8/site-packages/setuptools/command/develop.py:42: EasyInstallDeprecationWarning: easy_install command is deprecated.
[17.358s] !!
[17.358s] 
[17.358s]         ********************************************************************************
[17.358s]         Please avoid running ``setup.py`` and ``easy_install``.
[17.358s]         Instead, use pypa/build, pypa/installer or other
[17.359s]         standards-based tools.
[17.359s] 
[17.359s]         See https://github.com/pypa/setuptools/issues/917 for details.
[17.359s]         ********************************************************************************
[17.359s] 
[17.359s] !!
[17.359s]   easy_install.initialize_options(self)
[17.450s] /home/cadt-02/.local/lib/python3.8/site-packages/setuptools/_distutils/cmd.py:66: SetuptoolsDeprecationWarning: setup.py install is deprecated.
[17.450s] !!
[17.450s] 
[17.450s]         ********************************************************************************
[17.450s]         Please avoid running ``setup.py`` directly.
[17.451s]         Instead, use pypa/build, pypa/installer or other
[17.451s]         standards-based tools.
[17.451s] 
[17.451s]         See https://blog.ganssle.io/articles/2021/10/setup-py-deprecated.html for details.
[17.452s]         ********************************************************************************
[17.452s] 
[17.452s] !!
[17.452s]   self.initialize_options()
[17.944s] running egg_info
[17.990s] writing movement.egg-info/PKG-INFO
[17.992s] writing dependency_links to movement.egg-info/dependency_links.txt
[17.993s] writing entry points to movement.egg-info/entry_points.txt
[17.994s] writing requirements to movement.egg-info/requires.txt
[17.996s] writing top-level names to movement.egg-info/top_level.txt
[18.093s] reading manifest file 'movement.egg-info/SOURCES.txt'
[18.096s] writing manifest file 'movement.egg-info/SOURCES.txt'
[18.258s] running build_ext
[18.258s] Creating /home/cadt-02/Documents/can_test_usb/ros2_can/install/movement/lib/python3.8/site-packages/movement.egg-link (link to .)
[18.261s] Installing movement script to /home/cadt-02/Documents/can_test_usb/ros2_can/install/movement/lib/movement
[18.262s] 
[18.262s] Installed /home/cadt-02/Documents/can_test_usb/ros2_can/build/movement
[18.263s] running install_data
[18.263s] copying resource/movement -> /home/cadt-02/Documents/can_test_usb/ros2_can/install/movement/share/ament_index/resource_index/packages
[18.264s] copying package.xml -> /home/cadt-02/Documents/can_test_usb/ros2_can/install/movement/share/movement
[21.313s] Invoked command in '/home/cadt-02/Documents/can_test_usb/ros2_can/build/movement' returned '0': PYTHONPATH=/home/cadt-02/Documents/can_test_usb/ros2_can/build/movement/prefix_override:/home/cadt-02/Documents/can_test_usb/ros2_can/install/movement/lib/python3.8/site-packages:${PYTHONPATH} /usr/bin/python3 setup.py develop --editable --build-directory /home/cadt-02/Documents/can_test_usb/ros2_can/build/movement/build --no-deps install_data
