[16.800s] Invoking command in '/home/cadt-02/Documents/can_test_usb/ros2_can/build/odometry_cont': PYTHONPATH=/home/cadt-02/Documents/can_test_usb/ros2_can/build/odometry_cont/prefix_override:/home/cadt-02/Documents/can_test_usb/ros2_can/install/odometry_cont/lib/python3.8/site-packages:${PYTHONPATH} /usr/bin/python3 setup.py develop --editable --build-directory /home/cadt-02/Documents/can_test_usb/ros2_can/build/odometry_cont/build --no-deps install_data
[17.141s] /home/cadt-02/.local/lib/python3.8/site-packages/setuptools/dist.py:476: SetuptoolsDeprecationWarning: Invalid dash-separated options
[17.141s] !!
[17.141s] 
[17.141s]         ********************************************************************************
[17.141s]         Usage of dash-separated 'script-dir' will not be supported in future
[17.142s]         versions. Please use the underscore name 'script_dir' instead.
[17.142s] 
[17.142s]         By 2024-Sep-26, you need to update your project and remove deprecated calls
[17.142s]         or your builds will no longer be supported.
[17.142s] 
[17.142s]         See https://setuptools.pypa.io/en/latest/userguide/declarative_config.html for details.
[17.142s]         ********************************************************************************
[17.142s] 
[17.143s] !!
[17.143s]   opt = self.warn_dash_deprecation(opt, section)
[17.626s] running develop
[17.627s] /home/cadt-02/.local/lib/python3.8/site-packages/setuptools/command/develop.py:42: EasyInstallDeprecationWarning: easy_install command is deprecated.
[17.627s] !!
[17.627s] 
[17.627s]         ********************************************************************************
[17.627s]         Please avoid running ``setup.py`` and ``easy_install``.
[17.627s]         Instead, use pypa/build, pypa/installer or other
[17.627s]         standards-based tools.
[17.627s] 
[17.628s]         See https://github.com/pypa/setuptools/issues/917 for details.
[17.628s]         ********************************************************************************
[17.628s] 
[17.628s] !!
[17.628s]   easy_install.initialize_options(self)
[17.714s] /home/cadt-02/.local/lib/python3.8/site-packages/setuptools/_distutils/cmd.py:66: SetuptoolsDeprecationWarning: setup.py install is deprecated.
[17.714s] !!
[17.715s] 
[17.715s]         ********************************************************************************
[17.715s]         Please avoid running ``setup.py`` directly.
[17.715s]         Instead, use pypa/build, pypa/installer or other
[17.715s]         standards-based tools.
[17.715s] 
[17.715s]         See https://blog.ganssle.io/articles/2021/10/setup-py-deprecated.html for details.
[17.715s]         ********************************************************************************
[17.715s] 
[17.716s] !!
[17.716s]   self.initialize_options()
[18.164s] running egg_info
[18.207s] writing odometry_cont.egg-info/PKG-INFO
[18.208s] writing dependency_links to odometry_cont.egg-info/dependency_links.txt
[18.208s] writing entry points to odometry_cont.egg-info/entry_points.txt
[18.209s] writing requirements to odometry_cont.egg-info/requires.txt
[18.209s] writing top-level names to odometry_cont.egg-info/top_level.txt
[18.300s] reading manifest file 'odometry_cont.egg-info/SOURCES.txt'
[18.302s] writing manifest file 'odometry_cont.egg-info/SOURCES.txt'
[18.459s] running build_ext
[18.460s] Creating /home/cadt-02/Documents/can_test_usb/ros2_can/install/odometry_cont/lib/python3.8/site-packages/odometry-cont.egg-link (link to .)
[18.462s] Installing odometry_cont script to /home/cadt-02/Documents/can_test_usb/ros2_can/install/odometry_cont/lib/odometry_cont
[18.462s] 
[18.462s] Installed /home/cadt-02/Documents/can_test_usb/ros2_can/build/odometry_cont
[18.463s] running install_data
[18.463s] copying resource/odometry_cont -> /home/cadt-02/Documents/can_test_usb/ros2_can/install/odometry_cont/share/ament_index/resource_index/packages
[18.464s] copying package.xml -> /home/cadt-02/Documents/can_test_usb/ros2_can/install/odometry_cont/share/odometry_cont
[19.711s] Invoked command in '/home/cadt-02/Documents/can_test_usb/ros2_can/build/odometry_cont' returned '0': PYTHONPATH=/home/cadt-02/Documents/can_test_usb/ros2_can/build/odometry_cont/prefix_override:/home/cadt-02/Documents/can_test_usb/ros2_can/install/odometry_cont/lib/python3.8/site-packages:${PYTHONPATH} /usr/bin/python3 setup.py develop --editable --build-directory /home/cadt-02/Documents/can_test_usb/ros2_can/build/odometry_cont/build --no-deps install_data
