[12.809s] Invoking command in '/home/cadt-02/Documents/can_test_usb/ros2_can/build/ros_imu': PYTHONPATH=/home/cadt-02/Documents/can_test_usb/ros2_can/build/ros_imu/prefix_override:/home/cadt-02/Documents/can_test_usb/ros2_can/install/ros_imu/lib/python3.8/site-packages:${PYTHONPATH} /usr/bin/python3 setup.py develop --uninstall --editable --build-directory /home/cadt-02/Documents/can_test_usb/ros2_can/build/ros_imu/build
[13.138s] /home/cadt-02/.local/lib/python3.8/site-packages/setuptools/dist.py:476: SetuptoolsDeprecationWarning: Invalid dash-separated options
[13.138s] !!
[13.138s] 
[13.138s]         ********************************************************************************
[13.138s]         Usage of dash-separated 'script-dir' will not be supported in future
[13.138s]         versions. Please use the underscore name 'script_dir' instead.
[13.139s] 
[13.139s]         By 2024-Sep-26, you need to update your project and remove deprecated calls
[13.139s]         or your builds will no longer be supported.
[13.139s] 
[13.139s]         See https://setuptools.pypa.io/en/latest/userguide/declarative_config.html for details.
[13.139s]         ********************************************************************************
[13.140s] 
[13.140s] !!
[13.140s]   opt = self.warn_dash_deprecation(opt, section)
[13.577s] running develop
[13.577s] /home/cadt-02/.local/lib/python3.8/site-packages/setuptools/command/develop.py:42: EasyInstallDeprecationWarning: easy_install command is deprecated.
[13.577s] !!
[13.577s] 
[13.577s]         ********************************************************************************
[13.578s]         Please avoid running ``setup.py`` and ``easy_install``.
[13.578s]         Instead, use pypa/build, pypa/installer or other
[13.578s]         standards-based tools.
[13.578s] 
[13.578s]         See https://github.com/pypa/setuptools/issues/917 for details.
[13.578s]         ********************************************************************************
[13.578s] 
[13.578s] !!
[13.578s]   easy_install.initialize_options(self)
[13.668s] /home/cadt-02/.local/lib/python3.8/site-packages/setuptools/_distutils/cmd.py:66: SetuptoolsDeprecationWarning: setup.py install is deprecated.
[13.668s] !!
[13.668s] 
[13.668s]         ********************************************************************************
[13.668s]         Please avoid running ``setup.py`` directly.
[13.668s]         Instead, use pypa/build, pypa/installer or other
[13.668s]         standards-based tools.
[13.669s] 
[13.669s]         See https://blog.ganssle.io/articles/2021/10/setup-py-deprecated.html for details.
[13.669s]         ********************************************************************************
[13.669s] 
[13.669s] !!
[13.669s]   self.initialize_options()
[14.113s] Removing /home/cadt-02/Documents/can_test_usb/ros2_can/install/ros_imu/lib/python3.8/site-packages/ros-imu.egg-link (link to .)
[14.224s] Invoked command in '/home/cadt-02/Documents/can_test_usb/ros2_can/build/ros_imu' returned '0': PYTHONPATH=/home/cadt-02/Documents/can_test_usb/ros2_can/build/ros_imu/prefix_override:/home/cadt-02/Documents/can_test_usb/ros2_can/install/ros_imu/lib/python3.8/site-packages:${PYTHONPATH} /usr/bin/python3 setup.py develop --uninstall --editable --build-directory /home/cadt-02/Documents/can_test_usb/ros2_can/build/ros_imu/build
[14.229s] Invoking command in '/home/cadt-02/Documents/can_test_usb/ros2_can/src/ros_imu': PYTHONPATH=/home/cadt-02/Documents/can_test_usb/ros2_can/build/ros_imu/prefix_override:/home/cadt-02/Documents/can_test_usb/ros2_can/install/ros_imu/lib/python3.8/site-packages:${PYTHONPATH} /usr/bin/python3 setup.py egg_info --egg-base ../../build/ros_imu build --build-base /home/cadt-02/Documents/can_test_usb/ros2_can/build/ros_imu/build install --record /home/cadt-02/Documents/can_test_usb/ros2_can/build/ros_imu/install.log --install-scripts $base/lib/ros_imu --single-version-externally-managed
[14.561s] /home/cadt-02/.local/lib/python3.8/site-packages/setuptools/dist.py:476: SetuptoolsDeprecationWarning: Invalid dash-separated options
[14.561s] !!
[14.562s] 
[14.562s]         ********************************************************************************
[14.562s]         Usage of dash-separated 'script-dir' will not be supported in future
[14.562s]         versions. Please use the underscore name 'script_dir' instead.
[14.562s] 
[14.562s]         By 2024-Sep-26, you need to update your project and remove deprecated calls
[14.562s]         or your builds will no longer be supported.
[14.562s] 
[14.563s]         See https://setuptools.pypa.io/en/latest/userguide/declarative_config.html for details.
[14.563s]         ********************************************************************************
[14.563s] 
[14.563s] !!
[14.563s]   opt = self.warn_dash_deprecation(opt, section)
[14.824s] running egg_info
[14.866s] writing ../../build/ros_imu/ros_imu.egg-info/PKG-INFO
[14.867s] writing dependency_links to ../../build/ros_imu/ros_imu.egg-info/dependency_links.txt
[14.868s] writing entry points to ../../build/ros_imu/ros_imu.egg-info/entry_points.txt
[14.868s] writing requirements to ../../build/ros_imu/ros_imu.egg-info/requires.txt
[14.868s] writing top-level names to ../../build/ros_imu/ros_imu.egg-info/top_level.txt
[15.196s] reading manifest file '../../build/ros_imu/ros_imu.egg-info/SOURCES.txt'
[15.198s] writing manifest file '../../build/ros_imu/ros_imu.egg-info/SOURCES.txt'
[15.198s] running build
[15.198s] running build_py
[15.199s] copying ros_imu/ros_imu.py -> /home/cadt-02/Documents/can_test_usb/ros2_can/build/ros_imu/build/lib/ros_imu
[15.199s] copying ros_imu/__init__.py -> /home/cadt-02/Documents/can_test_usb/ros2_can/build/ros_imu/build/lib/ros_imu
[15.200s] running install
[15.200s] /home/cadt-02/.local/lib/python3.8/site-packages/setuptools/_distutils/cmd.py:66: SetuptoolsDeprecationWarning: setup.py install is deprecated.
[15.201s] !!
[15.201s] 
[15.201s]         ********************************************************************************
[15.201s]         Please avoid running ``setup.py`` directly.
[15.201s]         Instead, use pypa/build, pypa/installer or other
[15.201s]         standards-based tools.
[15.201s] 
[15.201s]         See https://blog.ganssle.io/articles/2021/10/setup-py-deprecated.html for details.
[15.201s]         ********************************************************************************
[15.202s] 
[15.202s] !!
[15.202s]   self.initialize_options()
[15.212s] running install_lib
[15.255s] creating /home/cadt-02/Documents/can_test_usb/ros2_can/install/ros_imu/lib/python3.8/site-packages/ros_imu
[15.255s] copying /home/cadt-02/Documents/can_test_usb/ros2_can/build/ros_imu/build/lib/ros_imu/ros_imu.py -> /home/cadt-02/Documents/can_test_usb/ros2_can/install/ros_imu/lib/python3.8/site-packages/ros_imu
[15.255s] copying /home/cadt-02/Documents/can_test_usb/ros2_can/build/ros_imu/build/lib/ros_imu/__init__.py -> /home/cadt-02/Documents/can_test_usb/ros2_can/install/ros_imu/lib/python3.8/site-packages/ros_imu
[15.257s] byte-compiling /home/cadt-02/Documents/can_test_usb/ros2_can/install/ros_imu/lib/python3.8/site-packages/ros_imu/ros_imu.py to ros_imu.cpython-38.pyc
[15.260s] byte-compiling /home/cadt-02/Documents/can_test_usb/ros2_can/install/ros_imu/lib/python3.8/site-packages/ros_imu/__init__.py to __init__.cpython-38.pyc
[15.260s] running install_data
[15.302s] copying resource/ros_imu -> /home/cadt-02/Documents/can_test_usb/ros2_can/install/ros_imu/share/ament_index/resource_index/packages
[15.302s] copying package.xml -> /home/cadt-02/Documents/can_test_usb/ros2_can/install/ros_imu/share/ros_imu
[15.303s] running install_egg_info
[15.347s] Copying ../../build/ros_imu/ros_imu.egg-info to /home/cadt-02/Documents/can_test_usb/ros2_can/install/ros_imu/lib/python3.8/site-packages/ros_imu-0.0.0-py3.8.egg-info
[15.349s] running install_scripts
[15.453s] Installing ros_imu script to /home/cadt-02/Documents/can_test_usb/ros2_can/install/ros_imu/lib/ros_imu
[15.453s] writing list of installed files to '/home/cadt-02/Documents/can_test_usb/ros2_can/build/ros_imu/install.log'
[16.429s] Invoked command in '/home/cadt-02/Documents/can_test_usb/ros2_can/src/ros_imu' returned '0': PYTHONPATH=/home/cadt-02/Documents/can_test_usb/ros2_can/build/ros_imu/prefix_override:/home/cadt-02/Documents/can_test_usb/ros2_can/install/ros_imu/lib/python3.8/site-packages:${PYTHONPATH} /usr/bin/python3 setup.py egg_info --egg-base ../../build/ros_imu build --build-base /home/cadt-02/Documents/can_test_usb/ros2_can/build/ros_imu/build install --record /home/cadt-02/Documents/can_test_usb/ros2_can/build/ros_imu/install.log --install-scripts $base/lib/ros_imu --single-version-externally-managed
