[13.329s] Invoking command in '/home/cadt-02/Documents/can_test_usb/ros2_can/build/my_robot': PYTHONPATH=/home/cadt-02/Documents/can_test_usb/ros2_can/build/my_robot/prefix_override:/home/cadt-02/Documents/can_test_usb/ros2_can/install/my_robot/lib/python3.8/site-packages:${PYTHONPATH} /usr/bin/python3 setup.py develop --editable --build-directory /home/cadt-02/Documents/can_test_usb/ros2_can/build/my_robot/build --no-deps install_data
[13.735s] /home/cadt-02/.local/lib/python3.8/site-packages/setuptools/dist.py:476: SetuptoolsDeprecationWarning: Invalid dash-separated options
[13.735s] !!
[13.735s] 
[13.736s]         ********************************************************************************
[13.736s]         Usage of dash-separated 'script-dir' will not be supported in future
[13.736s]         versions. Please use the underscore name 'script_dir' instead.
[13.736s] 
[13.736s]         By 2024-Sep-26, you need to update your project and remove deprecated calls
[13.736s]         or your builds will no longer be supported.
[13.736s] 
[13.737s]         See https://setuptools.pypa.io/en/latest/userguide/declarative_config.html for details.
[13.737s]         ********************************************************************************
[13.737s] 
[13.737s] !!
[13.737s]   opt = self.warn_dash_deprecation(opt, section)
[14.293s] running develop
[14.294s] /home/cadt-02/.local/lib/python3.8/site-packages/setuptools/command/develop.py:42: EasyInstallDeprecationWarning: easy_install command is deprecated.
[14.294s] !!
[14.295s] 
[14.295s]         ********************************************************************************
[14.295s]         Please avoid running ``setup.py`` and ``easy_install``.
[14.295s]         Instead, use pypa/build, pypa/installer or other
[14.295s]         standards-based tools.
[14.295s] 
[14.295s]         See https://github.com/pypa/setuptools/issues/917 for details.
[14.296s]         ********************************************************************************
[14.296s] 
[14.296s] !!
[14.296s]   easy_install.initialize_options(self)
[14.397s] /home/cadt-02/.local/lib/python3.8/site-packages/setuptools/_distutils/cmd.py:66: SetuptoolsDeprecationWarning: setup.py install is deprecated.
[14.397s] !!
[14.397s] 
[14.397s]         ********************************************************************************
[14.398s]         Please avoid running ``setup.py`` directly.
[14.398s]         Instead, use pypa/build, pypa/installer or other
[14.398s]         standards-based tools.
[14.398s] 
[14.398s]         See https://blog.ganssle.io/articles/2021/10/setup-py-deprecated.html for details.
[14.398s]         ********************************************************************************
[14.398s] 
[14.399s] !!
[14.399s]   self.initialize_options()
[14.940s] running egg_info
[14.987s] writing my_robot.egg-info/PKG-INFO
[14.989s] writing dependency_links to my_robot.egg-info/dependency_links.txt
[14.990s] writing entry points to my_robot.egg-info/entry_points.txt
[14.991s] writing requirements to my_robot.egg-info/requires.txt
[14.991s] writing top-level names to my_robot.egg-info/top_level.txt
[15.092s] reading manifest file 'my_robot.egg-info/SOURCES.txt'
[15.095s] writing manifest file 'my_robot.egg-info/SOURCES.txt'
[15.285s] running build_ext
[15.286s] Creating /home/cadt-02/Documents/can_test_usb/ros2_can/install/my_robot/lib/python3.8/site-packages/my-robot.egg-link (link to .)
[15.286s] Installing my_robot script to /home/cadt-02/Documents/can_test_usb/ros2_can/install/my_robot/lib/my_robot
[15.286s] 
[15.286s] Installed /home/cadt-02/Documents/can_test_usb/ros2_can/build/my_robot
[15.286s] running install_data
[15.286s] copying resource/my_robot -> /home/cadt-02/Documents/can_test_usb/ros2_can/install/my_robot/share/ament_index/resource_index/packages
[15.286s] copying package.xml -> /home/cadt-02/Documents/can_test_usb/ros2_can/install/my_robot/share/my_robot
[17.677s] Invoked command in '/home/cadt-02/Documents/can_test_usb/ros2_can/build/my_robot' returned '0': PYTHONPATH=/home/cadt-02/Documents/can_test_usb/ros2_can/build/my_robot/prefix_override:/home/cadt-02/Documents/can_test_usb/ros2_can/install/my_robot/lib/python3.8/site-packages:${PYTHONPATH} /usr/bin/python3 setup.py develop --editable --build-directory /home/cadt-02/Documents/can_test_usb/ros2_can/build/my_robot/build --no-deps install_data
