[17.947s] Invoking command in '/home/cadt-02/Documents/can_test_usb/ros2_can/build/keyboard_listener': NX_CONNECTION=172.23.32.175 45142 172.23.34.34 4000 PYTHONPATH=/home/cadt-02/Documents/can_test_usb/ros2_can/build/keyboard_listener/prefix_override:/home/cadt-02/Documents/can_test_usb/ros2_can/install/keyboard_listener/lib/python3.8/site-packages:${PYTHONPATH} /usr/bin/python3 setup.py develop --editable --build-directory /home/cadt-02/Documents/can_test_usb/ros2_can/build/keyboard_listener/build --no-deps install_data
[18.969s] running develop
[18.969s] /home/cadt-02/.local/lib/python3.8/site-packages/setuptools/command/develop.py:42: EasyInstallDeprecationWarning: easy_install command is deprecated.
[18.969s] !!
[18.969s] 
[18.969s]         ********************************************************************************
[18.970s]         Please avoid running ``setup.py`` and ``easy_install``.
[18.970s]         Instead, use pypa/build, pypa/installer or other
[18.970s]         standards-based tools.
[18.970s] 
[18.970s]         See https://github.com/pypa/setuptools/issues/917 for details.
[18.970s]         ********************************************************************************
[18.970s] 
[18.971s] !!
[18.971s]   easy_install.initialize_options(self)
[19.089s] /home/cadt-02/.local/lib/python3.8/site-packages/setuptools/_distutils/cmd.py:66: SetuptoolsDeprecationWarning: setup.py install is deprecated.
[19.089s] !!
[19.089s] 
[19.089s]         ********************************************************************************
[19.089s]         Please avoid running ``setup.py`` directly.
[19.089s]         Instead, use pypa/build, pypa/installer or other
[19.089s]         standards-based tools.
[19.090s] 
[19.090s]         See https://blog.ganssle.io/articles/2021/10/setup-py-deprecated.html for details.
[19.090s]         ********************************************************************************
[19.090s] 
[19.090s] !!
[19.090s]   self.initialize_options()
[19.721s] running egg_info
[19.770s] writing keyboard_listener.egg-info/PKG-INFO
[19.773s] writing dependency_links to keyboard_listener.egg-info/dependency_links.txt
[19.774s] writing entry points to keyboard_listener.egg-info/entry_points.txt
[19.775s] writing requirements to keyboard_listener.egg-info/requires.txt
[19.776s] writing top-level names to keyboard_listener.egg-info/top_level.txt
[19.892s] reading manifest file 'keyboard_listener.egg-info/SOURCES.txt'
[19.892s] writing manifest file 'keyboard_listener.egg-info/SOURCES.txt'
[20.101s] running build_ext
[20.102s] Creating /home/cadt-02/Documents/can_test_usb/ros2_can/install/keyboard_listener/lib/python3.8/site-packages/keyboard-listener.egg-link (link to .)
[20.103s] Installing keyboard_listener script to /home/cadt-02/Documents/can_test_usb/ros2_can/install/keyboard_listener/lib/keyboard_listener
[20.103s] 
[20.104s] Installed /home/cadt-02/Documents/can_test_usb/ros2_can/build/keyboard_listener
[20.104s] running install_data
[20.105s] copying resource/keyboard_listener -> /home/cadt-02/Documents/can_test_usb/ros2_can/install/keyboard_listener/share/ament_index/resource_index/packages
[20.105s] copying package.xml -> /home/cadt-02/Documents/can_test_usb/ros2_can/install/keyboard_listener/share/keyboard_listener
[24.766s] Invoked command in '/home/cadt-02/Documents/can_test_usb/ros2_can/build/keyboard_listener' returned '0': NX_CONNECTION=172.23.32.175 45142 172.23.34.34 4000 PYTHONPATH=/home/cadt-02/Documents/can_test_usb/ros2_can/build/keyboard_listener/prefix_override:/home/cadt-02/Documents/can_test_usb/ros2_can/install/keyboard_listener/lib/python3.8/site-packages:${PYTHONPATH} /usr/bin/python3 setup.py develop --editable --build-directory /home/cadt-02/Documents/can_test_usb/ros2_can/build/keyboard_listener/build --no-deps install_data
