[44.147s] Invoking command in '/home/cadt-02/Documents/can_test_usb/ros2_can/build/movement': PYTHONPATH=/home/cadt-02/Documents/can_test_usb/ros2_can/build/movement/prefix_override:/home/cadt-02/Documents/can_test_usb/ros2_can/install/movement/lib/python3.8/site-packages:${PYTHONPATH} /usr/bin/python3 setup.py develop --editable --build-directory /home/cadt-02/Documents/can_test_usb/ros2_can/build/movement/build --no-deps install_data
[44.155s] running develop
[44.155s] /home/cadt-02/.local/lib/python3.8/site-packages/setuptools/command/develop.py:42: EasyInstallDeprecationWarning: easy_install command is deprecated.
[44.155s] !!
[44.155s] 
[44.155s]         ********************************************************************************
[44.155s]         Please avoid running ``setup.py`` and ``easy_install``.
[44.155s]         Instead, use pypa/build, pypa/installer or other
[44.155s]         standards-based tools.
[44.156s] 
[44.156s]         See https://github.com/pypa/setuptools/issues/917 for details.
[44.156s]         ********************************************************************************
[44.156s] 
[44.156s] !!
[44.156s]   easy_install.initialize_options(self)
[44.163s] /home/cadt-02/.local/lib/python3.8/site-packages/setuptools/_distutils/cmd.py:66: SetuptoolsDeprecationWarning: setup.py install is deprecated.
[44.163s] !!
[44.163s] 
[44.164s]         ********************************************************************************
[44.164s]         Please avoid running ``setup.py`` directly.
[44.164s]         Instead, use pypa/build, pypa/installer or other
[44.164s]         standards-based tools.
[44.164s] 
[44.164s]         See https://blog.ganssle.io/articles/2021/10/setup-py-deprecated.html for details.
[44.164s]         ********************************************************************************
[44.164s] 
[44.165s] !!
[44.165s]   self.initialize_options()
[44.169s] running egg_info
[44.170s] writing movement.egg-info/PKG-INFO
[44.171s] writing dependency_links to movement.egg-info/dependency_links.txt
[44.171s] writing entry points to movement.egg-info/entry_points.txt
[44.171s] writing requirements to movement.egg-info/requires.txt
[44.172s] writing top-level names to movement.egg-info/top_level.txt
[44.173s] reading manifest file 'movement.egg-info/SOURCES.txt'
[44.173s] writing manifest file 'movement.egg-info/SOURCES.txt'
[44.174s] running build_ext
[44.174s] Creating /home/cadt-02/Documents/can_test_usb/ros2_can/install/movement/lib/python3.8/site-packages/movement.egg-link (link to .)
[44.175s] Installing movement script to /home/cadt-02/Documents/can_test_usb/ros2_can/install/movement/lib/movement
[44.175s] Installing smart_driver_send script to /home/cadt-02/Documents/can_test_usb/ros2_can/install/movement/lib/movement
[44.175s] 
[44.175s] Installed /home/cadt-02/Documents/can_test_usb/ros2_can/build/movement
[44.175s] running install_data
[44.176s] copying resource/movement -> /home/cadt-02/Documents/can_test_usb/ros2_can/install/movement/share/ament_index/resource_index/packages
[44.176s] copying package.xml -> /home/cadt-02/Documents/can_test_usb/ros2_can/install/movement/share/movement
[44.181s] Invoked command in '/home/cadt-02/Documents/can_test_usb/ros2_can/build/movement' returned '0': PYTHONPATH=/home/cadt-02/Documents/can_test_usb/ros2_can/build/movement/prefix_override:/home/cadt-02/Documents/can_test_usb/ros2_can/install/movement/lib/python3.8/site-packages:${PYTHONPATH} /usr/bin/python3 setup.py develop --editable --build-directory /home/cadt-02/Documents/can_test_usb/ros2_can/build/movement/build --no-deps install_data
