[0.985s] DEBUG:colcon:Command line arguments: ['/usr/bin/colcon', 'build']
[0.985s] DEBUG:colcon:Parsed command line arguments: Namespace(allow_overriding=[], ament_cmake_args=None, base_paths=['.'], build_base='build', catkin_cmake_args=None, catkin_skip_building_tests=False, cmake_args=None, cmake_clean_cache=False, cmake_clean_first=False, cmake_force_configure=False, cmake_target=None, cmake_target_skip_unavailable=False, continue_on_error=False, event_handlers=None, executor='parallel', ignore_user_meta=False, install_base='install', log_base=None, log_level=None, main=<bound method BuildVerb.main of <colcon_core.verb.build.BuildVerb object at 0x7f4a2422a580>>, merge_install=False, metas=['./colcon.meta'], mixin=None, mixin_files=None, mixin_verb=('build',), packages_above=None, packages_above_and_dependencies=None, packages_above_depth=None, packages_end=None, packages_ignore=None, packages_ignore_regex=None, packages_select=None, packages_select_build_failed=False, packages_select_by_dep=None, packages_select_regex=None, packages_select_test_failures=False, packages_skip=None, packages_skip_build_finished=False, packages_skip_by_dep=None, packages_skip_regex=None, packages_skip_test_passed=False, packages_skip_up_to=None, packages_start=None, packages_up_to=None, packages_up_to_regex=None, parallel_workers=2, paths=None, symlink_install=False, test_result_base=None, verb_extension=<colcon_core.verb.build.BuildVerb object at 0x7f4a2422a580>, verb_name='build', verb_parser=<colcon_mixin.mixin.mixin_argument.MixinArgumentDecorator object at 0x7f4a2419d970>)
[1.469s] Level 1:colcon.colcon_core.package_discovery:discover_packages(colcon_meta) check parameters
[1.470s] Level 1:colcon.colcon_core.package_discovery:discover_packages(recursive) check parameters
[1.470s] Level 1:colcon.colcon_core.package_discovery:discover_packages(ignore) check parameters
[1.470s] Level 1:colcon.colcon_core.package_discovery:discover_packages(path) check parameters
[1.471s] Level 1:colcon.colcon_core.package_discovery:discover_packages(colcon_meta) discover
[1.471s] Level 1:colcon.colcon_core.package_discovery:discover_packages(recursive) discover
[1.471s] INFO:colcon.colcon_core.package_discovery:Crawling recursively for packages in '/home/romcadt/ros2_ws/src/my_robot_control'
[1.471s] Level 1:colcon.colcon_core.package_identification:_identify(.) by extensions ['ignore', 'ignore_ament_install']
[1.471s] Level 1:colcon.colcon_core.package_identification:_identify(.) by extension 'ignore'
[1.471s] Level 1:colcon.colcon_core.package_identification:_identify(.) by extension 'ignore_ament_install'
[1.471s] Level 1:colcon.colcon_core.package_identification:_identify(.) by extensions ['colcon_pkg']
[1.472s] Level 1:colcon.colcon_core.package_identification:_identify(.) by extension 'colcon_pkg'
[1.472s] Level 1:colcon.colcon_core.package_identification:_identify(.) by extensions ['colcon_meta']
[1.472s] Level 1:colcon.colcon_core.package_identification:_identify(.) by extension 'colcon_meta'
[1.472s] Level 1:colcon.colcon_core.package_identification:_identify(.) by extensions ['ros']
[1.472s] Level 1:colcon.colcon_core.package_identification:_identify(.) by extension 'ros'
[1.522s] DEBUG:colcon.colcon_core.package_identification:Package '.' with type 'ros.ament_python' and name 'my_robot_control'
[1.522s] Level 1:colcon.colcon_core.package_discovery:discover_packages(recursive) using defaults
[1.523s] Level 1:colcon.colcon_core.package_discovery:discover_packages(ignore) discover
[1.523s] Level 1:colcon.colcon_core.package_discovery:discover_packages(ignore) using defaults
[1.523s] Level 1:colcon.colcon_core.package_discovery:discover_packages(path) discover
[1.523s] Level 1:colcon.colcon_core.package_discovery:discover_packages(path) using defaults
[1.598s] Level 1:colcon.colcon_core.package_discovery:discover_packages(prefix_path) check parameters
[1.598s] Level 1:colcon.colcon_core.package_discovery:discover_packages(prefix_path) discover
[1.608s] DEBUG:colcon.colcon_installed_package_information.package_discovery:Found 256 installed packages in /opt/ros/foxy
[1.618s] Level 1:colcon.colcon_core.package_discovery:discover_packages(prefix_path) using defaults
[2.070s] Level 5:colcon.colcon_core.verb:set package 'my_robot_control' build argument 'cmake_args' from command line to 'None'
[2.070s] Level 5:colcon.colcon_core.verb:set package 'my_robot_control' build argument 'cmake_target' from command line to 'None'
[2.072s] Level 5:colcon.colcon_core.verb:set package 'my_robot_control' build argument 'cmake_target_skip_unavailable' from command line to 'False'
[2.072s] Level 5:colcon.colcon_core.verb:set package 'my_robot_control' build argument 'cmake_clean_cache' from command line to 'False'
[2.072s] Level 5:colcon.colcon_core.verb:set package 'my_robot_control' build argument 'cmake_clean_first' from command line to 'False'
[2.072s] Level 5:colcon.colcon_core.verb:set package 'my_robot_control' build argument 'cmake_force_configure' from command line to 'False'
[2.072s] Level 5:colcon.colcon_core.verb:set package 'my_robot_control' build argument 'ament_cmake_args' from command line to 'None'
[2.073s] Level 5:colcon.colcon_core.verb:set package 'my_robot_control' build argument 'catkin_cmake_args' from command line to 'None'
[2.073s] Level 5:colcon.colcon_core.verb:set package 'my_robot_control' build argument 'catkin_skip_building_tests' from command line to 'False'
[2.073s] DEBUG:colcon.colcon_core.verb:Building package 'my_robot_control' with the following arguments: {'ament_cmake_args': None, 'build_base': '/home/romcadt/ros2_ws/src/my_robot_control/build/my_robot_control', 'catkin_cmake_args': None, 'catkin_skip_building_tests': False, 'cmake_args': None, 'cmake_clean_cache': False, 'cmake_clean_first': False, 'cmake_force_configure': False, 'cmake_target': None, 'cmake_target_skip_unavailable': False, 'install_base': '/home/romcadt/ros2_ws/src/my_robot_control/install/my_robot_control', 'merge_install': False, 'path': '/home/romcadt/ros2_ws/src/my_robot_control', 'symlink_install': False, 'test_result_base': None}
[2.073s] INFO:colcon.colcon_core.executor:Executing jobs using 'parallel' executor
[2.078s] DEBUG:colcon.colcon_parallel_executor.executor.parallel:run_until_complete
[2.079s] INFO:colcon.colcon_ros.task.ament_python.build:Building ROS package in '/home/romcadt/ros2_ws/src/my_robot_control' with build type 'ament_python'
[2.080s] Level 1:colcon.colcon_core.shell:create_environment_hook('my_robot_control', 'ament_prefix_path')
[2.090s] INFO:colcon.colcon_core.plugin_system:Skipping extension 'colcon_core.shell.bat': Not used on non-Windows systems
[2.091s] INFO:colcon.colcon_core.shell:Creating environment hook '/home/romcadt/ros2_ws/src/my_robot_control/install/my_robot_control/share/my_robot_control/hook/ament_prefix_path.ps1'
[2.094s] INFO:colcon.colcon_core.shell:Creating environment descriptor '/home/romcadt/ros2_ws/src/my_robot_control/install/my_robot_control/share/my_robot_control/hook/ament_prefix_path.dsv'
[2.096s] INFO:colcon.colcon_core.shell:Creating environment hook '/home/romcadt/ros2_ws/src/my_robot_control/install/my_robot_control/share/my_robot_control/hook/ament_prefix_path.sh'
[2.099s] INFO:colcon.colcon_core.shell:Skip shell extension 'powershell' for command environment: Not usable outside of PowerShell
[2.099s] DEBUG:colcon.colcon_core.shell:Skip shell extension 'dsv' for command environment
[2.964s] INFO:colcon.colcon_core.task.python.build:Building Python package in '/home/romcadt/ros2_ws/src/my_robot_control'
[2.967s] INFO:colcon.colcon_core.shell:Skip shell extension 'powershell' for command environment: Not usable outside of PowerShell
[2.970s] DEBUG:colcon.colcon_core.shell:Skip shell extension 'dsv' for command environment
[4.272s] DEBUG:colcon.colcon_core.event_handler.log_command:Invoking command in '/home/romcadt/ros2_ws/src/my_robot_control': PYTHONPATH=/home/romcadt/ros2_ws/src/my_robot_control/build/my_robot_control/prefix_override:/home/romcadt/ros2_ws/src/my_robot_control/install/my_robot_control/lib/python3.8/site-packages:${PYTHONPATH} /usr/bin/python3 -W ignore:setup.py install is deprecated setup.py egg_info --egg-base build/my_robot_control build --build-base /home/romcadt/ros2_ws/src/my_robot_control/build/my_robot_control/build install --record /home/romcadt/ros2_ws/src/my_robot_control/build/my_robot_control/install.log --install-scripts $base/lib/my_robot_control --single-version-externally-managed install_data
[5.030s] DEBUG:colcon.colcon_core.event_handler.log_command:Invoked command in '/home/romcadt/ros2_ws/src/my_robot_control' returned '0': PYTHONPATH=/home/romcadt/ros2_ws/src/my_robot_control/build/my_robot_control/prefix_override:/home/romcadt/ros2_ws/src/my_robot_control/install/my_robot_control/lib/python3.8/site-packages:${PYTHONPATH} /usr/bin/python3 -W ignore:setup.py install is deprecated setup.py egg_info --egg-base build/my_robot_control build --build-base /home/romcadt/ros2_ws/src/my_robot_control/build/my_robot_control/build install --record /home/romcadt/ros2_ws/src/my_robot_control/build/my_robot_control/install.log --install-scripts $base/lib/my_robot_control --single-version-externally-managed install_data
[5.052s] Level 1:colcon.colcon_core.environment:checking '/home/romcadt/ros2_ws/src/my_robot_control/install/my_robot_control' for CMake module files
[5.053s] Level 1:colcon.colcon_core.environment:checking '/home/romcadt/ros2_ws/src/my_robot_control/install/my_robot_control' for CMake config files
[5.055s] Level 1:colcon.colcon_core.environment:checking '/home/romcadt/ros2_ws/src/my_robot_control/install/my_robot_control/lib'
[5.057s] Level 1:colcon.colcon_core.environment:checking '/home/romcadt/ros2_ws/src/my_robot_control/install/my_robot_control/bin'
[5.057s] Level 1:colcon.colcon_core.environment:checking '/home/romcadt/ros2_ws/src/my_robot_control/install/my_robot_control/lib/pkgconfig/my_robot_control.pc'
[5.057s] Level 1:colcon.colcon_core.environment:checking '/home/romcadt/ros2_ws/src/my_robot_control/install/my_robot_control/lib/python3.8/site-packages'
[5.059s] Level 1:colcon.colcon_core.shell:create_environment_hook('my_robot_control', 'pythonpath')
[5.060s] INFO:colcon.colcon_core.shell:Creating environment hook '/home/romcadt/ros2_ws/src/my_robot_control/install/my_robot_control/share/my_robot_control/hook/pythonpath.ps1'
[5.075s] INFO:colcon.colcon_core.shell:Creating environment descriptor '/home/romcadt/ros2_ws/src/my_robot_control/install/my_robot_control/share/my_robot_control/hook/pythonpath.dsv'
[5.076s] INFO:colcon.colcon_core.shell:Creating environment hook '/home/romcadt/ros2_ws/src/my_robot_control/install/my_robot_control/share/my_robot_control/hook/pythonpath.sh'
[5.077s] Level 1:colcon.colcon_core.environment:checking '/home/romcadt/ros2_ws/src/my_robot_control/install/my_robot_control/bin'
[5.078s] Level 1:colcon.colcon_core.environment:create_environment_scripts_only(my_robot_control)
[5.079s] INFO:colcon.colcon_core.shell:Creating package script '/home/romcadt/ros2_ws/src/my_robot_control/install/my_robot_control/share/my_robot_control/package.ps1'
[5.083s] INFO:colcon.colcon_core.shell:Creating package descriptor '/home/romcadt/ros2_ws/src/my_robot_control/install/my_robot_control/share/my_robot_control/package.dsv'
[5.086s] INFO:colcon.colcon_core.shell:Creating package script '/home/romcadt/ros2_ws/src/my_robot_control/install/my_robot_control/share/my_robot_control/package.sh'
[5.097s] INFO:colcon.colcon_core.shell:Creating package script '/home/romcadt/ros2_ws/src/my_robot_control/install/my_robot_control/share/my_robot_control/package.bash'
[5.100s] INFO:colcon.colcon_core.shell:Creating package script '/home/romcadt/ros2_ws/src/my_robot_control/install/my_robot_control/share/my_robot_control/package.zsh'
[5.103s] Level 1:colcon.colcon_core.environment:create_file_with_runtime_dependencies(/home/romcadt/ros2_ws/src/my_robot_control/install/my_robot_control/share/colcon-core/packages/my_robot_control)
[5.105s] DEBUG:colcon.colcon_parallel_executor.executor.parallel:closing loop
[5.105s] DEBUG:colcon.colcon_parallel_executor.executor.parallel:loop closed
[5.105s] DEBUG:colcon.colcon_parallel_executor.executor.parallel:run_until_complete finished with '0'
[5.106s] DEBUG:colcon.colcon_core.event_reactor:joining thread
[5.148s] INFO:colcon.colcon_core.plugin_system:Skipping extension 'colcon_notification.desktop_notification.terminal_notifier': Not used on non-Darwin systems
[5.149s] INFO:colcon.colcon_core.plugin_system:Skipping extension 'colcon_notification.desktop_notification.win32': Not used on non-Windows systems
[5.149s] INFO:colcon.colcon_notification.desktop_notification:Sending desktop notification using 'notify2'
[5.878s] DEBUG:colcon.colcon_core.event_reactor:joined thread
[5.879s] INFO:colcon.colcon_core.shell:Creating prefix script '/home/romcadt/ros2_ws/src/my_robot_control/install/local_setup.ps1'
[5.882s] INFO:colcon.colcon_core.shell:Creating prefix util module '/home/romcadt/ros2_ws/src/my_robot_control/install/_local_setup_util_ps1.py'
[5.885s] INFO:colcon.colcon_core.shell:Creating prefix chain script '/home/romcadt/ros2_ws/src/my_robot_control/install/setup.ps1'
[5.897s] INFO:colcon.colcon_core.shell:Creating prefix script '/home/romcadt/ros2_ws/src/my_robot_control/install/local_setup.sh'
[5.899s] INFO:colcon.colcon_core.shell:Creating prefix util module '/home/romcadt/ros2_ws/src/my_robot_control/install/_local_setup_util_sh.py'
[5.901s] INFO:colcon.colcon_core.shell:Creating prefix chain script '/home/romcadt/ros2_ws/src/my_robot_control/install/setup.sh'
[5.908s] INFO:colcon.colcon_core.shell:Creating prefix script '/home/romcadt/ros2_ws/src/my_robot_control/install/local_setup.bash'
[5.912s] INFO:colcon.colcon_core.shell:Creating prefix chain script '/home/romcadt/ros2_ws/src/my_robot_control/install/setup.bash'
[5.917s] INFO:colcon.colcon_core.shell:Creating prefix script '/home/romcadt/ros2_ws/src/my_robot_control/install/local_setup.zsh'
[5.920s] INFO:colcon.colcon_core.shell:Creating prefix chain script '/home/romcadt/ros2_ws/src/my_robot_control/install/setup.zsh'
