[15.212s] Invoking command in '/home/cadt-02/Documents/can_test_usb/ros2_can/build/movement': PYTHONPATH=/home/cadt-02/Documents/can_test_usb/ros2_can/build/movement/prefix_override:/home/cadt-02/Documents/can_test_usb/ros2_can/install/movement/lib/python3.8/site-packages:${PYTHONPATH} /usr/bin/python3 setup.py develop --editable --build-directory /home/cadt-02/Documents/can_test_usb/ros2_can/build/movement/build --no-deps install_data
[16.130s] running develop
[16.132s] /home/cadt-02/.local/lib/python3.8/site-packages/setuptools/command/develop.py:42: EasyInstallDeprecationWarning: easy_install command is deprecated.
[16.134s] !!
[16.135s] 
[16.136s]         ********************************************************************************
[16.137s]         Please avoid running ``setup.py`` and ``easy_install``.
[16.137s]         Instead, use pypa/build, pypa/installer or other
[16.137s]         standards-based tools.
[16.137s] 
[16.137s]         See https://github.com/pypa/setuptools/issues/917 for details.
[16.138s]         ********************************************************************************
[16.138s] 
[16.138s] !!
[16.138s]   easy_install.initialize_options(self)
[16.214s] /home/cadt-02/.local/lib/python3.8/site-packages/setuptools/_distutils/cmd.py:66: SetuptoolsDeprecationWarning: setup.py install is deprecated.
[16.214s] !!
[16.214s] 
[16.214s]         ********************************************************************************
[16.215s]         Please avoid running ``setup.py`` directly.
[16.215s]         Instead, use pypa/build, pypa/installer or other
[16.215s]         standards-based tools.
[16.215s] 
[16.215s]         See https://blog.ganssle.io/articles/2021/10/setup-py-deprecated.html for details.
[16.215s]         ********************************************************************************
[16.215s] 
[16.216s] !!
[16.216s]   self.initialize_options()
[16.746s] running egg_info
[16.790s] writing movement.egg-info/PKG-INFO
[16.791s] writing dependency_links to movement.egg-info/dependency_links.txt
[16.792s] writing entry points to movement.egg-info/entry_points.txt
[16.793s] writing requirements to movement.egg-info/requires.txt
[16.794s] writing top-level names to movement.egg-info/top_level.txt
[16.891s] reading manifest file 'movement.egg-info/SOURCES.txt'
[16.897s] writing manifest file 'movement.egg-info/SOURCES.txt'
[17.112s] running build_ext
[17.112s] Creating /home/cadt-02/Documents/can_test_usb/ros2_can/install/movement/lib/python3.8/site-packages/movement.egg-link (link to .)
[17.112s] Installing movement script to /home/cadt-02/Documents/can_test_usb/ros2_can/install/movement/lib/movement
[17.116s] 
[17.116s] Installed /home/cadt-02/Documents/can_test_usb/ros2_can/build/movement
[17.117s] running install_data
[17.118s] copying resource/movement -> /home/cadt-02/Documents/can_test_usb/ros2_can/install/movement/share/ament_index/resource_index/packages
[17.120s] copying package.xml -> /home/cadt-02/Documents/can_test_usb/ros2_can/install/movement/share/movement
[21.584s] Invoked command in '/home/cadt-02/Documents/can_test_usb/ros2_can/build/movement' returned '0': PYTHONPATH=/home/cadt-02/Documents/can_test_usb/ros2_can/build/movement/prefix_override:/home/cadt-02/Documents/can_test_usb/ros2_can/install/movement/lib/python3.8/site-packages:${PYTHONPATH} /usr/bin/python3 setup.py develop --editable --build-directory /home/cadt-02/Documents/can_test_usb/ros2_can/build/movement/build --no-deps install_data
