[14.005s] Invoking command in '/home/cadt-02/Documents/can_test_usb/ros2_can/build/my_package': PYTHONPATH=/home/cadt-02/Documents/can_test_usb/ros2_can/build/my_package/prefix_override:/home/cadt-02/Documents/can_test_usb/ros2_can/install/my_package/lib/python3.8/site-packages:${PYTHONPATH} /usr/bin/python3 setup.py develop --editable --build-directory /home/cadt-02/Documents/can_test_usb/ros2_can/build/my_package/build --no-deps install_data
[15.627s] running develop
[15.627s] running egg_info
[15.627s] writing my_package.egg-info/PKG-INFO
[15.627s] writing dependency_links to my_package.egg-info/dependency_links.txt
[15.628s] writing entry points to my_package.egg-info/entry_points.txt
[15.628s] writing requirements to my_package.egg-info/requires.txt
[15.628s] writing top-level names to my_package.egg-info/top_level.txt
[15.628s] reading manifest file 'my_package.egg-info/SOURCES.txt'
[15.628s] writing manifest file 'my_package.egg-info/SOURCES.txt'
[15.630s] /home/cadt-02/.local/lib/python3.8/site-packages/setuptools/dist.py:476: SetuptoolsDeprecationWarning: Invalid dash-separated options
[15.631s] !!
[15.634s] 
[15.634s]         ********************************************************************************
[15.635s]         Usage of dash-separated 'build-base' will not be supported in future
[15.635s]         versions. Please use the underscore name 'build_base' instead.
[15.636s] 
[15.636s]         By 2024-Sep-26, you need to update your project and remove deprecated calls
[15.637s]         or your builds will no longer be supported.
[15.637s] 
[15.638s]         See https://setuptools.pypa.io/en/latest/userguide/declarative_config.html for details.
[15.638s]         ********************************************************************************
[15.639s] 
[15.639s] !!
[15.640s]   opt = self.warn_dash_deprecation(opt, section)
[15.641s] /home/cadt-02/.local/lib/python3.8/site-packages/setuptools/command/develop.py:42: EasyInstallDeprecationWarning: easy_install command is deprecated.
[15.641s] !!
[15.641s] 
[15.642s]         ********************************************************************************
[15.642s]         Please avoid running ``setup.py`` and ``easy_install``.
[15.643s]         Instead, use pypa/build, pypa/installer or other
[15.643s]         standards-based tools.
[15.644s] 
[15.644s]         See https://github.com/pypa/setuptools/issues/917 for details.
[15.644s]         ********************************************************************************
[15.645s] 
[15.645s] !!
[15.650s]   easy_install.initialize_options(self)
[15.650s] /home/cadt-02/.local/lib/python3.8/site-packages/setuptools/_distutils/cmd.py:66: SetuptoolsDeprecationWarning: setup.py install is deprecated.
[15.650s] !!
[15.651s] 
[15.651s]         ********************************************************************************
[15.651s]         Please avoid running ``setup.py`` directly.
[15.651s]         Instead, use pypa/build, pypa/installer or other
[15.651s]         standards-based tools.
[15.651s] 
[15.651s]         See https://blog.ganssle.io/articles/2021/10/setup-py-deprecated.html for details.
[15.651s]         ********************************************************************************
[15.652s] 
[15.652s] !!
[15.652s]   self.initialize_options()
[15.775s] running build_ext
[15.776s] Creating /home/cadt-02/Documents/can_test_usb/ros2_can/install/my_package/lib/python3.8/site-packages/my-package.egg-link (link to .)
[15.779s] Installing live_detection_node script to /home/cadt-02/Documents/can_test_usb/ros2_can/install/my_package/lib/my_package
[15.780s] Installing main script to /home/cadt-02/Documents/can_test_usb/ros2_can/install/my_package/lib/my_package
[15.780s] Installing my_node script to /home/cadt-02/Documents/can_test_usb/ros2_can/install/my_package/lib/my_package
[15.784s] Installing reinforcement_r2 script to /home/cadt-02/Documents/can_test_usb/ros2_can/install/my_package/lib/my_package
[15.788s] 
[15.792s] Installed /home/cadt-02/Documents/can_test_usb/ros2_can/build/my_package
[15.795s] running install_data
[15.798s] copying resource/my_package -> /home/cadt-02/Documents/can_test_usb/ros2_can/install/my_package/share/ament_index/resource_index/packages
[15.800s] copying package.xml -> /home/cadt-02/Documents/can_test_usb/ros2_can/install/my_package/share/my_package
[24.239s] Invoked command in '/home/cadt-02/Documents/can_test_usb/ros2_can/build/my_package' returned '0': PYTHONPATH=/home/cadt-02/Documents/can_test_usb/ros2_can/build/my_package/prefix_override:/home/cadt-02/Documents/can_test_usb/ros2_can/install/my_package/lib/python3.8/site-packages:${PYTHONPATH} /usr/bin/python3 setup.py develop --editable --build-directory /home/cadt-02/Documents/can_test_usb/ros2_can/build/my_package/build --no-deps install_data
