[14.761s] Invoking command in '/home/cadt-02/Documents/can_test_usb/ros2_can/build/auto_r2': NX_CONNECTION=172.23.34.154 56590 172.23.34.34 4000 PYTHONPATH=/home/cadt-02/Documents/can_test_usb/ros2_can/build/auto_r2/prefix_override:/home/cadt-02/Documents/can_test_usb/ros2_can/install/auto_r2/lib/python3.8/site-packages:${PYTHONPATH} /usr/bin/python3 setup.py develop --editable --build-directory /home/cadt-02/Documents/can_test_usb/ros2_can/build/auto_r2/build --no-deps install_data
[15.146s] /home/cadt-02/.local/lib/python3.8/site-packages/setuptools/dist.py:476: SetuptoolsDeprecationWarning: Invalid dash-separated options
[15.147s] !!
[15.147s] 
[15.147s]         ********************************************************************************
[15.147s]         Usage of dash-separated 'script-dir' will not be supported in future
[15.148s]         versions. Please use the underscore name 'script_dir' instead.
[15.148s] 
[15.148s]         By 2024-Sep-26, you need to update your project and remove deprecated calls
[15.151s]         or your builds will no longer be supported.
[15.152s] 
[15.152s]         See https://setuptools.pypa.io/en/latest/userguide/declarative_config.html for details.
[15.152s]         ********************************************************************************
[15.153s] 
[15.153s] !!
[15.153s]   opt = self.warn_dash_deprecation(opt, section)
[15.710s] running develop
[15.710s] /home/cadt-02/.local/lib/python3.8/site-packages/setuptools/command/develop.py:42: EasyInstallDeprecationWarning: easy_install command is deprecated.
[15.710s] !!
[15.711s] 
[15.711s]         ********************************************************************************
[15.711s]         Please avoid running ``setup.py`` and ``easy_install``.
[15.711s]         Instead, use pypa/build, pypa/installer or other
[15.711s]         standards-based tools.
[15.711s] 
[15.711s]         See https://github.com/pypa/setuptools/issues/917 for details.
[15.711s]         ********************************************************************************
[15.712s] 
[15.712s] !!
[15.712s]   easy_install.initialize_options(self)
[15.811s] /home/cadt-02/.local/lib/python3.8/site-packages/setuptools/_distutils/cmd.py:66: SetuptoolsDeprecationWarning: setup.py install is deprecated.
[15.811s] !!
[15.811s] 
[15.811s]         ********************************************************************************
[15.811s]         Please avoid running ``setup.py`` directly.
[15.811s]         Instead, use pypa/build, pypa/installer or other
[15.811s]         standards-based tools.
[15.812s] 
[15.812s]         See https://blog.ganssle.io/articles/2021/10/setup-py-deprecated.html for details.
[15.812s]         ********************************************************************************
[15.812s] 
[15.812s] !!
[15.812s]   self.initialize_options()
[16.359s] running egg_info
[16.402s] writing auto_r2.egg-info/PKG-INFO
[16.404s] writing dependency_links to auto_r2.egg-info/dependency_links.txt
[16.405s] writing entry points to auto_r2.egg-info/entry_points.txt
[16.406s] writing requirements to auto_r2.egg-info/requires.txt
[16.407s] writing top-level names to auto_r2.egg-info/top_level.txt
[16.509s] reading manifest file 'auto_r2.egg-info/SOURCES.txt'
[16.511s] writing manifest file 'auto_r2.egg-info/SOURCES.txt'
[16.686s] running build_ext
[16.687s] Creating /home/cadt-02/Documents/can_test_usb/ros2_can/install/auto_r2/lib/python3.8/site-packages/auto-r2.egg-link (link to .)
[16.689s] Installing auto_r2 script to /home/cadt-02/Documents/can_test_usb/ros2_can/install/auto_r2/lib/auto_r2
[16.689s] 
[16.691s] Installed /home/cadt-02/Documents/can_test_usb/ros2_can/build/auto_r2
[16.691s] running install_data
[16.692s] copying resource/auto_r2 -> /home/cadt-02/Documents/can_test_usb/ros2_can/install/auto_r2/share/ament_index/resource_index/packages
[16.693s] copying package.xml -> /home/cadt-02/Documents/can_test_usb/ros2_can/install/auto_r2/share/auto_r2
[16.908s] Invoked command in '/home/cadt-02/Documents/can_test_usb/ros2_can/build/auto_r2' returned '0': NX_CONNECTION=172.23.34.154 56590 172.23.34.34 4000 PYTHONPATH=/home/cadt-02/Documents/can_test_usb/ros2_can/build/auto_r2/prefix_override:/home/cadt-02/Documents/can_test_usb/ros2_can/install/auto_r2/lib/python3.8/site-packages:${PYTHONPATH} /usr/bin/python3 setup.py develop --editable --build-directory /home/cadt-02/Documents/can_test_usb/ros2_can/build/auto_r2/build --no-deps install_data
