[16.929s] Invoking command in '/home/cadt-02/Documents/can_test_usb/ros2_can/build/keyboard_listener': PYTHONPATH=/home/cadt-02/Documents/can_test_usb/ros2_can/build/keyboard_listener/prefix_override:/home/cadt-02/Documents/can_test_usb/ros2_can/install/keyboard_listener/lib/python3.8/site-packages:${PYTHONPATH} /usr/bin/python3 setup.py develop --editable --build-directory /home/cadt-02/Documents/can_test_usb/ros2_can/build/keyboard_listener/build --no-deps install_data
[18.160s] /home/cadt-02/.local/lib/python3.8/site-packages/setuptools/command/develop.py:42: EasyInstallDeprecationWarning: easy_install command is deprecated.
[18.160s] !!
[18.160s] 
[18.160s]         ********************************************************************************
[18.161s]         Please avoid running ``setup.py`` and ``easy_install``.
[18.161s]         Instead, use pypa/build, pypa/installer or other
[18.161s]         standards-based tools.
[18.161s] 
[18.161s]         See https://github.com/pypa/setuptools/issues/917 for details.
[18.161s]         ********************************************************************************
[18.161s] 
[18.161s] !!
[18.162s]   easy_install.initialize_options(self)
[18.162s] /home/cadt-02/.local/lib/python3.8/site-packages/setuptools/_distutils/cmd.py:66: SetuptoolsDeprecationWarning: setup.py install is deprecated.
[18.162s] !!
[18.162s] 
[18.162s]         ********************************************************************************
[18.162s]         Please avoid running ``setup.py`` directly.
[18.162s]         Instead, use pypa/build, pypa/installer or other
[18.162s]         standards-based tools.
[18.163s] 
[18.163s]         See https://blog.ganssle.io/articles/2021/10/setup-py-deprecated.html for details.
[18.163s]         ********************************************************************************
[18.163s] 
[18.163s] !!
[18.163s]   self.initialize_options()
[18.178s] running develop
[18.356s] running egg_info
[18.400s] writing keyboard_listener.egg-info/PKG-INFO
[18.402s] writing dependency_links to keyboard_listener.egg-info/dependency_links.txt
[18.403s] writing entry points to keyboard_listener.egg-info/entry_points.txt
[18.403s] writing requirements to keyboard_listener.egg-info/requires.txt
[18.404s] writing top-level names to keyboard_listener.egg-info/top_level.txt
[18.496s] reading manifest file 'keyboard_listener.egg-info/SOURCES.txt'
[18.497s] writing manifest file 'keyboard_listener.egg-info/SOURCES.txt'
[18.666s] running build_ext
[18.666s] Creating /home/cadt-02/Documents/can_test_usb/ros2_can/install/keyboard_listener/lib/python3.8/site-packages/keyboard-listener.egg-link (link to .)
[18.668s] Installing keyboard_listener script to /home/cadt-02/Documents/can_test_usb/ros2_can/install/keyboard_listener/lib/keyboard_listener
[18.670s] 
[18.670s] Installed /home/cadt-02/Documents/can_test_usb/ros2_can/build/keyboard_listener
[18.670s] running install_data
[18.671s] copying resource/keyboard_listener -> /home/cadt-02/Documents/can_test_usb/ros2_can/install/keyboard_listener/share/ament_index/resource_index/packages
[18.671s] copying package.xml -> /home/cadt-02/Documents/can_test_usb/ros2_can/install/keyboard_listener/share/keyboard_listener
[22.005s] Invoked command in '/home/cadt-02/Documents/can_test_usb/ros2_can/build/keyboard_listener' returned '0': PYTHONPATH=/home/cadt-02/Documents/can_test_usb/ros2_can/build/keyboard_listener/prefix_override:/home/cadt-02/Documents/can_test_usb/ros2_can/install/keyboard_listener/lib/python3.8/site-packages:${PYTHONPATH} /usr/bin/python3 setup.py develop --editable --build-directory /home/cadt-02/Documents/can_test_usb/ros2_can/build/keyboard_listener/build --no-deps install_data
