[15.214s] Invoking command in '/home/cadt-02/Documents/can_test_usb/ros2_can/build/movement': PYTHONPATH=/home/cadt-02/Documents/can_test_usb/ros2_can/build/movement/prefix_override:/home/cadt-02/Documents/can_test_usb/ros2_can/install/movement/lib/python3.8/site-packages:${PYTHONPATH} /usr/bin/python3 setup.py develop --editable --build-directory /home/cadt-02/Documents/can_test_usb/ros2_can/build/movement/build --no-deps install_data
[16.495s] running develop
[16.500s] /home/cadt-02/.local/lib/python3.8/site-packages/setuptools/command/develop.py:42: EasyInstallDeprecationWarning: easy_install command is deprecated.
[16.502s] !!
[16.503s] 
[16.504s]         ********************************************************************************
[16.506s]         Please avoid running ``setup.py`` and ``easy_install``.
[16.508s]         Instead, use pypa/build, pypa/installer or other
[16.509s]         standards-based tools.
[16.511s] 
[16.512s]         See https://github.com/pypa/setuptools/issues/917 for details.
[16.513s]         ********************************************************************************
[16.514s] 
[16.514s] !!
[16.515s]   easy_install.initialize_options(self)
[16.515s] /home/cadt-02/.local/lib/python3.8/site-packages/setuptools/_distutils/cmd.py:66: SetuptoolsDeprecationWarning: setup.py install is deprecated.
[16.515s] !!
[16.515s] 
[16.515s]         ********************************************************************************
[16.516s]         Please avoid running ``setup.py`` directly.
[16.516s]         Instead, use pypa/build, pypa/installer or other
[16.516s]         standards-based tools.
[16.516s] 
[16.516s]         See https://blog.ganssle.io/articles/2021/10/setup-py-deprecated.html for details.
[16.517s]         ********************************************************************************
[16.517s] 
[16.517s] !!
[16.517s]   self.initialize_options()
[16.644s] running egg_info
[16.686s] writing movement.egg-info/PKG-INFO
[16.688s] writing dependency_links to movement.egg-info/dependency_links.txt
[16.689s] writing entry points to movement.egg-info/entry_points.txt
[16.689s] writing requirements to movement.egg-info/requires.txt
[16.689s] writing top-level names to movement.egg-info/top_level.txt
[16.781s] reading manifest file 'movement.egg-info/SOURCES.txt'
[16.785s] writing manifest file 'movement.egg-info/SOURCES.txt'
[16.947s] running build_ext
[16.947s] Creating /home/cadt-02/Documents/can_test_usb/ros2_can/install/movement/lib/python3.8/site-packages/movement.egg-link (link to .)
[16.950s] Installing movement script to /home/cadt-02/Documents/can_test_usb/ros2_can/install/movement/lib/movement
[16.951s] 
[16.951s] Installed /home/cadt-02/Documents/can_test_usb/ros2_can/build/movement
[16.951s] running install_data
[16.952s] copying resource/movement -> /home/cadt-02/Documents/can_test_usb/ros2_can/install/movement/share/ament_index/resource_index/packages
[16.952s] copying package.xml -> /home/cadt-02/Documents/can_test_usb/ros2_can/install/movement/share/movement
[22.824s] Invoked command in '/home/cadt-02/Documents/can_test_usb/ros2_can/build/movement' returned '0': PYTHONPATH=/home/cadt-02/Documents/can_test_usb/ros2_can/build/movement/prefix_override:/home/cadt-02/Documents/can_test_usb/ros2_can/install/movement/lib/python3.8/site-packages:${PYTHONPATH} /usr/bin/python3 setup.py develop --editable --build-directory /home/cadt-02/Documents/can_test_usb/ros2_can/build/movement/build --no-deps install_data
