[14.126s] Invoking command in '/home/cadt-02/Documents/can_test_usb/ros2_can/build/my_package': PYTHONPATH=/home/cadt-02/Documents/can_test_usb/ros2_can/build/my_package/prefix_override:/home/cadt-02/Documents/can_test_usb/ros2_can/install/my_package/lib/python3.8/site-packages:${PYTHONPATH} /usr/bin/python3 setup.py develop --editable --build-directory /home/cadt-02/Documents/can_test_usb/ros2_can/build/my_package/build --no-deps install_data
[15.394s] running develop
[15.394s] /home/cadt-02/.local/lib/python3.8/site-packages/setuptools/dist.py:476: SetuptoolsDeprecationWarning: Invalid dash-separated options
[15.394s] !!
[15.394s] 
[15.394s]         ********************************************************************************
[15.394s]         Usage of dash-separated 'build-base' will not be supported in future
[15.395s]         versions. Please use the underscore name 'build_base' instead.
[15.395s] 
[15.395s]         By 2024-Sep-26, you need to update your project and remove deprecated calls
[15.395s]         or your builds will no longer be supported.
[15.395s] 
[15.395s]         See https://setuptools.pypa.io/en/latest/userguide/declarative_config.html for details.
[15.395s]         ********************************************************************************
[15.396s] 
[15.396s] !!
[15.396s]   opt = self.warn_dash_deprecation(opt, section)
[15.396s] /home/cadt-02/.local/lib/python3.8/site-packages/setuptools/command/develop.py:42: EasyInstallDeprecationWarning: easy_install command is deprecated.
[15.396s] !!
[15.396s] 
[15.396s]         ********************************************************************************
[15.397s]         Please avoid running ``setup.py`` and ``easy_install``.
[15.397s]         Instead, use pypa/build, pypa/installer or other
[15.397s]         standards-based tools.
[15.397s] 
[15.397s]         See https://github.com/pypa/setuptools/issues/917 for details.
[15.397s]         ********************************************************************************
[15.397s] 
[15.397s] !!
[15.398s]   easy_install.initialize_options(self)
[15.398s] /home/cadt-02/.local/lib/python3.8/site-packages/setuptools/_distutils/cmd.py:66: SetuptoolsDeprecationWarning: setup.py install is deprecated.
[15.398s] !!
[15.398s] 
[15.398s]         ********************************************************************************
[15.398s]         Please avoid running ``setup.py`` directly.
[15.398s]         Instead, use pypa/build, pypa/installer or other
[15.399s]         standards-based tools.
[15.399s] 
[15.399s]         See https://blog.ganssle.io/articles/2021/10/setup-py-deprecated.html for details.
[15.399s]         ********************************************************************************
[15.399s] 
[15.399s] !!
[15.399s]   self.initialize_options()
[15.497s] running egg_info
[15.539s] writing my_package.egg-info/PKG-INFO
[15.540s] writing dependency_links to my_package.egg-info/dependency_links.txt
[15.541s] writing entry points to my_package.egg-info/entry_points.txt
[15.541s] writing requirements to my_package.egg-info/requires.txt
[15.542s] writing top-level names to my_package.egg-info/top_level.txt
[15.632s] reading manifest file 'my_package.egg-info/SOURCES.txt'
[15.633s] writing manifest file 'my_package.egg-info/SOURCES.txt'
[15.790s] running build_ext
[15.791s] Creating /home/cadt-02/Documents/can_test_usb/ros2_can/install/my_package/lib/python3.8/site-packages/my-package.egg-link (link to .)
[15.794s] Installing live_detection_node script to /home/cadt-02/Documents/can_test_usb/ros2_can/install/my_package/lib/my_package
[15.794s] Installing main script to /home/cadt-02/Documents/can_test_usb/ros2_can/install/my_package/lib/my_package
[15.795s] Installing my_node script to /home/cadt-02/Documents/can_test_usb/ros2_can/install/my_package/lib/my_package
[15.796s] Installing reinforcement_r2 script to /home/cadt-02/Documents/can_test_usb/ros2_can/install/my_package/lib/my_package
[15.796s] 
[15.796s] Installed /home/cadt-02/Documents/can_test_usb/ros2_can/build/my_package
[15.796s] running install_data
[15.797s] copying resource/my_package -> /home/cadt-02/Documents/can_test_usb/ros2_can/install/my_package/share/ament_index/resource_index/packages
[15.797s] copying package.xml -> /home/cadt-02/Documents/can_test_usb/ros2_can/install/my_package/share/my_package
[20.534s] Invoked command in '/home/cadt-02/Documents/can_test_usb/ros2_can/build/my_package' returned '0': PYTHONPATH=/home/cadt-02/Documents/can_test_usb/ros2_can/build/my_package/prefix_override:/home/cadt-02/Documents/can_test_usb/ros2_can/install/my_package/lib/python3.8/site-packages:${PYTHONPATH} /usr/bin/python3 setup.py develop --editable --build-directory /home/cadt-02/Documents/can_test_usb/ros2_can/build/my_package/build --no-deps install_data
