[13.821s] Invoking command in '/home/cadt-02/Documents/can_test_usb/ros2_can/build/my_robot': PYTHONPATH=/home/cadt-02/Documents/can_test_usb/ros2_can/build/my_robot/prefix_override:/home/cadt-02/Documents/can_test_usb/ros2_can/install/my_robot/lib/python3.8/site-packages:${PYTHONPATH} /usr/bin/python3 setup.py develop --editable --build-directory /home/cadt-02/Documents/can_test_usb/ros2_can/build/my_robot/build --no-deps install_data
[14.239s] /home/cadt-02/.local/lib/python3.8/site-packages/setuptools/dist.py:476: SetuptoolsDeprecationWarning: Invalid dash-separated options
[14.240s] !!
[14.240s] 
[14.240s]         ********************************************************************************
[14.240s]         Usage of dash-separated 'script-dir' will not be supported in future
[14.240s]         versions. Please use the underscore name 'script_dir' instead.
[14.240s] 
[14.241s]         By 2024-Sep-26, you need to update your project and remove deprecated calls
[14.241s]         or your builds will no longer be supported.
[14.241s] 
[14.241s]         See https://setuptools.pypa.io/en/latest/userguide/declarative_config.html for details.
[14.241s]         ********************************************************************************
[14.241s] 
[14.241s] !!
[14.242s]   opt = self.warn_dash_deprecation(opt, section)
[14.837s] running develop
[14.837s] /home/cadt-02/.local/lib/python3.8/site-packages/setuptools/command/develop.py:42: EasyInstallDeprecationWarning: easy_install command is deprecated.
[14.838s] !!
[14.838s] 
[14.838s]         ********************************************************************************
[14.838s]         Please avoid running ``setup.py`` and ``easy_install``.
[14.838s]         Instead, use pypa/build, pypa/installer or other
[14.838s]         standards-based tools.
[14.839s] 
[14.839s]         See https://github.com/pypa/setuptools/issues/917 for details.
[14.839s]         ********************************************************************************
[14.839s] 
[14.839s] !!
[14.839s]   easy_install.initialize_options(self)
[14.931s] /home/cadt-02/.local/lib/python3.8/site-packages/setuptools/_distutils/cmd.py:66: SetuptoolsDeprecationWarning: setup.py install is deprecated.
[14.932s] !!
[14.932s] 
[14.932s]         ********************************************************************************
[14.932s]         Please avoid running ``setup.py`` directly.
[14.932s]         Instead, use pypa/build, pypa/installer or other
[14.932s]         standards-based tools.
[14.933s] 
[14.933s]         See https://blog.ganssle.io/articles/2021/10/setup-py-deprecated.html for details.
[14.933s]         ********************************************************************************
[14.933s] 
[14.933s] !!
[14.933s]   self.initialize_options()
[15.457s] running egg_info
[15.524s] writing my_robot.egg-info/PKG-INFO
[15.529s] writing dependency_links to my_robot.egg-info/dependency_links.txt
[15.531s] writing entry points to my_robot.egg-info/entry_points.txt
[15.532s] writing requirements to my_robot.egg-info/requires.txt
[15.544s] writing top-level names to my_robot.egg-info/top_level.txt
[15.679s] reading manifest file 'my_robot.egg-info/SOURCES.txt'
[15.679s] writing manifest file 'my_robot.egg-info/SOURCES.txt'
[15.874s] running build_ext
[15.874s] Creating /home/cadt-02/Documents/can_test_usb/ros2_can/install/my_robot/lib/python3.8/site-packages/my-robot.egg-link (link to .)
[15.888s] Installing my_robot script to /home/cadt-02/Documents/can_test_usb/ros2_can/install/my_robot/lib/my_robot
[15.895s] 
[15.895s] Installed /home/cadt-02/Documents/can_test_usb/ros2_can/build/my_robot
[15.895s] running install_data
[15.895s] copying resource/my_robot -> /home/cadt-02/Documents/can_test_usb/ros2_can/install/my_robot/share/ament_index/resource_index/packages
[15.895s] copying package.xml -> /home/cadt-02/Documents/can_test_usb/ros2_can/install/my_robot/share/my_robot
[18.718s] Invoked command in '/home/cadt-02/Documents/can_test_usb/ros2_can/build/my_robot' returned '0': PYTHONPATH=/home/cadt-02/Documents/can_test_usb/ros2_can/build/my_robot/prefix_override:/home/cadt-02/Documents/can_test_usb/ros2_can/install/my_robot/lib/python3.8/site-packages:${PYTHONPATH} /usr/bin/python3 setup.py develop --editable --build-directory /home/cadt-02/Documents/can_test_usb/ros2_can/build/my_robot/build --no-deps install_data
