[16.889s] Invoking command in '/home/cadt-02/Documents/can_test_usb/ros2_can/build/movement': PYTHONPATH=/home/cadt-02/Documents/can_test_usb/ros2_can/build/movement/prefix_override:/home/cadt-02/Documents/can_test_usb/ros2_can/install/movement/lib/python3.8/site-packages:${PYTHONPATH} /usr/bin/python3 setup.py develop --editable --build-directory /home/cadt-02/Documents/can_test_usb/ros2_can/build/movement/build --no-deps install_data
[18.639s] running develop
[18.639s] /home/cadt-02/.local/lib/python3.8/site-packages/setuptools/command/develop.py:42: EasyInstallDeprecationWarning: easy_install command is deprecated.
[18.640s] !!
[18.640s] 
[18.640s]         ********************************************************************************
[18.640s]         Please avoid running ``setup.py`` and ``easy_install``.
[18.640s]         Instead, use pypa/build, pypa/installer or other
[18.641s]         standards-based tools.
[18.641s] 
[18.641s]         See https://github.com/pypa/setuptools/issues/917 for details.
[18.641s]         ********************************************************************************
[18.641s] 
[18.641s] !!
[18.641s]   easy_install.initialize_options(self)
[18.821s] /home/cadt-02/.local/lib/python3.8/site-packages/setuptools/_distutils/cmd.py:66: SetuptoolsDeprecationWarning: setup.py install is deprecated.
[18.822s] !!
[18.822s] 
[18.822s]         ********************************************************************************
[18.822s]         Please avoid running ``setup.py`` directly.
[18.822s]         Instead, use pypa/build, pypa/installer or other
[18.823s]         standards-based tools.
[18.823s] 
[18.823s]         See https://blog.ganssle.io/articles/2021/10/setup-py-deprecated.html for details.
[18.823s]         ********************************************************************************
[18.823s] 
[18.824s] !!
[18.824s]   self.initialize_options()
[19.526s] running egg_info
[19.600s] writing movement.egg-info/PKG-INFO
[19.600s] writing dependency_links to movement.egg-info/dependency_links.txt
[19.604s] writing entry points to movement.egg-info/entry_points.txt
[19.613s] writing requirements to movement.egg-info/requires.txt
[19.613s] writing top-level names to movement.egg-info/top_level.txt
[19.873s] reading manifest file 'movement.egg-info/SOURCES.txt'
[19.881s] writing manifest file 'movement.egg-info/SOURCES.txt'
[20.078s] running build_ext
[20.080s] Creating /home/cadt-02/Documents/can_test_usb/ros2_can/install/movement/lib/python3.8/site-packages/movement.egg-link (link to .)
[20.085s] Installing movement script to /home/cadt-02/Documents/can_test_usb/ros2_can/install/movement/lib/movement
[20.086s] 
[20.087s] Installed /home/cadt-02/Documents/can_test_usb/ros2_can/build/movement
[20.087s] running install_data
[20.102s] copying resource/movement -> /home/cadt-02/Documents/can_test_usb/ros2_can/install/movement/share/ament_index/resource_index/packages
[20.102s] copying package.xml -> /home/cadt-02/Documents/can_test_usb/ros2_can/install/movement/share/movement
[29.980s] Invoked command in '/home/cadt-02/Documents/can_test_usb/ros2_can/build/movement' returned '0': PYTHONPATH=/home/cadt-02/Documents/can_test_usb/ros2_can/build/movement/prefix_override:/home/cadt-02/Documents/can_test_usb/ros2_can/install/movement/lib/python3.8/site-packages:${PYTHONPATH} /usr/bin/python3 setup.py develop --editable --build-directory /home/cadt-02/Documents/can_test_usb/ros2_can/build/movement/build --no-deps install_data
