[8.545s] Invoking command in '/home/cadt-02/Documents/can_test_usb/ros2_can/build/cadt02_interfaces': CMAKE_PREFIX_PATH=${CMAKE_PREFIX_PATH}:/home/cadt-02/Documents/can_test_usb/ros2_can/install/ros_imu:/home/cadt-02/Documents/can_test_usb/ros2_can/install/my_robot:/home/cadt-02/Documents/can_test_usb/ros2_can/install/my_package:/home/cadt-02/Documents/can_test_usb/ros2_can/install/movement:/home/cadt-02/Documents/can_test_usb/ros2_can/install/keyboard_publisher:/home/cadt-02/Documents/can_test_usb/ros2_can/install/keyboard_listener:/opt/ros/foxy /home/cadt-02/.local/bin/cmake --build /home/cadt-02/Documents/can_test_usb/ros2_can/build/cadt02_interfaces -- -j6 -l6
[17.022s] [  3%] Built target cadt02_interfaces__cpp
[17.023s] [ 12%] Built target cadt02_interfaces__rosidl_generator_c
[17.023s] [ 22%] Built target cadt02_interfaces__rosidl_typesupport_introspection_c
[17.024s] [ 32%] Built target cadt02_interfaces__rosidl_typesupport_cpp
[17.024s] [ 41%] Built target cadt02_interfaces__rosidl_typesupport_fastrtps_cpp
[17.025s] [ 51%] Built target cadt02_interfaces__rosidl_typesupport_c
[17.025s] [ 61%] Built target cadt02_interfaces__rosidl_typesupport_introspection_cpp
[17.026s] [ 70%] Built target cadt02_interfaces__rosidl_typesupport_fastrtps_c
[17.027s] [ 70%] Built target cadt02_interfaces
[17.030s] [ 74%] Built target cadt02_interfaces__py
[17.030s] [ 80%] Built target cadt02_interfaces__python
[17.030s] [100%] Built target cadt02_interfaces__rosidl_typesupport_fastrtps_c__pyext
[17.030s] [100%] Built target cadt02_interfaces__rosidl_typesupport_introspection_c__pyext
[17.031s] [100%] Built target cadt02_interfaces__rosidl_typesupport_c__pyext
[17.031s] Invoked command in '/home/cadt-02/Documents/can_test_usb/ros2_can/build/cadt02_interfaces' returned '0': CMAKE_PREFIX_PATH=${CMAKE_PREFIX_PATH}:/home/cadt-02/Documents/can_test_usb/ros2_can/install/ros_imu:/home/cadt-02/Documents/can_test_usb/ros2_can/install/my_robot:/home/cadt-02/Documents/can_test_usb/ros2_can/install/my_package:/home/cadt-02/Documents/can_test_usb/ros2_can/install/movement:/home/cadt-02/Documents/can_test_usb/ros2_can/install/keyboard_publisher:/home/cadt-02/Documents/can_test_usb/ros2_can/install/keyboard_listener:/opt/ros/foxy /home/cadt-02/.local/bin/cmake --build /home/cadt-02/Documents/can_test_usb/ros2_can/build/cadt02_interfaces -- -j6 -l6
[17.315s] Invoking command in '/home/cadt-02/Documents/can_test_usb/ros2_can/build/cadt02_interfaces': CMAKE_PREFIX_PATH=${CMAKE_PREFIX_PATH}:/home/cadt-02/Documents/can_test_usb/ros2_can/install/ros_imu:/home/cadt-02/Documents/can_test_usb/ros2_can/install/my_robot:/home/cadt-02/Documents/can_test_usb/ros2_can/install/my_package:/home/cadt-02/Documents/can_test_usb/ros2_can/install/movement:/home/cadt-02/Documents/can_test_usb/ros2_can/install/keyboard_publisher:/home/cadt-02/Documents/can_test_usb/ros2_can/install/keyboard_listener:/opt/ros/foxy /home/cadt-02/.local/bin/cmake --install /home/cadt-02/Documents/can_test_usb/ros2_can/build/cadt02_interfaces
[17.397s] -- Install configuration: ""
[17.398s] -- Execute custom install script
[17.399s] -- Up-to-date symlink: /home/cadt-02/Documents/can_test_usb/ros2_can/install/cadt02_interfaces/share/ament_index/resource_index/rosidl_interfaces/cadt02_interfaces
[17.400s] -- Up-to-date symlink: /home/cadt-02/Documents/can_test_usb/ros2_can/install/cadt02_interfaces/include/cadt02_interfaces/msg/detail/way_point__functions.h
[17.401s] -- Up-to-date symlink: /home/cadt-02/Documents/can_test_usb/ros2_can/install/cadt02_interfaces/include/cadt02_interfaces/msg/detail/way_point__struct.h
[17.403s] -- Up-to-date symlink: /home/cadt-02/Documents/can_test_usb/ros2_can/install/cadt02_interfaces/include/cadt02_interfaces/msg/detail/way_point__type_support.h
[17.404s] -- Up-to-date symlink: /home/cadt-02/Documents/can_test_usb/ros2_can/install/cadt02_interfaces/include/cadt02_interfaces/msg/rosidl_generator_c__visibility_control.h
[17.404s] -- Up-to-date symlink: /home/cadt-02/Documents/can_test_usb/ros2_can/install/cadt02_interfaces/include/cadt02_interfaces/msg/way_point.h
[17.404s] -- Up-to-date symlink: /home/cadt-02/Documents/can_test_usb/ros2_can/install/cadt02_interfaces/share/cadt02_interfaces/environment/library_path.sh
[17.404s] -- Up-to-date symlink: /home/cadt-02/Documents/can_test_usb/ros2_can/install/cadt02_interfaces/share/cadt02_interfaces/environment/library_path.dsv
[17.405s] -- Up-to-date symlink: /home/cadt-02/Documents/can_test_usb/ros2_can/install/cadt02_interfaces/include/cadt02_interfaces/msg/detail/way_point__rosidl_typesupport_fastrtps_c.h
[17.405s] -- Up-to-date symlink: /home/cadt-02/Documents/can_test_usb/ros2_can/install/cadt02_interfaces/include/cadt02_interfaces/msg/rosidl_typesupport_fastrtps_c__visibility_control.h
[17.406s] -- Up-to-date symlink: /home/cadt-02/Documents/can_test_usb/ros2_can/install/cadt02_interfaces/lib/libcadt02_interfaces__rosidl_typesupport_fastrtps_c.so
[17.407s] -- Up-to-date symlink: /home/cadt-02/Documents/can_test_usb/ros2_can/install/cadt02_interfaces/include/cadt02_interfaces/msg/detail/way_point__rosidl_typesupport_fastrtps_cpp.hpp
[17.407s] -- Up-to-date symlink: /home/cadt-02/Documents/can_test_usb/ros2_can/install/cadt02_interfaces/include/cadt02_interfaces/msg/rosidl_typesupport_fastrtps_cpp__visibility_control.h
[17.408s] -- Up-to-date symlink: /home/cadt-02/Documents/can_test_usb/ros2_can/install/cadt02_interfaces/lib/libcadt02_interfaces__rosidl_typesupport_fastrtps_cpp.so
[17.409s] -- Up-to-date symlink: /home/cadt-02/Documents/can_test_usb/ros2_can/install/cadt02_interfaces/include/cadt02_interfaces/msg/detail/way_point__rosidl_typesupport_introspection_c.h
[17.410s] -- Up-to-date symlink: /home/cadt-02/Documents/can_test_usb/ros2_can/install/cadt02_interfaces/include/cadt02_interfaces/msg/rosidl_typesupport_introspection_c__visibility_control.h
[17.411s] -- Up-to-date symlink: /home/cadt-02/Documents/can_test_usb/ros2_can/install/cadt02_interfaces/include/cadt02_interfaces/msg/detail/way_point__builder.hpp
[17.411s] -- Up-to-date symlink: /home/cadt-02/Documents/can_test_usb/ros2_can/install/cadt02_interfaces/include/cadt02_interfaces/msg/detail/way_point__struct.hpp
[17.411s] -- Up-to-date symlink: /home/cadt-02/Documents/can_test_usb/ros2_can/install/cadt02_interfaces/include/cadt02_interfaces/msg/detail/way_point__traits.hpp
[17.412s] -- Up-to-date symlink: /home/cadt-02/Documents/can_test_usb/ros2_can/install/cadt02_interfaces/include/cadt02_interfaces/msg/detail/way_point__type_support.hpp
[17.412s] -- Up-to-date symlink: /home/cadt-02/Documents/can_test_usb/ros2_can/install/cadt02_interfaces/include/cadt02_interfaces/msg/rosidl_generator_cpp__visibility_control.hpp
[17.412s] -- Up-to-date symlink: /home/cadt-02/Documents/can_test_usb/ros2_can/install/cadt02_interfaces/include/cadt02_interfaces/msg/way_point.hpp
[17.413s] -- Up-to-date symlink: /home/cadt-02/Documents/can_test_usb/ros2_can/install/cadt02_interfaces/include/cadt02_interfaces/msg/detail/way_point__rosidl_typesupport_introspection_cpp.hpp
[17.413s] -- Up-to-date symlink: /home/cadt-02/Documents/can_test_usb/ros2_can/install/cadt02_interfaces/share/cadt02_interfaces/environment/pythonpath.sh
[17.414s] -- Up-to-date symlink: /home/cadt-02/Documents/can_test_usb/ros2_can/install/cadt02_interfaces/share/cadt02_interfaces/environment/pythonpath.dsv
[17.414s] -- Up-to-date symlink: /home/cadt-02/Documents/can_test_usb/ros2_can/install/cadt02_interfaces/lib/python3.8/site-packages/cadt02_interfaces/__init__.py
[17.415s] -- Up-to-date symlink: /home/cadt-02/Documents/can_test_usb/ros2_can/install/cadt02_interfaces/lib/python3.8/site-packages/cadt02_interfaces/msg/__init__.py
[17.416s] -- Up-to-date symlink: /home/cadt-02/Documents/can_test_usb/ros2_can/install/cadt02_interfaces/lib/python3.8/site-packages/cadt02_interfaces/msg/_way_point.py
[17.416s] -- Up-to-date symlink: /home/cadt-02/Documents/can_test_usb/ros2_can/install/cadt02_interfaces/lib/python3.8/site-packages/cadt02_interfaces/cadt02_interfaces_s__rosidl_typesupport_fastrtps_c.cpython-38-aarch64-linux-gnu.so
[17.417s] -- Up-to-date symlink: /home/cadt-02/Documents/can_test_usb/ros2_can/install/cadt02_interfaces/lib/python3.8/site-packages/cadt02_interfaces/cadt02_interfaces_s__rosidl_typesupport_introspection_c.cpython-38-aarch64-linux-gnu.so
[17.417s] -- Up-to-date symlink: /home/cadt-02/Documents/can_test_usb/ros2_can/install/cadt02_interfaces/lib/python3.8/site-packages/cadt02_interfaces/cadt02_interfaces_s__rosidl_typesupport_c.cpython-38-aarch64-linux-gnu.so
[17.418s] -- Up-to-date symlink: /home/cadt-02/Documents/can_test_usb/ros2_can/install/cadt02_interfaces/lib/libcadt02_interfaces__python.so
[17.419s] -- Up-to-date symlink: /home/cadt-02/Documents/can_test_usb/ros2_can/install/cadt02_interfaces/share/cadt02_interfaces/msg/WayPoint.idl
[17.419s] -- Up-to-date symlink: /home/cadt-02/Documents/can_test_usb/ros2_can/install/cadt02_interfaces/share/cadt02_interfaces/msg/WayPoint.msg
[17.420s] -- Up-to-date symlink: /home/cadt-02/Documents/can_test_usb/ros2_can/install/cadt02_interfaces/share/ament_index/resource_index/package_run_dependencies/cadt02_interfaces
[17.420s] -- Up-to-date symlink: /home/cadt-02/Documents/can_test_usb/ros2_can/install/cadt02_interfaces/share/ament_index/resource_index/parent_prefix_path/cadt02_interfaces
[17.421s] -- Up-to-date symlink: /home/cadt-02/Documents/can_test_usb/ros2_can/install/cadt02_interfaces/share/cadt02_interfaces/environment/ament_prefix_path.sh
[17.421s] -- Up-to-date symlink: /home/cadt-02/Documents/can_test_usb/ros2_can/install/cadt02_interfaces/share/cadt02_interfaces/environment/ament_prefix_path.dsv
[17.422s] -- Up-to-date symlink: /home/cadt-02/Documents/can_test_usb/ros2_can/install/cadt02_interfaces/share/cadt02_interfaces/environment/path.sh
[17.422s] -- Up-to-date symlink: /home/cadt-02/Documents/can_test_usb/ros2_can/install/cadt02_interfaces/share/cadt02_interfaces/environment/path.dsv
[17.423s] -- Up-to-date symlink: /home/cadt-02/Documents/can_test_usb/ros2_can/install/cadt02_interfaces/share/cadt02_interfaces/local_setup.bash
[17.424s] -- Up-to-date symlink: /home/cadt-02/Documents/can_test_usb/ros2_can/install/cadt02_interfaces/share/cadt02_interfaces/local_setup.sh
[17.424s] -- Up-to-date symlink: /home/cadt-02/Documents/can_test_usb/ros2_can/install/cadt02_interfaces/share/cadt02_interfaces/local_setup.zsh
[17.425s] -- Up-to-date symlink: /home/cadt-02/Documents/can_test_usb/ros2_can/install/cadt02_interfaces/share/cadt02_interfaces/local_setup.dsv
[17.425s] -- Symlinking: /home/cadt-02/Documents/can_test_usb/ros2_can/install/cadt02_interfaces/share/cadt02_interfaces/package.dsv
[17.432s] -- Up-to-date symlink: /home/cadt-02/Documents/can_test_usb/ros2_can/install/cadt02_interfaces/share/ament_index/resource_index/packages/cadt02_interfaces
[17.433s] -- Up-to-date symlink: /home/cadt-02/Documents/can_test_usb/ros2_can/install/cadt02_interfaces/share/cadt02_interfaces/cmake/rosidl_cmake-extras.cmake
[17.433s] -- Up-to-date symlink: /home/cadt-02/Documents/can_test_usb/ros2_can/install/cadt02_interfaces/share/cadt02_interfaces/cmake/ament_cmake_export_dependencies-extras.cmake
[17.434s] -- Up-to-date symlink: /home/cadt-02/Documents/can_test_usb/ros2_can/install/cadt02_interfaces/share/cadt02_interfaces/cmake/ament_cmake_export_libraries-extras.cmake
[17.435s] -- Up-to-date symlink: /home/cadt-02/Documents/can_test_usb/ros2_can/install/cadt02_interfaces/share/cadt02_interfaces/cmake/ament_cmake_export_targets-extras.cmake
[17.435s] -- Up-to-date symlink: /home/cadt-02/Documents/can_test_usb/ros2_can/install/cadt02_interfaces/share/cadt02_interfaces/cmake/ament_cmake_export_include_directories-extras.cmake
[17.436s] -- Up-to-date symlink: /home/cadt-02/Documents/can_test_usb/ros2_can/install/cadt02_interfaces/share/cadt02_interfaces/cmake/rosidl_cmake_export_typesupport_libraries-extras.cmake
[17.436s] -- Up-to-date symlink: /home/cadt-02/Documents/can_test_usb/ros2_can/install/cadt02_interfaces/share/cadt02_interfaces/cmake/rosidl_cmake_export_typesupport_targets-extras.cmake
[17.437s] -- Up-to-date symlink: /home/cadt-02/Documents/can_test_usb/ros2_can/install/cadt02_interfaces/share/cadt02_interfaces/cmake/cadt02_interfacesConfig.cmake
[17.438s] -- Up-to-date symlink: /home/cadt-02/Documents/can_test_usb/ros2_can/install/cadt02_interfaces/share/cadt02_interfaces/cmake/cadt02_interfacesConfig-version.cmake
[17.439s] -- Up-to-date symlink: /home/cadt-02/Documents/can_test_usb/ros2_can/install/cadt02_interfaces/share/cadt02_interfaces/package.xml
[17.440s] -- Up-to-date: /home/cadt-02/Documents/can_test_usb/ros2_can/install/cadt02_interfaces/lib/libcadt02_interfaces__rosidl_generator_c.so
[17.441s] -- Up-to-date: /home/cadt-02/Documents/can_test_usb/ros2_can/install/cadt02_interfaces/lib/libcadt02_interfaces__rosidl_typesupport_introspection_c.so
[17.442s] -- Up-to-date: /home/cadt-02/Documents/can_test_usb/ros2_can/install/cadt02_interfaces/lib/libcadt02_interfaces__rosidl_typesupport_c.so
[17.444s] -- Up-to-date: /home/cadt-02/Documents/can_test_usb/ros2_can/install/cadt02_interfaces/lib/libcadt02_interfaces__rosidl_typesupport_introspection_cpp.so
[17.445s] -- Up-to-date: /home/cadt-02/Documents/can_test_usb/ros2_can/install/cadt02_interfaces/lib/libcadt02_interfaces__rosidl_typesupport_cpp.so
[17.543s] -- Up-to-date: /home/cadt-02/Documents/can_test_usb/ros2_can/install/cadt02_interfaces/share/cadt02_interfaces/cmake/cadt02_interfaces__rosidl_generator_cExport.cmake
[17.544s] -- Up-to-date: /home/cadt-02/Documents/can_test_usb/ros2_can/install/cadt02_interfaces/share/cadt02_interfaces/cmake/cadt02_interfaces__rosidl_generator_cExport-noconfig.cmake
[17.545s] -- Up-to-date: /home/cadt-02/Documents/can_test_usb/ros2_can/install/cadt02_interfaces/share/cadt02_interfaces/cmake/cadt02_interfaces__rosidl_typesupport_introspection_cExport.cmake
[17.545s] -- Up-to-date: /home/cadt-02/Documents/can_test_usb/ros2_can/install/cadt02_interfaces/share/cadt02_interfaces/cmake/cadt02_interfaces__rosidl_typesupport_introspection_cExport-noconfig.cmake
[17.545s] -- Up-to-date: /home/cadt-02/Documents/can_test_usb/ros2_can/install/cadt02_interfaces/share/cadt02_interfaces/cmake/cadt02_interfaces__rosidl_typesupport_cExport.cmake
[17.546s] -- Up-to-date: /home/cadt-02/Documents/can_test_usb/ros2_can/install/cadt02_interfaces/share/cadt02_interfaces/cmake/cadt02_interfaces__rosidl_typesupport_cExport-noconfig.cmake
[17.546s] -- Up-to-date: /home/cadt-02/Documents/can_test_usb/ros2_can/install/cadt02_interfaces/share/cadt02_interfaces/cmake/cadt02_interfaces__rosidl_generator_cppExport.cmake
[17.546s] -- Up-to-date: /home/cadt-02/Documents/can_test_usb/ros2_can/install/cadt02_interfaces/share/cadt02_interfaces/cmake/cadt02_interfaces__rosidl_typesupport_introspection_cppExport.cmake
[17.549s] -- Up-to-date: /home/cadt-02/Documents/can_test_usb/ros2_can/install/cadt02_interfaces/share/cadt02_interfaces/cmake/cadt02_interfaces__rosidl_typesupport_introspection_cppExport-noconfig.cmake
[17.549s] -- Up-to-date: /home/cadt-02/Documents/can_test_usb/ros2_can/install/cadt02_interfaces/share/cadt02_interfaces/cmake/cadt02_interfaces__rosidl_typesupport_cppExport.cmake
[17.549s] -- Up-to-date: /home/cadt-02/Documents/can_test_usb/ros2_can/install/cadt02_interfaces/share/cadt02_interfaces/cmake/cadt02_interfaces__rosidl_typesupport_cppExport-noconfig.cmake
[17.563s] Invoked command in '/home/cadt-02/Documents/can_test_usb/ros2_can/build/cadt02_interfaces' returned '0': CMAKE_PREFIX_PATH=${CMAKE_PREFIX_PATH}:/home/cadt-02/Documents/can_test_usb/ros2_can/install/ros_imu:/home/cadt-02/Documents/can_test_usb/ros2_can/install/my_robot:/home/cadt-02/Documents/can_test_usb/ros2_can/install/my_package:/home/cadt-02/Documents/can_test_usb/ros2_can/install/movement:/home/cadt-02/Documents/can_test_usb/ros2_can/install/keyboard_publisher:/home/cadt-02/Documents/can_test_usb/ros2_can/install/keyboard_listener:/opt/ros/foxy /home/cadt-02/.local/bin/cmake --install /home/cadt-02/Documents/can_test_usb/ros2_can/build/cadt02_interfaces
