[15.387s] Invoking command in '/home/cadt-02/Documents/can_test_usb/ros2_can/build/movement': PYTHONPATH=/home/cadt-02/Documents/can_test_usb/ros2_can/build/movement/prefix_override:/home/cadt-02/Documents/can_test_usb/ros2_can/install/movement/lib/python3.8/site-packages:${PYTHONPATH} /usr/bin/python3 setup.py develop --editable --build-directory /home/cadt-02/Documents/can_test_usb/ros2_can/build/movement/build --no-deps install_data
[16.320s] running develop
[16.320s] /home/cadt-02/.local/lib/python3.8/site-packages/setuptools/command/develop.py:42: EasyInstallDeprecationWarning: easy_install command is deprecated.
[16.320s] !!
[16.320s] 
[16.321s]         ********************************************************************************
[16.321s]         Please avoid running ``setup.py`` and ``easy_install``.
[16.321s]         Instead, use pypa/build, pypa/installer or other
[16.321s]         standards-based tools.
[16.321s] 
[16.321s]         See https://github.com/pypa/setuptools/issues/917 for details.
[16.322s]         ********************************************************************************
[16.322s] 
[16.322s] !!
[16.322s]   easy_install.initialize_options(self)
[16.417s] /home/cadt-02/.local/lib/python3.8/site-packages/setuptools/_distutils/cmd.py:66: SetuptoolsDeprecationWarning: setup.py install is deprecated.
[16.417s] !!
[16.418s] 
[16.418s]         ********************************************************************************
[16.418s]         Please avoid running ``setup.py`` directly.
[16.418s]         Instead, use pypa/build, pypa/installer or other
[16.418s]         standards-based tools.
[16.418s] 
[16.418s]         See https://blog.ganssle.io/articles/2021/10/setup-py-deprecated.html for details.
[16.419s]         ********************************************************************************
[16.419s] 
[16.419s] !!
[16.419s]   self.initialize_options()
[16.930s] running egg_info
[16.980s] writing movement.egg-info/PKG-INFO
[16.980s] writing dependency_links to movement.egg-info/dependency_links.txt
[16.981s] writing entry points to movement.egg-info/entry_points.txt
[16.981s] writing requirements to movement.egg-info/requires.txt
[16.981s] writing top-level names to movement.egg-info/top_level.txt
[17.085s] reading manifest file 'movement.egg-info/SOURCES.txt'
[17.087s] writing manifest file 'movement.egg-info/SOURCES.txt'
[17.258s] running build_ext
[17.259s] Creating /home/cadt-02/Documents/can_test_usb/ros2_can/install/movement/lib/python3.8/site-packages/movement.egg-link (link to .)
[17.262s] Installing movement script to /home/cadt-02/Documents/can_test_usb/ros2_can/install/movement/lib/movement
[17.263s] Installing smart_driver_send script to /home/cadt-02/Documents/can_test_usb/ros2_can/install/movement/lib/movement
[17.264s] 
[17.265s] Installed /home/cadt-02/Documents/can_test_usb/ros2_can/build/movement
[17.265s] running install_data
[17.266s] copying resource/movement -> /home/cadt-02/Documents/can_test_usb/ros2_can/install/movement/share/ament_index/resource_index/packages
[17.266s] copying package.xml -> /home/cadt-02/Documents/can_test_usb/ros2_can/install/movement/share/movement
[21.436s] Invoked command in '/home/cadt-02/Documents/can_test_usb/ros2_can/build/movement' returned '0': PYTHONPATH=/home/cadt-02/Documents/can_test_usb/ros2_can/build/movement/prefix_override:/home/cadt-02/Documents/can_test_usb/ros2_can/install/movement/lib/python3.8/site-packages:${PYTHONPATH} /usr/bin/python3 setup.py develop --editable --build-directory /home/cadt-02/Documents/can_test_usb/ros2_can/build/movement/build --no-deps install_data
