[9.545s] Invoking command in '/home/cadt-02/Documents/can_test_usb/ros2_can/build/ros_imu': PYTHONPATH=/home/cadt-02/Documents/can_test_usb/ros2_can/build/ros_imu/prefix_override:/home/cadt-02/Documents/can_test_usb/ros2_can/install/ros_imu/lib/python3.8/site-packages:${PYTHONPATH} /usr/bin/python3 setup.py develop --editable --build-directory /home/cadt-02/Documents/can_test_usb/ros2_can/build/ros_imu/build --no-deps install_data
[9.886s] /home/cadt-02/.local/lib/python3.8/site-packages/setuptools/dist.py:476: SetuptoolsDeprecationWarning: Invalid dash-separated options
[9.886s] !!
[9.886s] 
[9.886s]         ********************************************************************************
[9.887s]         Usage of dash-separated 'script-dir' will not be supported in future
[9.887s]         versions. Please use the underscore name 'script_dir' instead.
[9.887s] 
[9.887s]         By 2024-Sep-26, you need to update your project and remove deprecated calls
[9.887s]         or your builds will no longer be supported.
[9.887s] 
[9.887s]         See https://setuptools.pypa.io/en/latest/userguide/declarative_config.html for details.
[9.887s]         ********************************************************************************
[9.888s] 
[9.888s] !!
[9.888s]   opt = self.warn_dash_deprecation(opt, section)
[10.382s] running develop
[10.383s] /home/cadt-02/.local/lib/python3.8/site-packages/setuptools/command/develop.py:42: EasyInstallDeprecationWarning: easy_install command is deprecated.
[10.383s] !!
[10.383s] 
[10.383s]         ********************************************************************************
[10.383s]         Please avoid running ``setup.py`` and ``easy_install``.
[10.383s]         Instead, use pypa/build, pypa/installer or other
[10.383s]         standards-based tools.
[10.383s] 
[10.384s]         See https://github.com/pypa/setuptools/issues/917 for details.
[10.384s]         ********************************************************************************
[10.384s] 
[10.384s] !!
[10.384s]   easy_install.initialize_options(self)
[10.471s] /home/cadt-02/.local/lib/python3.8/site-packages/setuptools/_distutils/cmd.py:66: SetuptoolsDeprecationWarning: setup.py install is deprecated.
[10.472s] !!
[10.472s] 
[10.472s]         ********************************************************************************
[10.472s]         Please avoid running ``setup.py`` directly.
[10.472s]         Instead, use pypa/build, pypa/installer or other
[10.472s]         standards-based tools.
[10.472s] 
[10.472s]         See https://blog.ganssle.io/articles/2021/10/setup-py-deprecated.html for details.
[10.473s]         ********************************************************************************
[10.473s] 
[10.473s] !!
[10.473s]   self.initialize_options()
[10.929s] running egg_info
[10.971s] writing ros_imu.egg-info/PKG-INFO
[10.972s] writing dependency_links to ros_imu.egg-info/dependency_links.txt
[10.973s] writing entry points to ros_imu.egg-info/entry_points.txt
[10.973s] writing requirements to ros_imu.egg-info/requires.txt
[10.974s] writing top-level names to ros_imu.egg-info/top_level.txt
[11.066s] reading manifest file 'ros_imu.egg-info/SOURCES.txt'
[11.068s] writing manifest file 'ros_imu.egg-info/SOURCES.txt'
[11.233s] running build_ext
[11.233s] Creating /home/cadt-02/Documents/can_test_usb/ros2_can/install/ros_imu/lib/python3.8/site-packages/ros-imu.egg-link (link to .)
[11.235s] Installing ros_imu script to /home/cadt-02/Documents/can_test_usb/ros2_can/install/ros_imu/lib/ros_imu
[11.237s] 
[11.238s] Installed /home/cadt-02/Documents/can_test_usb/ros2_can/build/ros_imu
[11.239s] running install_data
[11.239s] copying resource/ros_imu -> /home/cadt-02/Documents/can_test_usb/ros2_can/install/ros_imu/share/ament_index/resource_index/packages
[11.241s] copying package.xml -> /home/cadt-02/Documents/can_test_usb/ros2_can/install/ros_imu/share/ros_imu
[13.590s] Invoked command in '/home/cadt-02/Documents/can_test_usb/ros2_can/build/ros_imu' returned '0': PYTHONPATH=/home/cadt-02/Documents/can_test_usb/ros2_can/build/ros_imu/prefix_override:/home/cadt-02/Documents/can_test_usb/ros2_can/install/ros_imu/lib/python3.8/site-packages:${PYTHONPATH} /usr/bin/python3 setup.py develop --editable --build-directory /home/cadt-02/Documents/can_test_usb/ros2_can/build/ros_imu/build --no-deps install_data
