[18.303s] Invoking command in '/home/cadt-02/Documents/can_test_usb/ros2_can/build/odometry_cont': PYTHONPATH=/home/cadt-02/Documents/can_test_usb/ros2_can/build/odometry_cont/prefix_override:/home/cadt-02/Documents/can_test_usb/ros2_can/install/odometry_cont/lib/python3.8/site-packages:${PYTHONPATH} /usr/bin/python3 setup.py develop --editable --build-directory /home/cadt-02/Documents/can_test_usb/ros2_can/build/odometry_cont/build --no-deps install_data
[18.692s] /home/cadt-02/.local/lib/python3.8/site-packages/setuptools/dist.py:476: SetuptoolsDeprecationWarning: Invalid dash-separated options
[18.693s] !!
[18.694s] 
[18.695s]         ********************************************************************************
[18.696s]         Usage of dash-separated 'script-dir' will not be supported in future
[18.697s]         versions. Please use the underscore name 'script_dir' instead.
[18.697s] 
[18.697s]         By 2024-Sep-26, you need to update your project and remove deprecated calls
[18.697s]         or your builds will no longer be supported.
[18.697s] 
[18.698s]         See https://setuptools.pypa.io/en/latest/userguide/declarative_config.html for details.
[18.698s]         ********************************************************************************
[18.698s] 
[18.698s] !!
[18.698s]   opt = self.warn_dash_deprecation(opt, section)
[19.223s] running develop
[19.224s] /home/cadt-02/.local/lib/python3.8/site-packages/setuptools/command/develop.py:42: EasyInstallDeprecationWarning: easy_install command is deprecated.
[19.224s] !!
[19.224s] 
[19.224s]         ********************************************************************************
[19.224s]         Please avoid running ``setup.py`` and ``easy_install``.
[19.225s]         Instead, use pypa/build, pypa/installer or other
[19.225s]         standards-based tools.
[19.225s] 
[19.225s]         See https://github.com/pypa/setuptools/issues/917 for details.
[19.225s]         ********************************************************************************
[19.225s] 
[19.225s] !!
[19.226s]   easy_install.initialize_options(self)
[19.320s] /home/cadt-02/.local/lib/python3.8/site-packages/setuptools/_distutils/cmd.py:66: SetuptoolsDeprecationWarning: setup.py install is deprecated.
[19.320s] !!
[19.320s] 
[19.321s]         ********************************************************************************
[19.321s]         Please avoid running ``setup.py`` directly.
[19.321s]         Instead, use pypa/build, pypa/installer or other
[19.321s]         standards-based tools.
[19.321s] 
[19.321s]         See https://blog.ganssle.io/articles/2021/10/setup-py-deprecated.html for details.
[19.321s]         ********************************************************************************
[19.321s] 
[19.322s] !!
[19.322s]   self.initialize_options()
[19.829s] running egg_info
[19.875s] writing odometry_cont.egg-info/PKG-INFO
[19.878s] writing dependency_links to odometry_cont.egg-info/dependency_links.txt
[19.879s] writing entry points to odometry_cont.egg-info/entry_points.txt
[19.880s] writing requirements to odometry_cont.egg-info/requires.txt
[19.880s] writing top-level names to odometry_cont.egg-info/top_level.txt
[19.984s] reading manifest file 'odometry_cont.egg-info/SOURCES.txt'
[19.986s] writing manifest file 'odometry_cont.egg-info/SOURCES.txt'
[20.159s] running build_ext
[20.161s] Creating /home/cadt-02/Documents/can_test_usb/ros2_can/install/odometry_cont/lib/python3.8/site-packages/odometry-cont.egg-link (link to .)
[20.162s] Installing odometry_cont script to /home/cadt-02/Documents/can_test_usb/ros2_can/install/odometry_cont/lib/odometry_cont
[20.163s] 
[20.163s] Installed /home/cadt-02/Documents/can_test_usb/ros2_can/build/odometry_cont
[20.163s] running install_data
[20.164s] copying resource/odometry_cont -> /home/cadt-02/Documents/can_test_usb/ros2_can/install/odometry_cont/share/ament_index/resource_index/packages
[20.165s] copying package.xml -> /home/cadt-02/Documents/can_test_usb/ros2_can/install/odometry_cont/share/odometry_cont
[20.322s] Invoked command in '/home/cadt-02/Documents/can_test_usb/ros2_can/build/odometry_cont' returned '0': PYTHONPATH=/home/cadt-02/Documents/can_test_usb/ros2_can/build/odometry_cont/prefix_override:/home/cadt-02/Documents/can_test_usb/ros2_can/install/odometry_cont/lib/python3.8/site-packages:${PYTHONPATH} /usr/bin/python3 setup.py develop --editable --build-directory /home/cadt-02/Documents/can_test_usb/ros2_can/build/odometry_cont/build --no-deps install_data
