[16.560s] Invoking command in '/home/cadt-02/Documents/can_test_usb/ros2_can/src/keyboard_listener': PYTHONPATH=/home/cadt-02/Documents/can_test_usb/ros2_can/build/keyboard_listener/prefix_override:/home/cadt-02/Documents/can_test_usb/ros2_can/install/keyboard_listener/lib/python3.8/site-packages:${PYTHONPATH} /usr/bin/python3 setup.py egg_info --egg-base ../../build/keyboard_listener build --build-base /home/cadt-02/Documents/can_test_usb/ros2_can/build/keyboard_listener/build install --record /home/cadt-02/Documents/can_test_usb/ros2_can/build/keyboard_listener/install.log --single-version-externally-managed
[17.904s] running egg_info
[17.907s] writing ../../build/keyboard_listener/keyboard_listener.egg-info/PKG-INFO
[17.908s] writing dependency_links to ../../build/keyboard_listener/keyboard_listener.egg-info/dependency_links.txt
[17.908s] writing entry points to ../../build/keyboard_listener/keyboard_listener.egg-info/entry_points.txt
[17.908s] writing requirements to ../../build/keyboard_listener/keyboard_listener.egg-info/requires.txt
[17.908s] writing top-level names to ../../build/keyboard_listener/keyboard_listener.egg-info/top_level.txt
[17.911s] reading manifest file '../../build/keyboard_listener/keyboard_listener.egg-info/SOURCES.txt'
[17.911s] writing manifest file '../../build/keyboard_listener/keyboard_listener.egg-info/SOURCES.txt'
[17.911s] running build
[17.911s] running build_py
[17.912s] copying keyboard_listener/__init__.py -> /home/cadt-02/Documents/can_test_usb/ros2_can/build/keyboard_listener/build/lib/keyboard_listener
[17.912s] copying keyboard_listener/keyboard_listener.py -> /home/cadt-02/Documents/can_test_usb/ros2_can/build/keyboard_listener/build/lib/keyboard_listener
[17.912s] running install
[17.912s] running install_lib
[17.912s] running install_data
[17.912s] copying resource/keyboard_listener -> /home/cadt-02/Documents/can_test_usb/ros2_can/install/keyboard_listener/share/ament_index/resource_index/packages
[17.912s] copying package.xml -> /home/cadt-02/Documents/can_test_usb/ros2_can/install/keyboard_listener/share/keyboard_listener
[17.913s] running install_egg_info
[17.913s] removing '/home/cadt-02/Documents/can_test_usb/ros2_can/install/keyboard_listener/lib/python3.8/site-packages/keyboard_listener-0.0.0-py3.8.egg-info' (and everything under it)
[17.913s] Copying ../../build/keyboard_listener/keyboard_listener.egg-info to /home/cadt-02/Documents/can_test_usb/ros2_can/install/keyboard_listener/lib/python3.8/site-packages/keyboard_listener-0.0.0-py3.8.egg-info
[17.913s] running install_scripts
[17.913s] Installing keyboard_listener script to /home/cadt-02/Documents/can_test_usb/ros2_can/install/keyboard_listener/lib/keyboard_listener
[17.919s] writing list of installed files to '/home/cadt-02/Documents/can_test_usb/ros2_can/build/keyboard_listener/install.log'
[17.927s] /home/cadt-02/.local/lib/python3.8/site-packages/setuptools/_distutils/cmd.py:66: SetuptoolsDeprecationWarning: setup.py install is deprecated.
[17.928s] !!
[17.928s] 
[17.928s]         ********************************************************************************
[17.928s]         Please avoid running ``setup.py`` directly.
[17.928s]         Instead, use pypa/build, pypa/installer or other
[17.928s]         standards-based tools.
[17.928s] 
[17.928s]         See https://blog.ganssle.io/articles/2021/10/setup-py-deprecated.html for details.
[17.929s]         ********************************************************************************
[17.929s] 
[17.929s] !!
[17.929s]   self.initialize_options()
[24.223s] Invoked command in '/home/cadt-02/Documents/can_test_usb/ros2_can/src/keyboard_listener' returned '0': PYTHONPATH=/home/cadt-02/Documents/can_test_usb/ros2_can/build/keyboard_listener/prefix_override:/home/cadt-02/Documents/can_test_usb/ros2_can/install/keyboard_listener/lib/python3.8/site-packages:${PYTHONPATH} /usr/bin/python3 setup.py egg_info --egg-base ../../build/keyboard_listener build --build-base /home/cadt-02/Documents/can_test_usb/ros2_can/build/keyboard_listener/build install --record /home/cadt-02/Documents/can_test_usb/ros2_can/build/keyboard_listener/install.log --single-version-externally-managed
