running develop
Removing /home/cadt-02/Documents/can_test_usb/ros2_can/install/keyboard_publisher/lib/python3.8/site-packages/keyboard-publisher.egg-link (link to .)
running egg_info
writing ../../build/keyboard_publisher/keyboard_publisher.egg-info/PKG-INFO
writing dependency_links to ../../build/keyboard_publisher/keyboard_publisher.egg-info/dependency_links.txt
writing entry points to ../../build/keyboard_publisher/keyboard_publisher.egg-info/entry_points.txt
writing requirements to ../../build/keyboard_publisher/keyboard_publisher.egg-info/requires.txt
writing top-level names to ../../build/keyboard_publisher/keyboard_publisher.egg-info/top_level.txt
reading manifest file '../../build/keyboard_publisher/keyboard_publisher.egg-info/SOURCES.txt'
writing manifest file '../../build/keyboard_publisher/keyboard_publisher.egg-info/SOURCES.txt'
running build
running build_py
creating /home/cadt-02/Documents/can_test_usb/ros2_can/build/keyboard_publisher/build
creating /home/cadt-02/Documents/can_test_usb/ros2_can/build/keyboard_publisher/build/lib
creating /home/cadt-02/Documents/can_test_usb/ros2_can/build/keyboard_publisher/build/lib/keyboard_publisher
copying keyboard_publisher/__init__.py -> /home/cadt-02/Documents/can_test_usb/ros2_can/build/keyboard_publisher/build/lib/keyboard_publisher
copying keyboard_publisher/keyboard_publisher.py -> /home/cadt-02/Documents/can_test_usb/ros2_can/build/keyboard_publisher/build/lib/keyboard_publisher
running install
running install_lib
creating /home/cadt-02/Documents/can_test_usb/ros2_can/install/keyboard_publisher/lib/python3.8/site-packages/keyboard_publisher
copying /home/cadt-02/Documents/can_test_usb/ros2_can/build/keyboard_publisher/build/lib/keyboard_publisher/__init__.py -> /home/cadt-02/Documents/can_test_usb/ros2_can/install/keyboard_publisher/lib/python3.8/site-packages/keyboard_publisher
copying /home/cadt-02/Documents/can_test_usb/ros2_can/build/keyboard_publisher/build/lib/keyboard_publisher/keyboard_publisher.py -> /home/cadt-02/Documents/can_test_usb/ros2_can/install/keyboard_publisher/lib/python3.8/site-packages/keyboard_publisher
byte-compiling /home/cadt-02/Documents/can_test_usb/ros2_can/install/keyboard_publisher/lib/python3.8/site-packages/keyboard_publisher/__init__.py to __init__.cpython-38.pyc
byte-compiling /home/cadt-02/Documents/can_test_usb/ros2_can/install/keyboard_publisher/lib/python3.8/site-packages/keyboard_publisher/keyboard_publisher.py to keyboard_publisher.cpython-38.pyc
running install_data
copying resource/keyboard_publisher -> /home/cadt-02/Documents/can_test_usb/ros2_can/install/keyboard_publisher/share/ament_index/resource_index/packages
copying package.xml -> /home/cadt-02/Documents/can_test_usb/ros2_can/install/keyboard_publisher/share/keyboard_publisher
running install_egg_info
Copying ../../build/keyboard_publisher/keyboard_publisher.egg-info to /home/cadt-02/Documents/can_test_usb/ros2_can/install/keyboard_publisher/lib/python3.8/site-packages/keyboard_publisher-0.0.0-py3.8.egg-info
running install_scripts
Installing keyboard_publisher script to /home/cadt-02/Documents/can_test_usb/ros2_can/install/keyboard_publisher/lib/keyboard_publisher
writing list of installed files to '/home/cadt-02/Documents/can_test_usb/ros2_can/build/keyboard_publisher/install.log'
