[9.695s] Invoking command in '/home/cadt-02/Documents/can_test_usb/ros2_can/build/ros_imu': PYTHONPATH=/home/cadt-02/Documents/can_test_usb/ros2_can/build/ros_imu/prefix_override:/home/cadt-02/Documents/can_test_usb/ros2_can/install/ros_imu/lib/python3.8/site-packages:${PYTHONPATH} /usr/bin/python3 setup.py develop --editable --build-directory /home/cadt-02/Documents/can_test_usb/ros2_can/build/ros_imu/build --no-deps install_data
[10.042s] /home/cadt-02/.local/lib/python3.8/site-packages/setuptools/dist.py:476: SetuptoolsDeprecationWarning: Invalid dash-separated options
[10.042s] !!
[10.042s] 
[10.042s]         ********************************************************************************
[10.042s]         Usage of dash-separated 'script-dir' will not be supported in future
[10.043s]         versions. Please use the underscore name 'script_dir' instead.
[10.043s] 
[10.043s]         By 2024-Sep-26, you need to update your project and remove deprecated calls
[10.043s]         or your builds will no longer be supported.
[10.043s] 
[10.044s]         See https://setuptools.pypa.io/en/latest/userguide/declarative_config.html for details.
[10.044s]         ********************************************************************************
[10.044s] 
[10.044s] !!
[10.044s]   opt = self.warn_dash_deprecation(opt, section)
[10.539s] running develop
[10.539s] /home/cadt-02/.local/lib/python3.8/site-packages/setuptools/command/develop.py:42: EasyInstallDeprecationWarning: easy_install command is deprecated.
[10.540s] !!
[10.540s] 
[10.540s]         ********************************************************************************
[10.540s]         Please avoid running ``setup.py`` and ``easy_install``.
[10.540s]         Instead, use pypa/build, pypa/installer or other
[10.540s]         standards-based tools.
[10.540s] 
[10.541s]         See https://github.com/pypa/setuptools/issues/917 for details.
[10.541s]         ********************************************************************************
[10.541s] 
[10.541s] !!
[10.541s]   easy_install.initialize_options(self)
[10.627s] /home/cadt-02/.local/lib/python3.8/site-packages/setuptools/_distutils/cmd.py:66: SetuptoolsDeprecationWarning: setup.py install is deprecated.
[10.627s] !!
[10.627s] 
[10.628s]         ********************************************************************************
[10.628s]         Please avoid running ``setup.py`` directly.
[10.628s]         Instead, use pypa/build, pypa/installer or other
[10.628s]         standards-based tools.
[10.628s] 
[10.628s]         See https://blog.ganssle.io/articles/2021/10/setup-py-deprecated.html for details.
[10.628s]         ********************************************************************************
[10.629s] 
[10.629s] !!
[10.629s]   self.initialize_options()
[11.089s] running egg_info
[11.132s] writing ros_imu.egg-info/PKG-INFO
[11.133s] writing dependency_links to ros_imu.egg-info/dependency_links.txt
[11.134s] writing entry points to ros_imu.egg-info/entry_points.txt
[11.134s] writing requirements to ros_imu.egg-info/requires.txt
[11.135s] writing top-level names to ros_imu.egg-info/top_level.txt
[11.225s] reading manifest file 'ros_imu.egg-info/SOURCES.txt'
[11.227s] writing manifest file 'ros_imu.egg-info/SOURCES.txt'
[11.391s] running build_ext
[11.391s] Creating /home/cadt-02/Documents/can_test_usb/ros2_can/install/ros_imu/lib/python3.8/site-packages/ros-imu.egg-link (link to .)
[11.393s] Installing ros_imu script to /home/cadt-02/Documents/can_test_usb/ros2_can/install/ros_imu/lib/ros_imu
[11.394s] 
[11.394s] Installed /home/cadt-02/Documents/can_test_usb/ros2_can/build/ros_imu
[11.395s] running install_data
[11.395s] copying resource/ros_imu -> /home/cadt-02/Documents/can_test_usb/ros2_can/install/ros_imu/share/ament_index/resource_index/packages
[11.395s] copying package.xml -> /home/cadt-02/Documents/can_test_usb/ros2_can/install/ros_imu/share/ros_imu
[13.830s] Invoked command in '/home/cadt-02/Documents/can_test_usb/ros2_can/build/ros_imu' returned '0': PYTHONPATH=/home/cadt-02/Documents/can_test_usb/ros2_can/build/ros_imu/prefix_override:/home/cadt-02/Documents/can_test_usb/ros2_can/install/ros_imu/lib/python3.8/site-packages:${PYTHONPATH} /usr/bin/python3 setup.py develop --editable --build-directory /home/cadt-02/Documents/can_test_usb/ros2_can/build/ros_imu/build --no-deps install_data
