running develop
running egg_info
creating position_control.egg-info
writing position_control.egg-info/PKG-INFO
writing dependency_links to position_control.egg-info/dependency_links.txt
writing entry points to position_control.egg-info/entry_points.txt
writing requirements to position_control.egg-info/requires.txt
writing top-level names to position_control.egg-info/top_level.txt
writing manifest file 'position_control.egg-info/SOURCES.txt'
reading manifest file 'position_control.egg-info/SOURCES.txt'
writing manifest file 'position_control.egg-info/SOURCES.txt'
running build_ext
Creating /home/cadt-02/Documents/can_test_usb/ros2_can/install/position_control/lib/python3.8/site-packages/position-control.egg-link (link to .)
Installing position_control script to /home/cadt-02/Documents/can_test_usb/ros2_can/install/position_control/lib/position_control

Installed /home/cadt-02/Documents/can_test_usb/ros2_can/build/position_control
running install_data
creating /home/cadt-02/Documents/can_test_usb/ros2_can/install/position_control/share
creating /home/cadt-02/Documents/can_test_usb/ros2_can/install/position_control/share/ament_index
creating /home/cadt-02/Documents/can_test_usb/ros2_can/install/position_control/share/ament_index/resource_index
creating /home/cadt-02/Documents/can_test_usb/ros2_can/install/position_control/share/ament_index/resource_index/packages
copying resource/position_control -> /home/cadt-02/Documents/can_test_usb/ros2_can/install/position_control/share/ament_index/resource_index/packages
creating /home/cadt-02/Documents/can_test_usb/ros2_can/install/position_control/share/position_control
copying package.xml -> /home/cadt-02/Documents/can_test_usb/ros2_can/install/position_control/share/position_control
