[8.090s] Invoking command in '/home/cadt-02/Documents/can_test_usb/ros2_can/build/position_control': PYTHONPATH=/home/cadt-02/Documents/can_test_usb/ros2_can/build/position_control/prefix_override:/home/cadt-02/Documents/can_test_usb/ros2_can/install/position_control/lib/python3.8/site-packages:${PYTHONPATH} /usr/bin/python3 setup.py develop --editable --build-directory /home/cadt-02/Documents/can_test_usb/ros2_can/build/position_control/build --no-deps install_data
[8.435s] /home/cadt-02/.local/lib/python3.8/site-packages/setuptools/dist.py:476: SetuptoolsDeprecationWarning: Invalid dash-separated options
[8.436s] !!
[8.436s] 
[8.436s]         ********************************************************************************
[8.436s]         Usage of dash-separated 'script-dir' will not be supported in future
[8.436s]         versions. Please use the underscore name 'script_dir' instead.
[8.436s] 
[8.437s]         By 2024-Sep-26, you need to update your project and remove deprecated calls
[8.437s]         or your builds will no longer be supported.
[8.437s] 
[8.437s]         See https://setuptools.pypa.io/en/latest/userguide/declarative_config.html for details.
[8.437s]         ********************************************************************************
[8.437s] 
[8.437s] !!
[8.437s]   opt = self.warn_dash_deprecation(opt, section)
[8.935s] running develop
[8.936s] /home/cadt-02/.local/lib/python3.8/site-packages/setuptools/command/develop.py:42: EasyInstallDeprecationWarning: easy_install command is deprecated.
[8.937s] !!
[8.937s] 
[8.938s]         ********************************************************************************
[8.939s]         Please avoid running ``setup.py`` and ``easy_install``.
[8.940s]         Instead, use pypa/build, pypa/installer or other
[8.941s]         standards-based tools.
[8.941s] 
[8.942s]         See https://github.com/pypa/setuptools/issues/917 for details.
[8.942s]         ********************************************************************************
[8.948s] 
[8.949s] !!
[8.949s]   easy_install.initialize_options(self)
[9.025s] /home/cadt-02/.local/lib/python3.8/site-packages/setuptools/_distutils/cmd.py:66: SetuptoolsDeprecationWarning: setup.py install is deprecated.
[9.025s] !!
[9.026s] 
[9.026s]         ********************************************************************************
[9.026s]         Please avoid running ``setup.py`` directly.
[9.026s]         Instead, use pypa/build, pypa/installer or other
[9.026s]         standards-based tools.
[9.026s] 
[9.026s]         See https://blog.ganssle.io/articles/2021/10/setup-py-deprecated.html for details.
[9.026s]         ********************************************************************************
[9.027s] 
[9.027s] !!
[9.027s]   self.initialize_options()
[9.490s] running egg_info
[9.490s] creating position_control.egg-info
[9.533s] writing position_control.egg-info/PKG-INFO
[9.537s] writing dependency_links to position_control.egg-info/dependency_links.txt
[9.537s] writing entry points to position_control.egg-info/entry_points.txt
[9.539s] writing requirements to position_control.egg-info/requires.txt
[9.539s] writing top-level names to position_control.egg-info/top_level.txt
[9.545s] writing manifest file 'position_control.egg-info/SOURCES.txt'
[9.637s] reading manifest file 'position_control.egg-info/SOURCES.txt'
[9.640s] writing manifest file 'position_control.egg-info/SOURCES.txt'
[9.808s] running build_ext
[9.809s] Creating /home/cadt-02/Documents/can_test_usb/ros2_can/install/position_control/lib/python3.8/site-packages/position-control.egg-link (link to .)
[9.811s] Installing position_control script to /home/cadt-02/Documents/can_test_usb/ros2_can/install/position_control/lib/position_control
[9.811s] 
[9.812s] Installed /home/cadt-02/Documents/can_test_usb/ros2_can/build/position_control
[9.812s] running install_data
[9.813s] creating /home/cadt-02/Documents/can_test_usb/ros2_can/install/position_control/share
[9.814s] creating /home/cadt-02/Documents/can_test_usb/ros2_can/install/position_control/share/ament_index
[9.815s] creating /home/cadt-02/Documents/can_test_usb/ros2_can/install/position_control/share/ament_index/resource_index
[9.815s] creating /home/cadt-02/Documents/can_test_usb/ros2_can/install/position_control/share/ament_index/resource_index/packages
[9.816s] copying resource/position_control -> /home/cadt-02/Documents/can_test_usb/ros2_can/install/position_control/share/ament_index/resource_index/packages
[9.817s] creating /home/cadt-02/Documents/can_test_usb/ros2_can/install/position_control/share/position_control
[9.817s] copying package.xml -> /home/cadt-02/Documents/can_test_usb/ros2_can/install/position_control/share/position_control
[11.419s] Invoked command in '/home/cadt-02/Documents/can_test_usb/ros2_can/build/position_control' returned '0': PYTHONPATH=/home/cadt-02/Documents/can_test_usb/ros2_can/build/position_control/prefix_override:/home/cadt-02/Documents/can_test_usb/ros2_can/install/position_control/lib/python3.8/site-packages:${PYTHONPATH} /usr/bin/python3 setup.py develop --editable --build-directory /home/cadt-02/Documents/can_test_usb/ros2_can/build/position_control/build --no-deps install_data
