[16.650s] Invoking command in '/home/cadt-02/Documents/can_test_usb/ros2_can/build/keyboard_listener': PYTHONPATH=/home/cadt-02/Documents/can_test_usb/ros2_can/build/keyboard_listener/prefix_override:/home/cadt-02/Documents/can_test_usb/ros2_can/install/keyboard_listener/lib/python3.8/site-packages:${PYTHONPATH} /usr/bin/python3 setup.py develop --editable --build-directory /home/cadt-02/Documents/can_test_usb/ros2_can/build/keyboard_listener/build --no-deps install_data
[17.557s] running develop
[17.557s] /home/cadt-02/.local/lib/python3.8/site-packages/setuptools/command/develop.py:42: EasyInstallDeprecationWarning: easy_install command is deprecated.
[17.557s] !!
[17.557s] 
[17.557s]         ********************************************************************************
[17.557s]         Please avoid running ``setup.py`` and ``easy_install``.
[17.558s]         Instead, use pypa/build, pypa/installer or other
[17.558s]         standards-based tools.
[17.558s] 
[17.558s]         See https://github.com/pypa/setuptools/issues/917 for details.
[17.558s]         ********************************************************************************
[17.558s] 
[17.558s] !!
[17.558s]   easy_install.initialize_options(self)
[17.650s] /home/cadt-02/.local/lib/python3.8/site-packages/setuptools/_distutils/cmd.py:66: SetuptoolsDeprecationWarning: setup.py install is deprecated.
[17.650s] !!
[17.650s] 
[17.650s]         ********************************************************************************
[17.650s]         Please avoid running ``setup.py`` directly.
[17.650s]         Instead, use pypa/build, pypa/installer or other
[17.651s]         standards-based tools.
[17.651s] 
[17.651s]         See https://blog.ganssle.io/articles/2021/10/setup-py-deprecated.html for details.
[17.651s]         ********************************************************************************
[17.651s] 
[17.651s] !!
[17.651s]   self.initialize_options()
[18.138s] running egg_info
[18.189s] writing keyboard_listener.egg-info/PKG-INFO
[18.190s] writing dependency_links to keyboard_listener.egg-info/dependency_links.txt
[18.190s] writing entry points to keyboard_listener.egg-info/entry_points.txt
[18.190s] writing requirements to keyboard_listener.egg-info/requires.txt
[18.190s] writing top-level names to keyboard_listener.egg-info/top_level.txt
[18.284s] reading manifest file 'keyboard_listener.egg-info/SOURCES.txt'
[18.286s] writing manifest file 'keyboard_listener.egg-info/SOURCES.txt'
[18.464s] running build_ext
[18.464s] Creating /home/cadt-02/Documents/can_test_usb/ros2_can/install/keyboard_listener/lib/python3.8/site-packages/keyboard-listener.egg-link (link to .)
[18.467s] Installing keyboard_listener script to /home/cadt-02/Documents/can_test_usb/ros2_can/install/keyboard_listener/lib/keyboard_listener
[18.468s] 
[18.468s] Installed /home/cadt-02/Documents/can_test_usb/ros2_can/build/keyboard_listener
[18.469s] running install_data
[18.470s] copying resource/keyboard_listener -> /home/cadt-02/Documents/can_test_usb/ros2_can/install/keyboard_listener/share/ament_index/resource_index/packages
[18.471s] copying package.xml -> /home/cadt-02/Documents/can_test_usb/ros2_can/install/keyboard_listener/share/keyboard_listener
[22.658s] Invoked command in '/home/cadt-02/Documents/can_test_usb/ros2_can/build/keyboard_listener' returned '0': PYTHONPATH=/home/cadt-02/Documents/can_test_usb/ros2_can/build/keyboard_listener/prefix_override:/home/cadt-02/Documents/can_test_usb/ros2_can/install/keyboard_listener/lib/python3.8/site-packages:${PYTHONPATH} /usr/bin/python3 setup.py develop --editable --build-directory /home/cadt-02/Documents/can_test_usb/ros2_can/build/keyboard_listener/build --no-deps install_data
