[9.608s] Invoking command in '/home/cadt-02/Documents/can_test_usb/ros2_can/build/ros_imu': PYTHONPATH=/home/cadt-02/Documents/can_test_usb/ros2_can/build/ros_imu/prefix_override:/home/cadt-02/Documents/can_test_usb/ros2_can/install/ros_imu/lib/python3.8/site-packages:${PYTHONPATH} /usr/bin/python3 setup.py develop --editable --build-directory /home/cadt-02/Documents/can_test_usb/ros2_can/build/ros_imu/build --no-deps install_data
[9.951s] /home/cadt-02/.local/lib/python3.8/site-packages/setuptools/dist.py:476: SetuptoolsDeprecationWarning: Invalid dash-separated options
[9.952s] !!
[9.952s] 
[9.952s]         ********************************************************************************
[9.952s]         Usage of dash-separated 'script-dir' will not be supported in future
[9.952s]         versions. Please use the underscore name 'script_dir' instead.
[9.952s] 
[9.952s]         By 2024-Sep-26, you need to update your project and remove deprecated calls
[9.953s]         or your builds will no longer be supported.
[9.953s] 
[9.953s]         See https://setuptools.pypa.io/en/latest/userguide/declarative_config.html for details.
[9.953s]         ********************************************************************************
[9.953s] 
[9.953s] !!
[9.953s]   opt = self.warn_dash_deprecation(opt, section)
[10.447s] running develop
[10.447s] /home/cadt-02/.local/lib/python3.8/site-packages/setuptools/command/develop.py:42: EasyInstallDeprecationWarning: easy_install command is deprecated.
[10.447s] !!
[10.448s] 
[10.448s]         ********************************************************************************
[10.448s]         Please avoid running ``setup.py`` and ``easy_install``.
[10.448s]         Instead, use pypa/build, pypa/installer or other
[10.448s]         standards-based tools.
[10.448s] 
[10.448s]         See https://github.com/pypa/setuptools/issues/917 for details.
[10.449s]         ********************************************************************************
[10.449s] 
[10.449s] !!
[10.449s]   easy_install.initialize_options(self)
[10.536s] /home/cadt-02/.local/lib/python3.8/site-packages/setuptools/_distutils/cmd.py:66: SetuptoolsDeprecationWarning: setup.py install is deprecated.
[10.536s] !!
[10.536s] 
[10.536s]         ********************************************************************************
[10.536s]         Please avoid running ``setup.py`` directly.
[10.536s]         Instead, use pypa/build, pypa/installer or other
[10.537s]         standards-based tools.
[10.537s] 
[10.537s]         See https://blog.ganssle.io/articles/2021/10/setup-py-deprecated.html for details.
[10.537s]         ********************************************************************************
[10.537s] 
[10.537s] !!
[10.537s]   self.initialize_options()
[10.994s] running egg_info
[11.037s] writing ros_imu.egg-info/PKG-INFO
[11.038s] writing dependency_links to ros_imu.egg-info/dependency_links.txt
[11.038s] writing entry points to ros_imu.egg-info/entry_points.txt
[11.038s] writing requirements to ros_imu.egg-info/requires.txt
[11.039s] writing top-level names to ros_imu.egg-info/top_level.txt
[11.130s] reading manifest file 'ros_imu.egg-info/SOURCES.txt'
[11.131s] writing manifest file 'ros_imu.egg-info/SOURCES.txt'
[11.294s] running build_ext
[11.295s] Creating /home/cadt-02/Documents/can_test_usb/ros2_can/install/ros_imu/lib/python3.8/site-packages/ros-imu.egg-link (link to .)
[11.297s] Installing ros_imu script to /home/cadt-02/Documents/can_test_usb/ros2_can/install/ros_imu/lib/ros_imu
[11.297s] 
[11.298s] Installed /home/cadt-02/Documents/can_test_usb/ros2_can/build/ros_imu
[11.301s] running install_data
[11.301s] copying resource/ros_imu -> /home/cadt-02/Documents/can_test_usb/ros2_can/install/ros_imu/share/ament_index/resource_index/packages
[11.301s] copying package.xml -> /home/cadt-02/Documents/can_test_usb/ros2_can/install/ros_imu/share/ros_imu
[12.522s] Invoked command in '/home/cadt-02/Documents/can_test_usb/ros2_can/build/ros_imu' returned '0': PYTHONPATH=/home/cadt-02/Documents/can_test_usb/ros2_can/build/ros_imu/prefix_override:/home/cadt-02/Documents/can_test_usb/ros2_can/install/ros_imu/lib/python3.8/site-packages:${PYTHONPATH} /usr/bin/python3 setup.py develop --editable --build-directory /home/cadt-02/Documents/can_test_usb/ros2_can/build/ros_imu/build --no-deps install_data
