[14.138s] Invoking command in '/home/cadt-02/Documents/can_test_usb/ros2_can/build/odometry_cont': PYTHONPATH=/home/cadt-02/Documents/can_test_usb/ros2_can/build/odometry_cont/prefix_override:/home/cadt-02/Documents/can_test_usb/ros2_can/install/odometry_cont/lib/python3.8/site-packages:${PYTHONPATH} /usr/bin/python3 setup.py develop --editable --build-directory /home/cadt-02/Documents/can_test_usb/ros2_can/build/odometry_cont/build --no-deps install_data
[14.491s] /home/cadt-02/.local/lib/python3.8/site-packages/setuptools/dist.py:476: SetuptoolsDeprecationWarning: Invalid dash-separated options
[14.491s] !!
[14.491s] 
[14.492s]         ********************************************************************************
[14.492s]         Usage of dash-separated 'script-dir' will not be supported in future
[14.492s]         versions. Please use the underscore name 'script_dir' instead.
[14.493s] 
[14.493s]         By 2024-Sep-26, you need to update your project and remove deprecated calls
[14.493s]         or your builds will no longer be supported.
[14.493s] 
[14.494s]         See https://setuptools.pypa.io/en/latest/userguide/declarative_config.html for details.
[14.494s]         ********************************************************************************
[14.494s] 
[14.494s] !!
[14.495s]   opt = self.warn_dash_deprecation(opt, section)
[14.997s] running develop
[14.997s] /home/cadt-02/.local/lib/python3.8/site-packages/setuptools/command/develop.py:42: EasyInstallDeprecationWarning: easy_install command is deprecated.
[14.998s] !!
[14.998s] 
[14.998s]         ********************************************************************************
[14.998s]         Please avoid running ``setup.py`` and ``easy_install``.
[14.999s]         Instead, use pypa/build, pypa/installer or other
[14.999s]         standards-based tools.
[14.999s] 
[14.999s]         See https://github.com/pypa/setuptools/issues/917 for details.
[15.000s]         ********************************************************************************
[15.000s] 
[15.000s] !!
[15.000s]   easy_install.initialize_options(self)
[15.090s] /home/cadt-02/.local/lib/python3.8/site-packages/setuptools/_distutils/cmd.py:66: SetuptoolsDeprecationWarning: setup.py install is deprecated.
[15.091s] !!
[15.091s] 
[15.091s]         ********************************************************************************
[15.091s]         Please avoid running ``setup.py`` directly.
[15.092s]         Instead, use pypa/build, pypa/installer or other
[15.092s]         standards-based tools.
[15.092s] 
[15.092s]         See https://blog.ganssle.io/articles/2021/10/setup-py-deprecated.html for details.
[15.093s]         ********************************************************************************
[15.093s] 
[15.093s] !!
[15.093s]   self.initialize_options()
[15.563s] running egg_info
[15.608s] writing odometry_cont.egg-info/PKG-INFO
[15.609s] writing dependency_links to odometry_cont.egg-info/dependency_links.txt
[15.610s] writing entry points to odometry_cont.egg-info/entry_points.txt
[15.611s] writing requirements to odometry_cont.egg-info/requires.txt
[15.611s] writing top-level names to odometry_cont.egg-info/top_level.txt
[15.711s] reading manifest file 'odometry_cont.egg-info/SOURCES.txt'
[15.713s] writing manifest file 'odometry_cont.egg-info/SOURCES.txt'
[15.877s] running build_ext
[15.877s] Creating /home/cadt-02/Documents/can_test_usb/ros2_can/install/odometry_cont/lib/python3.8/site-packages/odometry-cont.egg-link (link to .)
[15.879s] Installing odometry_cont script to /home/cadt-02/Documents/can_test_usb/ros2_can/install/odometry_cont/lib/odometry_cont
[15.881s] 
[15.882s] Installed /home/cadt-02/Documents/can_test_usb/ros2_can/build/odometry_cont
[15.882s] running install_data
[15.882s] copying resource/odometry_cont -> /home/cadt-02/Documents/can_test_usb/ros2_can/install/odometry_cont/share/ament_index/resource_index/packages
[15.882s] copying package.xml -> /home/cadt-02/Documents/can_test_usb/ros2_can/install/odometry_cont/share/odometry_cont
[16.001s] Invoked command in '/home/cadt-02/Documents/can_test_usb/ros2_can/build/odometry_cont' returned '0': PYTHONPATH=/home/cadt-02/Documents/can_test_usb/ros2_can/build/odometry_cont/prefix_override:/home/cadt-02/Documents/can_test_usb/ros2_can/install/odometry_cont/lib/python3.8/site-packages:${PYTHONPATH} /usr/bin/python3 setup.py develop --editable --build-directory /home/cadt-02/Documents/can_test_usb/ros2_can/build/odometry_cont/build --no-deps install_data
