[18.295s] Invoking command in '/home/cadt-02/Documents/can_test_usb/ros2_can/build/keyboard_listener': PYTHONPATH=/home/cadt-02/Documents/can_test_usb/ros2_can/build/keyboard_listener/prefix_override:/home/cadt-02/Documents/can_test_usb/ros2_can/install/keyboard_listener/lib/python3.8/site-packages:${PYTHONPATH} /usr/bin/python3 setup.py develop --editable --build-directory /home/cadt-02/Documents/can_test_usb/ros2_can/build/keyboard_listener/build --no-deps install_data
[19.481s] running develop
[19.481s] /home/cadt-02/.local/lib/python3.8/site-packages/setuptools/command/develop.py:42: EasyInstallDeprecationWarning: easy_install command is deprecated.
[19.481s] !!
[19.481s] 
[19.481s]         ********************************************************************************
[19.482s]         Please avoid running ``setup.py`` and ``easy_install``.
[19.482s]         Instead, use pypa/build, pypa/installer or other
[19.482s]         standards-based tools.
[19.482s] 
[19.482s]         See https://github.com/pypa/setuptools/issues/917 for details.
[19.482s]         ********************************************************************************
[19.482s] 
[19.483s] !!
[19.483s]   easy_install.initialize_options(self)
[19.664s] /home/cadt-02/.local/lib/python3.8/site-packages/setuptools/_distutils/cmd.py:66: SetuptoolsDeprecationWarning: setup.py install is deprecated.
[19.665s] !!
[19.665s] 
[19.665s]         ********************************************************************************
[19.665s]         Please avoid running ``setup.py`` directly.
[19.666s]         Instead, use pypa/build, pypa/installer or other
[19.666s]         standards-based tools.
[19.666s] 
[19.667s]         See https://blog.ganssle.io/articles/2021/10/setup-py-deprecated.html for details.
[19.668s]         ********************************************************************************
[19.668s] 
[19.668s] !!
[19.668s]   self.initialize_options()
[20.238s] running egg_info
[20.283s] writing keyboard_listener.egg-info/PKG-INFO
[20.285s] writing dependency_links to keyboard_listener.egg-info/dependency_links.txt
[20.286s] writing entry points to keyboard_listener.egg-info/entry_points.txt
[20.286s] writing requirements to keyboard_listener.egg-info/requires.txt
[20.286s] writing top-level names to keyboard_listener.egg-info/top_level.txt
[20.388s] reading manifest file 'keyboard_listener.egg-info/SOURCES.txt'
[20.389s] writing manifest file 'keyboard_listener.egg-info/SOURCES.txt'
[20.571s] running build_ext
[20.571s] Creating /home/cadt-02/Documents/can_test_usb/ros2_can/install/keyboard_listener/lib/python3.8/site-packages/keyboard-listener.egg-link (link to .)
[20.573s] Installing keyboard_listener script to /home/cadt-02/Documents/can_test_usb/ros2_can/install/keyboard_listener/lib/keyboard_listener
[20.573s] 
[20.573s] Installed /home/cadt-02/Documents/can_test_usb/ros2_can/build/keyboard_listener
[20.574s] running install_data
[20.577s] copying resource/keyboard_listener -> /home/cadt-02/Documents/can_test_usb/ros2_can/install/keyboard_listener/share/ament_index/resource_index/packages
[20.577s] copying package.xml -> /home/cadt-02/Documents/can_test_usb/ros2_can/install/keyboard_listener/share/keyboard_listener
[25.644s] Invoked command in '/home/cadt-02/Documents/can_test_usb/ros2_can/build/keyboard_listener' returned '0': PYTHONPATH=/home/cadt-02/Documents/can_test_usb/ros2_can/build/keyboard_listener/prefix_override:/home/cadt-02/Documents/can_test_usb/ros2_can/install/keyboard_listener/lib/python3.8/site-packages:${PYTHONPATH} /usr/bin/python3 setup.py develop --editable --build-directory /home/cadt-02/Documents/can_test_usb/ros2_can/build/keyboard_listener/build --no-deps install_data
