[12.116s] Invoking command in '/home/cadt-02/Documents/can_test_usb/ros2_can/build/my_robot': PYTHONPATH=/home/cadt-02/Documents/can_test_usb/ros2_can/build/my_robot/prefix_override:/home/cadt-02/Documents/can_test_usb/ros2_can/install/my_robot/lib/python3.8/site-packages:${PYTHONPATH} /usr/bin/python3 setup.py develop --editable --build-directory /home/cadt-02/Documents/can_test_usb/ros2_can/build/my_robot/build --no-deps install_data
[12.588s] /home/cadt-02/.local/lib/python3.8/site-packages/setuptools/dist.py:476: SetuptoolsDeprecationWarning: Invalid dash-separated options
[12.588s] !!
[12.588s] 
[12.589s]         ********************************************************************************
[12.589s]         Usage of dash-separated 'script-dir' will not be supported in future
[12.589s]         versions. Please use the underscore name 'script_dir' instead.
[12.589s] 
[12.589s]         By 2024-Sep-26, you need to update your project and remove deprecated calls
[12.589s]         or your builds will no longer be supported.
[12.589s] 
[12.590s]         See https://setuptools.pypa.io/en/latest/userguide/declarative_config.html for details.
[12.590s]         ********************************************************************************
[12.590s] 
[12.590s] !!
[12.590s]   opt = self.warn_dash_deprecation(opt, section)
[13.126s] running develop
[13.126s] /home/cadt-02/.local/lib/python3.8/site-packages/setuptools/command/develop.py:42: EasyInstallDeprecationWarning: easy_install command is deprecated.
[13.127s] !!
[13.127s] 
[13.127s]         ********************************************************************************
[13.127s]         Please avoid running ``setup.py`` and ``easy_install``.
[13.127s]         Instead, use pypa/build, pypa/installer or other
[13.127s]         standards-based tools.
[13.127s] 
[13.128s]         See https://github.com/pypa/setuptools/issues/917 for details.
[13.128s]         ********************************************************************************
[13.128s] 
[13.128s] !!
[13.128s]   easy_install.initialize_options(self)
[13.226s] /home/cadt-02/.local/lib/python3.8/site-packages/setuptools/_distutils/cmd.py:66: SetuptoolsDeprecationWarning: setup.py install is deprecated.
[13.226s] !!
[13.226s] 
[13.226s]         ********************************************************************************
[13.227s]         Please avoid running ``setup.py`` directly.
[13.227s]         Instead, use pypa/build, pypa/installer or other
[13.227s]         standards-based tools.
[13.227s] 
[13.227s]         See https://blog.ganssle.io/articles/2021/10/setup-py-deprecated.html for details.
[13.228s]         ********************************************************************************
[13.228s] 
[13.228s] !!
[13.228s]   self.initialize_options()
[13.839s] running egg_info
[13.886s] writing my_robot.egg-info/PKG-INFO
[13.888s] writing dependency_links to my_robot.egg-info/dependency_links.txt
[13.888s] writing entry points to my_robot.egg-info/entry_points.txt
[13.890s] writing requirements to my_robot.egg-info/requires.txt
[13.897s] writing top-level names to my_robot.egg-info/top_level.txt
[14.005s] reading manifest file 'my_robot.egg-info/SOURCES.txt'
[14.005s] writing manifest file 'my_robot.egg-info/SOURCES.txt'
[14.386s] running build_ext
[14.396s] Creating /home/cadt-02/Documents/can_test_usb/ros2_can/install/my_robot/lib/python3.8/site-packages/my-robot.egg-link (link to .)
[14.399s] Installing arduino_feedback script to /home/cadt-02/Documents/can_test_usb/ros2_can/install/my_robot/lib/my_robot
[14.403s] Installing my_robot script to /home/cadt-02/Documents/can_test_usb/ros2_can/install/my_robot/lib/my_robot
[14.405s] 
[14.405s] Installed /home/cadt-02/Documents/can_test_usb/ros2_can/build/my_robot
[14.416s] running install_data
[14.417s] copying resource/my_robot -> /home/cadt-02/Documents/can_test_usb/ros2_can/install/my_robot/share/ament_index/resource_index/packages
[14.418s] copying package.xml -> /home/cadt-02/Documents/can_test_usb/ros2_can/install/my_robot/share/my_robot
[14.864s] Invoked command in '/home/cadt-02/Documents/can_test_usb/ros2_can/build/my_robot' returned '0': PYTHONPATH=/home/cadt-02/Documents/can_test_usb/ros2_can/build/my_robot/prefix_override:/home/cadt-02/Documents/can_test_usb/ros2_can/install/my_robot/lib/python3.8/site-packages:${PYTHONPATH} /usr/bin/python3 setup.py develop --editable --build-directory /home/cadt-02/Documents/can_test_usb/ros2_can/build/my_robot/build --no-deps install_data
