[15.184s] Invoking command in '/home/cadt-02/Documents/can_test_usb/ros2_can/build/movement': PYTHONPATH=/home/cadt-02/Documents/can_test_usb/ros2_can/build/movement/prefix_override:/home/cadt-02/Documents/can_test_usb/ros2_can/install/movement/lib/python3.8/site-packages:${PYTHONPATH} /usr/bin/python3 setup.py develop --editable --build-directory /home/cadt-02/Documents/can_test_usb/ros2_can/build/movement/build --no-deps install_data
[16.074s] running develop
[16.075s] /home/cadt-02/.local/lib/python3.8/site-packages/setuptools/command/develop.py:42: EasyInstallDeprecationWarning: easy_install command is deprecated.
[16.075s] !!
[16.075s] 
[16.075s]         ********************************************************************************
[16.077s]         Please avoid running ``setup.py`` and ``easy_install``.
[16.077s]         Instead, use pypa/build, pypa/installer or other
[16.077s]         standards-based tools.
[16.077s] 
[16.077s]         See https://github.com/pypa/setuptools/issues/917 for details.
[16.077s]         ********************************************************************************
[16.078s] 
[16.078s] !!
[16.078s]   easy_install.initialize_options(self)
[16.169s] /home/cadt-02/.local/lib/python3.8/site-packages/setuptools/_distutils/cmd.py:66: SetuptoolsDeprecationWarning: setup.py install is deprecated.
[16.171s] !!
[16.173s] 
[16.173s]         ********************************************************************************
[16.173s]         Please avoid running ``setup.py`` directly.
[16.174s]         Instead, use pypa/build, pypa/installer or other
[16.174s]         standards-based tools.
[16.174s] 
[16.174s]         See https://blog.ganssle.io/articles/2021/10/setup-py-deprecated.html for details.
[16.174s]         ********************************************************************************
[16.174s] 
[16.174s] !!
[16.175s]   self.initialize_options()
[16.657s] running egg_info
[16.702s] writing movement.egg-info/PKG-INFO
[16.703s] writing dependency_links to movement.egg-info/dependency_links.txt
[16.705s] writing entry points to movement.egg-info/entry_points.txt
[16.706s] writing requirements to movement.egg-info/requires.txt
[16.706s] writing top-level names to movement.egg-info/top_level.txt
[16.802s] reading manifest file 'movement.egg-info/SOURCES.txt'
[16.804s] writing manifest file 'movement.egg-info/SOURCES.txt'
[16.976s] running build_ext
[16.976s] Creating /home/cadt-02/Documents/can_test_usb/ros2_can/install/movement/lib/python3.8/site-packages/movement.egg-link (link to .)
[16.978s] Installing movement script to /home/cadt-02/Documents/can_test_usb/ros2_can/install/movement/lib/movement
[16.980s] 
[16.980s] Installed /home/cadt-02/Documents/can_test_usb/ros2_can/build/movement
[16.981s] running install_data
[16.981s] copying resource/movement -> /home/cadt-02/Documents/can_test_usb/ros2_can/install/movement/share/ament_index/resource_index/packages
[16.981s] copying package.xml -> /home/cadt-02/Documents/can_test_usb/ros2_can/install/movement/share/movement
[20.065s] Invoked command in '/home/cadt-02/Documents/can_test_usb/ros2_can/build/movement' returned '0': PYTHONPATH=/home/cadt-02/Documents/can_test_usb/ros2_can/build/movement/prefix_override:/home/cadt-02/Documents/can_test_usb/ros2_can/install/movement/lib/python3.8/site-packages:${PYTHONPATH} /usr/bin/python3 setup.py develop --editable --build-directory /home/cadt-02/Documents/can_test_usb/ros2_can/build/movement/build --no-deps install_data
