[15.526s] Invoking command in '/home/cadt-02/Documents/can_test_usb/ros2_can/build/movement': PYTHONPATH=/home/cadt-02/Documents/can_test_usb/ros2_can/build/movement/prefix_override:/home/cadt-02/Documents/can_test_usb/ros2_can/install/movement/lib/python3.8/site-packages:${PYTHONPATH} /usr/bin/python3 setup.py develop --editable --build-directory /home/cadt-02/Documents/can_test_usb/ros2_can/build/movement/build --no-deps install_data
[16.482s] running develop
[16.484s] /home/cadt-02/.local/lib/python3.8/site-packages/setuptools/command/develop.py:42: EasyInstallDeprecationWarning: easy_install command is deprecated.
[16.484s] !!
[16.484s] 
[16.484s]         ********************************************************************************
[16.484s]         Please avoid running ``setup.py`` and ``easy_install``.
[16.484s]         Instead, use pypa/build, pypa/installer or other
[16.484s]         standards-based tools.
[16.485s] 
[16.485s]         See https://github.com/pypa/setuptools/issues/917 for details.
[16.485s]         ********************************************************************************
[16.485s] 
[16.485s] !!
[16.485s]   easy_install.initialize_options(self)
[16.576s] /home/cadt-02/.local/lib/python3.8/site-packages/setuptools/_distutils/cmd.py:66: SetuptoolsDeprecationWarning: setup.py install is deprecated.
[16.576s] !!
[16.576s] 
[16.576s]         ********************************************************************************
[16.576s]         Please avoid running ``setup.py`` directly.
[16.577s]         Instead, use pypa/build, pypa/installer or other
[16.577s]         standards-based tools.
[16.577s] 
[16.577s]         See https://blog.ganssle.io/articles/2021/10/setup-py-deprecated.html for details.
[16.577s]         ********************************************************************************
[16.577s] 
[16.577s] !!
[16.578s]   self.initialize_options()
[17.095s] running egg_info
[17.146s] writing movement.egg-info/PKG-INFO
[17.152s] writing dependency_links to movement.egg-info/dependency_links.txt
[17.152s] writing entry points to movement.egg-info/entry_points.txt
[17.152s] writing requirements to movement.egg-info/requires.txt
[17.152s] writing top-level names to movement.egg-info/top_level.txt
[17.255s] reading manifest file 'movement.egg-info/SOURCES.txt'
[17.257s] writing manifest file 'movement.egg-info/SOURCES.txt'
[17.430s] running build_ext
[17.431s] Creating /home/cadt-02/Documents/can_test_usb/ros2_can/install/movement/lib/python3.8/site-packages/movement.egg-link (link to .)
[17.434s] Installing movement script to /home/cadt-02/Documents/can_test_usb/ros2_can/install/movement/lib/movement
[17.434s] Installing smart_driver_send script to /home/cadt-02/Documents/can_test_usb/ros2_can/install/movement/lib/movement
[17.435s] 
[17.437s] Installed /home/cadt-02/Documents/can_test_usb/ros2_can/build/movement
[17.437s] running install_data
[17.437s] copying resource/movement -> /home/cadt-02/Documents/can_test_usb/ros2_can/install/movement/share/ament_index/resource_index/packages
[17.437s] copying package.xml -> /home/cadt-02/Documents/can_test_usb/ros2_can/install/movement/share/movement
[19.298s] Invoked command in '/home/cadt-02/Documents/can_test_usb/ros2_can/build/movement' returned '0': PYTHONPATH=/home/cadt-02/Documents/can_test_usb/ros2_can/build/movement/prefix_override:/home/cadt-02/Documents/can_test_usb/ros2_can/install/movement/lib/python3.8/site-packages:${PYTHONPATH} /usr/bin/python3 setup.py develop --editable --build-directory /home/cadt-02/Documents/can_test_usb/ros2_can/build/movement/build --no-deps install_data
