[16.980s] Invoking command in '/home/cadt-02/Documents/can_test_usb/ros2_can/build/odometry_cont': PYTHONPATH=/home/cadt-02/Documents/can_test_usb/ros2_can/build/odometry_cont/prefix_override:/home/cadt-02/Documents/can_test_usb/ros2_can/install/odometry_cont/lib/python3.8/site-packages:${PYTHONPATH} /usr/bin/python3 setup.py develop --editable --build-directory /home/cadt-02/Documents/can_test_usb/ros2_can/build/odometry_cont/build --no-deps install_data
[17.316s] /home/cadt-02/.local/lib/python3.8/site-packages/setuptools/dist.py:476: SetuptoolsDeprecationWarning: Invalid dash-separated options
[17.316s] !!
[17.316s] 
[17.316s]         ********************************************************************************
[17.316s]         Usage of dash-separated 'script-dir' will not be supported in future
[17.316s]         versions. Please use the underscore name 'script_dir' instead.
[17.317s] 
[17.317s]         By 2024-Sep-26, you need to update your project and remove deprecated calls
[17.317s]         or your builds will no longer be supported.
[17.317s] 
[17.317s]         See https://setuptools.pypa.io/en/latest/userguide/declarative_config.html for details.
[17.317s]         ********************************************************************************
[17.317s] 
[17.317s] !!
[17.317s]   opt = self.warn_dash_deprecation(opt, section)
[17.804s] running develop
[17.804s] /home/cadt-02/.local/lib/python3.8/site-packages/setuptools/command/develop.py:42: EasyInstallDeprecationWarning: easy_install command is deprecated.
[17.804s] !!
[17.804s] 
[17.805s]         ********************************************************************************
[17.805s]         Please avoid running ``setup.py`` and ``easy_install``.
[17.805s]         Instead, use pypa/build, pypa/installer or other
[17.805s]         standards-based tools.
[17.805s] 
[17.805s]         See https://github.com/pypa/setuptools/issues/917 for details.
[17.805s]         ********************************************************************************
[17.805s] 
[17.806s] !!
[17.806s]   easy_install.initialize_options(self)
[17.892s] /home/cadt-02/.local/lib/python3.8/site-packages/setuptools/_distutils/cmd.py:66: SetuptoolsDeprecationWarning: setup.py install is deprecated.
[17.892s] !!
[17.892s] 
[17.892s]         ********************************************************************************
[17.892s]         Please avoid running ``setup.py`` directly.
[17.892s]         Instead, use pypa/build, pypa/installer or other
[17.892s]         standards-based tools.
[17.893s] 
[17.893s]         See https://blog.ganssle.io/articles/2021/10/setup-py-deprecated.html for details.
[17.893s]         ********************************************************************************
[17.893s] 
[17.893s] !!
[17.893s]   self.initialize_options()
[18.344s] running egg_info
[18.387s] writing odometry_cont.egg-info/PKG-INFO
[18.388s] writing dependency_links to odometry_cont.egg-info/dependency_links.txt
[18.388s] writing entry points to odometry_cont.egg-info/entry_points.txt
[18.388s] writing requirements to odometry_cont.egg-info/requires.txt
[18.389s] writing top-level names to odometry_cont.egg-info/top_level.txt
[18.479s] reading manifest file 'odometry_cont.egg-info/SOURCES.txt'
[18.481s] writing manifest file 'odometry_cont.egg-info/SOURCES.txt'
[18.649s] running build_ext
[18.649s] Creating /home/cadt-02/Documents/can_test_usb/ros2_can/install/odometry_cont/lib/python3.8/site-packages/odometry-cont.egg-link (link to .)
[18.652s] Installing odometry_cont script to /home/cadt-02/Documents/can_test_usb/ros2_can/install/odometry_cont/lib/odometry_cont
[18.652s] 
[18.653s] Installed /home/cadt-02/Documents/can_test_usb/ros2_can/build/odometry_cont
[18.653s] running install_data
[18.653s] copying resource/odometry_cont -> /home/cadt-02/Documents/can_test_usb/ros2_can/install/odometry_cont/share/ament_index/resource_index/packages
[18.654s] copying package.xml -> /home/cadt-02/Documents/can_test_usb/ros2_can/install/odometry_cont/share/odometry_cont
[18.777s] Invoked command in '/home/cadt-02/Documents/can_test_usb/ros2_can/build/odometry_cont' returned '0': PYTHONPATH=/home/cadt-02/Documents/can_test_usb/ros2_can/build/odometry_cont/prefix_override:/home/cadt-02/Documents/can_test_usb/ros2_can/install/odometry_cont/lib/python3.8/site-packages:${PYTHONPATH} /usr/bin/python3 setup.py develop --editable --build-directory /home/cadt-02/Documents/can_test_usb/ros2_can/build/odometry_cont/build --no-deps install_data
