[19.858s] Invoking command in '/home/cadt-02/Documents/can_test_usb/ros2_can/build/auto_r2': PYTHONPATH=/home/cadt-02/Documents/can_test_usb/ros2_can/build/auto_r2/prefix_override:/home/cadt-02/Documents/can_test_usb/ros2_can/install/auto_r2/lib/python3.8/site-packages:${PYTHONPATH} /usr/bin/python3 setup.py develop --editable --build-directory /home/cadt-02/Documents/can_test_usb/ros2_can/build/auto_r2/build --no-deps install_data
[20.285s] /home/cadt-02/.local/lib/python3.8/site-packages/setuptools/dist.py:476: SetuptoolsDeprecationWarning: Invalid dash-separated options
[20.289s] !!
[20.289s] 
[20.291s]         ********************************************************************************
[20.292s]         Usage of dash-separated 'script-dir' will not be supported in future
[20.293s]         versions. Please use the underscore name 'script_dir' instead.
[20.293s] 
[20.293s]         By 2024-Sep-26, you need to update your project and remove deprecated calls
[20.293s]         or your builds will no longer be supported.
[20.293s] 
[20.297s]         See https://setuptools.pypa.io/en/latest/userguide/declarative_config.html for details.
[20.297s]         ********************************************************************************
[20.298s] 
[20.299s] !!
[20.299s]   opt = self.warn_dash_deprecation(opt, section)
[21.016s] running develop
[21.016s] /home/cadt-02/.local/lib/python3.8/site-packages/setuptools/command/develop.py:42: EasyInstallDeprecationWarning: easy_install command is deprecated.
[21.016s] !!
[21.016s] 
[21.017s]         ********************************************************************************
[21.017s]         Please avoid running ``setup.py`` and ``easy_install``.
[21.017s]         Instead, use pypa/build, pypa/installer or other
[21.017s]         standards-based tools.
[21.017s] 
[21.017s]         See https://github.com/pypa/setuptools/issues/917 for details.
[21.017s]         ********************************************************************************
[21.018s] 
[21.018s] !!
[21.018s]   easy_install.initialize_options(self)
[21.224s] /home/cadt-02/.local/lib/python3.8/site-packages/setuptools/_distutils/cmd.py:66: SetuptoolsDeprecationWarning: setup.py install is deprecated.
[21.232s] !!
[21.238s] 
[21.238s]         ********************************************************************************
[21.238s]         Please avoid running ``setup.py`` directly.
[21.238s]         Instead, use pypa/build, pypa/installer or other
[21.239s]         standards-based tools.
[21.239s] 
[21.239s]         See https://blog.ganssle.io/articles/2021/10/setup-py-deprecated.html for details.
[21.239s]         ********************************************************************************
[21.239s] 
[21.239s] !!
[21.239s]   self.initialize_options()
[21.750s] running egg_info
[21.795s] writing auto_r2.egg-info/PKG-INFO
[21.797s] writing dependency_links to auto_r2.egg-info/dependency_links.txt
[21.799s] writing entry points to auto_r2.egg-info/entry_points.txt
[21.799s] writing requirements to auto_r2.egg-info/requires.txt
[21.800s] writing top-level names to auto_r2.egg-info/top_level.txt
[21.978s] reading manifest file 'auto_r2.egg-info/SOURCES.txt'
[21.978s] writing manifest file 'auto_r2.egg-info/SOURCES.txt'
[22.168s] running build_ext
[22.179s] Creating /home/cadt-02/Documents/can_test_usb/ros2_can/install/auto_r2/lib/python3.8/site-packages/auto-r2.egg-link (link to .)
[22.181s] Installing auto_r2 script to /home/cadt-02/Documents/can_test_usb/ros2_can/install/auto_r2/lib/auto_r2
[22.182s] 
[22.182s] Installed /home/cadt-02/Documents/can_test_usb/ros2_can/build/auto_r2
[22.182s] running install_data
[22.183s] copying resource/auto_r2 -> /home/cadt-02/Documents/can_test_usb/ros2_can/install/auto_r2/share/ament_index/resource_index/packages
[22.186s] copying package.xml -> /home/cadt-02/Documents/can_test_usb/ros2_can/install/auto_r2/share/auto_r2
[26.072s] Invoked command in '/home/cadt-02/Documents/can_test_usb/ros2_can/build/auto_r2' returned '0': PYTHONPATH=/home/cadt-02/Documents/can_test_usb/ros2_can/build/auto_r2/prefix_override:/home/cadt-02/Documents/can_test_usb/ros2_can/install/auto_r2/lib/python3.8/site-packages:${PYTHONPATH} /usr/bin/python3 setup.py develop --editable --build-directory /home/cadt-02/Documents/can_test_usb/ros2_can/build/auto_r2/build --no-deps install_data
