[12.209s] Invoking command in '/home/cadt-02/Documents/can_test_usb/ros2_can/build/my_robot': PYTHONPATH=/home/cadt-02/Documents/can_test_usb/ros2_can/build/my_robot/prefix_override:/home/cadt-02/Documents/can_test_usb/ros2_can/install/my_robot/lib/python3.8/site-packages:${PYTHONPATH} /usr/bin/python3 setup.py develop --editable --build-directory /home/cadt-02/Documents/can_test_usb/ros2_can/build/my_robot/build --no-deps install_data
[12.583s] /home/cadt-02/.local/lib/python3.8/site-packages/setuptools/dist.py:476: SetuptoolsDeprecationWarning: Invalid dash-separated options
[12.583s] !!
[12.584s] 
[12.584s]         ********************************************************************************
[12.584s]         Usage of dash-separated 'script-dir' will not be supported in future
[12.584s]         versions. Please use the underscore name 'script_dir' instead.
[12.584s] 
[12.584s]         By 2024-Sep-26, you need to update your project and remove deprecated calls
[12.584s]         or your builds will no longer be supported.
[12.584s] 
[12.585s]         See https://setuptools.pypa.io/en/latest/userguide/declarative_config.html for details.
[12.585s]         ********************************************************************************
[12.585s] 
[12.585s] !!
[12.585s]   opt = self.warn_dash_deprecation(opt, section)
[13.111s] running develop
[13.111s] /home/cadt-02/.local/lib/python3.8/site-packages/setuptools/command/develop.py:42: EasyInstallDeprecationWarning: easy_install command is deprecated.
[13.111s] !!
[13.111s] 
[13.112s]         ********************************************************************************
[13.112s]         Please avoid running ``setup.py`` and ``easy_install``.
[13.112s]         Instead, use pypa/build, pypa/installer or other
[13.112s]         standards-based tools.
[13.112s] 
[13.112s]         See https://github.com/pypa/setuptools/issues/917 for details.
[13.112s]         ********************************************************************************
[13.113s] 
[13.113s] !!
[13.113s]   easy_install.initialize_options(self)
[13.208s] /home/cadt-02/.local/lib/python3.8/site-packages/setuptools/_distutils/cmd.py:66: SetuptoolsDeprecationWarning: setup.py install is deprecated.
[13.208s] !!
[13.208s] 
[13.208s]         ********************************************************************************
[13.208s]         Please avoid running ``setup.py`` directly.
[13.208s]         Instead, use pypa/build, pypa/installer or other
[13.208s]         standards-based tools.
[13.209s] 
[13.209s]         See https://blog.ganssle.io/articles/2021/10/setup-py-deprecated.html for details.
[13.209s]         ********************************************************************************
[13.209s] 
[13.209s] !!
[13.209s]   self.initialize_options()
[13.681s] running egg_info
[13.723s] writing my_robot.egg-info/PKG-INFO
[13.725s] writing dependency_links to my_robot.egg-info/dependency_links.txt
[13.725s] writing entry points to my_robot.egg-info/entry_points.txt
[13.726s] writing requirements to my_robot.egg-info/requires.txt
[13.726s] writing top-level names to my_robot.egg-info/top_level.txt
[13.819s] reading manifest file 'my_robot.egg-info/SOURCES.txt'
[13.822s] writing manifest file 'my_robot.egg-info/SOURCES.txt'
[13.985s] running build_ext
[13.985s] Creating /home/cadt-02/Documents/can_test_usb/ros2_can/install/my_robot/lib/python3.8/site-packages/my-robot.egg-link (link to .)
[13.987s] Installing my_robot script to /home/cadt-02/Documents/can_test_usb/ros2_can/install/my_robot/lib/my_robot
[13.988s] 
[13.988s] Installed /home/cadt-02/Documents/can_test_usb/ros2_can/build/my_robot
[13.988s] running install_data
[13.990s] copying resource/my_robot -> /home/cadt-02/Documents/can_test_usb/ros2_can/install/my_robot/share/ament_index/resource_index/packages
[13.990s] copying package.xml -> /home/cadt-02/Documents/can_test_usb/ros2_can/install/my_robot/share/my_robot
[17.031s] Invoked command in '/home/cadt-02/Documents/can_test_usb/ros2_can/build/my_robot' returned '0': PYTHONPATH=/home/cadt-02/Documents/can_test_usb/ros2_can/build/my_robot/prefix_override:/home/cadt-02/Documents/can_test_usb/ros2_can/install/my_robot/lib/python3.8/site-packages:${PYTHONPATH} /usr/bin/python3 setup.py develop --editable --build-directory /home/cadt-02/Documents/can_test_usb/ros2_can/build/my_robot/build --no-deps install_data
