[12.126s] Invoking command in '/home/cadt-02/Documents/can_test_usb/ros2_can/build/odometry_cont': PYTHONPATH=/home/cadt-02/Documents/can_test_usb/ros2_can/build/odometry_cont/prefix_override:/home/cadt-02/Documents/can_test_usb/ros2_can/install/odometry_cont/lib/python3.8/site-packages:${PYTHONPATH} /usr/bin/python3 setup.py develop --editable --build-directory /home/cadt-02/Documents/can_test_usb/ros2_can/build/odometry_cont/build --no-deps install_data
[12.513s] /home/cadt-02/.local/lib/python3.8/site-packages/setuptools/dist.py:476: SetuptoolsDeprecationWarning: Invalid dash-separated options
[12.513s] !!
[12.513s] 
[12.513s]         ********************************************************************************
[12.513s]         Usage of dash-separated 'script-dir' will not be supported in future
[12.514s]         versions. Please use the underscore name 'script_dir' instead.
[12.514s] 
[12.514s]         By 2024-Sep-26, you need to update your project and remove deprecated calls
[12.514s]         or your builds will no longer be supported.
[12.514s] 
[12.514s]         See https://setuptools.pypa.io/en/latest/userguide/declarative_config.html for details.
[12.514s]         ********************************************************************************
[12.515s] 
[12.515s] !!
[12.515s]   opt = self.warn_dash_deprecation(opt, section)
[13.055s] running develop
[13.055s] /home/cadt-02/.local/lib/python3.8/site-packages/setuptools/command/develop.py:42: EasyInstallDeprecationWarning: easy_install command is deprecated.
[13.056s] !!
[13.056s] 
[13.056s]         ********************************************************************************
[13.056s]         Please avoid running ``setup.py`` and ``easy_install``.
[13.056s]         Instead, use pypa/build, pypa/installer or other
[13.056s]         standards-based tools.
[13.056s] 
[13.057s]         See https://github.com/pypa/setuptools/issues/917 for details.
[13.057s]         ********************************************************************************
[13.057s] 
[13.057s] !!
[13.058s]   easy_install.initialize_options(self)
[13.151s] /home/cadt-02/.local/lib/python3.8/site-packages/setuptools/_distutils/cmd.py:66: SetuptoolsDeprecationWarning: setup.py install is deprecated.
[13.151s] !!
[13.151s] 
[13.152s]         ********************************************************************************
[13.152s]         Please avoid running ``setup.py`` directly.
[13.152s]         Instead, use pypa/build, pypa/installer or other
[13.152s]         standards-based tools.
[13.152s] 
[13.152s]         See https://blog.ganssle.io/articles/2021/10/setup-py-deprecated.html for details.
[13.152s]         ********************************************************************************
[13.152s] 
[13.153s] !!
[13.153s]   self.initialize_options()
[13.658s] running egg_info
[13.703s] writing odometry_cont.egg-info/PKG-INFO
[13.706s] writing dependency_links to odometry_cont.egg-info/dependency_links.txt
[13.708s] writing entry points to odometry_cont.egg-info/entry_points.txt
[13.708s] writing requirements to odometry_cont.egg-info/requires.txt
[13.710s] writing top-level names to odometry_cont.egg-info/top_level.txt
[13.807s] reading manifest file 'odometry_cont.egg-info/SOURCES.txt'
[13.808s] writing manifest file 'odometry_cont.egg-info/SOURCES.txt'
[13.983s] running build_ext
[13.983s] Creating /home/cadt-02/Documents/can_test_usb/ros2_can/install/odometry_cont/lib/python3.8/site-packages/odometry-cont.egg-link (link to .)
[13.983s] Installing odometry_cont script to /home/cadt-02/Documents/can_test_usb/ros2_can/install/odometry_cont/lib/odometry_cont
[13.984s] 
[13.985s] Installed /home/cadt-02/Documents/can_test_usb/ros2_can/build/odometry_cont
[13.985s] running install_data
[13.986s] copying resource/odometry_cont -> /home/cadt-02/Documents/can_test_usb/ros2_can/install/odometry_cont/share/ament_index/resource_index/packages
[13.986s] copying package.xml -> /home/cadt-02/Documents/can_test_usb/ros2_can/install/odometry_cont/share/odometry_cont
[19.283s] Invoked command in '/home/cadt-02/Documents/can_test_usb/ros2_can/build/odometry_cont' returned '0': PYTHONPATH=/home/cadt-02/Documents/can_test_usb/ros2_can/build/odometry_cont/prefix_override:/home/cadt-02/Documents/can_test_usb/ros2_can/install/odometry_cont/lib/python3.8/site-packages:${PYTHONPATH} /usr/bin/python3 setup.py develop --editable --build-directory /home/cadt-02/Documents/can_test_usb/ros2_can/build/odometry_cont/build --no-deps install_data
