[13.270s] Invoking command in '/home/cadt-02/Documents/can_test_usb/ros2_can/build/ros_imu': PYTHONPATH=/home/cadt-02/Documents/can_test_usb/ros2_can/build/ros_imu/prefix_override:/home/cadt-02/Documents/can_test_usb/ros2_can/install/ros_imu/lib/python3.8/site-packages:${PYTHONPATH} /usr/bin/python3 setup.py develop --editable --build-directory /home/cadt-02/Documents/can_test_usb/ros2_can/build/ros_imu/build --no-deps install_data
[13.605s] /home/cadt-02/.local/lib/python3.8/site-packages/setuptools/dist.py:476: SetuptoolsDeprecationWarning: Invalid dash-separated options
[13.605s] !!
[13.605s] 
[13.605s]         ********************************************************************************
[13.606s]         Usage of dash-separated 'script-dir' will not be supported in future
[13.606s]         versions. Please use the underscore name 'script_dir' instead.
[13.606s] 
[13.606s]         By 2024-Sep-26, you need to update your project and remove deprecated calls
[13.606s]         or your builds will no longer be supported.
[13.606s] 
[13.606s]         See https://setuptools.pypa.io/en/latest/userguide/declarative_config.html for details.
[13.606s]         ********************************************************************************
[13.607s] 
[13.607s] !!
[13.607s]   opt = self.warn_dash_deprecation(opt, section)
[14.091s] running develop
[14.092s] /home/cadt-02/.local/lib/python3.8/site-packages/setuptools/command/develop.py:42: EasyInstallDeprecationWarning: easy_install command is deprecated.
[14.092s] !!
[14.092s] 
[14.092s]         ********************************************************************************
[14.092s]         Please avoid running ``setup.py`` and ``easy_install``.
[14.092s]         Instead, use pypa/build, pypa/installer or other
[14.092s]         standards-based tools.
[14.093s] 
[14.093s]         See https://github.com/pypa/setuptools/issues/917 for details.
[14.093s]         ********************************************************************************
[14.093s] 
[14.093s] !!
[14.093s]   easy_install.initialize_options(self)
[14.179s] /home/cadt-02/.local/lib/python3.8/site-packages/setuptools/_distutils/cmd.py:66: SetuptoolsDeprecationWarning: setup.py install is deprecated.
[14.179s] !!
[14.179s] 
[14.179s]         ********************************************************************************
[14.180s]         Please avoid running ``setup.py`` directly.
[14.180s]         Instead, use pypa/build, pypa/installer or other
[14.180s]         standards-based tools.
[14.180s] 
[14.180s]         See https://blog.ganssle.io/articles/2021/10/setup-py-deprecated.html for details.
[14.180s]         ********************************************************************************
[14.180s] 
[14.180s] !!
[14.181s]   self.initialize_options()
[14.639s] running egg_info
[14.683s] writing ros_imu.egg-info/PKG-INFO
[14.684s] writing dependency_links to ros_imu.egg-info/dependency_links.txt
[14.684s] writing entry points to ros_imu.egg-info/entry_points.txt
[14.685s] writing requirements to ros_imu.egg-info/requires.txt
[14.685s] writing top-level names to ros_imu.egg-info/top_level.txt
[14.776s] reading manifest file 'ros_imu.egg-info/SOURCES.txt'
[14.777s] writing manifest file 'ros_imu.egg-info/SOURCES.txt'
[14.934s] running build_ext
[14.934s] Creating /home/cadt-02/Documents/can_test_usb/ros2_can/install/ros_imu/lib/python3.8/site-packages/ros-imu.egg-link (link to .)
[14.937s] Installing ros_imu script to /home/cadt-02/Documents/can_test_usb/ros2_can/install/ros_imu/lib/ros_imu
[14.937s] 
[14.938s] Installed /home/cadt-02/Documents/can_test_usb/ros2_can/build/ros_imu
[14.938s] running install_data
[14.938s] copying resource/ros_imu -> /home/cadt-02/Documents/can_test_usb/ros2_can/install/ros_imu/share/ament_index/resource_index/packages
[14.938s] copying package.xml -> /home/cadt-02/Documents/can_test_usb/ros2_can/install/ros_imu/share/ros_imu
[15.053s] Invoked command in '/home/cadt-02/Documents/can_test_usb/ros2_can/build/ros_imu' returned '0': PYTHONPATH=/home/cadt-02/Documents/can_test_usb/ros2_can/build/ros_imu/prefix_override:/home/cadt-02/Documents/can_test_usb/ros2_can/install/ros_imu/lib/python3.8/site-packages:${PYTHONPATH} /usr/bin/python3 setup.py develop --editable --build-directory /home/cadt-02/Documents/can_test_usb/ros2_can/build/ros_imu/build --no-deps install_data
