[16.078s] Invoking command in '/home/cadt-02/Documents/can_test_usb/ros2_can/build/keyboard_listener': PYTHONPATH=/home/cadt-02/Documents/can_test_usb/ros2_can/build/keyboard_listener/prefix_override:/home/cadt-02/Documents/can_test_usb/ros2_can/install/keyboard_listener/lib/python3.8/site-packages:${PYTHONPATH} /usr/bin/python3 setup.py develop --uninstall --editable --build-directory /home/cadt-02/Documents/can_test_usb/ros2_can/build/keyboard_listener/build
[16.897s] running develop
[16.898s] /home/cadt-02/.local/lib/python3.8/site-packages/setuptools/command/develop.py:42: EasyInstallDeprecationWarning: easy_install command is deprecated.
[16.898s] !!
[16.898s] 
[16.899s]         ********************************************************************************
[16.899s]         Please avoid running ``setup.py`` and ``easy_install``.
[16.899s]         Instead, use pypa/build, pypa/installer or other
[16.899s]         standards-based tools.
[16.899s] 
[16.899s]         See https://github.com/pypa/setuptools/issues/917 for details.
[16.899s]         ********************************************************************************
[16.900s] 
[16.900s] !!
[16.900s]   easy_install.initialize_options(self)
[17.001s] /home/cadt-02/.local/lib/python3.8/site-packages/setuptools/_distutils/cmd.py:66: SetuptoolsDeprecationWarning: setup.py install is deprecated.
[17.001s] !!
[17.001s] 
[17.001s]         ********************************************************************************
[17.002s]         Please avoid running ``setup.py`` directly.
[17.002s]         Instead, use pypa/build, pypa/installer or other
[17.002s]         standards-based tools.
[17.002s] 
[17.002s]         See https://blog.ganssle.io/articles/2021/10/setup-py-deprecated.html for details.
[17.002s]         ********************************************************************************
[17.002s] 
[17.003s] !!
[17.003s]   self.initialize_options()
[17.477s] Removing /home/cadt-02/Documents/can_test_usb/ros2_can/install/keyboard_listener/lib/python3.8/site-packages/keyboard-listener.egg-link (link to .)
[19.392s] Invoked command in '/home/cadt-02/Documents/can_test_usb/ros2_can/build/keyboard_listener' returned '0': PYTHONPATH=/home/cadt-02/Documents/can_test_usb/ros2_can/build/keyboard_listener/prefix_override:/home/cadt-02/Documents/can_test_usb/ros2_can/install/keyboard_listener/lib/python3.8/site-packages:${PYTHONPATH} /usr/bin/python3 setup.py develop --uninstall --editable --build-directory /home/cadt-02/Documents/can_test_usb/ros2_can/build/keyboard_listener/build
[19.398s] Invoking command in '/home/cadt-02/Documents/can_test_usb/ros2_can/src/keyboard_listener': PYTHONPATH=/home/cadt-02/Documents/can_test_usb/ros2_can/build/keyboard_listener/prefix_override:/home/cadt-02/Documents/can_test_usb/ros2_can/install/keyboard_listener/lib/python3.8/site-packages:${PYTHONPATH} /usr/bin/python3 setup.py egg_info --egg-base ../../build/keyboard_listener build --build-base /home/cadt-02/Documents/can_test_usb/ros2_can/build/keyboard_listener/build install --record /home/cadt-02/Documents/can_test_usb/ros2_can/build/keyboard_listener/install.log --single-version-externally-managed
[20.385s] running egg_info
[20.386s] writing ../../build/keyboard_listener/keyboard_listener.egg-info/PKG-INFO
[20.386s] writing dependency_links to ../../build/keyboard_listener/keyboard_listener.egg-info/dependency_links.txt
[20.386s] writing entry points to ../../build/keyboard_listener/keyboard_listener.egg-info/entry_points.txt
[20.386s] writing requirements to ../../build/keyboard_listener/keyboard_listener.egg-info/requires.txt
[20.386s] writing top-level names to ../../build/keyboard_listener/keyboard_listener.egg-info/top_level.txt
[20.408s] reading manifest file '../../build/keyboard_listener/keyboard_listener.egg-info/SOURCES.txt'
[20.408s] writing manifest file '../../build/keyboard_listener/keyboard_listener.egg-info/SOURCES.txt'
[20.409s] running build
[20.409s] running build_py
[20.410s] creating /home/cadt-02/Documents/can_test_usb/ros2_can/build/keyboard_listener/build
[20.410s] creating /home/cadt-02/Documents/can_test_usb/ros2_can/build/keyboard_listener/build/lib
[20.410s] creating /home/cadt-02/Documents/can_test_usb/ros2_can/build/keyboard_listener/build/lib/keyboard_listener
[20.411s] copying keyboard_listener/__init__.py -> /home/cadt-02/Documents/can_test_usb/ros2_can/build/keyboard_listener/build/lib/keyboard_listener
[20.411s] copying keyboard_listener/keyboard_listener.py -> /home/cadt-02/Documents/can_test_usb/ros2_can/build/keyboard_listener/build/lib/keyboard_listener
[20.412s] running install
[20.412s] /home/cadt-02/.local/lib/python3.8/site-packages/setuptools/_distutils/cmd.py:66: SetuptoolsDeprecationWarning: setup.py install is deprecated.
[20.412s] !!
[20.412s] 
[20.413s]         ********************************************************************************
[20.413s]         Please avoid running ``setup.py`` directly.
[20.413s]         Instead, use pypa/build, pypa/installer or other
[20.414s]         standards-based tools.
[20.414s] 
[20.415s]         See https://blog.ganssle.io/articles/2021/10/setup-py-deprecated.html for details.
[20.415s]         ********************************************************************************
[20.415s] 
[20.415s] !!
[20.415s]   self.initialize_options()
[20.424s] running install_lib
[20.470s] creating /home/cadt-02/Documents/can_test_usb/ros2_can/install/keyboard_listener/lib/python3.8/site-packages/keyboard_listener
[20.471s] copying /home/cadt-02/Documents/can_test_usb/ros2_can/build/keyboard_listener/build/lib/keyboard_listener/__init__.py -> /home/cadt-02/Documents/can_test_usb/ros2_can/install/keyboard_listener/lib/python3.8/site-packages/keyboard_listener
[20.472s] copying /home/cadt-02/Documents/can_test_usb/ros2_can/build/keyboard_listener/build/lib/keyboard_listener/keyboard_listener.py -> /home/cadt-02/Documents/can_test_usb/ros2_can/install/keyboard_listener/lib/python3.8/site-packages/keyboard_listener
[20.474s] byte-compiling /home/cadt-02/Documents/can_test_usb/ros2_can/install/keyboard_listener/lib/python3.8/site-packages/keyboard_listener/__init__.py to __init__.cpython-38.pyc
[20.474s] byte-compiling /home/cadt-02/Documents/can_test_usb/ros2_can/install/keyboard_listener/lib/python3.8/site-packages/keyboard_listener/keyboard_listener.py to keyboard_listener.cpython-38.pyc
[20.479s] running install_data
[20.521s] copying resource/keyboard_listener -> /home/cadt-02/Documents/can_test_usb/ros2_can/install/keyboard_listener/share/ament_index/resource_index/packages
[20.522s] copying package.xml -> /home/cadt-02/Documents/can_test_usb/ros2_can/install/keyboard_listener/share/keyboard_listener
[20.525s] running install_egg_info
[20.570s] Copying ../../build/keyboard_listener/keyboard_listener.egg-info to /home/cadt-02/Documents/can_test_usb/ros2_can/install/keyboard_listener/lib/python3.8/site-packages/keyboard_listener-0.0.0-py3.8.egg-info
[20.573s] running install_scripts
[20.684s] Installing keyboard_listener script to /home/cadt-02/Documents/can_test_usb/ros2_can/install/keyboard_listener/lib/keyboard_listener
[20.686s] writing list of installed files to '/home/cadt-02/Documents/can_test_usb/ros2_can/build/keyboard_listener/install.log'
[22.507s] Invoked command in '/home/cadt-02/Documents/can_test_usb/ros2_can/src/keyboard_listener' returned '0': PYTHONPATH=/home/cadt-02/Documents/can_test_usb/ros2_can/build/keyboard_listener/prefix_override:/home/cadt-02/Documents/can_test_usb/ros2_can/install/keyboard_listener/lib/python3.8/site-packages:${PYTHONPATH} /usr/bin/python3 setup.py egg_info --egg-base ../../build/keyboard_listener build --build-base /home/cadt-02/Documents/can_test_usb/ros2_can/build/keyboard_listener/build install --record /home/cadt-02/Documents/can_test_usb/ros2_can/build/keyboard_listener/install.log --single-version-externally-managed
