[18.444s] Invoking command in '/home/cadt-02/Documents/can_test_usb/ros2_can/build/odometry_cont': PYTHONPATH=/home/cadt-02/Documents/can_test_usb/ros2_can/build/odometry_cont/prefix_override:/home/cadt-02/Documents/can_test_usb/ros2_can/install/odometry_cont/lib/python3.8/site-packages:${PYTHONPATH} /usr/bin/python3 setup.py develop --editable --build-directory /home/cadt-02/Documents/can_test_usb/ros2_can/build/odometry_cont/build --no-deps install_data
[18.838s] /home/cadt-02/.local/lib/python3.8/site-packages/setuptools/dist.py:476: SetuptoolsDeprecationWarning: Invalid dash-separated options
[18.839s] !!
[18.839s] 
[18.839s]         ********************************************************************************
[18.839s]         Usage of dash-separated 'script-dir' will not be supported in future
[18.839s]         versions. Please use the underscore name 'script_dir' instead.
[18.839s] 
[18.839s]         By 2024-Sep-26, you need to update your project and remove deprecated calls
[18.839s]         or your builds will no longer be supported.
[18.840s] 
[18.840s]         See https://setuptools.pypa.io/en/latest/userguide/declarative_config.html for details.
[18.840s]         ********************************************************************************
[18.840s] 
[18.840s] !!
[18.840s]   opt = self.warn_dash_deprecation(opt, section)
[19.358s] running develop
[19.358s] /home/cadt-02/.local/lib/python3.8/site-packages/setuptools/command/develop.py:42: EasyInstallDeprecationWarning: easy_install command is deprecated.
[19.358s] !!
[19.358s] 
[19.359s]         ********************************************************************************
[19.359s]         Please avoid running ``setup.py`` and ``easy_install``.
[19.359s]         Instead, use pypa/build, pypa/installer or other
[19.359s]         standards-based tools.
[19.359s] 
[19.359s]         See https://github.com/pypa/setuptools/issues/917 for details.
[19.359s]         ********************************************************************************
[19.360s] 
[19.360s] !!
[19.360s]   easy_install.initialize_options(self)
[19.449s] /home/cadt-02/.local/lib/python3.8/site-packages/setuptools/_distutils/cmd.py:66: SetuptoolsDeprecationWarning: setup.py install is deprecated.
[19.449s] !!
[19.449s] 
[19.449s]         ********************************************************************************
[19.449s]         Please avoid running ``setup.py`` directly.
[19.450s]         Instead, use pypa/build, pypa/installer or other
[19.450s]         standards-based tools.
[19.450s] 
[19.450s]         See https://blog.ganssle.io/articles/2021/10/setup-py-deprecated.html for details.
[19.451s]         ********************************************************************************
[19.451s] 
[19.451s] !!
[19.451s]   self.initialize_options()
[19.922s] running egg_info
[19.964s] writing odometry_cont.egg-info/PKG-INFO
[19.965s] writing dependency_links to odometry_cont.egg-info/dependency_links.txt
[19.966s] writing entry points to odometry_cont.egg-info/entry_points.txt
[19.966s] writing requirements to odometry_cont.egg-info/requires.txt
[19.967s] writing top-level names to odometry_cont.egg-info/top_level.txt
[20.058s] reading manifest file 'odometry_cont.egg-info/SOURCES.txt'
[20.060s] writing manifest file 'odometry_cont.egg-info/SOURCES.txt'
[20.221s] running build_ext
[20.222s] Creating /home/cadt-02/Documents/can_test_usb/ros2_can/install/odometry_cont/lib/python3.8/site-packages/odometry-cont.egg-link (link to .)
[20.225s] Installing odometry_cont script to /home/cadt-02/Documents/can_test_usb/ros2_can/install/odometry_cont/lib/odometry_cont
[20.226s] 
[20.227s] Installed /home/cadt-02/Documents/can_test_usb/ros2_can/build/odometry_cont
[20.227s] running install_data
[20.227s] copying resource/odometry_cont -> /home/cadt-02/Documents/can_test_usb/ros2_can/install/odometry_cont/share/ament_index/resource_index/packages
[20.228s] copying package.xml -> /home/cadt-02/Documents/can_test_usb/ros2_can/install/odometry_cont/share/odometry_cont
[21.560s] Invoked command in '/home/cadt-02/Documents/can_test_usb/ros2_can/build/odometry_cont' returned '0': PYTHONPATH=/home/cadt-02/Documents/can_test_usb/ros2_can/build/odometry_cont/prefix_override:/home/cadt-02/Documents/can_test_usb/ros2_can/install/odometry_cont/lib/python3.8/site-packages:${PYTHONPATH} /usr/bin/python3 setup.py develop --editable --build-directory /home/cadt-02/Documents/can_test_usb/ros2_can/build/odometry_cont/build --no-deps install_data
