[9.748s] Invoking command in '/home/cadt-02/Documents/can_test_usb/ros2_can/build/ros_imu': PYTHONPATH=/home/cadt-02/Documents/can_test_usb/ros2_can/build/ros_imu/prefix_override:/home/cadt-02/Documents/can_test_usb/ros2_can/install/ros_imu/lib/python3.8/site-packages:${PYTHONPATH} /usr/bin/python3 setup.py develop --editable --build-directory /home/cadt-02/Documents/can_test_usb/ros2_can/build/ros_imu/build --no-deps install_data
[10.099s] /home/cadt-02/.local/lib/python3.8/site-packages/setuptools/dist.py:476: SetuptoolsDeprecationWarning: Invalid dash-separated options
[10.099s] !!
[10.100s] 
[10.100s]         ********************************************************************************
[10.100s]         Usage of dash-separated 'script-dir' will not be supported in future
[10.100s]         versions. Please use the underscore name 'script_dir' instead.
[10.100s] 
[10.100s]         By 2024-Sep-26, you need to update your project and remove deprecated calls
[10.100s]         or your builds will no longer be supported.
[10.101s] 
[10.101s]         See https://setuptools.pypa.io/en/latest/userguide/declarative_config.html for details.
[10.101s]         ********************************************************************************
[10.101s] 
[10.101s] !!
[10.101s]   opt = self.warn_dash_deprecation(opt, section)
[10.607s] running develop
[10.607s] /home/cadt-02/.local/lib/python3.8/site-packages/setuptools/command/develop.py:42: EasyInstallDeprecationWarning: easy_install command is deprecated.
[10.607s] !!
[10.608s] 
[10.608s]         ********************************************************************************
[10.608s]         Please avoid running ``setup.py`` and ``easy_install``.
[10.608s]         Instead, use pypa/build, pypa/installer or other
[10.609s]         standards-based tools.
[10.609s] 
[10.609s]         See https://github.com/pypa/setuptools/issues/917 for details.
[10.609s]         ********************************************************************************
[10.610s] 
[10.610s] !!
[10.610s]   easy_install.initialize_options(self)
[10.697s] /home/cadt-02/.local/lib/python3.8/site-packages/setuptools/_distutils/cmd.py:66: SetuptoolsDeprecationWarning: setup.py install is deprecated.
[10.697s] !!
[10.698s] 
[10.698s]         ********************************************************************************
[10.698s]         Please avoid running ``setup.py`` directly.
[10.699s]         Instead, use pypa/build, pypa/installer or other
[10.699s]         standards-based tools.
[10.699s] 
[10.699s]         See https://blog.ganssle.io/articles/2021/10/setup-py-deprecated.html for details.
[10.700s]         ********************************************************************************
[10.700s] 
[10.700s] !!
[10.700s]   self.initialize_options()
[11.167s] running egg_info
[11.211s] writing ros_imu.egg-info/PKG-INFO
[11.212s] writing dependency_links to ros_imu.egg-info/dependency_links.txt
[11.212s] writing entry points to ros_imu.egg-info/entry_points.txt
[11.213s] writing requirements to ros_imu.egg-info/requires.txt
[11.213s] writing top-level names to ros_imu.egg-info/top_level.txt
[11.306s] reading manifest file 'ros_imu.egg-info/SOURCES.txt'
[11.308s] writing manifest file 'ros_imu.egg-info/SOURCES.txt'
[11.472s] running build_ext
[11.472s] Creating /home/cadt-02/Documents/can_test_usb/ros2_can/install/ros_imu/lib/python3.8/site-packages/ros-imu.egg-link (link to .)
[11.475s] Installing ros_imu script to /home/cadt-02/Documents/can_test_usb/ros2_can/install/ros_imu/lib/ros_imu
[11.476s] 
[11.476s] Installed /home/cadt-02/Documents/can_test_usb/ros2_can/build/ros_imu
[11.476s] running install_data
[11.476s] copying resource/ros_imu -> /home/cadt-02/Documents/can_test_usb/ros2_can/install/ros_imu/share/ament_index/resource_index/packages
[11.476s] copying package.xml -> /home/cadt-02/Documents/can_test_usb/ros2_can/install/ros_imu/share/ros_imu
[12.764s] Invoked command in '/home/cadt-02/Documents/can_test_usb/ros2_can/build/ros_imu' returned '0': PYTHONPATH=/home/cadt-02/Documents/can_test_usb/ros2_can/build/ros_imu/prefix_override:/home/cadt-02/Documents/can_test_usb/ros2_can/install/ros_imu/lib/python3.8/site-packages:${PYTHONPATH} /usr/bin/python3 setup.py develop --editable --build-directory /home/cadt-02/Documents/can_test_usb/ros2_can/build/ros_imu/build --no-deps install_data
