[15.186s] Invoking command in '/home/cadt-02/Documents/can_test_usb/ros2_can/build/movement': PYTHONPATH=/home/cadt-02/Documents/can_test_usb/ros2_can/build/movement/prefix_override:/home/cadt-02/Documents/can_test_usb/ros2_can/install/movement/lib/python3.8/site-packages:${PYTHONPATH} /usr/bin/python3 setup.py develop --editable --build-directory /home/cadt-02/Documents/can_test_usb/ros2_can/build/movement/build --no-deps install_data
[16.121s] running develop
[16.123s] /home/cadt-02/.local/lib/python3.8/site-packages/setuptools/command/develop.py:42: EasyInstallDeprecationWarning: easy_install command is deprecated.
[16.123s] !!
[16.123s] 
[16.123s]         ********************************************************************************
[16.123s]         Please avoid running ``setup.py`` and ``easy_install``.
[16.123s]         Instead, use pypa/build, pypa/installer or other
[16.123s]         standards-based tools.
[16.123s] 
[16.124s]         See https://github.com/pypa/setuptools/issues/917 for details.
[16.124s]         ********************************************************************************
[16.124s] 
[16.124s] !!
[16.124s]   easy_install.initialize_options(self)
[16.215s] /home/cadt-02/.local/lib/python3.8/site-packages/setuptools/_distutils/cmd.py:66: SetuptoolsDeprecationWarning: setup.py install is deprecated.
[16.215s] !!
[16.215s] 
[16.215s]         ********************************************************************************
[16.216s]         Please avoid running ``setup.py`` directly.
[16.216s]         Instead, use pypa/build, pypa/installer or other
[16.216s]         standards-based tools.
[16.216s] 
[16.216s]         See https://blog.ganssle.io/articles/2021/10/setup-py-deprecated.html for details.
[16.216s]         ********************************************************************************
[16.216s] 
[16.217s] !!
[16.217s]   self.initialize_options()
[16.717s] running egg_info
[16.754s] writing movement.egg-info/PKG-INFO
[16.755s] writing dependency_links to movement.egg-info/dependency_links.txt
[16.756s] writing entry points to movement.egg-info/entry_points.txt
[16.757s] writing requirements to movement.egg-info/requires.txt
[16.757s] writing top-level names to movement.egg-info/top_level.txt
[16.852s] reading manifest file 'movement.egg-info/SOURCES.txt'
[16.855s] writing manifest file 'movement.egg-info/SOURCES.txt'
[17.017s] running build_ext
[17.017s] Creating /home/cadt-02/Documents/can_test_usb/ros2_can/install/movement/lib/python3.8/site-packages/movement.egg-link (link to .)
[17.019s] Installing movement script to /home/cadt-02/Documents/can_test_usb/ros2_can/install/movement/lib/movement
[17.020s] 
[17.020s] Installed /home/cadt-02/Documents/can_test_usb/ros2_can/build/movement
[17.020s] running install_data
[17.021s] copying resource/movement -> /home/cadt-02/Documents/can_test_usb/ros2_can/install/movement/share/ament_index/resource_index/packages
[17.022s] copying package.xml -> /home/cadt-02/Documents/can_test_usb/ros2_can/install/movement/share/movement
[22.372s] Invoked command in '/home/cadt-02/Documents/can_test_usb/ros2_can/build/movement' returned '0': PYTHONPATH=/home/cadt-02/Documents/can_test_usb/ros2_can/build/movement/prefix_override:/home/cadt-02/Documents/can_test_usb/ros2_can/install/movement/lib/python3.8/site-packages:${PYTHONPATH} /usr/bin/python3 setup.py develop --editable --build-directory /home/cadt-02/Documents/can_test_usb/ros2_can/build/movement/build --no-deps install_data
