[16.944s] Invoking command in '/home/cadt-02/Documents/can_test_usb/ros2_can/build/odometry_cont': PYTHONPATH=/home/cadt-02/Documents/can_test_usb/ros2_can/build/odometry_cont/prefix_override:/home/cadt-02/Documents/can_test_usb/ros2_can/install/odometry_cont/lib/python3.8/site-packages:${PYTHONPATH} /usr/bin/python3 setup.py develop --editable --build-directory /home/cadt-02/Documents/can_test_usb/ros2_can/build/odometry_cont/build --no-deps install_data
[17.287s] /home/cadt-02/.local/lib/python3.8/site-packages/setuptools/dist.py:476: SetuptoolsDeprecationWarning: Invalid dash-separated options
[17.287s] !!
[17.287s] 
[17.288s]         ********************************************************************************
[17.288s]         Usage of dash-separated 'script-dir' will not be supported in future
[17.288s]         versions. Please use the underscore name 'script_dir' instead.
[17.288s] 
[17.288s]         By 2024-Sep-26, you need to update your project and remove deprecated calls
[17.288s]         or your builds will no longer be supported.
[17.288s] 
[17.289s]         See https://setuptools.pypa.io/en/latest/userguide/declarative_config.html for details.
[17.289s]         ********************************************************************************
[17.289s] 
[17.289s] !!
[17.289s]   opt = self.warn_dash_deprecation(opt, section)
[17.786s] running develop
[17.787s] /home/cadt-02/.local/lib/python3.8/site-packages/setuptools/command/develop.py:42: EasyInstallDeprecationWarning: easy_install command is deprecated.
[17.787s] !!
[17.787s] 
[17.787s]         ********************************************************************************
[17.787s]         Please avoid running ``setup.py`` and ``easy_install``.
[17.788s]         Instead, use pypa/build, pypa/installer or other
[17.788s]         standards-based tools.
[17.788s] 
[17.788s]         See https://github.com/pypa/setuptools/issues/917 for details.
[17.788s]         ********************************************************************************
[17.788s] 
[17.788s] !!
[17.789s]   easy_install.initialize_options(self)
[17.874s] /home/cadt-02/.local/lib/python3.8/site-packages/setuptools/_distutils/cmd.py:66: SetuptoolsDeprecationWarning: setup.py install is deprecated.
[17.874s] !!
[17.874s] 
[17.875s]         ********************************************************************************
[17.875s]         Please avoid running ``setup.py`` directly.
[17.875s]         Instead, use pypa/build, pypa/installer or other
[17.875s]         standards-based tools.
[17.875s] 
[17.875s]         See https://blog.ganssle.io/articles/2021/10/setup-py-deprecated.html for details.
[17.875s]         ********************************************************************************
[17.876s] 
[17.876s] !!
[17.876s]   self.initialize_options()
[18.339s] running egg_info
[18.381s] writing odometry_cont.egg-info/PKG-INFO
[18.382s] writing dependency_links to odometry_cont.egg-info/dependency_links.txt
[18.383s] writing entry points to odometry_cont.egg-info/entry_points.txt
[18.384s] writing requirements to odometry_cont.egg-info/requires.txt
[18.384s] writing top-level names to odometry_cont.egg-info/top_level.txt
[18.475s] reading manifest file 'odometry_cont.egg-info/SOURCES.txt'
[18.477s] writing manifest file 'odometry_cont.egg-info/SOURCES.txt'
[18.640s] running build_ext
[18.640s] Creating /home/cadt-02/Documents/can_test_usb/ros2_can/install/odometry_cont/lib/python3.8/site-packages/odometry-cont.egg-link (link to .)
[18.642s] Installing odometry_cont script to /home/cadt-02/Documents/can_test_usb/ros2_can/install/odometry_cont/lib/odometry_cont
[18.645s] 
[18.645s] Installed /home/cadt-02/Documents/can_test_usb/ros2_can/build/odometry_cont
[18.645s] running install_data
[18.645s] copying resource/odometry_cont -> /home/cadt-02/Documents/can_test_usb/ros2_can/install/odometry_cont/share/ament_index/resource_index/packages
[18.646s] copying package.xml -> /home/cadt-02/Documents/can_test_usb/ros2_can/install/odometry_cont/share/odometry_cont
[21.052s] Invoked command in '/home/cadt-02/Documents/can_test_usb/ros2_can/build/odometry_cont' returned '0': PYTHONPATH=/home/cadt-02/Documents/can_test_usb/ros2_can/build/odometry_cont/prefix_override:/home/cadt-02/Documents/can_test_usb/ros2_can/install/odometry_cont/lib/python3.8/site-packages:${PYTHONPATH} /usr/bin/python3 setup.py develop --editable --build-directory /home/cadt-02/Documents/can_test_usb/ros2_can/build/odometry_cont/build --no-deps install_data
