[19.629s] Invoking command in '/home/cadt-02/Documents/can_test_usb/ros2_can/build/auto_r2': PYTHONPATH=/home/cadt-02/Documents/can_test_usb/ros2_can/build/auto_r2/prefix_override:/home/cadt-02/Documents/can_test_usb/ros2_can/install/auto_r2/lib/python3.8/site-packages:${PYTHONPATH} /usr/bin/python3 setup.py develop --editable --build-directory /home/cadt-02/Documents/can_test_usb/ros2_can/build/auto_r2/build --no-deps install_data
[20.088s] /home/cadt-02/.local/lib/python3.8/site-packages/setuptools/dist.py:476: SetuptoolsDeprecationWarning: Invalid dash-separated options
[20.088s] !!
[20.088s] 
[20.088s]         ********************************************************************************
[20.089s]         Usage of dash-separated 'script-dir' will not be supported in future
[20.089s]         versions. Please use the underscore name 'script_dir' instead.
[20.089s] 
[20.089s]         By 2024-Sep-26, you need to update your project and remove deprecated calls
[20.089s]         or your builds will no longer be supported.
[20.089s] 
[20.089s]         See https://setuptools.pypa.io/en/latest/userguide/declarative_config.html for details.
[20.090s]         ********************************************************************************
[20.090s] 
[20.090s] !!
[20.090s]   opt = self.warn_dash_deprecation(opt, section)
[20.690s] running develop
[20.691s] /home/cadt-02/.local/lib/python3.8/site-packages/setuptools/command/develop.py:42: EasyInstallDeprecationWarning: easy_install command is deprecated.
[20.691s] !!
[20.691s] 
[20.691s]         ********************************************************************************
[20.692s]         Please avoid running ``setup.py`` and ``easy_install``.
[20.692s]         Instead, use pypa/build, pypa/installer or other
[20.692s]         standards-based tools.
[20.692s] 
[20.692s]         See https://github.com/pypa/setuptools/issues/917 for details.
[20.692s]         ********************************************************************************
[20.692s] 
[20.692s] !!
[20.693s]   easy_install.initialize_options(self)
[20.833s] /home/cadt-02/.local/lib/python3.8/site-packages/setuptools/_distutils/cmd.py:66: SetuptoolsDeprecationWarning: setup.py install is deprecated.
[20.834s] !!
[20.834s] 
[20.834s]         ********************************************************************************
[20.834s]         Please avoid running ``setup.py`` directly.
[20.834s]         Instead, use pypa/build, pypa/installer or other
[20.834s]         standards-based tools.
[20.834s] 
[20.835s]         See https://blog.ganssle.io/articles/2021/10/setup-py-deprecated.html for details.
[20.835s]         ********************************************************************************
[20.835s] 
[20.835s] !!
[20.835s]   self.initialize_options()
[21.519s] running egg_info
[21.569s] writing auto_r2.egg-info/PKG-INFO
[21.574s] writing dependency_links to auto_r2.egg-info/dependency_links.txt
[21.577s] writing entry points to auto_r2.egg-info/entry_points.txt
[21.579s] writing requirements to auto_r2.egg-info/requires.txt
[21.584s] writing top-level names to auto_r2.egg-info/top_level.txt
[21.696s] reading manifest file 'auto_r2.egg-info/SOURCES.txt'
[21.700s] writing manifest file 'auto_r2.egg-info/SOURCES.txt'
[21.935s] running build_ext
[21.936s] Creating /home/cadt-02/Documents/can_test_usb/ros2_can/install/auto_r2/lib/python3.8/site-packages/auto-r2.egg-link (link to .)
[21.938s] Installing auto_r2 script to /home/cadt-02/Documents/can_test_usb/ros2_can/install/auto_r2/lib/auto_r2
[21.939s] 
[21.939s] Installed /home/cadt-02/Documents/can_test_usb/ros2_can/build/auto_r2
[21.940s] running install_data
[21.940s] copying resource/auto_r2 -> /home/cadt-02/Documents/can_test_usb/ros2_can/install/auto_r2/share/ament_index/resource_index/packages
[21.940s] copying package.xml -> /home/cadt-02/Documents/can_test_usb/ros2_can/install/auto_r2/share/auto_r2
[28.512s] Invoked command in '/home/cadt-02/Documents/can_test_usb/ros2_can/build/auto_r2' returned '0': PYTHONPATH=/home/cadt-02/Documents/can_test_usb/ros2_can/build/auto_r2/prefix_override:/home/cadt-02/Documents/can_test_usb/ros2_can/install/auto_r2/lib/python3.8/site-packages:${PYTHONPATH} /usr/bin/python3 setup.py develop --editable --build-directory /home/cadt-02/Documents/can_test_usb/ros2_can/build/auto_r2/build --no-deps install_data
