[16.835s] Invoking command in '/home/cadt-02/Documents/can_test_usb/ros2_can/build/keyboard_listener': PYTHONPATH=/home/cadt-02/Documents/can_test_usb/ros2_can/build/keyboard_listener/prefix_override:/home/cadt-02/Documents/can_test_usb/ros2_can/install/keyboard_listener/lib/python3.8/site-packages:${PYTHONPATH} /usr/bin/python3 setup.py develop --editable --build-directory /home/cadt-02/Documents/can_test_usb/ros2_can/build/keyboard_listener/build --no-deps install_data
[17.732s] running develop
[17.732s] /home/cadt-02/.local/lib/python3.8/site-packages/setuptools/command/develop.py:42: EasyInstallDeprecationWarning: easy_install command is deprecated.
[17.732s] !!
[17.733s] 
[17.733s]         ********************************************************************************
[17.733s]         Please avoid running ``setup.py`` and ``easy_install``.
[17.733s]         Instead, use pypa/build, pypa/installer or other
[17.733s]         standards-based tools.
[17.733s] 
[17.734s]         See https://github.com/pypa/setuptools/issues/917 for details.
[17.734s]         ********************************************************************************
[17.734s] 
[17.734s] !!
[17.734s]   easy_install.initialize_options(self)
[17.825s] /home/cadt-02/.local/lib/python3.8/site-packages/setuptools/_distutils/cmd.py:66: SetuptoolsDeprecationWarning: setup.py install is deprecated.
[17.825s] !!
[17.826s] 
[17.827s]         ********************************************************************************
[17.827s]         Please avoid running ``setup.py`` directly.
[17.827s]         Instead, use pypa/build, pypa/installer or other
[17.827s]         standards-based tools.
[17.827s] 
[17.827s]         See https://blog.ganssle.io/articles/2021/10/setup-py-deprecated.html for details.
[17.828s]         ********************************************************************************
[17.828s] 
[17.828s] !!
[17.828s]   self.initialize_options()
[18.301s] running egg_info
[18.348s] writing keyboard_listener.egg-info/PKG-INFO
[18.354s] writing dependency_links to keyboard_listener.egg-info/dependency_links.txt
[18.354s] writing entry points to keyboard_listener.egg-info/entry_points.txt
[18.354s] writing requirements to keyboard_listener.egg-info/requires.txt
[18.356s] writing top-level names to keyboard_listener.egg-info/top_level.txt
[18.467s] reading manifest file 'keyboard_listener.egg-info/SOURCES.txt'
[18.469s] writing manifest file 'keyboard_listener.egg-info/SOURCES.txt'
[18.648s] running build_ext
[18.648s] Creating /home/cadt-02/Documents/can_test_usb/ros2_can/install/keyboard_listener/lib/python3.8/site-packages/keyboard-listener.egg-link (link to .)
[18.653s] Installing keyboard_listener script to /home/cadt-02/Documents/can_test_usb/ros2_can/install/keyboard_listener/lib/keyboard_listener
[18.653s] 
[18.654s] Installed /home/cadt-02/Documents/can_test_usb/ros2_can/build/keyboard_listener
[18.654s] running install_data
[18.654s] copying resource/keyboard_listener -> /home/cadt-02/Documents/can_test_usb/ros2_can/install/keyboard_listener/share/ament_index/resource_index/packages
[18.654s] copying package.xml -> /home/cadt-02/Documents/can_test_usb/ros2_can/install/keyboard_listener/share/keyboard_listener
[21.796s] Invoked command in '/home/cadt-02/Documents/can_test_usb/ros2_can/build/keyboard_listener' returned '0': PYTHONPATH=/home/cadt-02/Documents/can_test_usb/ros2_can/build/keyboard_listener/prefix_override:/home/cadt-02/Documents/can_test_usb/ros2_can/install/keyboard_listener/lib/python3.8/site-packages:${PYTHONPATH} /usr/bin/python3 setup.py develop --editable --build-directory /home/cadt-02/Documents/can_test_usb/ros2_can/build/keyboard_listener/build --no-deps install_data
