[16.537s] Invoking command in '/home/cadt-02/Documents/can_test_usb/ros2_can/build/keyboard_listener': PYTHONPATH=/home/cadt-02/Documents/can_test_usb/ros2_can/build/keyboard_listener/prefix_override:/home/cadt-02/Documents/can_test_usb/ros2_can/install/keyboard_listener/lib/python3.8/site-packages:${PYTHONPATH} /usr/bin/python3 setup.py develop --editable --build-directory /home/cadt-02/Documents/can_test_usb/ros2_can/build/keyboard_listener/build --no-deps install_data
[17.765s] running develop
[17.768s] /home/cadt-02/.local/lib/python3.8/site-packages/setuptools/command/develop.py:42: EasyInstallDeprecationWarning: easy_install command is deprecated.
[17.768s] !!
[17.769s] 
[17.769s]         ********************************************************************************
[17.769s]         Please avoid running ``setup.py`` and ``easy_install``.
[17.769s]         Instead, use pypa/build, pypa/installer or other
[17.769s]         standards-based tools.
[17.769s] 
[17.770s]         See https://github.com/pypa/setuptools/issues/917 for details.
[17.770s]         ********************************************************************************
[17.770s] 
[17.770s] !!
[17.770s]   easy_install.initialize_options(self)
[17.770s] /home/cadt-02/.local/lib/python3.8/site-packages/setuptools/_distutils/cmd.py:66: SetuptoolsDeprecationWarning: setup.py install is deprecated.
[17.770s] !!
[17.770s] 
[17.770s]         ********************************************************************************
[17.771s]         Please avoid running ``setup.py`` directly.
[17.771s]         Instead, use pypa/build, pypa/installer or other
[17.771s]         standards-based tools.
[17.771s] 
[17.771s]         See https://blog.ganssle.io/articles/2021/10/setup-py-deprecated.html for details.
[17.771s]         ********************************************************************************
[17.771s] 
[17.771s] !!
[17.772s]   self.initialize_options()
[17.950s] running egg_info
[17.996s] writing keyboard_listener.egg-info/PKG-INFO
[17.997s] writing dependency_links to keyboard_listener.egg-info/dependency_links.txt
[17.998s] writing entry points to keyboard_listener.egg-info/entry_points.txt
[17.998s] writing requirements to keyboard_listener.egg-info/requires.txt
[17.999s] writing top-level names to keyboard_listener.egg-info/top_level.txt
[18.092s] reading manifest file 'keyboard_listener.egg-info/SOURCES.txt'
[18.092s] writing manifest file 'keyboard_listener.egg-info/SOURCES.txt'
[18.265s] running build_ext
[18.266s] Creating /home/cadt-02/Documents/can_test_usb/ros2_can/install/keyboard_listener/lib/python3.8/site-packages/keyboard-listener.egg-link (link to .)
[18.267s] Installing keyboard_listener script to /home/cadt-02/Documents/can_test_usb/ros2_can/install/keyboard_listener/lib/keyboard_listener
[18.269s] 
[18.270s] Installed /home/cadt-02/Documents/can_test_usb/ros2_can/build/keyboard_listener
[18.270s] running install_data
[18.271s] copying resource/keyboard_listener -> /home/cadt-02/Documents/can_test_usb/ros2_can/install/keyboard_listener/share/ament_index/resource_index/packages
[18.271s] copying package.xml -> /home/cadt-02/Documents/can_test_usb/ros2_can/install/keyboard_listener/share/keyboard_listener
[22.801s] Invoked command in '/home/cadt-02/Documents/can_test_usb/ros2_can/build/keyboard_listener' returned '0': PYTHONPATH=/home/cadt-02/Documents/can_test_usb/ros2_can/build/keyboard_listener/prefix_override:/home/cadt-02/Documents/can_test_usb/ros2_can/install/keyboard_listener/lib/python3.8/site-packages:${PYTHONPATH} /usr/bin/python3 setup.py develop --editable --build-directory /home/cadt-02/Documents/can_test_usb/ros2_can/build/keyboard_listener/build --no-deps install_data
