[17.381s] Invoking command in '/home/cadt-02/Documents/can_test_usb/ros2_can/build/keyboard_listener': NX_CONNECTION=172.23.34.154 56590 172.23.34.34 4000 PYTHONPATH=/home/cadt-02/Documents/can_test_usb/ros2_can/build/keyboard_listener/prefix_override:/home/cadt-02/Documents/can_test_usb/ros2_can/install/keyboard_listener/lib/python3.8/site-packages:${PYTHONPATH} /usr/bin/python3 setup.py develop --editable --build-directory /home/cadt-02/Documents/can_test_usb/ros2_can/build/keyboard_listener/build --no-deps install_data
[18.373s] running develop
[18.375s] /home/cadt-02/.local/lib/python3.8/site-packages/setuptools/command/develop.py:42: EasyInstallDeprecationWarning: easy_install command is deprecated.
[18.375s] !!
[18.375s] 
[18.375s]         ********************************************************************************
[18.375s]         Please avoid running ``setup.py`` and ``easy_install``.
[18.375s]         Instead, use pypa/build, pypa/installer or other
[18.376s]         standards-based tools.
[18.376s] 
[18.376s]         See https://github.com/pypa/setuptools/issues/917 for details.
[18.376s]         ********************************************************************************
[18.376s] 
[18.376s] !!
[18.376s]   easy_install.initialize_options(self)
[18.480s] /home/cadt-02/.local/lib/python3.8/site-packages/setuptools/_distutils/cmd.py:66: SetuptoolsDeprecationWarning: setup.py install is deprecated.
[18.480s] !!
[18.480s] 
[18.480s]         ********************************************************************************
[18.480s]         Please avoid running ``setup.py`` directly.
[18.481s]         Instead, use pypa/build, pypa/installer or other
[18.481s]         standards-based tools.
[18.481s] 
[18.481s]         See https://blog.ganssle.io/articles/2021/10/setup-py-deprecated.html for details.
[18.481s]         ********************************************************************************
[18.481s] 
[18.481s] !!
[18.482s]   self.initialize_options()
[19.014s] running egg_info
[19.059s] writing keyboard_listener.egg-info/PKG-INFO
[19.061s] writing dependency_links to keyboard_listener.egg-info/dependency_links.txt
[19.062s] writing entry points to keyboard_listener.egg-info/entry_points.txt
[19.062s] writing requirements to keyboard_listener.egg-info/requires.txt
[19.062s] writing top-level names to keyboard_listener.egg-info/top_level.txt
[19.164s] reading manifest file 'keyboard_listener.egg-info/SOURCES.txt'
[19.166s] writing manifest file 'keyboard_listener.egg-info/SOURCES.txt'
[19.340s] running build_ext
[19.340s] Creating /home/cadt-02/Documents/can_test_usb/ros2_can/install/keyboard_listener/lib/python3.8/site-packages/keyboard-listener.egg-link (link to .)
[19.344s] Installing keyboard_listener script to /home/cadt-02/Documents/can_test_usb/ros2_can/install/keyboard_listener/lib/keyboard_listener
[19.345s] 
[19.345s] Installed /home/cadt-02/Documents/can_test_usb/ros2_can/build/keyboard_listener
[19.346s] running install_data
[19.346s] copying resource/keyboard_listener -> /home/cadt-02/Documents/can_test_usb/ros2_can/install/keyboard_listener/share/ament_index/resource_index/packages
[19.347s] copying package.xml -> /home/cadt-02/Documents/can_test_usb/ros2_can/install/keyboard_listener/share/keyboard_listener
[24.067s] Invoked command in '/home/cadt-02/Documents/can_test_usb/ros2_can/build/keyboard_listener' returned '0': NX_CONNECTION=172.23.34.154 56590 172.23.34.34 4000 PYTHONPATH=/home/cadt-02/Documents/can_test_usb/ros2_can/build/keyboard_listener/prefix_override:/home/cadt-02/Documents/can_test_usb/ros2_can/install/keyboard_listener/lib/python3.8/site-packages:${PYTHONPATH} /usr/bin/python3 setup.py develop --editable --build-directory /home/cadt-02/Documents/can_test_usb/ros2_can/build/keyboard_listener/build --no-deps install_data
