[17.715s] Invoking command in '/home/cadt-02/Documents/can_test_usb/ros2_can/build/keyboard_listener': NX_CONNECTION=172.23.33.204 59150 172.23.34.34 4000 PYTHONPATH=/home/cadt-02/Documents/can_test_usb/ros2_can/build/keyboard_listener/prefix_override:/home/cadt-02/Documents/can_test_usb/ros2_can/install/keyboard_listener/lib/python3.8/site-packages:${PYTHONPATH} /usr/bin/python3 setup.py develop --editable --build-directory /home/cadt-02/Documents/can_test_usb/ros2_can/build/keyboard_listener/build --no-deps install_data
[18.604s] running develop
[18.605s] /home/cadt-02/.local/lib/python3.8/site-packages/setuptools/command/develop.py:42: EasyInstallDeprecationWarning: easy_install command is deprecated.
[18.605s] !!
[18.605s] 
[18.605s]         ********************************************************************************
[18.606s]         Please avoid running ``setup.py`` and ``easy_install``.
[18.606s]         Instead, use pypa/build, pypa/installer or other
[18.606s]         standards-based tools.
[18.606s] 
[18.606s]         See https://github.com/pypa/setuptools/issues/917 for details.
[18.606s]         ********************************************************************************
[18.606s] 
[18.607s] !!
[18.607s]   easy_install.initialize_options(self)
[18.696s] /home/cadt-02/.local/lib/python3.8/site-packages/setuptools/_distutils/cmd.py:66: SetuptoolsDeprecationWarning: setup.py install is deprecated.
[18.697s] !!
[18.697s] 
[18.697s]         ********************************************************************************
[18.697s]         Please avoid running ``setup.py`` directly.
[18.697s]         Instead, use pypa/build, pypa/installer or other
[18.697s]         standards-based tools.
[18.698s] 
[18.698s]         See https://blog.ganssle.io/articles/2021/10/setup-py-deprecated.html for details.
[18.698s]         ********************************************************************************
[18.698s] 
[18.698s] !!
[18.698s]   self.initialize_options()
[19.174s] running egg_info
[19.219s] writing keyboard_listener.egg-info/PKG-INFO
[19.220s] writing dependency_links to keyboard_listener.egg-info/dependency_links.txt
[19.221s] writing entry points to keyboard_listener.egg-info/entry_points.txt
[19.221s] writing requirements to keyboard_listener.egg-info/requires.txt
[19.221s] writing top-level names to keyboard_listener.egg-info/top_level.txt
[19.316s] reading manifest file 'keyboard_listener.egg-info/SOURCES.txt'
[19.319s] writing manifest file 'keyboard_listener.egg-info/SOURCES.txt'
[19.496s] running build_ext
[19.498s] Creating /home/cadt-02/Documents/can_test_usb/ros2_can/install/keyboard_listener/lib/python3.8/site-packages/keyboard-listener.egg-link (link to .)
[19.499s] Installing keyboard_listener script to /home/cadt-02/Documents/can_test_usb/ros2_can/install/keyboard_listener/lib/keyboard_listener
[19.500s] 
[19.501s] Installed /home/cadt-02/Documents/can_test_usb/ros2_can/build/keyboard_listener
[19.501s] running install_data
[19.502s] copying resource/keyboard_listener -> /home/cadt-02/Documents/can_test_usb/ros2_can/install/keyboard_listener/share/ament_index/resource_index/packages
[19.502s] copying package.xml -> /home/cadt-02/Documents/can_test_usb/ros2_can/install/keyboard_listener/share/keyboard_listener
[20.842s] Invoked command in '/home/cadt-02/Documents/can_test_usb/ros2_can/build/keyboard_listener' returned '0': NX_CONNECTION=172.23.33.204 59150 172.23.34.34 4000 PYTHONPATH=/home/cadt-02/Documents/can_test_usb/ros2_can/build/keyboard_listener/prefix_override:/home/cadt-02/Documents/can_test_usb/ros2_can/install/keyboard_listener/lib/python3.8/site-packages:${PYTHONPATH} /usr/bin/python3 setup.py develop --editable --build-directory /home/cadt-02/Documents/can_test_usb/ros2_can/build/keyboard_listener/build --no-deps install_data
