[13.411s] Invoking command in '/home/cadt-02/Documents/can_test_usb/ros2_can/build/my_package': NX_CONNECTION=172.23.33.111 57595 172.23.34.34 4000 PYTHONPATH=/home/cadt-02/Documents/can_test_usb/ros2_can/build/my_package/prefix_override:/home/cadt-02/Documents/can_test_usb/ros2_can/install/my_package/lib/python3.8/site-packages:${PYTHONPATH} /usr/bin/python3 setup.py develop --uninstall --editable --build-directory /home/cadt-02/Documents/can_test_usb/ros2_can/build/my_package/build
[13.775s] /home/cadt-02/.local/lib/python3.8/site-packages/setuptools/dist.py:476: SetuptoolsDeprecationWarning: Invalid dash-separated options
[13.775s] !!
[13.775s] 
[13.775s]         ********************************************************************************
[13.775s]         Usage of dash-separated 'build-base' will not be supported in future
[13.776s]         versions. Please use the underscore name 'build_base' instead.
[13.776s] 
[13.776s]         By 2024-Sep-26, you need to update your project and remove deprecated calls
[13.777s]         or your builds will no longer be supported.
[13.777s] 
[13.777s]         See https://setuptools.pypa.io/en/latest/userguide/declarative_config.html for details.
[13.778s]         ********************************************************************************
[13.778s] 
[13.778s] !!
[13.778s]   opt = self.warn_dash_deprecation(opt, section)
[14.268s] running develop
[14.268s] /home/cadt-02/.local/lib/python3.8/site-packages/setuptools/command/develop.py:42: EasyInstallDeprecationWarning: easy_install command is deprecated.
[14.269s] !!
[14.269s] 
[14.269s]         ********************************************************************************
[14.269s]         Please avoid running ``setup.py`` and ``easy_install``.
[14.269s]         Instead, use pypa/build, pypa/installer or other
[14.269s]         standards-based tools.
[14.269s] 
[14.270s]         See https://github.com/pypa/setuptools/issues/917 for details.
[14.270s]         ********************************************************************************
[14.270s] 
[14.270s] !!
[14.270s]   easy_install.initialize_options(self)
[14.367s] /home/cadt-02/.local/lib/python3.8/site-packages/setuptools/_distutils/cmd.py:66: SetuptoolsDeprecationWarning: setup.py install is deprecated.
[14.368s] !!
[14.368s] 
[14.368s]         ********************************************************************************
[14.368s]         Please avoid running ``setup.py`` directly.
[14.368s]         Instead, use pypa/build, pypa/installer or other
[14.368s]         standards-based tools.
[14.369s] 
[14.369s]         See https://blog.ganssle.io/articles/2021/10/setup-py-deprecated.html for details.
[14.369s]         ********************************************************************************
[14.369s] 
[14.369s] !!
[14.369s]   self.initialize_options()
[14.889s] Removing /home/cadt-02/Documents/can_test_usb/ros2_can/install/my_package/lib/python3.8/site-packages/my-package.egg-link (link to .)
[18.118s] Invoked command in '/home/cadt-02/Documents/can_test_usb/ros2_can/build/my_package' returned '0': NX_CONNECTION=172.23.33.111 57595 172.23.34.34 4000 PYTHONPATH=/home/cadt-02/Documents/can_test_usb/ros2_can/build/my_package/prefix_override:/home/cadt-02/Documents/can_test_usb/ros2_can/install/my_package/lib/python3.8/site-packages:${PYTHONPATH} /usr/bin/python3 setup.py develop --uninstall --editable --build-directory /home/cadt-02/Documents/can_test_usb/ros2_can/build/my_package/build
[18.120s] Invoking command in '/home/cadt-02/Documents/can_test_usb/ros2_can/src/my_package': NX_CONNECTION=172.23.33.111 57595 172.23.34.34 4000 PYTHONPATH=/home/cadt-02/Documents/can_test_usb/ros2_can/build/my_package/prefix_override:/home/cadt-02/Documents/can_test_usb/ros2_can/install/my_package/lib/python3.8/site-packages:${PYTHONPATH} /usr/bin/python3 setup.py egg_info --egg-base ../../build/my_package build --build-base /home/cadt-02/Documents/can_test_usb/ros2_can/build/my_package/build install --record /home/cadt-02/Documents/can_test_usb/ros2_can/build/my_package/install.log --single-version-externally-managed
[20.690s] /home/cadt-02/.local/lib/python3.8/site-packages/setuptools/dist.py:476: SetuptoolsDeprecationWarning: Invalid dash-separated options
[20.692s] !!
[20.695s] 
[20.696s]         ********************************************************************************
[20.696s]         Usage of dash-separated 'build-base' will not be supported in future
[20.701s]         versions. Please use the underscore name 'build_base' instead.
[20.702s] 
[20.702s]         By 2024-Sep-26, you need to update your project and remove deprecated calls
[20.702s]         or your builds will no longer be supported.
[20.702s] 
[20.703s]         See https://setuptools.pypa.io/en/latest/userguide/declarative_config.html for details.
[20.703s]         ********************************************************************************
[20.703s] 
[20.703s] !!
[20.703s]   opt = self.warn_dash_deprecation(opt, section)
[20.703s] /home/cadt-02/.local/lib/python3.8/site-packages/setuptools/_distutils/cmd.py:66: SetuptoolsDeprecationWarning: setup.py install is deprecated.
[20.703s] !!
[20.704s] 
[20.704s]         ********************************************************************************
[20.704s]         Please avoid running ``setup.py`` directly.
[20.704s]         Instead, use pypa/build, pypa/installer or other
[20.704s]         standards-based tools.
[20.704s] 
[20.704s]         See https://blog.ganssle.io/articles/2021/10/setup-py-deprecated.html for details.
[20.705s]         ********************************************************************************
[20.705s] 
[20.705s] !!
[20.705s]   self.initialize_options()
[20.737s] running egg_info
[20.737s] writing ../../build/my_package/my_package.egg-info/PKG-INFO
[20.737s] writing dependency_links to ../../build/my_package/my_package.egg-info/dependency_links.txt
[20.737s] writing entry points to ../../build/my_package/my_package.egg-info/entry_points.txt
[20.738s] writing requirements to ../../build/my_package/my_package.egg-info/requires.txt
[20.738s] writing top-level names to ../../build/my_package/my_package.egg-info/top_level.txt
[20.738s] reading manifest file '../../build/my_package/my_package.egg-info/SOURCES.txt'
[20.738s] writing manifest file '../../build/my_package/my_package.egg-info/SOURCES.txt'
[20.738s] running build
[20.738s] running build_py
[20.738s] copying my_package/reinforcement_r2.py -> /home/cadt-02/Documents/can_test_usb/ros2_can/build/my_package/build/lib/my_package
[20.739s] copying my_package/live_detection_node.py -> /home/cadt-02/Documents/can_test_usb/ros2_can/build/my_package/build/lib/my_package
[20.739s] copying my_package/__init__.py -> /home/cadt-02/Documents/can_test_usb/ros2_can/build/my_package/build/lib/my_package
[20.739s] copying my_package/main.py -> /home/cadt-02/Documents/can_test_usb/ros2_can/build/my_package/build/lib/my_package
[20.739s] running install
[20.739s] running install_lib
[20.739s] creating /home/cadt-02/Documents/can_test_usb/ros2_can/install/my_package/lib/python3.8/site-packages/my_package
[20.739s] copying /home/cadt-02/Documents/can_test_usb/ros2_can/build/my_package/build/lib/my_package/reinforcement_r2.py -> /home/cadt-02/Documents/can_test_usb/ros2_can/install/my_package/lib/python3.8/site-packages/my_package
[20.739s] copying /home/cadt-02/Documents/can_test_usb/ros2_can/build/my_package/build/lib/my_package/live_detection_node.py -> /home/cadt-02/Documents/can_test_usb/ros2_can/install/my_package/lib/python3.8/site-packages/my_package
[20.740s] copying /home/cadt-02/Documents/can_test_usb/ros2_can/build/my_package/build/lib/my_package/__init__.py -> /home/cadt-02/Documents/can_test_usb/ros2_can/install/my_package/lib/python3.8/site-packages/my_package
[20.740s] copying /home/cadt-02/Documents/can_test_usb/ros2_can/build/my_package/build/lib/my_package/main.py -> /home/cadt-02/Documents/can_test_usb/ros2_can/install/my_package/lib/python3.8/site-packages/my_package
[20.740s] byte-compiling /home/cadt-02/Documents/can_test_usb/ros2_can/install/my_package/lib/python3.8/site-packages/my_package/reinforcement_r2.py to reinforcement_r2.cpython-38.pyc
[20.740s] byte-compiling /home/cadt-02/Documents/can_test_usb/ros2_can/install/my_package/lib/python3.8/site-packages/my_package/live_detection_node.py to live_detection_node.cpython-38.pyc
[20.740s] byte-compiling /home/cadt-02/Documents/can_test_usb/ros2_can/install/my_package/lib/python3.8/site-packages/my_package/__init__.py to __init__.cpython-38.pyc
[20.740s] byte-compiling /home/cadt-02/Documents/can_test_usb/ros2_can/install/my_package/lib/python3.8/site-packages/my_package/main.py to main.cpython-38.pyc
[20.740s] running install_data
[20.741s] copying resource/my_package -> /home/cadt-02/Documents/can_test_usb/ros2_can/install/my_package/share/ament_index/resource_index/packages
[20.741s] copying package.xml -> /home/cadt-02/Documents/can_test_usb/ros2_can/install/my_package/share/my_package
[20.741s] running install_egg_info
[20.741s] Copying ../../build/my_package/my_package.egg-info to /home/cadt-02/Documents/can_test_usb/ros2_can/install/my_package/lib/python3.8/site-packages/my_package-0.0.0-py3.8.egg-info
[20.741s] running install_scripts
[20.741s] Installing live_detection_node script to /home/cadt-02/Documents/can_test_usb/ros2_can/install/my_package/lib/my_package
[20.755s] Installing main script to /home/cadt-02/Documents/can_test_usb/ros2_can/install/my_package/lib/my_package
[20.755s] Installing my_node script to /home/cadt-02/Documents/can_test_usb/ros2_can/install/my_package/lib/my_package
[20.755s] Installing reinforcement_r2 script to /home/cadt-02/Documents/can_test_usb/ros2_can/install/my_package/lib/my_package
[20.755s] writing list of installed files to '/home/cadt-02/Documents/can_test_usb/ros2_can/build/my_package/install.log'
[22.254s] Invoked command in '/home/cadt-02/Documents/can_test_usb/ros2_can/src/my_package' returned '0': NX_CONNECTION=172.23.33.111 57595 172.23.34.34 4000 PYTHONPATH=/home/cadt-02/Documents/can_test_usb/ros2_can/build/my_package/prefix_override:/home/cadt-02/Documents/can_test_usb/ros2_can/install/my_package/lib/python3.8/site-packages:${PYTHONPATH} /usr/bin/python3 setup.py egg_info --egg-base ../../build/my_package build --build-base /home/cadt-02/Documents/can_test_usb/ros2_can/build/my_package/build install --record /home/cadt-02/Documents/can_test_usb/ros2_can/build/my_package/install.log --single-version-externally-managed
