[18.898s] Invoking command in '/home/cadt-02/Documents/can_test_usb/ros2_can/build/auto_r2': NX_CONNECTION=172.23.34.154 56590 172.23.34.34 4000 PYTHONPATH=/home/cadt-02/Documents/can_test_usb/ros2_can/build/auto_r2/prefix_override:/home/cadt-02/Documents/can_test_usb/ros2_can/install/auto_r2/lib/python3.8/site-packages:${PYTHONPATH} /usr/bin/python3 setup.py develop --editable --build-directory /home/cadt-02/Documents/can_test_usb/ros2_can/build/auto_r2/build --no-deps install_data
[19.298s] /home/cadt-02/.local/lib/python3.8/site-packages/setuptools/dist.py:476: SetuptoolsDeprecationWarning: Invalid dash-separated options
[19.299s] !!
[19.299s] 
[19.299s]         ********************************************************************************
[19.299s]         Usage of dash-separated 'script-dir' will not be supported in future
[19.300s]         versions. Please use the underscore name 'script_dir' instead.
[19.300s] 
[19.300s]         By 2024-Sep-26, you need to update your project and remove deprecated calls
[19.300s]         or your builds will no longer be supported.
[19.300s] 
[19.300s]         See https://setuptools.pypa.io/en/latest/userguide/declarative_config.html for details.
[19.300s]         ********************************************************************************
[19.300s] 
[19.301s] !!
[19.301s]   opt = self.warn_dash_deprecation(opt, section)
[19.869s] running develop
[19.870s] /home/cadt-02/.local/lib/python3.8/site-packages/setuptools/command/develop.py:42: EasyInstallDeprecationWarning: easy_install command is deprecated.
[19.870s] !!
[19.870s] 
[19.870s]         ********************************************************************************
[19.871s]         Please avoid running ``setup.py`` and ``easy_install``.
[19.871s]         Instead, use pypa/build, pypa/installer or other
[19.871s]         standards-based tools.
[19.871s] 
[19.871s]         See https://github.com/pypa/setuptools/issues/917 for details.
[19.871s]         ********************************************************************************
[19.871s] 
[19.871s] !!
[19.872s]   easy_install.initialize_options(self)
[19.980s] /home/cadt-02/.local/lib/python3.8/site-packages/setuptools/_distutils/cmd.py:66: SetuptoolsDeprecationWarning: setup.py install is deprecated.
[19.980s] !!
[19.980s] 
[19.980s]         ********************************************************************************
[19.980s]         Please avoid running ``setup.py`` directly.
[19.981s]         Instead, use pypa/build, pypa/installer or other
[19.981s]         standards-based tools.
[19.981s] 
[19.981s]         See https://blog.ganssle.io/articles/2021/10/setup-py-deprecated.html for details.
[19.981s]         ********************************************************************************
[19.981s] 
[19.981s] !!
[19.982s]   self.initialize_options()
[20.552s] running egg_info
[20.613s] writing auto_r2.egg-info/PKG-INFO
[20.613s] writing dependency_links to auto_r2.egg-info/dependency_links.txt
[20.614s] writing entry points to auto_r2.egg-info/entry_points.txt
[20.617s] writing requirements to auto_r2.egg-info/requires.txt
[20.619s] writing top-level names to auto_r2.egg-info/top_level.txt
[20.770s] reading manifest file 'auto_r2.egg-info/SOURCES.txt'
[20.775s] writing manifest file 'auto_r2.egg-info/SOURCES.txt'
[21.042s] running build_ext
[21.042s] Creating /home/cadt-02/Documents/can_test_usb/ros2_can/install/auto_r2/lib/python3.8/site-packages/auto-r2.egg-link (link to .)
[21.045s] Installing auto_r2 script to /home/cadt-02/Documents/can_test_usb/ros2_can/install/auto_r2/lib/auto_r2
[21.046s] 
[21.047s] Installed /home/cadt-02/Documents/can_test_usb/ros2_can/build/auto_r2
[21.048s] running install_data
[21.048s] copying resource/auto_r2 -> /home/cadt-02/Documents/can_test_usb/ros2_can/install/auto_r2/share/ament_index/resource_index/packages
[21.049s] copying package.xml -> /home/cadt-02/Documents/can_test_usb/ros2_can/install/auto_r2/share/auto_r2
[28.995s] Invoked command in '/home/cadt-02/Documents/can_test_usb/ros2_can/build/auto_r2' returned '0': NX_CONNECTION=172.23.34.154 56590 172.23.34.34 4000 PYTHONPATH=/home/cadt-02/Documents/can_test_usb/ros2_can/build/auto_r2/prefix_override:/home/cadt-02/Documents/can_test_usb/ros2_can/install/auto_r2/lib/python3.8/site-packages:${PYTHONPATH} /usr/bin/python3 setup.py develop --editable --build-directory /home/cadt-02/Documents/can_test_usb/ros2_can/build/auto_r2/build --no-deps install_data
