[20.120s] Invoking command in '/home/cadt-02/Documents/can_test_usb/ros2_can/build/odometry_cont': NX_CONNECTION=172.23.34.154 56590 172.23.34.34 4000 PYTHONPATH=/home/cadt-02/Documents/can_test_usb/ros2_can/build/odometry_cont/prefix_override:/home/cadt-02/Documents/can_test_usb/ros2_can/install/odometry_cont/lib/python3.8/site-packages:${PYTHONPATH} /usr/bin/python3 setup.py develop --editable --build-directory /home/cadt-02/Documents/can_test_usb/ros2_can/build/odometry_cont/build --no-deps install_data
[20.591s] /home/cadt-02/.local/lib/python3.8/site-packages/setuptools/dist.py:476: SetuptoolsDeprecationWarning: Invalid dash-separated options
[20.593s] !!
[20.593s] 
[20.593s]         ********************************************************************************
[20.595s]         Usage of dash-separated 'script-dir' will not be supported in future
[20.595s]         versions. Please use the underscore name 'script_dir' instead.
[20.595s] 
[20.595s]         By 2024-Sep-26, you need to update your project and remove deprecated calls
[20.595s]         or your builds will no longer be supported.
[20.595s] 
[20.596s]         See https://setuptools.pypa.io/en/latest/userguide/declarative_config.html for details.
[20.596s]         ********************************************************************************
[20.596s] 
[20.596s] !!
[20.596s]   opt = self.warn_dash_deprecation(opt, section)
[21.185s] running develop
[21.187s] /home/cadt-02/.local/lib/python3.8/site-packages/setuptools/command/develop.py:42: EasyInstallDeprecationWarning: easy_install command is deprecated.
[21.189s] !!
[21.189s] 
[21.189s]         ********************************************************************************
[21.191s]         Please avoid running ``setup.py`` and ``easy_install``.
[21.191s]         Instead, use pypa/build, pypa/installer or other
[21.191s]         standards-based tools.
[21.191s] 
[21.192s]         See https://github.com/pypa/setuptools/issues/917 for details.
[21.192s]         ********************************************************************************
[21.192s] 
[21.192s] !!
[21.192s]   easy_install.initialize_options(self)
[21.324s] /home/cadt-02/.local/lib/python3.8/site-packages/setuptools/_distutils/cmd.py:66: SetuptoolsDeprecationWarning: setup.py install is deprecated.
[21.326s] !!
[21.327s] 
[21.328s]         ********************************************************************************
[21.329s]         Please avoid running ``setup.py`` directly.
[21.330s]         Instead, use pypa/build, pypa/installer or other
[21.331s]         standards-based tools.
[21.331s] 
[21.332s]         See https://blog.ganssle.io/articles/2021/10/setup-py-deprecated.html for details.
[21.333s]         ********************************************************************************
[21.334s] 
[21.336s] !!
[21.337s]   self.initialize_options()
[22.038s] running egg_info
[22.171s] writing odometry_cont.egg-info/PKG-INFO
[22.172s] writing dependency_links to odometry_cont.egg-info/dependency_links.txt
[22.173s] writing entry points to odometry_cont.egg-info/entry_points.txt
[22.173s] writing requirements to odometry_cont.egg-info/requires.txt
[22.174s] writing top-level names to odometry_cont.egg-info/top_level.txt
[22.413s] reading manifest file 'odometry_cont.egg-info/SOURCES.txt'
[22.425s] writing manifest file 'odometry_cont.egg-info/SOURCES.txt'
[22.937s] running build_ext
[22.937s] Creating /home/cadt-02/Documents/can_test_usb/ros2_can/install/odometry_cont/lib/python3.8/site-packages/odometry-cont.egg-link (link to .)
[22.937s] Installing odometry_cont script to /home/cadt-02/Documents/can_test_usb/ros2_can/install/odometry_cont/lib/odometry_cont
[22.937s] 
[22.947s] Installed /home/cadt-02/Documents/can_test_usb/ros2_can/build/odometry_cont
[22.947s] running install_data
[22.947s] copying resource/odometry_cont -> /home/cadt-02/Documents/can_test_usb/ros2_can/install/odometry_cont/share/ament_index/resource_index/packages
[22.948s] copying package.xml -> /home/cadt-02/Documents/can_test_usb/ros2_can/install/odometry_cont/share/odometry_cont
[26.967s] Invoked command in '/home/cadt-02/Documents/can_test_usb/ros2_can/build/odometry_cont' returned '0': NX_CONNECTION=172.23.34.154 56590 172.23.34.34 4000 PYTHONPATH=/home/cadt-02/Documents/can_test_usb/ros2_can/build/odometry_cont/prefix_override:/home/cadt-02/Documents/can_test_usb/ros2_can/install/odometry_cont/lib/python3.8/site-packages:${PYTHONPATH} /usr/bin/python3 setup.py develop --editable --build-directory /home/cadt-02/Documents/can_test_usb/ros2_can/build/odometry_cont/build --no-deps install_data
