[18.493s] Invoking command in '/home/cadt-02/Documents/can_test_usb/ros2_can/build/auto_r2': PYTHONPATH=/home/cadt-02/Documents/can_test_usb/ros2_can/build/auto_r2/prefix_override:/home/cadt-02/Documents/can_test_usb/ros2_can/install/auto_r2/lib/python3.8/site-packages:${PYTHONPATH} /usr/bin/python3 setup.py develop --editable --build-directory /home/cadt-02/Documents/can_test_usb/ros2_can/build/auto_r2/build --no-deps install_data
[18.890s] /home/cadt-02/.local/lib/python3.8/site-packages/setuptools/dist.py:476: SetuptoolsDeprecationWarning: Invalid dash-separated options
[18.891s] !!
[18.891s] 
[18.891s]         ********************************************************************************
[18.891s]         Usage of dash-separated 'script-dir' will not be supported in future
[18.891s]         versions. Please use the underscore name 'script_dir' instead.
[18.891s] 
[18.892s]         By 2024-Sep-26, you need to update your project and remove deprecated calls
[18.892s]         or your builds will no longer be supported.
[18.892s] 
[18.892s]         See https://setuptools.pypa.io/en/latest/userguide/declarative_config.html for details.
[18.892s]         ********************************************************************************
[18.892s] 
[18.892s] !!
[18.893s]   opt = self.warn_dash_deprecation(opt, section)
[19.481s] running develop
[19.482s] /home/cadt-02/.local/lib/python3.8/site-packages/setuptools/command/develop.py:42: EasyInstallDeprecationWarning: easy_install command is deprecated.
[19.482s] !!
[19.482s] 
[19.482s]         ********************************************************************************
[19.482s]         Please avoid running ``setup.py`` and ``easy_install``.
[19.483s]         Instead, use pypa/build, pypa/installer or other
[19.483s]         standards-based tools.
[19.483s] 
[19.483s]         See https://github.com/pypa/setuptools/issues/917 for details.
[19.483s]         ********************************************************************************
[19.483s] 
[19.483s] !!
[19.484s]   easy_install.initialize_options(self)
[19.592s] /home/cadt-02/.local/lib/python3.8/site-packages/setuptools/_distutils/cmd.py:66: SetuptoolsDeprecationWarning: setup.py install is deprecated.
[19.593s] !!
[19.593s] 
[19.593s]         ********************************************************************************
[19.593s]         Please avoid running ``setup.py`` directly.
[19.593s]         Instead, use pypa/build, pypa/installer or other
[19.593s]         standards-based tools.
[19.594s] 
[19.594s]         See https://blog.ganssle.io/articles/2021/10/setup-py-deprecated.html for details.
[19.594s]         ********************************************************************************
[19.594s] 
[19.594s] !!
[19.594s]   self.initialize_options()
[20.126s] running egg_info
[20.181s] writing auto_r2.egg-info/PKG-INFO
[20.184s] writing dependency_links to auto_r2.egg-info/dependency_links.txt
[20.186s] writing entry points to auto_r2.egg-info/entry_points.txt
[20.188s] writing requirements to auto_r2.egg-info/requires.txt
[20.190s] writing top-level names to auto_r2.egg-info/top_level.txt
[20.297s] reading manifest file 'auto_r2.egg-info/SOURCES.txt'
[20.299s] writing manifest file 'auto_r2.egg-info/SOURCES.txt'
[20.501s] running build_ext
[20.502s] Creating /home/cadt-02/Documents/can_test_usb/ros2_can/install/auto_r2/lib/python3.8/site-packages/auto-r2.egg-link (link to .)
[20.503s] Installing auto_r2 script to /home/cadt-02/Documents/can_test_usb/ros2_can/install/auto_r2/lib/auto_r2
[20.503s] 
[20.504s] Installed /home/cadt-02/Documents/can_test_usb/ros2_can/build/auto_r2
[20.504s] running install_data
[20.504s] copying resource/auto_r2 -> /home/cadt-02/Documents/can_test_usb/ros2_can/install/auto_r2/share/ament_index/resource_index/packages
[20.504s] copying package.xml -> /home/cadt-02/Documents/can_test_usb/ros2_can/install/auto_r2/share/auto_r2
[27.029s] Invoked command in '/home/cadt-02/Documents/can_test_usb/ros2_can/build/auto_r2' returned '0': PYTHONPATH=/home/cadt-02/Documents/can_test_usb/ros2_can/build/auto_r2/prefix_override:/home/cadt-02/Documents/can_test_usb/ros2_can/install/auto_r2/lib/python3.8/site-packages:${PYTHONPATH} /usr/bin/python3 setup.py develop --editable --build-directory /home/cadt-02/Documents/can_test_usb/ros2_can/build/auto_r2/build --no-deps install_data
