[17.108s] Invoking command in '/home/cadt-02/Documents/can_test_usb/ros2_can/build/odometry_cont': PYTHONPATH=/home/cadt-02/Documents/can_test_usb/ros2_can/build/odometry_cont/prefix_override:/home/cadt-02/Documents/can_test_usb/ros2_can/install/odometry_cont/lib/python3.8/site-packages:${PYTHONPATH} /usr/bin/python3 setup.py develop --editable --build-directory /home/cadt-02/Documents/can_test_usb/ros2_can/build/odometry_cont/build --no-deps install_data
[17.469s] /home/cadt-02/.local/lib/python3.8/site-packages/setuptools/dist.py:476: SetuptoolsDeprecationWarning: Invalid dash-separated options
[17.469s] !!
[17.469s] 
[17.470s]         ********************************************************************************
[17.470s]         Usage of dash-separated 'script-dir' will not be supported in future
[17.470s]         versions. Please use the underscore name 'script_dir' instead.
[17.470s] 
[17.470s]         By 2024-Sep-26, you need to update your project and remove deprecated calls
[17.470s]         or your builds will no longer be supported.
[17.471s] 
[17.471s]         See https://setuptools.pypa.io/en/latest/userguide/declarative_config.html for details.
[17.471s]         ********************************************************************************
[17.471s] 
[17.471s] !!
[17.471s]   opt = self.warn_dash_deprecation(opt, section)
[17.980s] running develop
[17.980s] /home/cadt-02/.local/lib/python3.8/site-packages/setuptools/command/develop.py:42: EasyInstallDeprecationWarning: easy_install command is deprecated.
[17.981s] !!
[17.981s] 
[17.981s]         ********************************************************************************
[17.982s]         Please avoid running ``setup.py`` and ``easy_install``.
[17.982s]         Instead, use pypa/build, pypa/installer or other
[17.982s]         standards-based tools.
[17.982s] 
[17.983s]         See https://github.com/pypa/setuptools/issues/917 for details.
[17.983s]         ********************************************************************************
[17.983s] 
[17.983s] !!
[17.984s]   easy_install.initialize_options(self)
[18.072s] /home/cadt-02/.local/lib/python3.8/site-packages/setuptools/_distutils/cmd.py:66: SetuptoolsDeprecationWarning: setup.py install is deprecated.
[18.073s] !!
[18.073s] 
[18.073s]         ********************************************************************************
[18.074s]         Please avoid running ``setup.py`` directly.
[18.074s]         Instead, use pypa/build, pypa/installer or other
[18.074s]         standards-based tools.
[18.074s] 
[18.075s]         See https://blog.ganssle.io/articles/2021/10/setup-py-deprecated.html for details.
[18.075s]         ********************************************************************************
[18.075s] 
[18.075s] !!
[18.076s]   self.initialize_options()
[18.549s] running egg_info
[18.592s] writing odometry_cont.egg-info/PKG-INFO
[18.593s] writing dependency_links to odometry_cont.egg-info/dependency_links.txt
[18.594s] writing entry points to odometry_cont.egg-info/entry_points.txt
[18.594s] writing requirements to odometry_cont.egg-info/requires.txt
[18.595s] writing top-level names to odometry_cont.egg-info/top_level.txt
[18.689s] reading manifest file 'odometry_cont.egg-info/SOURCES.txt'
[18.691s] writing manifest file 'odometry_cont.egg-info/SOURCES.txt'
[18.854s] running build_ext
[18.854s] Creating /home/cadt-02/Documents/can_test_usb/ros2_can/install/odometry_cont/lib/python3.8/site-packages/odometry-cont.egg-link (link to .)
[18.856s] Installing odometry_cont script to /home/cadt-02/Documents/can_test_usb/ros2_can/install/odometry_cont/lib/odometry_cont
[18.857s] 
[18.857s] Installed /home/cadt-02/Documents/can_test_usb/ros2_can/build/odometry_cont
[18.857s] running install_data
[18.858s] copying resource/odometry_cont -> /home/cadt-02/Documents/can_test_usb/ros2_can/install/odometry_cont/share/ament_index/resource_index/packages
[18.858s] copying package.xml -> /home/cadt-02/Documents/can_test_usb/ros2_can/install/odometry_cont/share/odometry_cont
[18.991s] Invoked command in '/home/cadt-02/Documents/can_test_usb/ros2_can/build/odometry_cont' returned '0': PYTHONPATH=/home/cadt-02/Documents/can_test_usb/ros2_can/build/odometry_cont/prefix_override:/home/cadt-02/Documents/can_test_usb/ros2_can/install/odometry_cont/lib/python3.8/site-packages:${PYTHONPATH} /usr/bin/python3 setup.py develop --editable --build-directory /home/cadt-02/Documents/can_test_usb/ros2_can/build/odometry_cont/build --no-deps install_data
