[9.862s] Invoking command in '/home/cadt-02/Documents/can_test_usb/ros2_can/build/keyboard_publisher': LD_LIBRARY_PATH=/home/cadt-02/Documents/can_test_usb/ros2_can/install/cadt02_interfaces/lib:/opt/ros/foxy/opt/yaml_cpp_vendor/lib:/opt/ros/foxy/opt/rviz_ogre_vendor/lib:/opt/ros/foxy/lib/aarch64-linux-gnu:/opt/ros/foxy/lib:/usr/local/cuda-11.4/lib64 NX_CONNECTION=172.23.34.154 56590 172.23.34.34 4000 PYTHONPATH=/home/cadt-02/Documents/can_test_usb/ros2_can/build/keyboard_publisher/prefix_override:/home/cadt-02/Documents/can_test_usb/ros2_can/install/keyboard_publisher/lib/python3.8/site-packages:/home/cadt-02/Documents/can_test_usb/ros2_can/install/cadt02_interfaces/lib/python3.8/site-packages:/home/cadt-02/Documents/can_test_usb/ros2_can/build/ros_imu:/home/cadt-02/Documents/can_test_usb/ros2_can/install/ros_imu/lib/python3.8/site-packages:/home/cadt-02/Documents/can_test_usb/ros2_can/build/position_control:/home/cadt-02/Documents/can_test_usb/ros2_can/install/position_control/lib/python3.8/site-packages:/home/cadt-02/Documents/can_test_usb/ros2_can/build/odometry_cont:/home/cadt-02/Documents/can_test_usb/ros2_can/install/odometry_cont/lib/python3.8/site-packages:/home/cadt-02/Documents/can_test_usb/ros2_can/build/odometry:/home/cadt-02/Documents/can_test_usb/ros2_can/install/odometry/lib/python3.8/site-packages:/home/cadt-02/Documents/can_test_usb/ros2_can/build/my_robot:/home/cadt-02/Documents/can_test_usb/ros2_can/install/my_robot/lib/python3.8/site-packages:/home/cadt-02/Documents/can_test_usb/ros2_can/build/my_package:/home/cadt-02/Documents/can_test_usb/ros2_can/install/my_package/lib/python3.8/site-packages:/home/cadt-02/Documents/can_test_usb/ros2_can/build/movement:/home/cadt-02/Documents/can_test_usb/ros2_can/install/movement/lib/python3.8/site-packages:/home/cadt-02/Documents/can_test_usb/ros2_can/build/keyboard_publisher:/home/cadt-02/Documents/can_test_usb/ros2_can/install/keyboard_publisher/lib/python3.8/site-packages:/home/cadt-02/Documents/can_test_usb/ros2_can/build/keyboard_listener:/home/cadt-02/Documents/can_test_usb/ros2_can/install/keyboard_listener/lib/python3.8/site-packages:/home/cadt-02/Documents/can_test_usb/ros2_can/build/auto_r2:/home/cadt-02/Documents/can_test_usb/ros2_can/install/auto_r2/lib/python3.8/site-packages:/home/cadt-02/Documents/can_test_usb/ros2_can/build/auto_node:/home/cadt-02/Documents/can_test_usb/ros2_can/install/auto_node/lib/python3.8/site-packages:/opt/ros/foxy/lib/python3.8/site-packages /usr/bin/python3 setup.py develop --editable --build-directory /home/cadt-02/Documents/can_test_usb/ros2_can/build/keyboard_publisher/build --no-deps install_data
[10.283s] /home/cadt-02/.local/lib/python3.8/site-packages/setuptools/dist.py:476: SetuptoolsDeprecationWarning: Invalid dash-separated options
[10.284s] !!
[10.286s] 
[10.287s]         ********************************************************************************
[10.288s]         Usage of dash-separated 'script-dir' will not be supported in future
[10.289s]         versions. Please use the underscore name 'script_dir' instead.
[10.289s] 
[10.289s]         By 2024-Sep-26, you need to update your project and remove deprecated calls
[10.289s]         or your builds will no longer be supported.
[10.290s] 
[10.290s]         See https://setuptools.pypa.io/en/latest/userguide/declarative_config.html for details.
[10.290s]         ********************************************************************************
[10.291s] 
[10.291s] !!
[10.291s]   opt = self.warn_dash_deprecation(opt, section)
[10.851s] running develop
[10.851s] /home/cadt-02/.local/lib/python3.8/site-packages/setuptools/command/develop.py:42: EasyInstallDeprecationWarning: easy_install command is deprecated.
[10.852s] !!
[10.852s] 
[10.852s]         ********************************************************************************
[10.852s]         Please avoid running ``setup.py`` and ``easy_install``.
[10.852s]         Instead, use pypa/build, pypa/installer or other
[10.852s]         standards-based tools.
[10.852s] 
[10.853s]         See https://github.com/pypa/setuptools/issues/917 for details.
[10.853s]         ********************************************************************************
[10.853s] 
[10.853s] !!
[10.853s]   easy_install.initialize_options(self)
[10.952s] /home/cadt-02/.local/lib/python3.8/site-packages/setuptools/_distutils/cmd.py:66: SetuptoolsDeprecationWarning: setup.py install is deprecated.
[10.953s] !!
[10.953s] 
[10.953s]         ********************************************************************************
[10.953s]         Please avoid running ``setup.py`` directly.
[10.953s]         Instead, use pypa/build, pypa/installer or other
[10.953s]         standards-based tools.
[10.957s] 
[10.957s]         See https://blog.ganssle.io/articles/2021/10/setup-py-deprecated.html for details.
[10.957s]         ********************************************************************************
[10.958s] 
[10.958s] !!
[10.958s]   self.initialize_options()
[11.462s] running egg_info
[11.508s] writing keyboard_publisher.egg-info/PKG-INFO
[11.511s] writing dependency_links to keyboard_publisher.egg-info/dependency_links.txt
[11.513s] writing entry points to keyboard_publisher.egg-info/entry_points.txt
[11.514s] writing requirements to keyboard_publisher.egg-info/requires.txt
[11.515s] writing top-level names to keyboard_publisher.egg-info/top_level.txt
[11.619s] reading manifest file 'keyboard_publisher.egg-info/SOURCES.txt'
[11.623s] writing manifest file 'keyboard_publisher.egg-info/SOURCES.txt'
[11.804s] running build_ext
[11.808s] Creating /home/cadt-02/Documents/can_test_usb/ros2_can/install/keyboard_publisher/lib/python3.8/site-packages/keyboard-publisher.egg-link (link to .)
[11.812s] Installing keyboard_publisher script to /home/cadt-02/Documents/can_test_usb/ros2_can/install/keyboard_publisher/lib/keyboard_publisher
[11.816s] 
[11.817s] Installed /home/cadt-02/Documents/can_test_usb/ros2_can/build/keyboard_publisher
[11.818s] running install_data
[11.820s] copying resource/keyboard_publisher -> /home/cadt-02/Documents/can_test_usb/ros2_can/install/keyboard_publisher/share/ament_index/resource_index/packages
[11.822s] copying package.xml -> /home/cadt-02/Documents/can_test_usb/ros2_can/install/keyboard_publisher/share/keyboard_publisher
[14.551s] Invoked command in '/home/cadt-02/Documents/can_test_usb/ros2_can/build/keyboard_publisher' returned '0': LD_LIBRARY_PATH=/home/cadt-02/Documents/can_test_usb/ros2_can/install/cadt02_interfaces/lib:/opt/ros/foxy/opt/yaml_cpp_vendor/lib:/opt/ros/foxy/opt/rviz_ogre_vendor/lib:/opt/ros/foxy/lib/aarch64-linux-gnu:/opt/ros/foxy/lib:/usr/local/cuda-11.4/lib64 NX_CONNECTION=172.23.34.154 56590 172.23.34.34 4000 PYTHONPATH=/home/cadt-02/Documents/can_test_usb/ros2_can/build/keyboard_publisher/prefix_override:/home/cadt-02/Documents/can_test_usb/ros2_can/install/keyboard_publisher/lib/python3.8/site-packages:/home/cadt-02/Documents/can_test_usb/ros2_can/install/cadt02_interfaces/lib/python3.8/site-packages:/home/cadt-02/Documents/can_test_usb/ros2_can/build/ros_imu:/home/cadt-02/Documents/can_test_usb/ros2_can/install/ros_imu/lib/python3.8/site-packages:/home/cadt-02/Documents/can_test_usb/ros2_can/build/position_control:/home/cadt-02/Documents/can_test_usb/ros2_can/install/position_control/lib/python3.8/site-packages:/home/cadt-02/Documents/can_test_usb/ros2_can/build/odometry_cont:/home/cadt-02/Documents/can_test_usb/ros2_can/install/odometry_cont/lib/python3.8/site-packages:/home/cadt-02/Documents/can_test_usb/ros2_can/build/odometry:/home/cadt-02/Documents/can_test_usb/ros2_can/install/odometry/lib/python3.8/site-packages:/home/cadt-02/Documents/can_test_usb/ros2_can/build/my_robot:/home/cadt-02/Documents/can_test_usb/ros2_can/install/my_robot/lib/python3.8/site-packages:/home/cadt-02/Documents/can_test_usb/ros2_can/build/my_package:/home/cadt-02/Documents/can_test_usb/ros2_can/install/my_package/lib/python3.8/site-packages:/home/cadt-02/Documents/can_test_usb/ros2_can/build/movement:/home/cadt-02/Documents/can_test_usb/ros2_can/install/movement/lib/python3.8/site-packages:/home/cadt-02/Documents/can_test_usb/ros2_can/build/keyboard_publisher:/home/cadt-02/Documents/can_test_usb/ros2_can/install/keyboard_publisher/lib/python3.8/site-packages:/home/cadt-02/Documents/can_test_usb/ros2_can/build/keyboard_listener:/home/cadt-02/Documents/can_test_usb/ros2_can/install/keyboard_listener/lib/python3.8/site-packages:/home/cadt-02/Documents/can_test_usb/ros2_can/build/auto_r2:/home/cadt-02/Documents/can_test_usb/ros2_can/install/auto_r2/lib/python3.8/site-packages:/home/cadt-02/Documents/can_test_usb/ros2_can/build/auto_node:/home/cadt-02/Documents/can_test_usb/ros2_can/install/auto_node/lib/python3.8/site-packages:/opt/ros/foxy/lib/python3.8/site-packages /usr/bin/python3 setup.py develop --editable --build-directory /home/cadt-02/Documents/can_test_usb/ros2_can/build/keyboard_publisher/build --no-deps install_data
