[12.163s] Invoking command in '/home/cadt-02/Documents/can_test_usb/ros2_can/build/my_robot': PYTHONPATH=/home/cadt-02/Documents/can_test_usb/ros2_can/build/my_robot/prefix_override:/home/cadt-02/Documents/can_test_usb/ros2_can/install/my_robot/lib/python3.8/site-packages:${PYTHONPATH} /usr/bin/python3 setup.py develop --editable --build-directory /home/cadt-02/Documents/can_test_usb/ros2_can/build/my_robot/build --no-deps install_data
[13.718s] /home/cadt-02/.local/lib/python3.8/site-packages/setuptools/dist.py:476: SetuptoolsDeprecationWarning: Invalid dash-separated options
[13.718s] !!
[13.718s] 
[13.718s]         ********************************************************************************
[13.718s]         Usage of dash-separated 'script-dir' will not be supported in future
[13.718s]         versions. Please use the underscore name 'script_dir' instead.
[13.719s] 
[13.719s]         By 2024-Sep-26, you need to update your project and remove deprecated calls
[13.719s]         or your builds will no longer be supported.
[13.719s] 
[13.719s]         See https://setuptools.pypa.io/en/latest/userguide/declarative_config.html for details.
[13.720s]         ********************************************************************************
[13.720s] 
[13.720s] !!
[13.720s]   opt = self.warn_dash_deprecation(opt, section)
[13.720s] /home/cadt-02/.local/lib/python3.8/site-packages/setuptools/command/develop.py:42: EasyInstallDeprecationWarning: easy_install command is deprecated.
[13.720s] !!
[13.720s] 
[13.720s]         ********************************************************************************
[13.721s]         Please avoid running ``setup.py`` and ``easy_install``.
[13.721s]         Instead, use pypa/build, pypa/installer or other
[13.721s]         standards-based tools.
[13.721s] 
[13.721s]         See https://github.com/pypa/setuptools/issues/917 for details.
[13.721s]         ********************************************************************************
[13.721s] 
[13.721s] !!
[13.721s]   easy_install.initialize_options(self)
[13.722s] /home/cadt-02/.local/lib/python3.8/site-packages/setuptools/_distutils/cmd.py:66: SetuptoolsDeprecationWarning: setup.py install is deprecated.
[13.722s] !!
[13.722s] 
[13.722s]         ********************************************************************************
[13.722s]         Please avoid running ``setup.py`` directly.
[13.722s]         Instead, use pypa/build, pypa/installer or other
[13.722s]         standards-based tools.
[13.722s] 
[13.722s]         See https://blog.ganssle.io/articles/2021/10/setup-py-deprecated.html for details.
[13.723s]         ********************************************************************************
[13.723s] 
[13.723s] !!
[13.723s]   self.initialize_options()
[13.725s] running develop
[13.725s] running egg_info
[13.726s] writing my_robot.egg-info/PKG-INFO
[13.726s] writing dependency_links to my_robot.egg-info/dependency_links.txt
[13.726s] writing entry points to my_robot.egg-info/entry_points.txt
[13.726s] writing requirements to my_robot.egg-info/requires.txt
[13.726s] writing top-level names to my_robot.egg-info/top_level.txt
[13.726s] reading manifest file 'my_robot.egg-info/SOURCES.txt'
[13.726s] writing manifest file 'my_robot.egg-info/SOURCES.txt'
[13.880s] running build_ext
[13.880s] Creating /home/cadt-02/Documents/can_test_usb/ros2_can/install/my_robot/lib/python3.8/site-packages/my-robot.egg-link (link to .)
[13.882s] Installing my_robot script to /home/cadt-02/Documents/can_test_usb/ros2_can/install/my_robot/lib/my_robot
[13.884s] 
[13.884s] Installed /home/cadt-02/Documents/can_test_usb/ros2_can/build/my_robot
[13.884s] running install_data
[13.885s] copying resource/my_robot -> /home/cadt-02/Documents/can_test_usb/ros2_can/install/my_robot/share/ament_index/resource_index/packages
[13.885s] copying package.xml -> /home/cadt-02/Documents/can_test_usb/ros2_can/install/my_robot/share/my_robot
[21.024s] Invoked command in '/home/cadt-02/Documents/can_test_usb/ros2_can/build/my_robot' returned '0': PYTHONPATH=/home/cadt-02/Documents/can_test_usb/ros2_can/build/my_robot/prefix_override:/home/cadt-02/Documents/can_test_usb/ros2_can/install/my_robot/lib/python3.8/site-packages:${PYTHONPATH} /usr/bin/python3 setup.py develop --editable --build-directory /home/cadt-02/Documents/can_test_usb/ros2_can/build/my_robot/build --no-deps install_data
