[15.589s] Invoking command in '/home/cadt-02/Documents/can_test_usb/ros2_can/build/movement': PYTHONPATH=/home/cadt-02/Documents/can_test_usb/ros2_can/build/movement/prefix_override:/home/cadt-02/Documents/can_test_usb/ros2_can/install/movement/lib/python3.8/site-packages:${PYTHONPATH} /usr/bin/python3 setup.py develop --editable --build-directory /home/cadt-02/Documents/can_test_usb/ros2_can/build/movement/build --no-deps install_data
[16.539s] running develop
[16.539s] /home/cadt-02/.local/lib/python3.8/site-packages/setuptools/command/develop.py:42: EasyInstallDeprecationWarning: easy_install command is deprecated.
[16.539s] !!
[16.539s] 
[16.539s]         ********************************************************************************
[16.540s]         Please avoid running ``setup.py`` and ``easy_install``.
[16.540s]         Instead, use pypa/build, pypa/installer or other
[16.540s]         standards-based tools.
[16.540s] 
[16.540s]         See https://github.com/pypa/setuptools/issues/917 for details.
[16.540s]         ********************************************************************************
[16.540s] 
[16.541s] !!
[16.541s]   easy_install.initialize_options(self)
[16.655s] /home/cadt-02/.local/lib/python3.8/site-packages/setuptools/_distutils/cmd.py:66: SetuptoolsDeprecationWarning: setup.py install is deprecated.
[16.655s] !!
[16.655s] 
[16.655s]         ********************************************************************************
[16.655s]         Please avoid running ``setup.py`` directly.
[16.655s]         Instead, use pypa/build, pypa/installer or other
[16.656s]         standards-based tools.
[16.656s] 
[16.656s]         See https://blog.ganssle.io/articles/2021/10/setup-py-deprecated.html for details.
[16.656s]         ********************************************************************************
[16.656s] 
[16.656s] !!
[16.656s]   self.initialize_options()
[17.202s] running egg_info
[17.261s] writing movement.egg-info/PKG-INFO
[17.264s] writing dependency_links to movement.egg-info/dependency_links.txt
[17.266s] writing entry points to movement.egg-info/entry_points.txt
[17.267s] writing requirements to movement.egg-info/requires.txt
[17.268s] writing top-level names to movement.egg-info/top_level.txt
[17.366s] reading manifest file 'movement.egg-info/SOURCES.txt'
[17.368s] writing manifest file 'movement.egg-info/SOURCES.txt'
[17.554s] running build_ext
[17.555s] Creating /home/cadt-02/Documents/can_test_usb/ros2_can/install/movement/lib/python3.8/site-packages/movement.egg-link (link to .)
[17.559s] Installing movement script to /home/cadt-02/Documents/can_test_usb/ros2_can/install/movement/lib/movement
[17.559s] Installing smart_driver_send script to /home/cadt-02/Documents/can_test_usb/ros2_can/install/movement/lib/movement
[17.559s] 
[17.560s] Installed /home/cadt-02/Documents/can_test_usb/ros2_can/build/movement
[17.560s] running install_data
[17.560s] copying resource/movement -> /home/cadt-02/Documents/can_test_usb/ros2_can/install/movement/share/ament_index/resource_index/packages
[17.560s] copying package.xml -> /home/cadt-02/Documents/can_test_usb/ros2_can/install/movement/share/movement
[21.790s] Invoked command in '/home/cadt-02/Documents/can_test_usb/ros2_can/build/movement' returned '0': PYTHONPATH=/home/cadt-02/Documents/can_test_usb/ros2_can/build/movement/prefix_override:/home/cadt-02/Documents/can_test_usb/ros2_can/install/movement/lib/python3.8/site-packages:${PYTHONPATH} /usr/bin/python3 setup.py develop --editable --build-directory /home/cadt-02/Documents/can_test_usb/ros2_can/build/movement/build --no-deps install_data
