[15.690s] Invoking command in '/home/cadt-02/Documents/can_test_usb/ros2_can/build/keyboard_listener': PYTHONPATH=/home/cadt-02/Documents/can_test_usb/ros2_can/build/keyboard_listener/prefix_override:/home/cadt-02/Documents/can_test_usb/ros2_can/install/keyboard_listener/lib/python3.8/site-packages:${PYTHONPATH} /usr/bin/python3 setup.py develop --editable --build-directory /home/cadt-02/Documents/can_test_usb/ros2_can/build/keyboard_listener/build --no-deps install_data
[17.470s] running develop
[17.471s] /home/cadt-02/.local/lib/python3.8/site-packages/setuptools/command/develop.py:42: EasyInstallDeprecationWarning: easy_install command is deprecated.
[17.471s] !!
[17.471s] 
[17.471s]         ********************************************************************************
[17.471s]         Please avoid running ``setup.py`` and ``easy_install``.
[17.472s]         Instead, use pypa/build, pypa/installer or other
[17.472s]         standards-based tools.
[17.472s] 
[17.472s]         See https://github.com/pypa/setuptools/issues/917 for details.
[17.472s]         ********************************************************************************
[17.472s] 
[17.472s] !!
[17.472s]   easy_install.initialize_options(self)
[17.567s] /home/cadt-02/.local/lib/python3.8/site-packages/setuptools/_distutils/cmd.py:66: SetuptoolsDeprecationWarning: setup.py install is deprecated.
[17.568s] !!
[17.569s] 
[17.569s]         ********************************************************************************
[17.570s]         Please avoid running ``setup.py`` directly.
[17.571s]         Instead, use pypa/build, pypa/installer or other
[17.572s]         standards-based tools.
[17.572s] 
[17.573s]         See https://blog.ganssle.io/articles/2021/10/setup-py-deprecated.html for details.
[17.573s]         ********************************************************************************
[17.573s] 
[17.573s] !!
[17.573s]   self.initialize_options()
[18.094s] running egg_info
[18.095s] creating keyboard_listener.egg-info
[18.150s] writing keyboard_listener.egg-info/PKG-INFO
[18.151s] writing dependency_links to keyboard_listener.egg-info/dependency_links.txt
[18.152s] writing entry points to keyboard_listener.egg-info/entry_points.txt
[18.153s] writing requirements to keyboard_listener.egg-info/requires.txt
[18.154s] writing top-level names to keyboard_listener.egg-info/top_level.txt
[18.154s] writing manifest file 'keyboard_listener.egg-info/SOURCES.txt'
[18.256s] reading manifest file 'keyboard_listener.egg-info/SOURCES.txt'
[18.259s] writing manifest file 'keyboard_listener.egg-info/SOURCES.txt'
[18.423s] running build_ext
[18.423s] Creating /home/cadt-02/Documents/can_test_usb/ros2_can/install/keyboard_listener/lib/python3.8/site-packages/keyboard-listener.egg-link (link to .)
[18.430s] Installing keyboard_listener script to /home/cadt-02/Documents/can_test_usb/ros2_can/install/keyboard_listener/lib/keyboard_listener
[18.431s] 
[18.431s] Installed /home/cadt-02/Documents/can_test_usb/ros2_can/build/keyboard_listener
[18.431s] running install_data
[18.431s] creating /home/cadt-02/Documents/can_test_usb/ros2_can/install/keyboard_listener/share/ament_index
[18.431s] creating /home/cadt-02/Documents/can_test_usb/ros2_can/install/keyboard_listener/share/ament_index/resource_index
[18.431s] creating /home/cadt-02/Documents/can_test_usb/ros2_can/install/keyboard_listener/share/ament_index/resource_index/packages
[18.431s] copying resource/keyboard_listener -> /home/cadt-02/Documents/can_test_usb/ros2_can/install/keyboard_listener/share/ament_index/resource_index/packages
[18.432s] copying package.xml -> /home/cadt-02/Documents/can_test_usb/ros2_can/install/keyboard_listener/share/keyboard_listener
[25.904s] Invoked command in '/home/cadt-02/Documents/can_test_usb/ros2_can/build/keyboard_listener' returned '0': PYTHONPATH=/home/cadt-02/Documents/can_test_usb/ros2_can/build/keyboard_listener/prefix_override:/home/cadt-02/Documents/can_test_usb/ros2_can/install/keyboard_listener/lib/python3.8/site-packages:${PYTHONPATH} /usr/bin/python3 setup.py develop --editable --build-directory /home/cadt-02/Documents/can_test_usb/ros2_can/build/keyboard_listener/build --no-deps install_data
