[17.047s] Invoking command in '/home/cadt-02/Documents/can_test_usb/ros2_can/build/keyboard_listener': PYTHONPATH=/home/cadt-02/Documents/can_test_usb/ros2_can/build/keyboard_listener/prefix_override:/home/cadt-02/Documents/can_test_usb/ros2_can/install/keyboard_listener/lib/python3.8/site-packages:${PYTHONPATH} /usr/bin/python3 setup.py develop --editable --build-directory /home/cadt-02/Documents/can_test_usb/ros2_can/build/keyboard_listener/build --no-deps install_data
[17.951s] running develop
[17.952s] /home/cadt-02/.local/lib/python3.8/site-packages/setuptools/command/develop.py:42: EasyInstallDeprecationWarning: easy_install command is deprecated.
[17.952s] !!
[17.952s] 
[17.952s]         ********************************************************************************
[17.952s]         Please avoid running ``setup.py`` and ``easy_install``.
[17.952s]         Instead, use pypa/build, pypa/installer or other
[17.952s]         standards-based tools.
[17.953s] 
[17.953s]         See https://github.com/pypa/setuptools/issues/917 for details.
[17.953s]         ********************************************************************************
[17.953s] 
[17.953s] !!
[17.954s]   easy_install.initialize_options(self)
[18.065s] /home/cadt-02/.local/lib/python3.8/site-packages/setuptools/_distutils/cmd.py:66: SetuptoolsDeprecationWarning: setup.py install is deprecated.
[18.066s] !!
[18.066s] 
[18.066s]         ********************************************************************************
[18.066s]         Please avoid running ``setup.py`` directly.
[18.066s]         Instead, use pypa/build, pypa/installer or other
[18.067s]         standards-based tools.
[18.067s] 
[18.067s]         See https://blog.ganssle.io/articles/2021/10/setup-py-deprecated.html for details.
[18.067s]         ********************************************************************************
[18.067s] 
[18.067s] !!
[18.067s]   self.initialize_options()
[18.631s] running egg_info
[18.685s] writing keyboard_listener.egg-info/PKG-INFO
[18.686s] writing dependency_links to keyboard_listener.egg-info/dependency_links.txt
[18.689s] writing entry points to keyboard_listener.egg-info/entry_points.txt
[18.689s] writing requirements to keyboard_listener.egg-info/requires.txt
[18.689s] writing top-level names to keyboard_listener.egg-info/top_level.txt
[18.805s] reading manifest file 'keyboard_listener.egg-info/SOURCES.txt'
[18.807s] writing manifest file 'keyboard_listener.egg-info/SOURCES.txt'
[19.025s] running build_ext
[19.027s] Creating /home/cadt-02/Documents/can_test_usb/ros2_can/install/keyboard_listener/lib/python3.8/site-packages/keyboard-listener.egg-link (link to .)
[19.027s] Installing keyboard_listener script to /home/cadt-02/Documents/can_test_usb/ros2_can/install/keyboard_listener/lib/keyboard_listener
[19.029s] 
[19.029s] Installed /home/cadt-02/Documents/can_test_usb/ros2_can/build/keyboard_listener
[19.030s] running install_data
[19.030s] copying resource/keyboard_listener -> /home/cadt-02/Documents/can_test_usb/ros2_can/install/keyboard_listener/share/ament_index/resource_index/packages
[19.030s] copying package.xml -> /home/cadt-02/Documents/can_test_usb/ros2_can/install/keyboard_listener/share/keyboard_listener
[25.831s] Invoked command in '/home/cadt-02/Documents/can_test_usb/ros2_can/build/keyboard_listener' returned '0': PYTHONPATH=/home/cadt-02/Documents/can_test_usb/ros2_can/build/keyboard_listener/prefix_override:/home/cadt-02/Documents/can_test_usb/ros2_can/install/keyboard_listener/lib/python3.8/site-packages:${PYTHONPATH} /usr/bin/python3 setup.py develop --editable --build-directory /home/cadt-02/Documents/can_test_usb/ros2_can/build/keyboard_listener/build --no-deps install_data
