[19.828s] Invoking command in '/home/cadt-02/Documents/can_test_usb/ros2_can/build/auto_r2': PYTHONPATH=/home/cadt-02/Documents/can_test_usb/ros2_can/build/auto_r2/prefix_override:/home/cadt-02/Documents/can_test_usb/ros2_can/install/auto_r2/lib/python3.8/site-packages:${PYTHONPATH} /usr/bin/python3 setup.py develop --editable --build-directory /home/cadt-02/Documents/can_test_usb/ros2_can/build/auto_r2/build --no-deps install_data
[20.254s] /home/cadt-02/.local/lib/python3.8/site-packages/setuptools/dist.py:476: SetuptoolsDeprecationWarning: Invalid dash-separated options
[20.254s] !!
[20.255s] 
[20.255s]         ********************************************************************************
[20.255s]         Usage of dash-separated 'script-dir' will not be supported in future
[20.255s]         versions. Please use the underscore name 'script_dir' instead.
[20.255s] 
[20.255s]         By 2024-Sep-26, you need to update your project and remove deprecated calls
[20.256s]         or your builds will no longer be supported.
[20.256s] 
[20.256s]         See https://setuptools.pypa.io/en/latest/userguide/declarative_config.html for details.
[20.256s]         ********************************************************************************
[20.256s] 
[20.256s] !!
[20.257s]   opt = self.warn_dash_deprecation(opt, section)
[20.975s] running develop
[20.975s] /home/cadt-02/.local/lib/python3.8/site-packages/setuptools/command/develop.py:42: EasyInstallDeprecationWarning: easy_install command is deprecated.
[20.976s] !!
[20.976s] 
[20.976s]         ********************************************************************************
[20.976s]         Please avoid running ``setup.py`` and ``easy_install``.
[20.976s]         Instead, use pypa/build, pypa/installer or other
[20.992s]         standards-based tools.
[20.992s] 
[20.993s]         See https://github.com/pypa/setuptools/issues/917 for details.
[20.993s]         ********************************************************************************
[20.993s] 
[20.993s] !!
[20.993s]   easy_install.initialize_options(self)
[21.107s] /home/cadt-02/.local/lib/python3.8/site-packages/setuptools/_distutils/cmd.py:66: SetuptoolsDeprecationWarning: setup.py install is deprecated.
[21.107s] !!
[21.108s] 
[21.108s]         ********************************************************************************
[21.108s]         Please avoid running ``setup.py`` directly.
[21.108s]         Instead, use pypa/build, pypa/installer or other
[21.108s]         standards-based tools.
[21.108s] 
[21.109s]         See https://blog.ganssle.io/articles/2021/10/setup-py-deprecated.html for details.
[21.109s]         ********************************************************************************
[21.109s] 
[21.109s] !!
[21.109s]   self.initialize_options()
[21.855s] running egg_info
[21.912s] writing auto_r2.egg-info/PKG-INFO
[21.915s] writing dependency_links to auto_r2.egg-info/dependency_links.txt
[21.915s] writing entry points to auto_r2.egg-info/entry_points.txt
[21.915s] writing requirements to auto_r2.egg-info/requires.txt
[21.915s] writing top-level names to auto_r2.egg-info/top_level.txt
[22.028s] reading manifest file 'auto_r2.egg-info/SOURCES.txt'
[22.032s] writing manifest file 'auto_r2.egg-info/SOURCES.txt'
[22.242s] running build_ext
[22.256s] Creating /home/cadt-02/Documents/can_test_usb/ros2_can/install/auto_r2/lib/python3.8/site-packages/auto-r2.egg-link (link to .)
[22.256s] Installing auto_r2 script to /home/cadt-02/Documents/can_test_usb/ros2_can/install/auto_r2/lib/auto_r2
[22.256s] 
[22.256s] Installed /home/cadt-02/Documents/can_test_usb/ros2_can/build/auto_r2
[22.257s] running install_data
[22.257s] copying resource/auto_r2 -> /home/cadt-02/Documents/can_test_usb/ros2_can/install/auto_r2/share/ament_index/resource_index/packages
[22.257s] copying package.xml -> /home/cadt-02/Documents/can_test_usb/ros2_can/install/auto_r2/share/auto_r2
[25.401s] Invoked command in '/home/cadt-02/Documents/can_test_usb/ros2_can/build/auto_r2' returned '0': PYTHONPATH=/home/cadt-02/Documents/can_test_usb/ros2_can/build/auto_r2/prefix_override:/home/cadt-02/Documents/can_test_usb/ros2_can/install/auto_r2/lib/python3.8/site-packages:${PYTHONPATH} /usr/bin/python3 setup.py develop --editable --build-directory /home/cadt-02/Documents/can_test_usb/ros2_can/build/auto_r2/build --no-deps install_data
