[12.598s] Invoking command in '/home/cadt-02/Documents/can_test_usb/ros2_can/build/my_robot': PYTHONPATH=/home/cadt-02/Documents/can_test_usb/ros2_can/build/my_robot/prefix_override:/home/cadt-02/Documents/can_test_usb/ros2_can/install/my_robot/lib/python3.8/site-packages:${PYTHONPATH} /usr/bin/python3 setup.py develop --editable --build-directory /home/cadt-02/Documents/can_test_usb/ros2_can/build/my_robot/build --no-deps install_data
[12.976s] /home/cadt-02/.local/lib/python3.8/site-packages/setuptools/dist.py:476: SetuptoolsDeprecationWarning: Invalid dash-separated options
[12.976s] !!
[12.976s] 
[12.976s]         ********************************************************************************
[12.976s]         Usage of dash-separated 'script-dir' will not be supported in future
[12.977s]         versions. Please use the underscore name 'script_dir' instead.
[12.977s] 
[12.977s]         By 2024-Sep-26, you need to update your project and remove deprecated calls
[12.977s]         or your builds will no longer be supported.
[12.977s] 
[12.977s]         See https://setuptools.pypa.io/en/latest/userguide/declarative_config.html for details.
[12.978s]         ********************************************************************************
[12.978s] 
[12.978s] !!
[12.978s]   opt = self.warn_dash_deprecation(opt, section)
[13.504s] running develop
[13.505s] /home/cadt-02/.local/lib/python3.8/site-packages/setuptools/command/develop.py:42: EasyInstallDeprecationWarning: easy_install command is deprecated.
[13.505s] !!
[13.505s] 
[13.506s]         ********************************************************************************
[13.506s]         Please avoid running ``setup.py`` and ``easy_install``.
[13.506s]         Instead, use pypa/build, pypa/installer or other
[13.506s]         standards-based tools.
[13.506s] 
[13.506s]         See https://github.com/pypa/setuptools/issues/917 for details.
[13.507s]         ********************************************************************************
[13.507s] 
[13.507s] !!
[13.507s]   easy_install.initialize_options(self)
[13.598s] /home/cadt-02/.local/lib/python3.8/site-packages/setuptools/_distutils/cmd.py:66: SetuptoolsDeprecationWarning: setup.py install is deprecated.
[13.599s] !!
[13.599s] 
[13.599s]         ********************************************************************************
[13.599s]         Please avoid running ``setup.py`` directly.
[13.599s]         Instead, use pypa/build, pypa/installer or other
[13.599s]         standards-based tools.
[13.600s] 
[13.600s]         See https://blog.ganssle.io/articles/2021/10/setup-py-deprecated.html for details.
[13.600s]         ********************************************************************************
[13.600s] 
[13.600s] !!
[13.600s]   self.initialize_options()
[14.104s] running egg_info
[14.151s] writing my_robot.egg-info/PKG-INFO
[14.155s] writing dependency_links to my_robot.egg-info/dependency_links.txt
[14.155s] writing entry points to my_robot.egg-info/entry_points.txt
[14.162s] writing requirements to my_robot.egg-info/requires.txt
[14.163s] writing top-level names to my_robot.egg-info/top_level.txt
[14.264s] reading manifest file 'my_robot.egg-info/SOURCES.txt'
[14.271s] writing manifest file 'my_robot.egg-info/SOURCES.txt'
[14.473s] running build_ext
[14.473s] Creating /home/cadt-02/Documents/can_test_usb/ros2_can/install/my_robot/lib/python3.8/site-packages/my-robot.egg-link (link to .)
[14.474s] Installing arduino_feedback script to /home/cadt-02/Documents/can_test_usb/ros2_can/install/my_robot/lib/my_robot
[14.474s] Installing my_robot script to /home/cadt-02/Documents/can_test_usb/ros2_can/install/my_robot/lib/my_robot
[14.474s] 
[14.474s] Installed /home/cadt-02/Documents/can_test_usb/ros2_can/build/my_robot
[14.475s] running install_data
[14.475s] copying resource/my_robot -> /home/cadt-02/Documents/can_test_usb/ros2_can/install/my_robot/share/ament_index/resource_index/packages
[14.475s] copying package.xml -> /home/cadt-02/Documents/can_test_usb/ros2_can/install/my_robot/share/my_robot
[18.938s] Invoked command in '/home/cadt-02/Documents/can_test_usb/ros2_can/build/my_robot' returned '0': PYTHONPATH=/home/cadt-02/Documents/can_test_usb/ros2_can/build/my_robot/prefix_override:/home/cadt-02/Documents/can_test_usb/ros2_can/install/my_robot/lib/python3.8/site-packages:${PYTHONPATH} /usr/bin/python3 setup.py develop --editable --build-directory /home/cadt-02/Documents/can_test_usb/ros2_can/build/my_robot/build --no-deps install_data
