[13.728s] Invoking command in '/home/cadt-02/Documents/can_test_usb/ros2_can/build/my_robot': PYTHONPATH=/home/cadt-02/Documents/can_test_usb/ros2_can/build/my_robot/prefix_override:/home/cadt-02/Documents/can_test_usb/ros2_can/install/my_robot/lib/python3.8/site-packages:${PYTHONPATH} /usr/bin/python3 setup.py develop --editable --build-directory /home/cadt-02/Documents/can_test_usb/ros2_can/build/my_robot/build --no-deps install_data
[14.178s] /home/cadt-02/.local/lib/python3.8/site-packages/setuptools/dist.py:476: SetuptoolsDeprecationWarning: Invalid dash-separated options
[14.179s] !!
[14.179s] 
[14.179s]         ********************************************************************************
[14.179s]         Usage of dash-separated 'script-dir' will not be supported in future
[14.179s]         versions. Please use the underscore name 'script_dir' instead.
[14.179s] 
[14.179s]         By 2024-Sep-26, you need to update your project and remove deprecated calls
[14.180s]         or your builds will no longer be supported.
[14.180s] 
[14.180s]         See https://setuptools.pypa.io/en/latest/userguide/declarative_config.html for details.
[14.180s]         ********************************************************************************
[14.180s] 
[14.180s] !!
[14.180s]   opt = self.warn_dash_deprecation(opt, section)
[14.843s] running develop
[14.844s] /home/cadt-02/.local/lib/python3.8/site-packages/setuptools/command/develop.py:42: EasyInstallDeprecationWarning: easy_install command is deprecated.
[14.844s] !!
[14.844s] 
[14.844s]         ********************************************************************************
[14.844s]         Please avoid running ``setup.py`` and ``easy_install``.
[14.844s]         Instead, use pypa/build, pypa/installer or other
[14.844s]         standards-based tools.
[14.845s] 
[14.845s]         See https://github.com/pypa/setuptools/issues/917 for details.
[14.845s]         ********************************************************************************
[14.845s] 
[14.845s] !!
[14.845s]   easy_install.initialize_options(self)
[14.937s] /home/cadt-02/.local/lib/python3.8/site-packages/setuptools/_distutils/cmd.py:66: SetuptoolsDeprecationWarning: setup.py install is deprecated.
[14.938s] !!
[14.938s] 
[14.938s]         ********************************************************************************
[14.938s]         Please avoid running ``setup.py`` directly.
[14.938s]         Instead, use pypa/build, pypa/installer or other
[14.938s]         standards-based tools.
[14.939s] 
[14.939s]         See https://blog.ganssle.io/articles/2021/10/setup-py-deprecated.html for details.
[14.939s]         ********************************************************************************
[14.939s] 
[14.939s] !!
[14.939s]   self.initialize_options()
[15.471s] running egg_info
[15.526s] writing my_robot.egg-info/PKG-INFO
[15.530s] writing dependency_links to my_robot.egg-info/dependency_links.txt
[15.530s] writing entry points to my_robot.egg-info/entry_points.txt
[15.532s] writing requirements to my_robot.egg-info/requires.txt
[15.534s] writing top-level names to my_robot.egg-info/top_level.txt
[15.668s] reading manifest file 'my_robot.egg-info/SOURCES.txt'
[15.670s] writing manifest file 'my_robot.egg-info/SOURCES.txt'
[15.831s] running build_ext
[15.832s] Creating /home/cadt-02/Documents/can_test_usb/ros2_can/install/my_robot/lib/python3.8/site-packages/my-robot.egg-link (link to .)
[15.834s] Installing my_robot script to /home/cadt-02/Documents/can_test_usb/ros2_can/install/my_robot/lib/my_robot
[15.835s] 
[15.836s] Installed /home/cadt-02/Documents/can_test_usb/ros2_can/build/my_robot
[15.836s] running install_data
[15.836s] copying resource/my_robot -> /home/cadt-02/Documents/can_test_usb/ros2_can/install/my_robot/share/ament_index/resource_index/packages
[15.836s] copying package.xml -> /home/cadt-02/Documents/can_test_usb/ros2_can/install/my_robot/share/my_robot
[20.246s] Invoked command in '/home/cadt-02/Documents/can_test_usb/ros2_can/build/my_robot' returned '0': PYTHONPATH=/home/cadt-02/Documents/can_test_usb/ros2_can/build/my_robot/prefix_override:/home/cadt-02/Documents/can_test_usb/ros2_can/install/my_robot/lib/python3.8/site-packages:${PYTHONPATH} /usr/bin/python3 setup.py develop --editable --build-directory /home/cadt-02/Documents/can_test_usb/ros2_can/build/my_robot/build --no-deps install_data
