[15.439s] Invoking command in '/home/cadt-02/Documents/can_test_usb/ros2_can/build/my_package': PYTHONPATH=/home/cadt-02/Documents/can_test_usb/ros2_can/build/my_package/prefix_override:/home/cadt-02/Documents/can_test_usb/ros2_can/install/my_package/lib/python3.8/site-packages:${PYTHONPATH} /usr/bin/python3 setup.py develop --editable --build-directory /home/cadt-02/Documents/can_test_usb/ros2_can/build/my_package/build --no-deps install_data
[15.810s] /home/cadt-02/.local/lib/python3.8/site-packages/setuptools/dist.py:476: SetuptoolsDeprecationWarning: Invalid dash-separated options
[15.810s] !!
[15.810s] 
[15.810s]         ********************************************************************************
[15.811s]         Usage of dash-separated 'build-base' will not be supported in future
[15.811s]         versions. Please use the underscore name 'build_base' instead.
[15.811s] 
[15.811s]         By 2024-Sep-26, you need to update your project and remove deprecated calls
[15.811s]         or your builds will no longer be supported.
[15.811s] 
[15.811s]         See https://setuptools.pypa.io/en/latest/userguide/declarative_config.html for details.
[15.812s]         ********************************************************************************
[15.812s] 
[15.812s] !!
[15.812s]   opt = self.warn_dash_deprecation(opt, section)
[16.358s] running develop
[16.358s] /home/cadt-02/.local/lib/python3.8/site-packages/setuptools/command/develop.py:42: EasyInstallDeprecationWarning: easy_install command is deprecated.
[16.358s] !!
[16.358s] 
[16.358s]         ********************************************************************************
[16.358s]         Please avoid running ``setup.py`` and ``easy_install``.
[16.359s]         Instead, use pypa/build, pypa/installer or other
[16.359s]         standards-based tools.
[16.359s] 
[16.359s]         See https://github.com/pypa/setuptools/issues/917 for details.
[16.359s]         ********************************************************************************
[16.359s] 
[16.359s] !!
[16.360s]   easy_install.initialize_options(self)
[16.452s] /home/cadt-02/.local/lib/python3.8/site-packages/setuptools/_distutils/cmd.py:66: SetuptoolsDeprecationWarning: setup.py install is deprecated.
[16.452s] !!
[16.452s] 
[16.452s]         ********************************************************************************
[16.452s]         Please avoid running ``setup.py`` directly.
[16.453s]         Instead, use pypa/build, pypa/installer or other
[16.453s]         standards-based tools.
[16.453s] 
[16.453s]         See https://blog.ganssle.io/articles/2021/10/setup-py-deprecated.html for details.
[16.453s]         ********************************************************************************
[16.453s] 
[16.454s] !!
[16.454s]   self.initialize_options()
[16.954s] running egg_info
[16.998s] writing my_package.egg-info/PKG-INFO
[17.000s] writing dependency_links to my_package.egg-info/dependency_links.txt
[17.001s] writing entry points to my_package.egg-info/entry_points.txt
[17.002s] writing requirements to my_package.egg-info/requires.txt
[17.002s] writing top-level names to my_package.egg-info/top_level.txt
[17.114s] reading manifest file 'my_package.egg-info/SOURCES.txt'
[17.114s] writing manifest file 'my_package.egg-info/SOURCES.txt'
[17.279s] running build_ext
[17.280s] Creating /home/cadt-02/Documents/can_test_usb/ros2_can/install/my_package/lib/python3.8/site-packages/my-package.egg-link (link to .)
[17.283s] Installing live_detection_node script to /home/cadt-02/Documents/can_test_usb/ros2_can/install/my_package/lib/my_package
[17.287s] Installing main script to /home/cadt-02/Documents/can_test_usb/ros2_can/install/my_package/lib/my_package
[17.308s] Installing my_node script to /home/cadt-02/Documents/can_test_usb/ros2_can/install/my_package/lib/my_package
[17.308s] Installing reinforcement_r2 script to /home/cadt-02/Documents/can_test_usb/ros2_can/install/my_package/lib/my_package
[17.310s] 
[17.311s] Installed /home/cadt-02/Documents/can_test_usb/ros2_can/build/my_package
[17.317s] running install_data
[17.317s] copying resource/my_package -> /home/cadt-02/Documents/can_test_usb/ros2_can/install/my_package/share/ament_index/resource_index/packages
[17.318s] copying package.xml -> /home/cadt-02/Documents/can_test_usb/ros2_can/install/my_package/share/my_package
[22.094s] Invoked command in '/home/cadt-02/Documents/can_test_usb/ros2_can/build/my_package' returned '0': PYTHONPATH=/home/cadt-02/Documents/can_test_usb/ros2_can/build/my_package/prefix_override:/home/cadt-02/Documents/can_test_usb/ros2_can/install/my_package/lib/python3.8/site-packages:${PYTHONPATH} /usr/bin/python3 setup.py develop --editable --build-directory /home/cadt-02/Documents/can_test_usb/ros2_can/build/my_package/build --no-deps install_data
