[18.128s] Invoking command in '/home/cadt-02/Documents/can_test_usb/ros2_can/build/movement': NX_CONNECTION=172.23.33.204 63376 172.23.34.34 4000 PYTHONPATH=/home/cadt-02/Documents/can_test_usb/ros2_can/build/movement/prefix_override:/home/cadt-02/Documents/can_test_usb/ros2_can/install/movement/lib/python3.8/site-packages:${PYTHONPATH} /usr/bin/python3 setup.py develop --editable --build-directory /home/cadt-02/Documents/can_test_usb/ros2_can/build/movement/build --no-deps install_data
[19.152s] running develop
[19.152s] /home/cadt-02/.local/lib/python3.8/site-packages/setuptools/command/develop.py:42: EasyInstallDeprecationWarning: easy_install command is deprecated.
[19.152s] !!
[19.153s] 
[19.153s]         ********************************************************************************
[19.153s]         Please avoid running ``setup.py`` and ``easy_install``.
[19.153s]         Instead, use pypa/build, pypa/installer or other
[19.153s]         standards-based tools.
[19.153s] 
[19.154s]         See https://github.com/pypa/setuptools/issues/917 for details.
[19.154s]         ********************************************************************************
[19.154s] 
[19.154s] !!
[19.154s]   easy_install.initialize_options(self)
[19.245s] /home/cadt-02/.local/lib/python3.8/site-packages/setuptools/_distutils/cmd.py:66: SetuptoolsDeprecationWarning: setup.py install is deprecated.
[19.245s] !!
[19.245s] 
[19.245s]         ********************************************************************************
[19.246s]         Please avoid running ``setup.py`` directly.
[19.246s]         Instead, use pypa/build, pypa/installer or other
[19.246s]         standards-based tools.
[19.246s] 
[19.246s]         See https://blog.ganssle.io/articles/2021/10/setup-py-deprecated.html for details.
[19.246s]         ********************************************************************************
[19.247s] 
[19.247s] !!
[19.247s]   self.initialize_options()
[19.753s] running egg_info
[19.798s] writing movement.egg-info/PKG-INFO
[19.799s] writing dependency_links to movement.egg-info/dependency_links.txt
[19.800s] writing entry points to movement.egg-info/entry_points.txt
[19.801s] writing requirements to movement.egg-info/requires.txt
[19.802s] writing top-level names to movement.egg-info/top_level.txt
[19.901s] reading manifest file 'movement.egg-info/SOURCES.txt'
[19.904s] writing manifest file 'movement.egg-info/SOURCES.txt'
[20.083s] running build_ext
[20.084s] Creating /home/cadt-02/Documents/can_test_usb/ros2_can/install/movement/lib/python3.8/site-packages/movement.egg-link (link to .)
[20.084s] Installing movement script to /home/cadt-02/Documents/can_test_usb/ros2_can/install/movement/lib/movement
[20.085s] 
[20.085s] Installed /home/cadt-02/Documents/can_test_usb/ros2_can/build/movement
[20.086s] running install_data
[20.086s] copying resource/movement -> /home/cadt-02/Documents/can_test_usb/ros2_can/install/movement/share/ament_index/resource_index/packages
[20.087s] copying package.xml -> /home/cadt-02/Documents/can_test_usb/ros2_can/install/movement/share/movement
[23.735s] Invoked command in '/home/cadt-02/Documents/can_test_usb/ros2_can/build/movement' returned '0': NX_CONNECTION=172.23.33.204 63376 172.23.34.34 4000 PYTHONPATH=/home/cadt-02/Documents/can_test_usb/ros2_can/build/movement/prefix_override:/home/cadt-02/Documents/can_test_usb/ros2_can/install/movement/lib/python3.8/site-packages:${PYTHONPATH} /usr/bin/python3 setup.py develop --editable --build-directory /home/cadt-02/Documents/can_test_usb/ros2_can/build/movement/build --no-deps install_data
