[8.205s] Invoking command in '/home/cadt-02/Documents/can_test_usb/ros2_can/src/keyboard_publisher': LD_LIBRARY_PATH=/home/cadt-02/Documents/can_test_usb/ros2_can/install/cadt02_interfaces/lib:/usr/local/cuda-11.4/lib64:/opt/ros/foxy/opt/yaml_cpp_vendor/lib:/opt/ros/foxy/opt/rviz_ogre_vendor/lib:/opt/ros/foxy/lib/aarch64-linux-gnu:/opt/ros/foxy/lib:/usr/local/cuda-11.4/lib64 PYTHONPATH=/home/cadt-02/Documents/can_test_usb/ros2_can/build/keyboard_publisher/prefix_override:/home/cadt-02/Documents/can_test_usb/ros2_can/install/keyboard_publisher/lib/python3.8/site-packages:/home/cadt-02/Documents/can_test_usb/ros2_can/install/cadt02_interfaces/lib/python3.8/site-packages:/home/cadt-02/Documents/can_test_usb/ros2_can/build/ros_imu:/home/cadt-02/Documents/can_test_usb/ros2_can/install/ros_imu/lib/python3.8/site-packages:/home/cadt-02/Documents/can_test_usb/ros2_can/build/position_control:/home/cadt-02/Documents/can_test_usb/ros2_can/install/position_control/lib/python3.8/site-packages:/home/cadt-02/Documents/can_test_usb/ros2_can/build/odometry_cont:/home/cadt-02/Documents/can_test_usb/ros2_can/install/odometry_cont/lib/python3.8/site-packages:/home/cadt-02/Documents/can_test_usb/ros2_can/build/odometry:/home/cadt-02/Documents/can_test_usb/ros2_can/install/odometry/lib/python3.8/site-packages:/home/cadt-02/Documents/can_test_usb/ros2_can/build/my_robot:/home/cadt-02/Documents/can_test_usb/ros2_can/install/my_robot/lib/python3.8/site-packages:/home/cadt-02/Documents/can_test_usb/ros2_can/build/my_package:/home/cadt-02/Documents/can_test_usb/ros2_can/install/my_package/lib/python3.8/site-packages:/home/cadt-02/Documents/can_test_usb/ros2_can/build/movement:/home/cadt-02/Documents/can_test_usb/ros2_can/install/movement/lib/python3.8/site-packages:/home/cadt-02/Documents/can_test_usb/ros2_can/build/keyboard_publisher:/home/cadt-02/Documents/can_test_usb/ros2_can/install/keyboard_publisher/lib/python3.8/site-packages:/home/cadt-02/Documents/can_test_usb/ros2_can/build/keyboard_listener:/home/cadt-02/Documents/can_test_usb/ros2_can/install/keyboard_listener/lib/python3.8/site-packages:/home/cadt-02/Documents/can_test_usb/ros2_can/build/auto_r2:/home/cadt-02/Documents/can_test_usb/ros2_can/install/auto_r2/lib/python3.8/site-packages:/home/cadt-02/Documents/can_test_usb/ros2_can/build/auto_node:/home/cadt-02/Documents/can_test_usb/ros2_can/install/auto_node/lib/python3.8/site-packages:/opt/ros/foxy/lib/python3.8/site-packages /usr/bin/python3 setup.py egg_info --egg-base ../../build/keyboard_publisher build --build-base /home/cadt-02/Documents/can_test_usb/ros2_can/build/keyboard_publisher/build install --record /home/cadt-02/Documents/can_test_usb/ros2_can/build/keyboard_publisher/install.log --install-scripts $base/lib/keyboard_publisher --single-version-externally-managed
[8.544s] /home/cadt-02/.local/lib/python3.8/site-packages/setuptools/dist.py:476: SetuptoolsDeprecationWarning: Invalid dash-separated options
[8.545s] !!
[8.545s] 
[8.545s]         ********************************************************************************
[8.545s]         Usage of dash-separated 'script-dir' will not be supported in future
[8.545s]         versions. Please use the underscore name 'script_dir' instead.
[8.545s] 
[8.546s]         By 2024-Sep-26, you need to update your project and remove deprecated calls
[8.546s]         or your builds will no longer be supported.
[8.546s] 
[8.546s]         See https://setuptools.pypa.io/en/latest/userguide/declarative_config.html for details.
[8.546s]         ********************************************************************************
[8.546s] 
[8.546s] !!
[8.546s]   opt = self.warn_dash_deprecation(opt, section)
[8.818s] running egg_info
[8.863s] writing ../../build/keyboard_publisher/keyboard_publisher.egg-info/PKG-INFO
[8.864s] writing dependency_links to ../../build/keyboard_publisher/keyboard_publisher.egg-info/dependency_links.txt
[8.864s] writing entry points to ../../build/keyboard_publisher/keyboard_publisher.egg-info/entry_points.txt
[8.865s] writing requirements to ../../build/keyboard_publisher/keyboard_publisher.egg-info/requires.txt
[8.865s] writing top-level names to ../../build/keyboard_publisher/keyboard_publisher.egg-info/top_level.txt
[9.217s] reading manifest file '../../build/keyboard_publisher/keyboard_publisher.egg-info/SOURCES.txt'
[9.219s] writing manifest file '../../build/keyboard_publisher/keyboard_publisher.egg-info/SOURCES.txt'
[9.220s] running build
[9.220s] running build_py
[9.221s] copying keyboard_publisher/__init__.py -> /home/cadt-02/Documents/can_test_usb/ros2_can/build/keyboard_publisher/build/lib/keyboard_publisher
[9.222s] copying keyboard_publisher/keyboard_publisher.py -> /home/cadt-02/Documents/can_test_usb/ros2_can/build/keyboard_publisher/build/lib/keyboard_publisher
[9.222s] running install
[9.223s] /home/cadt-02/.local/lib/python3.8/site-packages/setuptools/_distutils/cmd.py:66: SetuptoolsDeprecationWarning: setup.py install is deprecated.
[9.223s] !!
[9.224s] 
[9.224s]         ********************************************************************************
[9.224s]         Please avoid running ``setup.py`` directly.
[9.224s]         Instead, use pypa/build, pypa/installer or other
[9.224s]         standards-based tools.
[9.224s] 
[9.224s]         See https://blog.ganssle.io/articles/2021/10/setup-py-deprecated.html for details.
[9.225s]         ********************************************************************************
[9.225s] 
[9.225s] !!
[9.225s]   self.initialize_options()
[9.235s] running install_lib
[9.285s] running install_data
[9.332s] copying resource/keyboard_publisher -> /home/cadt-02/Documents/can_test_usb/ros2_can/install/keyboard_publisher/share/ament_index/resource_index/packages
[9.332s] copying package.xml -> /home/cadt-02/Documents/can_test_usb/ros2_can/install/keyboard_publisher/share/keyboard_publisher
[9.332s] running install_egg_info
[9.381s] removing '/home/cadt-02/Documents/can_test_usb/ros2_can/install/keyboard_publisher/lib/python3.8/site-packages/keyboard_publisher-0.0.0-py3.8.egg-info' (and everything under it)
[9.381s] Copying ../../build/keyboard_publisher/keyboard_publisher.egg-info to /home/cadt-02/Documents/can_test_usb/ros2_can/install/keyboard_publisher/lib/python3.8/site-packages/keyboard_publisher-0.0.0-py3.8.egg-info
[9.383s] running install_scripts
[9.494s] Installing keyboard_publisher script to /home/cadt-02/Documents/can_test_usb/ros2_can/install/keyboard_publisher/lib/keyboard_publisher
[9.495s] writing list of installed files to '/home/cadt-02/Documents/can_test_usb/ros2_can/build/keyboard_publisher/install.log'
[10.390s] Invoked command in '/home/cadt-02/Documents/can_test_usb/ros2_can/src/keyboard_publisher' returned '0': LD_LIBRARY_PATH=/home/cadt-02/Documents/can_test_usb/ros2_can/install/cadt02_interfaces/lib:/usr/local/cuda-11.4/lib64:/opt/ros/foxy/opt/yaml_cpp_vendor/lib:/opt/ros/foxy/opt/rviz_ogre_vendor/lib:/opt/ros/foxy/lib/aarch64-linux-gnu:/opt/ros/foxy/lib:/usr/local/cuda-11.4/lib64 PYTHONPATH=/home/cadt-02/Documents/can_test_usb/ros2_can/build/keyboard_publisher/prefix_override:/home/cadt-02/Documents/can_test_usb/ros2_can/install/keyboard_publisher/lib/python3.8/site-packages:/home/cadt-02/Documents/can_test_usb/ros2_can/install/cadt02_interfaces/lib/python3.8/site-packages:/home/cadt-02/Documents/can_test_usb/ros2_can/build/ros_imu:/home/cadt-02/Documents/can_test_usb/ros2_can/install/ros_imu/lib/python3.8/site-packages:/home/cadt-02/Documents/can_test_usb/ros2_can/build/position_control:/home/cadt-02/Documents/can_test_usb/ros2_can/install/position_control/lib/python3.8/site-packages:/home/cadt-02/Documents/can_test_usb/ros2_can/build/odometry_cont:/home/cadt-02/Documents/can_test_usb/ros2_can/install/odometry_cont/lib/python3.8/site-packages:/home/cadt-02/Documents/can_test_usb/ros2_can/build/odometry:/home/cadt-02/Documents/can_test_usb/ros2_can/install/odometry/lib/python3.8/site-packages:/home/cadt-02/Documents/can_test_usb/ros2_can/build/my_robot:/home/cadt-02/Documents/can_test_usb/ros2_can/install/my_robot/lib/python3.8/site-packages:/home/cadt-02/Documents/can_test_usb/ros2_can/build/my_package:/home/cadt-02/Documents/can_test_usb/ros2_can/install/my_package/lib/python3.8/site-packages:/home/cadt-02/Documents/can_test_usb/ros2_can/build/movement:/home/cadt-02/Documents/can_test_usb/ros2_can/install/movement/lib/python3.8/site-packages:/home/cadt-02/Documents/can_test_usb/ros2_can/build/keyboard_publisher:/home/cadt-02/Documents/can_test_usb/ros2_can/install/keyboard_publisher/lib/python3.8/site-packages:/home/cadt-02/Documents/can_test_usb/ros2_can/build/keyboard_listener:/home/cadt-02/Documents/can_test_usb/ros2_can/install/keyboard_listener/lib/python3.8/site-packages:/home/cadt-02/Documents/can_test_usb/ros2_can/build/auto_r2:/home/cadt-02/Documents/can_test_usb/ros2_can/install/auto_r2/lib/python3.8/site-packages:/home/cadt-02/Documents/can_test_usb/ros2_can/build/auto_node:/home/cadt-02/Documents/can_test_usb/ros2_can/install/auto_node/lib/python3.8/site-packages:/opt/ros/foxy/lib/python3.8/site-packages /usr/bin/python3 setup.py egg_info --egg-base ../../build/keyboard_publisher build --build-base /home/cadt-02/Documents/can_test_usb/ros2_can/build/keyboard_publisher/build install --record /home/cadt-02/Documents/can_test_usb/ros2_can/build/keyboard_publisher/install.log --install-scripts $base/lib/keyboard_publisher --single-version-externally-managed
