[9.735s] Invoking command in '/home/cadt-02/Documents/can_test_usb/ros2_can/build/ros_imu': PYTHONPATH=/home/cadt-02/Documents/can_test_usb/ros2_can/build/ros_imu/prefix_override:/home/cadt-02/Documents/can_test_usb/ros2_can/install/ros_imu/lib/python3.8/site-packages:${PYTHONPATH} /usr/bin/python3 setup.py develop --editable --build-directory /home/cadt-02/Documents/can_test_usb/ros2_can/build/ros_imu/build --no-deps install_data
[10.066s] /home/cadt-02/.local/lib/python3.8/site-packages/setuptools/dist.py:476: SetuptoolsDeprecationWarning: Invalid dash-separated options
[10.067s] !!
[10.067s] 
[10.067s]         ********************************************************************************
[10.067s]         Usage of dash-separated 'script-dir' will not be supported in future
[10.067s]         versions. Please use the underscore name 'script_dir' instead.
[10.067s] 
[10.068s]         By 2024-Sep-26, you need to update your project and remove deprecated calls
[10.068s]         or your builds will no longer be supported.
[10.068s] 
[10.068s]         See https://setuptools.pypa.io/en/latest/userguide/declarative_config.html for details.
[10.068s]         ********************************************************************************
[10.068s] 
[10.069s] !!
[10.069s]   opt = self.warn_dash_deprecation(opt, section)
[10.553s] running develop
[10.554s] /home/cadt-02/.local/lib/python3.8/site-packages/setuptools/command/develop.py:42: EasyInstallDeprecationWarning: easy_install command is deprecated.
[10.554s] !!
[10.554s] 
[10.555s]         ********************************************************************************
[10.555s]         Please avoid running ``setup.py`` and ``easy_install``.
[10.555s]         Instead, use pypa/build, pypa/installer or other
[10.555s]         standards-based tools.
[10.555s] 
[10.555s]         See https://github.com/pypa/setuptools/issues/917 for details.
[10.555s]         ********************************************************************************
[10.556s] 
[10.556s] !!
[10.556s]   easy_install.initialize_options(self)
[10.642s] /home/cadt-02/.local/lib/python3.8/site-packages/setuptools/_distutils/cmd.py:66: SetuptoolsDeprecationWarning: setup.py install is deprecated.
[10.642s] !!
[10.642s] 
[10.642s]         ********************************************************************************
[10.642s]         Please avoid running ``setup.py`` directly.
[10.643s]         Instead, use pypa/build, pypa/installer or other
[10.643s]         standards-based tools.
[10.643s] 
[10.643s]         See https://blog.ganssle.io/articles/2021/10/setup-py-deprecated.html for details.
[10.643s]         ********************************************************************************
[10.643s] 
[10.644s] !!
[10.644s]   self.initialize_options()
[11.097s] running egg_info
[11.139s] writing ros_imu.egg-info/PKG-INFO
[11.140s] writing dependency_links to ros_imu.egg-info/dependency_links.txt
[11.141s] writing entry points to ros_imu.egg-info/entry_points.txt
[11.141s] writing requirements to ros_imu.egg-info/requires.txt
[11.142s] writing top-level names to ros_imu.egg-info/top_level.txt
[11.232s] reading manifest file 'ros_imu.egg-info/SOURCES.txt'
[11.234s] writing manifest file 'ros_imu.egg-info/SOURCES.txt'
[11.387s] running build_ext
[11.387s] Creating /home/cadt-02/Documents/can_test_usb/ros2_can/install/ros_imu/lib/python3.8/site-packages/ros-imu.egg-link (link to .)
[11.389s] Installing ros_imu script to /home/cadt-02/Documents/can_test_usb/ros2_can/install/ros_imu/lib/ros_imu
[11.390s] 
[11.390s] Installed /home/cadt-02/Documents/can_test_usb/ros2_can/build/ros_imu
[11.390s] running install_data
[11.390s] copying resource/ros_imu -> /home/cadt-02/Documents/can_test_usb/ros2_can/install/ros_imu/share/ament_index/resource_index/packages
[11.391s] copying package.xml -> /home/cadt-02/Documents/can_test_usb/ros2_can/install/ros_imu/share/ros_imu
[11.502s] Invoked command in '/home/cadt-02/Documents/can_test_usb/ros2_can/build/ros_imu' returned '0': PYTHONPATH=/home/cadt-02/Documents/can_test_usb/ros2_can/build/ros_imu/prefix_override:/home/cadt-02/Documents/can_test_usb/ros2_can/install/ros_imu/lib/python3.8/site-packages:${PYTHONPATH} /usr/bin/python3 setup.py develop --editable --build-directory /home/cadt-02/Documents/can_test_usb/ros2_can/build/ros_imu/build --no-deps install_data
