[18.317s] Invoking command in '/home/cadt-02/Documents/can_test_usb/ros2_can/build/auto_r2': PYTHONPATH=/home/cadt-02/Documents/can_test_usb/ros2_can/build/auto_r2/prefix_override:/home/cadt-02/Documents/can_test_usb/ros2_can/install/auto_r2/lib/python3.8/site-packages:${PYTHONPATH} /usr/bin/python3 setup.py develop --editable --build-directory /home/cadt-02/Documents/can_test_usb/ros2_can/build/auto_r2/build --no-deps install_data
[18.719s] /home/cadt-02/.local/lib/python3.8/site-packages/setuptools/dist.py:476: SetuptoolsDeprecationWarning: Invalid dash-separated options
[18.719s] !!
[18.720s] 
[18.720s]         ********************************************************************************
[18.720s]         Usage of dash-separated 'script-dir' will not be supported in future
[18.720s]         versions. Please use the underscore name 'script_dir' instead.
[18.720s] 
[18.720s]         By 2024-Sep-26, you need to update your project and remove deprecated calls
[18.720s]         or your builds will no longer be supported.
[18.721s] 
[18.721s]         See https://setuptools.pypa.io/en/latest/userguide/declarative_config.html for details.
[18.721s]         ********************************************************************************
[18.721s] 
[18.721s] !!
[18.721s]   opt = self.warn_dash_deprecation(opt, section)
[19.236s] running develop
[19.237s] /home/cadt-02/.local/lib/python3.8/site-packages/setuptools/command/develop.py:42: EasyInstallDeprecationWarning: easy_install command is deprecated.
[19.237s] !!
[19.237s] 
[19.238s]         ********************************************************************************
[19.238s]         Please avoid running ``setup.py`` and ``easy_install``.
[19.238s]         Instead, use pypa/build, pypa/installer or other
[19.238s]         standards-based tools.
[19.239s] 
[19.239s]         See https://github.com/pypa/setuptools/issues/917 for details.
[19.239s]         ********************************************************************************
[19.240s] 
[19.240s] !!
[19.240s]   easy_install.initialize_options(self)
[19.334s] /home/cadt-02/.local/lib/python3.8/site-packages/setuptools/_distutils/cmd.py:66: SetuptoolsDeprecationWarning: setup.py install is deprecated.
[19.334s] !!
[19.334s] 
[19.334s]         ********************************************************************************
[19.334s]         Please avoid running ``setup.py`` directly.
[19.334s]         Instead, use pypa/build, pypa/installer or other
[19.335s]         standards-based tools.
[19.335s] 
[19.335s]         See https://blog.ganssle.io/articles/2021/10/setup-py-deprecated.html for details.
[19.335s]         ********************************************************************************
[19.335s] 
[19.335s] !!
[19.335s]   self.initialize_options()
[19.859s] running egg_info
[19.903s] writing auto_r2.egg-info/PKG-INFO
[19.904s] writing dependency_links to auto_r2.egg-info/dependency_links.txt
[19.905s] writing entry points to auto_r2.egg-info/entry_points.txt
[19.905s] writing requirements to auto_r2.egg-info/requires.txt
[19.906s] writing top-level names to auto_r2.egg-info/top_level.txt
[20.005s] reading manifest file 'auto_r2.egg-info/SOURCES.txt'
[20.008s] writing manifest file 'auto_r2.egg-info/SOURCES.txt'
[20.191s] running build_ext
[20.192s] Creating /home/cadt-02/Documents/can_test_usb/ros2_can/install/auto_r2/lib/python3.8/site-packages/auto-r2.egg-link (link to .)
[20.193s] Installing auto_r2 script to /home/cadt-02/Documents/can_test_usb/ros2_can/install/auto_r2/lib/auto_r2
[20.194s] 
[20.196s] Installed /home/cadt-02/Documents/can_test_usb/ros2_can/build/auto_r2
[20.197s] running install_data
[20.200s] copying resource/auto_r2 -> /home/cadt-02/Documents/can_test_usb/ros2_can/install/auto_r2/share/ament_index/resource_index/packages
[20.200s] copying package.xml -> /home/cadt-02/Documents/can_test_usb/ros2_can/install/auto_r2/share/auto_r2
[25.659s] Invoked command in '/home/cadt-02/Documents/can_test_usb/ros2_can/build/auto_r2' returned '0': PYTHONPATH=/home/cadt-02/Documents/can_test_usb/ros2_can/build/auto_r2/prefix_override:/home/cadt-02/Documents/can_test_usb/ros2_can/install/auto_r2/lib/python3.8/site-packages:${PYTHONPATH} /usr/bin/python3 setup.py develop --editable --build-directory /home/cadt-02/Documents/can_test_usb/ros2_can/build/auto_r2/build --no-deps install_data
