[11.520s] Invoking command in '/home/cadt-02/Documents/can_test_usb/ros2_can/build/odometry': NX_CONNECTION=172.23.33.204 59150 172.23.34.34 4000 PYTHONPATH=/home/cadt-02/Documents/can_test_usb/ros2_can/build/odometry/prefix_override:/home/cadt-02/Documents/can_test_usb/ros2_can/install/odometry/lib/python3.8/site-packages:${PYTHONPATH} /usr/bin/python3 setup.py develop --editable --build-directory /home/cadt-02/Documents/can_test_usb/ros2_can/build/odometry/build --no-deps install_data
[11.978s] /home/cadt-02/.local/lib/python3.8/site-packages/setuptools/dist.py:476: SetuptoolsDeprecationWarning: Invalid dash-separated options
[11.979s] !!
[11.979s] 
[11.979s]         ********************************************************************************
[11.979s]         Usage of dash-separated 'script-dir' will not be supported in future
[11.979s]         versions. Please use the underscore name 'script_dir' instead.
[11.979s] 
[11.979s]         By 2024-Sep-26, you need to update your project and remove deprecated calls
[11.980s]         or your builds will no longer be supported.
[11.980s] 
[11.980s]         See https://setuptools.pypa.io/en/latest/userguide/declarative_config.html for details.
[11.980s]         ********************************************************************************
[11.980s] 
[11.980s] !!
[11.980s]   opt = self.warn_dash_deprecation(opt, section)
[12.507s] running develop
[12.510s] /home/cadt-02/.local/lib/python3.8/site-packages/setuptools/command/develop.py:42: EasyInstallDeprecationWarning: easy_install command is deprecated.
[12.510s] !!
[12.510s] 
[12.511s]         ********************************************************************************
[12.511s]         Please avoid running ``setup.py`` and ``easy_install``.
[12.511s]         Instead, use pypa/build, pypa/installer or other
[12.511s]         standards-based tools.
[12.512s] 
[12.512s]         See https://github.com/pypa/setuptools/issues/917 for details.
[12.512s]         ********************************************************************************
[12.512s] 
[12.513s] !!
[12.513s]   easy_install.initialize_options(self)
[12.624s] /home/cadt-02/.local/lib/python3.8/site-packages/setuptools/_distutils/cmd.py:66: SetuptoolsDeprecationWarning: setup.py install is deprecated.
[12.624s] !!
[12.625s] 
[12.625s]         ********************************************************************************
[12.625s]         Please avoid running ``setup.py`` directly.
[12.625s]         Instead, use pypa/build, pypa/installer or other
[12.625s]         standards-based tools.
[12.625s] 
[12.625s]         See https://blog.ganssle.io/articles/2021/10/setup-py-deprecated.html for details.
[12.626s]         ********************************************************************************
[12.626s] 
[12.626s] !!
[12.626s]   self.initialize_options()
[13.138s] running egg_info
[13.138s] creating odometry.egg-info
[13.183s] writing odometry.egg-info/PKG-INFO
[13.185s] writing dependency_links to odometry.egg-info/dependency_links.txt
[13.186s] writing entry points to odometry.egg-info/entry_points.txt
[13.187s] writing requirements to odometry.egg-info/requires.txt
[13.188s] writing top-level names to odometry.egg-info/top_level.txt
[13.192s] writing manifest file 'odometry.egg-info/SOURCES.txt'
[13.288s] reading manifest file 'odometry.egg-info/SOURCES.txt'
[13.289s] writing manifest file 'odometry.egg-info/SOURCES.txt'
[13.465s] running build_ext
[13.465s] Creating /home/cadt-02/Documents/can_test_usb/ros2_can/install/odometry/lib/python3.8/site-packages/odometry.egg-link (link to .)
[13.468s] Installing odometry script to /home/cadt-02/Documents/can_test_usb/ros2_can/install/odometry/lib/odometry
[13.469s] 
[13.469s] Installed /home/cadt-02/Documents/can_test_usb/ros2_can/build/odometry
[13.469s] running install_data
[13.475s] creating /home/cadt-02/Documents/can_test_usb/ros2_can/install/odometry/share/ament_index
[13.475s] creating /home/cadt-02/Documents/can_test_usb/ros2_can/install/odometry/share/ament_index/resource_index
[13.475s] creating /home/cadt-02/Documents/can_test_usb/ros2_can/install/odometry/share/ament_index/resource_index/packages
[13.475s] copying resource/odometry -> /home/cadt-02/Documents/can_test_usb/ros2_can/install/odometry/share/ament_index/resource_index/packages
[13.475s] copying package.xml -> /home/cadt-02/Documents/can_test_usb/ros2_can/install/odometry/share/odometry
[15.132s] Invoked command in '/home/cadt-02/Documents/can_test_usb/ros2_can/build/odometry' returned '0': NX_CONNECTION=172.23.33.204 59150 172.23.34.34 4000 PYTHONPATH=/home/cadt-02/Documents/can_test_usb/ros2_can/build/odometry/prefix_override:/home/cadt-02/Documents/can_test_usb/ros2_can/install/odometry/lib/python3.8/site-packages:${PYTHONPATH} /usr/bin/python3 setup.py develop --editable --build-directory /home/cadt-02/Documents/can_test_usb/ros2_can/build/odometry/build --no-deps install_data
