/home/cadt-02/.local/lib/python3.8/site-packages/setuptools/command/develop.py:42: EasyInstallDeprecationWarning: easy_install command is deprecated.
!!

        ********************************************************************************
        Please avoid running ``setup.py`` and ``easy_install``.
        Instead, use pypa/build, pypa/installer or other
        standards-based tools.

        See https://github.com/pypa/setuptools/issues/917 for details.
        ********************************************************************************

!!
  easy_install.initialize_options(self)
running develop
/home/cadt-02/.local/lib/python3.8/site-packages/setuptools/_distutils/cmd.py:66: SetuptoolsDeprecationWarning: setup.py install is deprecated.
!!

        ********************************************************************************
        Please avoid running ``setup.py`` directly.
        Instead, use pypa/build, pypa/installer or other
        standards-based tools.

        See https://blog.ganssle.io/articles/2021/10/setup-py-deprecated.html for details.
        ********************************************************************************

!!
  self.initialize_options()
Removing /home/cadt-02/Documents/can_test_usb/ros2_can/install/keyboard_listener/lib/python3.8/site-packages/keyboard-listener.egg-link (link to .)
running egg_info
writing ../../build/keyboard_listener/keyboard_listener.egg-info/PKG-INFO
writing dependency_links to ../../build/keyboard_listener/keyboard_listener.egg-info/dependency_links.txt
writing entry points to ../../build/keyboard_listener/keyboard_listener.egg-info/entry_points.txt
writing requirements to ../../build/keyboard_listener/keyboard_listener.egg-info/requires.txt
writing top-level names to ../../build/keyboard_listener/keyboard_listener.egg-info/top_level.txt
reading manifest file '../../build/keyboard_listener/keyboard_listener.egg-info/SOURCES.txt'
writing manifest file '../../build/keyboard_listener/keyboard_listener.egg-info/SOURCES.txt'
running build
running build_py
copying keyboard_listener/__init__.py -> /home/cadt-02/Documents/can_test_usb/ros2_can/build/keyboard_listener/build/lib/keyboard_listener
copying keyboard_listener/keyboard_listener.py -> /home/cadt-02/Documents/can_test_usb/ros2_can/build/keyboard_listener/build/lib/keyboard_listener
running install
running install_lib
creating /home/cadt-02/Documents/can_test_usb/ros2_can/install/keyboard_listener/lib/python3.8/site-packages/keyboard_listener
copying /home/cadt-02/Documents/can_test_usb/ros2_can/build/keyboard_listener/build/lib/keyboard_listener/__init__.py -> /home/cadt-02/Documents/can_test_usb/ros2_can/install/keyboard_listener/lib/python3.8/site-packages/keyboard_listener
copying /home/cadt-02/Documents/can_test_usb/ros2_can/build/keyboard_listener/build/lib/keyboard_listener/keyboard_listener.py -> /home/cadt-02/Documents/can_test_usb/ros2_can/install/keyboard_listener/lib/python3.8/site-packages/keyboard_listener
byte-compiling /home/cadt-02/Documents/can_test_usb/ros2_can/install/keyboard_listener/lib/python3.8/site-packages/keyboard_listener/__init__.py to __init__.cpython-38.pyc
byte-compiling /home/cadt-02/Documents/can_test_usb/ros2_can/install/keyboard_listener/lib/python3.8/site-packages/keyboard_listener/keyboard_listener.py to keyboard_listener.cpython-38.pyc
running install_data
copying resource/keyboard_listener -> /home/cadt-02/Documents/can_test_usb/ros2_can/install/keyboard_listener/share/ament_index/resource_index/packages
copying package.xml -> /home/cadt-02/Documents/can_test_usb/ros2_can/install/keyboard_listener/share/keyboard_listener
running install_egg_info
Copying ../../build/keyboard_listener/keyboard_listener.egg-info to /home/cadt-02/Documents/can_test_usb/ros2_can/install/keyboard_listener/lib/python3.8/site-packages/keyboard_listener-0.0.0-py3.8.egg-info
running install_scripts
Installing keyboard_listener script to /home/cadt-02/Documents/can_test_usb/ros2_can/install/keyboard_listener/lib/keyboard_listener
writing list of installed files to '/home/cadt-02/Documents/can_test_usb/ros2_can/build/keyboard_listener/install.log'
/home/cadt-02/.local/lib/python3.8/site-packages/setuptools/_distutils/cmd.py:66: SetuptoolsDeprecationWarning: setup.py install is deprecated.
!!

        ********************************************************************************
        Please avoid running ``setup.py`` directly.
        Instead, use pypa/build, pypa/installer or other
        standards-based tools.

        See https://blog.ganssle.io/articles/2021/10/setup-py-deprecated.html for details.
        ********************************************************************************

!!
  self.initialize_options()
