[15.540s] Invoking command in '/home/cadt-02/Documents/can_test_usb/ros2_can/build/keyboard_listener': PYTHONPATH=/home/cadt-02/Documents/can_test_usb/ros2_can/build/keyboard_listener/prefix_override:/home/cadt-02/Documents/can_test_usb/ros2_can/install/keyboard_listener/lib/python3.8/site-packages:${PYTHONPATH} /usr/bin/python3 setup.py develop --uninstall --editable --build-directory /home/cadt-02/Documents/can_test_usb/ros2_can/build/keyboard_listener/build
[16.382s] /home/cadt-02/.local/lib/python3.8/site-packages/setuptools/command/develop.py:42: EasyInstallDeprecationWarning: easy_install command is deprecated.
[16.382s] !!
[16.382s] 
[16.382s]         ********************************************************************************
[16.383s]         Please avoid running ``setup.py`` and ``easy_install``.
[16.383s]         Instead, use pypa/build, pypa/installer or other
[16.383s]         standards-based tools.
[16.383s] 
[16.383s]         See https://github.com/pypa/setuptools/issues/917 for details.
[16.383s]         ********************************************************************************
[16.383s] 
[16.383s] !!
[16.383s]   easy_install.initialize_options(self)
[16.384s] running develop
[16.480s] /home/cadt-02/.local/lib/python3.8/site-packages/setuptools/_distutils/cmd.py:66: SetuptoolsDeprecationWarning: setup.py install is deprecated.
[16.480s] !!
[16.480s] 
[16.481s]         ********************************************************************************
[16.481s]         Please avoid running ``setup.py`` directly.
[16.481s]         Instead, use pypa/build, pypa/installer or other
[16.481s]         standards-based tools.
[16.481s] 
[16.481s]         See https://blog.ganssle.io/articles/2021/10/setup-py-deprecated.html for details.
[16.481s]         ********************************************************************************
[16.482s] 
[16.482s] !!
[16.482s]   self.initialize_options()
[16.953s] Removing /home/cadt-02/Documents/can_test_usb/ros2_can/install/keyboard_listener/lib/python3.8/site-packages/keyboard-listener.egg-link (link to .)
[19.558s] Invoked command in '/home/cadt-02/Documents/can_test_usb/ros2_can/build/keyboard_listener' returned '0': PYTHONPATH=/home/cadt-02/Documents/can_test_usb/ros2_can/build/keyboard_listener/prefix_override:/home/cadt-02/Documents/can_test_usb/ros2_can/install/keyboard_listener/lib/python3.8/site-packages:${PYTHONPATH} /usr/bin/python3 setup.py develop --uninstall --editable --build-directory /home/cadt-02/Documents/can_test_usb/ros2_can/build/keyboard_listener/build
[19.563s] Invoking command in '/home/cadt-02/Documents/can_test_usb/ros2_can/src/keyboard_listener': PYTHONPATH=/home/cadt-02/Documents/can_test_usb/ros2_can/build/keyboard_listener/prefix_override:/home/cadt-02/Documents/can_test_usb/ros2_can/install/keyboard_listener/lib/python3.8/site-packages:${PYTHONPATH} /usr/bin/python3 setup.py egg_info --egg-base ../../build/keyboard_listener build --build-base /home/cadt-02/Documents/can_test_usb/ros2_can/build/keyboard_listener/build install --record /home/cadt-02/Documents/can_test_usb/ros2_can/build/keyboard_listener/install.log --single-version-externally-managed
[21.096s] running egg_info
[21.098s] writing ../../build/keyboard_listener/keyboard_listener.egg-info/PKG-INFO
[21.098s] writing dependency_links to ../../build/keyboard_listener/keyboard_listener.egg-info/dependency_links.txt
[21.099s] writing entry points to ../../build/keyboard_listener/keyboard_listener.egg-info/entry_points.txt
[21.100s] writing requirements to ../../build/keyboard_listener/keyboard_listener.egg-info/requires.txt
[21.101s] writing top-level names to ../../build/keyboard_listener/keyboard_listener.egg-info/top_level.txt
[21.103s] reading manifest file '../../build/keyboard_listener/keyboard_listener.egg-info/SOURCES.txt'
[21.103s] writing manifest file '../../build/keyboard_listener/keyboard_listener.egg-info/SOURCES.txt'
[21.103s] running build
[21.106s] running build_py
[21.107s] copying keyboard_listener/__init__.py -> /home/cadt-02/Documents/can_test_usb/ros2_can/build/keyboard_listener/build/lib/keyboard_listener
[21.107s] copying keyboard_listener/keyboard_listener.py -> /home/cadt-02/Documents/can_test_usb/ros2_can/build/keyboard_listener/build/lib/keyboard_listener
[21.107s] running install
[21.107s] running install_lib
[21.107s] creating /home/cadt-02/Documents/can_test_usb/ros2_can/install/keyboard_listener/lib/python3.8/site-packages/keyboard_listener
[21.107s] copying /home/cadt-02/Documents/can_test_usb/ros2_can/build/keyboard_listener/build/lib/keyboard_listener/__init__.py -> /home/cadt-02/Documents/can_test_usb/ros2_can/install/keyboard_listener/lib/python3.8/site-packages/keyboard_listener
[21.108s] copying /home/cadt-02/Documents/can_test_usb/ros2_can/build/keyboard_listener/build/lib/keyboard_listener/keyboard_listener.py -> /home/cadt-02/Documents/can_test_usb/ros2_can/install/keyboard_listener/lib/python3.8/site-packages/keyboard_listener
[21.108s] byte-compiling /home/cadt-02/Documents/can_test_usb/ros2_can/install/keyboard_listener/lib/python3.8/site-packages/keyboard_listener/__init__.py to __init__.cpython-38.pyc
[21.108s] byte-compiling /home/cadt-02/Documents/can_test_usb/ros2_can/install/keyboard_listener/lib/python3.8/site-packages/keyboard_listener/keyboard_listener.py to keyboard_listener.cpython-38.pyc
[21.108s] running install_data
[21.108s] copying resource/keyboard_listener -> /home/cadt-02/Documents/can_test_usb/ros2_can/install/keyboard_listener/share/ament_index/resource_index/packages
[21.108s] copying package.xml -> /home/cadt-02/Documents/can_test_usb/ros2_can/install/keyboard_listener/share/keyboard_listener
[21.108s] running install_egg_info
[21.109s] Copying ../../build/keyboard_listener/keyboard_listener.egg-info to /home/cadt-02/Documents/can_test_usb/ros2_can/install/keyboard_listener/lib/python3.8/site-packages/keyboard_listener-0.0.0-py3.8.egg-info
[21.109s] running install_scripts
[21.109s] Installing keyboard_listener script to /home/cadt-02/Documents/can_test_usb/ros2_can/install/keyboard_listener/lib/keyboard_listener
[21.109s] writing list of installed files to '/home/cadt-02/Documents/can_test_usb/ros2_can/build/keyboard_listener/install.log'
[21.120s] /home/cadt-02/.local/lib/python3.8/site-packages/setuptools/_distutils/cmd.py:66: SetuptoolsDeprecationWarning: setup.py install is deprecated.
[21.120s] !!
[21.120s] 
[21.120s]         ********************************************************************************
[21.120s]         Please avoid running ``setup.py`` directly.
[21.120s]         Instead, use pypa/build, pypa/installer or other
[21.120s]         standards-based tools.
[21.121s] 
[21.121s]         See https://blog.ganssle.io/articles/2021/10/setup-py-deprecated.html for details.
[21.121s]         ********************************************************************************
[21.121s] 
[21.121s] !!
[21.121s]   self.initialize_options()
[21.634s] Invoked command in '/home/cadt-02/Documents/can_test_usb/ros2_can/src/keyboard_listener' returned '0': PYTHONPATH=/home/cadt-02/Documents/can_test_usb/ros2_can/build/keyboard_listener/prefix_override:/home/cadt-02/Documents/can_test_usb/ros2_can/install/keyboard_listener/lib/python3.8/site-packages:${PYTHONPATH} /usr/bin/python3 setup.py egg_info --egg-base ../../build/keyboard_listener build --build-base /home/cadt-02/Documents/can_test_usb/ros2_can/build/keyboard_listener/build install --record /home/cadt-02/Documents/can_test_usb/ros2_can/build/keyboard_listener/install.log --single-version-externally-managed
