[15.425s] Invoking command in '/home/cadt-02/Documents/can_test_usb/ros2_can/build/movement': PYTHONPATH=/home/cadt-02/Documents/can_test_usb/ros2_can/build/movement/prefix_override:/home/cadt-02/Documents/can_test_usb/ros2_can/install/movement/lib/python3.8/site-packages:${PYTHONPATH} /usr/bin/python3 setup.py develop --editable --build-directory /home/cadt-02/Documents/can_test_usb/ros2_can/build/movement/build --no-deps install_data
[16.353s] running develop
[16.362s] /home/cadt-02/.local/lib/python3.8/site-packages/setuptools/command/develop.py:42: EasyInstallDeprecationWarning: easy_install command is deprecated.
[16.363s] !!
[16.363s] 
[16.363s]         ********************************************************************************
[16.363s]         Please avoid running ``setup.py`` and ``easy_install``.
[16.363s]         Instead, use pypa/build, pypa/installer or other
[16.363s]         standards-based tools.
[16.363s] 
[16.364s]         See https://github.com/pypa/setuptools/issues/917 for details.
[16.364s]         ********************************************************************************
[16.364s] 
[16.364s] !!
[16.364s]   easy_install.initialize_options(self)
[16.481s] /home/cadt-02/.local/lib/python3.8/site-packages/setuptools/_distutils/cmd.py:66: SetuptoolsDeprecationWarning: setup.py install is deprecated.
[16.481s] !!
[16.482s] 
[16.482s]         ********************************************************************************
[16.482s]         Please avoid running ``setup.py`` directly.
[16.482s]         Instead, use pypa/build, pypa/installer or other
[16.482s]         standards-based tools.
[16.482s] 
[16.483s]         See https://blog.ganssle.io/articles/2021/10/setup-py-deprecated.html for details.
[16.483s]         ********************************************************************************
[16.483s] 
[16.483s] !!
[16.483s]   self.initialize_options()
[16.989s] running egg_info
[17.037s] writing movement.egg-info/PKG-INFO
[17.038s] writing dependency_links to movement.egg-info/dependency_links.txt
[17.041s] writing entry points to movement.egg-info/entry_points.txt
[17.047s] writing requirements to movement.egg-info/requires.txt
[17.048s] writing top-level names to movement.egg-info/top_level.txt
[17.140s] reading manifest file 'movement.egg-info/SOURCES.txt'
[17.143s] writing manifest file 'movement.egg-info/SOURCES.txt'
[17.309s] running build_ext
[17.310s] Creating /home/cadt-02/Documents/can_test_usb/ros2_can/install/movement/lib/python3.8/site-packages/movement.egg-link (link to .)
[17.314s] Installing movement script to /home/cadt-02/Documents/can_test_usb/ros2_can/install/movement/lib/movement
[17.315s] Installing smart_driver_send script to /home/cadt-02/Documents/can_test_usb/ros2_can/install/movement/lib/movement
[17.315s] 
[17.315s] Installed /home/cadt-02/Documents/can_test_usb/ros2_can/build/movement
[17.315s] running install_data
[17.316s] copying resource/movement -> /home/cadt-02/Documents/can_test_usb/ros2_can/install/movement/share/ament_index/resource_index/packages
[17.316s] copying package.xml -> /home/cadt-02/Documents/can_test_usb/ros2_can/install/movement/share/movement
[19.241s] Invoked command in '/home/cadt-02/Documents/can_test_usb/ros2_can/build/movement' returned '0': PYTHONPATH=/home/cadt-02/Documents/can_test_usb/ros2_can/build/movement/prefix_override:/home/cadt-02/Documents/can_test_usb/ros2_can/install/movement/lib/python3.8/site-packages:${PYTHONPATH} /usr/bin/python3 setup.py develop --editable --build-directory /home/cadt-02/Documents/can_test_usb/ros2_can/build/movement/build --no-deps install_data
