[17.466s] Invoking command in '/home/cadt-02/Documents/can_test_usb/ros2_can/build/keyboard_listener': NX_CONNECTION=172.23.33.204 59150 172.23.34.34 4000 PYTHONPATH=/home/cadt-02/Documents/can_test_usb/ros2_can/build/keyboard_listener/prefix_override:/home/cadt-02/Documents/can_test_usb/ros2_can/install/keyboard_listener/lib/python3.8/site-packages:${PYTHONPATH} /usr/bin/python3 setup.py develop --editable --build-directory /home/cadt-02/Documents/can_test_usb/ros2_can/build/keyboard_listener/build --no-deps install_data
[18.371s] running develop
[18.376s] /home/cadt-02/.local/lib/python3.8/site-packages/setuptools/command/develop.py:42: EasyInstallDeprecationWarning: easy_install command is deprecated.
[18.376s] !!
[18.376s] 
[18.379s]         ********************************************************************************
[18.380s]         Please avoid running ``setup.py`` and ``easy_install``.
[18.380s]         Instead, use pypa/build, pypa/installer or other
[18.380s]         standards-based tools.
[18.380s] 
[18.381s]         See https://github.com/pypa/setuptools/issues/917 for details.
[18.381s]         ********************************************************************************
[18.381s] 
[18.381s] !!
[18.381s]   easy_install.initialize_options(self)
[18.467s] /home/cadt-02/.local/lib/python3.8/site-packages/setuptools/_distutils/cmd.py:66: SetuptoolsDeprecationWarning: setup.py install is deprecated.
[18.467s] !!
[18.467s] 
[18.467s]         ********************************************************************************
[18.468s]         Please avoid running ``setup.py`` directly.
[18.468s]         Instead, use pypa/build, pypa/installer or other
[18.468s]         standards-based tools.
[18.468s] 
[18.469s]         See https://blog.ganssle.io/articles/2021/10/setup-py-deprecated.html for details.
[18.469s]         ********************************************************************************
[18.469s] 
[18.469s] !!
[18.469s]   self.initialize_options()
[18.940s] running egg_info
[18.983s] writing keyboard_listener.egg-info/PKG-INFO
[18.986s] writing dependency_links to keyboard_listener.egg-info/dependency_links.txt
[18.988s] writing entry points to keyboard_listener.egg-info/entry_points.txt
[18.989s] writing requirements to keyboard_listener.egg-info/requires.txt
[18.989s] writing top-level names to keyboard_listener.egg-info/top_level.txt
[19.085s] reading manifest file 'keyboard_listener.egg-info/SOURCES.txt'
[19.089s] writing manifest file 'keyboard_listener.egg-info/SOURCES.txt'
[19.260s] running build_ext
[19.261s] Creating /home/cadt-02/Documents/can_test_usb/ros2_can/install/keyboard_listener/lib/python3.8/site-packages/keyboard-listener.egg-link (link to .)
[19.263s] Installing keyboard_listener script to /home/cadt-02/Documents/can_test_usb/ros2_can/install/keyboard_listener/lib/keyboard_listener
[19.266s] 
[19.266s] Installed /home/cadt-02/Documents/can_test_usb/ros2_can/build/keyboard_listener
[19.267s] running install_data
[19.268s] copying resource/keyboard_listener -> /home/cadt-02/Documents/can_test_usb/ros2_can/install/keyboard_listener/share/ament_index/resource_index/packages
[19.269s] copying package.xml -> /home/cadt-02/Documents/can_test_usb/ros2_can/install/keyboard_listener/share/keyboard_listener
[19.458s] Invoked command in '/home/cadt-02/Documents/can_test_usb/ros2_can/build/keyboard_listener' returned '0': NX_CONNECTION=172.23.33.204 59150 172.23.34.34 4000 PYTHONPATH=/home/cadt-02/Documents/can_test_usb/ros2_can/build/keyboard_listener/prefix_override:/home/cadt-02/Documents/can_test_usb/ros2_can/install/keyboard_listener/lib/python3.8/site-packages:${PYTHONPATH} /usr/bin/python3 setup.py develop --editable --build-directory /home/cadt-02/Documents/can_test_usb/ros2_can/build/keyboard_listener/build --no-deps install_data
