[16.926s] Invoking command in '/home/cadt-02/Documents/can_test_usb/ros2_can/build/keyboard_listener': NX_CONNECTION=172.23.34.154 56590 172.23.34.34 4000 PYTHONPATH=/home/cadt-02/Documents/can_test_usb/ros2_can/build/keyboard_listener/prefix_override:/home/cadt-02/Documents/can_test_usb/ros2_can/install/keyboard_listener/lib/python3.8/site-packages:${PYTHONPATH} /usr/bin/python3 setup.py develop --editable --build-directory /home/cadt-02/Documents/can_test_usb/ros2_can/build/keyboard_listener/build --no-deps install_data
[18.632s] running develop
[18.632s] running egg_info
[18.633s] writing keyboard_listener.egg-info/PKG-INFO
[18.634s] writing dependency_links to keyboard_listener.egg-info/dependency_links.txt
[18.635s] writing entry points to keyboard_listener.egg-info/entry_points.txt
[18.635s] writing requirements to keyboard_listener.egg-info/requires.txt
[18.636s] writing top-level names to keyboard_listener.egg-info/top_level.txt
[18.636s] reading manifest file 'keyboard_listener.egg-info/SOURCES.txt'
[18.637s] writing manifest file 'keyboard_listener.egg-info/SOURCES.txt'
[18.637s] /home/cadt-02/.local/lib/python3.8/site-packages/setuptools/command/develop.py:42: EasyInstallDeprecationWarning: easy_install command is deprecated.
[18.638s] !!
[18.638s] 
[18.638s]         ********************************************************************************
[18.639s]         Please avoid running ``setup.py`` and ``easy_install``.
[18.639s]         Instead, use pypa/build, pypa/installer or other
[18.639s]         standards-based tools.
[18.640s] 
[18.640s]         See https://github.com/pypa/setuptools/issues/917 for details.
[18.641s]         ********************************************************************************
[18.641s] 
[18.641s] !!
[18.641s]   easy_install.initialize_options(self)
[18.641s] /home/cadt-02/.local/lib/python3.8/site-packages/setuptools/_distutils/cmd.py:66: SetuptoolsDeprecationWarning: setup.py install is deprecated.
[18.642s] !!
[18.642s] 
[18.642s]         ********************************************************************************
[18.642s]         Please avoid running ``setup.py`` directly.
[18.642s]         Instead, use pypa/build, pypa/installer or other
[18.642s]         standards-based tools.
[18.642s] 
[18.642s]         See https://blog.ganssle.io/articles/2021/10/setup-py-deprecated.html for details.
[18.642s]         ********************************************************************************
[18.643s] 
[18.643s] !!
[18.643s]   self.initialize_options()
[18.690s] running build_ext
[18.692s] Creating /home/cadt-02/Documents/can_test_usb/ros2_can/install/keyboard_listener/lib/python3.8/site-packages/keyboard-listener.egg-link (link to .)
[18.693s] Installing keyboard_listener script to /home/cadt-02/Documents/can_test_usb/ros2_can/install/keyboard_listener/lib/keyboard_listener
[18.693s] 
[18.695s] Installed /home/cadt-02/Documents/can_test_usb/ros2_can/build/keyboard_listener
[18.695s] running install_data
[18.695s] copying resource/keyboard_listener -> /home/cadt-02/Documents/can_test_usb/ros2_can/install/keyboard_listener/share/ament_index/resource_index/packages
[18.696s] copying package.xml -> /home/cadt-02/Documents/can_test_usb/ros2_can/install/keyboard_listener/share/keyboard_listener
[23.718s] Invoked command in '/home/cadt-02/Documents/can_test_usb/ros2_can/build/keyboard_listener' returned '0': NX_CONNECTION=172.23.34.154 56590 172.23.34.34 4000 PYTHONPATH=/home/cadt-02/Documents/can_test_usb/ros2_can/build/keyboard_listener/prefix_override:/home/cadt-02/Documents/can_test_usb/ros2_can/install/keyboard_listener/lib/python3.8/site-packages:${PYTHONPATH} /usr/bin/python3 setup.py develop --editable --build-directory /home/cadt-02/Documents/can_test_usb/ros2_can/build/keyboard_listener/build --no-deps install_data
