[12.365s] Invoking command in '/home/cadt-02/Documents/can_test_usb/ros2_can/build/my_robot': PYTHONPATH=/home/cadt-02/Documents/can_test_usb/ros2_can/build/my_robot/prefix_override:/home/cadt-02/Documents/can_test_usb/ros2_can/install/my_robot/lib/python3.8/site-packages:${PYTHONPATH} /usr/bin/python3 setup.py develop --editable --build-directory /home/cadt-02/Documents/can_test_usb/ros2_can/build/my_robot/build --no-deps install_data
[12.764s] /home/cadt-02/.local/lib/python3.8/site-packages/setuptools/dist.py:476: SetuptoolsDeprecationWarning: Invalid dash-separated options
[12.765s] !!
[12.765s] 
[12.765s]         ********************************************************************************
[12.765s]         Usage of dash-separated 'script-dir' will not be supported in future
[12.765s]         versions. Please use the underscore name 'script_dir' instead.
[12.766s] 
[12.766s]         By 2024-Sep-26, you need to update your project and remove deprecated calls
[12.766s]         or your builds will no longer be supported.
[12.766s] 
[12.766s]         See https://setuptools.pypa.io/en/latest/userguide/declarative_config.html for details.
[12.766s]         ********************************************************************************
[12.766s] 
[12.766s] !!
[12.767s]   opt = self.warn_dash_deprecation(opt, section)
[13.298s] running develop
[13.299s] /home/cadt-02/.local/lib/python3.8/site-packages/setuptools/command/develop.py:42: EasyInstallDeprecationWarning: easy_install command is deprecated.
[13.299s] !!
[13.299s] 
[13.299s]         ********************************************************************************
[13.299s]         Please avoid running ``setup.py`` and ``easy_install``.
[13.299s]         Instead, use pypa/build, pypa/installer or other
[13.300s]         standards-based tools.
[13.300s] 
[13.300s]         See https://github.com/pypa/setuptools/issues/917 for details.
[13.300s]         ********************************************************************************
[13.300s] 
[13.300s] !!
[13.300s]   easy_install.initialize_options(self)
[13.394s] /home/cadt-02/.local/lib/python3.8/site-packages/setuptools/_distutils/cmd.py:66: SetuptoolsDeprecationWarning: setup.py install is deprecated.
[13.394s] !!
[13.394s] 
[13.394s]         ********************************************************************************
[13.395s]         Please avoid running ``setup.py`` directly.
[13.395s]         Instead, use pypa/build, pypa/installer or other
[13.395s]         standards-based tools.
[13.395s] 
[13.395s]         See https://blog.ganssle.io/articles/2021/10/setup-py-deprecated.html for details.
[13.395s]         ********************************************************************************
[13.396s] 
[13.396s] !!
[13.396s]   self.initialize_options()
[13.906s] running egg_info
[13.951s] writing my_robot.egg-info/PKG-INFO
[13.953s] writing dependency_links to my_robot.egg-info/dependency_links.txt
[13.954s] writing entry points to my_robot.egg-info/entry_points.txt
[13.956s] writing requirements to my_robot.egg-info/requires.txt
[13.956s] writing top-level names to my_robot.egg-info/top_level.txt
[14.052s] reading manifest file 'my_robot.egg-info/SOURCES.txt'
[14.055s] writing manifest file 'my_robot.egg-info/SOURCES.txt'
[14.246s] running build_ext
[14.246s] Creating /home/cadt-02/Documents/can_test_usb/ros2_can/install/my_robot/lib/python3.8/site-packages/my-robot.egg-link (link to .)
[14.248s] Installing my_robot script to /home/cadt-02/Documents/can_test_usb/ros2_can/install/my_robot/lib/my_robot
[14.250s] 
[14.250s] Installed /home/cadt-02/Documents/can_test_usb/ros2_can/build/my_robot
[14.250s] running install_data
[14.250s] copying resource/my_robot -> /home/cadt-02/Documents/can_test_usb/ros2_can/install/my_robot/share/ament_index/resource_index/packages
[14.251s] copying package.xml -> /home/cadt-02/Documents/can_test_usb/ros2_can/install/my_robot/share/my_robot
[19.592s] Invoked command in '/home/cadt-02/Documents/can_test_usb/ros2_can/build/my_robot' returned '0': PYTHONPATH=/home/cadt-02/Documents/can_test_usb/ros2_can/build/my_robot/prefix_override:/home/cadt-02/Documents/can_test_usb/ros2_can/install/my_robot/lib/python3.8/site-packages:${PYTHONPATH} /usr/bin/python3 setup.py develop --editable --build-directory /home/cadt-02/Documents/can_test_usb/ros2_can/build/my_robot/build --no-deps install_data
