[14.931s] Invoking command in '/home/cadt-02/Documents/can_test_usb/ros2_can/build/movement': PYTHONPATH=/home/cadt-02/Documents/can_test_usb/ros2_can/build/movement/prefix_override:/home/cadt-02/Documents/can_test_usb/ros2_can/install/movement/lib/python3.8/site-packages:${PYTHONPATH} /usr/bin/python3 setup.py develop --editable --build-directory /home/cadt-02/Documents/can_test_usb/ros2_can/build/movement/build --no-deps install_data
[15.830s] running develop
[15.830s] /home/cadt-02/.local/lib/python3.8/site-packages/setuptools/command/develop.py:42: EasyInstallDeprecationWarning: easy_install command is deprecated.
[15.831s] !!
[15.831s] 
[15.831s]         ********************************************************************************
[15.831s]         Please avoid running ``setup.py`` and ``easy_install``.
[15.831s]         Instead, use pypa/build, pypa/installer or other
[15.831s]         standards-based tools.
[15.831s] 
[15.831s]         See https://github.com/pypa/setuptools/issues/917 for details.
[15.832s]         ********************************************************************************
[15.832s] 
[15.832s] !!
[15.832s]   easy_install.initialize_options(self)
[15.935s] /home/cadt-02/.local/lib/python3.8/site-packages/setuptools/_distutils/cmd.py:66: SetuptoolsDeprecationWarning: setup.py install is deprecated.
[15.935s] !!
[15.935s] 
[15.935s]         ********************************************************************************
[15.935s]         Please avoid running ``setup.py`` directly.
[15.935s]         Instead, use pypa/build, pypa/installer or other
[15.935s]         standards-based tools.
[15.935s] 
[15.936s]         See https://blog.ganssle.io/articles/2021/10/setup-py-deprecated.html for details.
[15.936s]         ********************************************************************************
[15.936s] 
[15.936s] !!
[15.936s]   self.initialize_options()
[16.405s] running egg_info
[16.449s] writing movement.egg-info/PKG-INFO
[16.451s] writing dependency_links to movement.egg-info/dependency_links.txt
[16.452s] writing entry points to movement.egg-info/entry_points.txt
[16.453s] writing requirements to movement.egg-info/requires.txt
[16.453s] writing top-level names to movement.egg-info/top_level.txt
[16.554s] reading manifest file 'movement.egg-info/SOURCES.txt'
[16.554s] writing manifest file 'movement.egg-info/SOURCES.txt'
[16.724s] running build_ext
[16.725s] Creating /home/cadt-02/Documents/can_test_usb/ros2_can/install/movement/lib/python3.8/site-packages/movement.egg-link (link to .)
[16.728s] Installing movement script to /home/cadt-02/Documents/can_test_usb/ros2_can/install/movement/lib/movement
[16.731s] 
[16.731s] Installed /home/cadt-02/Documents/can_test_usb/ros2_can/build/movement
[16.731s] running install_data
[16.732s] copying resource/movement -> /home/cadt-02/Documents/can_test_usb/ros2_can/install/movement/share/ament_index/resource_index/packages
[16.732s] copying package.xml -> /home/cadt-02/Documents/can_test_usb/ros2_can/install/movement/share/movement
[19.610s] Invoked command in '/home/cadt-02/Documents/can_test_usb/ros2_can/build/movement' returned '0': PYTHONPATH=/home/cadt-02/Documents/can_test_usb/ros2_can/build/movement/prefix_override:/home/cadt-02/Documents/can_test_usb/ros2_can/install/movement/lib/python3.8/site-packages:${PYTHONPATH} /usr/bin/python3 setup.py develop --editable --build-directory /home/cadt-02/Documents/can_test_usb/ros2_can/build/movement/build --no-deps install_data
