[16.158s] Invoking command in '/home/cadt-02/Documents/can_test_usb/ros2_can/build/keyboard_publisher': NX_CONNECTION=172.23.33.204 59150 172.23.34.34 4000 PYTHONPATH=/home/cadt-02/Documents/can_test_usb/ros2_can/build/keyboard_publisher/prefix_override:/home/cadt-02/Documents/can_test_usb/ros2_can/install/keyboard_publisher/lib/python3.8/site-packages:${PYTHONPATH} /usr/bin/python3 setup.py develop --editable --build-directory /home/cadt-02/Documents/can_test_usb/ros2_can/build/keyboard_publisher/build --no-deps install_data
[16.520s] /home/cadt-02/.local/lib/python3.8/site-packages/setuptools/dist.py:476: SetuptoolsDeprecationWarning: Invalid dash-separated options
[16.520s] !!
[16.521s] 
[16.521s]         ********************************************************************************
[16.521s]         Usage of dash-separated 'script-dir' will not be supported in future
[16.521s]         versions. Please use the underscore name 'script_dir' instead.
[16.521s] 
[16.521s]         By 2024-Sep-26, you need to update your project and remove deprecated calls
[16.522s]         or your builds will no longer be supported.
[16.522s] 
[16.522s]         See https://setuptools.pypa.io/en/latest/userguide/declarative_config.html for details.
[16.522s]         ********************************************************************************
[16.522s] 
[16.522s] !!
[16.522s]   opt = self.warn_dash_deprecation(opt, section)
[17.037s] running develop
[17.038s] /home/cadt-02/.local/lib/python3.8/site-packages/setuptools/command/develop.py:42: EasyInstallDeprecationWarning: easy_install command is deprecated.
[17.038s] !!
[17.038s] 
[17.038s]         ********************************************************************************
[17.039s]         Please avoid running ``setup.py`` and ``easy_install``.
[17.039s]         Instead, use pypa/build, pypa/installer or other
[17.039s]         standards-based tools.
[17.039s] 
[17.039s]         See https://github.com/pypa/setuptools/issues/917 for details.
[17.039s]         ********************************************************************************
[17.040s] 
[17.040s] !!
[17.040s]   easy_install.initialize_options(self)
[17.130s] /home/cadt-02/.local/lib/python3.8/site-packages/setuptools/_distutils/cmd.py:66: SetuptoolsDeprecationWarning: setup.py install is deprecated.
[17.130s] !!
[17.131s] 
[17.131s]         ********************************************************************************
[17.135s]         Please avoid running ``setup.py`` directly.
[17.135s]         Instead, use pypa/build, pypa/installer or other
[17.135s]         standards-based tools.
[17.135s] 
[17.136s]         See https://blog.ganssle.io/articles/2021/10/setup-py-deprecated.html for details.
[17.136s]         ********************************************************************************
[17.136s] 
[17.136s] !!
[17.136s]   self.initialize_options()
[17.595s] running egg_info
[17.641s] writing keyboard_publisher.egg-info/PKG-INFO
[17.642s] writing dependency_links to keyboard_publisher.egg-info/dependency_links.txt
[17.643s] writing entry points to keyboard_publisher.egg-info/entry_points.txt
[17.643s] writing requirements to keyboard_publisher.egg-info/requires.txt
[17.644s] writing top-level names to keyboard_publisher.egg-info/top_level.txt
[17.746s] reading manifest file 'keyboard_publisher.egg-info/SOURCES.txt'
[17.748s] writing manifest file 'keyboard_publisher.egg-info/SOURCES.txt'
[17.924s] running build_ext
[17.925s] Creating /home/cadt-02/Documents/can_test_usb/ros2_can/install/keyboard_publisher/lib/python3.8/site-packages/keyboard-publisher.egg-link (link to .)
[17.926s] Installing keyboard_publisher script to /home/cadt-02/Documents/can_test_usb/ros2_can/install/keyboard_publisher/lib/keyboard_publisher
[17.928s] 
[17.929s] Installed /home/cadt-02/Documents/can_test_usb/ros2_can/build/keyboard_publisher
[17.929s] running install_data
[17.929s] copying resource/keyboard_publisher -> /home/cadt-02/Documents/can_test_usb/ros2_can/install/keyboard_publisher/share/ament_index/resource_index/packages
[17.930s] copying package.xml -> /home/cadt-02/Documents/can_test_usb/ros2_can/install/keyboard_publisher/share/keyboard_publisher
[18.095s] Invoked command in '/home/cadt-02/Documents/can_test_usb/ros2_can/build/keyboard_publisher' returned '0': NX_CONNECTION=172.23.33.204 59150 172.23.34.34 4000 PYTHONPATH=/home/cadt-02/Documents/can_test_usb/ros2_can/build/keyboard_publisher/prefix_override:/home/cadt-02/Documents/can_test_usb/ros2_can/install/keyboard_publisher/lib/python3.8/site-packages:${PYTHONPATH} /usr/bin/python3 setup.py develop --editable --build-directory /home/cadt-02/Documents/can_test_usb/ros2_can/build/keyboard_publisher/build --no-deps install_data
