[8.567s] Invoking command in '/home/cadt-02/Documents/can_test_usb/ros2_can/build/ros_imu': PYTHONPATH=/home/cadt-02/Documents/can_test_usb/ros2_can/build/ros_imu/prefix_override:/home/cadt-02/Documents/can_test_usb/ros2_can/install/ros_imu/lib/python3.8/site-packages:${PYTHONPATH} /usr/bin/python3 setup.py develop --editable --build-directory /home/cadt-02/Documents/can_test_usb/ros2_can/build/ros_imu/build --no-deps install_data
[8.907s] /home/cadt-02/.local/lib/python3.8/site-packages/setuptools/dist.py:476: SetuptoolsDeprecationWarning: Invalid dash-separated options
[8.908s] !!
[8.910s] 
[8.910s]         ********************************************************************************
[8.911s]         Usage of dash-separated 'script-dir' will not be supported in future
[8.912s]         versions. Please use the underscore name 'script_dir' instead.
[8.913s] 
[8.914s]         By 2024-Sep-26, you need to update your project and remove deprecated calls
[8.914s]         or your builds will no longer be supported.
[8.916s] 
[8.917s]         See https://setuptools.pypa.io/en/latest/userguide/declarative_config.html for details.
[8.917s]         ********************************************************************************
[8.918s] 
[8.918s] !!
[8.919s]   opt = self.warn_dash_deprecation(opt, section)
[9.398s] running develop
[9.399s] /home/cadt-02/.local/lib/python3.8/site-packages/setuptools/command/develop.py:42: EasyInstallDeprecationWarning: easy_install command is deprecated.
[9.400s] !!
[9.400s] 
[9.400s]         ********************************************************************************
[9.403s]         Please avoid running ``setup.py`` and ``easy_install``.
[9.406s]         Instead, use pypa/build, pypa/installer or other
[9.407s]         standards-based tools.
[9.407s] 
[9.408s]         See https://github.com/pypa/setuptools/issues/917 for details.
[9.409s]         ********************************************************************************
[9.410s] 
[9.410s] !!
[9.411s]   easy_install.initialize_options(self)
[9.486s] /home/cadt-02/.local/lib/python3.8/site-packages/setuptools/_distutils/cmd.py:66: SetuptoolsDeprecationWarning: setup.py install is deprecated.
[9.488s] !!
[9.488s] 
[9.489s]         ********************************************************************************
[9.489s]         Please avoid running ``setup.py`` directly.
[9.490s]         Instead, use pypa/build, pypa/installer or other
[9.490s]         standards-based tools.
[9.491s] 
[9.493s]         See https://blog.ganssle.io/articles/2021/10/setup-py-deprecated.html for details.
[9.493s]         ********************************************************************************
[9.494s] 
[9.495s] !!
[9.495s]   self.initialize_options()
[9.943s] running egg_info
[9.986s] writing ros_imu.egg-info/PKG-INFO
[9.988s] writing dependency_links to ros_imu.egg-info/dependency_links.txt
[9.990s] writing entry points to ros_imu.egg-info/entry_points.txt
[9.992s] writing requirements to ros_imu.egg-info/requires.txt
[9.996s] writing top-level names to ros_imu.egg-info/top_level.txt
[10.078s] reading manifest file 'ros_imu.egg-info/SOURCES.txt'
[10.079s] writing manifest file 'ros_imu.egg-info/SOURCES.txt'
[10.235s] running build_ext
[10.235s] Creating /home/cadt-02/Documents/can_test_usb/ros2_can/install/ros_imu/lib/python3.8/site-packages/ros-imu.egg-link (link to .)
[10.238s] Installing ros_imu script to /home/cadt-02/Documents/can_test_usb/ros2_can/install/ros_imu/lib/ros_imu
[10.238s] 
[10.239s] Installed /home/cadt-02/Documents/can_test_usb/ros2_can/build/ros_imu
[10.239s] running install_data
[10.239s] copying resource/ros_imu -> /home/cadt-02/Documents/can_test_usb/ros2_can/install/ros_imu/share/ament_index/resource_index/packages
[10.239s] copying package.xml -> /home/cadt-02/Documents/can_test_usb/ros2_can/install/ros_imu/share/ros_imu
[10.351s] Invoked command in '/home/cadt-02/Documents/can_test_usb/ros2_can/build/ros_imu' returned '0': PYTHONPATH=/home/cadt-02/Documents/can_test_usb/ros2_can/build/ros_imu/prefix_override:/home/cadt-02/Documents/can_test_usb/ros2_can/install/ros_imu/lib/python3.8/site-packages:${PYTHONPATH} /usr/bin/python3 setup.py develop --editable --build-directory /home/cadt-02/Documents/can_test_usb/ros2_can/build/ros_imu/build --no-deps install_data
