[12.431s] Invoking command in '/home/cadt-02/Documents/can_test_usb/ros2_can/build/my_robot': PYTHONPATH=/home/cadt-02/Documents/can_test_usb/ros2_can/build/my_robot/prefix_override:/home/cadt-02/Documents/can_test_usb/ros2_can/install/my_robot/lib/python3.8/site-packages:${PYTHONPATH} /usr/bin/python3 setup.py develop --editable --build-directory /home/cadt-02/Documents/can_test_usb/ros2_can/build/my_robot/build --no-deps install_data
[12.796s] /home/cadt-02/.local/lib/python3.8/site-packages/setuptools/dist.py:476: SetuptoolsDeprecationWarning: Invalid dash-separated options
[12.796s] !!
[12.796s] 
[12.796s]         ********************************************************************************
[12.796s]         Usage of dash-separated 'script-dir' will not be supported in future
[12.797s]         versions. Please use the underscore name 'script_dir' instead.
[12.797s] 
[12.797s]         By 2024-Sep-26, you need to update your project and remove deprecated calls
[12.797s]         or your builds will no longer be supported.
[12.797s] 
[12.797s]         See https://setuptools.pypa.io/en/latest/userguide/declarative_config.html for details.
[12.797s]         ********************************************************************************
[12.798s] 
[12.798s] !!
[12.798s]   opt = self.warn_dash_deprecation(opt, section)
[13.336s] running develop
[13.337s] /home/cadt-02/.local/lib/python3.8/site-packages/setuptools/command/develop.py:42: EasyInstallDeprecationWarning: easy_install command is deprecated.
[13.337s] !!
[13.337s] 
[13.337s]         ********************************************************************************
[13.337s]         Please avoid running ``setup.py`` and ``easy_install``.
[13.338s]         Instead, use pypa/build, pypa/installer or other
[13.338s]         standards-based tools.
[13.338s] 
[13.338s]         See https://github.com/pypa/setuptools/issues/917 for details.
[13.338s]         ********************************************************************************
[13.338s] 
[13.338s] !!
[13.339s]   easy_install.initialize_options(self)
[13.463s] /home/cadt-02/.local/lib/python3.8/site-packages/setuptools/_distutils/cmd.py:66: SetuptoolsDeprecationWarning: setup.py install is deprecated.
[13.463s] !!
[13.464s] 
[13.464s]         ********************************************************************************
[13.464s]         Please avoid running ``setup.py`` directly.
[13.464s]         Instead, use pypa/build, pypa/installer or other
[13.464s]         standards-based tools.
[13.464s] 
[13.465s]         See https://blog.ganssle.io/articles/2021/10/setup-py-deprecated.html for details.
[13.465s]         ********************************************************************************
[13.465s] 
[13.465s] !!
[13.465s]   self.initialize_options()
[14.034s] running egg_info
[14.087s] writing my_robot.egg-info/PKG-INFO
[14.087s] writing dependency_links to my_robot.egg-info/dependency_links.txt
[14.087s] writing entry points to my_robot.egg-info/entry_points.txt
[14.087s] writing requirements to my_robot.egg-info/requires.txt
[14.088s] writing top-level names to my_robot.egg-info/top_level.txt
[14.181s] reading manifest file 'my_robot.egg-info/SOURCES.txt'
[14.182s] writing manifest file 'my_robot.egg-info/SOURCES.txt'
[14.349s] running build_ext
[14.349s] Creating /home/cadt-02/Documents/can_test_usb/ros2_can/install/my_robot/lib/python3.8/site-packages/my-robot.egg-link (link to .)
[14.354s] Installing my_robot script to /home/cadt-02/Documents/can_test_usb/ros2_can/install/my_robot/lib/my_robot
[14.355s] 
[14.355s] Installed /home/cadt-02/Documents/can_test_usb/ros2_can/build/my_robot
[14.355s] running install_data
[14.355s] copying resource/my_robot -> /home/cadt-02/Documents/can_test_usb/ros2_can/install/my_robot/share/ament_index/resource_index/packages
[14.355s] copying package.xml -> /home/cadt-02/Documents/can_test_usb/ros2_can/install/my_robot/share/my_robot
[17.484s] Invoked command in '/home/cadt-02/Documents/can_test_usb/ros2_can/build/my_robot' returned '0': PYTHONPATH=/home/cadt-02/Documents/can_test_usb/ros2_can/build/my_robot/prefix_override:/home/cadt-02/Documents/can_test_usb/ros2_can/install/my_robot/lib/python3.8/site-packages:${PYTHONPATH} /usr/bin/python3 setup.py develop --editable --build-directory /home/cadt-02/Documents/can_test_usb/ros2_can/build/my_robot/build --no-deps install_data
