[14.653s] Invoking command in '/home/cadt-02/Documents/can_test_usb/ros2_can/build/movement': NX_CONNECTION=172.23.33.204 63376 172.23.34.34 4000 PYTHONPATH=/home/cadt-02/Documents/can_test_usb/ros2_can/build/movement/prefix_override:/home/cadt-02/Documents/can_test_usb/ros2_can/install/movement/lib/python3.8/site-packages:${PYTHONPATH} /usr/bin/python3 setup.py develop --editable --build-directory /home/cadt-02/Documents/can_test_usb/ros2_can/build/movement/build --no-deps install_data
[15.496s] running develop
[15.496s] /home/cadt-02/.local/lib/python3.8/site-packages/setuptools/command/develop.py:42: EasyInstallDeprecationWarning: easy_install command is deprecated.
[15.497s] !!
[15.497s] 
[15.497s]         ********************************************************************************
[15.497s]         Please avoid running ``setup.py`` and ``easy_install``.
[15.497s]         Instead, use pypa/build, pypa/installer or other
[15.497s]         standards-based tools.
[15.497s] 
[15.498s]         See https://github.com/pypa/setuptools/issues/917 for details.
[15.498s]         ********************************************************************************
[15.498s] 
[15.498s] !!
[15.498s]   easy_install.initialize_options(self)
[15.585s] /home/cadt-02/.local/lib/python3.8/site-packages/setuptools/_distutils/cmd.py:66: SetuptoolsDeprecationWarning: setup.py install is deprecated.
[15.585s] !!
[15.585s] 
[15.585s]         ********************************************************************************
[15.585s]         Please avoid running ``setup.py`` directly.
[15.585s]         Instead, use pypa/build, pypa/installer or other
[15.586s]         standards-based tools.
[15.586s] 
[15.586s]         See https://blog.ganssle.io/articles/2021/10/setup-py-deprecated.html for details.
[15.586s]         ********************************************************************************
[15.586s] 
[15.586s] !!
[15.586s]   self.initialize_options()
[16.046s] running egg_info
[16.086s] writing movement.egg-info/PKG-INFO
[16.087s] writing dependency_links to movement.egg-info/dependency_links.txt
[16.088s] writing entry points to movement.egg-info/entry_points.txt
[16.088s] writing requirements to movement.egg-info/requires.txt
[16.088s] writing top-level names to movement.egg-info/top_level.txt
[16.180s] reading manifest file 'movement.egg-info/SOURCES.txt'
[16.182s] writing manifest file 'movement.egg-info/SOURCES.txt'
[16.346s] running build_ext
[16.349s] Creating /home/cadt-02/Documents/can_test_usb/ros2_can/install/movement/lib/python3.8/site-packages/movement.egg-link (link to .)
[16.352s] Installing movement script to /home/cadt-02/Documents/can_test_usb/ros2_can/install/movement/lib/movement
[16.352s] 
[16.352s] Installed /home/cadt-02/Documents/can_test_usb/ros2_can/build/movement
[16.353s] running install_data
[16.353s] copying resource/movement -> /home/cadt-02/Documents/can_test_usb/ros2_can/install/movement/share/ament_index/resource_index/packages
[16.354s] copying package.xml -> /home/cadt-02/Documents/can_test_usb/ros2_can/install/movement/share/movement
[16.520s] Invoked command in '/home/cadt-02/Documents/can_test_usb/ros2_can/build/movement' returned '0': NX_CONNECTION=172.23.33.204 63376 172.23.34.34 4000 PYTHONPATH=/home/cadt-02/Documents/can_test_usb/ros2_can/build/movement/prefix_override:/home/cadt-02/Documents/can_test_usb/ros2_can/install/movement/lib/python3.8/site-packages:${PYTHONPATH} /usr/bin/python3 setup.py develop --editable --build-directory /home/cadt-02/Documents/can_test_usb/ros2_can/build/movement/build --no-deps install_data
