[9.750s] Invoking command in '/home/cadt-02/Documents/can_test_usb/ros2_can/build/ros_imu': PYTHONPATH=/home/cadt-02/Documents/can_test_usb/ros2_can/build/ros_imu/prefix_override:/home/cadt-02/Documents/can_test_usb/ros2_can/install/ros_imu/lib/python3.8/site-packages:${PYTHONPATH} /usr/bin/python3 setup.py develop --editable --build-directory /home/cadt-02/Documents/can_test_usb/ros2_can/build/ros_imu/build --no-deps install_data
[10.093s] /home/cadt-02/.local/lib/python3.8/site-packages/setuptools/dist.py:476: SetuptoolsDeprecationWarning: Invalid dash-separated options
[10.093s] !!
[10.093s] 
[10.094s]         ********************************************************************************
[10.094s]         Usage of dash-separated 'script-dir' will not be supported in future
[10.094s]         versions. Please use the underscore name 'script_dir' instead.
[10.094s] 
[10.094s]         By 2024-Sep-26, you need to update your project and remove deprecated calls
[10.094s]         or your builds will no longer be supported.
[10.094s] 
[10.094s]         See https://setuptools.pypa.io/en/latest/userguide/declarative_config.html for details.
[10.095s]         ********************************************************************************
[10.095s] 
[10.095s] !!
[10.095s]   opt = self.warn_dash_deprecation(opt, section)
[10.583s] running develop
[10.585s] /home/cadt-02/.local/lib/python3.8/site-packages/setuptools/command/develop.py:42: EasyInstallDeprecationWarning: easy_install command is deprecated.
[10.586s] !!
[10.586s] 
[10.586s]         ********************************************************************************
[10.586s]         Please avoid running ``setup.py`` and ``easy_install``.
[10.586s]         Instead, use pypa/build, pypa/installer or other
[10.586s]         standards-based tools.
[10.586s] 
[10.586s]         See https://github.com/pypa/setuptools/issues/917 for details.
[10.586s]         ********************************************************************************
[10.587s] 
[10.587s] !!
[10.587s]   easy_install.initialize_options(self)
[10.671s] /home/cadt-02/.local/lib/python3.8/site-packages/setuptools/_distutils/cmd.py:66: SetuptoolsDeprecationWarning: setup.py install is deprecated.
[10.671s] !!
[10.672s] 
[10.672s]         ********************************************************************************
[10.672s]         Please avoid running ``setup.py`` directly.
[10.672s]         Instead, use pypa/build, pypa/installer or other
[10.672s]         standards-based tools.
[10.672s] 
[10.672s]         See https://blog.ganssle.io/articles/2021/10/setup-py-deprecated.html for details.
[10.672s]         ********************************************************************************
[10.673s] 
[10.673s] !!
[10.673s]   self.initialize_options()
[11.127s] running egg_info
[11.169s] writing ros_imu.egg-info/PKG-INFO
[11.170s] writing dependency_links to ros_imu.egg-info/dependency_links.txt
[11.171s] writing entry points to ros_imu.egg-info/entry_points.txt
[11.171s] writing requirements to ros_imu.egg-info/requires.txt
[11.171s] writing top-level names to ros_imu.egg-info/top_level.txt
[11.263s] reading manifest file 'ros_imu.egg-info/SOURCES.txt'
[11.265s] writing manifest file 'ros_imu.egg-info/SOURCES.txt'
[11.421s] running build_ext
[11.421s] Creating /home/cadt-02/Documents/can_test_usb/ros2_can/install/ros_imu/lib/python3.8/site-packages/ros-imu.egg-link (link to .)
[11.423s] Installing ros_imu script to /home/cadt-02/Documents/can_test_usb/ros2_can/install/ros_imu/lib/ros_imu
[11.424s] 
[11.424s] Installed /home/cadt-02/Documents/can_test_usb/ros2_can/build/ros_imu
[11.424s] running install_data
[11.425s] copying resource/ros_imu -> /home/cadt-02/Documents/can_test_usb/ros2_can/install/ros_imu/share/ament_index/resource_index/packages
[11.425s] copying package.xml -> /home/cadt-02/Documents/can_test_usb/ros2_can/install/ros_imu/share/ros_imu
[12.664s] Invoked command in '/home/cadt-02/Documents/can_test_usb/ros2_can/build/ros_imu' returned '0': PYTHONPATH=/home/cadt-02/Documents/can_test_usb/ros2_can/build/ros_imu/prefix_override:/home/cadt-02/Documents/can_test_usb/ros2_can/install/ros_imu/lib/python3.8/site-packages:${PYTHONPATH} /usr/bin/python3 setup.py develop --editable --build-directory /home/cadt-02/Documents/can_test_usb/ros2_can/build/ros_imu/build --no-deps install_data
