[15.323s] Invoking command in '/home/cadt-02/Documents/can_test_usb/ros2_can/build/movement': PYTHONPATH=/home/cadt-02/Documents/can_test_usb/ros2_can/build/movement/prefix_override:/home/cadt-02/Documents/can_test_usb/ros2_can/install/movement/lib/python3.8/site-packages:${PYTHONPATH} /usr/bin/python3 setup.py develop --editable --build-directory /home/cadt-02/Documents/can_test_usb/ros2_can/build/movement/build --no-deps install_data
[16.555s] running develop
[16.555s] /home/cadt-02/.local/lib/python3.8/site-packages/setuptools/command/develop.py:42: EasyInstallDeprecationWarning: easy_install command is deprecated.
[16.555s] !!
[16.555s] 
[16.555s]         ********************************************************************************
[16.555s]         Please avoid running ``setup.py`` and ``easy_install``.
[16.556s]         Instead, use pypa/build, pypa/installer or other
[16.556s]         standards-based tools.
[16.556s] 
[16.556s]         See https://github.com/pypa/setuptools/issues/917 for details.
[16.556s]         ********************************************************************************
[16.556s] 
[16.556s] !!
[16.556s]   easy_install.initialize_options(self)
[16.557s] /home/cadt-02/.local/lib/python3.8/site-packages/setuptools/_distutils/cmd.py:66: SetuptoolsDeprecationWarning: setup.py install is deprecated.
[16.557s] !!
[16.557s] 
[16.557s]         ********************************************************************************
[16.557s]         Please avoid running ``setup.py`` directly.
[16.557s]         Instead, use pypa/build, pypa/installer or other
[16.557s]         standards-based tools.
[16.557s] 
[16.557s]         See https://blog.ganssle.io/articles/2021/10/setup-py-deprecated.html for details.
[16.558s]         ********************************************************************************
[16.558s] 
[16.558s] !!
[16.559s]   self.initialize_options()
[16.693s] running egg_info
[16.736s] writing movement.egg-info/PKG-INFO
[16.738s] writing dependency_links to movement.egg-info/dependency_links.txt
[16.740s] writing entry points to movement.egg-info/entry_points.txt
[16.740s] writing requirements to movement.egg-info/requires.txt
[16.741s] writing top-level names to movement.egg-info/top_level.txt
[16.836s] reading manifest file 'movement.egg-info/SOURCES.txt'
[16.837s] writing manifest file 'movement.egg-info/SOURCES.txt'
[17.001s] running build_ext
[17.001s] Creating /home/cadt-02/Documents/can_test_usb/ros2_can/install/movement/lib/python3.8/site-packages/movement.egg-link (link to .)
[17.003s] Installing movement script to /home/cadt-02/Documents/can_test_usb/ros2_can/install/movement/lib/movement
[17.005s] 
[17.005s] Installed /home/cadt-02/Documents/can_test_usb/ros2_can/build/movement
[17.006s] running install_data
[17.006s] copying resource/movement -> /home/cadt-02/Documents/can_test_usb/ros2_can/install/movement/share/ament_index/resource_index/packages
[17.007s] copying package.xml -> /home/cadt-02/Documents/can_test_usb/ros2_can/install/movement/share/movement
[22.755s] Invoked command in '/home/cadt-02/Documents/can_test_usb/ros2_can/build/movement' returned '0': PYTHONPATH=/home/cadt-02/Documents/can_test_usb/ros2_can/build/movement/prefix_override:/home/cadt-02/Documents/can_test_usb/ros2_can/install/movement/lib/python3.8/site-packages:${PYTHONPATH} /usr/bin/python3 setup.py develop --editable --build-directory /home/cadt-02/Documents/can_test_usb/ros2_can/build/movement/build --no-deps install_data
