[17.773s] Invoking command in '/home/cadt-02/Documents/can_test_usb/ros2_can/build/odometry_cont': PYTHONPATH=/home/cadt-02/Documents/can_test_usb/ros2_can/build/odometry_cont/prefix_override:/home/cadt-02/Documents/can_test_usb/ros2_can/install/odometry_cont/lib/python3.8/site-packages:${PYTHONPATH} /usr/bin/python3 setup.py develop --editable --build-directory /home/cadt-02/Documents/can_test_usb/ros2_can/build/odometry_cont/build --no-deps install_data
[18.119s] /home/cadt-02/.local/lib/python3.8/site-packages/setuptools/dist.py:476: SetuptoolsDeprecationWarning: Invalid dash-separated options
[18.120s] !!
[18.120s] 
[18.120s]         ********************************************************************************
[18.120s]         Usage of dash-separated 'script-dir' will not be supported in future
[18.120s]         versions. Please use the underscore name 'script_dir' instead.
[18.121s] 
[18.121s]         By 2024-Sep-26, you need to update your project and remove deprecated calls
[18.121s]         or your builds will no longer be supported.
[18.121s] 
[18.121s]         See https://setuptools.pypa.io/en/latest/userguide/declarative_config.html for details.
[18.121s]         ********************************************************************************
[18.122s] 
[18.122s] !!
[18.122s]   opt = self.warn_dash_deprecation(opt, section)
[18.619s] running develop
[18.619s] /home/cadt-02/.local/lib/python3.8/site-packages/setuptools/command/develop.py:42: EasyInstallDeprecationWarning: easy_install command is deprecated.
[18.619s] !!
[18.619s] 
[18.619s]         ********************************************************************************
[18.619s]         Please avoid running ``setup.py`` and ``easy_install``.
[18.620s]         Instead, use pypa/build, pypa/installer or other
[18.620s]         standards-based tools.
[18.620s] 
[18.620s]         See https://github.com/pypa/setuptools/issues/917 for details.
[18.620s]         ********************************************************************************
[18.620s] 
[18.620s] !!
[18.621s]   easy_install.initialize_options(self)
[18.708s] /home/cadt-02/.local/lib/python3.8/site-packages/setuptools/_distutils/cmd.py:66: SetuptoolsDeprecationWarning: setup.py install is deprecated.
[18.708s] !!
[18.708s] 
[18.708s]         ********************************************************************************
[18.708s]         Please avoid running ``setup.py`` directly.
[18.708s]         Instead, use pypa/build, pypa/installer or other
[18.709s]         standards-based tools.
[18.709s] 
[18.709s]         See https://blog.ganssle.io/articles/2021/10/setup-py-deprecated.html for details.
[18.709s]         ********************************************************************************
[18.709s] 
[18.709s] !!
[18.709s]   self.initialize_options()
[19.179s] running egg_info
[19.222s] writing odometry_cont.egg-info/PKG-INFO
[19.224s] writing dependency_links to odometry_cont.egg-info/dependency_links.txt
[19.225s] writing entry points to odometry_cont.egg-info/entry_points.txt
[19.225s] writing requirements to odometry_cont.egg-info/requires.txt
[19.226s] writing top-level names to odometry_cont.egg-info/top_level.txt
[19.317s] reading manifest file 'odometry_cont.egg-info/SOURCES.txt'
[19.319s] writing manifest file 'odometry_cont.egg-info/SOURCES.txt'
[19.479s] running build_ext
[19.479s] Creating /home/cadt-02/Documents/can_test_usb/ros2_can/install/odometry_cont/lib/python3.8/site-packages/odometry-cont.egg-link (link to .)
[19.481s] Installing odometry_cont script to /home/cadt-02/Documents/can_test_usb/ros2_can/install/odometry_cont/lib/odometry_cont
[19.482s] 
[19.482s] Installed /home/cadt-02/Documents/can_test_usb/ros2_can/build/odometry_cont
[19.482s] running install_data
[19.482s] copying resource/odometry_cont -> /home/cadt-02/Documents/can_test_usb/ros2_can/install/odometry_cont/share/ament_index/resource_index/packages
[19.483s] copying package.xml -> /home/cadt-02/Documents/can_test_usb/ros2_can/install/odometry_cont/share/odometry_cont
[19.634s] Invoked command in '/home/cadt-02/Documents/can_test_usb/ros2_can/build/odometry_cont' returned '0': PYTHONPATH=/home/cadt-02/Documents/can_test_usb/ros2_can/build/odometry_cont/prefix_override:/home/cadt-02/Documents/can_test_usb/ros2_can/install/odometry_cont/lib/python3.8/site-packages:${PYTHONPATH} /usr/bin/python3 setup.py develop --editable --build-directory /home/cadt-02/Documents/can_test_usb/ros2_can/build/odometry_cont/build --no-deps install_data
