[12.233s] Invoking command in '/home/cadt-02/Documents/can_test_usb/ros2_can/build/my_robot': PYTHONPATH=/home/cadt-02/Documents/can_test_usb/ros2_can/build/my_robot/prefix_override:/home/cadt-02/Documents/can_test_usb/ros2_can/install/my_robot/lib/python3.8/site-packages:${PYTHONPATH} /usr/bin/python3 setup.py develop --editable --build-directory /home/cadt-02/Documents/can_test_usb/ros2_can/build/my_robot/build --no-deps install_data
[12.603s] /home/cadt-02/.local/lib/python3.8/site-packages/setuptools/dist.py:476: SetuptoolsDeprecationWarning: Invalid dash-separated options
[12.603s] !!
[12.603s] 
[12.603s]         ********************************************************************************
[12.604s]         Usage of dash-separated 'script-dir' will not be supported in future
[12.604s]         versions. Please use the underscore name 'script_dir' instead.
[12.604s] 
[12.604s]         By 2024-Sep-26, you need to update your project and remove deprecated calls
[12.604s]         or your builds will no longer be supported.
[12.604s] 
[12.604s]         See https://setuptools.pypa.io/en/latest/userguide/declarative_config.html for details.
[12.605s]         ********************************************************************************
[12.605s] 
[12.605s] !!
[12.605s]   opt = self.warn_dash_deprecation(opt, section)
[13.129s] running develop
[13.130s] /home/cadt-02/.local/lib/python3.8/site-packages/setuptools/command/develop.py:42: EasyInstallDeprecationWarning: easy_install command is deprecated.
[13.130s] !!
[13.130s] 
[13.130s]         ********************************************************************************
[13.130s]         Please avoid running ``setup.py`` and ``easy_install``.
[13.130s]         Instead, use pypa/build, pypa/installer or other
[13.130s]         standards-based tools.
[13.131s] 
[13.131s]         See https://github.com/pypa/setuptools/issues/917 for details.
[13.131s]         ********************************************************************************
[13.131s] 
[13.131s] !!
[13.131s]   easy_install.initialize_options(self)
[13.222s] /home/cadt-02/.local/lib/python3.8/site-packages/setuptools/_distutils/cmd.py:66: SetuptoolsDeprecationWarning: setup.py install is deprecated.
[13.222s] !!
[13.222s] 
[13.222s]         ********************************************************************************
[13.222s]         Please avoid running ``setup.py`` directly.
[13.223s]         Instead, use pypa/build, pypa/installer or other
[13.223s]         standards-based tools.
[13.223s] 
[13.223s]         See https://blog.ganssle.io/articles/2021/10/setup-py-deprecated.html for details.
[13.223s]         ********************************************************************************
[13.223s] 
[13.223s] !!
[13.223s]   self.initialize_options()
[13.696s] running egg_info
[13.739s] writing my_robot.egg-info/PKG-INFO
[13.741s] writing dependency_links to my_robot.egg-info/dependency_links.txt
[13.742s] writing entry points to my_robot.egg-info/entry_points.txt
[13.743s] writing requirements to my_robot.egg-info/requires.txt
[13.744s] writing top-level names to my_robot.egg-info/top_level.txt
[13.838s] reading manifest file 'my_robot.egg-info/SOURCES.txt'
[13.840s] writing manifest file 'my_robot.egg-info/SOURCES.txt'
[14.014s] running build_ext
[14.014s] Creating /home/cadt-02/Documents/can_test_usb/ros2_can/install/my_robot/lib/python3.8/site-packages/my-robot.egg-link (link to .)
[14.016s] Installing my_robot script to /home/cadt-02/Documents/can_test_usb/ros2_can/install/my_robot/lib/my_robot
[14.023s] 
[14.024s] Installed /home/cadt-02/Documents/can_test_usb/ros2_can/build/my_robot
[14.025s] running install_data
[14.037s] copying resource/my_robot -> /home/cadt-02/Documents/can_test_usb/ros2_can/install/my_robot/share/ament_index/resource_index/packages
[14.038s] copying package.xml -> /home/cadt-02/Documents/can_test_usb/ros2_can/install/my_robot/share/my_robot
[17.030s] Invoked command in '/home/cadt-02/Documents/can_test_usb/ros2_can/build/my_robot' returned '0': PYTHONPATH=/home/cadt-02/Documents/can_test_usb/ros2_can/build/my_robot/prefix_override:/home/cadt-02/Documents/can_test_usb/ros2_can/install/my_robot/lib/python3.8/site-packages:${PYTHONPATH} /usr/bin/python3 setup.py develop --editable --build-directory /home/cadt-02/Documents/can_test_usb/ros2_can/build/my_robot/build --no-deps install_data
