[11.563s] Invoking command in '/home/cadt-02/Documents/can_test_usb/ros2_can/build/ros_imu': PYTHONPATH=/home/cadt-02/Documents/can_test_usb/ros2_can/build/ros_imu/prefix_override:/home/cadt-02/Documents/can_test_usb/ros2_can/install/ros_imu/lib/python3.8/site-packages:${PYTHONPATH} /usr/bin/python3 setup.py develop --editable --build-directory /home/cadt-02/Documents/can_test_usb/ros2_can/build/ros_imu/build --no-deps install_data
[11.955s] /home/cadt-02/.local/lib/python3.8/site-packages/setuptools/dist.py:476: SetuptoolsDeprecationWarning: Invalid dash-separated options
[11.955s] !!
[11.956s] 
[11.956s]         ********************************************************************************
[11.956s]         Usage of dash-separated 'script-dir' will not be supported in future
[11.956s]         versions. Please use the underscore name 'script_dir' instead.
[11.956s] 
[11.957s]         By 2024-Sep-26, you need to update your project and remove deprecated calls
[11.957s]         or your builds will no longer be supported.
[11.957s] 
[11.957s]         See https://setuptools.pypa.io/en/latest/userguide/declarative_config.html for details.
[11.957s]         ********************************************************************************
[11.957s] 
[11.957s] !!
[11.958s]   opt = self.warn_dash_deprecation(opt, section)
[12.480s] running develop
[12.480s] /home/cadt-02/.local/lib/python3.8/site-packages/setuptools/command/develop.py:42: EasyInstallDeprecationWarning: easy_install command is deprecated.
[12.481s] !!
[12.481s] 
[12.481s]         ********************************************************************************
[12.481s]         Please avoid running ``setup.py`` and ``easy_install``.
[12.481s]         Instead, use pypa/build, pypa/installer or other
[12.481s]         standards-based tools.
[12.481s] 
[12.482s]         See https://github.com/pypa/setuptools/issues/917 for details.
[12.482s]         ********************************************************************************
[12.482s] 
[12.482s] !!
[12.482s]   easy_install.initialize_options(self)
[12.578s] /home/cadt-02/.local/lib/python3.8/site-packages/setuptools/_distutils/cmd.py:66: SetuptoolsDeprecationWarning: setup.py install is deprecated.
[12.579s] !!
[12.579s] 
[12.579s]         ********************************************************************************
[12.579s]         Please avoid running ``setup.py`` directly.
[12.579s]         Instead, use pypa/build, pypa/installer or other
[12.580s]         standards-based tools.
[12.580s] 
[12.580s]         See https://blog.ganssle.io/articles/2021/10/setup-py-deprecated.html for details.
[12.580s]         ********************************************************************************
[12.580s] 
[12.580s] !!
[12.580s]   self.initialize_options()
[13.070s] running egg_info
[13.116s] writing ros_imu.egg-info/PKG-INFO
[13.119s] writing dependency_links to ros_imu.egg-info/dependency_links.txt
[13.120s] writing entry points to ros_imu.egg-info/entry_points.txt
[13.122s] writing requirements to ros_imu.egg-info/requires.txt
[13.123s] writing top-level names to ros_imu.egg-info/top_level.txt
[13.224s] reading manifest file 'ros_imu.egg-info/SOURCES.txt'
[13.225s] writing manifest file 'ros_imu.egg-info/SOURCES.txt'
[13.399s] running build_ext
[13.400s] Creating /home/cadt-02/Documents/can_test_usb/ros2_can/install/ros_imu/lib/python3.8/site-packages/ros-imu.egg-link (link to .)
[13.402s] Installing ros_imu script to /home/cadt-02/Documents/can_test_usb/ros2_can/install/ros_imu/lib/ros_imu
[13.404s] 
[13.404s] Installed /home/cadt-02/Documents/can_test_usb/ros2_can/build/ros_imu
[13.404s] running install_data
[13.407s] copying resource/ros_imu -> /home/cadt-02/Documents/can_test_usb/ros2_can/install/ros_imu/share/ament_index/resource_index/packages
[13.407s] copying package.xml -> /home/cadt-02/Documents/can_test_usb/ros2_can/install/ros_imu/share/ros_imu
[14.758s] Invoked command in '/home/cadt-02/Documents/can_test_usb/ros2_can/build/ros_imu' returned '0': PYTHONPATH=/home/cadt-02/Documents/can_test_usb/ros2_can/build/ros_imu/prefix_override:/home/cadt-02/Documents/can_test_usb/ros2_can/install/ros_imu/lib/python3.8/site-packages:${PYTHONPATH} /usr/bin/python3 setup.py develop --editable --build-directory /home/cadt-02/Documents/can_test_usb/ros2_can/build/ros_imu/build --no-deps install_data
