[14.678s] Invoking command in '/home/cadt-02/Documents/can_test_usb/ros2_can/build/auto_r2': PYTHONPATH=/home/cadt-02/Documents/can_test_usb/ros2_can/build/auto_r2/prefix_override:/home/cadt-02/Documents/can_test_usb/ros2_can/install/auto_r2/lib/python3.8/site-packages:${PYTHONPATH} /usr/bin/python3 setup.py develop --uninstall --editable --build-directory /home/cadt-02/Documents/can_test_usb/ros2_can/build/auto_r2/build
[15.065s] /home/cadt-02/.local/lib/python3.8/site-packages/setuptools/dist.py:476: SetuptoolsDeprecationWarning: Invalid dash-separated options
[15.065s] !!
[15.065s] 
[15.066s]         ********************************************************************************
[15.066s]         Usage of dash-separated 'script-dir' will not be supported in future
[15.066s]         versions. Please use the underscore name 'script_dir' instead.
[15.066s] 
[15.067s]         By 2024-Sep-26, you need to update your project and remove deprecated calls
[15.067s]         or your builds will no longer be supported.
[15.067s] 
[15.068s]         See https://setuptools.pypa.io/en/latest/userguide/declarative_config.html for details.
[15.068s]         ********************************************************************************
[15.068s] 
[15.068s] !!
[15.068s]   opt = self.warn_dash_deprecation(opt, section)
[15.548s] running develop
[15.549s] /home/cadt-02/.local/lib/python3.8/site-packages/setuptools/command/develop.py:42: EasyInstallDeprecationWarning: easy_install command is deprecated.
[15.550s] !!
[15.550s] 
[15.550s]         ********************************************************************************
[15.550s]         Please avoid running ``setup.py`` and ``easy_install``.
[15.551s]         Instead, use pypa/build, pypa/installer or other
[15.551s]         standards-based tools.
[15.551s] 
[15.551s]         See https://github.com/pypa/setuptools/issues/917 for details.
[15.552s]         ********************************************************************************
[15.552s] 
[15.552s] !!
[15.552s]   easy_install.initialize_options(self)
[15.660s] /home/cadt-02/.local/lib/python3.8/site-packages/setuptools/_distutils/cmd.py:66: SetuptoolsDeprecationWarning: setup.py install is deprecated.
[15.660s] !!
[15.660s] 
[15.660s]         ********************************************************************************
[15.661s]         Please avoid running ``setup.py`` directly.
[15.661s]         Instead, use pypa/build, pypa/installer or other
[15.661s]         standards-based tools.
[15.661s] 
[15.661s]         See https://blog.ganssle.io/articles/2021/10/setup-py-deprecated.html for details.
[15.661s]         ********************************************************************************
[15.661s] 
[15.662s] !!
[15.662s]   self.initialize_options()
[16.172s] Removing /home/cadt-02/Documents/can_test_usb/ros2_can/install/auto_r2/lib/python3.8/site-packages/auto-r2.egg-link (link to .)
[17.242s] Invoked command in '/home/cadt-02/Documents/can_test_usb/ros2_can/build/auto_r2' returned '0': PYTHONPATH=/home/cadt-02/Documents/can_test_usb/ros2_can/build/auto_r2/prefix_override:/home/cadt-02/Documents/can_test_usb/ros2_can/install/auto_r2/lib/python3.8/site-packages:${PYTHONPATH} /usr/bin/python3 setup.py develop --uninstall --editable --build-directory /home/cadt-02/Documents/can_test_usb/ros2_can/build/auto_r2/build
[17.247s] Invoking command in '/home/cadt-02/Documents/can_test_usb/ros2_can/src/auto_r2': PYTHONPATH=/home/cadt-02/Documents/can_test_usb/ros2_can/build/auto_r2/prefix_override:/home/cadt-02/Documents/can_test_usb/ros2_can/install/auto_r2/lib/python3.8/site-packages:${PYTHONPATH} /usr/bin/python3 setup.py egg_info --egg-base ../../build/auto_r2 build --build-base /home/cadt-02/Documents/can_test_usb/ros2_can/build/auto_r2/build install --record /home/cadt-02/Documents/can_test_usb/ros2_can/build/auto_r2/install.log --install-scripts $base/lib/auto_r2 --single-version-externally-managed
[17.634s] /home/cadt-02/.local/lib/python3.8/site-packages/setuptools/dist.py:476: SetuptoolsDeprecationWarning: Invalid dash-separated options
[17.634s] !!
[17.634s] 
[17.634s]         ********************************************************************************
[17.635s]         Usage of dash-separated 'script-dir' will not be supported in future
[17.635s]         versions. Please use the underscore name 'script_dir' instead.
[17.635s] 
[17.635s]         By 2024-Sep-26, you need to update your project and remove deprecated calls
[17.635s]         or your builds will no longer be supported.
[17.635s] 
[17.635s]         See https://setuptools.pypa.io/en/latest/userguide/declarative_config.html for details.
[17.636s]         ********************************************************************************
[17.636s] 
[17.636s] !!
[17.636s]   opt = self.warn_dash_deprecation(opt, section)
[17.923s] running egg_info
[17.972s] writing ../../build/auto_r2/auto_r2.egg-info/PKG-INFO
[17.974s] writing dependency_links to ../../build/auto_r2/auto_r2.egg-info/dependency_links.txt
[17.974s] writing entry points to ../../build/auto_r2/auto_r2.egg-info/entry_points.txt
[17.976s] writing requirements to ../../build/auto_r2/auto_r2.egg-info/requires.txt
[17.976s] writing top-level names to ../../build/auto_r2/auto_r2.egg-info/top_level.txt
[18.331s] reading manifest file '../../build/auto_r2/auto_r2.egg-info/SOURCES.txt'
[18.333s] writing manifest file '../../build/auto_r2/auto_r2.egg-info/SOURCES.txt'
[18.333s] running build
[18.334s] running build_py
[18.335s] creating /home/cadt-02/Documents/can_test_usb/ros2_can/build/auto_r2/build
[18.336s] creating /home/cadt-02/Documents/can_test_usb/ros2_can/build/auto_r2/build/lib
[18.336s] creating /home/cadt-02/Documents/can_test_usb/ros2_can/build/auto_r2/build/lib/auto_r2
[18.336s] copying auto_r2/__init__.py -> /home/cadt-02/Documents/can_test_usb/ros2_can/build/auto_r2/build/lib/auto_r2
[18.337s] copying auto_r2/movement_control.py -> /home/cadt-02/Documents/can_test_usb/ros2_can/build/auto_r2/build/lib/auto_r2
[18.337s] running install
[18.337s] /home/cadt-02/.local/lib/python3.8/site-packages/setuptools/_distutils/cmd.py:66: SetuptoolsDeprecationWarning: setup.py install is deprecated.
[18.337s] !!
[18.337s] 
[18.337s]         ********************************************************************************
[18.337s]         Please avoid running ``setup.py`` directly.
[18.338s]         Instead, use pypa/build, pypa/installer or other
[18.338s]         standards-based tools.
[18.338s] 
[18.338s]         See https://blog.ganssle.io/articles/2021/10/setup-py-deprecated.html for details.
[18.338s]         ********************************************************************************
[18.338s] 
[18.338s] !!
[18.338s]   self.initialize_options()
[18.348s] running install_lib
[18.395s] creating /home/cadt-02/Documents/can_test_usb/ros2_can/install/auto_r2/lib/python3.8/site-packages/auto_r2
[18.395s] copying /home/cadt-02/Documents/can_test_usb/ros2_can/build/auto_r2/build/lib/auto_r2/__init__.py -> /home/cadt-02/Documents/can_test_usb/ros2_can/install/auto_r2/lib/python3.8/site-packages/auto_r2
[18.395s] copying /home/cadt-02/Documents/can_test_usb/ros2_can/build/auto_r2/build/lib/auto_r2/movement_control.py -> /home/cadt-02/Documents/can_test_usb/ros2_can/install/auto_r2/lib/python3.8/site-packages/auto_r2
[18.397s] byte-compiling /home/cadt-02/Documents/can_test_usb/ros2_can/install/auto_r2/lib/python3.8/site-packages/auto_r2/__init__.py to __init__.cpython-38.pyc
[18.397s] byte-compiling /home/cadt-02/Documents/can_test_usb/ros2_can/install/auto_r2/lib/python3.8/site-packages/auto_r2/movement_control.py to movement_control.cpython-38.pyc
[18.398s] running install_data
[18.445s] copying resource/auto_r2 -> /home/cadt-02/Documents/can_test_usb/ros2_can/install/auto_r2/share/ament_index/resource_index/packages
[18.445s] copying package.xml -> /home/cadt-02/Documents/can_test_usb/ros2_can/install/auto_r2/share/auto_r2
[18.445s] running install_egg_info
[18.501s] Copying ../../build/auto_r2/auto_r2.egg-info to /home/cadt-02/Documents/can_test_usb/ros2_can/install/auto_r2/lib/python3.8/site-packages/auto_r2-0.0.0-py3.8.egg-info
[18.502s] running install_scripts
[18.609s] Installing auto_r2 script to /home/cadt-02/Documents/can_test_usb/ros2_can/install/auto_r2/lib/auto_r2
[18.610s] writing list of installed files to '/home/cadt-02/Documents/can_test_usb/ros2_can/build/auto_r2/install.log'
[20.599s] Invoked command in '/home/cadt-02/Documents/can_test_usb/ros2_can/src/auto_r2' returned '0': PYTHONPATH=/home/cadt-02/Documents/can_test_usb/ros2_can/build/auto_r2/prefix_override:/home/cadt-02/Documents/can_test_usb/ros2_can/install/auto_r2/lib/python3.8/site-packages:${PYTHONPATH} /usr/bin/python3 setup.py egg_info --egg-base ../../build/auto_r2 build --build-base /home/cadt-02/Documents/can_test_usb/ros2_can/build/auto_r2/build install --record /home/cadt-02/Documents/can_test_usb/ros2_can/build/auto_r2/install.log --install-scripts $base/lib/auto_r2 --single-version-externally-managed
