[12.295s] Invoking command in '/home/cadt-02/Documents/can_test_usb/ros2_can/build/my_robot': PYTHONPATH=/home/cadt-02/Documents/can_test_usb/ros2_can/build/my_robot/prefix_override:/home/cadt-02/Documents/can_test_usb/ros2_can/install/my_robot/lib/python3.8/site-packages:${PYTHONPATH} /usr/bin/python3 setup.py develop --editable --build-directory /home/cadt-02/Documents/can_test_usb/ros2_can/build/my_robot/build --no-deps install_data
[13.577s] running develop
[13.607s] /home/cadt-02/.local/lib/python3.8/site-packages/setuptools/dist.py:476: SetuptoolsDeprecationWarning: Invalid dash-separated options
[13.607s] !!
[13.607s] 
[13.607s]         ********************************************************************************
[13.608s]         Usage of dash-separated 'script-dir' will not be supported in future
[13.608s]         versions. Please use the underscore name 'script_dir' instead.
[13.608s] 
[13.608s]         By 2024-Sep-26, you need to update your project and remove deprecated calls
[13.608s]         or your builds will no longer be supported.
[13.608s] 
[13.608s]         See https://setuptools.pypa.io/en/latest/userguide/declarative_config.html for details.
[13.609s]         ********************************************************************************
[13.609s] 
[13.609s] !!
[13.609s]   opt = self.warn_dash_deprecation(opt, section)
[13.609s] /home/cadt-02/.local/lib/python3.8/site-packages/setuptools/command/develop.py:42: EasyInstallDeprecationWarning: easy_install command is deprecated.
[13.609s] !!
[13.609s] 
[13.609s]         ********************************************************************************
[13.610s]         Please avoid running ``setup.py`` and ``easy_install``.
[13.610s]         Instead, use pypa/build, pypa/installer or other
[13.610s]         standards-based tools.
[13.610s] 
[13.610s]         See https://github.com/pypa/setuptools/issues/917 for details.
[13.610s]         ********************************************************************************
[13.610s] 
[13.611s] !!
[13.611s]   easy_install.initialize_options(self)
[13.611s] /home/cadt-02/.local/lib/python3.8/site-packages/setuptools/_distutils/cmd.py:66: SetuptoolsDeprecationWarning: setup.py install is deprecated.
[13.611s] !!
[13.611s] 
[13.611s]         ********************************************************************************
[13.611s]         Please avoid running ``setup.py`` directly.
[13.611s]         Instead, use pypa/build, pypa/installer or other
[13.612s]         standards-based tools.
[13.612s] 
[13.612s]         See https://blog.ganssle.io/articles/2021/10/setup-py-deprecated.html for details.
[13.612s]         ********************************************************************************
[13.623s] 
[13.623s] !!
[13.623s]   self.initialize_options()
[13.697s] running egg_info
[13.738s] writing my_robot.egg-info/PKG-INFO
[13.739s] writing dependency_links to my_robot.egg-info/dependency_links.txt
[13.740s] writing entry points to my_robot.egg-info/entry_points.txt
[13.741s] writing requirements to my_robot.egg-info/requires.txt
[13.741s] writing top-level names to my_robot.egg-info/top_level.txt
[13.833s] reading manifest file 'my_robot.egg-info/SOURCES.txt'
[13.835s] writing manifest file 'my_robot.egg-info/SOURCES.txt'
[13.998s] running build_ext
[13.998s] Creating /home/cadt-02/Documents/can_test_usb/ros2_can/install/my_robot/lib/python3.8/site-packages/my-robot.egg-link (link to .)
[14.000s] Installing my_robot script to /home/cadt-02/Documents/can_test_usb/ros2_can/install/my_robot/lib/my_robot
[14.001s] 
[14.001s] Installed /home/cadt-02/Documents/can_test_usb/ros2_can/build/my_robot
[14.001s] running install_data
[14.001s] copying resource/my_robot -> /home/cadt-02/Documents/can_test_usb/ros2_can/install/my_robot/share/ament_index/resource_index/packages
[14.001s] copying package.xml -> /home/cadt-02/Documents/can_test_usb/ros2_can/install/my_robot/share/my_robot
[17.461s] Invoked command in '/home/cadt-02/Documents/can_test_usb/ros2_can/build/my_robot' returned '0': PYTHONPATH=/home/cadt-02/Documents/can_test_usb/ros2_can/build/my_robot/prefix_override:/home/cadt-02/Documents/can_test_usb/ros2_can/install/my_robot/lib/python3.8/site-packages:${PYTHONPATH} /usr/bin/python3 setup.py develop --editable --build-directory /home/cadt-02/Documents/can_test_usb/ros2_can/build/my_robot/build --no-deps install_data
