[15.238s] Invoking command in '/home/cadt-02/Documents/can_test_usb/ros2_can/build/my_package': PYTHONPATH=/home/cadt-02/Documents/can_test_usb/ros2_can/build/my_package/prefix_override:/home/cadt-02/Documents/can_test_usb/ros2_can/install/my_package/lib/python3.8/site-packages:${PYTHONPATH} /usr/bin/python3 setup.py develop --editable --build-directory /home/cadt-02/Documents/can_test_usb/ros2_can/build/my_package/build --no-deps install_data
[15.670s] /home/cadt-02/.local/lib/python3.8/site-packages/setuptools/dist.py:476: SetuptoolsDeprecationWarning: Invalid dash-separated options
[15.670s] !!
[15.671s] 
[15.671s]         ********************************************************************************
[15.671s]         Usage of dash-separated 'build-base' will not be supported in future
[15.671s]         versions. Please use the underscore name 'build_base' instead.
[15.671s] 
[15.671s]         By 2024-Sep-26, you need to update your project and remove deprecated calls
[15.671s]         or your builds will no longer be supported.
[15.672s] 
[15.672s]         See https://setuptools.pypa.io/en/latest/userguide/declarative_config.html for details.
[15.672s]         ********************************************************************************
[15.672s] 
[15.672s] !!
[15.672s]   opt = self.warn_dash_deprecation(opt, section)
[16.260s] running develop
[16.260s] /home/cadt-02/.local/lib/python3.8/site-packages/setuptools/command/develop.py:42: EasyInstallDeprecationWarning: easy_install command is deprecated.
[16.260s] !!
[16.261s] 
[16.261s]         ********************************************************************************
[16.261s]         Please avoid running ``setup.py`` and ``easy_install``.
[16.261s]         Instead, use pypa/build, pypa/installer or other
[16.262s]         standards-based tools.
[16.262s] 
[16.262s]         See https://github.com/pypa/setuptools/issues/917 for details.
[16.262s]         ********************************************************************************
[16.262s] 
[16.263s] !!
[16.263s]   easy_install.initialize_options(self)
[16.360s] /home/cadt-02/.local/lib/python3.8/site-packages/setuptools/_distutils/cmd.py:66: SetuptoolsDeprecationWarning: setup.py install is deprecated.
[16.361s] !!
[16.361s] 
[16.361s]         ********************************************************************************
[16.361s]         Please avoid running ``setup.py`` directly.
[16.361s]         Instead, use pypa/build, pypa/installer or other
[16.361s]         standards-based tools.
[16.362s] 
[16.362s]         See https://blog.ganssle.io/articles/2021/10/setup-py-deprecated.html for details.
[16.362s]         ********************************************************************************
[16.362s] 
[16.362s] !!
[16.362s]   self.initialize_options()
[16.875s] running egg_info
[16.931s] writing my_package.egg-info/PKG-INFO
[16.933s] writing dependency_links to my_package.egg-info/dependency_links.txt
[16.935s] writing entry points to my_package.egg-info/entry_points.txt
[16.936s] writing requirements to my_package.egg-info/requires.txt
[16.939s] writing top-level names to my_package.egg-info/top_level.txt
[17.046s] reading manifest file 'my_package.egg-info/SOURCES.txt'
[17.047s] writing manifest file 'my_package.egg-info/SOURCES.txt'
[17.228s] running build_ext
[17.229s] Creating /home/cadt-02/Documents/can_test_usb/ros2_can/install/my_package/lib/python3.8/site-packages/my-package.egg-link (link to .)
[17.230s] Installing live_detection_node script to /home/cadt-02/Documents/can_test_usb/ros2_can/install/my_package/lib/my_package
[17.231s] Installing main script to /home/cadt-02/Documents/can_test_usb/ros2_can/install/my_package/lib/my_package
[17.232s] Installing my_node script to /home/cadt-02/Documents/can_test_usb/ros2_can/install/my_package/lib/my_package
[17.232s] Installing reinforcement_r2 script to /home/cadt-02/Documents/can_test_usb/ros2_can/install/my_package/lib/my_package
[17.232s] 
[17.232s] Installed /home/cadt-02/Documents/can_test_usb/ros2_can/build/my_package
[17.232s] running install_data
[17.233s] copying resource/my_package -> /home/cadt-02/Documents/can_test_usb/ros2_can/install/my_package/share/ament_index/resource_index/packages
[17.233s] copying package.xml -> /home/cadt-02/Documents/can_test_usb/ros2_can/install/my_package/share/my_package
[20.506s] Invoked command in '/home/cadt-02/Documents/can_test_usb/ros2_can/build/my_package' returned '0': PYTHONPATH=/home/cadt-02/Documents/can_test_usb/ros2_can/build/my_package/prefix_override:/home/cadt-02/Documents/can_test_usb/ros2_can/install/my_package/lib/python3.8/site-packages:${PYTHONPATH} /usr/bin/python3 setup.py develop --editable --build-directory /home/cadt-02/Documents/can_test_usb/ros2_can/build/my_package/build --no-deps install_data
