[20.657s] Invoking command in '/home/cadt-02/Documents/can_test_usb/ros2_can/build/auto_r2': PYTHONPATH=/home/cadt-02/Documents/can_test_usb/ros2_can/build/auto_r2/prefix_override:/home/cadt-02/Documents/can_test_usb/ros2_can/install/auto_r2/lib/python3.8/site-packages:${PYTHONPATH} /usr/bin/python3 setup.py develop --editable --build-directory /home/cadt-02/Documents/can_test_usb/ros2_can/build/auto_r2/build --no-deps install_data
[21.269s] /home/cadt-02/.local/lib/python3.8/site-packages/setuptools/dist.py:476: SetuptoolsDeprecationWarning: Invalid dash-separated options
[21.269s] !!
[21.270s] 
[21.270s]         ********************************************************************************
[21.270s]         Usage of dash-separated 'script-dir' will not be supported in future
[21.270s]         versions. Please use the underscore name 'script_dir' instead.
[21.270s] 
[21.270s]         By 2024-Sep-26, you need to update your project and remove deprecated calls
[21.270s]         or your builds will no longer be supported.
[21.270s] 
[21.271s]         See https://setuptools.pypa.io/en/latest/userguide/declarative_config.html for details.
[21.271s]         ********************************************************************************
[21.271s] 
[21.271s] !!
[21.271s]   opt = self.warn_dash_deprecation(opt, section)
[22.161s] running develop
[22.162s] /home/cadt-02/.local/lib/python3.8/site-packages/setuptools/command/develop.py:42: EasyInstallDeprecationWarning: easy_install command is deprecated.
[22.162s] !!
[22.162s] 
[22.162s]         ********************************************************************************
[22.162s]         Please avoid running ``setup.py`` and ``easy_install``.
[22.162s]         Instead, use pypa/build, pypa/installer or other
[22.162s]         standards-based tools.
[22.163s] 
[22.163s]         See https://github.com/pypa/setuptools/issues/917 for details.
[22.163s]         ********************************************************************************
[22.163s] 
[22.163s] !!
[22.163s]   easy_install.initialize_options(self)
[22.472s] /home/cadt-02/.local/lib/python3.8/site-packages/setuptools/_distutils/cmd.py:66: SetuptoolsDeprecationWarning: setup.py install is deprecated.
[22.472s] !!
[22.472s] 
[22.473s]         ********************************************************************************
[22.473s]         Please avoid running ``setup.py`` directly.
[22.473s]         Instead, use pypa/build, pypa/installer or other
[22.473s]         standards-based tools.
[22.473s] 
[22.473s]         See https://blog.ganssle.io/articles/2021/10/setup-py-deprecated.html for details.
[22.473s]         ********************************************************************************
[22.474s] 
[22.474s] !!
[22.474s]   self.initialize_options()
[23.430s] running egg_info
[23.525s] writing auto_r2.egg-info/PKG-INFO
[23.531s] writing dependency_links to auto_r2.egg-info/dependency_links.txt
[23.532s] writing entry points to auto_r2.egg-info/entry_points.txt
[23.532s] writing requirements to auto_r2.egg-info/requires.txt
[23.532s] writing top-level names to auto_r2.egg-info/top_level.txt
[23.732s] reading manifest file 'auto_r2.egg-info/SOURCES.txt'
[23.741s] writing manifest file 'auto_r2.egg-info/SOURCES.txt'
[24.000s] running build_ext
[24.000s] Creating /home/cadt-02/Documents/can_test_usb/ros2_can/install/auto_r2/lib/python3.8/site-packages/auto-r2.egg-link (link to .)
[24.001s] Installing auto_r2 script to /home/cadt-02/Documents/can_test_usb/ros2_can/install/auto_r2/lib/auto_r2
[24.002s] 
[24.002s] Installed /home/cadt-02/Documents/can_test_usb/ros2_can/build/auto_r2
[24.002s] running install_data
[24.002s] copying resource/auto_r2 -> /home/cadt-02/Documents/can_test_usb/ros2_can/install/auto_r2/share/ament_index/resource_index/packages
[24.003s] copying package.xml -> /home/cadt-02/Documents/can_test_usb/ros2_can/install/auto_r2/share/auto_r2
[34.288s] Invoked command in '/home/cadt-02/Documents/can_test_usb/ros2_can/build/auto_r2' returned '0': PYTHONPATH=/home/cadt-02/Documents/can_test_usb/ros2_can/build/auto_r2/prefix_override:/home/cadt-02/Documents/can_test_usb/ros2_can/install/auto_r2/lib/python3.8/site-packages:${PYTHONPATH} /usr/bin/python3 setup.py develop --editable --build-directory /home/cadt-02/Documents/can_test_usb/ros2_can/build/auto_r2/build --no-deps install_data
