[14.068s] Invoking command in '/home/cadt-02/Documents/can_test_usb/ros2_can/build/my_package': PYTHONPATH=/home/cadt-02/Documents/can_test_usb/ros2_can/build/my_package/prefix_override:/home/cadt-02/Documents/can_test_usb/ros2_can/install/my_package/lib/python3.8/site-packages:${PYTHONPATH} /usr/bin/python3 setup.py develop --editable --build-directory /home/cadt-02/Documents/can_test_usb/ros2_can/build/my_package/build --no-deps install_data
[14.455s] /home/cadt-02/.local/lib/python3.8/site-packages/setuptools/dist.py:476: SetuptoolsDeprecationWarning: Invalid dash-separated options
[14.456s] !!
[14.456s] 
[14.456s]         ********************************************************************************
[14.456s]         Usage of dash-separated 'build-base' will not be supported in future
[14.456s]         versions. Please use the underscore name 'build_base' instead.
[14.456s] 
[14.457s]         By 2024-Sep-26, you need to update your project and remove deprecated calls
[14.457s]         or your builds will no longer be supported.
[14.457s] 
[14.457s]         See https://setuptools.pypa.io/en/latest/userguide/declarative_config.html for details.
[14.457s]         ********************************************************************************
[14.457s] 
[14.457s] !!
[14.458s]   opt = self.warn_dash_deprecation(opt, section)
[14.999s] running develop
[15.003s] /home/cadt-02/.local/lib/python3.8/site-packages/setuptools/command/develop.py:42: EasyInstallDeprecationWarning: easy_install command is deprecated.
[15.003s] !!
[15.003s] 
[15.003s]         ********************************************************************************
[15.003s]         Please avoid running ``setup.py`` and ``easy_install``.
[15.003s]         Instead, use pypa/build, pypa/installer or other
[15.004s]         standards-based tools.
[15.004s] 
[15.004s]         See https://github.com/pypa/setuptools/issues/917 for details.
[15.004s]         ********************************************************************************
[15.004s] 
[15.004s] !!
[15.004s]   easy_install.initialize_options(self)
[15.099s] /home/cadt-02/.local/lib/python3.8/site-packages/setuptools/_distutils/cmd.py:66: SetuptoolsDeprecationWarning: setup.py install is deprecated.
[15.100s] !!
[15.100s] 
[15.101s]         ********************************************************************************
[15.102s]         Please avoid running ``setup.py`` directly.
[15.102s]         Instead, use pypa/build, pypa/installer or other
[15.103s]         standards-based tools.
[15.103s] 
[15.103s]         See https://blog.ganssle.io/articles/2021/10/setup-py-deprecated.html for details.
[15.103s]         ********************************************************************************
[15.103s] 
[15.104s] !!
[15.104s]   self.initialize_options()
[15.596s] running egg_info
[15.645s] writing my_package.egg-info/PKG-INFO
[15.645s] writing dependency_links to my_package.egg-info/dependency_links.txt
[15.650s] writing entry points to my_package.egg-info/entry_points.txt
[15.650s] writing requirements to my_package.egg-info/requires.txt
[15.650s] writing top-level names to my_package.egg-info/top_level.txt
[15.749s] reading manifest file 'my_package.egg-info/SOURCES.txt'
[15.752s] writing manifest file 'my_package.egg-info/SOURCES.txt'
[15.946s] running build_ext
[15.954s] Creating /home/cadt-02/Documents/can_test_usb/ros2_can/install/my_package/lib/python3.8/site-packages/my-package.egg-link (link to .)
[15.958s] Installing live_detection_node script to /home/cadt-02/Documents/can_test_usb/ros2_can/install/my_package/lib/my_package
[15.958s] Installing main script to /home/cadt-02/Documents/can_test_usb/ros2_can/install/my_package/lib/my_package
[15.958s] Installing my_node script to /home/cadt-02/Documents/can_test_usb/ros2_can/install/my_package/lib/my_package
[15.958s] Installing reinforcement_r2 script to /home/cadt-02/Documents/can_test_usb/ros2_can/install/my_package/lib/my_package
[15.958s] 
[15.958s] Installed /home/cadt-02/Documents/can_test_usb/ros2_can/build/my_package
[15.959s] running install_data
[15.959s] copying resource/my_package -> /home/cadt-02/Documents/can_test_usb/ros2_can/install/my_package/share/ament_index/resource_index/packages
[15.959s] copying package.xml -> /home/cadt-02/Documents/can_test_usb/ros2_can/install/my_package/share/my_package
[21.650s] Invoked command in '/home/cadt-02/Documents/can_test_usb/ros2_can/build/my_package' returned '0': PYTHONPATH=/home/cadt-02/Documents/can_test_usb/ros2_can/build/my_package/prefix_override:/home/cadt-02/Documents/can_test_usb/ros2_can/install/my_package/lib/python3.8/site-packages:${PYTHONPATH} /usr/bin/python3 setup.py develop --editable --build-directory /home/cadt-02/Documents/can_test_usb/ros2_can/build/my_package/build --no-deps install_data
