[12.445s] Invoking command in '/home/cadt-02/Documents/can_test_usb/ros2_can/build/my_robot': NX_CONNECTION=172.23.34.154 56590 172.23.34.34 4000 PYTHONPATH=/home/cadt-02/Documents/can_test_usb/ros2_can/build/my_robot/prefix_override:/home/cadt-02/Documents/can_test_usb/ros2_can/install/my_robot/lib/python3.8/site-packages:${PYTHONPATH} /usr/bin/python3 setup.py develop --editable --build-directory /home/cadt-02/Documents/can_test_usb/ros2_can/build/my_robot/build --no-deps install_data
[14.154s] running develop
[14.154s] running egg_info
[14.154s] writing my_robot.egg-info/PKG-INFO
[14.154s] writing dependency_links to my_robot.egg-info/dependency_links.txt
[14.154s] writing entry points to my_robot.egg-info/entry_points.txt
[14.154s] writing requirements to my_robot.egg-info/requires.txt
[14.154s] writing top-level names to my_robot.egg-info/top_level.txt
[14.155s] /home/cadt-02/.local/lib/python3.8/site-packages/setuptools/dist.py:476: SetuptoolsDeprecationWarning: Invalid dash-separated options
[14.155s] !!
[14.155s] 
[14.155s]         ********************************************************************************
[14.155s]         Usage of dash-separated 'script-dir' will not be supported in future
[14.155s]         versions. Please use the underscore name 'script_dir' instead.
[14.155s] 
[14.155s]         By 2024-Sep-26, you need to update your project and remove deprecated calls
[14.156s]         or your builds will no longer be supported.
[14.156s] 
[14.156s]         See https://setuptools.pypa.io/en/latest/userguide/declarative_config.html for details.
[14.156s]         ********************************************************************************
[14.156s] 
[14.156s] !!
[14.156s]   opt = self.warn_dash_deprecation(opt, section)
[14.156s] /home/cadt-02/.local/lib/python3.8/site-packages/setuptools/command/develop.py:42: EasyInstallDeprecationWarning: easy_install command is deprecated.
[14.156s] !!
[14.157s] 
[14.157s]         ********************************************************************************
[14.157s]         Please avoid running ``setup.py`` and ``easy_install``.
[14.158s]         Instead, use pypa/build, pypa/installer or other
[14.158s]         standards-based tools.
[14.159s] 
[14.159s]         See https://github.com/pypa/setuptools/issues/917 for details.
[14.160s]         ********************************************************************************
[14.160s] 
[14.161s] !!
[14.161s]   easy_install.initialize_options(self)
[14.161s] /home/cadt-02/.local/lib/python3.8/site-packages/setuptools/_distutils/cmd.py:66: SetuptoolsDeprecationWarning: setup.py install is deprecated.
[14.162s] !!
[14.162s] 
[14.163s]         ********************************************************************************
[14.163s]         Please avoid running ``setup.py`` directly.
[14.164s]         Instead, use pypa/build, pypa/installer or other
[14.164s]         standards-based tools.
[14.165s] 
[14.165s]         See https://blog.ganssle.io/articles/2021/10/setup-py-deprecated.html for details.
[14.166s]         ********************************************************************************
[14.166s] 
[14.167s] !!
[14.167s]   self.initialize_options()
[14.188s] reading manifest file 'my_robot.egg-info/SOURCES.txt'
[14.189s] writing manifest file 'my_robot.egg-info/SOURCES.txt'
[14.381s] running build_ext
[14.382s] Creating /home/cadt-02/Documents/can_test_usb/ros2_can/install/my_robot/lib/python3.8/site-packages/my-robot.egg-link (link to .)
[14.385s] Installing my_robot script to /home/cadt-02/Documents/can_test_usb/ros2_can/install/my_robot/lib/my_robot
[14.387s] 
[14.387s] Installed /home/cadt-02/Documents/can_test_usb/ros2_can/build/my_robot
[14.388s] running install_data
[14.391s] copying resource/my_robot -> /home/cadt-02/Documents/can_test_usb/ros2_can/install/my_robot/share/ament_index/resource_index/packages
[14.391s] copying package.xml -> /home/cadt-02/Documents/can_test_usb/ros2_can/install/my_robot/share/my_robot
[22.828s] Invoked command in '/home/cadt-02/Documents/can_test_usb/ros2_can/build/my_robot' returned '0': NX_CONNECTION=172.23.34.154 56590 172.23.34.34 4000 PYTHONPATH=/home/cadt-02/Documents/can_test_usb/ros2_can/build/my_robot/prefix_override:/home/cadt-02/Documents/can_test_usb/ros2_can/install/my_robot/lib/python3.8/site-packages:${PYTHONPATH} /usr/bin/python3 setup.py develop --editable --build-directory /home/cadt-02/Documents/can_test_usb/ros2_can/build/my_robot/build --no-deps install_data
