[14.102s] Invoking command in '/home/cadt-02/Documents/can_test_usb/ros2_can/build/my_package': PYTHONPATH=/home/cadt-02/Documents/can_test_usb/ros2_can/build/my_package/prefix_override:/home/cadt-02/Documents/can_test_usb/ros2_can/install/my_package/lib/python3.8/site-packages:${PYTHONPATH} /usr/bin/python3 setup.py develop --editable --build-directory /home/cadt-02/Documents/can_test_usb/ros2_can/build/my_package/build --no-deps install_data
[14.476s] /home/cadt-02/.local/lib/python3.8/site-packages/setuptools/dist.py:476: SetuptoolsDeprecationWarning: Invalid dash-separated options
[14.476s] !!
[14.476s] 
[14.476s]         ********************************************************************************
[14.477s]         Usage of dash-separated 'build-base' will not be supported in future
[14.477s]         versions. Please use the underscore name 'build_base' instead.
[14.477s] 
[14.477s]         By 2024-Sep-26, you need to update your project and remove deprecated calls
[14.477s]         or your builds will no longer be supported.
[14.477s] 
[14.477s]         See https://setuptools.pypa.io/en/latest/userguide/declarative_config.html for details.
[14.478s]         ********************************************************************************
[14.478s] 
[14.478s] !!
[14.478s]   opt = self.warn_dash_deprecation(opt, section)
[15.035s] running develop
[15.037s] /home/cadt-02/.local/lib/python3.8/site-packages/setuptools/command/develop.py:42: EasyInstallDeprecationWarning: easy_install command is deprecated.
[15.037s] !!
[15.038s] 
[15.038s]         ********************************************************************************
[15.038s]         Please avoid running ``setup.py`` and ``easy_install``.
[15.038s]         Instead, use pypa/build, pypa/installer or other
[15.038s]         standards-based tools.
[15.038s] 
[15.039s]         See https://github.com/pypa/setuptools/issues/917 for details.
[15.039s]         ********************************************************************************
[15.039s] 
[15.039s] !!
[15.039s]   easy_install.initialize_options(self)
[15.163s] /home/cadt-02/.local/lib/python3.8/site-packages/setuptools/_distutils/cmd.py:66: SetuptoolsDeprecationWarning: setup.py install is deprecated.
[15.163s] !!
[15.163s] 
[15.163s]         ********************************************************************************
[15.163s]         Please avoid running ``setup.py`` directly.
[15.164s]         Instead, use pypa/build, pypa/installer or other
[15.164s]         standards-based tools.
[15.164s] 
[15.164s]         See https://blog.ganssle.io/articles/2021/10/setup-py-deprecated.html for details.
[15.164s]         ********************************************************************************
[15.164s] 
[15.165s] !!
[15.165s]   self.initialize_options()
[15.713s] running egg_info
[15.758s] writing my_package.egg-info/PKG-INFO
[15.764s] writing dependency_links to my_package.egg-info/dependency_links.txt
[15.764s] writing entry points to my_package.egg-info/entry_points.txt
[15.766s] writing requirements to my_package.egg-info/requires.txt
[15.769s] writing top-level names to my_package.egg-info/top_level.txt
[15.904s] reading manifest file 'my_package.egg-info/SOURCES.txt'
[15.908s] writing manifest file 'my_package.egg-info/SOURCES.txt'
[16.097s] running build_ext
[16.098s] Creating /home/cadt-02/Documents/can_test_usb/ros2_can/install/my_package/lib/python3.8/site-packages/my-package.egg-link (link to .)
[16.103s] Installing live_detection_node script to /home/cadt-02/Documents/can_test_usb/ros2_can/install/my_package/lib/my_package
[16.106s] Installing main script to /home/cadt-02/Documents/can_test_usb/ros2_can/install/my_package/lib/my_package
[16.108s] Installing my_node script to /home/cadt-02/Documents/can_test_usb/ros2_can/install/my_package/lib/my_package
[16.109s] Installing reinforcement_r2 script to /home/cadt-02/Documents/can_test_usb/ros2_can/install/my_package/lib/my_package
[16.111s] 
[16.111s] Installed /home/cadt-02/Documents/can_test_usb/ros2_can/build/my_package
[16.112s] running install_data
[16.113s] copying resource/my_package -> /home/cadt-02/Documents/can_test_usb/ros2_can/install/my_package/share/ament_index/resource_index/packages
[16.115s] copying package.xml -> /home/cadt-02/Documents/can_test_usb/ros2_can/install/my_package/share/my_package
[21.675s] Invoked command in '/home/cadt-02/Documents/can_test_usb/ros2_can/build/my_package' returned '0': PYTHONPATH=/home/cadt-02/Documents/can_test_usb/ros2_can/build/my_package/prefix_override:/home/cadt-02/Documents/can_test_usb/ros2_can/install/my_package/lib/python3.8/site-packages:${PYTHONPATH} /usr/bin/python3 setup.py develop --editable --build-directory /home/cadt-02/Documents/can_test_usb/ros2_can/build/my_package/build --no-deps install_data
