[17.030s] Invoking command in '/home/cadt-02/Documents/can_test_usb/ros2_can/build/keyboard_listener': NX_CONNECTION=172.23.33.204 63376 172.23.34.34 4000 PYTHONPATH=/home/cadt-02/Documents/can_test_usb/ros2_can/build/keyboard_listener/prefix_override:/home/cadt-02/Documents/can_test_usb/ros2_can/install/keyboard_listener/lib/python3.8/site-packages:${PYTHONPATH} /usr/bin/python3 setup.py develop --editable --build-directory /home/cadt-02/Documents/can_test_usb/ros2_can/build/keyboard_listener/build --no-deps install_data
[17.886s] running develop
[17.886s] /home/cadt-02/.local/lib/python3.8/site-packages/setuptools/command/develop.py:42: EasyInstallDeprecationWarning: easy_install command is deprecated.
[17.886s] !!
[17.887s] 
[17.887s]         ********************************************************************************
[17.887s]         Please avoid running ``setup.py`` and ``easy_install``.
[17.887s]         Instead, use pypa/build, pypa/installer or other
[17.887s]         standards-based tools.
[17.887s] 
[17.887s]         See https://github.com/pypa/setuptools/issues/917 for details.
[17.888s]         ********************************************************************************
[17.888s] 
[17.888s] !!
[17.888s]   easy_install.initialize_options(self)
[17.995s] /home/cadt-02/.local/lib/python3.8/site-packages/setuptools/_distutils/cmd.py:66: SetuptoolsDeprecationWarning: setup.py install is deprecated.
[17.995s] !!
[17.995s] 
[17.995s]         ********************************************************************************
[17.996s]         Please avoid running ``setup.py`` directly.
[17.996s]         Instead, use pypa/build, pypa/installer or other
[17.996s]         standards-based tools.
[17.996s] 
[17.996s]         See https://blog.ganssle.io/articles/2021/10/setup-py-deprecated.html for details.
[17.996s]         ********************************************************************************
[17.997s] 
[17.997s] !!
[17.997s]   self.initialize_options()
[18.457s] running egg_info
[18.501s] writing keyboard_listener.egg-info/PKG-INFO
[18.502s] writing dependency_links to keyboard_listener.egg-info/dependency_links.txt
[18.503s] writing entry points to keyboard_listener.egg-info/entry_points.txt
[18.503s] writing requirements to keyboard_listener.egg-info/requires.txt
[18.503s] writing top-level names to keyboard_listener.egg-info/top_level.txt
[18.602s] reading manifest file 'keyboard_listener.egg-info/SOURCES.txt'
[18.615s] writing manifest file 'keyboard_listener.egg-info/SOURCES.txt'
[18.781s] running build_ext
[18.783s] Creating /home/cadt-02/Documents/can_test_usb/ros2_can/install/keyboard_listener/lib/python3.8/site-packages/keyboard-listener.egg-link (link to .)
[18.787s] Installing keyboard_listener script to /home/cadt-02/Documents/can_test_usb/ros2_can/install/keyboard_listener/lib/keyboard_listener
[18.788s] 
[18.788s] Installed /home/cadt-02/Documents/can_test_usb/ros2_can/build/keyboard_listener
[18.788s] running install_data
[18.789s] copying resource/keyboard_listener -> /home/cadt-02/Documents/can_test_usb/ros2_can/install/keyboard_listener/share/ament_index/resource_index/packages
[18.790s] copying package.xml -> /home/cadt-02/Documents/can_test_usb/ros2_can/install/keyboard_listener/share/keyboard_listener
[23.653s] Invoked command in '/home/cadt-02/Documents/can_test_usb/ros2_can/build/keyboard_listener' returned '0': NX_CONNECTION=172.23.33.204 63376 172.23.34.34 4000 PYTHONPATH=/home/cadt-02/Documents/can_test_usb/ros2_can/build/keyboard_listener/prefix_override:/home/cadt-02/Documents/can_test_usb/ros2_can/install/keyboard_listener/lib/python3.8/site-packages:${PYTHONPATH} /usr/bin/python3 setup.py develop --editable --build-directory /home/cadt-02/Documents/can_test_usb/ros2_can/build/keyboard_listener/build --no-deps install_data
