[15.517s] Invoking command in '/home/cadt-02/Documents/can_test_usb/ros2_can/build/movement': PYTHONPATH=/home/cadt-02/Documents/can_test_usb/ros2_can/build/movement/prefix_override:/home/cadt-02/Documents/can_test_usb/ros2_can/install/movement/lib/python3.8/site-packages:${PYTHONPATH} /usr/bin/python3 setup.py develop --editable --build-directory /home/cadt-02/Documents/can_test_usb/ros2_can/build/movement/build --no-deps install_data
[16.743s] running develop
[16.749s] /home/cadt-02/.local/lib/python3.8/site-packages/setuptools/command/develop.py:42: EasyInstallDeprecationWarning: easy_install command is deprecated.
[16.749s] !!
[16.749s] 
[16.749s]         ********************************************************************************
[16.749s]         Please avoid running ``setup.py`` and ``easy_install``.
[16.749s]         Instead, use pypa/build, pypa/installer or other
[16.749s]         standards-based tools.
[16.750s] 
[16.750s]         See https://github.com/pypa/setuptools/issues/917 for details.
[16.750s]         ********************************************************************************
[16.750s] 
[16.750s] !!
[16.750s]   easy_install.initialize_options(self)
[16.835s] /home/cadt-02/.local/lib/python3.8/site-packages/setuptools/_distutils/cmd.py:66: SetuptoolsDeprecationWarning: setup.py install is deprecated.
[16.835s] !!
[16.835s] 
[16.835s]         ********************************************************************************
[16.835s]         Please avoid running ``setup.py`` directly.
[16.836s]         Instead, use pypa/build, pypa/installer or other
[16.836s]         standards-based tools.
[16.836s] 
[16.836s]         See https://blog.ganssle.io/articles/2021/10/setup-py-deprecated.html for details.
[16.836s]         ********************************************************************************
[16.836s] 
[16.836s] !!
[16.837s]   self.initialize_options()
[17.324s] running egg_info
[17.368s] writing movement.egg-info/PKG-INFO
[17.371s] writing dependency_links to movement.egg-info/dependency_links.txt
[17.373s] writing entry points to movement.egg-info/entry_points.txt
[17.373s] writing requirements to movement.egg-info/requires.txt
[17.374s] writing top-level names to movement.egg-info/top_level.txt
[17.476s] reading manifest file 'movement.egg-info/SOURCES.txt'
[17.477s] writing manifest file 'movement.egg-info/SOURCES.txt'
[17.657s] running build_ext
[17.658s] Creating /home/cadt-02/Documents/can_test_usb/ros2_can/install/movement/lib/python3.8/site-packages/movement.egg-link (link to .)
[17.666s] Installing movement script to /home/cadt-02/Documents/can_test_usb/ros2_can/install/movement/lib/movement
[17.667s] Installing smart_driver_send script to /home/cadt-02/Documents/can_test_usb/ros2_can/install/movement/lib/movement
[17.667s] 
[17.667s] Installed /home/cadt-02/Documents/can_test_usb/ros2_can/build/movement
[17.668s] running install_data
[17.668s] copying resource/movement -> /home/cadt-02/Documents/can_test_usb/ros2_can/install/movement/share/ament_index/resource_index/packages
[17.668s] copying package.xml -> /home/cadt-02/Documents/can_test_usb/ros2_can/install/movement/share/movement
[22.068s] Invoked command in '/home/cadt-02/Documents/can_test_usb/ros2_can/build/movement' returned '0': PYTHONPATH=/home/cadt-02/Documents/can_test_usb/ros2_can/build/movement/prefix_override:/home/cadt-02/Documents/can_test_usb/ros2_can/install/movement/lib/python3.8/site-packages:${PYTHONPATH} /usr/bin/python3 setup.py develop --editable --build-directory /home/cadt-02/Documents/can_test_usb/ros2_can/build/movement/build --no-deps install_data
