[12.571s] Invoking command in '/home/cadt-02/Documents/can_test_usb/ros2_can/build/my_robot': PYTHONPATH=/home/cadt-02/Documents/can_test_usb/ros2_can/build/my_robot/prefix_override:/home/cadt-02/Documents/can_test_usb/ros2_can/install/my_robot/lib/python3.8/site-packages:${PYTHONPATH} /usr/bin/python3 setup.py develop --editable --build-directory /home/cadt-02/Documents/can_test_usb/ros2_can/build/my_robot/build --no-deps install_data
[12.967s] /home/cadt-02/.local/lib/python3.8/site-packages/setuptools/dist.py:476: SetuptoolsDeprecationWarning: Invalid dash-separated options
[12.967s] !!
[12.967s] 
[12.968s]         ********************************************************************************
[12.968s]         Usage of dash-separated 'script-dir' will not be supported in future
[12.968s]         versions. Please use the underscore name 'script_dir' instead.
[12.968s] 
[12.968s]         By 2024-Sep-26, you need to update your project and remove deprecated calls
[12.968s]         or your builds will no longer be supported.
[12.968s] 
[12.969s]         See https://setuptools.pypa.io/en/latest/userguide/declarative_config.html for details.
[12.969s]         ********************************************************************************
[12.969s] 
[12.969s] !!
[12.969s]   opt = self.warn_dash_deprecation(opt, section)
[13.491s] running develop
[13.491s] /home/cadt-02/.local/lib/python3.8/site-packages/setuptools/command/develop.py:42: EasyInstallDeprecationWarning: easy_install command is deprecated.
[13.492s] !!
[13.492s] 
[13.492s]         ********************************************************************************
[13.492s]         Please avoid running ``setup.py`` and ``easy_install``.
[13.492s]         Instead, use pypa/build, pypa/installer or other
[13.492s]         standards-based tools.
[13.493s] 
[13.493s]         See https://github.com/pypa/setuptools/issues/917 for details.
[13.493s]         ********************************************************************************
[13.493s] 
[13.493s] !!
[13.493s]   easy_install.initialize_options(self)
[13.582s] /home/cadt-02/.local/lib/python3.8/site-packages/setuptools/_distutils/cmd.py:66: SetuptoolsDeprecationWarning: setup.py install is deprecated.
[13.582s] !!
[13.583s] 
[13.583s]         ********************************************************************************
[13.583s]         Please avoid running ``setup.py`` directly.
[13.583s]         Instead, use pypa/build, pypa/installer or other
[13.583s]         standards-based tools.
[13.583s] 
[13.583s]         See https://blog.ganssle.io/articles/2021/10/setup-py-deprecated.html for details.
[13.584s]         ********************************************************************************
[13.584s] 
[13.584s] !!
[13.584s]   self.initialize_options()
[14.214s] running egg_info
[14.268s] writing my_robot.egg-info/PKG-INFO
[14.271s] writing dependency_links to my_robot.egg-info/dependency_links.txt
[14.273s] writing entry points to my_robot.egg-info/entry_points.txt
[14.275s] writing requirements to my_robot.egg-info/requires.txt
[14.276s] writing top-level names to my_robot.egg-info/top_level.txt
[14.374s] reading manifest file 'my_robot.egg-info/SOURCES.txt'
[14.376s] writing manifest file 'my_robot.egg-info/SOURCES.txt'
[14.559s] running build_ext
[14.560s] Creating /home/cadt-02/Documents/can_test_usb/ros2_can/install/my_robot/lib/python3.8/site-packages/my-robot.egg-link (link to .)
[14.563s] Installing my_robot script to /home/cadt-02/Documents/can_test_usb/ros2_can/install/my_robot/lib/my_robot
[14.564s] 
[14.564s] Installed /home/cadt-02/Documents/can_test_usb/ros2_can/build/my_robot
[14.564s] running install_data
[14.564s] copying resource/my_robot -> /home/cadt-02/Documents/can_test_usb/ros2_can/install/my_robot/share/ament_index/resource_index/packages
[14.565s] copying package.xml -> /home/cadt-02/Documents/can_test_usb/ros2_can/install/my_robot/share/my_robot
[17.501s] Invoked command in '/home/cadt-02/Documents/can_test_usb/ros2_can/build/my_robot' returned '0': PYTHONPATH=/home/cadt-02/Documents/can_test_usb/ros2_can/build/my_robot/prefix_override:/home/cadt-02/Documents/can_test_usb/ros2_can/install/my_robot/lib/python3.8/site-packages:${PYTHONPATH} /usr/bin/python3 setup.py develop --editable --build-directory /home/cadt-02/Documents/can_test_usb/ros2_can/build/my_robot/build --no-deps install_data
