[13.165s] Invoking command in '/home/cadt-02/Documents/can_test_usb/ros2_can/build/odometry_cont': PYTHONPATH=/home/cadt-02/Documents/can_test_usb/ros2_can/build/odometry_cont/prefix_override:/home/cadt-02/Documents/can_test_usb/ros2_can/install/odometry_cont/lib/python3.8/site-packages:${PYTHONPATH} /usr/bin/python3 setup.py develop --editable --build-directory /home/cadt-02/Documents/can_test_usb/ros2_can/build/odometry_cont/build --no-deps install_data
[13.498s] /home/cadt-02/.local/lib/python3.8/site-packages/setuptools/dist.py:476: SetuptoolsDeprecationWarning: Invalid dash-separated options
[13.498s] !!
[13.499s] 
[13.499s]         ********************************************************************************
[13.499s]         Usage of dash-separated 'script-dir' will not be supported in future
[13.499s]         versions. Please use the underscore name 'script_dir' instead.
[13.500s] 
[13.500s]         By 2024-Sep-26, you need to update your project and remove deprecated calls
[13.500s]         or your builds will no longer be supported.
[13.500s] 
[13.501s]         See https://setuptools.pypa.io/en/latest/userguide/declarative_config.html for details.
[13.501s]         ********************************************************************************
[13.501s] 
[13.501s] !!
[13.502s]   opt = self.warn_dash_deprecation(opt, section)
[13.980s] running develop
[13.981s] /home/cadt-02/.local/lib/python3.8/site-packages/setuptools/command/develop.py:42: EasyInstallDeprecationWarning: easy_install command is deprecated.
[13.981s] !!
[13.982s] 
[13.983s]         ********************************************************************************
[13.984s]         Please avoid running ``setup.py`` and ``easy_install``.
[13.985s]         Instead, use pypa/build, pypa/installer or other
[13.988s]         standards-based tools.
[13.989s] 
[13.989s]         See https://github.com/pypa/setuptools/issues/917 for details.
[13.990s]         ********************************************************************************
[13.990s] 
[13.991s] !!
[13.991s]   easy_install.initialize_options(self)
[14.066s] /home/cadt-02/.local/lib/python3.8/site-packages/setuptools/_distutils/cmd.py:66: SetuptoolsDeprecationWarning: setup.py install is deprecated.
[14.067s] !!
[14.067s] 
[14.068s]         ********************************************************************************
[14.069s]         Please avoid running ``setup.py`` directly.
[14.069s]         Instead, use pypa/build, pypa/installer or other
[14.071s]         standards-based tools.
[14.072s] 
[14.072s]         See https://blog.ganssle.io/articles/2021/10/setup-py-deprecated.html for details.
[14.073s]         ********************************************************************************
[14.074s] 
[14.074s] !!
[14.075s]   self.initialize_options()
[14.503s] running egg_info
[14.543s] writing odometry_cont.egg-info/PKG-INFO
[14.544s] writing dependency_links to odometry_cont.egg-info/dependency_links.txt
[14.545s] writing entry points to odometry_cont.egg-info/entry_points.txt
[14.545s] writing requirements to odometry_cont.egg-info/requires.txt
[14.546s] writing top-level names to odometry_cont.egg-info/top_level.txt
[14.633s] reading manifest file 'odometry_cont.egg-info/SOURCES.txt'
[14.640s] writing manifest file 'odometry_cont.egg-info/SOURCES.txt'
[14.783s] running build_ext
[14.784s] Creating /home/cadt-02/Documents/can_test_usb/ros2_can/install/odometry_cont/lib/python3.8/site-packages/odometry-cont.egg-link (link to .)
[14.786s] Installing odometry_cont script to /home/cadt-02/Documents/can_test_usb/ros2_can/install/odometry_cont/lib/odometry_cont
[14.787s] 
[14.788s] Installed /home/cadt-02/Documents/can_test_usb/ros2_can/build/odometry_cont
[14.789s] running install_data
[14.789s] copying resource/odometry_cont -> /home/cadt-02/Documents/can_test_usb/ros2_can/install/odometry_cont/share/ament_index/resource_index/packages
[14.790s] copying package.xml -> /home/cadt-02/Documents/can_test_usb/ros2_can/install/odometry_cont/share/odometry_cont
[14.903s] Invoked command in '/home/cadt-02/Documents/can_test_usb/ros2_can/build/odometry_cont' returned '0': PYTHONPATH=/home/cadt-02/Documents/can_test_usb/ros2_can/build/odometry_cont/prefix_override:/home/cadt-02/Documents/can_test_usb/ros2_can/install/odometry_cont/lib/python3.8/site-packages:${PYTHONPATH} /usr/bin/python3 setup.py develop --editable --build-directory /home/cadt-02/Documents/can_test_usb/ros2_can/build/odometry_cont/build --no-deps install_data
