[13.996s] Invoking command in '/home/cadt-02/Documents/can_test_usb/ros2_can/build/my_package': PYTHONPATH=/home/cadt-02/Documents/can_test_usb/ros2_can/build/my_package/prefix_override:/home/cadt-02/Documents/can_test_usb/ros2_can/install/my_package/lib/python3.8/site-packages:${PYTHONPATH} /usr/bin/python3 setup.py develop --editable --build-directory /home/cadt-02/Documents/can_test_usb/ros2_can/build/my_package/build --no-deps install_data
[14.392s] /home/cadt-02/.local/lib/python3.8/site-packages/setuptools/dist.py:476: SetuptoolsDeprecationWarning: Invalid dash-separated options
[14.393s] !!
[14.393s] 
[14.393s]         ********************************************************************************
[14.393s]         Usage of dash-separated 'build-base' will not be supported in future
[14.393s]         versions. Please use the underscore name 'build_base' instead.
[14.393s] 
[14.394s]         By 2024-Sep-26, you need to update your project and remove deprecated calls
[14.394s]         or your builds will no longer be supported.
[14.394s] 
[14.394s]         See https://setuptools.pypa.io/en/latest/userguide/declarative_config.html for details.
[14.394s]         ********************************************************************************
[14.394s] 
[14.394s] !!
[14.395s]   opt = self.warn_dash_deprecation(opt, section)
[15.007s] running develop
[15.008s] /home/cadt-02/.local/lib/python3.8/site-packages/setuptools/command/develop.py:42: EasyInstallDeprecationWarning: easy_install command is deprecated.
[15.008s] !!
[15.008s] 
[15.008s]         ********************************************************************************
[15.008s]         Please avoid running ``setup.py`` and ``easy_install``.
[15.008s]         Instead, use pypa/build, pypa/installer or other
[15.009s]         standards-based tools.
[15.009s] 
[15.009s]         See https://github.com/pypa/setuptools/issues/917 for details.
[15.009s]         ********************************************************************************
[15.009s] 
[15.009s] !!
[15.009s]   easy_install.initialize_options(self)
[15.184s] /home/cadt-02/.local/lib/python3.8/site-packages/setuptools/_distutils/cmd.py:66: SetuptoolsDeprecationWarning: setup.py install is deprecated.
[15.184s] !!
[15.184s] 
[15.184s]         ********************************************************************************
[15.185s]         Please avoid running ``setup.py`` directly.
[15.185s]         Instead, use pypa/build, pypa/installer or other
[15.185s]         standards-based tools.
[15.185s] 
[15.185s]         See https://blog.ganssle.io/articles/2021/10/setup-py-deprecated.html for details.
[15.186s]         ********************************************************************************
[15.186s] 
[15.186s] !!
[15.186s]   self.initialize_options()
[15.906s] running egg_info
[15.956s] writing my_package.egg-info/PKG-INFO
[15.960s] writing dependency_links to my_package.egg-info/dependency_links.txt
[15.962s] writing entry points to my_package.egg-info/entry_points.txt
[15.965s] writing requirements to my_package.egg-info/requires.txt
[15.966s] writing top-level names to my_package.egg-info/top_level.txt
[16.115s] reading manifest file 'my_package.egg-info/SOURCES.txt'
[16.118s] writing manifest file 'my_package.egg-info/SOURCES.txt'
[16.313s] running build_ext
[16.314s] Creating /home/cadt-02/Documents/can_test_usb/ros2_can/install/my_package/lib/python3.8/site-packages/my-package.egg-link (link to .)
[16.320s] Installing live_detection_node script to /home/cadt-02/Documents/can_test_usb/ros2_can/install/my_package/lib/my_package
[16.321s] Installing main script to /home/cadt-02/Documents/can_test_usb/ros2_can/install/my_package/lib/my_package
[16.321s] Installing my_node script to /home/cadt-02/Documents/can_test_usb/ros2_can/install/my_package/lib/my_package
[16.321s] Installing reinforcement_r2 script to /home/cadt-02/Documents/can_test_usb/ros2_can/install/my_package/lib/my_package
[16.321s] 
[16.321s] Installed /home/cadt-02/Documents/can_test_usb/ros2_can/build/my_package
[16.321s] running install_data
[16.325s] copying resource/my_package -> /home/cadt-02/Documents/can_test_usb/ros2_can/install/my_package/share/ament_index/resource_index/packages
[16.325s] copying package.xml -> /home/cadt-02/Documents/can_test_usb/ros2_can/install/my_package/share/my_package
[21.066s] Invoked command in '/home/cadt-02/Documents/can_test_usb/ros2_can/build/my_package' returned '0': PYTHONPATH=/home/cadt-02/Documents/can_test_usb/ros2_can/build/my_package/prefix_override:/home/cadt-02/Documents/can_test_usb/ros2_can/install/my_package/lib/python3.8/site-packages:${PYTHONPATH} /usr/bin/python3 setup.py develop --editable --build-directory /home/cadt-02/Documents/can_test_usb/ros2_can/build/my_package/build --no-deps install_data
