[13.613s] Invoking command in '/home/cadt-02/Documents/can_test_usb/ros2_can/build/my_package': PYTHONPATH=/home/cadt-02/Documents/can_test_usb/ros2_can/build/my_package/prefix_override:/home/cadt-02/Documents/can_test_usb/ros2_can/install/my_package/lib/python3.8/site-packages:${PYTHONPATH} /usr/bin/python3 setup.py develop --editable --build-directory /home/cadt-02/Documents/can_test_usb/ros2_can/build/my_package/build --no-deps install_data
[15.170s] /home/cadt-02/.local/lib/python3.8/site-packages/setuptools/dist.py:476: SetuptoolsDeprecationWarning: Invalid dash-separated options
[15.171s] !!
[15.171s] 
[15.171s]         ********************************************************************************
[15.172s]         Usage of dash-separated 'build-base' will not be supported in future
[15.172s]         versions. Please use the underscore name 'build_base' instead.
[15.172s] 
[15.172s]         By 2024-Sep-26, you need to update your project and remove deprecated calls
[15.172s]         or your builds will no longer be supported.
[15.172s] 
[15.172s]         See https://setuptools.pypa.io/en/latest/userguide/declarative_config.html for details.
[15.172s]         ********************************************************************************
[15.172s] 
[15.173s] !!
[15.173s]   opt = self.warn_dash_deprecation(opt, section)
[15.173s] /home/cadt-02/.local/lib/python3.8/site-packages/setuptools/command/develop.py:42: EasyInstallDeprecationWarning: easy_install command is deprecated.
[15.173s] !!
[15.173s] 
[15.173s]         ********************************************************************************
[15.173s]         Please avoid running ``setup.py`` and ``easy_install``.
[15.173s]         Instead, use pypa/build, pypa/installer or other
[15.173s]         standards-based tools.
[15.174s] 
[15.174s]         See https://github.com/pypa/setuptools/issues/917 for details.
[15.174s]         ********************************************************************************
[15.174s] 
[15.174s] !!
[15.174s]   easy_install.initialize_options(self)
[15.174s] /home/cadt-02/.local/lib/python3.8/site-packages/setuptools/_distutils/cmd.py:66: SetuptoolsDeprecationWarning: setup.py install is deprecated.
[15.174s] !!
[15.175s] 
[15.175s]         ********************************************************************************
[15.175s]         Please avoid running ``setup.py`` directly.
[15.175s]         Instead, use pypa/build, pypa/installer or other
[15.175s]         standards-based tools.
[15.175s] 
[15.175s]         See https://blog.ganssle.io/articles/2021/10/setup-py-deprecated.html for details.
[15.175s]         ********************************************************************************
[15.176s] 
[15.176s] !!
[15.176s]   self.initialize_options()
[15.182s] running develop
[15.182s] running egg_info
[15.183s] writing my_package.egg-info/PKG-INFO
[15.183s] writing dependency_links to my_package.egg-info/dependency_links.txt
[15.183s] writing entry points to my_package.egg-info/entry_points.txt
[15.183s] writing requirements to my_package.egg-info/requires.txt
[15.183s] writing top-level names to my_package.egg-info/top_level.txt
[15.183s] reading manifest file 'my_package.egg-info/SOURCES.txt'
[15.183s] writing manifest file 'my_package.egg-info/SOURCES.txt'
[15.320s] running build_ext
[15.322s] Creating /home/cadt-02/Documents/can_test_usb/ros2_can/install/my_package/lib/python3.8/site-packages/my-package.egg-link (link to .)
[15.324s] Installing live_detection_node script to /home/cadt-02/Documents/can_test_usb/ros2_can/install/my_package/lib/my_package
[15.325s] Installing main script to /home/cadt-02/Documents/can_test_usb/ros2_can/install/my_package/lib/my_package
[15.327s] Installing my_node script to /home/cadt-02/Documents/can_test_usb/ros2_can/install/my_package/lib/my_package
[15.328s] Installing reinforcement_r2 script to /home/cadt-02/Documents/can_test_usb/ros2_can/install/my_package/lib/my_package
[15.332s] 
[15.332s] Installed /home/cadt-02/Documents/can_test_usb/ros2_can/build/my_package
[15.333s] running install_data
[15.335s] copying resource/my_package -> /home/cadt-02/Documents/can_test_usb/ros2_can/install/my_package/share/ament_index/resource_index/packages
[15.336s] copying package.xml -> /home/cadt-02/Documents/can_test_usb/ros2_can/install/my_package/share/my_package
[21.308s] Invoked command in '/home/cadt-02/Documents/can_test_usb/ros2_can/build/my_package' returned '0': PYTHONPATH=/home/cadt-02/Documents/can_test_usb/ros2_can/build/my_package/prefix_override:/home/cadt-02/Documents/can_test_usb/ros2_can/install/my_package/lib/python3.8/site-packages:${PYTHONPATH} /usr/bin/python3 setup.py develop --editable --build-directory /home/cadt-02/Documents/can_test_usb/ros2_can/build/my_package/build --no-deps install_data
