[16.699s] Invoking command in '/home/cadt-02/Documents/can_test_usb/ros2_can/build/keyboard_listener': PYTHONPATH=/home/cadt-02/Documents/can_test_usb/ros2_can/build/keyboard_listener/prefix_override:/home/cadt-02/Documents/can_test_usb/ros2_can/install/keyboard_listener/lib/python3.8/site-packages:${PYTHONPATH} /usr/bin/python3 setup.py develop --editable --build-directory /home/cadt-02/Documents/can_test_usb/ros2_can/build/keyboard_listener/build --no-deps install_data
[18.304s] running develop
[18.305s] running egg_info
[18.305s] writing keyboard_listener.egg-info/PKG-INFO
[18.305s] writing dependency_links to keyboard_listener.egg-info/dependency_links.txt
[18.305s] writing entry points to keyboard_listener.egg-info/entry_points.txt
[18.305s] writing requirements to keyboard_listener.egg-info/requires.txt
[18.306s] writing top-level names to keyboard_listener.egg-info/top_level.txt
[18.306s] reading manifest file 'keyboard_listener.egg-info/SOURCES.txt'
[18.306s] /home/cadt-02/.local/lib/python3.8/site-packages/setuptools/command/develop.py:42: EasyInstallDeprecationWarning: easy_install command is deprecated.
[18.306s] !!
[18.306s] 
[18.306s]         ********************************************************************************
[18.307s]         Please avoid running ``setup.py`` and ``easy_install``.
[18.307s]         Instead, use pypa/build, pypa/installer or other
[18.307s]         standards-based tools.
[18.311s] 
[18.311s]         See https://github.com/pypa/setuptools/issues/917 for details.
[18.311s]         ********************************************************************************
[18.311s] 
[18.312s] !!
[18.312s]   easy_install.initialize_options(self)
[18.312s] /home/cadt-02/.local/lib/python3.8/site-packages/setuptools/_distutils/cmd.py:66: SetuptoolsDeprecationWarning: setup.py install is deprecated.
[18.312s] !!
[18.312s] 
[18.312s]         ********************************************************************************
[18.312s]         Please avoid running ``setup.py`` directly.
[18.313s]         Instead, use pypa/build, pypa/installer or other
[18.313s]         standards-based tools.
[18.313s] 
[18.313s]         See https://blog.ganssle.io/articles/2021/10/setup-py-deprecated.html for details.
[18.313s]         ********************************************************************************
[18.313s] 
[18.313s] !!
[18.314s]   self.initialize_options()
[18.323s] writing manifest file 'keyboard_listener.egg-info/SOURCES.txt'
[18.479s] running build_ext
[18.479s] Creating /home/cadt-02/Documents/can_test_usb/ros2_can/install/keyboard_listener/lib/python3.8/site-packages/keyboard-listener.egg-link (link to .)
[18.481s] Installing keyboard_listener script to /home/cadt-02/Documents/can_test_usb/ros2_can/install/keyboard_listener/lib/keyboard_listener
[18.482s] 
[18.482s] Installed /home/cadt-02/Documents/can_test_usb/ros2_can/build/keyboard_listener
[18.489s] running install_data
[18.490s] copying resource/keyboard_listener -> /home/cadt-02/Documents/can_test_usb/ros2_can/install/keyboard_listener/share/ament_index/resource_index/packages
[18.493s] copying package.xml -> /home/cadt-02/Documents/can_test_usb/ros2_can/install/keyboard_listener/share/keyboard_listener
[24.505s] Invoked command in '/home/cadt-02/Documents/can_test_usb/ros2_can/build/keyboard_listener' returned '0': PYTHONPATH=/home/cadt-02/Documents/can_test_usb/ros2_can/build/keyboard_listener/prefix_override:/home/cadt-02/Documents/can_test_usb/ros2_can/install/keyboard_listener/lib/python3.8/site-packages:${PYTHONPATH} /usr/bin/python3 setup.py develop --editable --build-directory /home/cadt-02/Documents/can_test_usb/ros2_can/build/keyboard_listener/build --no-deps install_data
