[10.215s] Invoking command in '/home/cadt-02/Documents/can_test_usb/ros2_can/build/ros_imu': PYTHONPATH=/home/cadt-02/Documents/can_test_usb/ros2_can/build/ros_imu/prefix_override:/home/cadt-02/Documents/can_test_usb/ros2_can/install/ros_imu/lib/python3.8/site-packages:${PYTHONPATH} /usr/bin/python3 setup.py develop --editable --build-directory /home/cadt-02/Documents/can_test_usb/ros2_can/build/ros_imu/build --no-deps install_data
[10.591s] /home/cadt-02/.local/lib/python3.8/site-packages/setuptools/dist.py:476: SetuptoolsDeprecationWarning: Invalid dash-separated options
[10.591s] !!
[10.592s] 
[10.592s]         ********************************************************************************
[10.592s]         Usage of dash-separated 'script-dir' will not be supported in future
[10.592s]         versions. Please use the underscore name 'script_dir' instead.
[10.593s] 
[10.593s]         By 2024-Sep-26, you need to update your project and remove deprecated calls
[10.593s]         or your builds will no longer be supported.
[10.593s] 
[10.593s]         See https://setuptools.pypa.io/en/latest/userguide/declarative_config.html for details.
[10.594s]         ********************************************************************************
[10.594s] 
[10.594s] !!
[10.594s]   opt = self.warn_dash_deprecation(opt, section)
[11.128s] running develop
[11.128s] /home/cadt-02/.local/lib/python3.8/site-packages/setuptools/command/develop.py:42: EasyInstallDeprecationWarning: easy_install command is deprecated.
[11.129s] !!
[11.129s] 
[11.129s]         ********************************************************************************
[11.129s]         Please avoid running ``setup.py`` and ``easy_install``.
[11.130s]         Instead, use pypa/build, pypa/installer or other
[11.130s]         standards-based tools.
[11.130s] 
[11.130s]         See https://github.com/pypa/setuptools/issues/917 for details.
[11.131s]         ********************************************************************************
[11.131s] 
[11.131s] !!
[11.133s]   easy_install.initialize_options(self)
[11.224s] /home/cadt-02/.local/lib/python3.8/site-packages/setuptools/_distutils/cmd.py:66: SetuptoolsDeprecationWarning: setup.py install is deprecated.
[11.224s] !!
[11.225s] 
[11.225s]         ********************************************************************************
[11.225s]         Please avoid running ``setup.py`` directly.
[11.225s]         Instead, use pypa/build, pypa/installer or other
[11.226s]         standards-based tools.
[11.226s] 
[11.226s]         See https://blog.ganssle.io/articles/2021/10/setup-py-deprecated.html for details.
[11.226s]         ********************************************************************************
[11.227s] 
[11.227s] !!
[11.230s]   self.initialize_options()
[11.722s] running egg_info
[11.766s] writing ros_imu.egg-info/PKG-INFO
[11.769s] writing dependency_links to ros_imu.egg-info/dependency_links.txt
[11.770s] writing entry points to ros_imu.egg-info/entry_points.txt
[11.771s] writing requirements to ros_imu.egg-info/requires.txt
[11.771s] writing top-level names to ros_imu.egg-info/top_level.txt
[11.868s] reading manifest file 'ros_imu.egg-info/SOURCES.txt'
[11.870s] writing manifest file 'ros_imu.egg-info/SOURCES.txt'
[12.045s] running build_ext
[12.046s] Creating /home/cadt-02/Documents/can_test_usb/ros2_can/install/ros_imu/lib/python3.8/site-packages/ros-imu.egg-link (link to .)
[12.046s] Installing ros_imu script to /home/cadt-02/Documents/can_test_usb/ros2_can/install/ros_imu/lib/ros_imu
[12.046s] 
[12.047s] Installed /home/cadt-02/Documents/can_test_usb/ros2_can/build/ros_imu
[12.049s] running install_data
[12.049s] copying resource/ros_imu -> /home/cadt-02/Documents/can_test_usb/ros2_can/install/ros_imu/share/ament_index/resource_index/packages
[12.049s] copying package.xml -> /home/cadt-02/Documents/can_test_usb/ros2_can/install/ros_imu/share/ros_imu
[13.458s] Invoked command in '/home/cadt-02/Documents/can_test_usb/ros2_can/build/ros_imu' returned '0': PYTHONPATH=/home/cadt-02/Documents/can_test_usb/ros2_can/build/ros_imu/prefix_override:/home/cadt-02/Documents/can_test_usb/ros2_can/install/ros_imu/lib/python3.8/site-packages:${PYTHONPATH} /usr/bin/python3 setup.py develop --editable --build-directory /home/cadt-02/Documents/can_test_usb/ros2_can/build/ros_imu/build --no-deps install_data
