[9.685s] Invoking command in '/home/cadt-02/Documents/can_test_usb/ros2_can/build/ros_imu': PYTHONPATH=/home/cadt-02/Documents/can_test_usb/ros2_can/build/ros_imu/prefix_override:/home/cadt-02/Documents/can_test_usb/ros2_can/install/ros_imu/lib/python3.8/site-packages:${PYTHONPATH} /usr/bin/python3 setup.py develop --editable --build-directory /home/cadt-02/Documents/can_test_usb/ros2_can/build/ros_imu/build --no-deps install_data
[10.033s] /home/cadt-02/.local/lib/python3.8/site-packages/setuptools/dist.py:476: SetuptoolsDeprecationWarning: Invalid dash-separated options
[10.033s] !!
[10.033s] 
[10.033s]         ********************************************************************************
[10.033s]         Usage of dash-separated 'script-dir' will not be supported in future
[10.034s]         versions. Please use the underscore name 'script_dir' instead.
[10.034s] 
[10.034s]         By 2024-Sep-26, you need to update your project and remove deprecated calls
[10.034s]         or your builds will no longer be supported.
[10.034s] 
[10.034s]         See https://setuptools.pypa.io/en/latest/userguide/declarative_config.html for details.
[10.034s]         ********************************************************************************
[10.035s] 
[10.035s] !!
[10.035s]   opt = self.warn_dash_deprecation(opt, section)
[10.518s] running develop
[10.518s] /home/cadt-02/.local/lib/python3.8/site-packages/setuptools/command/develop.py:42: EasyInstallDeprecationWarning: easy_install command is deprecated.
[10.519s] !!
[10.519s] 
[10.519s]         ********************************************************************************
[10.519s]         Please avoid running ``setup.py`` and ``easy_install``.
[10.519s]         Instead, use pypa/build, pypa/installer or other
[10.519s]         standards-based tools.
[10.519s] 
[10.520s]         See https://github.com/pypa/setuptools/issues/917 for details.
[10.520s]         ********************************************************************************
[10.520s] 
[10.520s] !!
[10.520s]   easy_install.initialize_options(self)
[10.606s] /home/cadt-02/.local/lib/python3.8/site-packages/setuptools/_distutils/cmd.py:66: SetuptoolsDeprecationWarning: setup.py install is deprecated.
[10.606s] !!
[10.606s] 
[10.607s]         ********************************************************************************
[10.607s]         Please avoid running ``setup.py`` directly.
[10.607s]         Instead, use pypa/build, pypa/installer or other
[10.607s]         standards-based tools.
[10.607s] 
[10.608s]         See https://blog.ganssle.io/articles/2021/10/setup-py-deprecated.html for details.
[10.608s]         ********************************************************************************
[10.608s] 
[10.608s] !!
[10.608s]   self.initialize_options()
[11.059s] running egg_info
[11.100s] writing ros_imu.egg-info/PKG-INFO
[11.102s] writing dependency_links to ros_imu.egg-info/dependency_links.txt
[11.102s] writing entry points to ros_imu.egg-info/entry_points.txt
[11.103s] writing requirements to ros_imu.egg-info/requires.txt
[11.103s] writing top-level names to ros_imu.egg-info/top_level.txt
[11.192s] reading manifest file 'ros_imu.egg-info/SOURCES.txt'
[11.194s] writing manifest file 'ros_imu.egg-info/SOURCES.txt'
[11.369s] running build_ext
[11.369s] Creating /home/cadt-02/Documents/can_test_usb/ros2_can/install/ros_imu/lib/python3.8/site-packages/ros-imu.egg-link (link to .)
[11.369s] Installing ros_imu script to /home/cadt-02/Documents/can_test_usb/ros2_can/install/ros_imu/lib/ros_imu
[11.370s] 
[11.370s] Installed /home/cadt-02/Documents/can_test_usb/ros2_can/build/ros_imu
[11.370s] running install_data
[11.370s] copying resource/ros_imu -> /home/cadt-02/Documents/can_test_usb/ros2_can/install/ros_imu/share/ament_index/resource_index/packages
[11.370s] copying package.xml -> /home/cadt-02/Documents/can_test_usb/ros2_can/install/ros_imu/share/ros_imu
[12.653s] Invoked command in '/home/cadt-02/Documents/can_test_usb/ros2_can/build/ros_imu' returned '0': PYTHONPATH=/home/cadt-02/Documents/can_test_usb/ros2_can/build/ros_imu/prefix_override:/home/cadt-02/Documents/can_test_usb/ros2_can/install/ros_imu/lib/python3.8/site-packages:${PYTHONPATH} /usr/bin/python3 setup.py develop --editable --build-directory /home/cadt-02/Documents/can_test_usb/ros2_can/build/ros_imu/build --no-deps install_data
