[16.643s] Invoking command in '/home/cadt-02/Documents/can_test_usb/ros2_can/build/keyboard_listener': PYTHONPATH=/home/cadt-02/Documents/can_test_usb/ros2_can/build/keyboard_listener/prefix_override:/home/cadt-02/Documents/can_test_usb/ros2_can/install/keyboard_listener/lib/python3.8/site-packages:${PYTHONPATH} /usr/bin/python3 setup.py develop --editable --build-directory /home/cadt-02/Documents/can_test_usb/ros2_can/build/keyboard_listener/build --no-deps install_data
[17.527s] running develop
[17.528s] /home/cadt-02/.local/lib/python3.8/site-packages/setuptools/command/develop.py:42: EasyInstallDeprecationWarning: easy_install command is deprecated.
[17.528s] !!
[17.528s] 
[17.529s]         ********************************************************************************
[17.529s]         Please avoid running ``setup.py`` and ``easy_install``.
[17.529s]         Instead, use pypa/build, pypa/installer or other
[17.529s]         standards-based tools.
[17.529s] 
[17.529s]         See https://github.com/pypa/setuptools/issues/917 for details.
[17.529s]         ********************************************************************************
[17.530s] 
[17.530s] !!
[17.530s]   easy_install.initialize_options(self)
[17.622s] /home/cadt-02/.local/lib/python3.8/site-packages/setuptools/_distutils/cmd.py:66: SetuptoolsDeprecationWarning: setup.py install is deprecated.
[17.622s] !!
[17.623s] 
[17.623s]         ********************************************************************************
[17.623s]         Please avoid running ``setup.py`` directly.
[17.623s]         Instead, use pypa/build, pypa/installer or other
[17.623s]         standards-based tools.
[17.623s] 
[17.623s]         See https://blog.ganssle.io/articles/2021/10/setup-py-deprecated.html for details.
[17.623s]         ********************************************************************************
[17.624s] 
[17.624s] !!
[17.624s]   self.initialize_options()
[18.105s] running egg_info
[18.147s] writing keyboard_listener.egg-info/PKG-INFO
[18.147s] writing dependency_links to keyboard_listener.egg-info/dependency_links.txt
[18.148s] writing entry points to keyboard_listener.egg-info/entry_points.txt
[18.149s] writing requirements to keyboard_listener.egg-info/requires.txt
[18.149s] writing top-level names to keyboard_listener.egg-info/top_level.txt
[18.242s] reading manifest file 'keyboard_listener.egg-info/SOURCES.txt'
[18.244s] writing manifest file 'keyboard_listener.egg-info/SOURCES.txt'
[18.418s] running build_ext
[18.418s] Creating /home/cadt-02/Documents/can_test_usb/ros2_can/install/keyboard_listener/lib/python3.8/site-packages/keyboard-listener.egg-link (link to .)
[18.421s] Installing keyboard_listener script to /home/cadt-02/Documents/can_test_usb/ros2_can/install/keyboard_listener/lib/keyboard_listener
[18.422s] 
[18.422s] Installed /home/cadt-02/Documents/can_test_usb/ros2_can/build/keyboard_listener
[18.422s] running install_data
[18.423s] copying resource/keyboard_listener -> /home/cadt-02/Documents/can_test_usb/ros2_can/install/keyboard_listener/share/ament_index/resource_index/packages
[18.423s] copying package.xml -> /home/cadt-02/Documents/can_test_usb/ros2_can/install/keyboard_listener/share/keyboard_listener
[21.540s] Invoked command in '/home/cadt-02/Documents/can_test_usb/ros2_can/build/keyboard_listener' returned '0': PYTHONPATH=/home/cadt-02/Documents/can_test_usb/ros2_can/build/keyboard_listener/prefix_override:/home/cadt-02/Documents/can_test_usb/ros2_can/install/keyboard_listener/lib/python3.8/site-packages:${PYTHONPATH} /usr/bin/python3 setup.py develop --editable --build-directory /home/cadt-02/Documents/can_test_usb/ros2_can/build/keyboard_listener/build --no-deps install_data
