[16.598s] Invoking command in '/home/cadt-02/Documents/can_test_usb/ros2_can/build/movement': PYTHONPATH=/home/cadt-02/Documents/can_test_usb/ros2_can/build/movement/prefix_override:/home/cadt-02/Documents/can_test_usb/ros2_can/install/movement/lib/python3.8/site-packages:${PYTHONPATH} /usr/bin/python3 setup.py develop --editable --build-directory /home/cadt-02/Documents/can_test_usb/ros2_can/build/movement/build --no-deps install_data
[17.487s] running develop
[17.487s] /home/cadt-02/.local/lib/python3.8/site-packages/setuptools/command/develop.py:42: EasyInstallDeprecationWarning: easy_install command is deprecated.
[17.487s] !!
[17.487s] 
[17.488s]         ********************************************************************************
[17.488s]         Please avoid running ``setup.py`` and ``easy_install``.
[17.488s]         Instead, use pypa/build, pypa/installer or other
[17.488s]         standards-based tools.
[17.488s] 
[17.488s]         See https://github.com/pypa/setuptools/issues/917 for details.
[17.488s]         ********************************************************************************
[17.488s] 
[17.489s] !!
[17.489s]   easy_install.initialize_options(self)
[17.581s] /home/cadt-02/.local/lib/python3.8/site-packages/setuptools/_distutils/cmd.py:66: SetuptoolsDeprecationWarning: setup.py install is deprecated.
[17.583s] !!
[17.584s] 
[17.584s]         ********************************************************************************
[17.584s]         Please avoid running ``setup.py`` directly.
[17.584s]         Instead, use pypa/build, pypa/installer or other
[17.584s]         standards-based tools.
[17.584s] 
[17.584s]         See https://blog.ganssle.io/articles/2021/10/setup-py-deprecated.html for details.
[17.585s]         ********************************************************************************
[17.585s] 
[17.585s] !!
[17.585s]   self.initialize_options()
[18.157s] running egg_info
[18.201s] writing movement.egg-info/PKG-INFO
[18.203s] writing dependency_links to movement.egg-info/dependency_links.txt
[18.204s] writing entry points to movement.egg-info/entry_points.txt
[18.205s] writing requirements to movement.egg-info/requires.txt
[18.206s] writing top-level names to movement.egg-info/top_level.txt
[18.311s] reading manifest file 'movement.egg-info/SOURCES.txt'
[18.313s] writing manifest file 'movement.egg-info/SOURCES.txt'
[18.495s] running build_ext
[18.499s] Creating /home/cadt-02/Documents/can_test_usb/ros2_can/install/movement/lib/python3.8/site-packages/movement.egg-link (link to .)
[18.500s] Installing movement script to /home/cadt-02/Documents/can_test_usb/ros2_can/install/movement/lib/movement
[18.501s] 
[18.501s] Installed /home/cadt-02/Documents/can_test_usb/ros2_can/build/movement
[18.502s] running install_data
[18.502s] copying resource/movement -> /home/cadt-02/Documents/can_test_usb/ros2_can/install/movement/share/ament_index/resource_index/packages
[18.502s] copying package.xml -> /home/cadt-02/Documents/can_test_usb/ros2_can/install/movement/share/movement
[25.036s] Invoked command in '/home/cadt-02/Documents/can_test_usb/ros2_can/build/movement' returned '0': PYTHONPATH=/home/cadt-02/Documents/can_test_usb/ros2_can/build/movement/prefix_override:/home/cadt-02/Documents/can_test_usb/ros2_can/install/movement/lib/python3.8/site-packages:${PYTHONPATH} /usr/bin/python3 setup.py develop --editable --build-directory /home/cadt-02/Documents/can_test_usb/ros2_can/build/movement/build --no-deps install_data
