[9.745s] Invoking command in '/home/cadt-02/Documents/can_test_usb/ros2_can/build/ros_imu': PYTHONPATH=/home/cadt-02/Documents/can_test_usb/ros2_can/build/ros_imu/prefix_override:/home/cadt-02/Documents/can_test_usb/ros2_can/install/ros_imu/lib/python3.8/site-packages:${PYTHONPATH} /usr/bin/python3 setup.py develop --editable --build-directory /home/cadt-02/Documents/can_test_usb/ros2_can/build/ros_imu/build --no-deps install_data
[10.085s] /home/cadt-02/.local/lib/python3.8/site-packages/setuptools/dist.py:476: SetuptoolsDeprecationWarning: Invalid dash-separated options
[10.085s] !!
[10.085s] 
[10.085s]         ********************************************************************************
[10.086s]         Usage of dash-separated 'script-dir' will not be supported in future
[10.086s]         versions. Please use the underscore name 'script_dir' instead.
[10.086s] 
[10.086s]         By 2024-Sep-26, you need to update your project and remove deprecated calls
[10.086s]         or your builds will no longer be supported.
[10.086s] 
[10.087s]         See https://setuptools.pypa.io/en/latest/userguide/declarative_config.html for details.
[10.087s]         ********************************************************************************
[10.087s] 
[10.087s] !!
[10.087s]   opt = self.warn_dash_deprecation(opt, section)
[10.578s] running develop
[10.578s] /home/cadt-02/.local/lib/python3.8/site-packages/setuptools/command/develop.py:42: EasyInstallDeprecationWarning: easy_install command is deprecated.
[10.578s] !!
[10.578s] 
[10.578s]         ********************************************************************************
[10.579s]         Please avoid running ``setup.py`` and ``easy_install``.
[10.579s]         Instead, use pypa/build, pypa/installer or other
[10.579s]         standards-based tools.
[10.579s] 
[10.580s]         See https://github.com/pypa/setuptools/issues/917 for details.
[10.580s]         ********************************************************************************
[10.580s] 
[10.580s] !!
[10.580s]   easy_install.initialize_options(self)
[10.666s] /home/cadt-02/.local/lib/python3.8/site-packages/setuptools/_distutils/cmd.py:66: SetuptoolsDeprecationWarning: setup.py install is deprecated.
[10.666s] !!
[10.666s] 
[10.667s]         ********************************************************************************
[10.667s]         Please avoid running ``setup.py`` directly.
[10.667s]         Instead, use pypa/build, pypa/installer or other
[10.667s]         standards-based tools.
[10.667s] 
[10.667s]         See https://blog.ganssle.io/articles/2021/10/setup-py-deprecated.html for details.
[10.668s]         ********************************************************************************
[10.668s] 
[10.668s] !!
[10.668s]   self.initialize_options()
[11.127s] running egg_info
[11.170s] writing ros_imu.egg-info/PKG-INFO
[11.172s] writing dependency_links to ros_imu.egg-info/dependency_links.txt
[11.172s] writing entry points to ros_imu.egg-info/entry_points.txt
[11.173s] writing requirements to ros_imu.egg-info/requires.txt
[11.173s] writing top-level names to ros_imu.egg-info/top_level.txt
[11.267s] reading manifest file 'ros_imu.egg-info/SOURCES.txt'
[11.279s] writing manifest file 'ros_imu.egg-info/SOURCES.txt'
[11.446s] running build_ext
[11.446s] Creating /home/cadt-02/Documents/can_test_usb/ros2_can/install/ros_imu/lib/python3.8/site-packages/ros-imu.egg-link (link to .)
[11.449s] Installing ros_imu script to /home/cadt-02/Documents/can_test_usb/ros2_can/install/ros_imu/lib/ros_imu
[11.450s] 
[11.451s] Installed /home/cadt-02/Documents/can_test_usb/ros2_can/build/ros_imu
[11.451s] running install_data
[11.451s] copying resource/ros_imu -> /home/cadt-02/Documents/can_test_usb/ros2_can/install/ros_imu/share/ament_index/resource_index/packages
[11.452s] copying package.xml -> /home/cadt-02/Documents/can_test_usb/ros2_can/install/ros_imu/share/ros_imu
[12.751s] Invoked command in '/home/cadt-02/Documents/can_test_usb/ros2_can/build/ros_imu' returned '0': PYTHONPATH=/home/cadt-02/Documents/can_test_usb/ros2_can/build/ros_imu/prefix_override:/home/cadt-02/Documents/can_test_usb/ros2_can/install/ros_imu/lib/python3.8/site-packages:${PYTHONPATH} /usr/bin/python3 setup.py develop --editable --build-directory /home/cadt-02/Documents/can_test_usb/ros2_can/build/ros_imu/build --no-deps install_data
