[15.221s] Invoking command in '/home/cadt-02/Documents/can_test_usb/ros2_can/build/movement': PYTHONPATH=/home/cadt-02/Documents/can_test_usb/ros2_can/build/movement/prefix_override:/home/cadt-02/Documents/can_test_usb/ros2_can/install/movement/lib/python3.8/site-packages:${PYTHONPATH} /usr/bin/python3 setup.py develop --editable --build-directory /home/cadt-02/Documents/can_test_usb/ros2_can/build/movement/build --no-deps install_data
[16.081s] running develop
[16.083s] /home/cadt-02/.local/lib/python3.8/site-packages/setuptools/command/develop.py:42: EasyInstallDeprecationWarning: easy_install command is deprecated.
[16.083s] !!
[16.083s] 
[16.084s]         ********************************************************************************
[16.084s]         Please avoid running ``setup.py`` and ``easy_install``.
[16.084s]         Instead, use pypa/build, pypa/installer or other
[16.084s]         standards-based tools.
[16.084s] 
[16.084s]         See https://github.com/pypa/setuptools/issues/917 for details.
[16.084s]         ********************************************************************************
[16.085s] 
[16.085s] !!
[16.085s]   easy_install.initialize_options(self)
[16.172s] /home/cadt-02/.local/lib/python3.8/site-packages/setuptools/_distutils/cmd.py:66: SetuptoolsDeprecationWarning: setup.py install is deprecated.
[16.172s] !!
[16.172s] 
[16.173s]         ********************************************************************************
[16.173s]         Please avoid running ``setup.py`` directly.
[16.173s]         Instead, use pypa/build, pypa/installer or other
[16.173s]         standards-based tools.
[16.173s] 
[16.173s]         See https://blog.ganssle.io/articles/2021/10/setup-py-deprecated.html for details.
[16.177s]         ********************************************************************************
[16.177s] 
[16.177s] !!
[16.177s]   self.initialize_options()
[16.652s] running egg_info
[16.698s] writing movement.egg-info/PKG-INFO
[16.699s] writing dependency_links to movement.egg-info/dependency_links.txt
[16.699s] writing entry points to movement.egg-info/entry_points.txt
[16.702s] writing requirements to movement.egg-info/requires.txt
[16.702s] writing top-level names to movement.egg-info/top_level.txt
[16.792s] reading manifest file 'movement.egg-info/SOURCES.txt'
[16.796s] writing manifest file 'movement.egg-info/SOURCES.txt'
[16.960s] running build_ext
[16.961s] Creating /home/cadt-02/Documents/can_test_usb/ros2_can/install/movement/lib/python3.8/site-packages/movement.egg-link (link to .)
[16.962s] Installing movement script to /home/cadt-02/Documents/can_test_usb/ros2_can/install/movement/lib/movement
[16.964s] Installing smart_driver_send script to /home/cadt-02/Documents/can_test_usb/ros2_can/install/movement/lib/movement
[16.967s] 
[16.967s] Installed /home/cadt-02/Documents/can_test_usb/ros2_can/build/movement
[16.967s] running install_data
[16.968s] copying resource/movement -> /home/cadt-02/Documents/can_test_usb/ros2_can/install/movement/share/ament_index/resource_index/packages
[16.970s] copying package.xml -> /home/cadt-02/Documents/can_test_usb/ros2_can/install/movement/share/movement
[19.018s] Invoked command in '/home/cadt-02/Documents/can_test_usb/ros2_can/build/movement' returned '0': PYTHONPATH=/home/cadt-02/Documents/can_test_usb/ros2_can/build/movement/prefix_override:/home/cadt-02/Documents/can_test_usb/ros2_can/install/movement/lib/python3.8/site-packages:${PYTHONPATH} /usr/bin/python3 setup.py develop --editable --build-directory /home/cadt-02/Documents/can_test_usb/ros2_can/build/movement/build --no-deps install_data
