running develop
running egg_info
creating odometry_cont.egg-info
writing odometry_cont.egg-info/PKG-INFO
writing dependency_links to odometry_cont.egg-info/dependency_links.txt
writing entry points to odometry_cont.egg-info/entry_points.txt
writing requirements to odometry_cont.egg-info/requires.txt
writing top-level names to odometry_cont.egg-info/top_level.txt
writing manifest file 'odometry_cont.egg-info/SOURCES.txt'
reading manifest file 'odometry_cont.egg-info/SOURCES.txt'
writing manifest file 'odometry_cont.egg-info/SOURCES.txt'
running build_ext
Creating /home/cadt-02/Documents/can_test_usb/ros2_can/install/odometry_cont/lib/python3.8/site-packages/odometry-cont.egg-link (link to .)
Installing odometry_cont script to /home/cadt-02/Documents/can_test_usb/ros2_can/install/odometry_cont/lib/odometry_cont

Installed /home/cadt-02/Documents/can_test_usb/ros2_can/build/odometry_cont
running install_data
creating /home/cadt-02/Documents/can_test_usb/ros2_can/install/odometry_cont/share
creating /home/cadt-02/Documents/can_test_usb/ros2_can/install/odometry_cont/share/ament_index
creating /home/cadt-02/Documents/can_test_usb/ros2_can/install/odometry_cont/share/ament_index/resource_index
creating /home/cadt-02/Documents/can_test_usb/ros2_can/install/odometry_cont/share/ament_index/resource_index/packages
copying resource/odometry_cont -> /home/cadt-02/Documents/can_test_usb/ros2_can/install/odometry_cont/share/ament_index/resource_index/packages
creating /home/cadt-02/Documents/can_test_usb/ros2_can/install/odometry_cont/share/odometry_cont
copying package.xml -> /home/cadt-02/Documents/can_test_usb/ros2_can/install/odometry_cont/share/odometry_cont
