[10.803s] Invoking command in '/home/cadt-02/Documents/can_test_usb/ros2_can/build/odometry_cont': PYTHONPATH=/home/cadt-02/Documents/can_test_usb/ros2_can/build/odometry_cont/prefix_override:/home/cadt-02/Documents/can_test_usb/ros2_can/install/odometry_cont/lib/python3.8/site-packages:${PYTHONPATH} /usr/bin/python3 setup.py develop --editable --build-directory /home/cadt-02/Documents/can_test_usb/ros2_can/build/odometry_cont/build --no-deps install_data
[11.172s] /home/cadt-02/.local/lib/python3.8/site-packages/setuptools/dist.py:476: SetuptoolsDeprecationWarning: Invalid dash-separated options
[11.172s] !!
[11.172s] 
[11.175s]         ********************************************************************************
[11.177s]         Usage of dash-separated 'script-dir' will not be supported in future
[11.177s]         versions. Please use the underscore name 'script_dir' instead.
[11.178s] 
[11.178s]         By 2024-Sep-26, you need to update your project and remove deprecated calls
[11.178s]         or your builds will no longer be supported.
[11.178s] 
[11.179s]         See https://setuptools.pypa.io/en/latest/userguide/declarative_config.html for details.
[11.179s]         ********************************************************************************
[11.179s] 
[11.179s] !!
[11.179s]   opt = self.warn_dash_deprecation(opt, section)
[11.695s] running develop
[11.696s] /home/cadt-02/.local/lib/python3.8/site-packages/setuptools/command/develop.py:42: EasyInstallDeprecationWarning: easy_install command is deprecated.
[11.697s] !!
[11.699s] 
[11.700s]         ********************************************************************************
[11.701s]         Please avoid running ``setup.py`` and ``easy_install``.
[11.702s]         Instead, use pypa/build, pypa/installer or other
[11.703s]         standards-based tools.
[11.704s] 
[11.705s]         See https://github.com/pypa/setuptools/issues/917 for details.
[11.706s]         ********************************************************************************
[11.708s] 
[11.710s] !!
[11.711s]   easy_install.initialize_options(self)
[11.787s] /home/cadt-02/.local/lib/python3.8/site-packages/setuptools/_distutils/cmd.py:66: SetuptoolsDeprecationWarning: setup.py install is deprecated.
[11.787s] !!
[11.788s] 
[11.788s]         ********************************************************************************
[11.788s]         Please avoid running ``setup.py`` directly.
[11.788s]         Instead, use pypa/build, pypa/installer or other
[11.788s]         standards-based tools.
[11.788s] 
[11.788s]         See https://blog.ganssle.io/articles/2021/10/setup-py-deprecated.html for details.
[11.789s]         ********************************************************************************
[11.789s] 
[11.789s] !!
[11.789s]   self.initialize_options()
[12.313s] running egg_info
[12.313s] creating odometry_cont.egg-info
[12.395s] writing odometry_cont.egg-info/PKG-INFO
[12.397s] writing dependency_links to odometry_cont.egg-info/dependency_links.txt
[12.399s] writing entry points to odometry_cont.egg-info/entry_points.txt
[12.400s] writing requirements to odometry_cont.egg-info/requires.txt
[12.402s] writing top-level names to odometry_cont.egg-info/top_level.txt
[12.403s] writing manifest file 'odometry_cont.egg-info/SOURCES.txt'
[12.500s] reading manifest file 'odometry_cont.egg-info/SOURCES.txt'
[12.503s] writing manifest file 'odometry_cont.egg-info/SOURCES.txt'
[12.691s] running build_ext
[12.691s] Creating /home/cadt-02/Documents/can_test_usb/ros2_can/install/odometry_cont/lib/python3.8/site-packages/odometry-cont.egg-link (link to .)
[12.698s] Installing odometry_cont script to /home/cadt-02/Documents/can_test_usb/ros2_can/install/odometry_cont/lib/odometry_cont
[12.702s] 
[12.703s] Installed /home/cadt-02/Documents/can_test_usb/ros2_can/build/odometry_cont
[12.704s] running install_data
[12.706s] creating /home/cadt-02/Documents/can_test_usb/ros2_can/install/odometry_cont/share
[12.706s] creating /home/cadt-02/Documents/can_test_usb/ros2_can/install/odometry_cont/share/ament_index
[12.707s] creating /home/cadt-02/Documents/can_test_usb/ros2_can/install/odometry_cont/share/ament_index/resource_index
[12.707s] creating /home/cadt-02/Documents/can_test_usb/ros2_can/install/odometry_cont/share/ament_index/resource_index/packages
[12.707s] copying resource/odometry_cont -> /home/cadt-02/Documents/can_test_usb/ros2_can/install/odometry_cont/share/ament_index/resource_index/packages
[12.707s] creating /home/cadt-02/Documents/can_test_usb/ros2_can/install/odometry_cont/share/odometry_cont
[12.707s] copying package.xml -> /home/cadt-02/Documents/can_test_usb/ros2_can/install/odometry_cont/share/odometry_cont
[14.709s] Invoked command in '/home/cadt-02/Documents/can_test_usb/ros2_can/build/odometry_cont' returned '0': PYTHONPATH=/home/cadt-02/Documents/can_test_usb/ros2_can/build/odometry_cont/prefix_override:/home/cadt-02/Documents/can_test_usb/ros2_can/install/odometry_cont/lib/python3.8/site-packages:${PYTHONPATH} /usr/bin/python3 setup.py develop --editable --build-directory /home/cadt-02/Documents/can_test_usb/ros2_can/build/odometry_cont/build --no-deps install_data
