[16.490s] Invoking command in '/home/cadt-02/Documents/can_test_usb/ros2_can/build/movement': PYTHONPATH=/home/cadt-02/Documents/can_test_usb/ros2_can/build/movement/prefix_override:/home/cadt-02/Documents/can_test_usb/ros2_can/install/movement/lib/python3.8/site-packages:${PYTHONPATH} /usr/bin/python3 setup.py develop --editable --build-directory /home/cadt-02/Documents/can_test_usb/ros2_can/build/movement/build --no-deps install_data
[17.442s] /home/cadt-02/.local/lib/python3.8/site-packages/setuptools/command/develop.py:42: EasyInstallDeprecationWarning: easy_install command is deprecated.
[17.442s] !!
[17.442s] 
[17.443s]         ********************************************************************************
[17.443s]         Please avoid running ``setup.py`` and ``easy_install``.
[17.443s]         Instead, use pypa/build, pypa/installer or other
[17.443s]         standards-based tools.
[17.443s] 
[17.443s]         See https://github.com/pypa/setuptools/issues/917 for details.
[17.443s]         ********************************************************************************
[17.444s] 
[17.444s] !!
[17.444s]   easy_install.initialize_options(self)
[17.446s] running develop
[17.539s] /home/cadt-02/.local/lib/python3.8/site-packages/setuptools/_distutils/cmd.py:66: SetuptoolsDeprecationWarning: setup.py install is deprecated.
[17.540s] !!
[17.540s] 
[17.540s]         ********************************************************************************
[17.540s]         Please avoid running ``setup.py`` directly.
[17.540s]         Instead, use pypa/build, pypa/installer or other
[17.540s]         standards-based tools.
[17.540s] 
[17.541s]         See https://blog.ganssle.io/articles/2021/10/setup-py-deprecated.html for details.
[17.541s]         ********************************************************************************
[17.541s] 
[17.541s] !!
[17.541s]   self.initialize_options()
[18.061s] running egg_info
[18.108s] writing movement.egg-info/PKG-INFO
[18.111s] writing dependency_links to movement.egg-info/dependency_links.txt
[18.113s] writing entry points to movement.egg-info/entry_points.txt
[18.114s] writing requirements to movement.egg-info/requires.txt
[18.114s] writing top-level names to movement.egg-info/top_level.txt
[18.229s] reading manifest file 'movement.egg-info/SOURCES.txt'
[18.229s] writing manifest file 'movement.egg-info/SOURCES.txt'
[18.426s] running build_ext
[18.426s] Creating /home/cadt-02/Documents/can_test_usb/ros2_can/install/movement/lib/python3.8/site-packages/movement.egg-link (link to .)
[18.426s] Installing movement script to /home/cadt-02/Documents/can_test_usb/ros2_can/install/movement/lib/movement
[18.426s] 
[18.426s] Installed /home/cadt-02/Documents/can_test_usb/ros2_can/build/movement
[18.427s] running install_data
[18.427s] copying resource/movement -> /home/cadt-02/Documents/can_test_usb/ros2_can/install/movement/share/ament_index/resource_index/packages
[18.427s] copying package.xml -> /home/cadt-02/Documents/can_test_usb/ros2_can/install/movement/share/movement
[22.089s] Invoked command in '/home/cadt-02/Documents/can_test_usb/ros2_can/build/movement' returned '0': PYTHONPATH=/home/cadt-02/Documents/can_test_usb/ros2_can/build/movement/prefix_override:/home/cadt-02/Documents/can_test_usb/ros2_can/install/movement/lib/python3.8/site-packages:${PYTHONPATH} /usr/bin/python3 setup.py develop --editable --build-directory /home/cadt-02/Documents/can_test_usb/ros2_can/build/movement/build --no-deps install_data
