[18.547s] Invoking command in '/home/cadt-02/Documents/can_test_usb/ros2_can/build/keyboard_listener': PYTHONPATH=/home/cadt-02/Documents/can_test_usb/ros2_can/build/keyboard_listener/prefix_override:/home/cadt-02/Documents/can_test_usb/ros2_can/install/keyboard_listener/lib/python3.8/site-packages:${PYTHONPATH} /usr/bin/python3 setup.py develop --editable --build-directory /home/cadt-02/Documents/can_test_usb/ros2_can/build/keyboard_listener/build --no-deps install_data
[19.484s] running develop
[19.485s] /home/cadt-02/.local/lib/python3.8/site-packages/setuptools/command/develop.py:42: EasyInstallDeprecationWarning: easy_install command is deprecated.
[19.485s] !!
[19.485s] 
[19.485s]         ********************************************************************************
[19.485s]         Please avoid running ``setup.py`` and ``easy_install``.
[19.486s]         Instead, use pypa/build, pypa/installer or other
[19.486s]         standards-based tools.
[19.486s] 
[19.486s]         See https://github.com/pypa/setuptools/issues/917 for details.
[19.486s]         ********************************************************************************
[19.486s] 
[19.486s] !!
[19.487s]   easy_install.initialize_options(self)
[19.579s] /home/cadt-02/.local/lib/python3.8/site-packages/setuptools/_distutils/cmd.py:66: SetuptoolsDeprecationWarning: setup.py install is deprecated.
[19.579s] !!
[19.580s] 
[19.580s]         ********************************************************************************
[19.580s]         Please avoid running ``setup.py`` directly.
[19.580s]         Instead, use pypa/build, pypa/installer or other
[19.580s]         standards-based tools.
[19.580s] 
[19.580s]         See https://blog.ganssle.io/articles/2021/10/setup-py-deprecated.html for details.
[19.581s]         ********************************************************************************
[19.581s] 
[19.581s] !!
[19.581s]   self.initialize_options()
[20.100s] running egg_info
[20.147s] writing keyboard_listener.egg-info/PKG-INFO
[20.149s] writing dependency_links to keyboard_listener.egg-info/dependency_links.txt
[20.151s] writing entry points to keyboard_listener.egg-info/entry_points.txt
[20.153s] writing requirements to keyboard_listener.egg-info/requires.txt
[20.154s] writing top-level names to keyboard_listener.egg-info/top_level.txt
[20.256s] reading manifest file 'keyboard_listener.egg-info/SOURCES.txt'
[20.258s] writing manifest file 'keyboard_listener.egg-info/SOURCES.txt'
[20.441s] running build_ext
[20.442s] Creating /home/cadt-02/Documents/can_test_usb/ros2_can/install/keyboard_listener/lib/python3.8/site-packages/keyboard-listener.egg-link (link to .)
[20.442s] Installing keyboard_listener script to /home/cadt-02/Documents/can_test_usb/ros2_can/install/keyboard_listener/lib/keyboard_listener
[20.444s] 
[20.445s] Installed /home/cadt-02/Documents/can_test_usb/ros2_can/build/keyboard_listener
[20.445s] running install_data
[20.446s] copying resource/keyboard_listener -> /home/cadt-02/Documents/can_test_usb/ros2_can/install/keyboard_listener/share/ament_index/resource_index/packages
[20.447s] copying package.xml -> /home/cadt-02/Documents/can_test_usb/ros2_can/install/keyboard_listener/share/keyboard_listener
[22.742s] Invoked command in '/home/cadt-02/Documents/can_test_usb/ros2_can/build/keyboard_listener' returned '0': PYTHONPATH=/home/cadt-02/Documents/can_test_usb/ros2_can/build/keyboard_listener/prefix_override:/home/cadt-02/Documents/can_test_usb/ros2_can/install/keyboard_listener/lib/python3.8/site-packages:${PYTHONPATH} /usr/bin/python3 setup.py develop --editable --build-directory /home/cadt-02/Documents/can_test_usb/ros2_can/build/keyboard_listener/build --no-deps install_data
