[0.434s] DEBUG:colcon:Command line arguments: ['/usr/bin/colcon', 'build']
[0.434s] DEBUG:colcon:Parsed command line arguments: Namespace(allow_overriding=[], ament_cmake_args=None, base_paths=['.'], build_base='build', catkin_cmake_args=None, catkin_skip_building_tests=False, cmake_args=None, cmake_clean_cache=False, cmake_clean_first=False, cmake_force_configure=False, cmake_target=None, cmake_target_skip_unavailable=False, continue_on_error=False, event_handlers=None, executor='parallel', ignore_user_meta=False, install_base='install', log_base=None, log_level=None, main=<bound method BuildVerb.main of <colcon_core.verb.build.BuildVerb object at 0x7fc9ee088730>>, merge_install=False, metas=['./colcon.meta'], mixin=None, mixin_files=None, mixin_verb=('build',), packages_above=None, packages_above_and_dependencies=None, packages_above_depth=None, packages_end=None, packages_ignore=None, packages_ignore_regex=None, packages_select=None, packages_select_build_failed=False, packages_select_by_dep=None, packages_select_regex=None, packages_select_test_failures=False, packages_skip=None, packages_skip_build_finished=False, packages_skip_by_dep=None, packages_skip_regex=None, packages_skip_test_passed=False, packages_skip_up_to=None, packages_start=None, packages_up_to=None, packages_up_to_regex=None, parallel_workers=2, paths=None, symlink_install=False, test_result_base=None, verb_extension=<colcon_core.verb.build.BuildVerb object at 0x7fc9ee088730>, verb_name='build', verb_parser=<colcon_mixin.mixin.mixin_argument.MixinArgumentDecorator object at 0x7fc9ee000b20>)
[0.804s] Level 1:colcon.colcon_core.package_discovery:discover_packages(colcon_meta) check parameters
[0.813s] Level 1:colcon.colcon_core.package_discovery:discover_packages(recursive) check parameters
[0.813s] Level 1:colcon.colcon_core.package_discovery:discover_packages(ignore) check parameters
[0.813s] Level 1:colcon.colcon_core.package_discovery:discover_packages(path) check parameters
[0.814s] Level 1:colcon.colcon_core.package_discovery:discover_packages(colcon_meta) discover
[0.814s] Level 1:colcon.colcon_core.package_discovery:discover_packages(recursive) discover
[0.814s] INFO:colcon.colcon_core.package_discovery:Crawling recursively for packages in '/home/romcadt/ros2_ws/src/my_robot_control'
[0.814s] Level 1:colcon.colcon_core.package_identification:_identify(.) by extensions ['ignore', 'ignore_ament_install']
[0.815s] Level 1:colcon.colcon_core.package_identification:_identify(.) by extension 'ignore'
[0.815s] Level 1:colcon.colcon_core.package_identification:_identify(.) by extension 'ignore_ament_install'
[0.815s] Level 1:colcon.colcon_core.package_identification:_identify(.) by extensions ['colcon_pkg']
[0.815s] Level 1:colcon.colcon_core.package_identification:_identify(.) by extension 'colcon_pkg'
[0.815s] Level 1:colcon.colcon_core.package_identification:_identify(.) by extensions ['colcon_meta']
[0.815s] Level 1:colcon.colcon_core.package_identification:_identify(.) by extension 'colcon_meta'
[0.815s] Level 1:colcon.colcon_core.package_identification:_identify(.) by extensions ['ros']
[0.815s] Level 1:colcon.colcon_core.package_identification:_identify(.) by extension 'ros'
[0.866s] DEBUG:colcon.colcon_core.package_identification:Package '.' with type 'ros.ament_python' and name 'my_robot_control'
[0.866s] Level 1:colcon.colcon_core.package_discovery:discover_packages(recursive) using defaults
[0.867s] Level 1:colcon.colcon_core.package_discovery:discover_packages(ignore) discover
[0.867s] Level 1:colcon.colcon_core.package_discovery:discover_packages(ignore) using defaults
[0.867s] Level 1:colcon.colcon_core.package_discovery:discover_packages(path) discover
[0.867s] Level 1:colcon.colcon_core.package_discovery:discover_packages(path) using defaults
[0.897s] Level 1:colcon.colcon_core.package_discovery:discover_packages(prefix_path) check parameters
[0.897s] Level 1:colcon.colcon_core.package_discovery:discover_packages(prefix_path) discover
[0.900s] DEBUG:colcon.colcon_installed_package_information.package_discovery:Found 1 installed packages in /home/romcadt/ros2_ws/src/odometry/install
[0.901s] DEBUG:colcon.colcon_installed_package_information.package_discovery:Found 1 installed packages in /home/romcadt/ros2_ws/src/my_robot_control/install
[0.903s] DEBUG:colcon.colcon_installed_package_information.package_discovery:Found 256 installed packages in /opt/ros/foxy
[0.914s] Level 1:colcon.colcon_core.package_discovery:discover_packages(prefix_path) using defaults
[1.256s] Level 5:colcon.colcon_core.verb:set package 'my_robot_control' build argument 'cmake_args' from command line to 'None'
[1.256s] Level 5:colcon.colcon_core.verb:set package 'my_robot_control' build argument 'cmake_target' from command line to 'None'
[1.256s] Level 5:colcon.colcon_core.verb:set package 'my_robot_control' build argument 'cmake_target_skip_unavailable' from command line to 'False'
[1.257s] Level 5:colcon.colcon_core.verb:set package 'my_robot_control' build argument 'cmake_clean_cache' from command line to 'False'
[1.257s] Level 5:colcon.colcon_core.verb:set package 'my_robot_control' build argument 'cmake_clean_first' from command line to 'False'
[1.257s] Level 5:colcon.colcon_core.verb:set package 'my_robot_control' build argument 'cmake_force_configure' from command line to 'False'
[1.257s] Level 5:colcon.colcon_core.verb:set package 'my_robot_control' build argument 'ament_cmake_args' from command line to 'None'
[1.257s] Level 5:colcon.colcon_core.verb:set package 'my_robot_control' build argument 'catkin_cmake_args' from command line to 'None'
[1.257s] Level 5:colcon.colcon_core.verb:set package 'my_robot_control' build argument 'catkin_skip_building_tests' from command line to 'False'
[1.257s] DEBUG:colcon.colcon_core.verb:Building package 'my_robot_control' with the following arguments: {'ament_cmake_args': None, 'build_base': '/home/romcadt/ros2_ws/src/my_robot_control/build/my_robot_control', 'catkin_cmake_args': None, 'catkin_skip_building_tests': False, 'cmake_args': None, 'cmake_clean_cache': False, 'cmake_clean_first': False, 'cmake_force_configure': False, 'cmake_target': None, 'cmake_target_skip_unavailable': False, 'install_base': '/home/romcadt/ros2_ws/src/my_robot_control/install/my_robot_control', 'merge_install': False, 'path': '/home/romcadt/ros2_ws/src/my_robot_control', 'symlink_install': False, 'test_result_base': None}
[1.257s] INFO:colcon.colcon_core.executor:Executing jobs using 'parallel' executor
[1.265s] DEBUG:colcon.colcon_parallel_executor.executor.parallel:run_until_complete
[1.266s] INFO:colcon.colcon_ros.task.ament_python.build:Building ROS package in '/home/romcadt/ros2_ws/src/my_robot_control' with build type 'ament_python'
[1.266s] Level 1:colcon.colcon_core.shell:create_environment_hook('my_robot_control', 'ament_prefix_path')
[1.275s] INFO:colcon.colcon_core.plugin_system:Skipping extension 'colcon_core.shell.bat': Not used on non-Windows systems
[1.276s] INFO:colcon.colcon_core.shell:Creating environment hook '/home/romcadt/ros2_ws/src/my_robot_control/install/my_robot_control/share/my_robot_control/hook/ament_prefix_path.ps1'
[1.283s] INFO:colcon.colcon_core.shell:Creating environment descriptor '/home/romcadt/ros2_ws/src/my_robot_control/install/my_robot_control/share/my_robot_control/hook/ament_prefix_path.dsv'
[1.285s] INFO:colcon.colcon_core.shell:Creating environment hook '/home/romcadt/ros2_ws/src/my_robot_control/install/my_robot_control/share/my_robot_control/hook/ament_prefix_path.sh'
[1.289s] INFO:colcon.colcon_core.shell:Skip shell extension 'powershell' for command environment: Not usable outside of PowerShell
[1.289s] DEBUG:colcon.colcon_core.shell:Skip shell extension 'dsv' for command environment
[2.007s] INFO:colcon.colcon_core.task.python.build:Building Python package in '/home/romcadt/ros2_ws/src/my_robot_control'
[2.011s] INFO:colcon.colcon_core.shell:Skip shell extension 'powershell' for command environment: Not usable outside of PowerShell
[2.011s] DEBUG:colcon.colcon_core.shell:Skip shell extension 'dsv' for command environment
[3.046s] DEBUG:colcon.colcon_core.event_handler.log_command:Invoking command in '/home/romcadt/ros2_ws/src/my_robot_control': PYTHONPATH=/home/romcadt/ros2_ws/src/my_robot_control/build/my_robot_control/prefix_override:/home/romcadt/ros2_ws/src/my_robot_control/install/my_robot_control/lib/python3.8/site-packages:${PYTHONPATH} /usr/bin/python3 -W ignore:setup.py install is deprecated setup.py egg_info --egg-base build/my_robot_control build --build-base /home/romcadt/ros2_ws/src/my_robot_control/build/my_robot_control/build install --record /home/romcadt/ros2_ws/src/my_robot_control/build/my_robot_control/install.log --install-scripts $base/lib/my_robot_control --single-version-externally-managed install_data
[3.858s] DEBUG:colcon.colcon_core.event_handler.log_command:Invoked command in '/home/romcadt/ros2_ws/src/my_robot_control' returned '0': PYTHONPATH=/home/romcadt/ros2_ws/src/my_robot_control/build/my_robot_control/prefix_override:/home/romcadt/ros2_ws/src/my_robot_control/install/my_robot_control/lib/python3.8/site-packages:${PYTHONPATH} /usr/bin/python3 -W ignore:setup.py install is deprecated setup.py egg_info --egg-base build/my_robot_control build --build-base /home/romcadt/ros2_ws/src/my_robot_control/build/my_robot_control/build install --record /home/romcadt/ros2_ws/src/my_robot_control/build/my_robot_control/install.log --install-scripts $base/lib/my_robot_control --single-version-externally-managed install_data
[3.861s] Level 1:colcon.colcon_core.environment:checking '/home/romcadt/ros2_ws/src/my_robot_control/install/my_robot_control' for CMake module files
[3.863s] Level 1:colcon.colcon_core.environment:checking '/home/romcadt/ros2_ws/src/my_robot_control/install/my_robot_control' for CMake config files
[3.870s] Level 1:colcon.colcon_core.environment:checking '/home/romcadt/ros2_ws/src/my_robot_control/install/my_robot_control/lib'
[3.871s] Level 1:colcon.colcon_core.environment:checking '/home/romcadt/ros2_ws/src/my_robot_control/install/my_robot_control/bin'
[3.872s] Level 1:colcon.colcon_core.environment:checking '/home/romcadt/ros2_ws/src/my_robot_control/install/my_robot_control/lib/pkgconfig/my_robot_control.pc'
[3.873s] Level 1:colcon.colcon_core.environment:checking '/home/romcadt/ros2_ws/src/my_robot_control/install/my_robot_control/lib/python3.8/site-packages'
[3.874s] Level 1:colcon.colcon_core.shell:create_environment_hook('my_robot_control', 'pythonpath')
[3.875s] INFO:colcon.colcon_core.shell:Creating environment hook '/home/romcadt/ros2_ws/src/my_robot_control/install/my_robot_control/share/my_robot_control/hook/pythonpath.ps1'
[3.878s] INFO:colcon.colcon_core.shell:Creating environment descriptor '/home/romcadt/ros2_ws/src/my_robot_control/install/my_robot_control/share/my_robot_control/hook/pythonpath.dsv'
[3.880s] INFO:colcon.colcon_core.shell:Creating environment hook '/home/romcadt/ros2_ws/src/my_robot_control/install/my_robot_control/share/my_robot_control/hook/pythonpath.sh'
[3.882s] Level 1:colcon.colcon_core.environment:checking '/home/romcadt/ros2_ws/src/my_robot_control/install/my_robot_control/bin'
[3.882s] Level 1:colcon.colcon_core.environment:create_environment_scripts_only(my_robot_control)
[3.884s] INFO:colcon.colcon_core.shell:Creating package script '/home/romcadt/ros2_ws/src/my_robot_control/install/my_robot_control/share/my_robot_control/package.ps1'
[3.887s] INFO:colcon.colcon_core.shell:Creating package descriptor '/home/romcadt/ros2_ws/src/my_robot_control/install/my_robot_control/share/my_robot_control/package.dsv'
[3.900s] INFO:colcon.colcon_core.shell:Creating package script '/home/romcadt/ros2_ws/src/my_robot_control/install/my_robot_control/share/my_robot_control/package.sh'
[3.910s] INFO:colcon.colcon_core.shell:Creating package script '/home/romcadt/ros2_ws/src/my_robot_control/install/my_robot_control/share/my_robot_control/package.bash'
[3.913s] INFO:colcon.colcon_core.shell:Creating package script '/home/romcadt/ros2_ws/src/my_robot_control/install/my_robot_control/share/my_robot_control/package.zsh'
[3.918s] Level 1:colcon.colcon_core.environment:create_file_with_runtime_dependencies(/home/romcadt/ros2_ws/src/my_robot_control/install/my_robot_control/share/colcon-core/packages/my_robot_control)
[3.923s] DEBUG:colcon.colcon_parallel_executor.executor.parallel:closing loop
[3.924s] DEBUG:colcon.colcon_parallel_executor.executor.parallel:loop closed
[3.925s] DEBUG:colcon.colcon_parallel_executor.executor.parallel:run_until_complete finished with '0'
[3.925s] DEBUG:colcon.colcon_core.event_reactor:joining thread
[3.962s] INFO:colcon.colcon_core.plugin_system:Skipping extension 'colcon_notification.desktop_notification.terminal_notifier': Not used on non-Darwin systems
[3.963s] INFO:colcon.colcon_core.plugin_system:Skipping extension 'colcon_notification.desktop_notification.win32': Not used on non-Windows systems
[3.964s] INFO:colcon.colcon_notification.desktop_notification:Sending desktop notification using 'notify2'
[4.018s] DEBUG:colcon.colcon_core.event_reactor:joined thread
[4.019s] INFO:colcon.colcon_core.shell:Creating prefix script '/home/romcadt/ros2_ws/src/my_robot_control/install/local_setup.ps1'
[4.022s] INFO:colcon.colcon_core.shell:Creating prefix util module '/home/romcadt/ros2_ws/src/my_robot_control/install/_local_setup_util_ps1.py'
[4.028s] INFO:colcon.colcon_core.shell:Creating prefix chain script '/home/romcadt/ros2_ws/src/my_robot_control/install/setup.ps1'
[4.033s] INFO:colcon.colcon_core.shell:Creating prefix script '/home/romcadt/ros2_ws/src/my_robot_control/install/local_setup.sh'
[4.036s] INFO:colcon.colcon_core.shell:Creating prefix util module '/home/romcadt/ros2_ws/src/my_robot_control/install/_local_setup_util_sh.py'
[4.038s] INFO:colcon.colcon_core.shell:Creating prefix chain script '/home/romcadt/ros2_ws/src/my_robot_control/install/setup.sh'
[4.042s] INFO:colcon.colcon_core.shell:Creating prefix script '/home/romcadt/ros2_ws/src/my_robot_control/install/local_setup.bash'
[4.048s] INFO:colcon.colcon_core.shell:Creating prefix chain script '/home/romcadt/ros2_ws/src/my_robot_control/install/setup.bash'
[4.053s] INFO:colcon.colcon_core.shell:Creating prefix script '/home/romcadt/ros2_ws/src/my_robot_control/install/local_setup.zsh'
[4.058s] INFO:colcon.colcon_core.shell:Creating prefix chain script '/home/romcadt/ros2_ws/src/my_robot_control/install/setup.zsh'
