[16.824s] Invoking command in '/home/cadt-02/Documents/can_test_usb/ros2_can/build/keyboard_listener': PYTHONPATH=/home/cadt-02/Documents/can_test_usb/ros2_can/build/keyboard_listener/prefix_override:/home/cadt-02/Documents/can_test_usb/ros2_can/install/keyboard_listener/lib/python3.8/site-packages:${PYTHONPATH} /usr/bin/python3 setup.py develop --editable --build-directory /home/cadt-02/Documents/can_test_usb/ros2_can/build/keyboard_listener/build --no-deps install_data
[17.760s] running develop
[17.760s] /home/cadt-02/.local/lib/python3.8/site-packages/setuptools/command/develop.py:42: EasyInstallDeprecationWarning: easy_install command is deprecated.
[17.760s] !!
[17.760s] 
[17.761s]         ********************************************************************************
[17.761s]         Please avoid running ``setup.py`` and ``easy_install``.
[17.761s]         Instead, use pypa/build, pypa/installer or other
[17.761s]         standards-based tools.
[17.761s] 
[17.761s]         See https://github.com/pypa/setuptools/issues/917 for details.
[17.761s]         ********************************************************************************
[17.762s] 
[17.762s] !!
[17.762s]   easy_install.initialize_options(self)
[17.881s] /home/cadt-02/.local/lib/python3.8/site-packages/setuptools/_distutils/cmd.py:66: SetuptoolsDeprecationWarning: setup.py install is deprecated.
[17.881s] !!
[17.881s] 
[17.881s]         ********************************************************************************
[17.881s]         Please avoid running ``setup.py`` directly.
[17.882s]         Instead, use pypa/build, pypa/installer or other
[17.882s]         standards-based tools.
[17.882s] 
[17.882s]         See https://blog.ganssle.io/articles/2021/10/setup-py-deprecated.html for details.
[17.882s]         ********************************************************************************
[17.882s] 
[17.882s] !!
[17.882s]   self.initialize_options()
[18.403s] running egg_info
[18.446s] writing keyboard_listener.egg-info/PKG-INFO
[18.448s] writing dependency_links to keyboard_listener.egg-info/dependency_links.txt
[18.449s] writing entry points to keyboard_listener.egg-info/entry_points.txt
[18.450s] writing requirements to keyboard_listener.egg-info/requires.txt
[18.450s] writing top-level names to keyboard_listener.egg-info/top_level.txt
[18.545s] reading manifest file 'keyboard_listener.egg-info/SOURCES.txt'
[18.548s] writing manifest file 'keyboard_listener.egg-info/SOURCES.txt'
[18.718s] running build_ext
[18.719s] Creating /home/cadt-02/Documents/can_test_usb/ros2_can/install/keyboard_listener/lib/python3.8/site-packages/keyboard-listener.egg-link (link to .)
[18.721s] Installing keyboard_listener script to /home/cadt-02/Documents/can_test_usb/ros2_can/install/keyboard_listener/lib/keyboard_listener
[18.721s] 
[18.722s] Installed /home/cadt-02/Documents/can_test_usb/ros2_can/build/keyboard_listener
[18.722s] running install_data
[18.723s] copying resource/keyboard_listener -> /home/cadt-02/Documents/can_test_usb/ros2_can/install/keyboard_listener/share/ament_index/resource_index/packages
[18.723s] copying package.xml -> /home/cadt-02/Documents/can_test_usb/ros2_can/install/keyboard_listener/share/keyboard_listener
[21.709s] Invoked command in '/home/cadt-02/Documents/can_test_usb/ros2_can/build/keyboard_listener' returned '0': PYTHONPATH=/home/cadt-02/Documents/can_test_usb/ros2_can/build/keyboard_listener/prefix_override:/home/cadt-02/Documents/can_test_usb/ros2_can/install/keyboard_listener/lib/python3.8/site-packages:${PYTHONPATH} /usr/bin/python3 setup.py develop --editable --build-directory /home/cadt-02/Documents/can_test_usb/ros2_can/build/keyboard_listener/build --no-deps install_data
