[13.729s] Invoking command in '/home/cadt-02/Documents/can_test_usb/ros2_can/build/my_robot': PYTHONPATH=/home/cadt-02/Documents/can_test_usb/ros2_can/build/my_robot/prefix_override:/home/cadt-02/Documents/can_test_usb/ros2_can/install/my_robot/lib/python3.8/site-packages:${PYTHONPATH} /usr/bin/python3 setup.py develop --editable --build-directory /home/cadt-02/Documents/can_test_usb/ros2_can/build/my_robot/build --no-deps install_data
[15.154s] running develop
[15.169s] /home/cadt-02/.local/lib/python3.8/site-packages/setuptools/dist.py:476: SetuptoolsDeprecationWarning: Invalid dash-separated options
[15.169s] !!
[15.170s] 
[15.170s]         ********************************************************************************
[15.170s]         Usage of dash-separated 'script-dir' will not be supported in future
[15.170s]         versions. Please use the underscore name 'script_dir' instead.
[15.170s] 
[15.171s]         By 2024-Sep-26, you need to update your project and remove deprecated calls
[15.171s]         or your builds will no longer be supported.
[15.171s] 
[15.171s]         See https://setuptools.pypa.io/en/latest/userguide/declarative_config.html for details.
[15.171s]         ********************************************************************************
[15.171s] 
[15.172s] !!
[15.172s]   opt = self.warn_dash_deprecation(opt, section)
[15.172s] /home/cadt-02/.local/lib/python3.8/site-packages/setuptools/command/develop.py:42: EasyInstallDeprecationWarning: easy_install command is deprecated.
[15.172s] !!
[15.172s] 
[15.172s]         ********************************************************************************
[15.173s]         Please avoid running ``setup.py`` and ``easy_install``.
[15.173s]         Instead, use pypa/build, pypa/installer or other
[15.173s]         standards-based tools.
[15.173s] 
[15.173s]         See https://github.com/pypa/setuptools/issues/917 for details.
[15.173s]         ********************************************************************************
[15.173s] 
[15.173s] !!
[15.174s]   easy_install.initialize_options(self)
[15.174s] /home/cadt-02/.local/lib/python3.8/site-packages/setuptools/_distutils/cmd.py:66: SetuptoolsDeprecationWarning: setup.py install is deprecated.
[15.174s] !!
[15.174s] 
[15.174s]         ********************************************************************************
[15.174s]         Please avoid running ``setup.py`` directly.
[15.174s]         Instead, use pypa/build, pypa/installer or other
[15.175s]         standards-based tools.
[15.175s] 
[15.175s]         See https://blog.ganssle.io/articles/2021/10/setup-py-deprecated.html for details.
[15.175s]         ********************************************************************************
[15.175s] 
[15.175s] !!
[15.175s]   self.initialize_options()
[15.395s] running egg_info
[15.439s] writing my_robot.egg-info/PKG-INFO
[15.440s] writing dependency_links to my_robot.egg-info/dependency_links.txt
[15.441s] writing entry points to my_robot.egg-info/entry_points.txt
[15.442s] writing requirements to my_robot.egg-info/requires.txt
[15.443s] writing top-level names to my_robot.egg-info/top_level.txt
[15.540s] reading manifest file 'my_robot.egg-info/SOURCES.txt'
[15.543s] writing manifest file 'my_robot.egg-info/SOURCES.txt'
[15.723s] running build_ext
[15.724s] Creating /home/cadt-02/Documents/can_test_usb/ros2_can/install/my_robot/lib/python3.8/site-packages/my-robot.egg-link (link to .)
[15.733s] Installing my_robot script to /home/cadt-02/Documents/can_test_usb/ros2_can/install/my_robot/lib/my_robot
[15.736s] 
[15.736s] Installed /home/cadt-02/Documents/can_test_usb/ros2_can/build/my_robot
[15.736s] running install_data
[15.737s] copying resource/my_robot -> /home/cadt-02/Documents/can_test_usb/ros2_can/install/my_robot/share/ament_index/resource_index/packages
[15.737s] copying package.xml -> /home/cadt-02/Documents/can_test_usb/ros2_can/install/my_robot/share/my_robot
[22.926s] Invoked command in '/home/cadt-02/Documents/can_test_usb/ros2_can/build/my_robot' returned '0': PYTHONPATH=/home/cadt-02/Documents/can_test_usb/ros2_can/build/my_robot/prefix_override:/home/cadt-02/Documents/can_test_usb/ros2_can/install/my_robot/lib/python3.8/site-packages:${PYTHONPATH} /usr/bin/python3 setup.py develop --editable --build-directory /home/cadt-02/Documents/can_test_usb/ros2_can/build/my_robot/build --no-deps install_data
