[12.280s] Invoking command in '/home/cadt-02/Documents/can_test_usb/ros2_can/build/my_package': PYTHONPATH=/home/cadt-02/Documents/can_test_usb/ros2_can/build/my_package/prefix_override:/home/cadt-02/Documents/can_test_usb/ros2_can/install/my_package/lib/python3.8/site-packages:${PYTHONPATH} /usr/bin/python3 setup.py develop --editable --build-directory /home/cadt-02/Documents/can_test_usb/ros2_can/build/my_package/build --no-deps install_data
[13.022s] /home/cadt-02/.local/lib/python3.8/site-packages/setuptools/dist.py:476: SetuptoolsDeprecationWarning: Invalid dash-separated options
[13.023s] !!
[13.023s] 
[13.023s]         ********************************************************************************
[13.023s]         Usage of dash-separated 'build-base' will not be supported in future
[13.023s]         versions. Please use the underscore name 'build_base' instead.
[13.023s] 
[13.024s]         By 2024-Sep-26, you need to update your project and remove deprecated calls
[13.024s]         or your builds will no longer be supported.
[13.024s] 
[13.024s]         See https://setuptools.pypa.io/en/latest/userguide/declarative_config.html for details.
[13.024s]         ********************************************************************************
[13.024s] 
[13.024s] !!
[13.024s]   opt = self.warn_dash_deprecation(opt, section)
[13.923s] running develop
[13.923s] /home/cadt-02/.local/lib/python3.8/site-packages/setuptools/command/develop.py:42: EasyInstallDeprecationWarning: easy_install command is deprecated.
[13.924s] !!
[13.924s] 
[13.924s]         ********************************************************************************
[13.924s]         Please avoid running ``setup.py`` and ``easy_install``.
[13.924s]         Instead, use pypa/build, pypa/installer or other
[13.924s]         standards-based tools.
[13.924s] 
[13.924s]         See https://github.com/pypa/setuptools/issues/917 for details.
[13.925s]         ********************************************************************************
[13.925s] 
[13.925s] !!
[13.925s]   easy_install.initialize_options(self)
[14.121s] /home/cadt-02/.local/lib/python3.8/site-packages/setuptools/_distutils/cmd.py:66: SetuptoolsDeprecationWarning: setup.py install is deprecated.
[14.121s] !!
[14.121s] 
[14.121s]         ********************************************************************************
[14.121s]         Please avoid running ``setup.py`` directly.
[14.121s]         Instead, use pypa/build, pypa/installer or other
[14.122s]         standards-based tools.
[14.122s] 
[14.122s]         See https://blog.ganssle.io/articles/2021/10/setup-py-deprecated.html for details.
[14.122s]         ********************************************************************************
[14.122s] 
[14.122s] !!
[14.122s]   self.initialize_options()
[14.660s] running egg_info
[14.662s] creating my_package.egg-info
[14.705s] writing my_package.egg-info/PKG-INFO
[14.723s] writing dependency_links to my_package.egg-info/dependency_links.txt
[14.724s] writing entry points to my_package.egg-info/entry_points.txt
[14.725s] writing requirements to my_package.egg-info/requires.txt
[14.726s] writing top-level names to my_package.egg-info/top_level.txt
[14.726s] writing manifest file 'my_package.egg-info/SOURCES.txt'
[14.818s] reading manifest file 'my_package.egg-info/SOURCES.txt'
[14.820s] writing manifest file 'my_package.egg-info/SOURCES.txt'
[14.991s] running build_ext
[14.992s] Creating /home/cadt-02/Documents/can_test_usb/ros2_can/install/my_package/lib/python3.8/site-packages/my-package.egg-link (link to .)
[14.994s] Installing live_detection_node script to /home/cadt-02/Documents/can_test_usb/ros2_can/install/my_package/lib/my_package
[14.995s] Installing main script to /home/cadt-02/Documents/can_test_usb/ros2_can/install/my_package/lib/my_package
[14.996s] Installing my_node script to /home/cadt-02/Documents/can_test_usb/ros2_can/install/my_package/lib/my_package
[14.997s] Installing reinforcement_r2 script to /home/cadt-02/Documents/can_test_usb/ros2_can/install/my_package/lib/my_package
[14.999s] 
[15.000s] Installed /home/cadt-02/Documents/can_test_usb/ros2_can/build/my_package
[15.001s] running install_data
[15.001s] creating /home/cadt-02/Documents/can_test_usb/ros2_can/install/my_package/share/ament_index
[15.002s] creating /home/cadt-02/Documents/can_test_usb/ros2_can/install/my_package/share/ament_index/resource_index
[15.003s] creating /home/cadt-02/Documents/can_test_usb/ros2_can/install/my_package/share/ament_index/resource_index/packages
[15.003s] copying resource/my_package -> /home/cadt-02/Documents/can_test_usb/ros2_can/install/my_package/share/ament_index/resource_index/packages
[15.003s] copying package.xml -> /home/cadt-02/Documents/can_test_usb/ros2_can/install/my_package/share/my_package
[17.869s] Invoked command in '/home/cadt-02/Documents/can_test_usb/ros2_can/build/my_package' returned '0': PYTHONPATH=/home/cadt-02/Documents/can_test_usb/ros2_can/build/my_package/prefix_override:/home/cadt-02/Documents/can_test_usb/ros2_can/install/my_package/lib/python3.8/site-packages:${PYTHONPATH} /usr/bin/python3 setup.py develop --editable --build-directory /home/cadt-02/Documents/can_test_usb/ros2_can/build/my_package/build --no-deps install_data
