[9.683s] Invoking command in '/home/cadt-02/Documents/can_test_usb/ros2_can/src/ros_imu': PYTHONPATH=/home/cadt-02/Documents/can_test_usb/ros2_can/build/ros_imu/prefix_override:/home/cadt-02/Documents/can_test_usb/ros2_can/install/ros_imu/lib/python3.8/site-packages:${PYTHONPATH} /usr/bin/python3 setup.py egg_info --egg-base ../../build/ros_imu build --build-base /home/cadt-02/Documents/can_test_usb/ros2_can/build/ros_imu/build install --record /home/cadt-02/Documents/can_test_usb/ros2_can/build/ros_imu/install.log --install-scripts $base/lib/ros_imu --single-version-externally-managed
[10.029s] /home/cadt-02/.local/lib/python3.8/site-packages/setuptools/dist.py:476: SetuptoolsDeprecationWarning: Invalid dash-separated options
[10.029s] !!
[10.029s] 
[10.029s]         ********************************************************************************
[10.029s]         Usage of dash-separated 'script-dir' will not be supported in future
[10.029s]         versions. Please use the underscore name 'script_dir' instead.
[10.030s] 
[10.030s]         By 2024-Sep-26, you need to update your project and remove deprecated calls
[10.031s]         or your builds will no longer be supported.
[10.031s] 
[10.031s]         See https://setuptools.pypa.io/en/latest/userguide/declarative_config.html for details.
[10.032s]         ********************************************************************************
[10.032s] 
[10.032s] !!
[10.032s]   opt = self.warn_dash_deprecation(opt, section)
[10.302s] running egg_info
[10.347s] writing ../../build/ros_imu/ros_imu.egg-info/PKG-INFO
[10.348s] writing dependency_links to ../../build/ros_imu/ros_imu.egg-info/dependency_links.txt
[10.349s] writing entry points to ../../build/ros_imu/ros_imu.egg-info/entry_points.txt
[10.349s] writing requirements to ../../build/ros_imu/ros_imu.egg-info/requires.txt
[10.349s] writing top-level names to ../../build/ros_imu/ros_imu.egg-info/top_level.txt
[10.694s] reading manifest file '../../build/ros_imu/ros_imu.egg-info/SOURCES.txt'
[10.696s] writing manifest file '../../build/ros_imu/ros_imu.egg-info/SOURCES.txt'
[10.697s] running build
[10.697s] running build_py
[10.698s] copying ros_imu/ros_imu.py -> /home/cadt-02/Documents/can_test_usb/ros2_can/build/ros_imu/build/lib/ros_imu
[10.699s] copying ros_imu/__init__.py -> /home/cadt-02/Documents/can_test_usb/ros2_can/build/ros_imu/build/lib/ros_imu
[10.699s] running install
[10.700s] /home/cadt-02/.local/lib/python3.8/site-packages/setuptools/_distutils/cmd.py:66: SetuptoolsDeprecationWarning: setup.py install is deprecated.
[10.700s] !!
[10.700s] 
[10.700s]         ********************************************************************************
[10.700s]         Please avoid running ``setup.py`` directly.
[10.700s]         Instead, use pypa/build, pypa/installer or other
[10.701s]         standards-based tools.
[10.701s] 
[10.701s]         See https://blog.ganssle.io/articles/2021/10/setup-py-deprecated.html for details.
[10.701s]         ********************************************************************************
[10.701s] 
[10.701s] !!
[10.701s]   self.initialize_options()
[10.712s] running install_lib
[10.759s] running install_data
[10.803s] copying resource/ros_imu -> /home/cadt-02/Documents/can_test_usb/ros2_can/install/ros_imu/share/ament_index/resource_index/packages
[10.803s] copying package.xml -> /home/cadt-02/Documents/can_test_usb/ros2_can/install/ros_imu/share/ros_imu
[10.804s] running install_egg_info
[10.851s] removing '/home/cadt-02/Documents/can_test_usb/ros2_can/install/ros_imu/lib/python3.8/site-packages/ros_imu-0.0.0-py3.8.egg-info' (and everything under it)
[10.852s] Copying ../../build/ros_imu/ros_imu.egg-info to /home/cadt-02/Documents/can_test_usb/ros2_can/install/ros_imu/lib/python3.8/site-packages/ros_imu-0.0.0-py3.8.egg-info
[10.854s] running install_scripts
[10.965s] Installing ros_imu script to /home/cadt-02/Documents/can_test_usb/ros2_can/install/ros_imu/lib/ros_imu
[10.966s] writing list of installed files to '/home/cadt-02/Documents/can_test_usb/ros2_can/build/ros_imu/install.log'
[12.763s] Invoked command in '/home/cadt-02/Documents/can_test_usb/ros2_can/src/ros_imu' returned '0': PYTHONPATH=/home/cadt-02/Documents/can_test_usb/ros2_can/build/ros_imu/prefix_override:/home/cadt-02/Documents/can_test_usb/ros2_can/install/ros_imu/lib/python3.8/site-packages:${PYTHONPATH} /usr/bin/python3 setup.py egg_info --egg-base ../../build/ros_imu build --build-base /home/cadt-02/Documents/can_test_usb/ros2_can/build/ros_imu/build install --record /home/cadt-02/Documents/can_test_usb/ros2_can/build/ros_imu/install.log --install-scripts $base/lib/ros_imu --single-version-externally-managed
