[13.506s] Invoking command in '/home/cadt-02/Documents/can_test_usb/ros2_can/build/my_package': PYTHONPATH=/home/cadt-02/Documents/can_test_usb/ros2_can/build/my_package/prefix_override:/home/cadt-02/Documents/can_test_usb/ros2_can/install/my_package/lib/python3.8/site-packages:${PYTHONPATH} /usr/bin/python3 setup.py develop --editable --build-directory /home/cadt-02/Documents/can_test_usb/ros2_can/build/my_package/build --no-deps install_data
[13.868s] /home/cadt-02/.local/lib/python3.8/site-packages/setuptools/dist.py:476: SetuptoolsDeprecationWarning: Invalid dash-separated options
[13.868s] !!
[13.868s] 
[13.868s]         ********************************************************************************
[13.869s]         Usage of dash-separated 'build-base' will not be supported in future
[13.869s]         versions. Please use the underscore name 'build_base' instead.
[13.869s] 
[13.869s]         By 2024-Sep-26, you need to update your project and remove deprecated calls
[13.869s]         or your builds will no longer be supported.
[13.869s] 
[13.869s]         See https://setuptools.pypa.io/en/latest/userguide/declarative_config.html for details.
[13.869s]         ********************************************************************************
[13.870s] 
[13.870s] !!
[13.876s]   opt = self.warn_dash_deprecation(opt, section)
[14.393s] /home/cadt-02/.local/lib/python3.8/site-packages/setuptools/command/develop.py:42: EasyInstallDeprecationWarning: easy_install command is deprecated.
[14.393s] !!
[14.393s] 
[14.393s]         ********************************************************************************
[14.393s]         Please avoid running ``setup.py`` and ``easy_install``.
[14.393s]         Instead, use pypa/build, pypa/installer or other
[14.393s]         standards-based tools.
[14.393s] 
[14.394s]         See https://github.com/pypa/setuptools/issues/917 for details.
[14.394s]         ********************************************************************************
[14.394s] 
[14.394s] !!
[14.394s]   easy_install.initialize_options(self)
[14.394s] running develop
[14.488s] /home/cadt-02/.local/lib/python3.8/site-packages/setuptools/_distutils/cmd.py:66: SetuptoolsDeprecationWarning: setup.py install is deprecated.
[14.488s] !!
[14.488s] 
[14.488s]         ********************************************************************************
[14.488s]         Please avoid running ``setup.py`` directly.
[14.489s]         Instead, use pypa/build, pypa/installer or other
[14.489s]         standards-based tools.
[14.489s] 
[14.489s]         See https://blog.ganssle.io/articles/2021/10/setup-py-deprecated.html for details.
[14.489s]         ********************************************************************************
[14.489s] 
[14.489s] !!
[14.489s]   self.initialize_options()
[14.962s] running egg_info
[15.007s] writing my_package.egg-info/PKG-INFO
[15.007s] writing dependency_links to my_package.egg-info/dependency_links.txt
[15.009s] writing entry points to my_package.egg-info/entry_points.txt
[15.009s] writing requirements to my_package.egg-info/requires.txt
[15.009s] writing top-level names to my_package.egg-info/top_level.txt
[15.105s] reading manifest file 'my_package.egg-info/SOURCES.txt'
[15.106s] writing manifest file 'my_package.egg-info/SOURCES.txt'
[15.283s] running build_ext
[15.284s] Creating /home/cadt-02/Documents/can_test_usb/ros2_can/install/my_package/lib/python3.8/site-packages/my-package.egg-link (link to .)
[15.284s] Installing live_detection_node script to /home/cadt-02/Documents/can_test_usb/ros2_can/install/my_package/lib/my_package
[15.285s] Installing main script to /home/cadt-02/Documents/can_test_usb/ros2_can/install/my_package/lib/my_package
[15.285s] Installing my_node script to /home/cadt-02/Documents/can_test_usb/ros2_can/install/my_package/lib/my_package
[15.286s] Installing reinforcement_r2 script to /home/cadt-02/Documents/can_test_usb/ros2_can/install/my_package/lib/my_package
[15.286s] 
[15.286s] Installed /home/cadt-02/Documents/can_test_usb/ros2_can/build/my_package
[15.287s] running install_data
[15.288s] copying resource/my_package -> /home/cadt-02/Documents/can_test_usb/ros2_can/install/my_package/share/ament_index/resource_index/packages
[15.289s] copying package.xml -> /home/cadt-02/Documents/can_test_usb/ros2_can/install/my_package/share/my_package
[21.668s] Invoked command in '/home/cadt-02/Documents/can_test_usb/ros2_can/build/my_package' returned '0': PYTHONPATH=/home/cadt-02/Documents/can_test_usb/ros2_can/build/my_package/prefix_override:/home/cadt-02/Documents/can_test_usb/ros2_can/install/my_package/lib/python3.8/site-packages:${PYTHONPATH} /usr/bin/python3 setup.py develop --editable --build-directory /home/cadt-02/Documents/can_test_usb/ros2_can/build/my_package/build --no-deps install_data
