[13.874s] Invoking command in '/home/cadt-02/Documents/can_test_usb/ros2_can/build/my_package': PYTHONPATH=/home/cadt-02/Documents/can_test_usb/ros2_can/build/my_package/prefix_override:/home/cadt-02/Documents/can_test_usb/ros2_can/install/my_package/lib/python3.8/site-packages:${PYTHONPATH} /usr/bin/python3 setup.py develop --editable --build-directory /home/cadt-02/Documents/can_test_usb/ros2_can/build/my_package/build --no-deps install_data
[15.102s] running develop
[15.102s] /home/cadt-02/.local/lib/python3.8/site-packages/setuptools/dist.py:476: SetuptoolsDeprecationWarning: Invalid dash-separated options
[15.103s] !!
[15.103s] 
[15.103s]         ********************************************************************************
[15.103s]         Usage of dash-separated 'build-base' will not be supported in future
[15.103s]         versions. Please use the underscore name 'build_base' instead.
[15.103s] 
[15.103s]         By 2024-Sep-26, you need to update your project and remove deprecated calls
[15.103s]         or your builds will no longer be supported.
[15.104s] 
[15.104s]         See https://setuptools.pypa.io/en/latest/userguide/declarative_config.html for details.
[15.104s]         ********************************************************************************
[15.104s] 
[15.104s] !!
[15.104s]   opt = self.warn_dash_deprecation(opt, section)
[15.104s] /home/cadt-02/.local/lib/python3.8/site-packages/setuptools/command/develop.py:42: EasyInstallDeprecationWarning: easy_install command is deprecated.
[15.104s] !!
[15.104s] 
[15.105s]         ********************************************************************************
[15.105s]         Please avoid running ``setup.py`` and ``easy_install``.
[15.105s]         Instead, use pypa/build, pypa/installer or other
[15.105s]         standards-based tools.
[15.105s] 
[15.105s]         See https://github.com/pypa/setuptools/issues/917 for details.
[15.105s]         ********************************************************************************
[15.105s] 
[15.106s] !!
[15.106s]   easy_install.initialize_options(self)
[15.106s] /home/cadt-02/.local/lib/python3.8/site-packages/setuptools/_distutils/cmd.py:66: SetuptoolsDeprecationWarning: setup.py install is deprecated.
[15.106s] !!
[15.106s] 
[15.106s]         ********************************************************************************
[15.106s]         Please avoid running ``setup.py`` directly.
[15.106s]         Instead, use pypa/build, pypa/installer or other
[15.106s]         standards-based tools.
[15.107s] 
[15.107s]         See https://blog.ganssle.io/articles/2021/10/setup-py-deprecated.html for details.
[15.107s]         ********************************************************************************
[15.107s] 
[15.107s] !!
[15.107s]   self.initialize_options()
[15.269s] running egg_info
[15.311s] writing my_package.egg-info/PKG-INFO
[15.311s] writing dependency_links to my_package.egg-info/dependency_links.txt
[15.312s] writing entry points to my_package.egg-info/entry_points.txt
[15.312s] writing requirements to my_package.egg-info/requires.txt
[15.313s] writing top-level names to my_package.egg-info/top_level.txt
[15.403s] reading manifest file 'my_package.egg-info/SOURCES.txt'
[15.405s] writing manifest file 'my_package.egg-info/SOURCES.txt'
[15.576s] running build_ext
[15.577s] Creating /home/cadt-02/Documents/can_test_usb/ros2_can/install/my_package/lib/python3.8/site-packages/my-package.egg-link (link to .)
[15.580s] Installing live_detection_node script to /home/cadt-02/Documents/can_test_usb/ros2_can/install/my_package/lib/my_package
[15.580s] Installing main script to /home/cadt-02/Documents/can_test_usb/ros2_can/install/my_package/lib/my_package
[15.581s] Installing my_node script to /home/cadt-02/Documents/can_test_usb/ros2_can/install/my_package/lib/my_package
[15.582s] Installing reinforcement_r2 script to /home/cadt-02/Documents/can_test_usb/ros2_can/install/my_package/lib/my_package
[15.583s] 
[15.584s] Installed /home/cadt-02/Documents/can_test_usb/ros2_can/build/my_package
[15.585s] running install_data
[15.586s] copying resource/my_package -> /home/cadt-02/Documents/can_test_usb/ros2_can/install/my_package/share/ament_index/resource_index/packages
[15.586s] copying package.xml -> /home/cadt-02/Documents/can_test_usb/ros2_can/install/my_package/share/my_package
[22.463s] Invoked command in '/home/cadt-02/Documents/can_test_usb/ros2_can/build/my_package' returned '0': PYTHONPATH=/home/cadt-02/Documents/can_test_usb/ros2_can/build/my_package/prefix_override:/home/cadt-02/Documents/can_test_usb/ros2_can/install/my_package/lib/python3.8/site-packages:${PYTHONPATH} /usr/bin/python3 setup.py develop --editable --build-directory /home/cadt-02/Documents/can_test_usb/ros2_can/build/my_package/build --no-deps install_data
