[14.159s] Invoking command in '/home/cadt-02/Documents/can_test_usb/ros2_can/build/my_package': PYTHONPATH=/home/cadt-02/Documents/can_test_usb/ros2_can/build/my_package/prefix_override:/home/cadt-02/Documents/can_test_usb/ros2_can/install/my_package/lib/python3.8/site-packages:${PYTHONPATH} /usr/bin/python3 setup.py develop --editable --build-directory /home/cadt-02/Documents/can_test_usb/ros2_can/build/my_package/build --no-deps install_data
[14.547s] /home/cadt-02/.local/lib/python3.8/site-packages/setuptools/dist.py:476: SetuptoolsDeprecationWarning: Invalid dash-separated options
[14.548s] !!
[14.548s] 
[14.548s]         ********************************************************************************
[14.548s]         Usage of dash-separated 'build-base' will not be supported in future
[14.548s]         versions. Please use the underscore name 'build_base' instead.
[14.548s] 
[14.548s]         By 2024-Sep-26, you need to update your project and remove deprecated calls
[14.549s]         or your builds will no longer be supported.
[14.549s] 
[14.549s]         See https://setuptools.pypa.io/en/latest/userguide/declarative_config.html for details.
[14.549s]         ********************************************************************************
[14.549s] 
[14.549s] !!
[14.549s]   opt = self.warn_dash_deprecation(opt, section)
[15.123s] running develop
[15.123s] /home/cadt-02/.local/lib/python3.8/site-packages/setuptools/command/develop.py:42: EasyInstallDeprecationWarning: easy_install command is deprecated.
[15.123s] !!
[15.123s] 
[15.124s]         ********************************************************************************
[15.124s]         Please avoid running ``setup.py`` and ``easy_install``.
[15.124s]         Instead, use pypa/build, pypa/installer or other
[15.124s]         standards-based tools.
[15.124s] 
[15.124s]         See https://github.com/pypa/setuptools/issues/917 for details.
[15.124s]         ********************************************************************************
[15.125s] 
[15.125s] !!
[15.125s]   easy_install.initialize_options(self)
[15.216s] /home/cadt-02/.local/lib/python3.8/site-packages/setuptools/_distutils/cmd.py:66: SetuptoolsDeprecationWarning: setup.py install is deprecated.
[15.216s] !!
[15.216s] 
[15.216s]         ********************************************************************************
[15.216s]         Please avoid running ``setup.py`` directly.
[15.216s]         Instead, use pypa/build, pypa/installer or other
[15.216s]         standards-based tools.
[15.216s] 
[15.217s]         See https://blog.ganssle.io/articles/2021/10/setup-py-deprecated.html for details.
[15.218s]         ********************************************************************************
[15.218s] 
[15.218s] !!
[15.218s]   self.initialize_options()
[15.755s] running egg_info
[15.801s] writing my_package.egg-info/PKG-INFO
[15.803s] writing dependency_links to my_package.egg-info/dependency_links.txt
[15.805s] writing entry points to my_package.egg-info/entry_points.txt
[15.806s] writing requirements to my_package.egg-info/requires.txt
[15.808s] writing top-level names to my_package.egg-info/top_level.txt
[15.909s] reading manifest file 'my_package.egg-info/SOURCES.txt'
[15.911s] writing manifest file 'my_package.egg-info/SOURCES.txt'
[16.105s] running build_ext
[16.105s] Creating /home/cadt-02/Documents/can_test_usb/ros2_can/install/my_package/lib/python3.8/site-packages/my-package.egg-link (link to .)
[16.105s] Installing live_detection_node script to /home/cadt-02/Documents/can_test_usb/ros2_can/install/my_package/lib/my_package
[16.105s] Installing main script to /home/cadt-02/Documents/can_test_usb/ros2_can/install/my_package/lib/my_package
[16.106s] Installing my_node script to /home/cadt-02/Documents/can_test_usb/ros2_can/install/my_package/lib/my_package
[16.106s] Installing reinforcement_r2 script to /home/cadt-02/Documents/can_test_usb/ros2_can/install/my_package/lib/my_package
[16.106s] 
[16.106s] Installed /home/cadt-02/Documents/can_test_usb/ros2_can/build/my_package
[16.106s] running install_data
[16.106s] copying resource/my_package -> /home/cadt-02/Documents/can_test_usb/ros2_can/install/my_package/share/ament_index/resource_index/packages
[16.107s] copying package.xml -> /home/cadt-02/Documents/can_test_usb/ros2_can/install/my_package/share/my_package
[21.513s] Invoked command in '/home/cadt-02/Documents/can_test_usb/ros2_can/build/my_package' returned '0': PYTHONPATH=/home/cadt-02/Documents/can_test_usb/ros2_can/build/my_package/prefix_override:/home/cadt-02/Documents/can_test_usb/ros2_can/install/my_package/lib/python3.8/site-packages:${PYTHONPATH} /usr/bin/python3 setup.py develop --editable --build-directory /home/cadt-02/Documents/can_test_usb/ros2_can/build/my_package/build --no-deps install_data
