[13.761s] Invoking command in '/home/cadt-02/Documents/can_test_usb/ros2_can/build/my_package': PYTHONPATH=/home/cadt-02/Documents/can_test_usb/ros2_can/build/my_package/prefix_override:/home/cadt-02/Documents/can_test_usb/ros2_can/install/my_package/lib/python3.8/site-packages:${PYTHONPATH} /usr/bin/python3 setup.py develop --editable --build-directory /home/cadt-02/Documents/can_test_usb/ros2_can/build/my_package/build --no-deps install_data
[15.051s] running develop
[15.056s] /home/cadt-02/.local/lib/python3.8/site-packages/setuptools/dist.py:476: SetuptoolsDeprecationWarning: Invalid dash-separated options
[15.057s] !!
[15.057s] 
[15.057s]         ********************************************************************************
[15.057s]         Usage of dash-separated 'build-base' will not be supported in future
[15.057s]         versions. Please use the underscore name 'build_base' instead.
[15.057s] 
[15.058s]         By 2024-Sep-26, you need to update your project and remove deprecated calls
[15.058s]         or your builds will no longer be supported.
[15.058s] 
[15.058s]         See https://setuptools.pypa.io/en/latest/userguide/declarative_config.html for details.
[15.058s]         ********************************************************************************
[15.058s] 
[15.058s] !!
[15.058s]   opt = self.warn_dash_deprecation(opt, section)
[15.059s] /home/cadt-02/.local/lib/python3.8/site-packages/setuptools/command/develop.py:42: EasyInstallDeprecationWarning: easy_install command is deprecated.
[15.059s] !!
[15.059s] 
[15.059s]         ********************************************************************************
[15.059s]         Please avoid running ``setup.py`` and ``easy_install``.
[15.059s]         Instead, use pypa/build, pypa/installer or other
[15.059s]         standards-based tools.
[15.059s] 
[15.060s]         See https://github.com/pypa/setuptools/issues/917 for details.
[15.060s]         ********************************************************************************
[15.060s] 
[15.073s] !!
[15.074s]   easy_install.initialize_options(self)
[15.075s] /home/cadt-02/.local/lib/python3.8/site-packages/setuptools/_distutils/cmd.py:66: SetuptoolsDeprecationWarning: setup.py install is deprecated.
[15.077s] !!
[15.077s] 
[15.078s]         ********************************************************************************
[15.079s]         Please avoid running ``setup.py`` directly.
[15.079s]         Instead, use pypa/build, pypa/installer or other
[15.079s]         standards-based tools.
[15.080s] 
[15.080s]         See https://blog.ganssle.io/articles/2021/10/setup-py-deprecated.html for details.
[15.080s]         ********************************************************************************
[15.080s] 
[15.080s] !!
[15.080s]   self.initialize_options()
[15.215s] running egg_info
[15.259s] writing my_package.egg-info/PKG-INFO
[15.260s] writing dependency_links to my_package.egg-info/dependency_links.txt
[15.261s] writing entry points to my_package.egg-info/entry_points.txt
[15.262s] writing requirements to my_package.egg-info/requires.txt
[15.262s] writing top-level names to my_package.egg-info/top_level.txt
[15.356s] reading manifest file 'my_package.egg-info/SOURCES.txt'
[15.368s] writing manifest file 'my_package.egg-info/SOURCES.txt'
[15.526s] running build_ext
[15.527s] Creating /home/cadt-02/Documents/can_test_usb/ros2_can/install/my_package/lib/python3.8/site-packages/my-package.egg-link (link to .)
[15.527s] Installing live_detection_node script to /home/cadt-02/Documents/can_test_usb/ros2_can/install/my_package/lib/my_package
[15.527s] Installing main script to /home/cadt-02/Documents/can_test_usb/ros2_can/install/my_package/lib/my_package
[15.528s] Installing my_node script to /home/cadt-02/Documents/can_test_usb/ros2_can/install/my_package/lib/my_package
[15.529s] Installing reinforcement_r2 script to /home/cadt-02/Documents/can_test_usb/ros2_can/install/my_package/lib/my_package
[15.529s] 
[15.530s] Installed /home/cadt-02/Documents/can_test_usb/ros2_can/build/my_package
[15.530s] running install_data
[15.530s] copying resource/my_package -> /home/cadt-02/Documents/can_test_usb/ros2_can/install/my_package/share/ament_index/resource_index/packages
[15.530s] copying package.xml -> /home/cadt-02/Documents/can_test_usb/ros2_can/install/my_package/share/my_package
[22.544s] Invoked command in '/home/cadt-02/Documents/can_test_usb/ros2_can/build/my_package' returned '0': PYTHONPATH=/home/cadt-02/Documents/can_test_usb/ros2_can/build/my_package/prefix_override:/home/cadt-02/Documents/can_test_usb/ros2_can/install/my_package/lib/python3.8/site-packages:${PYTHONPATH} /usr/bin/python3 setup.py develop --editable --build-directory /home/cadt-02/Documents/can_test_usb/ros2_can/build/my_package/build --no-deps install_data
