[18.381s] Invoking command in '/home/cadt-02/Documents/can_test_usb/ros2_can/build/auto_r2': PYTHONPATH=/home/cadt-02/Documents/can_test_usb/ros2_can/build/auto_r2/prefix_override:/home/cadt-02/Documents/can_test_usb/ros2_can/install/auto_r2/lib/python3.8/site-packages:${PYTHONPATH} /usr/bin/python3 setup.py develop --editable --build-directory /home/cadt-02/Documents/can_test_usb/ros2_can/build/auto_r2/build --no-deps install_data
[18.772s] /home/cadt-02/.local/lib/python3.8/site-packages/setuptools/dist.py:476: SetuptoolsDeprecationWarning: Invalid dash-separated options
[18.772s] !!
[18.772s] 
[18.773s]         ********************************************************************************
[18.773s]         Usage of dash-separated 'script-dir' will not be supported in future
[18.773s]         versions. Please use the underscore name 'script_dir' instead.
[18.773s] 
[18.773s]         By 2024-Sep-26, you need to update your project and remove deprecated calls
[18.773s]         or your builds will no longer be supported.
[18.773s] 
[18.774s]         See https://setuptools.pypa.io/en/latest/userguide/declarative_config.html for details.
[18.774s]         ********************************************************************************
[18.774s] 
[18.774s] !!
[18.774s]   opt = self.warn_dash_deprecation(opt, section)
[19.368s] running develop
[19.369s] /home/cadt-02/.local/lib/python3.8/site-packages/setuptools/command/develop.py:42: EasyInstallDeprecationWarning: easy_install command is deprecated.
[19.369s] !!
[19.369s] 
[19.369s]         ********************************************************************************
[19.369s]         Please avoid running ``setup.py`` and ``easy_install``.
[19.370s]         Instead, use pypa/build, pypa/installer or other
[19.370s]         standards-based tools.
[19.370s] 
[19.370s]         See https://github.com/pypa/setuptools/issues/917 for details.
[19.370s]         ********************************************************************************
[19.370s] 
[19.371s] !!
[19.371s]   easy_install.initialize_options(self)
[19.468s] /home/cadt-02/.local/lib/python3.8/site-packages/setuptools/_distutils/cmd.py:66: SetuptoolsDeprecationWarning: setup.py install is deprecated.
[19.468s] !!
[19.468s] 
[19.469s]         ********************************************************************************
[19.469s]         Please avoid running ``setup.py`` directly.
[19.469s]         Instead, use pypa/build, pypa/installer or other
[19.469s]         standards-based tools.
[19.469s] 
[19.469s]         See https://blog.ganssle.io/articles/2021/10/setup-py-deprecated.html for details.
[19.469s]         ********************************************************************************
[19.469s] 
[19.470s] !!
[19.470s]   self.initialize_options()
[19.997s] running egg_info
[20.053s] writing auto_r2.egg-info/PKG-INFO
[20.055s] writing dependency_links to auto_r2.egg-info/dependency_links.txt
[20.056s] writing entry points to auto_r2.egg-info/entry_points.txt
[20.057s] writing requirements to auto_r2.egg-info/requires.txt
[20.058s] writing top-level names to auto_r2.egg-info/top_level.txt
[20.158s] reading manifest file 'auto_r2.egg-info/SOURCES.txt'
[20.160s] writing manifest file 'auto_r2.egg-info/SOURCES.txt'
[20.336s] running build_ext
[20.336s] Creating /home/cadt-02/Documents/can_test_usb/ros2_can/install/auto_r2/lib/python3.8/site-packages/auto-r2.egg-link (link to .)
[20.340s] Installing auto_r2 script to /home/cadt-02/Documents/can_test_usb/ros2_can/install/auto_r2/lib/auto_r2
[20.341s] 
[20.342s] Installed /home/cadt-02/Documents/can_test_usb/ros2_can/build/auto_r2
[20.342s] running install_data
[20.342s] copying resource/auto_r2 -> /home/cadt-02/Documents/can_test_usb/ros2_can/install/auto_r2/share/ament_index/resource_index/packages
[20.342s] copying package.xml -> /home/cadt-02/Documents/can_test_usb/ros2_can/install/auto_r2/share/auto_r2
[25.800s] Invoked command in '/home/cadt-02/Documents/can_test_usb/ros2_can/build/auto_r2' returned '0': PYTHONPATH=/home/cadt-02/Documents/can_test_usb/ros2_can/build/auto_r2/prefix_override:/home/cadt-02/Documents/can_test_usb/ros2_can/install/auto_r2/lib/python3.8/site-packages:${PYTHONPATH} /usr/bin/python3 setup.py develop --editable --build-directory /home/cadt-02/Documents/can_test_usb/ros2_can/build/auto_r2/build --no-deps install_data
