[8.397s] Invoking command in '/home/cadt-02/Documents/can_test_usb/ros2_can/build/keyboard_publisher': LD_LIBRARY_PATH=/home/cadt-02/Documents/can_test_usb/ros2_can/install/cadt02_interfaces/lib:/usr/local/cuda-11.4/lib64:/opt/ros/foxy/opt/yaml_cpp_vendor/lib:/opt/ros/foxy/opt/rviz_ogre_vendor/lib:/opt/ros/foxy/lib/aarch64-linux-gnu:/opt/ros/foxy/lib:/usr/local/cuda-11.4/lib64 PYTHONPATH=/home/cadt-02/Documents/can_test_usb/ros2_can/build/keyboard_publisher/prefix_override:/home/cadt-02/Documents/can_test_usb/ros2_can/install/keyboard_publisher/lib/python3.8/site-packages:/home/cadt-02/Documents/can_test_usb/ros2_can/install/cadt02_interfaces/lib/python3.8/site-packages:/home/cadt-02/Documents/can_test_usb/ros2_can/build/ros_imu:/home/cadt-02/Documents/can_test_usb/ros2_can/install/ros_imu/lib/python3.8/site-packages:/home/cadt-02/Documents/can_test_usb/ros2_can/build/position_control:/home/cadt-02/Documents/can_test_usb/ros2_can/install/position_control/lib/python3.8/site-packages:/home/cadt-02/Documents/can_test_usb/ros2_can/build/odometry_cont:/home/cadt-02/Documents/can_test_usb/ros2_can/install/odometry_cont/lib/python3.8/site-packages:/home/cadt-02/Documents/can_test_usb/ros2_can/build/odometry:/home/cadt-02/Documents/can_test_usb/ros2_can/install/odometry/lib/python3.8/site-packages:/home/cadt-02/Documents/can_test_usb/ros2_can/build/my_robot:/home/cadt-02/Documents/can_test_usb/ros2_can/install/my_robot/lib/python3.8/site-packages:/home/cadt-02/Documents/can_test_usb/ros2_can/build/my_package:/home/cadt-02/Documents/can_test_usb/ros2_can/install/my_package/lib/python3.8/site-packages:/home/cadt-02/Documents/can_test_usb/ros2_can/build/movement:/home/cadt-02/Documents/can_test_usb/ros2_can/install/movement/lib/python3.8/site-packages:/home/cadt-02/Documents/can_test_usb/ros2_can/build/keyboard_publisher:/home/cadt-02/Documents/can_test_usb/ros2_can/install/keyboard_publisher/lib/python3.8/site-packages:/home/cadt-02/Documents/can_test_usb/ros2_can/build/keyboard_listener:/home/cadt-02/Documents/can_test_usb/ros2_can/install/keyboard_listener/lib/python3.8/site-packages:/home/cadt-02/Documents/can_test_usb/ros2_can/build/auto_r2:/home/cadt-02/Documents/can_test_usb/ros2_can/install/auto_r2/lib/python3.8/site-packages:/home/cadt-02/Documents/can_test_usb/ros2_can/build/auto_node:/home/cadt-02/Documents/can_test_usb/ros2_can/install/auto_node/lib/python3.8/site-packages:/opt/ros/foxy/lib/python3.8/site-packages /usr/bin/python3 setup.py develop --editable --build-directory /home/cadt-02/Documents/can_test_usb/ros2_can/build/keyboard_publisher/build --no-deps install_data
[8.750s] /home/cadt-02/.local/lib/python3.8/site-packages/setuptools/dist.py:476: SetuptoolsDeprecationWarning: Invalid dash-separated options
[8.750s] !!
[8.750s] 
[8.750s]         ********************************************************************************
[8.750s]         Usage of dash-separated 'script-dir' will not be supported in future
[8.751s]         versions. Please use the underscore name 'script_dir' instead.
[8.751s] 
[8.751s]         By 2024-Sep-26, you need to update your project and remove deprecated calls
[8.751s]         or your builds will no longer be supported.
[8.751s] 
[8.751s]         See https://setuptools.pypa.io/en/latest/userguide/declarative_config.html for details.
[8.751s]         ********************************************************************************
[8.752s] 
[8.752s] !!
[8.752s]   opt = self.warn_dash_deprecation(opt, section)
[9.266s] running develop
[9.266s] /home/cadt-02/.local/lib/python3.8/site-packages/setuptools/command/develop.py:42: EasyInstallDeprecationWarning: easy_install command is deprecated.
[9.266s] !!
[9.267s] 
[9.267s]         ********************************************************************************
[9.267s]         Please avoid running ``setup.py`` and ``easy_install``.
[9.267s]         Instead, use pypa/build, pypa/installer or other
[9.268s]         standards-based tools.
[9.268s] 
[9.268s]         See https://github.com/pypa/setuptools/issues/917 for details.
[9.268s]         ********************************************************************************
[9.269s] 
[9.269s] !!
[9.269s]   easy_install.initialize_options(self)
[9.357s] /home/cadt-02/.local/lib/python3.8/site-packages/setuptools/_distutils/cmd.py:66: SetuptoolsDeprecationWarning: setup.py install is deprecated.
[9.357s] !!
[9.357s] 
[9.358s]         ********************************************************************************
[9.358s]         Please avoid running ``setup.py`` directly.
[9.358s]         Instead, use pypa/build, pypa/installer or other
[9.358s]         standards-based tools.
[9.358s] 
[9.359s]         See https://blog.ganssle.io/articles/2021/10/setup-py-deprecated.html for details.
[9.359s]         ********************************************************************************
[9.359s] 
[9.359s] !!
[9.360s]   self.initialize_options()
[9.831s] running egg_info
[9.875s] writing keyboard_publisher.egg-info/PKG-INFO
[9.877s] writing dependency_links to keyboard_publisher.egg-info/dependency_links.txt
[9.878s] writing entry points to keyboard_publisher.egg-info/entry_points.txt
[9.878s] writing requirements to keyboard_publisher.egg-info/requires.txt
[9.878s] writing top-level names to keyboard_publisher.egg-info/top_level.txt
[9.972s] reading manifest file 'keyboard_publisher.egg-info/SOURCES.txt'
[9.975s] writing manifest file 'keyboard_publisher.egg-info/SOURCES.txt'
[10.142s] running build_ext
[10.143s] Creating /home/cadt-02/Documents/can_test_usb/ros2_can/install/keyboard_publisher/lib/python3.8/site-packages/keyboard-publisher.egg-link (link to .)
[10.143s] Installing keyboard_publisher script to /home/cadt-02/Documents/can_test_usb/ros2_can/install/keyboard_publisher/lib/keyboard_publisher
[10.143s] 
[10.143s] Installed /home/cadt-02/Documents/can_test_usb/ros2_can/build/keyboard_publisher
[10.143s] running install_data
[10.143s] copying resource/keyboard_publisher -> /home/cadt-02/Documents/can_test_usb/ros2_can/install/keyboard_publisher/share/ament_index/resource_index/packages
[10.144s] copying package.xml -> /home/cadt-02/Documents/can_test_usb/ros2_can/install/keyboard_publisher/share/keyboard_publisher
[12.617s] Invoked command in '/home/cadt-02/Documents/can_test_usb/ros2_can/build/keyboard_publisher' returned '0': LD_LIBRARY_PATH=/home/cadt-02/Documents/can_test_usb/ros2_can/install/cadt02_interfaces/lib:/usr/local/cuda-11.4/lib64:/opt/ros/foxy/opt/yaml_cpp_vendor/lib:/opt/ros/foxy/opt/rviz_ogre_vendor/lib:/opt/ros/foxy/lib/aarch64-linux-gnu:/opt/ros/foxy/lib:/usr/local/cuda-11.4/lib64 PYTHONPATH=/home/cadt-02/Documents/can_test_usb/ros2_can/build/keyboard_publisher/prefix_override:/home/cadt-02/Documents/can_test_usb/ros2_can/install/keyboard_publisher/lib/python3.8/site-packages:/home/cadt-02/Documents/can_test_usb/ros2_can/install/cadt02_interfaces/lib/python3.8/site-packages:/home/cadt-02/Documents/can_test_usb/ros2_can/build/ros_imu:/home/cadt-02/Documents/can_test_usb/ros2_can/install/ros_imu/lib/python3.8/site-packages:/home/cadt-02/Documents/can_test_usb/ros2_can/build/position_control:/home/cadt-02/Documents/can_test_usb/ros2_can/install/position_control/lib/python3.8/site-packages:/home/cadt-02/Documents/can_test_usb/ros2_can/build/odometry_cont:/home/cadt-02/Documents/can_test_usb/ros2_can/install/odometry_cont/lib/python3.8/site-packages:/home/cadt-02/Documents/can_test_usb/ros2_can/build/odometry:/home/cadt-02/Documents/can_test_usb/ros2_can/install/odometry/lib/python3.8/site-packages:/home/cadt-02/Documents/can_test_usb/ros2_can/build/my_robot:/home/cadt-02/Documents/can_test_usb/ros2_can/install/my_robot/lib/python3.8/site-packages:/home/cadt-02/Documents/can_test_usb/ros2_can/build/my_package:/home/cadt-02/Documents/can_test_usb/ros2_can/install/my_package/lib/python3.8/site-packages:/home/cadt-02/Documents/can_test_usb/ros2_can/build/movement:/home/cadt-02/Documents/can_test_usb/ros2_can/install/movement/lib/python3.8/site-packages:/home/cadt-02/Documents/can_test_usb/ros2_can/build/keyboard_publisher:/home/cadt-02/Documents/can_test_usb/ros2_can/install/keyboard_publisher/lib/python3.8/site-packages:/home/cadt-02/Documents/can_test_usb/ros2_can/build/keyboard_listener:/home/cadt-02/Documents/can_test_usb/ros2_can/install/keyboard_listener/lib/python3.8/site-packages:/home/cadt-02/Documents/can_test_usb/ros2_can/build/auto_r2:/home/cadt-02/Documents/can_test_usb/ros2_can/install/auto_r2/lib/python3.8/site-packages:/home/cadt-02/Documents/can_test_usb/ros2_can/build/auto_node:/home/cadt-02/Documents/can_test_usb/ros2_can/install/auto_node/lib/python3.8/site-packages:/opt/ros/foxy/lib/python3.8/site-packages /usr/bin/python3 setup.py develop --editable --build-directory /home/cadt-02/Documents/can_test_usb/ros2_can/build/keyboard_publisher/build --no-deps install_data
