[15.602s] Invoking command in '/home/cadt-02/Documents/can_test_usb/ros2_can/build/movement': PYTHONPATH=/home/cadt-02/Documents/can_test_usb/ros2_can/build/movement/prefix_override:/home/cadt-02/Documents/can_test_usb/ros2_can/install/movement/lib/python3.8/site-packages:${PYTHONPATH} /usr/bin/python3 setup.py develop --editable --build-directory /home/cadt-02/Documents/can_test_usb/ros2_can/build/movement/build --no-deps install_data
[16.583s] running develop
[16.583s] /home/cadt-02/.local/lib/python3.8/site-packages/setuptools/command/develop.py:42: EasyInstallDeprecationWarning: easy_install command is deprecated.
[16.583s] !!
[16.583s] 
[16.584s]         ********************************************************************************
[16.584s]         Please avoid running ``setup.py`` and ``easy_install``.
[16.584s]         Instead, use pypa/build, pypa/installer or other
[16.584s]         standards-based tools.
[16.584s] 
[16.584s]         See https://github.com/pypa/setuptools/issues/917 for details.
[16.585s]         ********************************************************************************
[16.585s] 
[16.585s] !!
[16.585s]   easy_install.initialize_options(self)
[16.731s] /home/cadt-02/.local/lib/python3.8/site-packages/setuptools/_distutils/cmd.py:66: SetuptoolsDeprecationWarning: setup.py install is deprecated.
[16.731s] !!
[16.731s] 
[16.731s]         ********************************************************************************
[16.731s]         Please avoid running ``setup.py`` directly.
[16.731s]         Instead, use pypa/build, pypa/installer or other
[16.731s]         standards-based tools.
[16.732s] 
[16.739s]         See https://blog.ganssle.io/articles/2021/10/setup-py-deprecated.html for details.
[16.741s]         ********************************************************************************
[16.744s] 
[16.747s] !!
[16.748s]   self.initialize_options()
[17.238s] running egg_info
[17.289s] writing movement.egg-info/PKG-INFO
[17.289s] writing dependency_links to movement.egg-info/dependency_links.txt
[17.291s] writing entry points to movement.egg-info/entry_points.txt
[17.291s] writing requirements to movement.egg-info/requires.txt
[17.291s] writing top-level names to movement.egg-info/top_level.txt
[17.391s] reading manifest file 'movement.egg-info/SOURCES.txt'
[17.396s] writing manifest file 'movement.egg-info/SOURCES.txt'
[17.576s] running build_ext
[17.577s] Creating /home/cadt-02/Documents/can_test_usb/ros2_can/install/movement/lib/python3.8/site-packages/movement.egg-link (link to .)
[17.579s] Installing movement script to /home/cadt-02/Documents/can_test_usb/ros2_can/install/movement/lib/movement
[17.583s] 
[17.584s] Installed /home/cadt-02/Documents/can_test_usb/ros2_can/build/movement
[17.584s] running install_data
[17.584s] copying resource/movement -> /home/cadt-02/Documents/can_test_usb/ros2_can/install/movement/share/ament_index/resource_index/packages
[17.584s] copying package.xml -> /home/cadt-02/Documents/can_test_usb/ros2_can/install/movement/share/movement
[20.782s] Invoked command in '/home/cadt-02/Documents/can_test_usb/ros2_can/build/movement' returned '0': PYTHONPATH=/home/cadt-02/Documents/can_test_usb/ros2_can/build/movement/prefix_override:/home/cadt-02/Documents/can_test_usb/ros2_can/install/movement/lib/python3.8/site-packages:${PYTHONPATH} /usr/bin/python3 setup.py develop --editable --build-directory /home/cadt-02/Documents/can_test_usb/ros2_can/build/movement/build --no-deps install_data
