[14.593s] Invoking command in '/home/cadt-02/Documents/can_test_usb/ros2_can/build/movement': PYTHONPATH=/home/cadt-02/Documents/can_test_usb/ros2_can/build/movement/prefix_override:/home/cadt-02/Documents/can_test_usb/ros2_can/install/movement/lib/python3.8/site-packages:${PYTHONPATH} /usr/bin/python3 setup.py develop --uninstall --editable --build-directory /home/cadt-02/Documents/can_test_usb/ros2_can/build/movement/build
[15.453s] running develop
[15.453s] /home/cadt-02/.local/lib/python3.8/site-packages/setuptools/command/develop.py:42: EasyInstallDeprecationWarning: easy_install command is deprecated.
[15.453s] !!
[15.454s] 
[15.454s]         ********************************************************************************
[15.454s]         Please avoid running ``setup.py`` and ``easy_install``.
[15.454s]         Instead, use pypa/build, pypa/installer or other
[15.454s]         standards-based tools.
[15.454s] 
[15.454s]         See https://github.com/pypa/setuptools/issues/917 for details.
[15.454s]         ********************************************************************************
[15.455s] 
[15.455s] !!
[15.455s]   easy_install.initialize_options(self)
[15.550s] /home/cadt-02/.local/lib/python3.8/site-packages/setuptools/_distutils/cmd.py:66: SetuptoolsDeprecationWarning: setup.py install is deprecated.
[15.551s] !!
[15.551s] 
[15.551s]         ********************************************************************************
[15.551s]         Please avoid running ``setup.py`` directly.
[15.551s]         Instead, use pypa/build, pypa/installer or other
[15.551s]         standards-based tools.
[15.551s] 
[15.552s]         See https://blog.ganssle.io/articles/2021/10/setup-py-deprecated.html for details.
[15.552s]         ********************************************************************************
[15.552s] 
[15.552s] !!
[15.552s]   self.initialize_options()
[16.043s] Removing /home/cadt-02/Documents/can_test_usb/ros2_can/install/movement/lib/python3.8/site-packages/movement.egg-link (link to .)
[17.924s] Invoked command in '/home/cadt-02/Documents/can_test_usb/ros2_can/build/movement' returned '0': PYTHONPATH=/home/cadt-02/Documents/can_test_usb/ros2_can/build/movement/prefix_override:/home/cadt-02/Documents/can_test_usb/ros2_can/install/movement/lib/python3.8/site-packages:${PYTHONPATH} /usr/bin/python3 setup.py develop --uninstall --editable --build-directory /home/cadt-02/Documents/can_test_usb/ros2_can/build/movement/build
[17.930s] Invoking command in '/home/cadt-02/Documents/can_test_usb/ros2_can/src/movement': PYTHONPATH=/home/cadt-02/Documents/can_test_usb/ros2_can/build/movement/prefix_override:/home/cadt-02/Documents/can_test_usb/ros2_can/install/movement/lib/python3.8/site-packages:${PYTHONPATH} /usr/bin/python3 setup.py egg_info --egg-base ../../build/movement build --build-base /home/cadt-02/Documents/can_test_usb/ros2_can/build/movement/build install --record /home/cadt-02/Documents/can_test_usb/ros2_can/build/movement/install.log --single-version-externally-managed
[18.909s] running egg_info
[18.909s] writing ../../build/movement/movement.egg-info/PKG-INFO
[18.909s] writing dependency_links to ../../build/movement/movement.egg-info/dependency_links.txt
[18.909s] writing entry points to ../../build/movement/movement.egg-info/entry_points.txt
[18.909s] writing requirements to ../../build/movement/movement.egg-info/requires.txt
[18.909s] writing top-level names to ../../build/movement/movement.egg-info/top_level.txt
[18.928s] reading manifest file '../../build/movement/movement.egg-info/SOURCES.txt'
[18.930s] writing manifest file '../../build/movement/movement.egg-info/SOURCES.txt'
[18.931s] running build
[18.931s] running build_py
[18.933s] creating /home/cadt-02/Documents/can_test_usb/ros2_can/build/movement/build
[18.933s] creating /home/cadt-02/Documents/can_test_usb/ros2_can/build/movement/build/lib
[18.934s] creating /home/cadt-02/Documents/can_test_usb/ros2_can/build/movement/build/lib/movement
[18.935s] copying movement/usbcan_adapter.py -> /home/cadt-02/Documents/can_test_usb/ros2_can/build/movement/build/lib/movement
[18.937s] copying movement/can.py -> /home/cadt-02/Documents/can_test_usb/ros2_can/build/movement/build/lib/movement
[18.938s] copying movement/rmd_motors.py -> /home/cadt-02/Documents/can_test_usb/ros2_can/build/movement/build/lib/movement
[18.938s] copying movement/__init__.py -> /home/cadt-02/Documents/can_test_usb/ros2_can/build/movement/build/lib/movement
[18.938s] creating /home/cadt-02/Documents/can_test_usb/ros2_can/build/movement/build/lib/scripts
[18.938s] copying scripts/movement.py -> /home/cadt-02/Documents/can_test_usb/ros2_can/build/movement/build/lib/scripts
[18.938s] copying scripts/__init__.py -> /home/cadt-02/Documents/can_test_usb/ros2_can/build/movement/build/lib/scripts
[18.938s] running install
[18.938s] /home/cadt-02/.local/lib/python3.8/site-packages/setuptools/_distutils/cmd.py:66: SetuptoolsDeprecationWarning: setup.py install is deprecated.
[18.939s] !!
[18.939s] 
[18.939s]         ********************************************************************************
[18.939s]         Please avoid running ``setup.py`` directly.
[18.939s]         Instead, use pypa/build, pypa/installer or other
[18.940s]         standards-based tools.
[18.940s] 
[18.940s]         See https://blog.ganssle.io/articles/2021/10/setup-py-deprecated.html for details.
[18.940s]         ********************************************************************************
[18.940s] 
[18.940s] !!
[18.940s]   self.initialize_options()
[18.949s] running install_lib
[18.995s] creating /home/cadt-02/Documents/can_test_usb/ros2_can/install/movement/lib/python3.8/site-packages/scripts
[18.996s] copying /home/cadt-02/Documents/can_test_usb/ros2_can/build/movement/build/lib/scripts/movement.py -> /home/cadt-02/Documents/can_test_usb/ros2_can/install/movement/lib/python3.8/site-packages/scripts
[18.997s] copying /home/cadt-02/Documents/can_test_usb/ros2_can/build/movement/build/lib/scripts/__init__.py -> /home/cadt-02/Documents/can_test_usb/ros2_can/install/movement/lib/python3.8/site-packages/scripts
[18.997s] creating /home/cadt-02/Documents/can_test_usb/ros2_can/install/movement/lib/python3.8/site-packages/movement
[18.997s] copying /home/cadt-02/Documents/can_test_usb/ros2_can/build/movement/build/lib/movement/usbcan_adapter.py -> /home/cadt-02/Documents/can_test_usb/ros2_can/install/movement/lib/python3.8/site-packages/movement
[18.997s] copying /home/cadt-02/Documents/can_test_usb/ros2_can/build/movement/build/lib/movement/can.py -> /home/cadt-02/Documents/can_test_usb/ros2_can/install/movement/lib/python3.8/site-packages/movement
[18.997s] copying /home/cadt-02/Documents/can_test_usb/ros2_can/build/movement/build/lib/movement/rmd_motors.py -> /home/cadt-02/Documents/can_test_usb/ros2_can/install/movement/lib/python3.8/site-packages/movement
[19.000s] copying /home/cadt-02/Documents/can_test_usb/ros2_can/build/movement/build/lib/movement/__init__.py -> /home/cadt-02/Documents/can_test_usb/ros2_can/install/movement/lib/python3.8/site-packages/movement
[19.000s] byte-compiling /home/cadt-02/Documents/can_test_usb/ros2_can/install/movement/lib/python3.8/site-packages/scripts/movement.py to movement.cpython-38.pyc
[19.001s] byte-compiling /home/cadt-02/Documents/can_test_usb/ros2_can/install/movement/lib/python3.8/site-packages/scripts/__init__.py to __init__.cpython-38.pyc
[19.001s] byte-compiling /home/cadt-02/Documents/can_test_usb/ros2_can/install/movement/lib/python3.8/site-packages/movement/usbcan_adapter.py to usbcan_adapter.cpython-38.pyc
[19.005s] byte-compiling /home/cadt-02/Documents/can_test_usb/ros2_can/install/movement/lib/python3.8/site-packages/movement/can.py to can.cpython-38.pyc
[19.006s] byte-compiling /home/cadt-02/Documents/can_test_usb/ros2_can/install/movement/lib/python3.8/site-packages/movement/rmd_motors.py to rmd_motors.cpython-38.pyc
[19.007s] byte-compiling /home/cadt-02/Documents/can_test_usb/ros2_can/install/movement/lib/python3.8/site-packages/movement/__init__.py to __init__.cpython-38.pyc
[19.007s] running install_data
[19.052s] copying resource/movement -> /home/cadt-02/Documents/can_test_usb/ros2_can/install/movement/share/ament_index/resource_index/packages
[19.053s] copying package.xml -> /home/cadt-02/Documents/can_test_usb/ros2_can/install/movement/share/movement
[19.054s] running install_egg_info
[19.102s] Copying ../../build/movement/movement.egg-info to /home/cadt-02/Documents/can_test_usb/ros2_can/install/movement/lib/python3.8/site-packages/movement-0.0.0-py3.8.egg-info
[19.104s] running install_scripts
[19.217s] Installing movement script to /home/cadt-02/Documents/can_test_usb/ros2_can/install/movement/lib/movement
[19.218s] writing list of installed files to '/home/cadt-02/Documents/can_test_usb/ros2_can/build/movement/install.log'
[21.951s] Invoked command in '/home/cadt-02/Documents/can_test_usb/ros2_can/src/movement' returned '0': PYTHONPATH=/home/cadt-02/Documents/can_test_usb/ros2_can/build/movement/prefix_override:/home/cadt-02/Documents/can_test_usb/ros2_can/install/movement/lib/python3.8/site-packages:${PYTHONPATH} /usr/bin/python3 setup.py egg_info --egg-base ../../build/movement build --build-base /home/cadt-02/Documents/can_test_usb/ros2_can/build/movement/build install --record /home/cadt-02/Documents/can_test_usb/ros2_can/build/movement/install.log --single-version-externally-managed
