[14.636s] Invoking command in '/home/cadt-02/Documents/can_test_usb/ros2_can/build/ros_imu': NX_CONNECTION=172.23.34.154 56590 172.23.34.34 4000 PYTHONPATH=/home/cadt-02/Documents/can_test_usb/ros2_can/build/ros_imu/prefix_override:/home/cadt-02/Documents/can_test_usb/ros2_can/install/ros_imu/lib/python3.8/site-packages:${PYTHONPATH} /usr/bin/python3 setup.py develop --editable --build-directory /home/cadt-02/Documents/can_test_usb/ros2_can/build/ros_imu/build --no-deps install_data
[14.974s] /home/cadt-02/.local/lib/python3.8/site-packages/setuptools/dist.py:476: SetuptoolsDeprecationWarning: Invalid dash-separated options
[14.975s] !!
[14.975s] 
[14.976s]         ********************************************************************************
[14.976s]         Usage of dash-separated 'script-dir' will not be supported in future
[14.977s]         versions. Please use the underscore name 'script_dir' instead.
[14.977s] 
[14.977s]         By 2024-Sep-26, you need to update your project and remove deprecated calls
[14.977s]         or your builds will no longer be supported.
[14.977s] 
[14.977s]         See https://setuptools.pypa.io/en/latest/userguide/declarative_config.html for details.
[14.977s]         ********************************************************************************
[14.978s] 
[14.978s] !!
[14.978s]   opt = self.warn_dash_deprecation(opt, section)
[15.467s] running develop
[15.467s] /home/cadt-02/.local/lib/python3.8/site-packages/setuptools/command/develop.py:42: EasyInstallDeprecationWarning: easy_install command is deprecated.
[15.468s] !!
[15.469s] 
[15.469s]         ********************************************************************************
[15.471s]         Please avoid running ``setup.py`` and ``easy_install``.
[15.472s]         Instead, use pypa/build, pypa/installer or other
[15.472s]         standards-based tools.
[15.473s] 
[15.473s]         See https://github.com/pypa/setuptools/issues/917 for details.
[15.475s]         ********************************************************************************
[15.476s] 
[15.476s] !!
[15.479s]   easy_install.initialize_options(self)
[15.554s] /home/cadt-02/.local/lib/python3.8/site-packages/setuptools/_distutils/cmd.py:66: SetuptoolsDeprecationWarning: setup.py install is deprecated.
[15.555s] !!
[15.555s] 
[15.556s]         ********************************************************************************
[15.556s]         Please avoid running ``setup.py`` directly.
[15.557s]         Instead, use pypa/build, pypa/installer or other
[15.557s]         standards-based tools.
[15.558s] 
[15.558s]         See https://blog.ganssle.io/articles/2021/10/setup-py-deprecated.html for details.
[15.559s]         ********************************************************************************
[15.559s] 
[15.559s] !!
[15.560s]   self.initialize_options()
[16.018s] running egg_info
[16.059s] writing ros_imu.egg-info/PKG-INFO
[16.060s] writing dependency_links to ros_imu.egg-info/dependency_links.txt
[16.061s] writing entry points to ros_imu.egg-info/entry_points.txt
[16.063s] writing requirements to ros_imu.egg-info/requires.txt
[16.063s] writing top-level names to ros_imu.egg-info/top_level.txt
[16.152s] reading manifest file 'ros_imu.egg-info/SOURCES.txt'
[16.154s] writing manifest file 'ros_imu.egg-info/SOURCES.txt'
[16.315s] running build_ext
[16.315s] Creating /home/cadt-02/Documents/can_test_usb/ros2_can/install/ros_imu/lib/python3.8/site-packages/ros-imu.egg-link (link to .)
[16.318s] Installing ros_imu script to /home/cadt-02/Documents/can_test_usb/ros2_can/install/ros_imu/lib/ros_imu
[16.319s] 
[16.319s] Installed /home/cadt-02/Documents/can_test_usb/ros2_can/build/ros_imu
[16.320s] running install_data
[16.320s] copying resource/ros_imu -> /home/cadt-02/Documents/can_test_usb/ros2_can/install/ros_imu/share/ament_index/resource_index/packages
[16.321s] copying package.xml -> /home/cadt-02/Documents/can_test_usb/ros2_can/install/ros_imu/share/ros_imu
[16.436s] Invoked command in '/home/cadt-02/Documents/can_test_usb/ros2_can/build/ros_imu' returned '0': NX_CONNECTION=172.23.34.154 56590 172.23.34.34 4000 PYTHONPATH=/home/cadt-02/Documents/can_test_usb/ros2_can/build/ros_imu/prefix_override:/home/cadt-02/Documents/can_test_usb/ros2_can/install/ros_imu/lib/python3.8/site-packages:${PYTHONPATH} /usr/bin/python3 setup.py develop --editable --build-directory /home/cadt-02/Documents/can_test_usb/ros2_can/build/ros_imu/build --no-deps install_data
