[18.185s] Invoking command in '/home/cadt-02/Documents/can_test_usb/ros2_can/build/keyboard_listener': PYTHONPATH=/home/cadt-02/Documents/can_test_usb/ros2_can/build/keyboard_listener/prefix_override:/home/cadt-02/Documents/can_test_usb/ros2_can/install/keyboard_listener/lib/python3.8/site-packages:${PYTHONPATH} /usr/bin/python3 setup.py develop --editable --build-directory /home/cadt-02/Documents/can_test_usb/ros2_can/build/keyboard_listener/build --no-deps install_data
[19.616s] running develop
[19.617s] /home/cadt-02/.local/lib/python3.8/site-packages/setuptools/command/develop.py:42: EasyInstallDeprecationWarning: easy_install command is deprecated.
[19.617s] !!
[19.617s] 
[19.617s]         ********************************************************************************
[19.617s]         Please avoid running ``setup.py`` and ``easy_install``.
[19.617s]         Instead, use pypa/build, pypa/installer or other
[19.617s]         standards-based tools.
[19.618s] 
[19.618s]         See https://github.com/pypa/setuptools/issues/917 for details.
[19.618s]         ********************************************************************************
[19.618s] 
[19.618s] !!
[19.618s]   easy_install.initialize_options(self)
[19.638s] /home/cadt-02/.local/lib/python3.8/site-packages/setuptools/_distutils/cmd.py:66: SetuptoolsDeprecationWarning: setup.py install is deprecated.
[19.639s] !!
[19.639s] 
[19.639s]         ********************************************************************************
[19.639s]         Please avoid running ``setup.py`` directly.
[19.639s]         Instead, use pypa/build, pypa/installer or other
[19.640s]         standards-based tools.
[19.640s] 
[19.640s]         See https://blog.ganssle.io/articles/2021/10/setup-py-deprecated.html for details.
[19.640s]         ********************************************************************************
[19.640s] 
[19.640s] !!
[19.640s]   self.initialize_options()
[19.821s] running egg_info
[19.868s] writing keyboard_listener.egg-info/PKG-INFO
[19.870s] writing dependency_links to keyboard_listener.egg-info/dependency_links.txt
[19.870s] writing entry points to keyboard_listener.egg-info/entry_points.txt
[19.873s] writing requirements to keyboard_listener.egg-info/requires.txt
[19.873s] writing top-level names to keyboard_listener.egg-info/top_level.txt
[19.974s] reading manifest file 'keyboard_listener.egg-info/SOURCES.txt'
[19.975s] writing manifest file 'keyboard_listener.egg-info/SOURCES.txt'
[20.148s] running build_ext
[20.149s] Creating /home/cadt-02/Documents/can_test_usb/ros2_can/install/keyboard_listener/lib/python3.8/site-packages/keyboard-listener.egg-link (link to .)
[20.152s] Installing keyboard_listener script to /home/cadt-02/Documents/can_test_usb/ros2_can/install/keyboard_listener/lib/keyboard_listener
[20.152s] 
[20.153s] Installed /home/cadt-02/Documents/can_test_usb/ros2_can/build/keyboard_listener
[20.154s] running install_data
[20.158s] copying resource/keyboard_listener -> /home/cadt-02/Documents/can_test_usb/ros2_can/install/keyboard_listener/share/ament_index/resource_index/packages
[20.160s] copying package.xml -> /home/cadt-02/Documents/can_test_usb/ros2_can/install/keyboard_listener/share/keyboard_listener
[26.196s] Invoked command in '/home/cadt-02/Documents/can_test_usb/ros2_can/build/keyboard_listener' returned '0': PYTHONPATH=/home/cadt-02/Documents/can_test_usb/ros2_can/build/keyboard_listener/prefix_override:/home/cadt-02/Documents/can_test_usb/ros2_can/install/keyboard_listener/lib/python3.8/site-packages:${PYTHONPATH} /usr/bin/python3 setup.py develop --editable --build-directory /home/cadt-02/Documents/can_test_usb/ros2_can/build/keyboard_listener/build --no-deps install_data
