[16.715s] Invoking command in '/home/cadt-02/Documents/can_test_usb/ros2_can/build/keyboard_listener': PYTHONPATH=/home/cadt-02/Documents/can_test_usb/ros2_can/build/keyboard_listener/prefix_override:/home/cadt-02/Documents/can_test_usb/ros2_can/install/keyboard_listener/lib/python3.8/site-packages:${PYTHONPATH} /usr/bin/python3 setup.py develop --editable --build-directory /home/cadt-02/Documents/can_test_usb/ros2_can/build/keyboard_listener/build --no-deps install_data
[18.020s] running develop
[18.025s] /home/cadt-02/.local/lib/python3.8/site-packages/setuptools/command/develop.py:42: EasyInstallDeprecationWarning: easy_install command is deprecated.
[18.026s] !!
[18.026s] 
[18.026s]         ********************************************************************************
[18.026s]         Please avoid running ``setup.py`` and ``easy_install``.
[18.026s]         Instead, use pypa/build, pypa/installer or other
[18.026s]         standards-based tools.
[18.026s] 
[18.027s]         See https://github.com/pypa/setuptools/issues/917 for details.
[18.027s]         ********************************************************************************
[18.027s] 
[18.027s] !!
[18.027s]   easy_install.initialize_options(self)
[18.231s] /home/cadt-02/.local/lib/python3.8/site-packages/setuptools/_distutils/cmd.py:66: SetuptoolsDeprecationWarning: setup.py install is deprecated.
[18.232s] !!
[18.232s] 
[18.232s]         ********************************************************************************
[18.232s]         Please avoid running ``setup.py`` directly.
[18.232s]         Instead, use pypa/build, pypa/installer or other
[18.232s]         standards-based tools.
[18.232s] 
[18.233s]         See https://blog.ganssle.io/articles/2021/10/setup-py-deprecated.html for details.
[18.233s]         ********************************************************************************
[18.233s] 
[18.233s] !!
[18.233s]   self.initialize_options()
[18.872s] running egg_info
[18.920s] writing keyboard_listener.egg-info/PKG-INFO
[18.923s] writing dependency_links to keyboard_listener.egg-info/dependency_links.txt
[18.924s] writing entry points to keyboard_listener.egg-info/entry_points.txt
[18.926s] writing requirements to keyboard_listener.egg-info/requires.txt
[18.926s] writing top-level names to keyboard_listener.egg-info/top_level.txt
[19.047s] reading manifest file 'keyboard_listener.egg-info/SOURCES.txt'
[19.047s] writing manifest file 'keyboard_listener.egg-info/SOURCES.txt'
[19.231s] running build_ext
[19.232s] Creating /home/cadt-02/Documents/can_test_usb/ros2_can/install/keyboard_listener/lib/python3.8/site-packages/keyboard-listener.egg-link (link to .)
[19.233s] Installing keyboard_listener script to /home/cadt-02/Documents/can_test_usb/ros2_can/install/keyboard_listener/lib/keyboard_listener
[19.233s] 
[19.233s] Installed /home/cadt-02/Documents/can_test_usb/ros2_can/build/keyboard_listener
[19.234s] running install_data
[19.235s] copying resource/keyboard_listener -> /home/cadt-02/Documents/can_test_usb/ros2_can/install/keyboard_listener/share/ament_index/resource_index/packages
[19.236s] copying package.xml -> /home/cadt-02/Documents/can_test_usb/ros2_can/install/keyboard_listener/share/keyboard_listener
[25.943s] Invoked command in '/home/cadt-02/Documents/can_test_usb/ros2_can/build/keyboard_listener' returned '0': PYTHONPATH=/home/cadt-02/Documents/can_test_usb/ros2_can/build/keyboard_listener/prefix_override:/home/cadt-02/Documents/can_test_usb/ros2_can/install/keyboard_listener/lib/python3.8/site-packages:${PYTHONPATH} /usr/bin/python3 setup.py develop --editable --build-directory /home/cadt-02/Documents/can_test_usb/ros2_can/build/keyboard_listener/build --no-deps install_data
