[10.951s] Invoking command in '/home/cadt-02/Documents/can_test_usb/ros2_can/build/my_robot': PYTHONPATH=/home/cadt-02/Documents/can_test_usb/ros2_can/build/my_robot/prefix_override:/home/cadt-02/Documents/can_test_usb/ros2_can/install/my_robot/lib/python3.8/site-packages:${PYTHONPATH} /usr/bin/python3 setup.py develop --editable --build-directory /home/cadt-02/Documents/can_test_usb/ros2_can/build/my_robot/build --no-deps install_data
[11.544s] /home/cadt-02/.local/lib/python3.8/site-packages/setuptools/dist.py:476: SetuptoolsDeprecationWarning: Invalid dash-separated options
[11.544s] !!
[11.544s] 
[11.544s]         ********************************************************************************
[11.545s]         Usage of dash-separated 'script-dir' will not be supported in future
[11.545s]         versions. Please use the underscore name 'script_dir' instead.
[11.545s] 
[11.545s]         By 2024-Sep-26, you need to update your project and remove deprecated calls
[11.545s]         or your builds will no longer be supported.
[11.545s] 
[11.546s]         See https://setuptools.pypa.io/en/latest/userguide/declarative_config.html for details.
[11.546s]         ********************************************************************************
[11.546s] 
[11.546s] !!
[11.546s]   opt = self.warn_dash_deprecation(opt, section)
[12.182s] running develop
[12.182s] /home/cadt-02/.local/lib/python3.8/site-packages/setuptools/command/develop.py:42: EasyInstallDeprecationWarning: easy_install command is deprecated.
[12.182s] !!
[12.182s] 
[12.182s]         ********************************************************************************
[12.183s]         Please avoid running ``setup.py`` and ``easy_install``.
[12.183s]         Instead, use pypa/build, pypa/installer or other
[12.183s]         standards-based tools.
[12.183s] 
[12.183s]         See https://github.com/pypa/setuptools/issues/917 for details.
[12.183s]         ********************************************************************************
[12.183s] 
[12.183s] !!
[12.184s]   easy_install.initialize_options(self)
[12.373s] /home/cadt-02/.local/lib/python3.8/site-packages/setuptools/_distutils/cmd.py:66: SetuptoolsDeprecationWarning: setup.py install is deprecated.
[12.373s] !!
[12.373s] 
[12.373s]         ********************************************************************************
[12.373s]         Please avoid running ``setup.py`` directly.
[12.373s]         Instead, use pypa/build, pypa/installer or other
[12.374s]         standards-based tools.
[12.374s] 
[12.374s]         See https://blog.ganssle.io/articles/2021/10/setup-py-deprecated.html for details.
[12.374s]         ********************************************************************************
[12.374s] 
[12.374s] !!
[12.374s]   self.initialize_options()
[12.957s] running egg_info
[12.957s] creating my_robot.egg-info
[13.000s] writing my_robot.egg-info/PKG-INFO
[13.003s] writing dependency_links to my_robot.egg-info/dependency_links.txt
[13.003s] writing entry points to my_robot.egg-info/entry_points.txt
[13.005s] writing requirements to my_robot.egg-info/requires.txt
[13.005s] writing top-level names to my_robot.egg-info/top_level.txt
[13.017s] writing manifest file 'my_robot.egg-info/SOURCES.txt'
[13.131s] reading manifest file 'my_robot.egg-info/SOURCES.txt'
[13.133s] writing manifest file 'my_robot.egg-info/SOURCES.txt'
[13.309s] running build_ext
[13.310s] Creating /home/cadt-02/Documents/can_test_usb/ros2_can/install/my_robot/lib/python3.8/site-packages/my-robot.egg-link (link to .)
[13.311s] Installing my_robot script to /home/cadt-02/Documents/can_test_usb/ros2_can/install/my_robot/lib/my_robot
[13.312s] 
[13.313s] Installed /home/cadt-02/Documents/can_test_usb/ros2_can/build/my_robot
[13.320s] running install_data
[13.321s] creating /home/cadt-02/Documents/can_test_usb/ros2_can/install/my_robot/share/ament_index
[13.321s] creating /home/cadt-02/Documents/can_test_usb/ros2_can/install/my_robot/share/ament_index/resource_index
[13.321s] creating /home/cadt-02/Documents/can_test_usb/ros2_can/install/my_robot/share/ament_index/resource_index/packages
[13.321s] copying resource/my_robot -> /home/cadt-02/Documents/can_test_usb/ros2_can/install/my_robot/share/ament_index/resource_index/packages
[13.321s] copying package.xml -> /home/cadt-02/Documents/can_test_usb/ros2_can/install/my_robot/share/my_robot
[15.111s] Invoked command in '/home/cadt-02/Documents/can_test_usb/ros2_can/build/my_robot' returned '0': PYTHONPATH=/home/cadt-02/Documents/can_test_usb/ros2_can/build/my_robot/prefix_override:/home/cadt-02/Documents/can_test_usb/ros2_can/install/my_robot/lib/python3.8/site-packages:${PYTHONPATH} /usr/bin/python3 setup.py develop --editable --build-directory /home/cadt-02/Documents/can_test_usb/ros2_can/build/my_robot/build --no-deps install_data
