[15.551s] Invoking command in '/home/cadt-02/Documents/can_test_usb/ros2_can/build/movement': PYTHONPATH=/home/cadt-02/Documents/can_test_usb/ros2_can/build/movement/prefix_override:/home/cadt-02/Documents/can_test_usb/ros2_can/install/movement/lib/python3.8/site-packages:${PYTHONPATH} /usr/bin/python3 setup.py develop --editable --build-directory /home/cadt-02/Documents/can_test_usb/ros2_can/build/movement/build --no-deps install_data
[16.478s] running develop
[16.478s] /home/cadt-02/.local/lib/python3.8/site-packages/setuptools/command/develop.py:42: EasyInstallDeprecationWarning: easy_install command is deprecated.
[16.478s] !!
[16.478s] 
[16.478s]         ********************************************************************************
[16.478s]         Please avoid running ``setup.py`` and ``easy_install``.
[16.479s]         Instead, use pypa/build, pypa/installer or other
[16.479s]         standards-based tools.
[16.479s] 
[16.479s]         See https://github.com/pypa/setuptools/issues/917 for details.
[16.479s]         ********************************************************************************
[16.479s] 
[16.479s] !!
[16.480s]   easy_install.initialize_options(self)
[16.572s] /home/cadt-02/.local/lib/python3.8/site-packages/setuptools/_distutils/cmd.py:66: SetuptoolsDeprecationWarning: setup.py install is deprecated.
[16.572s] !!
[16.572s] 
[16.573s]         ********************************************************************************
[16.573s]         Please avoid running ``setup.py`` directly.
[16.573s]         Instead, use pypa/build, pypa/installer or other
[16.573s]         standards-based tools.
[16.573s] 
[16.573s]         See https://blog.ganssle.io/articles/2021/10/setup-py-deprecated.html for details.
[16.573s]         ********************************************************************************
[16.574s] 
[16.574s] !!
[16.574s]   self.initialize_options()
[17.078s] running egg_info
[17.128s] writing movement.egg-info/PKG-INFO
[17.130s] writing dependency_links to movement.egg-info/dependency_links.txt
[17.131s] writing entry points to movement.egg-info/entry_points.txt
[17.131s] writing requirements to movement.egg-info/requires.txt
[17.132s] writing top-level names to movement.egg-info/top_level.txt
[17.237s] reading manifest file 'movement.egg-info/SOURCES.txt'
[17.241s] writing manifest file 'movement.egg-info/SOURCES.txt'
[17.447s] running build_ext
[17.447s] Creating /home/cadt-02/Documents/can_test_usb/ros2_can/install/movement/lib/python3.8/site-packages/movement.egg-link (link to .)
[17.447s] Installing movement script to /home/cadt-02/Documents/can_test_usb/ros2_can/install/movement/lib/movement
[17.447s] Installing smart_driver_send script to /home/cadt-02/Documents/can_test_usb/ros2_can/install/movement/lib/movement
[17.447s] 
[17.448s] Installed /home/cadt-02/Documents/can_test_usb/ros2_can/build/movement
[17.448s] running install_data
[17.448s] copying resource/movement -> /home/cadt-02/Documents/can_test_usb/ros2_can/install/movement/share/ament_index/resource_index/packages
[17.452s] copying package.xml -> /home/cadt-02/Documents/can_test_usb/ros2_can/install/movement/share/movement
[20.701s] Invoked command in '/home/cadt-02/Documents/can_test_usb/ros2_can/build/movement' returned '0': PYTHONPATH=/home/cadt-02/Documents/can_test_usb/ros2_can/build/movement/prefix_override:/home/cadt-02/Documents/can_test_usb/ros2_can/install/movement/lib/python3.8/site-packages:${PYTHONPATH} /usr/bin/python3 setup.py develop --editable --build-directory /home/cadt-02/Documents/can_test_usb/ros2_can/build/movement/build --no-deps install_data
