[15.830s] [34mcolcon[0m [1;30mDEBUG[0m [32mCommand line arguments: ['/usr/local/bin/colcon', 'build', '--symlink-install'][0m
[15.830s] [34mcolcon[0m [1;30mDEBUG[0m [32mParsed command line arguments: Namespace(ament_cmake_args=None, base_paths=['.'], build_base='build', catkin_cmake_args=None, catkin_skip_building_tests=False, cmake_args=None, cmake_clean_cache=False, cmake_clean_first=False, cmake_force_configure=False, cmake_target=None, cmake_target_skip_unavailable=False, continue_on_error=False, event_handlers=None, executor='parallel', ignore_user_meta=False, install_base='install', log_base=None, log_level=None, main=<bound method BuildVerb.main of <colcon_core.verb.build.BuildVerb object at 0xffff8fc9bc40>>, merge_install=False, metas=['./colcon.meta'], packages_above=None, packages_above_and_dependencies=None, packages_above_depth=None, packages_end=None, packages_ignore=None, packages_ignore_regex=None, packages_select=None, packages_select_build_failed=False, packages_select_by_dep=None, packages_select_regex=None, packages_select_test_failures=False, packages_skip=None, packages_skip_build_finished=False, packages_skip_by_dep=None, packages_skip_regex=None, packages_skip_test_passed=False, packages_skip_up_to=None, packages_start=None, packages_up_to=None, packages_up_to_regex=None, parallel_workers=6, paths=None, symlink_install=True, test_result_base=None, verb_extension=<colcon_core.verb.build.BuildVerb object at 0xffff8fc9bc40>, verb_name='build', verb_parser=<colcon_defaults.argument_parser.defaults.DefaultArgumentsDecorator object at 0xffff8fa3eb80>)[0m
[16.500s] [34mcolcon.colcon_core.package_discovery[0m [1;30mLevel 1[0m discover_packages(colcon_meta) check parameters
[16.500s] [34mcolcon.colcon_core.package_discovery[0m [1;30mLevel 1[0m discover_packages(recursive) check parameters
[16.500s] [34mcolcon.colcon_core.package_discovery[0m [1;30mLevel 1[0m discover_packages(ignore) check parameters
[16.501s] [34mcolcon.colcon_core.package_discovery[0m [1;30mLevel 1[0m discover_packages(path) check parameters
[16.501s] [34mcolcon.colcon_core.package_discovery[0m [1;30mLevel 1[0m discover_packages(colcon_meta) discover
[16.501s] [34mcolcon.colcon_core.package_discovery[0m [1;30mLevel 1[0m discover_packages(recursive) discover
[16.501s] [34mcolcon.colcon_core.package_discovery[0m [1;30mINFO[0m Crawling recursively for packages in '/home/cadt-02/Documents/can_test_usb/ros2_can'
[16.501s] [34mcolcon.colcon_core.package_identification[0m [1;30mLevel 1[0m _identify(.) by extensions ['ignore', 'ignore_ament_install']
[16.501s] [34mcolcon.colcon_core.package_identification[0m [1;30mLevel 1[0m _identify(.) by extension 'ignore'
[16.502s] [34mcolcon.colcon_core.package_identification[0m [1;30mLevel 1[0m _identify(.) by extension 'ignore_ament_install'
[16.502s] [34mcolcon.colcon_core.package_identification[0m [1;30mLevel 1[0m _identify(.) by extensions ['colcon_pkg']
[16.502s] [34mcolcon.colcon_core.package_identification[0m [1;30mLevel 1[0m _identify(.) by extension 'colcon_pkg'
[16.502s] [34mcolcon.colcon_core.package_identification[0m [1;30mLevel 1[0m _identify(.) by extensions ['colcon_meta']
[16.502s] [34mcolcon.colcon_core.package_identification[0m [1;30mLevel 1[0m _identify(.) by extension 'colcon_meta'
[16.502s] [34mcolcon.colcon_core.package_identification[0m [1;30mLevel 1[0m _identify(.) by extensions ['ros']
[16.502s] [34mcolcon.colcon_core.package_identification[0m [1;30mLevel 1[0m _identify(.) by extension 'ros'
[16.549s] [34mcolcon.colcon_core.package_identification[0m [1;30mLevel 1[0m _identify(.) by extensions ['cmake', 'python']
[16.549s] [34mcolcon.colcon_core.package_identification[0m [1;30mLevel 1[0m _identify(.) by extension 'cmake'
[16.549s] [34mcolcon.colcon_core.package_identification[0m [1;30mLevel 1[0m _identify(.) by extension 'python'
[16.549s] [34mcolcon.colcon_core.package_identification[0m [1;30mLevel 1[0m _identify(.) by extensions ['python_setup_py']
[16.549s] [34mcolcon.colcon_core.package_identification[0m [1;30mLevel 1[0m _identify(.) by extension 'python_setup_py'
[16.550s] [34mcolcon.colcon_core.package_identification[0m [1;30mLevel 1[0m _identify(build) by extensions ['ignore', 'ignore_ament_install']
[16.550s] [34mcolcon.colcon_core.package_identification[0m [1;30mLevel 1[0m _identify(build) by extension 'ignore'
[16.550s] [34mcolcon.colcon_core.package_identification[0m [1;30mLevel 1[0m _identify(build) ignored
[16.550s] [34mcolcon.colcon_core.package_identification[0m [1;30mLevel 1[0m _identify(install) by extensions ['ignore', 'ignore_ament_install']
[16.551s] [34mcolcon.colcon_core.package_identification[0m [1;30mLevel 1[0m _identify(install) by extension 'ignore'
[16.551s] [34mcolcon.colcon_core.package_identification[0m [1;30mLevel 1[0m _identify(install) ignored
[16.551s] [34mcolcon.colcon_core.package_identification[0m [1;30mLevel 1[0m _identify(log) by extensions ['ignore', 'ignore_ament_install']
[16.551s] [34mcolcon.colcon_core.package_identification[0m [1;30mLevel 1[0m _identify(log) by extension 'ignore'
[16.551s] [34mcolcon.colcon_core.package_identification[0m [1;30mLevel 1[0m _identify(log) ignored
[16.551s] [34mcolcon.colcon_core.package_identification[0m [1;30mLevel 1[0m _identify(src) by extensions ['ignore', 'ignore_ament_install']
[16.552s] [34mcolcon.colcon_core.package_identification[0m [1;30mLevel 1[0m _identify(src) by extension 'ignore'
[16.552s] [34mcolcon.colcon_core.package_identification[0m [1;30mLevel 1[0m _identify(src) by extension 'ignore_ament_install'
[16.552s] [34mcolcon.colcon_core.package_identification[0m [1;30mLevel 1[0m _identify(src) by extensions ['colcon_pkg']
[16.552s] [34mcolcon.colcon_core.package_identification[0m [1;30mLevel 1[0m _identify(src) by extension 'colcon_pkg'
[16.552s] [34mcolcon.colcon_core.package_identification[0m [1;30mLevel 1[0m _identify(src) by extensions ['colcon_meta']
[16.552s] [34mcolcon.colcon_core.package_identification[0m [1;30mLevel 1[0m _identify(src) by extension 'colcon_meta'
[16.552s] [34mcolcon.colcon_core.package_identification[0m [1;30mLevel 1[0m _identify(src) by extensions ['ros']
[16.552s] [34mcolcon.colcon_core.package_identification[0m [1;30mLevel 1[0m _identify(src) by extension 'ros'
[16.553s] [34mcolcon.colcon_core.package_identification[0m [1;30mLevel 1[0m _identify(src) by extensions ['cmake', 'python']
[16.553s] [34mcolcon.colcon_core.package_identification[0m [1;30mLevel 1[0m _identify(src) by extension 'cmake'
[16.553s] [34mcolcon.colcon_core.package_identification[0m [1;30mLevel 1[0m _identify(src) by extension 'python'
[16.553s] [34mcolcon.colcon_core.package_identification[0m [1;30mLevel 1[0m _identify(src) by extensions ['python_setup_py']
[16.553s] [34mcolcon.colcon_core.package_identification[0m [1;30mLevel 1[0m _identify(src) by extension 'python_setup_py'
[16.553s] [34mcolcon.colcon_core.package_identification[0m [1;30mLevel 1[0m _identify(src/keyboard_listener) by extensions ['ignore', 'ignore_ament_install']
[16.553s] [34mcolcon.colcon_core.package_identification[0m [1;30mLevel 1[0m _identify(src/keyboard_listener) by extension 'ignore'
[16.553s] [34mcolcon.colcon_core.package_identification[0m [1;30mLevel 1[0m _identify(src/keyboard_listener) by extension 'ignore_ament_install'
[16.554s] [34mcolcon.colcon_core.package_identification[0m [1;30mLevel 1[0m _identify(src/keyboard_listener) by extensions ['colcon_pkg']
[16.554s] [34mcolcon.colcon_core.package_identification[0m [1;30mLevel 1[0m _identify(src/keyboard_listener) by extension 'colcon_pkg'
[16.554s] [34mcolcon.colcon_core.package_identification[0m [1;30mLevel 1[0m _identify(src/keyboard_listener) by extensions ['colcon_meta']
[16.554s] [34mcolcon.colcon_core.package_identification[0m [1;30mLevel 1[0m _identify(src/keyboard_listener) by extension 'colcon_meta'
[16.554s] [34mcolcon.colcon_core.package_identification[0m [1;30mLevel 1[0m _identify(src/keyboard_listener) by extensions ['ros']
[16.554s] [34mcolcon.colcon_core.package_identification[0m [1;30mLevel 1[0m _identify(src/keyboard_listener) by extension 'ros'
[16.559s] [34mcolcon.colcon_core.package_identification[0m [1;30mDEBUG[0m [32mPackage 'src/keyboard_listener' with type 'ros.ament_python' and name 'keyboard_listener'[0m
[16.559s] [34mcolcon.colcon_core.package_identification[0m [1;30mLevel 1[0m _identify(src/keyboard_publisher) by extensions ['ignore', 'ignore_ament_install']
[16.559s] [34mcolcon.colcon_core.package_identification[0m [1;30mLevel 1[0m _identify(src/keyboard_publisher) by extension 'ignore'
[16.559s] [34mcolcon.colcon_core.package_identification[0m [1;30mLevel 1[0m _identify(src/keyboard_publisher) by extension 'ignore_ament_install'
[16.559s] [34mcolcon.colcon_core.package_identification[0m [1;30mLevel 1[0m _identify(src/keyboard_publisher) by extensions ['colcon_pkg']
[16.560s] [34mcolcon.colcon_core.package_identification[0m [1;30mLevel 1[0m _identify(src/keyboard_publisher) by extension 'colcon_pkg'
[16.560s] [34mcolcon.colcon_core.package_identification[0m [1;30mLevel 1[0m _identify(src/keyboard_publisher) by extensions ['colcon_meta']
[16.560s] [34mcolcon.colcon_core.package_identification[0m [1;30mLevel 1[0m _identify(src/keyboard_publisher) by extension 'colcon_meta'
[16.560s] [34mcolcon.colcon_core.package_identification[0m [1;30mLevel 1[0m _identify(src/keyboard_publisher) by extensions ['ros']
[16.560s] [34mcolcon.colcon_core.package_identification[0m [1;30mLevel 1[0m _identify(src/keyboard_publisher) by extension 'ros'
[16.561s] [34mcolcon.colcon_core.package_identification[0m [1;30mDEBUG[0m [32mPackage 'src/keyboard_publisher' with type 'ros.ament_python' and name 'keyboard_publisher'[0m
[16.561s] [34mcolcon.colcon_core.package_identification[0m [1;30mLevel 1[0m _identify(src/movement) by extensions ['ignore', 'ignore_ament_install']
[16.561s] [34mcolcon.colcon_core.package_identification[0m [1;30mLevel 1[0m _identify(src/movement) by extension 'ignore'
[16.562s] [34mcolcon.colcon_core.package_identification[0m [1;30mLevel 1[0m _identify(src/movement) by extension 'ignore_ament_install'
[16.562s] [34mcolcon.colcon_core.package_identification[0m [1;30mLevel 1[0m _identify(src/movement) by extensions ['colcon_pkg']
[16.562s] [34mcolcon.colcon_core.package_identification[0m [1;30mLevel 1[0m _identify(src/movement) by extension 'colcon_pkg'
[16.562s] [34mcolcon.colcon_core.package_identification[0m [1;30mLevel 1[0m _identify(src/movement) by extensions ['colcon_meta']
[16.562s] [34mcolcon.colcon_core.package_identification[0m [1;30mLevel 1[0m _identify(src/movement) by extension 'colcon_meta'
[16.562s] [34mcolcon.colcon_core.package_identification[0m [1;30mLevel 1[0m _identify(src/movement) by extensions ['ros']
[16.562s] [34mcolcon.colcon_core.package_identification[0m [1;30mLevel 1[0m _identify(src/movement) by extension 'ros'
[16.563s] [34mcolcon.colcon_core.package_identification[0m [1;30mDEBUG[0m [32mPackage 'src/movement' with type 'ros.ament_python' and name 'movement'[0m
[16.564s] [34mcolcon.colcon_core.package_identification[0m [1;30mLevel 1[0m _identify(src/my_robot) by extensions ['ignore', 'ignore_ament_install']
[16.564s] [34mcolcon.colcon_core.package_identification[0m [1;30mLevel 1[0m _identify(src/my_robot) by extension 'ignore'
[16.564s] [34mcolcon.colcon_core.package_identification[0m [1;30mLevel 1[0m _identify(src/my_robot) by extension 'ignore_ament_install'
[16.564s] [34mcolcon.colcon_core.package_identification[0m [1;30mLevel 1[0m _identify(src/my_robot) by extensions ['colcon_pkg']
[16.564s] [34mcolcon.colcon_core.package_identification[0m [1;30mLevel 1[0m _identify(src/my_robot) by extension 'colcon_pkg'
[16.564s] [34mcolcon.colcon_core.package_identification[0m [1;30mLevel 1[0m _identify(src/my_robot) by extensions ['colcon_meta']
[16.565s] [34mcolcon.colcon_core.package_identification[0m [1;30mLevel 1[0m _identify(src/my_robot) by extension 'colcon_meta'
[16.565s] [34mcolcon.colcon_core.package_identification[0m [1;30mLevel 1[0m _identify(src/my_robot) by extensions ['ros']
[16.565s] [34mcolcon.colcon_core.package_identification[0m [1;30mLevel 1[0m _identify(src/my_robot) by extension 'ros'
[16.566s] [34mcolcon.colcon_core.package_identification[0m [1;30mDEBUG[0m [32mPackage 'src/my_robot' with type 'ros.ament_python' and name 'my_robot'[0m
[16.566s] [34mcolcon.colcon_core.package_identification[0m [1;30mLevel 1[0m _identify(src/odometry) by extensions ['ignore', 'ignore_ament_install']
[16.566s] [34mcolcon.colcon_core.package_identification[0m [1;30mLevel 1[0m _identify(src/odometry) by extension 'ignore'
[16.566s] [34mcolcon.colcon_core.package_identification[0m [1;30mLevel 1[0m _identify(src/odometry) by extension 'ignore_ament_install'
[16.566s] [34mcolcon.colcon_core.package_identification[0m [1;30mLevel 1[0m _identify(src/odometry) by extensions ['colcon_pkg']
[16.566s] [34mcolcon.colcon_core.package_identification[0m [1;30mLevel 1[0m _identify(src/odometry) by extension 'colcon_pkg'
[16.566s] [34mcolcon.colcon_core.package_identification[0m [1;30mLevel 1[0m _identify(src/odometry) by extensions ['colcon_meta']
[16.567s] [34mcolcon.colcon_core.package_identification[0m [1;30mLevel 1[0m _identify(src/odometry) by extension 'colcon_meta'
[16.567s] [34mcolcon.colcon_core.package_identification[0m [1;30mLevel 1[0m _identify(src/odometry) by extensions ['ros']
[16.567s] [34mcolcon.colcon_core.package_identification[0m [1;30mLevel 1[0m _identify(src/odometry) by extension 'ros'
[16.568s] [34mcolcon.colcon_core.package_identification[0m [1;30mDEBUG[0m [32mPackage 'src/odometry' with type 'ros.ament_python' and name 'odometry'[0m
[16.568s] [34mcolcon.colcon_core.package_discovery[0m [1;30mLevel 1[0m discover_packages(recursive) using defaults
[16.568s] [34mcolcon.colcon_core.package_discovery[0m [1;30mLevel 1[0m discover_packages(ignore) discover
[16.568s] [34mcolcon.colcon_core.package_discovery[0m [1;30mLevel 1[0m discover_packages(ignore) using defaults
[16.568s] [34mcolcon.colcon_core.package_discovery[0m [1;30mLevel 1[0m discover_packages(path) discover
[16.568s] [34mcolcon.colcon_core.package_discovery[0m [1;30mLevel 1[0m discover_packages(path) using defaults
[17.744s] [34mcolcon.colcon_core.verb[0m [1;30mLevel 5[0m set package 'keyboard_listener' build argument 'cmake_args' from command line to 'None'
[17.744s] [34mcolcon.colcon_core.verb[0m [1;30mLevel 5[0m set package 'keyboard_listener' build argument 'cmake_target' from command line to 'None'
[17.745s] [34mcolcon.colcon_core.verb[0m [1;30mLevel 5[0m set package 'keyboard_listener' build argument 'cmake_target_skip_unavailable' from command line to 'False'
[17.745s] [34mcolcon.colcon_core.verb[0m [1;30mLevel 5[0m set package 'keyboard_listener' build argument 'cmake_clean_cache' from command line to 'False'
[17.745s] [34mcolcon.colcon_core.verb[0m [1;30mLevel 5[0m set package 'keyboard_listener' build argument 'cmake_clean_first' from command line to 'False'
[17.745s] [34mcolcon.colcon_core.verb[0m [1;30mLevel 5[0m set package 'keyboard_listener' build argument 'cmake_force_configure' from command line to 'False'
[17.745s] [34mcolcon.colcon_core.verb[0m [1;30mLevel 5[0m set package 'keyboard_listener' build argument 'ament_cmake_args' from command line to 'None'
[17.745s] [34mcolcon.colcon_core.verb[0m [1;30mLevel 5[0m set package 'keyboard_listener' build argument 'catkin_cmake_args' from command line to 'None'
[17.745s] [34mcolcon.colcon_core.verb[0m [1;30mLevel 5[0m set package 'keyboard_listener' build argument 'catkin_skip_building_tests' from command line to 'False'
[17.745s] [34mcolcon.colcon_core.verb[0m [1;30mDEBUG[0m [32mBuilding package 'keyboard_listener' with the following arguments: {'ament_cmake_args': None, 'build_base': '/home/cadt-02/Documents/can_test_usb/ros2_can/build/keyboard_listener', 'catkin_cmake_args': None, 'catkin_skip_building_tests': False, 'cmake_args': None, 'cmake_clean_cache': False, 'cmake_clean_first': False, 'cmake_force_configure': False, 'cmake_target': None, 'cmake_target_skip_unavailable': False, 'install_base': '/home/cadt-02/Documents/can_test_usb/ros2_can/install/keyboard_listener', 'merge_install': False, 'path': '/home/cadt-02/Documents/can_test_usb/ros2_can/src/keyboard_listener', 'symlink_install': True, 'test_result_base': None}[0m
[18.024s] [34mcolcon.colcon_core.verb[0m [1;30mLevel 5[0m set package 'keyboard_publisher' build argument 'cmake_args' from command line to 'None'
[18.024s] [34mcolcon.colcon_core.verb[0m [1;30mLevel 5[0m set package 'keyboard_publisher' build argument 'cmake_target' from command line to 'None'
[18.024s] [34mcolcon.colcon_core.verb[0m [1;30mLevel 5[0m set package 'keyboard_publisher' build argument 'cmake_target_skip_unavailable' from command line to 'False'
[18.025s] [34mcolcon.colcon_core.verb[0m [1;30mLevel 5[0m set package 'keyboard_publisher' build argument 'cmake_clean_cache' from command line to 'False'
[18.025s] [34mcolcon.colcon_core.verb[0m [1;30mLevel 5[0m set package 'keyboard_publisher' build argument 'cmake_clean_first' from command line to 'False'
[18.025s] [34mcolcon.colcon_core.verb[0m [1;30mLevel 5[0m set package 'keyboard_publisher' build argument 'cmake_force_configure' from command line to 'False'
[18.025s] [34mcolcon.colcon_core.verb[0m [1;30mLevel 5[0m set package 'keyboard_publisher' build argument 'ament_cmake_args' from command line to 'None'
[18.025s] [34mcolcon.colcon_core.verb[0m [1;30mLevel 5[0m set package 'keyboard_publisher' build argument 'catkin_cmake_args' from command line to 'None'
[18.025s] [34mcolcon.colcon_core.verb[0m [1;30mLevel 5[0m set package 'keyboard_publisher' build argument 'catkin_skip_building_tests' from command line to 'False'
[18.025s] [34mcolcon.colcon_core.verb[0m [1;30mDEBUG[0m [32mBuilding package 'keyboard_publisher' with the following arguments: {'ament_cmake_args': None, 'build_base': '/home/cadt-02/Documents/can_test_usb/ros2_can/build/keyboard_publisher', 'catkin_cmake_args': None, 'catkin_skip_building_tests': False, 'cmake_args': None, 'cmake_clean_cache': False, 'cmake_clean_first': False, 'cmake_force_configure': False, 'cmake_target': None, 'cmake_target_skip_unavailable': False, 'install_base': '/home/cadt-02/Documents/can_test_usb/ros2_can/install/keyboard_publisher', 'merge_install': False, 'path': '/home/cadt-02/Documents/can_test_usb/ros2_can/src/keyboard_publisher', 'symlink_install': True, 'test_result_base': None}[0m
[18.304s] [34mcolcon.colcon_core.verb[0m [1;30mLevel 5[0m set package 'movement' build argument 'cmake_args' from command line to 'None'
[18.304s] [34mcolcon.colcon_core.verb[0m [1;30mLevel 5[0m set package 'movement' build argument 'cmake_target' from command line to 'None'
[18.304s] [34mcolcon.colcon_core.verb[0m [1;30mLevel 5[0m set package 'movement' build argument 'cmake_target_skip_unavailable' from command line to 'False'
[18.304s] [34mcolcon.colcon_core.verb[0m [1;30mLevel 5[0m set package 'movement' build argument 'cmake_clean_cache' from command line to 'False'
[18.304s] [34mcolcon.colcon_core.verb[0m [1;30mLevel 5[0m set package 'movement' build argument 'cmake_clean_first' from command line to 'False'
[18.304s] [34mcolcon.colcon_core.verb[0m [1;30mLevel 5[0m set package 'movement' build argument 'cmake_force_configure' from command line to 'False'
[18.304s] [34mcolcon.colcon_core.verb[0m [1;30mLevel 5[0m set package 'movement' build argument 'ament_cmake_args' from command line to 'None'
[18.304s] [34mcolcon.colcon_core.verb[0m [1;30mLevel 5[0m set package 'movement' build argument 'catkin_cmake_args' from command line to 'None'
[18.304s] [34mcolcon.colcon_core.verb[0m [1;30mLevel 5[0m set package 'movement' build argument 'catkin_skip_building_tests' from command line to 'False'
[18.305s] [34mcolcon.colcon_core.verb[0m [1;30mDEBUG[0m [32mBuilding package 'movement' with the following arguments: {'ament_cmake_args': None, 'build_base': '/home/cadt-02/Documents/can_test_usb/ros2_can/build/movement', 'catkin_cmake_args': None, 'catkin_skip_building_tests': False, 'cmake_args': None, 'cmake_clean_cache': False, 'cmake_clean_first': False, 'cmake_force_configure': False, 'cmake_target': None, 'cmake_target_skip_unavailable': False, 'install_base': '/home/cadt-02/Documents/can_test_usb/ros2_can/install/movement', 'merge_install': False, 'path': '/home/cadt-02/Documents/can_test_usb/ros2_can/src/movement', 'symlink_install': True, 'test_result_base': None}[0m
[18.587s] [34mcolcon.colcon_core.verb[0m [1;30mLevel 5[0m set package 'my_robot' build argument 'cmake_args' from command line to 'None'
[18.587s] [34mcolcon.colcon_core.verb[0m [1;30mLevel 5[0m set package 'my_robot' build argument 'cmake_target' from command line to 'None'
[18.587s] [34mcolcon.colcon_core.verb[0m [1;30mLevel 5[0m set package 'my_robot' build argument 'cmake_target_skip_unavailable' from command line to 'False'
[18.587s] [34mcolcon.colcon_core.verb[0m [1;30mLevel 5[0m set package 'my_robot' build argument 'cmake_clean_cache' from command line to 'False'
[18.587s] [34mcolcon.colcon_core.verb[0m [1;30mLevel 5[0m set package 'my_robot' build argument 'cmake_clean_first' from command line to 'False'
[18.587s] [34mcolcon.colcon_core.verb[0m [1;30mLevel 5[0m set package 'my_robot' build argument 'cmake_force_configure' from command line to 'False'
[18.587s] [34mcolcon.colcon_core.verb[0m [1;30mLevel 5[0m set package 'my_robot' build argument 'ament_cmake_args' from command line to 'None'
[18.587s] [34mcolcon.colcon_core.verb[0m [1;30mLevel 5[0m set package 'my_robot' build argument 'catkin_cmake_args' from command line to 'None'
[18.588s] [34mcolcon.colcon_core.verb[0m [1;30mLevel 5[0m set package 'my_robot' build argument 'catkin_skip_building_tests' from command line to 'False'
[18.588s] [34mcolcon.colcon_core.verb[0m [1;30mDEBUG[0m [32mBuilding package 'my_robot' with the following arguments: {'ament_cmake_args': None, 'build_base': '/home/cadt-02/Documents/can_test_usb/ros2_can/build/my_robot', 'catkin_cmake_args': None, 'catkin_skip_building_tests': False, 'cmake_args': None, 'cmake_clean_cache': False, 'cmake_clean_first': False, 'cmake_force_configure': False, 'cmake_target': None, 'cmake_target_skip_unavailable': False, 'install_base': '/home/cadt-02/Documents/can_test_usb/ros2_can/install/my_robot', 'merge_install': False, 'path': '/home/cadt-02/Documents/can_test_usb/ros2_can/src/my_robot', 'symlink_install': True, 'test_result_base': None}[0m
[18.866s] [34mcolcon.colcon_core.verb[0m [1;30mLevel 5[0m set package 'odometry' build argument 'cmake_args' from command line to 'None'
[18.866s] [34mcolcon.colcon_core.verb[0m [1;30mLevel 5[0m set package 'odometry' build argument 'cmake_target' from command line to 'None'
[18.866s] [34mcolcon.colcon_core.verb[0m [1;30mLevel 5[0m set package 'odometry' build argument 'cmake_target_skip_unavailable' from command line to 'False'
[18.866s] [34mcolcon.colcon_core.verb[0m [1;30mLevel 5[0m set package 'odometry' build argument 'cmake_clean_cache' from command line to 'False'
[18.867s] [34mcolcon.colcon_core.verb[0m [1;30mLevel 5[0m set package 'odometry' build argument 'cmake_clean_first' from command line to 'False'
[18.867s] [34mcolcon.colcon_core.verb[0m [1;30mLevel 5[0m set package 'odometry' build argument 'cmake_force_configure' from command line to 'False'
[18.867s] [34mcolcon.colcon_core.verb[0m [1;30mLevel 5[0m set package 'odometry' build argument 'ament_cmake_args' from command line to 'None'
[18.867s] [34mcolcon.colcon_core.verb[0m [1;30mLevel 5[0m set package 'odometry' build argument 'catkin_cmake_args' from command line to 'None'
[18.867s] [34mcolcon.colcon_core.verb[0m [1;30mLevel 5[0m set package 'odometry' build argument 'catkin_skip_building_tests' from command line to 'False'
[18.867s] [34mcolcon.colcon_core.verb[0m [1;30mDEBUG[0m [32mBuilding package 'odometry' with the following arguments: {'ament_cmake_args': None, 'build_base': '/home/cadt-02/Documents/can_test_usb/ros2_can/build/odometry', 'catkin_cmake_args': None, 'catkin_skip_building_tests': False, 'cmake_args': None, 'cmake_clean_cache': False, 'cmake_clean_first': False, 'cmake_force_configure': False, 'cmake_target': None, 'cmake_target_skip_unavailable': False, 'install_base': '/home/cadt-02/Documents/can_test_usb/ros2_can/install/odometry', 'merge_install': False, 'path': '/home/cadt-02/Documents/can_test_usb/ros2_can/src/odometry', 'symlink_install': True, 'test_result_base': None}[0m
[19.147s] [34mcolcon.colcon_core.executor[0m [1;30mINFO[0m Executing jobs using 'parallel' executor
[19.428s] [34mcolcon.colcon_parallel_executor.executor.parallel[0m [1;30mDEBUG[0m [32mrun_until_complete[0m
[19.429s] [34mcolcon.colcon_ros.task.ament_python.build[0m [1;30mINFO[0m Building ROS package in '/home/cadt-02/Documents/can_test_usb/ros2_can/src/keyboard_listener' with build type 'ament_python'
[19.429s] [34mcolcon.colcon_core.shell[0m [1;30mLevel 1[0m create_environment_hook('keyboard_listener', 'ament_prefix_path')
[19.720s] [34mcolcon.colcon_core.plugin_system[0m [1;30mINFO[0m Skipping extension 'colcon_core.shell.bat': Not used on non-Windows systems
[19.721s] [34mcolcon.colcon_core.shell[0m [1;30mINFO[0m Creating environment hook '/home/cadt-02/Documents/can_test_usb/ros2_can/install/keyboard_listener/share/keyboard_listener/hook/ament_prefix_path.ps1'
[19.723s] [34mcolcon.colcon_core.shell[0m [1;30mINFO[0m Creating environment descriptor '/home/cadt-02/Documents/can_test_usb/ros2_can/install/keyboard_listener/share/keyboard_listener/hook/ament_prefix_path.dsv'
[19.724s] [34mcolcon.colcon_core.shell[0m [1;30mINFO[0m Creating environment hook '/home/cadt-02/Documents/can_test_usb/ros2_can/install/keyboard_listener/share/keyboard_listener/hook/ament_prefix_path.sh'
[20.011s] [34mcolcon.colcon_core.shell[0m [1;30mINFO[0m Skip shell extension 'powershell' for command environment: Not usable outside of PowerShell
[20.011s] [34mcolcon.colcon_core.shell[0m [1;30mDEBUG[0m [32mSkip shell extension 'dsv' for command environment[0m
[20.299s] [34mcolcon.colcon_ros.prefix_path.ament[0m [1;30mWARNING[0m [33mThe path '/home/cadt-02/Documents/can_test_usb/ros2_can/install/rmdx6' in the environment variable AMENT_PREFIX_PATH doesn't exist[0m
[20.300s] [34mcolcon.colcon_ros.prefix_path.ament[0m [1;30mWARNING[0m [33mThe path '/home/cadt-02/Documents/can_test_usb/ros2_can/install/odometry' in the environment variable AMENT_PREFIX_PATH doesn't exist[0m
[20.300s] [34mcolcon.colcon_ros.prefix_path.ament[0m [1;30mWARNING[0m [33mThe path '/home/cadt-02/Documents/can_test_usb/ros2_can/install/my_robot' in the environment variable AMENT_PREFIX_PATH doesn't exist[0m
[20.300s] [34mcolcon.colcon_ros.prefix_path.ament[0m [1;30mWARNING[0m [33mThe path '/home/cadt-02/Documents/can_test_usb/ros2_can/install/movement' in the environment variable AMENT_PREFIX_PATH doesn't exist[0m
[20.300s] [34mcolcon.colcon_ros.prefix_path.ament[0m [1;30mWARNING[0m [33mThe path '/home/cadt-02/Documents/can_test_usb/ros2_can/install/keyboard_publisher' in the environment variable AMENT_PREFIX_PATH doesn't exist[0m
[20.891s] [34mcolcon.colcon_ros.task.ament_python.build[0m [1;30mINFO[0m Building ROS package in '/home/cadt-02/Documents/can_test_usb/ros2_can/src/keyboard_publisher' with build type 'ament_python'
[20.892s] [34mcolcon.colcon_core.shell[0m [1;30mLevel 1[0m create_environment_hook('keyboard_publisher', 'ament_prefix_path')
[21.189s] [34mcolcon.colcon_core.shell[0m [1;30mINFO[0m Creating environment hook '/home/cadt-02/Documents/can_test_usb/ros2_can/install/keyboard_publisher/share/keyboard_publisher/hook/ament_prefix_path.ps1'
[21.190s] [34mcolcon.colcon_core.shell[0m [1;30mINFO[0m Creating environment descriptor '/home/cadt-02/Documents/can_test_usb/ros2_can/install/keyboard_publisher/share/keyboard_publisher/hook/ament_prefix_path.dsv'
[21.191s] [34mcolcon.colcon_core.shell[0m [1;30mINFO[0m Creating environment hook '/home/cadt-02/Documents/can_test_usb/ros2_can/install/keyboard_publisher/share/keyboard_publisher/hook/ament_prefix_path.sh'
[21.484s] [34mcolcon.colcon_core.shell[0m [1;30mINFO[0m Skip shell extension 'powershell' for command environment: Not usable outside of PowerShell
[21.484s] [34mcolcon.colcon_core.shell[0m [1;30mDEBUG[0m [32mSkip shell extension 'dsv' for command environment[0m
[22.358s] [34mcolcon.colcon_ros.task.ament_python.build[0m [1;30mINFO[0m Building ROS package in '/home/cadt-02/Documents/can_test_usb/ros2_can/src/movement' with build type 'ament_python'
[22.358s] [34mcolcon.colcon_core.shell[0m [1;30mLevel 1[0m create_environment_hook('movement', 'ament_prefix_path')
[22.652s] [34mcolcon.colcon_core.shell[0m [1;30mINFO[0m Creating environment hook '/home/cadt-02/Documents/can_test_usb/ros2_can/install/movement/share/movement/hook/ament_prefix_path.ps1'
[22.654s] [34mcolcon.colcon_core.shell[0m [1;30mINFO[0m Creating environment descriptor '/home/cadt-02/Documents/can_test_usb/ros2_can/install/movement/share/movement/hook/ament_prefix_path.dsv'
[22.655s] [34mcolcon.colcon_core.shell[0m [1;30mINFO[0m Creating environment hook '/home/cadt-02/Documents/can_test_usb/ros2_can/install/movement/share/movement/hook/ament_prefix_path.sh'
[22.946s] [34mcolcon.colcon_core.shell[0m [1;30mINFO[0m Skip shell extension 'powershell' for command environment: Not usable outside of PowerShell
[22.946s] [34mcolcon.colcon_core.shell[0m [1;30mDEBUG[0m [32mSkip shell extension 'dsv' for command environment[0m
[23.839s] [34mcolcon.colcon_ros.task.ament_python.build[0m [1;30mINFO[0m Building ROS package in '/home/cadt-02/Documents/can_test_usb/ros2_can/src/my_robot' with build type 'ament_python'
[23.840s] [34mcolcon.colcon_core.shell[0m [1;30mLevel 1[0m create_environment_hook('my_robot', 'ament_prefix_path')
[24.143s] [34mcolcon.colcon_core.shell[0m [1;30mINFO[0m Creating environment hook '/home/cadt-02/Documents/can_test_usb/ros2_can/install/my_robot/share/my_robot/hook/ament_prefix_path.ps1'
[24.144s] [34mcolcon.colcon_core.shell[0m [1;30mINFO[0m Creating environment descriptor '/home/cadt-02/Documents/can_test_usb/ros2_can/install/my_robot/share/my_robot/hook/ament_prefix_path.dsv'
[24.145s] [34mcolcon.colcon_core.shell[0m [1;30mINFO[0m Creating environment hook '/home/cadt-02/Documents/can_test_usb/ros2_can/install/my_robot/share/my_robot/hook/ament_prefix_path.sh'
[24.442s] [34mcolcon.colcon_core.shell[0m [1;30mINFO[0m Skip shell extension 'powershell' for command environment: Not usable outside of PowerShell
[24.443s] [34mcolcon.colcon_core.shell[0m [1;30mDEBUG[0m [32mSkip shell extension 'dsv' for command environment[0m
[25.314s] [34mcolcon.colcon_ros.task.ament_python.build[0m [1;30mINFO[0m Building ROS package in '/home/cadt-02/Documents/can_test_usb/ros2_can/src/odometry' with build type 'ament_python'
[25.314s] [34mcolcon.colcon_core.shell[0m [1;30mLevel 1[0m create_environment_hook('odometry', 'ament_prefix_path')
[25.612s] [34mcolcon.colcon_core.shell[0m [1;30mINFO[0m Creating environment hook '/home/cadt-02/Documents/can_test_usb/ros2_can/install/odometry/share/odometry/hook/ament_prefix_path.ps1'
[25.614s] [34mcolcon.colcon_core.shell[0m [1;30mINFO[0m Creating environment descriptor '/home/cadt-02/Documents/can_test_usb/ros2_can/install/odometry/share/odometry/hook/ament_prefix_path.dsv'
[25.615s] [34mcolcon.colcon_core.shell[0m [1;30mINFO[0m Creating environment hook '/home/cadt-02/Documents/can_test_usb/ros2_can/install/odometry/share/odometry/hook/ament_prefix_path.sh'
[25.904s] [34mcolcon.colcon_core.shell[0m [1;30mINFO[0m Skip shell extension 'powershell' for command environment: Not usable outside of PowerShell
[25.905s] [34mcolcon.colcon_core.shell[0m [1;30mDEBUG[0m [32mSkip shell extension 'dsv' for command environment[0m
[27.274s] [34mcolcon.colcon_core.task.python.build[0m [1;30mINFO[0m Building Python package in '/home/cadt-02/Documents/can_test_usb/ros2_can/src/keyboard_listener'
[27.573s] [34mcolcon.colcon_core.shell[0m [1;30mINFO[0m Skip shell extension 'powershell' for command environment: Not usable outside of PowerShell
[27.573s] [34mcolcon.colcon_core.shell[0m [1;30mDEBUG[0m [32mSkip shell extension 'dsv' for command environment[0m
[28.936s] [34mcolcon.colcon_core.task.python.build[0m [1;30mINFO[0m Building Python package in '/home/cadt-02/Documents/can_test_usb/ros2_can/src/keyboard_publisher'
[29.226s] [34mcolcon.colcon_core.shell[0m [1;30mINFO[0m Skip shell extension 'powershell' for command environment: Not usable outside of PowerShell
[29.226s] [34mcolcon.colcon_core.shell[0m [1;30mDEBUG[0m [32mSkip shell extension 'dsv' for command environment[0m
[30.598s] [34mcolcon.colcon_core.task.python.build[0m [1;30mINFO[0m Building Python package in '/home/cadt-02/Documents/can_test_usb/ros2_can/src/movement'
[30.887s] [34mcolcon.colcon_core.shell[0m [1;30mINFO[0m Skip shell extension 'powershell' for command environment: Not usable outside of PowerShell
[30.887s] [34mcolcon.colcon_core.shell[0m [1;30mDEBUG[0m [32mSkip shell extension 'dsv' for command environment[0m
[32.252s] [34mcolcon.colcon_core.task.python.build[0m [1;30mINFO[0m Building Python package in '/home/cadt-02/Documents/can_test_usb/ros2_can/src/my_robot'
[32.542s] [34mcolcon.colcon_core.shell[0m [1;30mINFO[0m Skip shell extension 'powershell' for command environment: Not usable outside of PowerShell
[32.542s] [34mcolcon.colcon_core.shell[0m [1;30mDEBUG[0m [32mSkip shell extension 'dsv' for command environment[0m
[33.927s] [34mcolcon.colcon_core.task.python.build[0m [1;30mINFO[0m Building Python package in '/home/cadt-02/Documents/can_test_usb/ros2_can/src/odometry'
[34.223s] [34mcolcon.colcon_core.shell[0m [1;30mINFO[0m Skip shell extension 'powershell' for command environment: Not usable outside of PowerShell
[34.223s] [34mcolcon.colcon_core.shell[0m [1;30mDEBUG[0m [32mSkip shell extension 'dsv' for command environment[0m
[36.793s] [34mcolcon.colcon_core.event_handler.log_command[0m [1;30mDEBUG[0m [32mInvoking command in '/home/cadt-02/Documents/can_test_usb/ros2_can/build/my_robot': NX_CONNECTION=172.23.33.204 59150 172.23.34.34 4000 PYTHONPATH=/home/cadt-02/Documents/can_test_usb/ros2_can/build/my_robot/prefix_override:/home/cadt-02/Documents/can_test_usb/ros2_can/install/my_robot/lib/python3.8/site-packages:${PYTHONPATH} /usr/bin/python3 setup.py develop --editable --build-directory /home/cadt-02/Documents/can_test_usb/ros2_can/build/my_robot/build --no-deps install_data[0m
[36.835s] [34mcolcon.colcon_core.event_handler.log_command[0m [1;30mDEBUG[0m [32mInvoking command in '/home/cadt-02/Documents/can_test_usb/ros2_can/build/odometry': NX_CONNECTION=172.23.33.204 59150 172.23.34.34 4000 PYTHONPATH=/home/cadt-02/Documents/can_test_usb/ros2_can/build/odometry/prefix_override:/home/cadt-02/Documents/can_test_usb/ros2_can/install/odometry/lib/python3.8/site-packages:${PYTHONPATH} /usr/bin/python3 setup.py develop --editable --build-directory /home/cadt-02/Documents/can_test_usb/ros2_can/build/odometry/build --no-deps install_data[0m
[37.125s] [34mcolcon.colcon_core.event_handler.log_command[0m [1;30mDEBUG[0m [32mInvoking command in '/home/cadt-02/Documents/can_test_usb/ros2_can/build/keyboard_publisher': NX_CONNECTION=172.23.33.204 59150 172.23.34.34 4000 PYTHONPATH=/home/cadt-02/Documents/can_test_usb/ros2_can/build/keyboard_publisher/prefix_override:/home/cadt-02/Documents/can_test_usb/ros2_can/install/keyboard_publisher/lib/python3.8/site-packages:${PYTHONPATH} /usr/bin/python3 setup.py develop --editable --build-directory /home/cadt-02/Documents/can_test_usb/ros2_can/build/keyboard_publisher/build --no-deps install_data[0m
[37.196s] [34mcolcon.colcon_core.event_handler.log_command[0m [1;30mDEBUG[0m [32mInvoking command in '/home/cadt-02/Documents/can_test_usb/ros2_can/build/movement': NX_CONNECTION=172.23.33.204 59150 172.23.34.34 4000 PYTHONPATH=/home/cadt-02/Documents/can_test_usb/ros2_can/build/movement/prefix_override:/home/cadt-02/Documents/can_test_usb/ros2_can/install/movement/lib/python3.8/site-packages:${PYTHONPATH} /usr/bin/python3 setup.py develop --editable --build-directory /home/cadt-02/Documents/can_test_usb/ros2_can/build/movement/build --no-deps install_data[0m
[37.431s] [34mcolcon.colcon_core.event_handler.log_command[0m [1;30mDEBUG[0m [32mInvoking command in '/home/cadt-02/Documents/can_test_usb/ros2_can/build/keyboard_listener': NX_CONNECTION=172.23.33.204 59150 172.23.34.34 4000 PYTHONPATH=/home/cadt-02/Documents/can_test_usb/ros2_can/build/keyboard_listener/prefix_override:/home/cadt-02/Documents/can_test_usb/ros2_can/install/keyboard_listener/lib/python3.8/site-packages:${PYTHONPATH} /usr/bin/python3 setup.py develop --editable --build-directory /home/cadt-02/Documents/can_test_usb/ros2_can/build/keyboard_listener/build --no-deps install_data[0m
[38.938s] [34mcolcon.colcon_core.shell[0m [1;30mLevel 1[0m create_environment_hook('my_robot', 'pythonpath_develop')
[38.941s] [34mcolcon.colcon_core.event_handler.log_command[0m [1;30mDEBUG[0m [32mInvoked command in '/home/cadt-02/Documents/can_test_usb/ros2_can/build/my_robot' returned '0': NX_CONNECTION=172.23.33.204 59150 172.23.34.34 4000 PYTHONPATH=/home/cadt-02/Documents/can_test_usb/ros2_can/build/my_robot/prefix_override:/home/cadt-02/Documents/can_test_usb/ros2_can/install/my_robot/lib/python3.8/site-packages:${PYTHONPATH} /usr/bin/python3 setup.py develop --editable --build-directory /home/cadt-02/Documents/can_test_usb/ros2_can/build/my_robot/build --no-deps install_data[0m
[39.401s] [34mcolcon.colcon_core.shell[0m [1;30mINFO[0m Creating environment hook '/home/cadt-02/Documents/can_test_usb/ros2_can/build/my_robot/share/my_robot/hook/pythonpath_develop.ps1'
[39.406s] [34mcolcon.colcon_core.shell[0m [1;30mINFO[0m Creating environment descriptor '/home/cadt-02/Documents/can_test_usb/ros2_can/build/my_robot/share/my_robot/hook/pythonpath_develop.dsv'
[39.408s] [34mcolcon.colcon_core.shell[0m [1;30mINFO[0m Creating environment hook '/home/cadt-02/Documents/can_test_usb/ros2_can/build/my_robot/share/my_robot/hook/pythonpath_develop.sh'
[39.792s] [34mcolcon.colcon_core.environment[0m [1;30mLevel 1[0m checking '/home/cadt-02/Documents/can_test_usb/ros2_can/install/my_robot' for CMake module files
[39.793s] [34mcolcon.colcon_core.environment[0m [1;30mLevel 1[0m checking '/home/cadt-02/Documents/can_test_usb/ros2_can/install/my_robot' for CMake config files
[39.794s] [34mcolcon.colcon_core.environment[0m [1;30mLevel 1[0m checking '/home/cadt-02/Documents/can_test_usb/ros2_can/install/my_robot/lib'
[39.794s] [34mcolcon.colcon_core.environment[0m [1;30mLevel 1[0m checking '/home/cadt-02/Documents/can_test_usb/ros2_can/install/my_robot/bin'
[39.795s] [34mcolcon.colcon_core.environment[0m [1;30mLevel 1[0m checking '/home/cadt-02/Documents/can_test_usb/ros2_can/install/my_robot/lib/pkgconfig/my_robot.pc'
[39.795s] [34mcolcon.colcon_core.environment[0m [1;30mLevel 1[0m checking '/home/cadt-02/Documents/can_test_usb/ros2_can/install/my_robot/lib/python3.8/site-packages'
[39.795s] [34mcolcon.colcon_core.shell[0m [1;30mLevel 1[0m create_environment_hook('my_robot', 'pythonpath')
[40.103s] [34mcolcon.colcon_core.shell[0m [1;30mINFO[0m Creating environment hook '/home/cadt-02/Documents/can_test_usb/ros2_can/install/my_robot/share/my_robot/hook/pythonpath.ps1'
[40.104s] [34mcolcon.colcon_core.shell[0m [1;30mINFO[0m Creating environment descriptor '/home/cadt-02/Documents/can_test_usb/ros2_can/install/my_robot/share/my_robot/hook/pythonpath.dsv'
[40.105s] [34mcolcon.colcon_core.shell[0m [1;30mINFO[0m Creating environment hook '/home/cadt-02/Documents/can_test_usb/ros2_can/install/my_robot/share/my_robot/hook/pythonpath.sh'
[40.106s] [34mcolcon.colcon_core.environment[0m [1;30mLevel 1[0m checking '/home/cadt-02/Documents/can_test_usb/ros2_can/install/my_robot/bin'
[40.106s] [34mcolcon.colcon_core.environment[0m [1;30mLevel 1[0m create_environment_scripts_only(my_robot)
[40.433s] [34mcolcon.colcon_core.shell[0m [1;30mINFO[0m Creating package script '/home/cadt-02/Documents/can_test_usb/ros2_can/install/my_robot/share/my_robot/package.ps1'
[40.435s] [34mcolcon.colcon_core.shell[0m [1;30mINFO[0m Creating package descriptor '/home/cadt-02/Documents/can_test_usb/ros2_can/install/my_robot/share/my_robot/package.dsv'
[40.436s] [34mcolcon.colcon_core.shell[0m [1;30mINFO[0m Creating package script '/home/cadt-02/Documents/can_test_usb/ros2_can/install/my_robot/share/my_robot/package.sh'
[40.438s] [34mcolcon.colcon_core.shell[0m [1;30mINFO[0m Creating package script '/home/cadt-02/Documents/can_test_usb/ros2_can/install/my_robot/share/my_robot/package.bash'
[40.439s] [34mcolcon.colcon_core.shell[0m [1;30mINFO[0m Creating package script '/home/cadt-02/Documents/can_test_usb/ros2_can/install/my_robot/share/my_robot/package.zsh'
[40.441s] [34mcolcon.colcon_core.environment[0m [1;30mLevel 1[0m create_file_with_runtime_dependencies(/home/cadt-02/Documents/can_test_usb/ros2_can/install/my_robot/share/colcon-core/packages/my_robot)
[40.445s] [34mcolcon.colcon_core.shell[0m [1;30mLevel 1[0m create_environment_hook('odometry', 'pythonpath_develop')
[40.448s] [34mcolcon.colcon_core.event_handler.log_command[0m [1;30mDEBUG[0m [32mInvoked command in '/home/cadt-02/Documents/can_test_usb/ros2_can/build/odometry' returned '0': NX_CONNECTION=172.23.33.204 59150 172.23.34.34 4000 PYTHONPATH=/home/cadt-02/Documents/can_test_usb/ros2_can/build/odometry/prefix_override:/home/cadt-02/Documents/can_test_usb/ros2_can/install/odometry/lib/python3.8/site-packages:${PYTHONPATH} /usr/bin/python3 setup.py develop --editable --build-directory /home/cadt-02/Documents/can_test_usb/ros2_can/build/odometry/build --no-deps install_data[0m
[40.753s] [34mcolcon.colcon_core.shell[0m [1;30mINFO[0m Creating environment hook '/home/cadt-02/Documents/can_test_usb/ros2_can/build/odometry/share/odometry/hook/pythonpath_develop.ps1'
[40.754s] [34mcolcon.colcon_core.shell[0m [1;30mINFO[0m Creating environment descriptor '/home/cadt-02/Documents/can_test_usb/ros2_can/build/odometry/share/odometry/hook/pythonpath_develop.dsv'
[40.755s] [34mcolcon.colcon_core.shell[0m [1;30mINFO[0m Creating environment hook '/home/cadt-02/Documents/can_test_usb/ros2_can/build/odometry/share/odometry/hook/pythonpath_develop.sh'
[41.091s] [34mcolcon.colcon_core.environment[0m [1;30mLevel 1[0m checking '/home/cadt-02/Documents/can_test_usb/ros2_can/install/odometry' for CMake module files
[41.092s] [34mcolcon.colcon_core.environment[0m [1;30mLevel 1[0m checking '/home/cadt-02/Documents/can_test_usb/ros2_can/install/odometry' for CMake config files
[41.093s] [34mcolcon.colcon_core.environment[0m [1;30mLevel 1[0m checking '/home/cadt-02/Documents/can_test_usb/ros2_can/install/odometry/lib'
[41.094s] [34mcolcon.colcon_core.environment[0m [1;30mLevel 1[0m checking '/home/cadt-02/Documents/can_test_usb/ros2_can/install/odometry/bin'
[41.094s] [34mcolcon.colcon_core.environment[0m [1;30mLevel 1[0m checking '/home/cadt-02/Documents/can_test_usb/ros2_can/install/odometry/lib/pkgconfig/odometry.pc'
[41.094s] [34mcolcon.colcon_core.environment[0m [1;30mLevel 1[0m checking '/home/cadt-02/Documents/can_test_usb/ros2_can/install/odometry/lib/python3.8/site-packages'
[41.094s] [34mcolcon.colcon_core.shell[0m [1;30mLevel 1[0m create_environment_hook('odometry', 'pythonpath')
[41.402s] [34mcolcon.colcon_core.shell[0m [1;30mINFO[0m Creating environment hook '/home/cadt-02/Documents/can_test_usb/ros2_can/install/odometry/share/odometry/hook/pythonpath.ps1'
[41.403s] [34mcolcon.colcon_core.shell[0m [1;30mINFO[0m Creating environment descriptor '/home/cadt-02/Documents/can_test_usb/ros2_can/install/odometry/share/odometry/hook/pythonpath.dsv'
[41.404s] [34mcolcon.colcon_core.shell[0m [1;30mINFO[0m Creating environment hook '/home/cadt-02/Documents/can_test_usb/ros2_can/install/odometry/share/odometry/hook/pythonpath.sh'
[41.405s] [34mcolcon.colcon_core.environment[0m [1;30mLevel 1[0m checking '/home/cadt-02/Documents/can_test_usb/ros2_can/install/odometry/bin'
[41.405s] [34mcolcon.colcon_core.environment[0m [1;30mLevel 1[0m create_environment_scripts_only(odometry)
[41.715s] [34mcolcon.colcon_core.shell[0m [1;30mINFO[0m Creating package script '/home/cadt-02/Documents/can_test_usb/ros2_can/install/odometry/share/odometry/package.ps1'
[41.717s] [34mcolcon.colcon_core.shell[0m [1;30mINFO[0m Creating package descriptor '/home/cadt-02/Documents/can_test_usb/ros2_can/install/odometry/share/odometry/package.dsv'
[41.718s] [34mcolcon.colcon_core.shell[0m [1;30mINFO[0m Creating package script '/home/cadt-02/Documents/can_test_usb/ros2_can/install/odometry/share/odometry/package.sh'
[41.719s] [34mcolcon.colcon_core.shell[0m [1;30mINFO[0m Creating package script '/home/cadt-02/Documents/can_test_usb/ros2_can/install/odometry/share/odometry/package.bash'
[41.720s] [34mcolcon.colcon_core.shell[0m [1;30mINFO[0m Creating package script '/home/cadt-02/Documents/can_test_usb/ros2_can/install/odometry/share/odometry/package.zsh'
[41.720s] [34mcolcon.colcon_core.environment[0m [1;30mLevel 1[0m create_file_with_runtime_dependencies(/home/cadt-02/Documents/can_test_usb/ros2_can/install/odometry/share/colcon-core/packages/odometry)
[41.721s] [34mcolcon.colcon_core.shell[0m [1;30mLevel 1[0m create_environment_hook('movement', 'pythonpath_develop')
[41.724s] [34mcolcon.colcon_core.event_handler.log_command[0m [1;30mDEBUG[0m [32mInvoked command in '/home/cadt-02/Documents/can_test_usb/ros2_can/build/movement' returned '0': NX_CONNECTION=172.23.33.204 59150 172.23.34.34 4000 PYTHONPATH=/home/cadt-02/Documents/can_test_usb/ros2_can/build/movement/prefix_override:/home/cadt-02/Documents/can_test_usb/ros2_can/install/movement/lib/python3.8/site-packages:${PYTHONPATH} /usr/bin/python3 setup.py develop --editable --build-directory /home/cadt-02/Documents/can_test_usb/ros2_can/build/movement/build --no-deps install_data[0m
[42.058s] [34mcolcon.colcon_core.shell[0m [1;30mINFO[0m Creating environment hook '/home/cadt-02/Documents/can_test_usb/ros2_can/build/movement/share/movement/hook/pythonpath_develop.ps1'
[42.060s] [34mcolcon.colcon_core.shell[0m [1;30mINFO[0m Creating environment descriptor '/home/cadt-02/Documents/can_test_usb/ros2_can/build/movement/share/movement/hook/pythonpath_develop.dsv'
[42.061s] [34mcolcon.colcon_core.shell[0m [1;30mINFO[0m Creating environment hook '/home/cadt-02/Documents/can_test_usb/ros2_can/build/movement/share/movement/hook/pythonpath_develop.sh'
[42.364s] [34mcolcon.colcon_core.environment[0m [1;30mLevel 1[0m checking '/home/cadt-02/Documents/can_test_usb/ros2_can/install/movement' for CMake module files
[42.365s] [34mcolcon.colcon_core.environment[0m [1;30mLevel 1[0m checking '/home/cadt-02/Documents/can_test_usb/ros2_can/install/movement' for CMake config files
[42.366s] [34mcolcon.colcon_core.environment[0m [1;30mLevel 1[0m checking '/home/cadt-02/Documents/can_test_usb/ros2_can/install/movement/lib'
[42.366s] [34mcolcon.colcon_core.environment[0m [1;30mLevel 1[0m checking '/home/cadt-02/Documents/can_test_usb/ros2_can/install/movement/bin'
[42.366s] [34mcolcon.colcon_core.environment[0m [1;30mLevel 1[0m checking '/home/cadt-02/Documents/can_test_usb/ros2_can/install/movement/lib/pkgconfig/movement.pc'
[42.367s] [34mcolcon.colcon_core.environment[0m [1;30mLevel 1[0m checking '/home/cadt-02/Documents/can_test_usb/ros2_can/install/movement/lib/python3.8/site-packages'
[42.367s] [34mcolcon.colcon_core.shell[0m [1;30mLevel 1[0m create_environment_hook('movement', 'pythonpath')
[42.662s] [34mcolcon.colcon_core.shell[0m [1;30mINFO[0m Creating environment hook '/home/cadt-02/Documents/can_test_usb/ros2_can/install/movement/share/movement/hook/pythonpath.ps1'
[42.663s] [34mcolcon.colcon_core.shell[0m [1;30mINFO[0m Creating environment descriptor '/home/cadt-02/Documents/can_test_usb/ros2_can/install/movement/share/movement/hook/pythonpath.dsv'
[42.664s] [34mcolcon.colcon_core.shell[0m [1;30mINFO[0m Creating environment hook '/home/cadt-02/Documents/can_test_usb/ros2_can/install/movement/share/movement/hook/pythonpath.sh'
[42.665s] [34mcolcon.colcon_core.environment[0m [1;30mLevel 1[0m checking '/home/cadt-02/Documents/can_test_usb/ros2_can/install/movement/bin'
[42.665s] [34mcolcon.colcon_core.environment[0m [1;30mLevel 1[0m create_environment_scripts_only(movement)
[42.968s] [34mcolcon.colcon_core.shell[0m [1;30mINFO[0m Creating package script '/home/cadt-02/Documents/can_test_usb/ros2_can/install/movement/share/movement/package.ps1'
[42.970s] [34mcolcon.colcon_core.shell[0m [1;30mINFO[0m Creating package descriptor '/home/cadt-02/Documents/can_test_usb/ros2_can/install/movement/share/movement/package.dsv'
[42.971s] [34mcolcon.colcon_core.shell[0m [1;30mINFO[0m Creating package script '/home/cadt-02/Documents/can_test_usb/ros2_can/install/movement/share/movement/package.sh'
[42.971s] [34mcolcon.colcon_core.shell[0m [1;30mINFO[0m Creating package script '/home/cadt-02/Documents/can_test_usb/ros2_can/install/movement/share/movement/package.bash'
[42.972s] [34mcolcon.colcon_core.shell[0m [1;30mINFO[0m Creating package script '/home/cadt-02/Documents/can_test_usb/ros2_can/install/movement/share/movement/package.zsh'
[42.973s] [34mcolcon.colcon_core.environment[0m [1;30mLevel 1[0m create_file_with_runtime_dependencies(/home/cadt-02/Documents/can_test_usb/ros2_can/install/movement/share/colcon-core/packages/movement)
[42.974s] [34mcolcon.colcon_core.shell[0m [1;30mLevel 1[0m create_environment_hook('keyboard_publisher', 'pythonpath_develop')
[42.978s] [34mcolcon.colcon_core.event_handler.log_command[0m [1;30mDEBUG[0m [32mInvoked command in '/home/cadt-02/Documents/can_test_usb/ros2_can/build/keyboard_publisher' returned '0': NX_CONNECTION=172.23.33.204 59150 172.23.34.34 4000 PYTHONPATH=/home/cadt-02/Documents/can_test_usb/ros2_can/build/keyboard_publisher/prefix_override:/home/cadt-02/Documents/can_test_usb/ros2_can/install/keyboard_publisher/lib/python3.8/site-packages:${PYTHONPATH} /usr/bin/python3 setup.py develop --editable --build-directory /home/cadt-02/Documents/can_test_usb/ros2_can/build/keyboard_publisher/build --no-deps install_data[0m
[43.283s] [34mcolcon.colcon_core.shell[0m [1;30mINFO[0m Creating environment hook '/home/cadt-02/Documents/can_test_usb/ros2_can/build/keyboard_publisher/share/keyboard_publisher/hook/pythonpath_develop.ps1'
[43.284s] [34mcolcon.colcon_core.shell[0m [1;30mINFO[0m Creating environment descriptor '/home/cadt-02/Documents/can_test_usb/ros2_can/build/keyboard_publisher/share/keyboard_publisher/hook/pythonpath_develop.dsv'
[43.285s] [34mcolcon.colcon_core.shell[0m [1;30mINFO[0m Creating environment hook '/home/cadt-02/Documents/can_test_usb/ros2_can/build/keyboard_publisher/share/keyboard_publisher/hook/pythonpath_develop.sh'
[43.584s] [34mcolcon.colcon_core.environment[0m [1;30mLevel 1[0m checking '/home/cadt-02/Documents/can_test_usb/ros2_can/install/keyboard_publisher' for CMake module files
[43.585s] [34mcolcon.colcon_core.environment[0m [1;30mLevel 1[0m checking '/home/cadt-02/Documents/can_test_usb/ros2_can/install/keyboard_publisher' for CMake config files
[43.586s] [34mcolcon.colcon_core.environment[0m [1;30mLevel 1[0m checking '/home/cadt-02/Documents/can_test_usb/ros2_can/install/keyboard_publisher/lib'
[43.586s] [34mcolcon.colcon_core.environment[0m [1;30mLevel 1[0m checking '/home/cadt-02/Documents/can_test_usb/ros2_can/install/keyboard_publisher/bin'
[43.587s] [34mcolcon.colcon_core.environment[0m [1;30mLevel 1[0m checking '/home/cadt-02/Documents/can_test_usb/ros2_can/install/keyboard_publisher/lib/pkgconfig/keyboard_publisher.pc'
[43.587s] [34mcolcon.colcon_core.environment[0m [1;30mLevel 1[0m checking '/home/cadt-02/Documents/can_test_usb/ros2_can/install/keyboard_publisher/lib/python3.8/site-packages'
[43.587s] [34mcolcon.colcon_core.shell[0m [1;30mLevel 1[0m create_environment_hook('keyboard_publisher', 'pythonpath')
[43.927s] [34mcolcon.colcon_core.shell[0m [1;30mINFO[0m Creating environment hook '/home/cadt-02/Documents/can_test_usb/ros2_can/install/keyboard_publisher/share/keyboard_publisher/hook/pythonpath.ps1'
[43.928s] [34mcolcon.colcon_core.shell[0m [1;30mINFO[0m Creating environment descriptor '/home/cadt-02/Documents/can_test_usb/ros2_can/install/keyboard_publisher/share/keyboard_publisher/hook/pythonpath.dsv'
[43.929s] [34mcolcon.colcon_core.shell[0m [1;30mINFO[0m Creating environment hook '/home/cadt-02/Documents/can_test_usb/ros2_can/install/keyboard_publisher/share/keyboard_publisher/hook/pythonpath.sh'
[43.930s] [34mcolcon.colcon_core.environment[0m [1;30mLevel 1[0m checking '/home/cadt-02/Documents/can_test_usb/ros2_can/install/keyboard_publisher/bin'
[43.930s] [34mcolcon.colcon_core.environment[0m [1;30mLevel 1[0m create_environment_scripts_only(keyboard_publisher)
[44.225s] [34mcolcon.colcon_core.shell[0m [1;30mINFO[0m Creating package script '/home/cadt-02/Documents/can_test_usb/ros2_can/install/keyboard_publisher/share/keyboard_publisher/package.ps1'
[44.227s] [34mcolcon.colcon_core.shell[0m [1;30mINFO[0m Creating package descriptor '/home/cadt-02/Documents/can_test_usb/ros2_can/install/keyboard_publisher/share/keyboard_publisher/package.dsv'
[44.230s] [34mcolcon.colcon_core.shell[0m [1;30mINFO[0m Creating package script '/home/cadt-02/Documents/can_test_usb/ros2_can/install/keyboard_publisher/share/keyboard_publisher/package.sh'
[44.231s] [34mcolcon.colcon_core.shell[0m [1;30mINFO[0m Creating package script '/home/cadt-02/Documents/can_test_usb/ros2_can/install/keyboard_publisher/share/keyboard_publisher/package.bash'
[44.232s] [34mcolcon.colcon_core.shell[0m [1;30mINFO[0m Creating package script '/home/cadt-02/Documents/can_test_usb/ros2_can/install/keyboard_publisher/share/keyboard_publisher/package.zsh'
[44.234s] [34mcolcon.colcon_core.environment[0m [1;30mLevel 1[0m create_file_with_runtime_dependencies(/home/cadt-02/Documents/can_test_usb/ros2_can/install/keyboard_publisher/share/colcon-core/packages/keyboard_publisher)
[44.238s] [34mcolcon.colcon_core.shell[0m [1;30mLevel 1[0m create_environment_hook('keyboard_listener', 'pythonpath_develop')
[44.243s] [34mcolcon.colcon_core.event_handler.log_command[0m [1;30mDEBUG[0m [32mInvoked command in '/home/cadt-02/Documents/can_test_usb/ros2_can/build/keyboard_listener' returned '0': NX_CONNECTION=172.23.33.204 59150 172.23.34.34 4000 PYTHONPATH=/home/cadt-02/Documents/can_test_usb/ros2_can/build/keyboard_listener/prefix_override:/home/cadt-02/Documents/can_test_usb/ros2_can/install/keyboard_listener/lib/python3.8/site-packages:${PYTHONPATH} /usr/bin/python3 setup.py develop --editable --build-directory /home/cadt-02/Documents/can_test_usb/ros2_can/build/keyboard_listener/build --no-deps install_data[0m
[44.558s] [34mcolcon.colcon_core.shell[0m [1;30mINFO[0m Creating environment hook '/home/cadt-02/Documents/can_test_usb/ros2_can/build/keyboard_listener/share/keyboard_listener/hook/pythonpath_develop.ps1'
[44.559s] [34mcolcon.colcon_core.shell[0m [1;30mINFO[0m Creating environment descriptor '/home/cadt-02/Documents/can_test_usb/ros2_can/build/keyboard_listener/share/keyboard_listener/hook/pythonpath_develop.dsv'
[44.560s] [34mcolcon.colcon_core.shell[0m [1;30mINFO[0m Creating environment hook '/home/cadt-02/Documents/can_test_usb/ros2_can/build/keyboard_listener/share/keyboard_listener/hook/pythonpath_develop.sh'
[44.852s] [34mcolcon.colcon_core.environment[0m [1;30mLevel 1[0m checking '/home/cadt-02/Documents/can_test_usb/ros2_can/install/keyboard_listener' for CMake module files
[44.853s] [34mcolcon.colcon_core.environment[0m [1;30mLevel 1[0m checking '/home/cadt-02/Documents/can_test_usb/ros2_can/install/keyboard_listener' for CMake config files
[44.854s] [34mcolcon.colcon_core.environment[0m [1;30mLevel 1[0m checking '/home/cadt-02/Documents/can_test_usb/ros2_can/install/keyboard_listener/lib'
[44.854s] [34mcolcon.colcon_core.environment[0m [1;30mLevel 1[0m checking '/home/cadt-02/Documents/can_test_usb/ros2_can/install/keyboard_listener/bin'
[44.854s] [34mcolcon.colcon_core.environment[0m [1;30mLevel 1[0m checking '/home/cadt-02/Documents/can_test_usb/ros2_can/install/keyboard_listener/lib/pkgconfig/keyboard_listener.pc'
[44.855s] [34mcolcon.colcon_core.environment[0m [1;30mLevel 1[0m checking '/home/cadt-02/Documents/can_test_usb/ros2_can/install/keyboard_listener/lib/python3.8/site-packages'
[44.855s] [34mcolcon.colcon_core.shell[0m [1;30mLevel 1[0m create_environment_hook('keyboard_listener', 'pythonpath')
[45.144s] [34mcolcon.colcon_core.shell[0m [1;30mINFO[0m Creating environment hook '/home/cadt-02/Documents/can_test_usb/ros2_can/install/keyboard_listener/share/keyboard_listener/hook/pythonpath.ps1'
[45.145s] [34mcolcon.colcon_core.shell[0m [1;30mINFO[0m Creating environment descriptor '/home/cadt-02/Documents/can_test_usb/ros2_can/install/keyboard_listener/share/keyboard_listener/hook/pythonpath.dsv'
[45.146s] [34mcolcon.colcon_core.shell[0m [1;30mINFO[0m Creating environment hook '/home/cadt-02/Documents/can_test_usb/ros2_can/install/keyboard_listener/share/keyboard_listener/hook/pythonpath.sh'
[45.147s] [34mcolcon.colcon_core.environment[0m [1;30mLevel 1[0m checking '/home/cadt-02/Documents/can_test_usb/ros2_can/install/keyboard_listener/bin'
[45.147s] [34mcolcon.colcon_core.environment[0m [1;30mLevel 1[0m create_environment_scripts_only(keyboard_listener)
[45.440s] [34mcolcon.colcon_core.shell[0m [1;30mINFO[0m Creating package script '/home/cadt-02/Documents/can_test_usb/ros2_can/install/keyboard_listener/share/keyboard_listener/package.ps1'
[45.441s] [34mcolcon.colcon_core.shell[0m [1;30mINFO[0m Creating package descriptor '/home/cadt-02/Documents/can_test_usb/ros2_can/install/keyboard_listener/share/keyboard_listener/package.dsv'
[45.442s] [34mcolcon.colcon_core.shell[0m [1;30mINFO[0m Creating package script '/home/cadt-02/Documents/can_test_usb/ros2_can/install/keyboard_listener/share/keyboard_listener/package.sh'
[45.443s] [34mcolcon.colcon_core.shell[0m [1;30mINFO[0m Creating package script '/home/cadt-02/Documents/can_test_usb/ros2_can/install/keyboard_listener/share/keyboard_listener/package.bash'
[45.444s] [34mcolcon.colcon_core.shell[0m [1;30mINFO[0m Creating package script '/home/cadt-02/Documents/can_test_usb/ros2_can/install/keyboard_listener/share/keyboard_listener/package.zsh'
[45.445s] [34mcolcon.colcon_core.environment[0m [1;30mLevel 1[0m create_file_with_runtime_dependencies(/home/cadt-02/Documents/can_test_usb/ros2_can/install/keyboard_listener/share/colcon-core/packages/keyboard_listener)
[45.445s] [34mcolcon.colcon_parallel_executor.executor.parallel[0m [1;30mDEBUG[0m [32mclosing loop[0m
[45.446s] [34mcolcon.colcon_parallel_executor.executor.parallel[0m [1;30mDEBUG[0m [32mloop closed[0m
[45.448s] [34mcolcon.colcon_parallel_executor.executor.parallel[0m [1;30mDEBUG[0m [32mrun_until_complete finished with '0'[0m
[45.449s] [34mcolcon.colcon_core.event_reactor[0m [1;30mDEBUG[0m [32mjoining thread[0m
[45.767s] [34mcolcon.colcon_core.plugin_system[0m [1;30mINFO[0m Skipping extension 'colcon_notification.desktop_notification.terminal_notifier': Not used on non-Darwin systems
[45.767s] [34mcolcon.colcon_core.plugin_system[0m [1;30mINFO[0m Skipping extension 'colcon_notification.desktop_notification.win32': Not used on non-Windows systems
[45.767s] [34mcolcon.colcon_notification.desktop_notification[0m [1;30mINFO[0m Sending desktop notification using 'notify2'
[45.807s] [34mcolcon.colcon_core.event_reactor[0m [1;30mDEBUG[0m [32mjoined thread[0m
[46.115s] [34mcolcon.colcon_core.shell[0m [1;30mINFO[0m Creating prefix script '/home/cadt-02/Documents/can_test_usb/ros2_can/install/local_setup.ps1'
[46.117s] [34mcolcon.colcon_core.shell[0m [1;30mINFO[0m Creating prefix util module '/home/cadt-02/Documents/can_test_usb/ros2_can/install/_local_setup_util_ps1.py'
[46.120s] [34mcolcon.colcon_core.shell[0m [1;30mINFO[0m Creating prefix chain script '/home/cadt-02/Documents/can_test_usb/ros2_can/install/setup.ps1'
[46.416s] [34mcolcon.colcon_core.shell[0m [1;30mINFO[0m Creating prefix script '/home/cadt-02/Documents/can_test_usb/ros2_can/install/local_setup.sh'
[46.418s] [34mcolcon.colcon_core.shell[0m [1;30mINFO[0m Creating prefix util module '/home/cadt-02/Documents/can_test_usb/ros2_can/install/_local_setup_util_sh.py'
[46.419s] [34mcolcon.colcon_core.shell[0m [1;30mINFO[0m Creating prefix chain script '/home/cadt-02/Documents/can_test_usb/ros2_can/install/setup.sh'
[46.718s] [34mcolcon.colcon_core.shell[0m [1;30mINFO[0m Creating prefix script '/home/cadt-02/Documents/can_test_usb/ros2_can/install/local_setup.bash'
[46.720s] [34mcolcon.colcon_core.shell[0m [1;30mINFO[0m Creating prefix chain script '/home/cadt-02/Documents/can_test_usb/ros2_can/install/setup.bash'
[47.014s] [34mcolcon.colcon_core.shell[0m [1;30mINFO[0m Creating prefix script '/home/cadt-02/Documents/can_test_usb/ros2_can/install/local_setup.zsh'
[47.015s] [34mcolcon.colcon_core.shell[0m [1;30mINFO[0m Creating prefix chain script '/home/cadt-02/Documents/can_test_usb/ros2_can/install/setup.zsh'
