/home/cadt-02/.local/lib/python3.8/site-packages/setuptools/dist.py:476: SetuptoolsDeprecationWarning: Invalid dash-separated options
!!

        ********************************************************************************
        Usage of dash-separated 'script-dir' will not be supported in future
        versions. Please use the underscore name 'script_dir' instead.

        By 2024-Sep-26, you need to update your project and remove deprecated calls
        or your builds will no longer be supported.

        See https://setuptools.pypa.io/en/latest/userguide/declarative_config.html for details.
        ********************************************************************************

!!
  opt = self.warn_dash_deprecation(opt, section)
running develop
/home/cadt-02/.local/lib/python3.8/site-packages/setuptools/command/develop.py:42: EasyInstallDeprecationWarning: easy_install command is deprecated.
!!

        ********************************************************************************
        Please avoid running ``setup.py`` and ``easy_install``.
        Instead, use pypa/build, pypa/installer or other
        standards-based tools.

        See https://github.com/pypa/setuptools/issues/917 for details.
        ********************************************************************************

!!
  easy_install.initialize_options(self)
/home/cadt-02/.local/lib/python3.8/site-packages/setuptools/_distutils/cmd.py:66: SetuptoolsDeprecationWarning: setup.py install is deprecated.
!!

        ********************************************************************************
        Please avoid running ``setup.py`` directly.
        Instead, use pypa/build, pypa/installer or other
        standards-based tools.

        See https://blog.ganssle.io/articles/2021/10/setup-py-deprecated.html for details.
        ********************************************************************************

!!
  self.initialize_options()
Removing /home/cadt-02/Documents/can_test_usb/ros2_can/install/keyboard_publisher/lib/python3.8/site-packages/keyboard-publisher.egg-link (link to .)
/home/cadt-02/.local/lib/python3.8/site-packages/setuptools/dist.py:476: SetuptoolsDeprecationWarning: Invalid dash-separated options
!!

        ********************************************************************************
        Usage of dash-separated 'script-dir' will not be supported in future
        versions. Please use the underscore name 'script_dir' instead.

        By 2024-Sep-26, you need to update your project and remove deprecated calls
        or your builds will no longer be supported.

        See https://setuptools.pypa.io/en/latest/userguide/declarative_config.html for details.
        ********************************************************************************

!!
  opt = self.warn_dash_deprecation(opt, section)
running egg_info
writing ../../build/keyboard_publisher/keyboard_publisher.egg-info/PKG-INFO
writing dependency_links to ../../build/keyboard_publisher/keyboard_publisher.egg-info/dependency_links.txt
writing entry points to ../../build/keyboard_publisher/keyboard_publisher.egg-info/entry_points.txt
writing requirements to ../../build/keyboard_publisher/keyboard_publisher.egg-info/requires.txt
writing top-level names to ../../build/keyboard_publisher/keyboard_publisher.egg-info/top_level.txt
reading manifest file '../../build/keyboard_publisher/keyboard_publisher.egg-info/SOURCES.txt'
writing manifest file '../../build/keyboard_publisher/keyboard_publisher.egg-info/SOURCES.txt'
running build
running build_py
copying keyboard_publisher/__init__.py -> /home/cadt-02/Documents/can_test_usb/ros2_can/build/keyboard_publisher/build/lib/keyboard_publisher
copying keyboard_publisher/keyboard_publisher.py -> /home/cadt-02/Documents/can_test_usb/ros2_can/build/keyboard_publisher/build/lib/keyboard_publisher
running install
/home/cadt-02/.local/lib/python3.8/site-packages/setuptools/_distutils/cmd.py:66: SetuptoolsDeprecationWarning: setup.py install is deprecated.
!!

        ********************************************************************************
        Please avoid running ``setup.py`` directly.
        Instead, use pypa/build, pypa/installer or other
        standards-based tools.

        See https://blog.ganssle.io/articles/2021/10/setup-py-deprecated.html for details.
        ********************************************************************************

!!
  self.initialize_options()
running install_lib
creating /home/cadt-02/Documents/can_test_usb/ros2_can/install/keyboard_publisher/lib/python3.8/site-packages/keyboard_publisher
copying /home/cadt-02/Documents/can_test_usb/ros2_can/build/keyboard_publisher/build/lib/keyboard_publisher/__init__.py -> /home/cadt-02/Documents/can_test_usb/ros2_can/install/keyboard_publisher/lib/python3.8/site-packages/keyboard_publisher
copying /home/cadt-02/Documents/can_test_usb/ros2_can/build/keyboard_publisher/build/lib/keyboard_publisher/keyboard_publisher.py -> /home/cadt-02/Documents/can_test_usb/ros2_can/install/keyboard_publisher/lib/python3.8/site-packages/keyboard_publisher
byte-compiling /home/cadt-02/Documents/can_test_usb/ros2_can/install/keyboard_publisher/lib/python3.8/site-packages/keyboard_publisher/__init__.py to __init__.cpython-38.pyc
byte-compiling /home/cadt-02/Documents/can_test_usb/ros2_can/install/keyboard_publisher/lib/python3.8/site-packages/keyboard_publisher/keyboard_publisher.py to keyboard_publisher.cpython-38.pyc
running install_data
copying resource/keyboard_publisher -> /home/cadt-02/Documents/can_test_usb/ros2_can/install/keyboard_publisher/share/ament_index/resource_index/packages
copying package.xml -> /home/cadt-02/Documents/can_test_usb/ros2_can/install/keyboard_publisher/share/keyboard_publisher
running install_egg_info
Copying ../../build/keyboard_publisher/keyboard_publisher.egg-info to /home/cadt-02/Documents/can_test_usb/ros2_can/install/keyboard_publisher/lib/python3.8/site-packages/keyboard_publisher-0.0.0-py3.8.egg-info
running install_scripts
Installing keyboard_publisher script to /home/cadt-02/Documents/can_test_usb/ros2_can/install/keyboard_publisher/lib/keyboard_publisher
writing list of installed files to '/home/cadt-02/Documents/can_test_usb/ros2_can/build/keyboard_publisher/install.log'
