[45.880s] Invoking command in '/home/cadt-02/Documents/can_test_usb/ros2_can/build/keyboard_listener': PYTHONPATH=/home/cadt-02/Documents/can_test_usb/ros2_can/build/keyboard_listener/prefix_override:/home/cadt-02/Documents/can_test_usb/ros2_can/install/keyboard_listener/lib/python3.8/site-packages:${PYTHONPATH} /usr/bin/python3 setup.py develop --editable --build-directory /home/cadt-02/Documents/can_test_usb/ros2_can/build/keyboard_listener/build --no-deps install_data
[45.892s] running develop
[45.892s] /home/cadt-02/.local/lib/python3.8/site-packages/setuptools/command/develop.py:42: EasyInstallDeprecationWarning: easy_install command is deprecated.
[45.892s] !!
[45.892s] 
[45.893s]         ********************************************************************************
[45.893s]         Please avoid running ``setup.py`` and ``easy_install``.
[45.893s]         Instead, use pypa/build, pypa/installer or other
[45.893s]         standards-based tools.
[45.893s] 
[45.893s]         See https://github.com/pypa/setuptools/issues/917 for details.
[45.893s]         ********************************************************************************
[45.893s] 
[45.894s] !!
[45.894s]   easy_install.initialize_options(self)
[45.900s] /home/cadt-02/.local/lib/python3.8/site-packages/setuptools/_distutils/cmd.py:66: SetuptoolsDeprecationWarning: setup.py install is deprecated.
[45.901s] !!
[45.901s] 
[45.901s]         ********************************************************************************
[45.901s]         Please avoid running ``setup.py`` directly.
[45.901s]         Instead, use pypa/build, pypa/installer or other
[45.901s]         standards-based tools.
[45.901s] 
[45.901s]         See https://blog.ganssle.io/articles/2021/10/setup-py-deprecated.html for details.
[45.902s]         ********************************************************************************
[45.902s] 
[45.902s] !!
[45.902s]   self.initialize_options()
[45.905s] running egg_info
[45.906s] writing keyboard_listener.egg-info/PKG-INFO
[45.906s] writing dependency_links to keyboard_listener.egg-info/dependency_links.txt
[45.906s] writing entry points to keyboard_listener.egg-info/entry_points.txt
[45.906s] writing requirements to keyboard_listener.egg-info/requires.txt
[45.906s] writing top-level names to keyboard_listener.egg-info/top_level.txt
[45.909s] reading manifest file 'keyboard_listener.egg-info/SOURCES.txt'
[45.909s] writing manifest file 'keyboard_listener.egg-info/SOURCES.txt'
[45.911s] running build_ext
[45.911s] Creating /home/cadt-02/Documents/can_test_usb/ros2_can/install/keyboard_listener/lib/python3.8/site-packages/keyboard-listener.egg-link (link to .)
[45.912s] Installing keyboard_listener script to /home/cadt-02/Documents/can_test_usb/ros2_can/install/keyboard_listener/lib/keyboard_listener
[45.912s] 
[45.912s] Installed /home/cadt-02/Documents/can_test_usb/ros2_can/build/keyboard_listener
[45.913s] running install_data
[45.913s] copying resource/keyboard_listener -> /home/cadt-02/Documents/can_test_usb/ros2_can/install/keyboard_listener/share/ament_index/resource_index/packages
[45.913s] copying package.xml -> /home/cadt-02/Documents/can_test_usb/ros2_can/install/keyboard_listener/share/keyboard_listener
[45.919s] Invoked command in '/home/cadt-02/Documents/can_test_usb/ros2_can/build/keyboard_listener' returned '0': PYTHONPATH=/home/cadt-02/Documents/can_test_usb/ros2_can/build/keyboard_listener/prefix_override:/home/cadt-02/Documents/can_test_usb/ros2_can/install/keyboard_listener/lib/python3.8/site-packages:${PYTHONPATH} /usr/bin/python3 setup.py develop --editable --build-directory /home/cadt-02/Documents/can_test_usb/ros2_can/build/keyboard_listener/build --no-deps install_data
