[10.315s] Invoking command in '/home/cadt-02/Documents/can_test_usb/ros2_can/build/ros_imu': NX_CONNECTION=172.23.32.175 45142 172.23.34.34 4000 PYTHONPATH=/home/cadt-02/Documents/can_test_usb/ros2_can/build/ros_imu/prefix_override:/home/cadt-02/Documents/can_test_usb/ros2_can/install/ros_imu/lib/python3.8/site-packages:${PYTHONPATH} /usr/bin/python3 setup.py develop --editable --build-directory /home/cadt-02/Documents/can_test_usb/ros2_can/build/ros_imu/build --no-deps install_data
[10.659s] /home/cadt-02/.local/lib/python3.8/site-packages/setuptools/dist.py:476: SetuptoolsDeprecationWarning: Invalid dash-separated options
[10.659s] !!
[10.659s] 
[10.660s]         ********************************************************************************
[10.660s]         Usage of dash-separated 'script-dir' will not be supported in future
[10.660s]         versions. Please use the underscore name 'script_dir' instead.
[10.660s] 
[10.660s]         By 2024-Sep-26, you need to update your project and remove deprecated calls
[10.660s]         or your builds will no longer be supported.
[10.660s] 
[10.660s]         See https://setuptools.pypa.io/en/latest/userguide/declarative_config.html for details.
[10.661s]         ********************************************************************************
[10.661s] 
[10.661s] !!
[10.661s]   opt = self.warn_dash_deprecation(opt, section)
[11.182s] running develop
[11.182s] /home/cadt-02/.local/lib/python3.8/site-packages/setuptools/command/develop.py:42: EasyInstallDeprecationWarning: easy_install command is deprecated.
[11.182s] !!
[11.183s] 
[11.183s]         ********************************************************************************
[11.183s]         Please avoid running ``setup.py`` and ``easy_install``.
[11.183s]         Instead, use pypa/build, pypa/installer or other
[11.183s]         standards-based tools.
[11.183s] 
[11.183s]         See https://github.com/pypa/setuptools/issues/917 for details.
[11.183s]         ********************************************************************************
[11.184s] 
[11.184s] !!
[11.184s]   easy_install.initialize_options(self)
[11.275s] /home/cadt-02/.local/lib/python3.8/site-packages/setuptools/_distutils/cmd.py:66: SetuptoolsDeprecationWarning: setup.py install is deprecated.
[11.275s] !!
[11.275s] 
[11.275s]         ********************************************************************************
[11.276s]         Please avoid running ``setup.py`` directly.
[11.276s]         Instead, use pypa/build, pypa/installer or other
[11.276s]         standards-based tools.
[11.276s] 
[11.276s]         See https://blog.ganssle.io/articles/2021/10/setup-py-deprecated.html for details.
[11.276s]         ********************************************************************************
[11.276s] 
[11.277s] !!
[11.277s]   self.initialize_options()
[11.772s] running egg_info
[11.816s] writing ros_imu.egg-info/PKG-INFO
[11.820s] writing dependency_links to ros_imu.egg-info/dependency_links.txt
[11.821s] writing entry points to ros_imu.egg-info/entry_points.txt
[11.822s] writing requirements to ros_imu.egg-info/requires.txt
[11.823s] writing top-level names to ros_imu.egg-info/top_level.txt
[11.918s] reading manifest file 'ros_imu.egg-info/SOURCES.txt'
[11.920s] writing manifest file 'ros_imu.egg-info/SOURCES.txt'
[12.078s] running build_ext
[12.079s] Creating /home/cadt-02/Documents/can_test_usb/ros2_can/install/ros_imu/lib/python3.8/site-packages/ros-imu.egg-link (link to .)
[12.081s] Installing ros_imu script to /home/cadt-02/Documents/can_test_usb/ros2_can/install/ros_imu/lib/ros_imu
[12.082s] 
[12.082s] Installed /home/cadt-02/Documents/can_test_usb/ros2_can/build/ros_imu
[12.083s] running install_data
[12.083s] copying resource/ros_imu -> /home/cadt-02/Documents/can_test_usb/ros2_can/install/ros_imu/share/ament_index/resource_index/packages
[12.083s] copying package.xml -> /home/cadt-02/Documents/can_test_usb/ros2_can/install/ros_imu/share/ros_imu
[12.204s] Invoked command in '/home/cadt-02/Documents/can_test_usb/ros2_can/build/ros_imu' returned '0': NX_CONNECTION=172.23.32.175 45142 172.23.34.34 4000 PYTHONPATH=/home/cadt-02/Documents/can_test_usb/ros2_can/build/ros_imu/prefix_override:/home/cadt-02/Documents/can_test_usb/ros2_can/install/ros_imu/lib/python3.8/site-packages:${PYTHONPATH} /usr/bin/python3 setup.py develop --editable --build-directory /home/cadt-02/Documents/can_test_usb/ros2_can/build/ros_imu/build --no-deps install_data
