running develop
Removing /home/cadt-02/Documents/can_test_usb/ros2_can/install/auto_r2/lib/python3.8/site-packages/auto-r2.egg-link (link to .)
running egg_info
writing ../../build/auto_r2/auto_r2.egg-info/PKG-INFO
writing dependency_links to ../../build/auto_r2/auto_r2.egg-info/dependency_links.txt
writing entry points to ../../build/auto_r2/auto_r2.egg-info/entry_points.txt
writing requirements to ../../build/auto_r2/auto_r2.egg-info/requires.txt
writing top-level names to ../../build/auto_r2/auto_r2.egg-info/top_level.txt
reading manifest file '../../build/auto_r2/auto_r2.egg-info/SOURCES.txt'
writing manifest file '../../build/auto_r2/auto_r2.egg-info/SOURCES.txt'
running build
running build_py
copying auto_r2/__init__.py -> /home/cadt-02/Documents/can_test_usb/ros2_can/build/auto_r2/build/lib/auto_r2
copying auto_r2/movement_control.py -> /home/cadt-02/Documents/can_test_usb/ros2_can/build/auto_r2/build/lib/auto_r2
running install
running install_lib
creating /home/cadt-02/Documents/can_test_usb/ros2_can/install/auto_r2/lib/python3.8/site-packages/auto_r2
copying /home/cadt-02/Documents/can_test_usb/ros2_can/build/auto_r2/build/lib/auto_r2/__init__.py -> /home/cadt-02/Documents/can_test_usb/ros2_can/install/auto_r2/lib/python3.8/site-packages/auto_r2
copying /home/cadt-02/Documents/can_test_usb/ros2_can/build/auto_r2/build/lib/auto_r2/movement_control.py -> /home/cadt-02/Documents/can_test_usb/ros2_can/install/auto_r2/lib/python3.8/site-packages/auto_r2
byte-compiling /home/cadt-02/Documents/can_test_usb/ros2_can/install/auto_r2/lib/python3.8/site-packages/auto_r2/__init__.py to __init__.cpython-38.pyc
byte-compiling /home/cadt-02/Documents/can_test_usb/ros2_can/install/auto_r2/lib/python3.8/site-packages/auto_r2/movement_control.py to movement_control.cpython-38.pyc
running install_data
copying resource/auto_r2 -> /home/cadt-02/Documents/can_test_usb/ros2_can/install/auto_r2/share/ament_index/resource_index/packages
copying package.xml -> /home/cadt-02/Documents/can_test_usb/ros2_can/install/auto_r2/share/auto_r2
running install_egg_info
Copying ../../build/auto_r2/auto_r2.egg-info to /home/cadt-02/Documents/can_test_usb/ros2_can/install/auto_r2/lib/python3.8/site-packages/auto_r2-0.0.0-py3.8.egg-info
running install_scripts
Installing auto_r2 script to /home/cadt-02/Documents/can_test_usb/ros2_can/install/auto_r2/lib/auto_r2
writing list of installed files to '/home/cadt-02/Documents/can_test_usb/ros2_can/build/auto_r2/install.log'
