[14.952s] Invoking command in '/home/cadt-02/Documents/can_test_usb/ros2_can/build/auto_r2': NX_CONNECTION=172.23.33.111 57595 172.23.34.34 4000 PYTHONPATH=/home/cadt-02/Documents/can_test_usb/ros2_can/build/auto_r2/prefix_override:/home/cadt-02/Documents/can_test_usb/ros2_can/install/auto_r2/lib/python3.8/site-packages:${PYTHONPATH} /usr/bin/python3 setup.py develop --uninstall --editable --build-directory /home/cadt-02/Documents/can_test_usb/ros2_can/build/auto_r2/build
[15.332s] /home/cadt-02/.local/lib/python3.8/site-packages/setuptools/dist.py:476: SetuptoolsDeprecationWarning: Invalid dash-separated options
[15.332s] !!
[15.332s] 
[15.333s]         ********************************************************************************
[15.333s]         Usage of dash-separated 'script-dir' will not be supported in future
[15.333s]         versions. Please use the underscore name 'script_dir' instead.
[15.333s] 
[15.333s]         By 2024-Sep-26, you need to update your project and remove deprecated calls
[15.333s]         or your builds will no longer be supported.
[15.333s] 
[15.334s]         See https://setuptools.pypa.io/en/latest/userguide/declarative_config.html for details.
[15.334s]         ********************************************************************************
[15.334s] 
[15.334s] !!
[15.334s]   opt = self.warn_dash_deprecation(opt, section)
[15.857s] running develop
[15.857s] /home/cadt-02/.local/lib/python3.8/site-packages/setuptools/command/develop.py:42: EasyInstallDeprecationWarning: easy_install command is deprecated.
[15.857s] !!
[15.858s] 
[15.858s]         ********************************************************************************
[15.858s]         Please avoid running ``setup.py`` and ``easy_install``.
[15.858s]         Instead, use pypa/build, pypa/installer or other
[15.858s]         standards-based tools.
[15.858s] 
[15.858s]         See https://github.com/pypa/setuptools/issues/917 for details.
[15.859s]         ********************************************************************************
[15.859s] 
[15.859s] !!
[15.859s]   easy_install.initialize_options(self)
[15.977s] /home/cadt-02/.local/lib/python3.8/site-packages/setuptools/_distutils/cmd.py:66: SetuptoolsDeprecationWarning: setup.py install is deprecated.
[15.977s] !!
[15.977s] 
[15.977s]         ********************************************************************************
[15.978s]         Please avoid running ``setup.py`` directly.
[15.978s]         Instead, use pypa/build, pypa/installer or other
[15.978s]         standards-based tools.
[15.978s] 
[15.978s]         See https://blog.ganssle.io/articles/2021/10/setup-py-deprecated.html for details.
[15.978s]         ********************************************************************************
[15.978s] 
[15.979s] !!
[15.979s]   self.initialize_options()
[16.542s] Removing /home/cadt-02/Documents/can_test_usb/ros2_can/install/auto_r2/lib/python3.8/site-packages/auto-r2.egg-link (link to .)
[17.615s] Invoked command in '/home/cadt-02/Documents/can_test_usb/ros2_can/build/auto_r2' returned '0': NX_CONNECTION=172.23.33.111 57595 172.23.34.34 4000 PYTHONPATH=/home/cadt-02/Documents/can_test_usb/ros2_can/build/auto_r2/prefix_override:/home/cadt-02/Documents/can_test_usb/ros2_can/install/auto_r2/lib/python3.8/site-packages:${PYTHONPATH} /usr/bin/python3 setup.py develop --uninstall --editable --build-directory /home/cadt-02/Documents/can_test_usb/ros2_can/build/auto_r2/build
[17.623s] Invoking command in '/home/cadt-02/Documents/can_test_usb/ros2_can/src/auto_r2': NX_CONNECTION=172.23.33.111 57595 172.23.34.34 4000 PYTHONPATH=/home/cadt-02/Documents/can_test_usb/ros2_can/build/auto_r2/prefix_override:/home/cadt-02/Documents/can_test_usb/ros2_can/install/auto_r2/lib/python3.8/site-packages:${PYTHONPATH} /usr/bin/python3 setup.py egg_info --egg-base ../../build/auto_r2 build --build-base /home/cadt-02/Documents/can_test_usb/ros2_can/build/auto_r2/build install --record /home/cadt-02/Documents/can_test_usb/ros2_can/build/auto_r2/install.log --install-scripts $base/lib/auto_r2 --single-version-externally-managed
[17.995s] /home/cadt-02/.local/lib/python3.8/site-packages/setuptools/dist.py:476: SetuptoolsDeprecationWarning: Invalid dash-separated options
[17.995s] !!
[17.995s] 
[17.995s]         ********************************************************************************
[17.996s]         Usage of dash-separated 'script-dir' will not be supported in future
[17.996s]         versions. Please use the underscore name 'script_dir' instead.
[17.996s] 
[17.996s]         By 2024-Sep-26, you need to update your project and remove deprecated calls
[17.997s]         or your builds will no longer be supported.
[17.997s] 
[17.997s]         See https://setuptools.pypa.io/en/latest/userguide/declarative_config.html for details.
[17.997s]         ********************************************************************************
[17.997s] 
[17.997s] !!
[17.997s]   opt = self.warn_dash_deprecation(opt, section)
[18.305s] running egg_info
[18.356s] writing ../../build/auto_r2/auto_r2.egg-info/PKG-INFO
[18.359s] writing dependency_links to ../../build/auto_r2/auto_r2.egg-info/dependency_links.txt
[18.361s] writing entry points to ../../build/auto_r2/auto_r2.egg-info/entry_points.txt
[18.362s] writing requirements to ../../build/auto_r2/auto_r2.egg-info/requires.txt
[18.364s] writing top-level names to ../../build/auto_r2/auto_r2.egg-info/top_level.txt
[18.864s] reading manifest file '../../build/auto_r2/auto_r2.egg-info/SOURCES.txt'
[18.866s] writing manifest file '../../build/auto_r2/auto_r2.egg-info/SOURCES.txt'
[18.871s] running build
[18.871s] running build_py
[18.871s] copying auto_r2/__init__.py -> /home/cadt-02/Documents/can_test_usb/ros2_can/build/auto_r2/build/lib/auto_r2
[18.871s] copying auto_r2/movement_control.py -> /home/cadt-02/Documents/can_test_usb/ros2_can/build/auto_r2/build/lib/auto_r2
[18.871s] running install
[18.871s] /home/cadt-02/.local/lib/python3.8/site-packages/setuptools/_distutils/cmd.py:66: SetuptoolsDeprecationWarning: setup.py install is deprecated.
[18.872s] !!
[18.872s] 
[18.872s]         ********************************************************************************
[18.872s]         Please avoid running ``setup.py`` directly.
[18.876s]         Instead, use pypa/build, pypa/installer or other
[18.876s]         standards-based tools.
[18.876s] 
[18.876s]         See https://blog.ganssle.io/articles/2021/10/setup-py-deprecated.html for details.
[18.877s]         ********************************************************************************
[18.877s] 
[18.877s] !!
[18.877s]   self.initialize_options()
[18.883s] running install_lib
[18.935s] creating /home/cadt-02/Documents/can_test_usb/ros2_can/install/auto_r2/lib/python3.8/site-packages/auto_r2
[18.935s] copying /home/cadt-02/Documents/can_test_usb/ros2_can/build/auto_r2/build/lib/auto_r2/__init__.py -> /home/cadt-02/Documents/can_test_usb/ros2_can/install/auto_r2/lib/python3.8/site-packages/auto_r2
[18.936s] copying /home/cadt-02/Documents/can_test_usb/ros2_can/build/auto_r2/build/lib/auto_r2/movement_control.py -> /home/cadt-02/Documents/can_test_usb/ros2_can/install/auto_r2/lib/python3.8/site-packages/auto_r2
[18.936s] byte-compiling /home/cadt-02/Documents/can_test_usb/ros2_can/install/auto_r2/lib/python3.8/site-packages/auto_r2/__init__.py to __init__.cpython-38.pyc
[18.936s] byte-compiling /home/cadt-02/Documents/can_test_usb/ros2_can/install/auto_r2/lib/python3.8/site-packages/auto_r2/movement_control.py to movement_control.cpython-38.pyc
[18.936s] running install_data
[18.994s] copying resource/auto_r2 -> /home/cadt-02/Documents/can_test_usb/ros2_can/install/auto_r2/share/ament_index/resource_index/packages
[18.995s] copying package.xml -> /home/cadt-02/Documents/can_test_usb/ros2_can/install/auto_r2/share/auto_r2
[18.995s] running install_egg_info
[19.036s] Copying ../../build/auto_r2/auto_r2.egg-info to /home/cadt-02/Documents/can_test_usb/ros2_can/install/auto_r2/lib/python3.8/site-packages/auto_r2-0.0.0-py3.8.egg-info
[19.039s] running install_scripts
[19.162s] Installing auto_r2 script to /home/cadt-02/Documents/can_test_usb/ros2_can/install/auto_r2/lib/auto_r2
[19.164s] writing list of installed files to '/home/cadt-02/Documents/can_test_usb/ros2_can/build/auto_r2/install.log'
[21.382s] Invoked command in '/home/cadt-02/Documents/can_test_usb/ros2_can/src/auto_r2' returned '0': NX_CONNECTION=172.23.33.111 57595 172.23.34.34 4000 PYTHONPATH=/home/cadt-02/Documents/can_test_usb/ros2_can/build/auto_r2/prefix_override:/home/cadt-02/Documents/can_test_usb/ros2_can/install/auto_r2/lib/python3.8/site-packages:${PYTHONPATH} /usr/bin/python3 setup.py egg_info --egg-base ../../build/auto_r2 build --build-base /home/cadt-02/Documents/can_test_usb/ros2_can/build/auto_r2/build install --record /home/cadt-02/Documents/can_test_usb/ros2_can/build/auto_r2/install.log --install-scripts $base/lib/auto_r2 --single-version-externally-managed
