[12.901s] Invoking command in '/home/cadt-02/Documents/can_test_usb/ros2_can/build/odometry_cont': PYTHONPATH=/home/cadt-02/Documents/can_test_usb/ros2_can/build/odometry_cont/prefix_override:/home/cadt-02/Documents/can_test_usb/ros2_can/install/odometry_cont/lib/python3.8/site-packages:${PYTHONPATH} /usr/bin/python3 setup.py develop --editable --build-directory /home/cadt-02/Documents/can_test_usb/ros2_can/build/odometry_cont/build --no-deps install_data
[13.233s] /home/cadt-02/.local/lib/python3.8/site-packages/setuptools/dist.py:476: SetuptoolsDeprecationWarning: Invalid dash-separated options
[13.234s] !!
[13.234s] 
[13.234s]         ********************************************************************************
[13.234s]         Usage of dash-separated 'script-dir' will not be supported in future
[13.234s]         versions. Please use the underscore name 'script_dir' instead.
[13.234s] 
[13.234s]         By 2024-Sep-26, you need to update your project and remove deprecated calls
[13.235s]         or your builds will no longer be supported.
[13.235s] 
[13.235s]         See https://setuptools.pypa.io/en/latest/userguide/declarative_config.html for details.
[13.235s]         ********************************************************************************
[13.235s] 
[13.235s] !!
[13.235s]   opt = self.warn_dash_deprecation(opt, section)
[13.719s] running develop
[13.720s] /home/cadt-02/.local/lib/python3.8/site-packages/setuptools/command/develop.py:42: EasyInstallDeprecationWarning: easy_install command is deprecated.
[13.720s] !!
[13.721s] 
[13.721s]         ********************************************************************************
[13.722s]         Please avoid running ``setup.py`` and ``easy_install``.
[13.722s]         Instead, use pypa/build, pypa/installer or other
[13.723s]         standards-based tools.
[13.724s] 
[13.725s]         See https://github.com/pypa/setuptools/issues/917 for details.
[13.726s]         ********************************************************************************
[13.726s] 
[13.726s] !!
[13.727s]   easy_install.initialize_options(self)
[13.805s] /home/cadt-02/.local/lib/python3.8/site-packages/setuptools/_distutils/cmd.py:66: SetuptoolsDeprecationWarning: setup.py install is deprecated.
[13.805s] !!
[13.806s] 
[13.806s]         ********************************************************************************
[13.807s]         Please avoid running ``setup.py`` directly.
[13.807s]         Instead, use pypa/build, pypa/installer or other
[13.808s]         standards-based tools.
[13.809s] 
[13.810s]         See https://blog.ganssle.io/articles/2021/10/setup-py-deprecated.html for details.
[13.810s]         ********************************************************************************
[13.811s] 
[13.811s] !!
[13.812s]   self.initialize_options()
[14.258s] running egg_info
[14.299s] writing odometry_cont.egg-info/PKG-INFO
[14.300s] writing dependency_links to odometry_cont.egg-info/dependency_links.txt
[14.301s] writing entry points to odometry_cont.egg-info/entry_points.txt
[14.302s] writing requirements to odometry_cont.egg-info/requires.txt
[14.302s] writing top-level names to odometry_cont.egg-info/top_level.txt
[14.392s] reading manifest file 'odometry_cont.egg-info/SOURCES.txt'
[14.393s] writing manifest file 'odometry_cont.egg-info/SOURCES.txt'
[14.545s] running build_ext
[14.546s] Creating /home/cadt-02/Documents/can_test_usb/ros2_can/install/odometry_cont/lib/python3.8/site-packages/odometry-cont.egg-link (link to .)
[14.548s] Installing odometry_cont script to /home/cadt-02/Documents/can_test_usb/ros2_can/install/odometry_cont/lib/odometry_cont
[14.549s] 
[14.549s] Installed /home/cadt-02/Documents/can_test_usb/ros2_can/build/odometry_cont
[14.550s] running install_data
[14.550s] copying resource/odometry_cont -> /home/cadt-02/Documents/can_test_usb/ros2_can/install/odometry_cont/share/ament_index/resource_index/packages
[14.551s] copying package.xml -> /home/cadt-02/Documents/can_test_usb/ros2_can/install/odometry_cont/share/odometry_cont
[14.651s] Invoked command in '/home/cadt-02/Documents/can_test_usb/ros2_can/build/odometry_cont' returned '0': PYTHONPATH=/home/cadt-02/Documents/can_test_usb/ros2_can/build/odometry_cont/prefix_override:/home/cadt-02/Documents/can_test_usb/ros2_can/install/odometry_cont/lib/python3.8/site-packages:${PYTHONPATH} /usr/bin/python3 setup.py develop --editable --build-directory /home/cadt-02/Documents/can_test_usb/ros2_can/build/odometry_cont/build --no-deps install_data
