[18.276s] Invoking command in '/home/cadt-02/Documents/can_test_usb/ros2_can/build/keyboard_listener': PYTHONPATH=/home/cadt-02/Documents/can_test_usb/ros2_can/build/keyboard_listener/prefix_override:/home/cadt-02/Documents/can_test_usb/ros2_can/install/keyboard_listener/lib/python3.8/site-packages:${PYTHONPATH} /usr/bin/python3 setup.py develop --editable --build-directory /home/cadt-02/Documents/can_test_usb/ros2_can/build/keyboard_listener/build --no-deps install_data
[19.603s] running develop
[19.605s] /home/cadt-02/.local/lib/python3.8/site-packages/setuptools/command/develop.py:42: EasyInstallDeprecationWarning: easy_install command is deprecated.
[19.606s] !!
[19.608s] 
[19.608s]         ********************************************************************************
[19.608s]         Please avoid running ``setup.py`` and ``easy_install``.
[19.608s]         Instead, use pypa/build, pypa/installer or other
[19.609s]         standards-based tools.
[19.609s] 
[19.609s]         See https://github.com/pypa/setuptools/issues/917 for details.
[19.609s]         ********************************************************************************
[19.609s] 
[19.609s] !!
[19.609s]   easy_install.initialize_options(self)
[19.702s] /home/cadt-02/.local/lib/python3.8/site-packages/setuptools/_distutils/cmd.py:66: SetuptoolsDeprecationWarning: setup.py install is deprecated.
[19.703s] !!
[19.703s] 
[19.703s]         ********************************************************************************
[19.703s]         Please avoid running ``setup.py`` directly.
[19.703s]         Instead, use pypa/build, pypa/installer or other
[19.704s]         standards-based tools.
[19.707s] 
[19.707s]         See https://blog.ganssle.io/articles/2021/10/setup-py-deprecated.html for details.
[19.707s]         ********************************************************************************
[19.707s] 
[19.707s] !!
[19.708s]   self.initialize_options()
[20.312s] running egg_info
[20.365s] writing keyboard_listener.egg-info/PKG-INFO
[20.365s] writing dependency_links to keyboard_listener.egg-info/dependency_links.txt
[20.366s] writing entry points to keyboard_listener.egg-info/entry_points.txt
[20.366s] writing requirements to keyboard_listener.egg-info/requires.txt
[20.370s] writing top-level names to keyboard_listener.egg-info/top_level.txt
[20.491s] reading manifest file 'keyboard_listener.egg-info/SOURCES.txt'
[20.494s] writing manifest file 'keyboard_listener.egg-info/SOURCES.txt'
[20.742s] running build_ext
[20.742s] Creating /home/cadt-02/Documents/can_test_usb/ros2_can/install/keyboard_listener/lib/python3.8/site-packages/keyboard-listener.egg-link (link to .)
[20.744s] Installing keyboard_listener script to /home/cadt-02/Documents/can_test_usb/ros2_can/install/keyboard_listener/lib/keyboard_listener
[20.746s] 
[20.747s] Installed /home/cadt-02/Documents/can_test_usb/ros2_can/build/keyboard_listener
[20.747s] running install_data
[20.749s] copying resource/keyboard_listener -> /home/cadt-02/Documents/can_test_usb/ros2_can/install/keyboard_listener/share/ament_index/resource_index/packages
[20.756s] copying package.xml -> /home/cadt-02/Documents/can_test_usb/ros2_can/install/keyboard_listener/share/keyboard_listener
[26.330s] Invoked command in '/home/cadt-02/Documents/can_test_usb/ros2_can/build/keyboard_listener' returned '0': PYTHONPATH=/home/cadt-02/Documents/can_test_usb/ros2_can/build/keyboard_listener/prefix_override:/home/cadt-02/Documents/can_test_usb/ros2_can/install/keyboard_listener/lib/python3.8/site-packages:${PYTHONPATH} /usr/bin/python3 setup.py develop --editable --build-directory /home/cadt-02/Documents/can_test_usb/ros2_can/build/keyboard_listener/build --no-deps install_data
