[12.352s] Invoking command in '/home/cadt-02/Documents/can_test_usb/ros2_can/build/my_robot': PYTHONPATH=/home/cadt-02/Documents/can_test_usb/ros2_can/build/my_robot/prefix_override:/home/cadt-02/Documents/can_test_usb/ros2_can/install/my_robot/lib/python3.8/site-packages:${PYTHONPATH} /usr/bin/python3 setup.py develop --editable --build-directory /home/cadt-02/Documents/can_test_usb/ros2_can/build/my_robot/build --no-deps install_data
[12.730s] /home/cadt-02/.local/lib/python3.8/site-packages/setuptools/dist.py:476: SetuptoolsDeprecationWarning: Invalid dash-separated options
[12.737s] !!
[12.738s] 
[12.738s]         ********************************************************************************
[12.738s]         Usage of dash-separated 'script-dir' will not be supported in future
[12.738s]         versions. Please use the underscore name 'script_dir' instead.
[12.738s] 
[12.739s]         By 2024-Sep-26, you need to update your project and remove deprecated calls
[12.739s]         or your builds will no longer be supported.
[12.739s] 
[12.739s]         See https://setuptools.pypa.io/en/latest/userguide/declarative_config.html for details.
[12.739s]         ********************************************************************************
[12.739s] 
[12.739s] !!
[12.740s]   opt = self.warn_dash_deprecation(opt, section)
[13.249s] running develop
[13.249s] /home/cadt-02/.local/lib/python3.8/site-packages/setuptools/command/develop.py:42: EasyInstallDeprecationWarning: easy_install command is deprecated.
[13.249s] !!
[13.249s] 
[13.249s]         ********************************************************************************
[13.249s]         Please avoid running ``setup.py`` and ``easy_install``.
[13.250s]         Instead, use pypa/build, pypa/installer or other
[13.250s]         standards-based tools.
[13.250s] 
[13.250s]         See https://github.com/pypa/setuptools/issues/917 for details.
[13.250s]         ********************************************************************************
[13.250s] 
[13.250s] !!
[13.250s]   easy_install.initialize_options(self)
[13.337s] /home/cadt-02/.local/lib/python3.8/site-packages/setuptools/_distutils/cmd.py:66: SetuptoolsDeprecationWarning: setup.py install is deprecated.
[13.337s] !!
[13.337s] 
[13.337s]         ********************************************************************************
[13.337s]         Please avoid running ``setup.py`` directly.
[13.337s]         Instead, use pypa/build, pypa/installer or other
[13.337s]         standards-based tools.
[13.338s] 
[13.338s]         See https://blog.ganssle.io/articles/2021/10/setup-py-deprecated.html for details.
[13.338s]         ********************************************************************************
[13.338s] 
[13.338s] !!
[13.338s]   self.initialize_options()
[13.912s] running egg_info
[13.957s] writing my_robot.egg-info/PKG-INFO
[13.958s] writing dependency_links to my_robot.egg-info/dependency_links.txt
[13.959s] writing entry points to my_robot.egg-info/entry_points.txt
[13.959s] writing requirements to my_robot.egg-info/requires.txt
[13.960s] writing top-level names to my_robot.egg-info/top_level.txt
[14.054s] reading manifest file 'my_robot.egg-info/SOURCES.txt'
[14.057s] writing manifest file 'my_robot.egg-info/SOURCES.txt'
[14.226s] running build_ext
[14.226s] Creating /home/cadt-02/Documents/can_test_usb/ros2_can/install/my_robot/lib/python3.8/site-packages/my-robot.egg-link (link to .)
[14.229s] Installing my_robot script to /home/cadt-02/Documents/can_test_usb/ros2_can/install/my_robot/lib/my_robot
[14.229s] 
[14.230s] Installed /home/cadt-02/Documents/can_test_usb/ros2_can/build/my_robot
[14.230s] running install_data
[14.230s] copying resource/my_robot -> /home/cadt-02/Documents/can_test_usb/ros2_can/install/my_robot/share/ament_index/resource_index/packages
[14.230s] copying package.xml -> /home/cadt-02/Documents/can_test_usb/ros2_can/install/my_robot/share/my_robot
[18.482s] Invoked command in '/home/cadt-02/Documents/can_test_usb/ros2_can/build/my_robot' returned '0': PYTHONPATH=/home/cadt-02/Documents/can_test_usb/ros2_can/build/my_robot/prefix_override:/home/cadt-02/Documents/can_test_usb/ros2_can/install/my_robot/lib/python3.8/site-packages:${PYTHONPATH} /usr/bin/python3 setup.py develop --editable --build-directory /home/cadt-02/Documents/can_test_usb/ros2_can/build/my_robot/build --no-deps install_data
