[15.343s] Invoking command in '/home/cadt-02/Documents/can_test_usb/ros2_can/build/movement': PYTHONPATH=/home/cadt-02/Documents/can_test_usb/ros2_can/build/movement/prefix_override:/home/cadt-02/Documents/can_test_usb/ros2_can/install/movement/lib/python3.8/site-packages:${PYTHONPATH} /usr/bin/python3 setup.py develop --editable --build-directory /home/cadt-02/Documents/can_test_usb/ros2_can/build/movement/build --no-deps install_data
[16.249s] running develop
[16.249s] /home/cadt-02/.local/lib/python3.8/site-packages/setuptools/command/develop.py:42: EasyInstallDeprecationWarning: easy_install command is deprecated.
[16.249s] !!
[16.250s] 
[16.250s]         ********************************************************************************
[16.250s]         Please avoid running ``setup.py`` and ``easy_install``.
[16.250s]         Instead, use pypa/build, pypa/installer or other
[16.250s]         standards-based tools.
[16.250s] 
[16.251s]         See https://github.com/pypa/setuptools/issues/917 for details.
[16.251s]         ********************************************************************************
[16.251s] 
[16.251s] !!
[16.251s]   easy_install.initialize_options(self)
[16.342s] /home/cadt-02/.local/lib/python3.8/site-packages/setuptools/_distutils/cmd.py:66: SetuptoolsDeprecationWarning: setup.py install is deprecated.
[16.342s] !!
[16.342s] 
[16.342s]         ********************************************************************************
[16.342s]         Please avoid running ``setup.py`` directly.
[16.342s]         Instead, use pypa/build, pypa/installer or other
[16.343s]         standards-based tools.
[16.343s] 
[16.343s]         See https://blog.ganssle.io/articles/2021/10/setup-py-deprecated.html for details.
[16.343s]         ********************************************************************************
[16.343s] 
[16.343s] !!
[16.343s]   self.initialize_options()
[16.863s] running egg_info
[16.908s] writing movement.egg-info/PKG-INFO
[16.910s] writing dependency_links to movement.egg-info/dependency_links.txt
[16.910s] writing entry points to movement.egg-info/entry_points.txt
[16.910s] writing requirements to movement.egg-info/requires.txt
[16.911s] writing top-level names to movement.egg-info/top_level.txt
[17.009s] reading manifest file 'movement.egg-info/SOURCES.txt'
[17.011s] writing manifest file 'movement.egg-info/SOURCES.txt'
[17.183s] running build_ext
[17.184s] Creating /home/cadt-02/Documents/can_test_usb/ros2_can/install/movement/lib/python3.8/site-packages/movement.egg-link (link to .)
[17.184s] Installing movement script to /home/cadt-02/Documents/can_test_usb/ros2_can/install/movement/lib/movement
[17.185s] 
[17.185s] Installed /home/cadt-02/Documents/can_test_usb/ros2_can/build/movement
[17.185s] running install_data
[17.185s] copying resource/movement -> /home/cadt-02/Documents/can_test_usb/ros2_can/install/movement/share/ament_index/resource_index/packages
[17.185s] copying package.xml -> /home/cadt-02/Documents/can_test_usb/ros2_can/install/movement/share/movement
[20.201s] Invoked command in '/home/cadt-02/Documents/can_test_usb/ros2_can/build/movement' returned '0': PYTHONPATH=/home/cadt-02/Documents/can_test_usb/ros2_can/build/movement/prefix_override:/home/cadt-02/Documents/can_test_usb/ros2_can/install/movement/lib/python3.8/site-packages:${PYTHONPATH} /usr/bin/python3 setup.py develop --editable --build-directory /home/cadt-02/Documents/can_test_usb/ros2_can/build/movement/build --no-deps install_data
