running develop
running egg_info
writing movement.egg-info/PKG-INFO
writing dependency_links to movement.egg-info/dependency_links.txt
writing entry points to movement.egg-info/entry_points.txt
writing requirements to movement.egg-info/requires.txt
writing top-level names to movement.egg-info/top_level.txt
reading manifest file 'movement.egg-info/SOURCES.txt'
writing manifest file 'movement.egg-info/SOURCES.txt'
/home/cadt-02/.local/lib/python3.8/site-packages/setuptools/command/develop.py:42: EasyInstallDeprecationWarning: easy_install command is deprecated.
!!

        ********************************************************************************
        Please avoid running ``setup.py`` and ``easy_install``.
        Instead, use pypa/build, pypa/installer or other
        standards-based tools.

        See https://github.com/pypa/setuptools/issues/917 for details.
        ********************************************************************************

!!
  easy_install.initialize_options(self)
/home/cadt-02/.local/lib/python3.8/site-packages/setuptools/_distutils/cmd.py:66: SetuptoolsDeprecationWarning: setup.py install is deprecated.
!!

        ********************************************************************************
        Please avoid running ``setup.py`` directly.
        Instead, use pypa/build, pypa/installer or other
        standards-based tools.

        See https://blog.ganssle.io/articles/2021/10/setup-py-deprecated.html for details.
        ********************************************************************************

!!
  self.initialize_options()
running build_ext
Creating /home/cadt-02/Documents/can_test_usb/ros2_can/install/movement/lib/python3.8/site-packages/movement.egg-link (link to .)
Installing movement script to /home/cadt-02/Documents/can_test_usb/ros2_can/install/movement/lib/movement

Installed /home/cadt-02/Documents/can_test_usb/ros2_can/build/movement
running install_data
copying resource/movement -> /home/cadt-02/Documents/can_test_usb/ros2_can/install/movement/share/ament_index/resource_index/packages
copying package.xml -> /home/cadt-02/Documents/can_test_usb/ros2_can/install/movement/share/movement
