[15.488s] Invoking command in '/home/cadt-02/Documents/can_test_usb/ros2_can/build/movement': PYTHONPATH=/home/cadt-02/Documents/can_test_usb/ros2_can/build/movement/prefix_override:/home/cadt-02/Documents/can_test_usb/ros2_can/install/movement/lib/python3.8/site-packages:${PYTHONPATH} /usr/bin/python3 setup.py develop --editable --build-directory /home/cadt-02/Documents/can_test_usb/ros2_can/build/movement/build --no-deps install_data
[17.107s] running develop
[17.107s] running egg_info
[17.107s] writing movement.egg-info/PKG-INFO
[17.107s] writing dependency_links to movement.egg-info/dependency_links.txt
[17.107s] writing entry points to movement.egg-info/entry_points.txt
[17.108s] writing requirements to movement.egg-info/requires.txt
[17.108s] writing top-level names to movement.egg-info/top_level.txt
[17.108s] reading manifest file 'movement.egg-info/SOURCES.txt'
[17.108s] writing manifest file 'movement.egg-info/SOURCES.txt'
[17.114s] /home/cadt-02/.local/lib/python3.8/site-packages/setuptools/command/develop.py:42: EasyInstallDeprecationWarning: easy_install command is deprecated.
[17.114s] !!
[17.114s] 
[17.114s]         ********************************************************************************
[17.114s]         Please avoid running ``setup.py`` and ``easy_install``.
[17.115s]         Instead, use pypa/build, pypa/installer or other
[17.115s]         standards-based tools.
[17.115s] 
[17.115s]         See https://github.com/pypa/setuptools/issues/917 for details.
[17.115s]         ********************************************************************************
[17.115s] 
[17.115s] !!
[17.116s]   easy_install.initialize_options(self)
[17.116s] /home/cadt-02/.local/lib/python3.8/site-packages/setuptools/_distutils/cmd.py:66: SetuptoolsDeprecationWarning: setup.py install is deprecated.
[17.116s] !!
[17.116s] 
[17.116s]         ********************************************************************************
[17.116s]         Please avoid running ``setup.py`` directly.
[17.116s]         Instead, use pypa/build, pypa/installer or other
[17.116s]         standards-based tools.
[17.117s] 
[17.117s]         See https://blog.ganssle.io/articles/2021/10/setup-py-deprecated.html for details.
[17.117s]         ********************************************************************************
[17.117s] 
[17.117s] !!
[17.117s]   self.initialize_options()
[17.245s] running build_ext
[17.245s] Creating /home/cadt-02/Documents/can_test_usb/ros2_can/install/movement/lib/python3.8/site-packages/movement.egg-link (link to .)
[17.247s] Installing movement script to /home/cadt-02/Documents/can_test_usb/ros2_can/install/movement/lib/movement
[17.249s] 
[17.249s] Installed /home/cadt-02/Documents/can_test_usb/ros2_can/build/movement
[17.250s] running install_data
[17.250s] copying resource/movement -> /home/cadt-02/Documents/can_test_usb/ros2_can/install/movement/share/ament_index/resource_index/packages
[17.250s] copying package.xml -> /home/cadt-02/Documents/can_test_usb/ros2_can/install/movement/share/movement
[24.530s] Invoked command in '/home/cadt-02/Documents/can_test_usb/ros2_can/build/movement' returned '0': PYTHONPATH=/home/cadt-02/Documents/can_test_usb/ros2_can/build/movement/prefix_override:/home/cadt-02/Documents/can_test_usb/ros2_can/install/movement/lib/python3.8/site-packages:${PYTHONPATH} /usr/bin/python3 setup.py develop --editable --build-directory /home/cadt-02/Documents/can_test_usb/ros2_can/build/movement/build --no-deps install_data
