[16.966s] Invoking command in '/home/cadt-02/Documents/can_test_usb/ros2_can/build/keyboard_listener': PYTHONPATH=/home/cadt-02/Documents/can_test_usb/ros2_can/build/keyboard_listener/prefix_override:/home/cadt-02/Documents/can_test_usb/ros2_can/install/keyboard_listener/lib/python3.8/site-packages:${PYTHONPATH} /usr/bin/python3 setup.py develop --editable --build-directory /home/cadt-02/Documents/can_test_usb/ros2_can/build/keyboard_listener/build --no-deps install_data
[18.249s] running develop
[18.249s] /home/cadt-02/.local/lib/python3.8/site-packages/setuptools/command/develop.py:42: EasyInstallDeprecationWarning: easy_install command is deprecated.
[18.249s] !!
[18.249s] 
[18.250s]         ********************************************************************************
[18.250s]         Please avoid running ``setup.py`` and ``easy_install``.
[18.250s]         Instead, use pypa/build, pypa/installer or other
[18.250s]         standards-based tools.
[18.250s] 
[18.250s]         See https://github.com/pypa/setuptools/issues/917 for details.
[18.250s]         ********************************************************************************
[18.251s] 
[18.251s] !!
[18.251s]   easy_install.initialize_options(self)
[18.452s] /home/cadt-02/.local/lib/python3.8/site-packages/setuptools/_distutils/cmd.py:66: SetuptoolsDeprecationWarning: setup.py install is deprecated.
[18.455s] !!
[18.457s] 
[18.460s]         ********************************************************************************
[18.462s]         Please avoid running ``setup.py`` directly.
[18.462s]         Instead, use pypa/build, pypa/installer or other
[18.462s]         standards-based tools.
[18.462s] 
[18.463s]         See https://blog.ganssle.io/articles/2021/10/setup-py-deprecated.html for details.
[18.463s]         ********************************************************************************
[18.463s] 
[18.463s] !!
[18.463s]   self.initialize_options()
[19.008s] running egg_info
[19.099s] writing keyboard_listener.egg-info/PKG-INFO
[19.127s] writing dependency_links to keyboard_listener.egg-info/dependency_links.txt
[19.127s] writing entry points to keyboard_listener.egg-info/entry_points.txt
[19.127s] writing requirements to keyboard_listener.egg-info/requires.txt
[19.127s] writing top-level names to keyboard_listener.egg-info/top_level.txt
[19.312s] reading manifest file 'keyboard_listener.egg-info/SOURCES.txt'
[19.314s] writing manifest file 'keyboard_listener.egg-info/SOURCES.txt'
[19.533s] running build_ext
[19.535s] Creating /home/cadt-02/Documents/can_test_usb/ros2_can/install/keyboard_listener/lib/python3.8/site-packages/keyboard-listener.egg-link (link to .)
[19.535s] Installing keyboard_listener script to /home/cadt-02/Documents/can_test_usb/ros2_can/install/keyboard_listener/lib/keyboard_listener
[19.536s] 
[19.536s] Installed /home/cadt-02/Documents/can_test_usb/ros2_can/build/keyboard_listener
[19.536s] running install_data
[19.537s] copying resource/keyboard_listener -> /home/cadt-02/Documents/can_test_usb/ros2_can/install/keyboard_listener/share/ament_index/resource_index/packages
[19.541s] copying package.xml -> /home/cadt-02/Documents/can_test_usb/ros2_can/install/keyboard_listener/share/keyboard_listener
[26.389s] Invoked command in '/home/cadt-02/Documents/can_test_usb/ros2_can/build/keyboard_listener' returned '0': PYTHONPATH=/home/cadt-02/Documents/can_test_usb/ros2_can/build/keyboard_listener/prefix_override:/home/cadt-02/Documents/can_test_usb/ros2_can/install/keyboard_listener/lib/python3.8/site-packages:${PYTHONPATH} /usr/bin/python3 setup.py develop --editable --build-directory /home/cadt-02/Documents/can_test_usb/ros2_can/build/keyboard_listener/build --no-deps install_data
