[12.984s] Invoking command in '/home/cadt-02/Documents/can_test_usb/ros2_can/build/ros_imu': PYTHONPATH=/home/cadt-02/Documents/can_test_usb/ros2_can/build/ros_imu/prefix_override:/home/cadt-02/Documents/can_test_usb/ros2_can/install/ros_imu/lib/python3.8/site-packages:${PYTHONPATH} /usr/bin/python3 setup.py develop --editable --build-directory /home/cadt-02/Documents/can_test_usb/ros2_can/build/ros_imu/build --no-deps install_data
[13.294s] /home/cadt-02/.local/lib/python3.8/site-packages/setuptools/dist.py:476: SetuptoolsDeprecationWarning: Invalid dash-separated options
[13.294s] !!
[13.295s] 
[13.295s]         ********************************************************************************
[13.295s]         Usage of dash-separated 'script-dir' will not be supported in future
[13.295s]         versions. Please use the underscore name 'script_dir' instead.
[13.295s] 
[13.295s]         By 2024-Sep-26, you need to update your project and remove deprecated calls
[13.295s]         or your builds will no longer be supported.
[13.295s] 
[13.296s]         See https://setuptools.pypa.io/en/latest/userguide/declarative_config.html for details.
[13.296s]         ********************************************************************************
[13.296s] 
[13.296s] !!
[13.296s]   opt = self.warn_dash_deprecation(opt, section)
[13.760s] running develop
[13.760s] /home/cadt-02/.local/lib/python3.8/site-packages/setuptools/command/develop.py:42: EasyInstallDeprecationWarning: easy_install command is deprecated.
[13.760s] !!
[13.760s] 
[13.761s]         ********************************************************************************
[13.761s]         Please avoid running ``setup.py`` and ``easy_install``.
[13.761s]         Instead, use pypa/build, pypa/installer or other
[13.761s]         standards-based tools.
[13.761s] 
[13.761s]         See https://github.com/pypa/setuptools/issues/917 for details.
[13.761s]         ********************************************************************************
[13.761s] 
[13.762s] !!
[13.762s]   easy_install.initialize_options(self)
[13.844s] /home/cadt-02/.local/lib/python3.8/site-packages/setuptools/_distutils/cmd.py:66: SetuptoolsDeprecationWarning: setup.py install is deprecated.
[13.844s] !!
[13.844s] 
[13.844s]         ********************************************************************************
[13.845s]         Please avoid running ``setup.py`` directly.
[13.845s]         Instead, use pypa/build, pypa/installer or other
[13.845s]         standards-based tools.
[13.845s] 
[13.845s]         See https://blog.ganssle.io/articles/2021/10/setup-py-deprecated.html for details.
[13.845s]         ********************************************************************************
[13.845s] 
[13.845s] !!
[13.846s]   self.initialize_options()
[14.278s] running egg_info
[14.319s] writing ros_imu.egg-info/PKG-INFO
[14.321s] writing dependency_links to ros_imu.egg-info/dependency_links.txt
[14.321s] writing entry points to ros_imu.egg-info/entry_points.txt
[14.322s] writing requirements to ros_imu.egg-info/requires.txt
[14.322s] writing top-level names to ros_imu.egg-info/top_level.txt
[14.410s] reading manifest file 'ros_imu.egg-info/SOURCES.txt'
[14.412s] writing manifest file 'ros_imu.egg-info/SOURCES.txt'
[14.559s] running build_ext
[14.559s] Creating /home/cadt-02/Documents/can_test_usb/ros2_can/install/ros_imu/lib/python3.8/site-packages/ros-imu.egg-link (link to .)
[14.561s] Installing ros_imu script to /home/cadt-02/Documents/can_test_usb/ros2_can/install/ros_imu/lib/ros_imu
[14.562s] 
[14.562s] Installed /home/cadt-02/Documents/can_test_usb/ros2_can/build/ros_imu
[14.562s] running install_data
[14.562s] copying resource/ros_imu -> /home/cadt-02/Documents/can_test_usb/ros2_can/install/ros_imu/share/ament_index/resource_index/packages
[14.563s] copying package.xml -> /home/cadt-02/Documents/can_test_usb/ros2_can/install/ros_imu/share/ros_imu
[14.659s] Invoked command in '/home/cadt-02/Documents/can_test_usb/ros2_can/build/ros_imu' returned '0': PYTHONPATH=/home/cadt-02/Documents/can_test_usb/ros2_can/build/ros_imu/prefix_override:/home/cadt-02/Documents/can_test_usb/ros2_can/install/ros_imu/lib/python3.8/site-packages:${PYTHONPATH} /usr/bin/python3 setup.py develop --editable --build-directory /home/cadt-02/Documents/can_test_usb/ros2_can/build/ros_imu/build --no-deps install_data
