[17.093s] Invoking command in '/home/cadt-02/Documents/can_test_usb/ros2_can/build/keyboard_listener': PYTHONPATH=/home/cadt-02/Documents/can_test_usb/ros2_can/build/keyboard_listener/prefix_override:/home/cadt-02/Documents/can_test_usb/ros2_can/install/keyboard_listener/lib/python3.8/site-packages:${PYTHONPATH} /usr/bin/python3 setup.py develop --editable --build-directory /home/cadt-02/Documents/can_test_usb/ros2_can/build/keyboard_listener/build --no-deps install_data
[18.001s] running develop
[18.002s] /home/cadt-02/.local/lib/python3.8/site-packages/setuptools/command/develop.py:42: EasyInstallDeprecationWarning: easy_install command is deprecated.
[18.003s] !!
[18.003s] 
[18.003s]         ********************************************************************************
[18.003s]         Please avoid running ``setup.py`` and ``easy_install``.
[18.003s]         Instead, use pypa/build, pypa/installer or other
[18.004s]         standards-based tools.
[18.004s] 
[18.004s]         See https://github.com/pypa/setuptools/issues/917 for details.
[18.004s]         ********************************************************************************
[18.004s] 
[18.004s] !!
[18.004s]   easy_install.initialize_options(self)
[18.097s] /home/cadt-02/.local/lib/python3.8/site-packages/setuptools/_distutils/cmd.py:66: SetuptoolsDeprecationWarning: setup.py install is deprecated.
[18.098s] !!
[18.098s] 
[18.098s]         ********************************************************************************
[18.098s]         Please avoid running ``setup.py`` directly.
[18.098s]         Instead, use pypa/build, pypa/installer or other
[18.098s]         standards-based tools.
[18.099s] 
[18.099s]         See https://blog.ganssle.io/articles/2021/10/setup-py-deprecated.html for details.
[18.099s]         ********************************************************************************
[18.099s] 
[18.099s] !!
[18.099s]   self.initialize_options()
[18.581s] running egg_info
[18.681s] writing keyboard_listener.egg-info/PKG-INFO
[18.683s] writing dependency_links to keyboard_listener.egg-info/dependency_links.txt
[18.686s] writing entry points to keyboard_listener.egg-info/entry_points.txt
[18.687s] writing requirements to keyboard_listener.egg-info/requires.txt
[18.687s] writing top-level names to keyboard_listener.egg-info/top_level.txt
[18.815s] reading manifest file 'keyboard_listener.egg-info/SOURCES.txt'
[18.817s] writing manifest file 'keyboard_listener.egg-info/SOURCES.txt'
[19.033s] running build_ext
[19.033s] Creating /home/cadt-02/Documents/can_test_usb/ros2_can/install/keyboard_listener/lib/python3.8/site-packages/keyboard-listener.egg-link (link to .)
[19.034s] Installing keyboard_listener script to /home/cadt-02/Documents/can_test_usb/ros2_can/install/keyboard_listener/lib/keyboard_listener
[19.040s] 
[19.040s] Installed /home/cadt-02/Documents/can_test_usb/ros2_can/build/keyboard_listener
[19.040s] running install_data
[19.040s] copying resource/keyboard_listener -> /home/cadt-02/Documents/can_test_usb/ros2_can/install/keyboard_listener/share/ament_index/resource_index/packages
[19.040s] copying package.xml -> /home/cadt-02/Documents/can_test_usb/ros2_can/install/keyboard_listener/share/keyboard_listener
[22.114s] Invoked command in '/home/cadt-02/Documents/can_test_usb/ros2_can/build/keyboard_listener' returned '0': PYTHONPATH=/home/cadt-02/Documents/can_test_usb/ros2_can/build/keyboard_listener/prefix_override:/home/cadt-02/Documents/can_test_usb/ros2_can/install/keyboard_listener/lib/python3.8/site-packages:${PYTHONPATH} /usr/bin/python3 setup.py develop --editable --build-directory /home/cadt-02/Documents/can_test_usb/ros2_can/build/keyboard_listener/build --no-deps install_data
