[14.241s] Invoking command in '/home/cadt-02/Documents/can_test_usb/ros2_can/build/ros_imu': PYTHONPATH=/home/cadt-02/Documents/can_test_usb/ros2_can/build/ros_imu/prefix_override:/home/cadt-02/Documents/can_test_usb/ros2_can/install/ros_imu/lib/python3.8/site-packages:${PYTHONPATH} /usr/bin/python3 setup.py develop --editable --build-directory /home/cadt-02/Documents/can_test_usb/ros2_can/build/ros_imu/build --no-deps install_data
[14.578s] /home/cadt-02/.local/lib/python3.8/site-packages/setuptools/dist.py:476: SetuptoolsDeprecationWarning: Invalid dash-separated options
[14.578s] !!
[14.579s] 
[14.579s]         ********************************************************************************
[14.580s]         Usage of dash-separated 'script-dir' will not be supported in future
[14.580s]         versions. Please use the underscore name 'script_dir' instead.
[14.581s] 
[14.581s]         By 2024-Sep-26, you need to update your project and remove deprecated calls
[14.582s]         or your builds will no longer be supported.
[14.582s] 
[14.582s]         See https://setuptools.pypa.io/en/latest/userguide/declarative_config.html for details.
[14.583s]         ********************************************************************************
[14.583s] 
[14.584s] !!
[14.584s]   opt = self.warn_dash_deprecation(opt, section)
[15.062s] running develop
[15.062s] /home/cadt-02/.local/lib/python3.8/site-packages/setuptools/command/develop.py:42: EasyInstallDeprecationWarning: easy_install command is deprecated.
[15.062s] !!
[15.063s] 
[15.064s]         ********************************************************************************
[15.064s]         Please avoid running ``setup.py`` and ``easy_install``.
[15.065s]         Instead, use pypa/build, pypa/installer or other
[15.066s]         standards-based tools.
[15.066s] 
[15.068s]         See https://github.com/pypa/setuptools/issues/917 for details.
[15.068s]         ********************************************************************************
[15.069s] 
[15.069s] !!
[15.072s]   easy_install.initialize_options(self)
[15.148s] /home/cadt-02/.local/lib/python3.8/site-packages/setuptools/_distutils/cmd.py:66: SetuptoolsDeprecationWarning: setup.py install is deprecated.
[15.151s] !!
[15.151s] 
[15.152s]         ********************************************************************************
[15.152s]         Please avoid running ``setup.py`` directly.
[15.154s]         Instead, use pypa/build, pypa/installer or other
[15.154s]         standards-based tools.
[15.156s] 
[15.156s]         See https://blog.ganssle.io/articles/2021/10/setup-py-deprecated.html for details.
[15.157s]         ********************************************************************************
[15.157s] 
[15.158s] !!
[15.159s]   self.initialize_options()
[15.599s] running egg_info
[15.640s] writing ros_imu.egg-info/PKG-INFO
[15.642s] writing dependency_links to ros_imu.egg-info/dependency_links.txt
[15.643s] writing entry points to ros_imu.egg-info/entry_points.txt
[15.643s] writing requirements to ros_imu.egg-info/requires.txt
[15.644s] writing top-level names to ros_imu.egg-info/top_level.txt
[15.734s] reading manifest file 'ros_imu.egg-info/SOURCES.txt'
[15.736s] writing manifest file 'ros_imu.egg-info/SOURCES.txt'
[15.885s] running build_ext
[15.885s] Creating /home/cadt-02/Documents/can_test_usb/ros2_can/install/ros_imu/lib/python3.8/site-packages/ros-imu.egg-link (link to .)
[15.887s] Installing ros_imu script to /home/cadt-02/Documents/can_test_usb/ros2_can/install/ros_imu/lib/ros_imu
[15.888s] 
[15.888s] Installed /home/cadt-02/Documents/can_test_usb/ros2_can/build/ros_imu
[15.888s] running install_data
[15.889s] copying resource/ros_imu -> /home/cadt-02/Documents/can_test_usb/ros2_can/install/ros_imu/share/ament_index/resource_index/packages
[15.889s] copying package.xml -> /home/cadt-02/Documents/can_test_usb/ros2_can/install/ros_imu/share/ros_imu
[15.991s] Invoked command in '/home/cadt-02/Documents/can_test_usb/ros2_can/build/ros_imu' returned '0': PYTHONPATH=/home/cadt-02/Documents/can_test_usb/ros2_can/build/ros_imu/prefix_override:/home/cadt-02/Documents/can_test_usb/ros2_can/install/ros_imu/lib/python3.8/site-packages:${PYTHONPATH} /usr/bin/python3 setup.py develop --editable --build-directory /home/cadt-02/Documents/can_test_usb/ros2_can/build/ros_imu/build --no-deps install_data
