[12.167s] Invoking command in '/home/cadt-02/Documents/can_test_usb/ros2_can/build/my_robot': PYTHONPATH=/home/cadt-02/Documents/can_test_usb/ros2_can/build/my_robot/prefix_override:/home/cadt-02/Documents/can_test_usb/ros2_can/install/my_robot/lib/python3.8/site-packages:${PYTHONPATH} /usr/bin/python3 setup.py develop --editable --build-directory /home/cadt-02/Documents/can_test_usb/ros2_can/build/my_robot/build --no-deps install_data
[13.400s] running develop
[13.401s] /home/cadt-02/.local/lib/python3.8/site-packages/setuptools/dist.py:476: SetuptoolsDeprecationWarning: Invalid dash-separated options
[13.401s] !!
[13.402s] 
[13.402s]         ********************************************************************************
[13.402s]         Usage of dash-separated 'script-dir' will not be supported in future
[13.403s]         versions. Please use the underscore name 'script_dir' instead.
[13.403s] 
[13.404s]         By 2024-Sep-26, you need to update your project and remove deprecated calls
[13.404s]         or your builds will no longer be supported.
[13.405s] 
[13.405s]         See https://setuptools.pypa.io/en/latest/userguide/declarative_config.html for details.
[13.405s]         ********************************************************************************
[13.406s] 
[13.406s] !!
[13.407s]   opt = self.warn_dash_deprecation(opt, section)
[13.407s] /home/cadt-02/.local/lib/python3.8/site-packages/setuptools/command/develop.py:42: EasyInstallDeprecationWarning: easy_install command is deprecated.
[13.408s] !!
[13.408s] 
[13.409s]         ********************************************************************************
[13.409s]         Please avoid running ``setup.py`` and ``easy_install``.
[13.410s]         Instead, use pypa/build, pypa/installer or other
[13.410s]         standards-based tools.
[13.411s] 
[13.411s]         See https://github.com/pypa/setuptools/issues/917 for details.
[13.412s]         ********************************************************************************
[13.412s] 
[13.413s] !!
[13.413s]   easy_install.initialize_options(self)
[13.414s] /home/cadt-02/.local/lib/python3.8/site-packages/setuptools/_distutils/cmd.py:66: SetuptoolsDeprecationWarning: setup.py install is deprecated.
[13.414s] !!
[13.416s] 
[13.416s]         ********************************************************************************
[13.416s]         Please avoid running ``setup.py`` directly.
[13.417s]         Instead, use pypa/build, pypa/installer or other
[13.417s]         standards-based tools.
[13.418s] 
[13.418s]         See https://blog.ganssle.io/articles/2021/10/setup-py-deprecated.html for details.
[13.419s]         ********************************************************************************
[13.419s] 
[13.420s] !!
[13.420s]   self.initialize_options()
[13.592s] running egg_info
[13.637s] writing my_robot.egg-info/PKG-INFO
[13.640s] writing dependency_links to my_robot.egg-info/dependency_links.txt
[13.640s] writing entry points to my_robot.egg-info/entry_points.txt
[13.641s] writing requirements to my_robot.egg-info/requires.txt
[13.642s] writing top-level names to my_robot.egg-info/top_level.txt
[13.733s] reading manifest file 'my_robot.egg-info/SOURCES.txt'
[13.737s] writing manifest file 'my_robot.egg-info/SOURCES.txt'
[13.906s] running build_ext
[13.906s] Creating /home/cadt-02/Documents/can_test_usb/ros2_can/install/my_robot/lib/python3.8/site-packages/my-robot.egg-link (link to .)
[13.909s] Installing my_robot script to /home/cadt-02/Documents/can_test_usb/ros2_can/install/my_robot/lib/my_robot
[13.910s] 
[13.911s] Installed /home/cadt-02/Documents/can_test_usb/ros2_can/build/my_robot
[13.911s] running install_data
[13.912s] copying resource/my_robot -> /home/cadt-02/Documents/can_test_usb/ros2_can/install/my_robot/share/ament_index/resource_index/packages
[13.913s] copying package.xml -> /home/cadt-02/Documents/can_test_usb/ros2_can/install/my_robot/share/my_robot
[19.595s] Invoked command in '/home/cadt-02/Documents/can_test_usb/ros2_can/build/my_robot' returned '0': PYTHONPATH=/home/cadt-02/Documents/can_test_usb/ros2_can/build/my_robot/prefix_override:/home/cadt-02/Documents/can_test_usb/ros2_can/install/my_robot/lib/python3.8/site-packages:${PYTHONPATH} /usr/bin/python3 setup.py develop --editable --build-directory /home/cadt-02/Documents/can_test_usb/ros2_can/build/my_robot/build --no-deps install_data
