[13.705s] Invoking command in '/home/cadt-02/Documents/can_test_usb/ros2_can/build/my_package': PYTHONPATH=/home/cadt-02/Documents/can_test_usb/ros2_can/build/my_package/prefix_override:/home/cadt-02/Documents/can_test_usb/ros2_can/install/my_package/lib/python3.8/site-packages:${PYTHONPATH} /usr/bin/python3 setup.py develop --editable --build-directory /home/cadt-02/Documents/can_test_usb/ros2_can/build/my_package/build --no-deps install_data
[14.096s] /home/cadt-02/.local/lib/python3.8/site-packages/setuptools/dist.py:476: SetuptoolsDeprecationWarning: Invalid dash-separated options
[14.096s] !!
[14.097s] 
[14.097s]         ********************************************************************************
[14.097s]         Usage of dash-separated 'build-base' will not be supported in future
[14.097s]         versions. Please use the underscore name 'build_base' instead.
[14.097s] 
[14.097s]         By 2024-Sep-26, you need to update your project and remove deprecated calls
[14.097s]         or your builds will no longer be supported.
[14.098s] 
[14.098s]         See https://setuptools.pypa.io/en/latest/userguide/declarative_config.html for details.
[14.098s]         ********************************************************************************
[14.098s] 
[14.098s] !!
[14.098s]   opt = self.warn_dash_deprecation(opt, section)
[14.638s] running develop
[14.639s] /home/cadt-02/.local/lib/python3.8/site-packages/setuptools/command/develop.py:42: EasyInstallDeprecationWarning: easy_install command is deprecated.
[14.639s] !!
[14.639s] 
[14.640s]         ********************************************************************************
[14.640s]         Please avoid running ``setup.py`` and ``easy_install``.
[14.640s]         Instead, use pypa/build, pypa/installer or other
[14.640s]         standards-based tools.
[14.640s] 
[14.640s]         See https://github.com/pypa/setuptools/issues/917 for details.
[14.640s]         ********************************************************************************
[14.641s] 
[14.641s] !!
[14.641s]   easy_install.initialize_options(self)
[14.734s] /home/cadt-02/.local/lib/python3.8/site-packages/setuptools/_distutils/cmd.py:66: SetuptoolsDeprecationWarning: setup.py install is deprecated.
[14.734s] !!
[14.735s] 
[14.735s]         ********************************************************************************
[14.735s]         Please avoid running ``setup.py`` directly.
[14.735s]         Instead, use pypa/build, pypa/installer or other
[14.735s]         standards-based tools.
[14.735s] 
[14.735s]         See https://blog.ganssle.io/articles/2021/10/setup-py-deprecated.html for details.
[14.736s]         ********************************************************************************
[14.736s] 
[14.736s] !!
[14.736s]   self.initialize_options()
[15.234s] running egg_info
[15.281s] writing my_package.egg-info/PKG-INFO
[15.283s] writing dependency_links to my_package.egg-info/dependency_links.txt
[15.283s] writing entry points to my_package.egg-info/entry_points.txt
[15.284s] writing requirements to my_package.egg-info/requires.txt
[15.284s] writing top-level names to my_package.egg-info/top_level.txt
[15.383s] reading manifest file 'my_package.egg-info/SOURCES.txt'
[15.386s] writing manifest file 'my_package.egg-info/SOURCES.txt'
[15.562s] running build_ext
[15.562s] Creating /home/cadt-02/Documents/can_test_usb/ros2_can/install/my_package/lib/python3.8/site-packages/my-package.egg-link (link to .)
[15.564s] Installing live_detection_node script to /home/cadt-02/Documents/can_test_usb/ros2_can/install/my_package/lib/my_package
[15.564s] Installing main script to /home/cadt-02/Documents/can_test_usb/ros2_can/install/my_package/lib/my_package
[15.564s] Installing my_node script to /home/cadt-02/Documents/can_test_usb/ros2_can/install/my_package/lib/my_package
[15.565s] Installing reinforcement_r2 script to /home/cadt-02/Documents/can_test_usb/ros2_can/install/my_package/lib/my_package
[15.565s] 
[15.565s] Installed /home/cadt-02/Documents/can_test_usb/ros2_can/build/my_package
[15.565s] running install_data
[15.566s] copying resource/my_package -> /home/cadt-02/Documents/can_test_usb/ros2_can/install/my_package/share/ament_index/resource_index/packages
[15.566s] copying package.xml -> /home/cadt-02/Documents/can_test_usb/ros2_can/install/my_package/share/my_package
[22.115s] Invoked command in '/home/cadt-02/Documents/can_test_usb/ros2_can/build/my_package' returned '0': PYTHONPATH=/home/cadt-02/Documents/can_test_usb/ros2_can/build/my_package/prefix_override:/home/cadt-02/Documents/can_test_usb/ros2_can/install/my_package/lib/python3.8/site-packages:${PYTHONPATH} /usr/bin/python3 setup.py develop --editable --build-directory /home/cadt-02/Documents/can_test_usb/ros2_can/build/my_package/build --no-deps install_data
