[13.938s] Invoking command in '/home/cadt-02/Documents/can_test_usb/ros2_can/build/my_package': PYTHONPATH=/home/cadt-02/Documents/can_test_usb/ros2_can/build/my_package/prefix_override:/home/cadt-02/Documents/can_test_usb/ros2_can/install/my_package/lib/python3.8/site-packages:${PYTHONPATH} /usr/bin/python3 setup.py develop --editable --build-directory /home/cadt-02/Documents/can_test_usb/ros2_can/build/my_package/build --no-deps install_data
[14.342s] /home/cadt-02/.local/lib/python3.8/site-packages/setuptools/dist.py:476: SetuptoolsDeprecationWarning: Invalid dash-separated options
[14.343s] !!
[14.343s] 
[14.343s]         ********************************************************************************
[14.343s]         Usage of dash-separated 'build-base' will not be supported in future
[14.343s]         versions. Please use the underscore name 'build_base' instead.
[14.343s] 
[14.344s]         By 2024-Sep-26, you need to update your project and remove deprecated calls
[14.344s]         or your builds will no longer be supported.
[14.344s] 
[14.344s]         See https://setuptools.pypa.io/en/latest/userguide/declarative_config.html for details.
[14.344s]         ********************************************************************************
[14.344s] 
[14.344s] !!
[14.345s]   opt = self.warn_dash_deprecation(opt, section)
[14.894s] running develop
[14.894s] /home/cadt-02/.local/lib/python3.8/site-packages/setuptools/command/develop.py:42: EasyInstallDeprecationWarning: easy_install command is deprecated.
[14.894s] !!
[14.895s] 
[14.895s]         ********************************************************************************
[14.895s]         Please avoid running ``setup.py`` and ``easy_install``.
[14.895s]         Instead, use pypa/build, pypa/installer or other
[14.895s]         standards-based tools.
[14.895s] 
[14.895s]         See https://github.com/pypa/setuptools/issues/917 for details.
[14.896s]         ********************************************************************************
[14.896s] 
[14.896s] !!
[14.896s]   easy_install.initialize_options(self)
[14.990s] /home/cadt-02/.local/lib/python3.8/site-packages/setuptools/_distutils/cmd.py:66: SetuptoolsDeprecationWarning: setup.py install is deprecated.
[14.990s] !!
[14.990s] 
[14.990s]         ********************************************************************************
[14.990s]         Please avoid running ``setup.py`` directly.
[14.990s]         Instead, use pypa/build, pypa/installer or other
[14.991s]         standards-based tools.
[14.991s] 
[14.991s]         See https://blog.ganssle.io/articles/2021/10/setup-py-deprecated.html for details.
[14.991s]         ********************************************************************************
[14.991s] 
[14.991s] !!
[14.991s]   self.initialize_options()
[15.489s] running egg_info
[15.538s] writing my_package.egg-info/PKG-INFO
[15.539s] writing dependency_links to my_package.egg-info/dependency_links.txt
[15.541s] writing entry points to my_package.egg-info/entry_points.txt
[15.542s] writing requirements to my_package.egg-info/requires.txt
[15.543s] writing top-level names to my_package.egg-info/top_level.txt
[15.639s] reading manifest file 'my_package.egg-info/SOURCES.txt'
[15.642s] writing manifest file 'my_package.egg-info/SOURCES.txt'
[15.852s] running build_ext
[15.852s] Creating /home/cadt-02/Documents/can_test_usb/ros2_can/install/my_package/lib/python3.8/site-packages/my-package.egg-link (link to .)
[15.852s] Installing live_detection_node script to /home/cadt-02/Documents/can_test_usb/ros2_can/install/my_package/lib/my_package
[15.853s] Installing main script to /home/cadt-02/Documents/can_test_usb/ros2_can/install/my_package/lib/my_package
[15.855s] Installing my_node script to /home/cadt-02/Documents/can_test_usb/ros2_can/install/my_package/lib/my_package
[15.857s] Installing reinforcement_r2 script to /home/cadt-02/Documents/can_test_usb/ros2_can/install/my_package/lib/my_package
[15.858s] 
[15.859s] Installed /home/cadt-02/Documents/can_test_usb/ros2_can/build/my_package
[15.859s] running install_data
[15.860s] copying resource/my_package -> /home/cadt-02/Documents/can_test_usb/ros2_can/install/my_package/share/ament_index/resource_index/packages
[15.862s] copying package.xml -> /home/cadt-02/Documents/can_test_usb/ros2_can/install/my_package/share/my_package
[22.338s] Invoked command in '/home/cadt-02/Documents/can_test_usb/ros2_can/build/my_package' returned '0': PYTHONPATH=/home/cadt-02/Documents/can_test_usb/ros2_can/build/my_package/prefix_override:/home/cadt-02/Documents/can_test_usb/ros2_can/install/my_package/lib/python3.8/site-packages:${PYTHONPATH} /usr/bin/python3 setup.py develop --editable --build-directory /home/cadt-02/Documents/can_test_usb/ros2_can/build/my_package/build --no-deps install_data
