[20.377s] Invoking command in '/home/cadt-02/Documents/can_test_usb/ros2_can/build/keyboard_publisher': NX_CONNECTION=172.23.33.204 59150 172.23.34.34 4000 PYTHONPATH=/home/cadt-02/Documents/can_test_usb/ros2_can/build/keyboard_publisher/prefix_override:/home/cadt-02/Documents/can_test_usb/ros2_can/install/keyboard_publisher/lib/python3.8/site-packages:${PYTHONPATH} /usr/bin/python3 setup.py develop --editable --build-directory /home/cadt-02/Documents/can_test_usb/ros2_can/build/keyboard_publisher/build --no-deps install_data
[20.912s] /home/cadt-02/.local/lib/python3.8/site-packages/setuptools/dist.py:476: SetuptoolsDeprecationWarning: Invalid dash-separated options
[20.913s] !!
[20.914s] 
[20.915s]         ********************************************************************************
[20.916s]         Usage of dash-separated 'script-dir' will not be supported in future
[20.916s]         versions. Please use the underscore name 'script_dir' instead.
[20.917s] 
[20.917s]         By 2024-Sep-26, you need to update your project and remove deprecated calls
[20.917s]         or your builds will no longer be supported.
[20.917s] 
[20.917s]         See https://setuptools.pypa.io/en/latest/userguide/declarative_config.html for details.
[20.917s]         ********************************************************************************
[20.918s] 
[20.918s] !!
[20.918s]   opt = self.warn_dash_deprecation(opt, section)
[21.519s] running develop
[21.519s] /home/cadt-02/.local/lib/python3.8/site-packages/setuptools/command/develop.py:42: EasyInstallDeprecationWarning: easy_install command is deprecated.
[21.520s] !!
[21.520s] 
[21.520s]         ********************************************************************************
[21.520s]         Please avoid running ``setup.py`` and ``easy_install``.
[21.520s]         Instead, use pypa/build, pypa/installer or other
[21.520s]         standards-based tools.
[21.521s] 
[21.521s]         See https://github.com/pypa/setuptools/issues/917 for details.
[21.521s]         ********************************************************************************
[21.521s] 
[21.521s] !!
[21.521s]   easy_install.initialize_options(self)
[21.741s] /home/cadt-02/.local/lib/python3.8/site-packages/setuptools/_distutils/cmd.py:66: SetuptoolsDeprecationWarning: setup.py install is deprecated.
[21.742s] !!
[21.743s] 
[21.744s]         ********************************************************************************
[21.745s]         Please avoid running ``setup.py`` directly.
[21.746s]         Instead, use pypa/build, pypa/installer or other
[21.747s]         standards-based tools.
[21.748s] 
[21.749s]         See https://blog.ganssle.io/articles/2021/10/setup-py-deprecated.html for details.
[21.750s]         ********************************************************************************
[21.751s] 
[21.752s] !!
[21.753s]   self.initialize_options()
[22.593s] running egg_info
[22.641s] writing keyboard_publisher.egg-info/PKG-INFO
[22.642s] writing dependency_links to keyboard_publisher.egg-info/dependency_links.txt
[22.644s] writing entry points to keyboard_publisher.egg-info/entry_points.txt
[22.646s] writing requirements to keyboard_publisher.egg-info/requires.txt
[22.646s] writing top-level names to keyboard_publisher.egg-info/top_level.txt
[22.753s] reading manifest file 'keyboard_publisher.egg-info/SOURCES.txt'
[22.755s] writing manifest file 'keyboard_publisher.egg-info/SOURCES.txt'
[22.932s] running build_ext
[22.932s] Creating /home/cadt-02/Documents/can_test_usb/ros2_can/install/keyboard_publisher/lib/python3.8/site-packages/keyboard-publisher.egg-link (link to .)
[22.935s] Installing keyboard_publisher script to /home/cadt-02/Documents/can_test_usb/ros2_can/install/keyboard_publisher/lib/keyboard_publisher
[22.936s] 
[22.936s] Installed /home/cadt-02/Documents/can_test_usb/ros2_can/build/keyboard_publisher
[22.936s] running install_data
[22.936s] copying resource/keyboard_publisher -> /home/cadt-02/Documents/can_test_usb/ros2_can/install/keyboard_publisher/share/ament_index/resource_index/packages
[22.937s] copying package.xml -> /home/cadt-02/Documents/can_test_usb/ros2_can/install/keyboard_publisher/share/keyboard_publisher
[25.305s] Invoked command in '/home/cadt-02/Documents/can_test_usb/ros2_can/build/keyboard_publisher' returned '0': NX_CONNECTION=172.23.33.204 59150 172.23.34.34 4000 PYTHONPATH=/home/cadt-02/Documents/can_test_usb/ros2_can/build/keyboard_publisher/prefix_override:/home/cadt-02/Documents/can_test_usb/ros2_can/install/keyboard_publisher/lib/python3.8/site-packages:${PYTHONPATH} /usr/bin/python3 setup.py develop --editable --build-directory /home/cadt-02/Documents/can_test_usb/ros2_can/build/keyboard_publisher/build --no-deps install_data
