[13.206s] Invoking command in '/home/cadt-02/Documents/can_test_usb/ros2_can/build/my_robot': NX_CONNECTION=172.23.32.175 45142 172.23.34.34 4000 PYTHONPATH=/home/cadt-02/Documents/can_test_usb/ros2_can/build/my_robot/prefix_override:/home/cadt-02/Documents/can_test_usb/ros2_can/install/my_robot/lib/python3.8/site-packages:${PYTHONPATH} /usr/bin/python3 setup.py develop --editable --build-directory /home/cadt-02/Documents/can_test_usb/ros2_can/build/my_robot/build --no-deps install_data
[13.610s] /home/cadt-02/.local/lib/python3.8/site-packages/setuptools/dist.py:476: SetuptoolsDeprecationWarning: Invalid dash-separated options
[13.610s] !!
[13.611s] 
[13.611s]         ********************************************************************************
[13.611s]         Usage of dash-separated 'script-dir' will not be supported in future
[13.611s]         versions. Please use the underscore name 'script_dir' instead.
[13.611s] 
[13.611s]         By 2024-Sep-26, you need to update your project and remove deprecated calls
[13.611s]         or your builds will no longer be supported.
[13.611s] 
[13.612s]         See https://setuptools.pypa.io/en/latest/userguide/declarative_config.html for details.
[13.612s]         ********************************************************************************
[13.612s] 
[13.612s] !!
[13.612s]   opt = self.warn_dash_deprecation(opt, section)
[14.200s] running develop
[14.200s] /home/cadt-02/.local/lib/python3.8/site-packages/setuptools/command/develop.py:42: EasyInstallDeprecationWarning: easy_install command is deprecated.
[14.201s] !!
[14.201s] 
[14.201s]         ********************************************************************************
[14.201s]         Please avoid running ``setup.py`` and ``easy_install``.
[14.201s]         Instead, use pypa/build, pypa/installer or other
[14.201s]         standards-based tools.
[14.201s] 
[14.201s]         See https://github.com/pypa/setuptools/issues/917 for details.
[14.202s]         ********************************************************************************
[14.202s] 
[14.202s] !!
[14.202s]   easy_install.initialize_options(self)
[14.303s] /home/cadt-02/.local/lib/python3.8/site-packages/setuptools/_distutils/cmd.py:66: SetuptoolsDeprecationWarning: setup.py install is deprecated.
[14.303s] !!
[14.303s] 
[14.303s]         ********************************************************************************
[14.303s]         Please avoid running ``setup.py`` directly.
[14.304s]         Instead, use pypa/build, pypa/installer or other
[14.304s]         standards-based tools.
[14.304s] 
[14.304s]         See https://blog.ganssle.io/articles/2021/10/setup-py-deprecated.html for details.
[14.304s]         ********************************************************************************
[14.304s] 
[14.304s] !!
[14.304s]   self.initialize_options()
[15.012s] running egg_info
[15.128s] writing my_robot.egg-info/PKG-INFO
[15.130s] writing dependency_links to my_robot.egg-info/dependency_links.txt
[15.131s] writing entry points to my_robot.egg-info/entry_points.txt
[15.136s] writing requirements to my_robot.egg-info/requires.txt
[15.136s] writing top-level names to my_robot.egg-info/top_level.txt
[15.256s] reading manifest file 'my_robot.egg-info/SOURCES.txt'
[15.259s] writing manifest file 'my_robot.egg-info/SOURCES.txt'
[15.459s] running build_ext
[15.460s] Creating /home/cadt-02/Documents/can_test_usb/ros2_can/install/my_robot/lib/python3.8/site-packages/my-robot.egg-link (link to .)
[15.462s] Installing arduino_feedback script to /home/cadt-02/Documents/can_test_usb/ros2_can/install/my_robot/lib/my_robot
[15.468s] Installing my_robot script to /home/cadt-02/Documents/can_test_usb/ros2_can/install/my_robot/lib/my_robot
[15.474s] 
[15.475s] Installed /home/cadt-02/Documents/can_test_usb/ros2_can/build/my_robot
[15.476s] running install_data
[15.477s] copying resource/my_robot -> /home/cadt-02/Documents/can_test_usb/ros2_can/install/my_robot/share/ament_index/resource_index/packages
[15.480s] copying package.xml -> /home/cadt-02/Documents/can_test_usb/ros2_can/install/my_robot/share/my_robot
[22.582s] Invoked command in '/home/cadt-02/Documents/can_test_usb/ros2_can/build/my_robot' returned '0': NX_CONNECTION=172.23.32.175 45142 172.23.34.34 4000 PYTHONPATH=/home/cadt-02/Documents/can_test_usb/ros2_can/build/my_robot/prefix_override:/home/cadt-02/Documents/can_test_usb/ros2_can/install/my_robot/lib/python3.8/site-packages:${PYTHONPATH} /usr/bin/python3 setup.py develop --editable --build-directory /home/cadt-02/Documents/can_test_usb/ros2_can/build/my_robot/build --no-deps install_data
