[17.363s] Invoking command in '/home/cadt-02/Documents/can_test_usb/ros2_can/build/odometry_cont': PYTHONPATH=/home/cadt-02/Documents/can_test_usb/ros2_can/build/odometry_cont/prefix_override:/home/cadt-02/Documents/can_test_usb/ros2_can/install/odometry_cont/lib/python3.8/site-packages:${PYTHONPATH} /usr/bin/python3 setup.py develop --editable --build-directory /home/cadt-02/Documents/can_test_usb/ros2_can/build/odometry_cont/build --no-deps install_data
[17.723s] /home/cadt-02/.local/lib/python3.8/site-packages/setuptools/dist.py:476: SetuptoolsDeprecationWarning: Invalid dash-separated options
[17.723s] !!
[17.723s] 
[17.723s]         ********************************************************************************
[17.723s]         Usage of dash-separated 'script-dir' will not be supported in future
[17.723s]         versions. Please use the underscore name 'script_dir' instead.
[17.724s] 
[17.724s]         By 2024-Sep-26, you need to update your project and remove deprecated calls
[17.724s]         or your builds will no longer be supported.
[17.724s] 
[17.724s]         See https://setuptools.pypa.io/en/latest/userguide/declarative_config.html for details.
[17.724s]         ********************************************************************************
[17.724s] 
[17.725s] !!
[17.725s]   opt = self.warn_dash_deprecation(opt, section)
[18.237s] running develop
[18.237s] /home/cadt-02/.local/lib/python3.8/site-packages/setuptools/command/develop.py:42: EasyInstallDeprecationWarning: easy_install command is deprecated.
[18.238s] !!
[18.238s] 
[18.238s]         ********************************************************************************
[18.239s]         Please avoid running ``setup.py`` and ``easy_install``.
[18.239s]         Instead, use pypa/build, pypa/installer or other
[18.239s]         standards-based tools.
[18.239s] 
[18.240s]         See https://github.com/pypa/setuptools/issues/917 for details.
[18.240s]         ********************************************************************************
[18.240s] 
[18.240s] !!
[18.241s]   easy_install.initialize_options(self)
[18.328s] /home/cadt-02/.local/lib/python3.8/site-packages/setuptools/_distutils/cmd.py:66: SetuptoolsDeprecationWarning: setup.py install is deprecated.
[18.328s] !!
[18.329s] 
[18.329s]         ********************************************************************************
[18.329s]         Please avoid running ``setup.py`` directly.
[18.329s]         Instead, use pypa/build, pypa/installer or other
[18.329s]         standards-based tools.
[18.329s] 
[18.329s]         See https://blog.ganssle.io/articles/2021/10/setup-py-deprecated.html for details.
[18.329s]         ********************************************************************************
[18.330s] 
[18.330s] !!
[18.330s]   self.initialize_options()
[18.803s] running egg_info
[18.847s] writing odometry_cont.egg-info/PKG-INFO
[18.849s] writing dependency_links to odometry_cont.egg-info/dependency_links.txt
[18.849s] writing entry points to odometry_cont.egg-info/entry_points.txt
[18.850s] writing requirements to odometry_cont.egg-info/requires.txt
[18.851s] writing top-level names to odometry_cont.egg-info/top_level.txt
[18.945s] reading manifest file 'odometry_cont.egg-info/SOURCES.txt'
[18.947s] writing manifest file 'odometry_cont.egg-info/SOURCES.txt'
[19.110s] running build_ext
[19.111s] Creating /home/cadt-02/Documents/can_test_usb/ros2_can/install/odometry_cont/lib/python3.8/site-packages/odometry-cont.egg-link (link to .)
[19.113s] Installing odometry_cont script to /home/cadt-02/Documents/can_test_usb/ros2_can/install/odometry_cont/lib/odometry_cont
[19.114s] 
[19.114s] Installed /home/cadt-02/Documents/can_test_usb/ros2_can/build/odometry_cont
[19.114s] running install_data
[19.115s] copying resource/odometry_cont -> /home/cadt-02/Documents/can_test_usb/ros2_can/install/odometry_cont/share/ament_index/resource_index/packages
[19.115s] copying package.xml -> /home/cadt-02/Documents/can_test_usb/ros2_can/install/odometry_cont/share/odometry_cont
[19.261s] Invoked command in '/home/cadt-02/Documents/can_test_usb/ros2_can/build/odometry_cont' returned '0': PYTHONPATH=/home/cadt-02/Documents/can_test_usb/ros2_can/build/odometry_cont/prefix_override:/home/cadt-02/Documents/can_test_usb/ros2_can/install/odometry_cont/lib/python3.8/site-packages:${PYTHONPATH} /usr/bin/python3 setup.py develop --editable --build-directory /home/cadt-02/Documents/can_test_usb/ros2_can/build/odometry_cont/build --no-deps install_data
