[13.410s] Invoking command in '/home/cadt-02/Documents/can_test_usb/ros2_can/build/my_package': NX_CONNECTION=172.23.33.204 63376 172.23.34.34 4000 PYTHONPATH=/home/cadt-02/Documents/can_test_usb/ros2_can/build/my_package/prefix_override:/home/cadt-02/Documents/can_test_usb/ros2_can/install/my_package/lib/python3.8/site-packages:${PYTHONPATH} /usr/bin/python3 setup.py develop --editable --build-directory /home/cadt-02/Documents/can_test_usb/ros2_can/build/my_package/build --no-deps install_data
[13.781s] /home/cadt-02/.local/lib/python3.8/site-packages/setuptools/dist.py:476: SetuptoolsDeprecationWarning: Invalid dash-separated options
[13.782s] !!
[13.782s] 
[13.782s]         ********************************************************************************
[13.782s]         Usage of dash-separated 'build-base' will not be supported in future
[13.782s]         versions. Please use the underscore name 'build_base' instead.
[13.782s] 
[13.783s]         By 2024-Sep-26, you need to update your project and remove deprecated calls
[13.783s]         or your builds will no longer be supported.
[13.783s] 
[13.783s]         See https://setuptools.pypa.io/en/latest/userguide/declarative_config.html for details.
[13.783s]         ********************************************************************************
[13.783s] 
[13.783s] !!
[13.784s]   opt = self.warn_dash_deprecation(opt, section)
[14.311s] running develop
[14.312s] /home/cadt-02/.local/lib/python3.8/site-packages/setuptools/command/develop.py:42: EasyInstallDeprecationWarning: easy_install command is deprecated.
[14.312s] !!
[14.312s] 
[14.312s]         ********************************************************************************
[14.312s]         Please avoid running ``setup.py`` and ``easy_install``.
[14.313s]         Instead, use pypa/build, pypa/installer or other
[14.313s]         standards-based tools.
[14.313s] 
[14.313s]         See https://github.com/pypa/setuptools/issues/917 for details.
[14.313s]         ********************************************************************************
[14.313s] 
[14.313s] !!
[14.314s]   easy_install.initialize_options(self)
[14.405s] /home/cadt-02/.local/lib/python3.8/site-packages/setuptools/_distutils/cmd.py:66: SetuptoolsDeprecationWarning: setup.py install is deprecated.
[14.405s] !!
[14.405s] 
[14.405s]         ********************************************************************************
[14.405s]         Please avoid running ``setup.py`` directly.
[14.406s]         Instead, use pypa/build, pypa/installer or other
[14.406s]         standards-based tools.
[14.406s] 
[14.406s]         See https://blog.ganssle.io/articles/2021/10/setup-py-deprecated.html for details.
[14.406s]         ********************************************************************************
[14.406s] 
[14.406s] !!
[14.407s]   self.initialize_options()
[14.875s] running egg_info
[14.919s] writing my_package.egg-info/PKG-INFO
[14.920s] writing dependency_links to my_package.egg-info/dependency_links.txt
[14.921s] writing entry points to my_package.egg-info/entry_points.txt
[14.921s] writing requirements to my_package.egg-info/requires.txt
[14.922s] writing top-level names to my_package.egg-info/top_level.txt
[15.017s] reading manifest file 'my_package.egg-info/SOURCES.txt'
[15.019s] writing manifest file 'my_package.egg-info/SOURCES.txt'
[15.186s] running build_ext
[15.187s] Creating /home/cadt-02/Documents/can_test_usb/ros2_can/install/my_package/lib/python3.8/site-packages/my-package.egg-link (link to .)
[15.189s] Installing live_detection_node script to /home/cadt-02/Documents/can_test_usb/ros2_can/install/my_package/lib/my_package
[15.190s] Installing main script to /home/cadt-02/Documents/can_test_usb/ros2_can/install/my_package/lib/my_package
[15.190s] Installing my_node script to /home/cadt-02/Documents/can_test_usb/ros2_can/install/my_package/lib/my_package
[15.190s] Installing reinforcement_r2 script to /home/cadt-02/Documents/can_test_usb/ros2_can/install/my_package/lib/my_package
[15.191s] 
[15.191s] Installed /home/cadt-02/Documents/can_test_usb/ros2_can/build/my_package
[15.191s] running install_data
[15.192s] copying resource/my_package -> /home/cadt-02/Documents/can_test_usb/ros2_can/install/my_package/share/ament_index/resource_index/packages
[15.192s] copying package.xml -> /home/cadt-02/Documents/can_test_usb/ros2_can/install/my_package/share/my_package
[17.732s] Invoked command in '/home/cadt-02/Documents/can_test_usb/ros2_can/build/my_package' returned '0': NX_CONNECTION=172.23.33.204 63376 172.23.34.34 4000 PYTHONPATH=/home/cadt-02/Documents/can_test_usb/ros2_can/build/my_package/prefix_override:/home/cadt-02/Documents/can_test_usb/ros2_can/install/my_package/lib/python3.8/site-packages:${PYTHONPATH} /usr/bin/python3 setup.py develop --editable --build-directory /home/cadt-02/Documents/can_test_usb/ros2_can/build/my_package/build --no-deps install_data
