[15.701s] Invoking command in '/home/cadt-02/Documents/can_test_usb/ros2_can/build/keyboard_publisher': NX_CONNECTION=172.23.33.204 63376 172.23.34.34 4000 PYTHONPATH=/home/cadt-02/Documents/can_test_usb/ros2_can/build/keyboard_publisher/prefix_override:/home/cadt-02/Documents/can_test_usb/ros2_can/install/keyboard_publisher/lib/python3.8/site-packages:${PYTHONPATH} /usr/bin/python3 setup.py develop --editable --build-directory /home/cadt-02/Documents/can_test_usb/ros2_can/build/keyboard_publisher/build --no-deps install_data
[16.044s] /home/cadt-02/.local/lib/python3.8/site-packages/setuptools/dist.py:476: SetuptoolsDeprecationWarning: Invalid dash-separated options
[16.045s] !!
[16.045s] 
[16.045s]         ********************************************************************************
[16.045s]         Usage of dash-separated 'script-dir' will not be supported in future
[16.046s]         versions. Please use the underscore name 'script_dir' instead.
[16.046s] 
[16.046s]         By 2024-Sep-26, you need to update your project and remove deprecated calls
[16.046s]         or your builds will no longer be supported.
[16.047s] 
[16.047s]         See https://setuptools.pypa.io/en/latest/userguide/declarative_config.html for details.
[16.047s]         ********************************************************************************
[16.048s] 
[16.048s] !!
[16.048s]   opt = self.warn_dash_deprecation(opt, section)
[16.581s] running develop
[16.582s] /home/cadt-02/.local/lib/python3.8/site-packages/setuptools/command/develop.py:42: EasyInstallDeprecationWarning: easy_install command is deprecated.
[16.582s] !!
[16.582s] 
[16.582s]         ********************************************************************************
[16.583s]         Please avoid running ``setup.py`` and ``easy_install``.
[16.583s]         Instead, use pypa/build, pypa/installer or other
[16.583s]         standards-based tools.
[16.583s] 
[16.583s]         See https://github.com/pypa/setuptools/issues/917 for details.
[16.583s]         ********************************************************************************
[16.584s] 
[16.584s] !!
[16.584s]   easy_install.initialize_options(self)
[16.678s] /home/cadt-02/.local/lib/python3.8/site-packages/setuptools/_distutils/cmd.py:66: SetuptoolsDeprecationWarning: setup.py install is deprecated.
[16.678s] !!
[16.679s] 
[16.679s]         ********************************************************************************
[16.679s]         Please avoid running ``setup.py`` directly.
[16.679s]         Instead, use pypa/build, pypa/installer or other
[16.679s]         standards-based tools.
[16.679s] 
[16.680s]         See https://blog.ganssle.io/articles/2021/10/setup-py-deprecated.html for details.
[16.680s]         ********************************************************************************
[16.680s] 
[16.680s] !!
[16.680s]   self.initialize_options()
[17.175s] running egg_info
[17.225s] writing keyboard_publisher.egg-info/PKG-INFO
[17.226s] writing dependency_links to keyboard_publisher.egg-info/dependency_links.txt
[17.227s] writing entry points to keyboard_publisher.egg-info/entry_points.txt
[17.228s] writing requirements to keyboard_publisher.egg-info/requires.txt
[17.228s] writing top-level names to keyboard_publisher.egg-info/top_level.txt
[17.328s] reading manifest file 'keyboard_publisher.egg-info/SOURCES.txt'
[17.331s] writing manifest file 'keyboard_publisher.egg-info/SOURCES.txt'
[17.508s] running build_ext
[17.513s] Creating /home/cadt-02/Documents/can_test_usb/ros2_can/install/keyboard_publisher/lib/python3.8/site-packages/keyboard-publisher.egg-link (link to .)
[17.515s] Installing keyboard_publisher script to /home/cadt-02/Documents/can_test_usb/ros2_can/install/keyboard_publisher/lib/keyboard_publisher
[17.517s] 
[17.517s] Installed /home/cadt-02/Documents/can_test_usb/ros2_can/build/keyboard_publisher
[17.517s] running install_data
[17.517s] copying resource/keyboard_publisher -> /home/cadt-02/Documents/can_test_usb/ros2_can/install/keyboard_publisher/share/ament_index/resource_index/packages
[17.517s] copying package.xml -> /home/cadt-02/Documents/can_test_usb/ros2_can/install/keyboard_publisher/share/keyboard_publisher
[18.890s] Invoked command in '/home/cadt-02/Documents/can_test_usb/ros2_can/build/keyboard_publisher' returned '0': NX_CONNECTION=172.23.33.204 63376 172.23.34.34 4000 PYTHONPATH=/home/cadt-02/Documents/can_test_usb/ros2_can/build/keyboard_publisher/prefix_override:/home/cadt-02/Documents/can_test_usb/ros2_can/install/keyboard_publisher/lib/python3.8/site-packages:${PYTHONPATH} /usr/bin/python3 setup.py develop --editable --build-directory /home/cadt-02/Documents/can_test_usb/ros2_can/build/keyboard_publisher/build --no-deps install_data
