[13.913s] Invoking command in '/home/cadt-02/Documents/can_test_usb/ros2_can/build/my_package': NX_CONNECTION=172.23.34.154 56590 172.23.34.34 4000 PYTHONPATH=/home/cadt-02/Documents/can_test_usb/ros2_can/build/my_package/prefix_override:/home/cadt-02/Documents/can_test_usb/ros2_can/install/my_package/lib/python3.8/site-packages:${PYTHONPATH} /usr/bin/python3 setup.py develop --editable --build-directory /home/cadt-02/Documents/can_test_usb/ros2_can/build/my_package/build --no-deps install_data
[15.618s] /home/cadt-02/.local/lib/python3.8/site-packages/setuptools/dist.py:476: SetuptoolsDeprecationWarning: Invalid dash-separated options
[15.619s] !!
[15.619s] 
[15.619s]         ********************************************************************************
[15.619s]         Usage of dash-separated 'build-base' will not be supported in future
[15.619s]         versions. Please use the underscore name 'build_base' instead.
[15.619s] 
[15.619s]         By 2024-Sep-26, you need to update your project and remove deprecated calls
[15.620s]         or your builds will no longer be supported.
[15.620s] 
[15.620s]         See https://setuptools.pypa.io/en/latest/userguide/declarative_config.html for details.
[15.620s]         ********************************************************************************
[15.620s] 
[15.620s] !!
[15.620s]   opt = self.warn_dash_deprecation(opt, section)
[15.620s] /home/cadt-02/.local/lib/python3.8/site-packages/setuptools/command/develop.py:42: EasyInstallDeprecationWarning: easy_install command is deprecated.
[15.620s] !!
[15.621s] 
[15.621s]         ********************************************************************************
[15.621s]         Please avoid running ``setup.py`` and ``easy_install``.
[15.621s]         Instead, use pypa/build, pypa/installer or other
[15.621s]         standards-based tools.
[15.621s] 
[15.621s]         See https://github.com/pypa/setuptools/issues/917 for details.
[15.621s]         ********************************************************************************
[15.622s] 
[15.622s] !!
[15.622s]   easy_install.initialize_options(self)
[15.622s] /home/cadt-02/.local/lib/python3.8/site-packages/setuptools/_distutils/cmd.py:66: SetuptoolsDeprecationWarning: setup.py install is deprecated.
[15.622s] !!
[15.622s] 
[15.622s]         ********************************************************************************
[15.622s]         Please avoid running ``setup.py`` directly.
[15.622s]         Instead, use pypa/build, pypa/installer or other
[15.623s]         standards-based tools.
[15.623s] 
[15.623s]         See https://blog.ganssle.io/articles/2021/10/setup-py-deprecated.html for details.
[15.623s]         ********************************************************************************
[15.623s] 
[15.623s] !!
[15.623s]   self.initialize_options()
[15.626s] running develop
[15.626s] running egg_info
[15.626s] writing my_package.egg-info/PKG-INFO
[15.627s] writing dependency_links to my_package.egg-info/dependency_links.txt
[15.627s] writing entry points to my_package.egg-info/entry_points.txt
[15.627s] writing requirements to my_package.egg-info/requires.txt
[15.627s] writing top-level names to my_package.egg-info/top_level.txt
[15.627s] reading manifest file 'my_package.egg-info/SOURCES.txt'
[15.627s] writing manifest file 'my_package.egg-info/SOURCES.txt'
[15.789s] running build_ext
[15.792s] Creating /home/cadt-02/Documents/can_test_usb/ros2_can/install/my_package/lib/python3.8/site-packages/my-package.egg-link (link to .)
[15.792s] Installing live_detection_node script to /home/cadt-02/Documents/can_test_usb/ros2_can/install/my_package/lib/my_package
[15.793s] Installing main script to /home/cadt-02/Documents/can_test_usb/ros2_can/install/my_package/lib/my_package
[15.793s] Installing my_node script to /home/cadt-02/Documents/can_test_usb/ros2_can/install/my_package/lib/my_package
[15.803s] Installing reinforcement_r2 script to /home/cadt-02/Documents/can_test_usb/ros2_can/install/my_package/lib/my_package
[15.805s] 
[15.806s] Installed /home/cadt-02/Documents/can_test_usb/ros2_can/build/my_package
[15.807s] running install_data
[15.808s] copying resource/my_package -> /home/cadt-02/Documents/can_test_usb/ros2_can/install/my_package/share/ament_index/resource_index/packages
[15.809s] copying package.xml -> /home/cadt-02/Documents/can_test_usb/ros2_can/install/my_package/share/my_package
[23.104s] Invoked command in '/home/cadt-02/Documents/can_test_usb/ros2_can/build/my_package' returned '0': NX_CONNECTION=172.23.34.154 56590 172.23.34.34 4000 PYTHONPATH=/home/cadt-02/Documents/can_test_usb/ros2_can/build/my_package/prefix_override:/home/cadt-02/Documents/can_test_usb/ros2_can/install/my_package/lib/python3.8/site-packages:${PYTHONPATH} /usr/bin/python3 setup.py develop --editable --build-directory /home/cadt-02/Documents/can_test_usb/ros2_can/build/my_package/build --no-deps install_data
