[15.415s] Invoking command in '/home/cadt-02/Documents/can_test_usb/ros2_can/build/movement': NX_CONNECTION=172.23.34.154 56590 172.23.34.34 4000 PYTHONPATH=/home/cadt-02/Documents/can_test_usb/ros2_can/build/movement/prefix_override:/home/cadt-02/Documents/can_test_usb/ros2_can/install/movement/lib/python3.8/site-packages:${PYTHONPATH} /usr/bin/python3 setup.py develop --editable --build-directory /home/cadt-02/Documents/can_test_usb/ros2_can/build/movement/build --no-deps install_data
[17.121s] /home/cadt-02/.local/lib/python3.8/site-packages/setuptools/command/develop.py:42: EasyInstallDeprecationWarning: easy_install command is deprecated.
[17.122s] !!
[17.122s] 
[17.122s]         ********************************************************************************
[17.122s]         Please avoid running ``setup.py`` and ``easy_install``.
[17.122s]         Instead, use pypa/build, pypa/installer or other
[17.122s]         standards-based tools.
[17.123s] 
[17.123s]         See https://github.com/pypa/setuptools/issues/917 for details.
[17.123s]         ********************************************************************************
[17.123s] 
[17.123s] !!
[17.123s]   easy_install.initialize_options(self)
[17.123s] /home/cadt-02/.local/lib/python3.8/site-packages/setuptools/_distutils/cmd.py:66: SetuptoolsDeprecationWarning: setup.py install is deprecated.
[17.123s] !!
[17.124s] 
[17.124s]         ********************************************************************************
[17.124s]         Please avoid running ``setup.py`` directly.
[17.125s]         Instead, use pypa/build, pypa/installer or other
[17.125s]         standards-based tools.
[17.125s] 
[17.126s]         See https://blog.ganssle.io/articles/2021/10/setup-py-deprecated.html for details.
[17.126s]         ********************************************************************************
[17.126s] 
[17.127s] !!
[17.127s]   self.initialize_options()
[17.132s] running develop
[17.133s] running egg_info
[17.134s] writing movement.egg-info/PKG-INFO
[17.134s] writing dependency_links to movement.egg-info/dependency_links.txt
[17.134s] writing entry points to movement.egg-info/entry_points.txt
[17.134s] writing requirements to movement.egg-info/requires.txt
[17.134s] writing top-level names to movement.egg-info/top_level.txt
[17.134s] reading manifest file 'movement.egg-info/SOURCES.txt'
[17.134s] writing manifest file 'movement.egg-info/SOURCES.txt'
[17.274s] running build_ext
[17.274s] Creating /home/cadt-02/Documents/can_test_usb/ros2_can/install/movement/lib/python3.8/site-packages/movement.egg-link (link to .)
[17.276s] Installing movement script to /home/cadt-02/Documents/can_test_usb/ros2_can/install/movement/lib/movement
[17.279s] 
[17.281s] Installed /home/cadt-02/Documents/can_test_usb/ros2_can/build/movement
[17.282s] running install_data
[17.283s] copying resource/movement -> /home/cadt-02/Documents/can_test_usb/ros2_can/install/movement/share/ament_index/resource_index/packages
[17.284s] copying package.xml -> /home/cadt-02/Documents/can_test_usb/ros2_can/install/movement/share/movement
[23.409s] Invoked command in '/home/cadt-02/Documents/can_test_usb/ros2_can/build/movement' returned '0': NX_CONNECTION=172.23.34.154 56590 172.23.34.34 4000 PYTHONPATH=/home/cadt-02/Documents/can_test_usb/ros2_can/build/movement/prefix_override:/home/cadt-02/Documents/can_test_usb/ros2_can/install/movement/lib/python3.8/site-packages:${PYTHONPATH} /usr/bin/python3 setup.py develop --editable --build-directory /home/cadt-02/Documents/can_test_usb/ros2_can/build/movement/build --no-deps install_data
