[8.583s] Invoking command in '/home/cadt-02/Documents/can_test_usb/ros2_can/build/cadt02_interfaces': CMAKE_PREFIX_PATH=${CMAKE_PREFIX_PATH}:/home/cadt-02/Documents/can_test_usb/ros2_can/install/ros_imu:/home/cadt-02/Documents/can_test_usb/ros2_can/install/odometry_cont:/home/cadt-02/Documents/can_test_usb/ros2_can/install/my_robot:/home/cadt-02/Documents/can_test_usb/ros2_can/install/my_package:/home/cadt-02/Documents/can_test_usb/ros2_can/install/movement:/home/cadt-02/Documents/can_test_usb/ros2_can/install/keyboard_publisher:/home/cadt-02/Documents/can_test_usb/ros2_can/install/keyboard_listener:/home/cadt-02/Documents/can_test_usb/ros2_can/install/auto_r2:/opt/ros/foxy /home/cadt-02/.local/bin/cmake --build /home/cadt-02/Documents/can_test_usb/ros2_can/build/cadt02_interfaces -- -j6 -l6
[17.163s] [  3%] Built target cadt02_interfaces__cpp
[17.164s] [ 12%] Built target cadt02_interfaces__rosidl_generator_c
[17.165s] [ 32%] Built target cadt02_interfaces__rosidl_typesupport_introspection_cpp
[17.165s] [ 32%] Built target cadt02_interfaces__rosidl_typesupport_cpp
[17.167s] [ 41%] Built target cadt02_interfaces__rosidl_typesupport_fastrtps_cpp
[17.168s] [ 51%] Built target cadt02_interfaces__rosidl_typesupport_c
[17.170s] [ 61%] Built target cadt02_interfaces__rosidl_typesupport_introspection_c
[17.171s] [ 70%] Built target cadt02_interfaces__rosidl_typesupport_fastrtps_c
[17.171s] [ 70%] Built target cadt02_interfaces
[17.171s] [ 74%] Built target cadt02_interfaces__py
[17.171s] [ 80%] Built target cadt02_interfaces__python
[17.171s] [ 93%] Built target cadt02_interfaces__rosidl_typesupport_c__pyext
[17.172s] [ 93%] Built target cadt02_interfaces__rosidl_typesupport_introspection_c__pyext
[17.172s] [100%] Built target cadt02_interfaces__rosidl_typesupport_fastrtps_c__pyext
[17.172s] Invoked command in '/home/cadt-02/Documents/can_test_usb/ros2_can/build/cadt02_interfaces' returned '0': CMAKE_PREFIX_PATH=${CMAKE_PREFIX_PATH}:/home/cadt-02/Documents/can_test_usb/ros2_can/install/ros_imu:/home/cadt-02/Documents/can_test_usb/ros2_can/install/odometry_cont:/home/cadt-02/Documents/can_test_usb/ros2_can/install/my_robot:/home/cadt-02/Documents/can_test_usb/ros2_can/install/my_package:/home/cadt-02/Documents/can_test_usb/ros2_can/install/movement:/home/cadt-02/Documents/can_test_usb/ros2_can/install/keyboard_publisher:/home/cadt-02/Documents/can_test_usb/ros2_can/install/keyboard_listener:/home/cadt-02/Documents/can_test_usb/ros2_can/install/auto_r2:/opt/ros/foxy /home/cadt-02/.local/bin/cmake --build /home/cadt-02/Documents/can_test_usb/ros2_can/build/cadt02_interfaces -- -j6 -l6
[17.469s] Invoking command in '/home/cadt-02/Documents/can_test_usb/ros2_can/build/cadt02_interfaces': CMAKE_PREFIX_PATH=${CMAKE_PREFIX_PATH}:/home/cadt-02/Documents/can_test_usb/ros2_can/install/ros_imu:/home/cadt-02/Documents/can_test_usb/ros2_can/install/odometry_cont:/home/cadt-02/Documents/can_test_usb/ros2_can/install/my_robot:/home/cadt-02/Documents/can_test_usb/ros2_can/install/my_package:/home/cadt-02/Documents/can_test_usb/ros2_can/install/movement:/home/cadt-02/Documents/can_test_usb/ros2_can/install/keyboard_publisher:/home/cadt-02/Documents/can_test_usb/ros2_can/install/keyboard_listener:/home/cadt-02/Documents/can_test_usb/ros2_can/install/auto_r2:/opt/ros/foxy /home/cadt-02/.local/bin/cmake --install /home/cadt-02/Documents/can_test_usb/ros2_can/build/cadt02_interfaces
[17.556s] -- Install configuration: ""
[17.559s] -- Execute custom install script
[17.560s] -- Up-to-date symlink: /home/cadt-02/Documents/can_test_usb/ros2_can/install/cadt02_interfaces/share/ament_index/resource_index/rosidl_interfaces/cadt02_interfaces
[17.562s] -- Up-to-date symlink: /home/cadt-02/Documents/can_test_usb/ros2_can/install/cadt02_interfaces/include/cadt02_interfaces/msg/detail/way_point__functions.h
[17.563s] -- Up-to-date symlink: /home/cadt-02/Documents/can_test_usb/ros2_can/install/cadt02_interfaces/include/cadt02_interfaces/msg/detail/way_point__struct.h
[17.563s] -- Up-to-date symlink: /home/cadt-02/Documents/can_test_usb/ros2_can/install/cadt02_interfaces/include/cadt02_interfaces/msg/detail/way_point__type_support.h
[17.564s] -- Up-to-date symlink: /home/cadt-02/Documents/can_test_usb/ros2_can/install/cadt02_interfaces/include/cadt02_interfaces/msg/rosidl_generator_c__visibility_control.h
[17.564s] -- Up-to-date symlink: /home/cadt-02/Documents/can_test_usb/ros2_can/install/cadt02_interfaces/include/cadt02_interfaces/msg/way_point.h
[17.565s] -- Up-to-date symlink: /home/cadt-02/Documents/can_test_usb/ros2_can/install/cadt02_interfaces/share/cadt02_interfaces/environment/library_path.sh
[17.565s] -- Up-to-date symlink: /home/cadt-02/Documents/can_test_usb/ros2_can/install/cadt02_interfaces/share/cadt02_interfaces/environment/library_path.dsv
[17.566s] -- Up-to-date symlink: /home/cadt-02/Documents/can_test_usb/ros2_can/install/cadt02_interfaces/include/cadt02_interfaces/msg/detail/way_point__rosidl_typesupport_fastrtps_c.h
[17.567s] -- Up-to-date symlink: /home/cadt-02/Documents/can_test_usb/ros2_can/install/cadt02_interfaces/include/cadt02_interfaces/msg/rosidl_typesupport_fastrtps_c__visibility_control.h
[17.568s] -- Up-to-date symlink: /home/cadt-02/Documents/can_test_usb/ros2_can/install/cadt02_interfaces/lib/libcadt02_interfaces__rosidl_typesupport_fastrtps_c.so
[17.569s] -- Up-to-date symlink: /home/cadt-02/Documents/can_test_usb/ros2_can/install/cadt02_interfaces/include/cadt02_interfaces/msg/detail/way_point__rosidl_typesupport_fastrtps_cpp.hpp
[17.569s] -- Up-to-date symlink: /home/cadt-02/Documents/can_test_usb/ros2_can/install/cadt02_interfaces/include/cadt02_interfaces/msg/rosidl_typesupport_fastrtps_cpp__visibility_control.h
[17.570s] -- Up-to-date symlink: /home/cadt-02/Documents/can_test_usb/ros2_can/install/cadt02_interfaces/lib/libcadt02_interfaces__rosidl_typesupport_fastrtps_cpp.so
[17.571s] -- Up-to-date symlink: /home/cadt-02/Documents/can_test_usb/ros2_can/install/cadt02_interfaces/include/cadt02_interfaces/msg/detail/way_point__rosidl_typesupport_introspection_c.h
[17.572s] -- Up-to-date symlink: /home/cadt-02/Documents/can_test_usb/ros2_can/install/cadt02_interfaces/include/cadt02_interfaces/msg/rosidl_typesupport_introspection_c__visibility_control.h
[17.573s] -- Up-to-date symlink: /home/cadt-02/Documents/can_test_usb/ros2_can/install/cadt02_interfaces/include/cadt02_interfaces/msg/detail/way_point__builder.hpp
[17.573s] -- Up-to-date symlink: /home/cadt-02/Documents/can_test_usb/ros2_can/install/cadt02_interfaces/include/cadt02_interfaces/msg/detail/way_point__struct.hpp
[17.574s] -- Up-to-date symlink: /home/cadt-02/Documents/can_test_usb/ros2_can/install/cadt02_interfaces/include/cadt02_interfaces/msg/detail/way_point__traits.hpp
[17.574s] -- Up-to-date symlink: /home/cadt-02/Documents/can_test_usb/ros2_can/install/cadt02_interfaces/include/cadt02_interfaces/msg/detail/way_point__type_support.hpp
[17.575s] -- Up-to-date symlink: /home/cadt-02/Documents/can_test_usb/ros2_can/install/cadt02_interfaces/include/cadt02_interfaces/msg/rosidl_generator_cpp__visibility_control.hpp
[17.575s] -- Up-to-date symlink: /home/cadt-02/Documents/can_test_usb/ros2_can/install/cadt02_interfaces/include/cadt02_interfaces/msg/way_point.hpp
[17.576s] -- Up-to-date symlink: /home/cadt-02/Documents/can_test_usb/ros2_can/install/cadt02_interfaces/include/cadt02_interfaces/msg/detail/way_point__rosidl_typesupport_introspection_cpp.hpp
[17.576s] -- Up-to-date symlink: /home/cadt-02/Documents/can_test_usb/ros2_can/install/cadt02_interfaces/share/cadt02_interfaces/environment/pythonpath.sh
[17.577s] -- Up-to-date symlink: /home/cadt-02/Documents/can_test_usb/ros2_can/install/cadt02_interfaces/share/cadt02_interfaces/environment/pythonpath.dsv
[17.578s] -- Up-to-date symlink: /home/cadt-02/Documents/can_test_usb/ros2_can/install/cadt02_interfaces/lib/python3.8/site-packages/cadt02_interfaces/__init__.py
[17.579s] -- Up-to-date symlink: /home/cadt-02/Documents/can_test_usb/ros2_can/install/cadt02_interfaces/lib/python3.8/site-packages/cadt02_interfaces/msg/__init__.py
[17.579s] -- Up-to-date symlink: /home/cadt-02/Documents/can_test_usb/ros2_can/install/cadt02_interfaces/lib/python3.8/site-packages/cadt02_interfaces/msg/_way_point.py
[17.588s] -- Up-to-date symlink: /home/cadt-02/Documents/can_test_usb/ros2_can/install/cadt02_interfaces/lib/python3.8/site-packages/cadt02_interfaces/cadt02_interfaces_s__rosidl_typesupport_fastrtps_c.cpython-38-aarch64-linux-gnu.so
[17.589s] -- Up-to-date symlink: /home/cadt-02/Documents/can_test_usb/ros2_can/install/cadt02_interfaces/lib/python3.8/site-packages/cadt02_interfaces/cadt02_interfaces_s__rosidl_typesupport_introspection_c.cpython-38-aarch64-linux-gnu.so
[17.589s] -- Up-to-date symlink: /home/cadt-02/Documents/can_test_usb/ros2_can/install/cadt02_interfaces/lib/python3.8/site-packages/cadt02_interfaces/cadt02_interfaces_s__rosidl_typesupport_c.cpython-38-aarch64-linux-gnu.so
[17.589s] -- Up-to-date symlink: /home/cadt-02/Documents/can_test_usb/ros2_can/install/cadt02_interfaces/lib/libcadt02_interfaces__python.so
[17.589s] -- Up-to-date symlink: /home/cadt-02/Documents/can_test_usb/ros2_can/install/cadt02_interfaces/share/cadt02_interfaces/msg/WayPoint.idl
[17.589s] -- Up-to-date symlink: /home/cadt-02/Documents/can_test_usb/ros2_can/install/cadt02_interfaces/share/cadt02_interfaces/msg/WayPoint.msg
[17.589s] -- Up-to-date symlink: /home/cadt-02/Documents/can_test_usb/ros2_can/install/cadt02_interfaces/share/ament_index/resource_index/package_run_dependencies/cadt02_interfaces
[17.590s] -- Up-to-date symlink: /home/cadt-02/Documents/can_test_usb/ros2_can/install/cadt02_interfaces/share/ament_index/resource_index/parent_prefix_path/cadt02_interfaces
[17.590s] -- Up-to-date symlink: /home/cadt-02/Documents/can_test_usb/ros2_can/install/cadt02_interfaces/share/cadt02_interfaces/environment/ament_prefix_path.sh
[17.590s] -- Up-to-date symlink: /home/cadt-02/Documents/can_test_usb/ros2_can/install/cadt02_interfaces/share/cadt02_interfaces/environment/ament_prefix_path.dsv
[17.590s] -- Up-to-date symlink: /home/cadt-02/Documents/can_test_usb/ros2_can/install/cadt02_interfaces/share/cadt02_interfaces/environment/path.sh
[17.590s] -- Up-to-date symlink: /home/cadt-02/Documents/can_test_usb/ros2_can/install/cadt02_interfaces/share/cadt02_interfaces/environment/path.dsv
[17.591s] -- Up-to-date symlink: /home/cadt-02/Documents/can_test_usb/ros2_can/install/cadt02_interfaces/share/cadt02_interfaces/local_setup.bash
[17.592s] -- Up-to-date symlink: /home/cadt-02/Documents/can_test_usb/ros2_can/install/cadt02_interfaces/share/cadt02_interfaces/local_setup.sh
[17.593s] -- Up-to-date symlink: /home/cadt-02/Documents/can_test_usb/ros2_can/install/cadt02_interfaces/share/cadt02_interfaces/local_setup.zsh
[17.594s] -- Up-to-date symlink: /home/cadt-02/Documents/can_test_usb/ros2_can/install/cadt02_interfaces/share/cadt02_interfaces/local_setup.dsv
[17.594s] -- Symlinking: /home/cadt-02/Documents/can_test_usb/ros2_can/install/cadt02_interfaces/share/cadt02_interfaces/package.dsv
[17.605s] -- Up-to-date symlink: /home/cadt-02/Documents/can_test_usb/ros2_can/install/cadt02_interfaces/share/ament_index/resource_index/packages/cadt02_interfaces
[17.606s] -- Up-to-date symlink: /home/cadt-02/Documents/can_test_usb/ros2_can/install/cadt02_interfaces/share/cadt02_interfaces/cmake/rosidl_cmake-extras.cmake
[17.607s] -- Up-to-date symlink: /home/cadt-02/Documents/can_test_usb/ros2_can/install/cadt02_interfaces/share/cadt02_interfaces/cmake/ament_cmake_export_dependencies-extras.cmake
[17.608s] -- Up-to-date symlink: /home/cadt-02/Documents/can_test_usb/ros2_can/install/cadt02_interfaces/share/cadt02_interfaces/cmake/ament_cmake_export_libraries-extras.cmake
[17.609s] -- Up-to-date symlink: /home/cadt-02/Documents/can_test_usb/ros2_can/install/cadt02_interfaces/share/cadt02_interfaces/cmake/ament_cmake_export_targets-extras.cmake
[17.610s] -- Up-to-date symlink: /home/cadt-02/Documents/can_test_usb/ros2_can/install/cadt02_interfaces/share/cadt02_interfaces/cmake/ament_cmake_export_include_directories-extras.cmake
[17.610s] -- Up-to-date symlink: /home/cadt-02/Documents/can_test_usb/ros2_can/install/cadt02_interfaces/share/cadt02_interfaces/cmake/rosidl_cmake_export_typesupport_libraries-extras.cmake
[17.611s] -- Up-to-date symlink: /home/cadt-02/Documents/can_test_usb/ros2_can/install/cadt02_interfaces/share/cadt02_interfaces/cmake/rosidl_cmake_export_typesupport_targets-extras.cmake
[17.612s] -- Up-to-date symlink: /home/cadt-02/Documents/can_test_usb/ros2_can/install/cadt02_interfaces/share/cadt02_interfaces/cmake/cadt02_interfacesConfig.cmake
[17.613s] -- Up-to-date symlink: /home/cadt-02/Documents/can_test_usb/ros2_can/install/cadt02_interfaces/share/cadt02_interfaces/cmake/cadt02_interfacesConfig-version.cmake
[17.614s] -- Up-to-date symlink: /home/cadt-02/Documents/can_test_usb/ros2_can/install/cadt02_interfaces/share/cadt02_interfaces/package.xml
[17.615s] -- Up-to-date: /home/cadt-02/Documents/can_test_usb/ros2_can/install/cadt02_interfaces/lib/libcadt02_interfaces__rosidl_generator_c.so
[17.616s] -- Up-to-date: /home/cadt-02/Documents/can_test_usb/ros2_can/install/cadt02_interfaces/lib/libcadt02_interfaces__rosidl_typesupport_introspection_c.so
[17.622s] -- Up-to-date: /home/cadt-02/Documents/can_test_usb/ros2_can/install/cadt02_interfaces/lib/libcadt02_interfaces__rosidl_typesupport_c.so
[17.622s] -- Up-to-date: /home/cadt-02/Documents/can_test_usb/ros2_can/install/cadt02_interfaces/lib/libcadt02_interfaces__rosidl_typesupport_introspection_cpp.so
[17.624s] -- Up-to-date: /home/cadt-02/Documents/can_test_usb/ros2_can/install/cadt02_interfaces/lib/libcadt02_interfaces__rosidl_typesupport_cpp.so
[17.738s] -- Up-to-date: /home/cadt-02/Documents/can_test_usb/ros2_can/install/cadt02_interfaces/share/cadt02_interfaces/cmake/cadt02_interfaces__rosidl_generator_cExport.cmake
[17.739s] -- Up-to-date: /home/cadt-02/Documents/can_test_usb/ros2_can/install/cadt02_interfaces/share/cadt02_interfaces/cmake/cadt02_interfaces__rosidl_generator_cExport-noconfig.cmake
[17.739s] -- Up-to-date: /home/cadt-02/Documents/can_test_usb/ros2_can/install/cadt02_interfaces/share/cadt02_interfaces/cmake/cadt02_interfaces__rosidl_typesupport_introspection_cExport.cmake
[17.739s] -- Up-to-date: /home/cadt-02/Documents/can_test_usb/ros2_can/install/cadt02_interfaces/share/cadt02_interfaces/cmake/cadt02_interfaces__rosidl_typesupport_introspection_cExport-noconfig.cmake
[17.740s] -- Up-to-date: /home/cadt-02/Documents/can_test_usb/ros2_can/install/cadt02_interfaces/share/cadt02_interfaces/cmake/cadt02_interfaces__rosidl_typesupport_cExport.cmake
[17.740s] -- Up-to-date: /home/cadt-02/Documents/can_test_usb/ros2_can/install/cadt02_interfaces/share/cadt02_interfaces/cmake/cadt02_interfaces__rosidl_typesupport_cExport-noconfig.cmake
[17.741s] -- Up-to-date: /home/cadt-02/Documents/can_test_usb/ros2_can/install/cadt02_interfaces/share/cadt02_interfaces/cmake/cadt02_interfaces__rosidl_generator_cppExport.cmake
[17.743s] -- Up-to-date: /home/cadt-02/Documents/can_test_usb/ros2_can/install/cadt02_interfaces/share/cadt02_interfaces/cmake/cadt02_interfaces__rosidl_typesupport_introspection_cppExport.cmake
[17.743s] -- Up-to-date: /home/cadt-02/Documents/can_test_usb/ros2_can/install/cadt02_interfaces/share/cadt02_interfaces/cmake/cadt02_interfaces__rosidl_typesupport_introspection_cppExport-noconfig.cmake
[17.745s] -- Up-to-date: /home/cadt-02/Documents/can_test_usb/ros2_can/install/cadt02_interfaces/share/cadt02_interfaces/cmake/cadt02_interfaces__rosidl_typesupport_cppExport.cmake
[17.745s] -- Up-to-date: /home/cadt-02/Documents/can_test_usb/ros2_can/install/cadt02_interfaces/share/cadt02_interfaces/cmake/cadt02_interfaces__rosidl_typesupport_cppExport-noconfig.cmake
[17.770s] Invoked command in '/home/cadt-02/Documents/can_test_usb/ros2_can/build/cadt02_interfaces' returned '0': CMAKE_PREFIX_PATH=${CMAKE_PREFIX_PATH}:/home/cadt-02/Documents/can_test_usb/ros2_can/install/ros_imu:/home/cadt-02/Documents/can_test_usb/ros2_can/install/odometry_cont:/home/cadt-02/Documents/can_test_usb/ros2_can/install/my_robot:/home/cadt-02/Documents/can_test_usb/ros2_can/install/my_package:/home/cadt-02/Documents/can_test_usb/ros2_can/install/movement:/home/cadt-02/Documents/can_test_usb/ros2_can/install/keyboard_publisher:/home/cadt-02/Documents/can_test_usb/ros2_can/install/keyboard_listener:/home/cadt-02/Documents/can_test_usb/ros2_can/install/auto_r2:/opt/ros/foxy /home/cadt-02/.local/bin/cmake --install /home/cadt-02/Documents/can_test_usb/ros2_can/build/cadt02_interfaces
