/home/cadt-02/.local/lib/python3.8/site-packages/setuptools/dist.py:476: SetuptoolsDeprecationWarning: Invalid dash-separated options
!!

        ********************************************************************************
        Usage of dash-separated 'script-dir' will not be supported in future
        versions. Please use the underscore name 'script_dir' instead.

        By 2024-Sep-26, you need to update your project and remove deprecated calls
        or your builds will no longer be supported.

        See https://setuptools.pypa.io/en/latest/userguide/declarative_config.html for details.
        ********************************************************************************

!!
  opt = self.warn_dash_deprecation(opt, section)
running develop
/home/cadt-02/.local/lib/python3.8/site-packages/setuptools/command/develop.py:42: EasyInstallDeprecationWarning: easy_install command is deprecated.
!!

        ********************************************************************************
        Please avoid running ``setup.py`` and ``easy_install``.
        Instead, use pypa/build, pypa/installer or other
        standards-based tools.

        See https://github.com/pypa/setuptools/issues/917 for details.
        ********************************************************************************

!!
  easy_install.initialize_options(self)
/home/cadt-02/.local/lib/python3.8/site-packages/setuptools/_distutils/cmd.py:66: SetuptoolsDeprecationWarning: setup.py install is deprecated.
!!

        ********************************************************************************
        Please avoid running ``setup.py`` directly.
        Instead, use pypa/build, pypa/installer or other
        standards-based tools.

        See https://blog.ganssle.io/articles/2021/10/setup-py-deprecated.html for details.
        ********************************************************************************

!!
  self.initialize_options()
running egg_info
creating auto_node.egg-info
writing auto_node.egg-info/PKG-INFO
writing dependency_links to auto_node.egg-info/dependency_links.txt
writing entry points to auto_node.egg-info/entry_points.txt
writing requirements to auto_node.egg-info/requires.txt
writing top-level names to auto_node.egg-info/top_level.txt
writing manifest file 'auto_node.egg-info/SOURCES.txt'
reading manifest file 'auto_node.egg-info/SOURCES.txt'
writing manifest file 'auto_node.egg-info/SOURCES.txt'
running build_ext
Creating /home/cadt-02/Documents/can_test_usb/ros2_can/install/auto_node/lib/python3.8/site-packages/auto-node.egg-link (link to .)
Installing auto_node script to /home/cadt-02/Documents/can_test_usb/ros2_can/install/auto_node/lib/auto_node

Installed /home/cadt-02/Documents/can_test_usb/ros2_can/build/auto_node
running install_data
creating /home/cadt-02/Documents/can_test_usb/ros2_can/install/auto_node/share
creating /home/cadt-02/Documents/can_test_usb/ros2_can/install/auto_node/share/ament_index
creating /home/cadt-02/Documents/can_test_usb/ros2_can/install/auto_node/share/ament_index/resource_index
creating /home/cadt-02/Documents/can_test_usb/ros2_can/install/auto_node/share/ament_index/resource_index/packages
copying resource/auto_node -> /home/cadt-02/Documents/can_test_usb/ros2_can/install/auto_node/share/ament_index/resource_index/packages
creating /home/cadt-02/Documents/can_test_usb/ros2_can/install/auto_node/share/auto_node
copying package.xml -> /home/cadt-02/Documents/can_test_usb/ros2_can/install/auto_node/share/auto_node
