running develop
running egg_info
creating auto_node.egg-info
writing auto_node.egg-info/PKG-INFO
writing dependency_links to auto_node.egg-info/dependency_links.txt
writing entry points to auto_node.egg-info/entry_points.txt
writing requirements to auto_node.egg-info/requires.txt
writing top-level names to auto_node.egg-info/top_level.txt
writing manifest file 'auto_node.egg-info/SOURCES.txt'
reading manifest file 'auto_node.egg-info/SOURCES.txt'
writing manifest file 'auto_node.egg-info/SOURCES.txt'
running build_ext
Creating /home/cadt-02/Documents/can_test_usb/ros2_can/install/auto_node/lib/python3.8/site-packages/auto-node.egg-link (link to .)
Installing auto_node script to /home/cadt-02/Documents/can_test_usb/ros2_can/install/auto_node/lib/auto_node

Installed /home/cadt-02/Documents/can_test_usb/ros2_can/build/auto_node
running install_data
creating /home/cadt-02/Documents/can_test_usb/ros2_can/install/auto_node/share
creating /home/cadt-02/Documents/can_test_usb/ros2_can/install/auto_node/share/ament_index
creating /home/cadt-02/Documents/can_test_usb/ros2_can/install/auto_node/share/ament_index/resource_index
creating /home/cadt-02/Documents/can_test_usb/ros2_can/install/auto_node/share/ament_index/resource_index/packages
copying resource/auto_node -> /home/cadt-02/Documents/can_test_usb/ros2_can/install/auto_node/share/ament_index/resource_index/packages
creating /home/cadt-02/Documents/can_test_usb/ros2_can/install/auto_node/share/auto_node
copying package.xml -> /home/cadt-02/Documents/can_test_usb/ros2_can/install/auto_node/share/auto_node
