[14.396s] Invoking command in '/home/cadt-02/Documents/can_test_usb/ros2_can/build/auto_node': PYTHONPATH=/home/cadt-02/Documents/can_test_usb/ros2_can/build/auto_node/prefix_override:/home/cadt-02/Documents/can_test_usb/ros2_can/install/auto_node/lib/python3.8/site-packages:${PYTHONPATH} /usr/bin/python3 setup.py develop --editable --build-directory /home/cadt-02/Documents/can_test_usb/ros2_can/build/auto_node/build --no-deps install_data
[14.754s] /home/cadt-02/.local/lib/python3.8/site-packages/setuptools/dist.py:476: SetuptoolsDeprecationWarning: Invalid dash-separated options
[14.754s] !!
[14.754s] 
[14.754s]         ********************************************************************************
[14.755s]         Usage of dash-separated 'script-dir' will not be supported in future
[14.755s]         versions. Please use the underscore name 'script_dir' instead.
[14.755s] 
[14.755s]         By 2024-Sep-26, you need to update your project and remove deprecated calls
[14.755s]         or your builds will no longer be supported.
[14.755s] 
[14.755s]         See https://setuptools.pypa.io/en/latest/userguide/declarative_config.html for details.
[14.755s]         ********************************************************************************
[14.756s] 
[14.756s] !!
[14.756s]   opt = self.warn_dash_deprecation(opt, section)
[15.320s] running develop
[15.320s] /home/cadt-02/.local/lib/python3.8/site-packages/setuptools/command/develop.py:42: EasyInstallDeprecationWarning: easy_install command is deprecated.
[15.321s] !!
[15.321s] 
[15.321s]         ********************************************************************************
[15.321s]         Please avoid running ``setup.py`` and ``easy_install``.
[15.321s]         Instead, use pypa/build, pypa/installer or other
[15.321s]         standards-based tools.
[15.322s] 
[15.322s]         See https://github.com/pypa/setuptools/issues/917 for details.
[15.322s]         ********************************************************************************
[15.322s] 
[15.322s] !!
[15.322s]   easy_install.initialize_options(self)
[15.416s] /home/cadt-02/.local/lib/python3.8/site-packages/setuptools/_distutils/cmd.py:66: SetuptoolsDeprecationWarning: setup.py install is deprecated.
[15.417s] !!
[15.417s] 
[15.417s]         ********************************************************************************
[15.417s]         Please avoid running ``setup.py`` directly.
[15.417s]         Instead, use pypa/build, pypa/installer or other
[15.417s]         standards-based tools.
[15.418s] 
[15.418s]         See https://blog.ganssle.io/articles/2021/10/setup-py-deprecated.html for details.
[15.418s]         ********************************************************************************
[15.418s] 
[15.418s] !!
[15.418s]   self.initialize_options()
[16.305s] running egg_info
[16.306s] creating auto_node.egg-info
[16.415s] writing auto_node.egg-info/PKG-INFO
[16.418s] writing dependency_links to auto_node.egg-info/dependency_links.txt
[16.418s] writing entry points to auto_node.egg-info/entry_points.txt
[16.419s] writing requirements to auto_node.egg-info/requires.txt
[16.420s] writing top-level names to auto_node.egg-info/top_level.txt
[16.423s] writing manifest file 'auto_node.egg-info/SOURCES.txt'
[16.630s] reading manifest file 'auto_node.egg-info/SOURCES.txt'
[16.643s] writing manifest file 'auto_node.egg-info/SOURCES.txt'
[17.014s] running build_ext
[17.018s] Creating /home/cadt-02/Documents/can_test_usb/ros2_can/install/auto_node/lib/python3.8/site-packages/auto-node.egg-link (link to .)
[17.022s] Installing auto_node script to /home/cadt-02/Documents/can_test_usb/ros2_can/install/auto_node/lib/auto_node
[17.024s] 
[17.026s] Installed /home/cadt-02/Documents/can_test_usb/ros2_can/build/auto_node
[17.027s] running install_data
[17.034s] creating /home/cadt-02/Documents/can_test_usb/ros2_can/install/auto_node/share
[17.035s] creating /home/cadt-02/Documents/can_test_usb/ros2_can/install/auto_node/share/ament_index
[17.037s] creating /home/cadt-02/Documents/can_test_usb/ros2_can/install/auto_node/share/ament_index/resource_index
[17.038s] creating /home/cadt-02/Documents/can_test_usb/ros2_can/install/auto_node/share/ament_index/resource_index/packages
[17.039s] copying resource/auto_node -> /home/cadt-02/Documents/can_test_usb/ros2_can/install/auto_node/share/ament_index/resource_index/packages
[17.040s] creating /home/cadt-02/Documents/can_test_usb/ros2_can/install/auto_node/share/auto_node
[17.041s] copying package.xml -> /home/cadt-02/Documents/can_test_usb/ros2_can/install/auto_node/share/auto_node
[17.370s] Invoked command in '/home/cadt-02/Documents/can_test_usb/ros2_can/build/auto_node' returned '0': PYTHONPATH=/home/cadt-02/Documents/can_test_usb/ros2_can/build/auto_node/prefix_override:/home/cadt-02/Documents/can_test_usb/ros2_can/install/auto_node/lib/python3.8/site-packages:${PYTHONPATH} /usr/bin/python3 setup.py develop --editable --build-directory /home/cadt-02/Documents/can_test_usb/ros2_can/build/auto_node/build --no-deps install_data
