[15.198s] Invoking command in '/home/cadt-02/Documents/can_test_usb/ros2_can/build/my_package': PYTHONPATH=/home/cadt-02/Documents/can_test_usb/ros2_can/build/my_package/prefix_override:/home/cadt-02/Documents/can_test_usb/ros2_can/install/my_package/lib/python3.8/site-packages:${PYTHONPATH} /usr/bin/python3 setup.py develop --editable --build-directory /home/cadt-02/Documents/can_test_usb/ros2_can/build/my_package/build --no-deps install_data
[16.635s] running develop
[16.647s] /home/cadt-02/.local/lib/python3.8/site-packages/setuptools/dist.py:476: SetuptoolsDeprecationWarning: Invalid dash-separated options
[16.647s] !!
[16.648s] 
[16.648s]         ********************************************************************************
[16.648s]         Usage of dash-separated 'build-base' will not be supported in future
[16.648s]         versions. Please use the underscore name 'build_base' instead.
[16.648s] 
[16.648s]         By 2024-Sep-26, you need to update your project and remove deprecated calls
[16.648s]         or your builds will no longer be supported.
[16.649s] 
[16.649s]         See https://setuptools.pypa.io/en/latest/userguide/declarative_config.html for details.
[16.649s]         ********************************************************************************
[16.649s] 
[16.649s] !!
[16.649s]   opt = self.warn_dash_deprecation(opt, section)
[16.649s] /home/cadt-02/.local/lib/python3.8/site-packages/setuptools/command/develop.py:42: EasyInstallDeprecationWarning: easy_install command is deprecated.
[16.650s] !!
[16.650s] 
[16.650s]         ********************************************************************************
[16.650s]         Please avoid running ``setup.py`` and ``easy_install``.
[16.650s]         Instead, use pypa/build, pypa/installer or other
[16.650s]         standards-based tools.
[16.650s] 
[16.650s]         See https://github.com/pypa/setuptools/issues/917 for details.
[16.651s]         ********************************************************************************
[16.651s] 
[16.651s] !!
[16.651s]   easy_install.initialize_options(self)
[16.651s] /home/cadt-02/.local/lib/python3.8/site-packages/setuptools/_distutils/cmd.py:66: SetuptoolsDeprecationWarning: setup.py install is deprecated.
[16.651s] !!
[16.651s] 
[16.651s]         ********************************************************************************
[16.652s]         Please avoid running ``setup.py`` directly.
[16.652s]         Instead, use pypa/build, pypa/installer or other
[16.652s]         standards-based tools.
[16.652s] 
[16.652s]         See https://blog.ganssle.io/articles/2021/10/setup-py-deprecated.html for details.
[16.653s]         ********************************************************************************
[16.653s] 
[16.654s] !!
[16.654s]   self.initialize_options()
[16.834s] running egg_info
[16.889s] writing my_package.egg-info/PKG-INFO
[16.889s] writing dependency_links to my_package.egg-info/dependency_links.txt
[16.890s] writing entry points to my_package.egg-info/entry_points.txt
[16.891s] writing requirements to my_package.egg-info/requires.txt
[16.891s] writing top-level names to my_package.egg-info/top_level.txt
[16.991s] reading manifest file 'my_package.egg-info/SOURCES.txt'
[16.991s] writing manifest file 'my_package.egg-info/SOURCES.txt'
[17.165s] running build_ext
[17.165s] Creating /home/cadt-02/Documents/can_test_usb/ros2_can/install/my_package/lib/python3.8/site-packages/my-package.egg-link (link to .)
[17.169s] Installing live_detection_node script to /home/cadt-02/Documents/can_test_usb/ros2_can/install/my_package/lib/my_package
[17.169s] Installing main script to /home/cadt-02/Documents/can_test_usb/ros2_can/install/my_package/lib/my_package
[17.169s] Installing my_node script to /home/cadt-02/Documents/can_test_usb/ros2_can/install/my_package/lib/my_package
[17.169s] Installing reinforcement_r2 script to /home/cadt-02/Documents/can_test_usb/ros2_can/install/my_package/lib/my_package
[17.170s] 
[17.170s] Installed /home/cadt-02/Documents/can_test_usb/ros2_can/build/my_package
[17.170s] running install_data
[17.170s] copying resource/my_package -> /home/cadt-02/Documents/can_test_usb/ros2_can/install/my_package/share/ament_index/resource_index/packages
[17.171s] copying package.xml -> /home/cadt-02/Documents/can_test_usb/ros2_can/install/my_package/share/my_package
[21.930s] Invoked command in '/home/cadt-02/Documents/can_test_usb/ros2_can/build/my_package' returned '0': PYTHONPATH=/home/cadt-02/Documents/can_test_usb/ros2_can/build/my_package/prefix_override:/home/cadt-02/Documents/can_test_usb/ros2_can/install/my_package/lib/python3.8/site-packages:${PYTHONPATH} /usr/bin/python3 setup.py develop --editable --build-directory /home/cadt-02/Documents/can_test_usb/ros2_can/build/my_package/build --no-deps install_data
