[13.634s] Invoking command in '/home/cadt-02/Documents/can_test_usb/ros2_can/src/my_package': PYTHONPATH=/home/cadt-02/Documents/can_test_usb/ros2_can/build/my_package/prefix_override:/home/cadt-02/Documents/can_test_usb/ros2_can/install/my_package/lib/python3.8/site-packages:${PYTHONPATH} /usr/bin/python3 setup.py egg_info --egg-base ../../build/my_package build --build-base /home/cadt-02/Documents/can_test_usb/ros2_can/build/my_package/build install --record /home/cadt-02/Documents/can_test_usb/ros2_can/build/my_package/install.log --single-version-externally-managed
[15.253s] running egg_info
[15.255s] writing ../../build/my_package/my_package.egg-info/PKG-INFO
[15.256s] writing dependency_links to ../../build/my_package/my_package.egg-info/dependency_links.txt
[15.257s] writing entry points to ../../build/my_package/my_package.egg-info/entry_points.txt
[15.258s] writing requirements to ../../build/my_package/my_package.egg-info/requires.txt
[15.258s] writing top-level names to ../../build/my_package/my_package.egg-info/top_level.txt
[15.259s] reading manifest file '../../build/my_package/my_package.egg-info/SOURCES.txt'
[15.259s] writing manifest file '../../build/my_package/my_package.egg-info/SOURCES.txt'
[15.260s] running build
[15.260s] running build_py
[15.260s] copying my_package/reinforcement_r2.py -> /home/cadt-02/Documents/can_test_usb/ros2_can/build/my_package/build/lib/my_package
[15.261s] copying my_package/live_detection_node.py -> /home/cadt-02/Documents/can_test_usb/ros2_can/build/my_package/build/lib/my_package
[15.261s] copying my_package/__init__.py -> /home/cadt-02/Documents/can_test_usb/ros2_can/build/my_package/build/lib/my_package
[15.262s] copying my_package/main.py -> /home/cadt-02/Documents/can_test_usb/ros2_can/build/my_package/build/lib/my_package
[15.262s] running install
[15.263s] running install_lib
[15.263s] running install_data
[15.263s] copying resource/my_package -> /home/cadt-02/Documents/can_test_usb/ros2_can/install/my_package/share/ament_index/resource_index/packages
[15.264s] copying package.xml -> /home/cadt-02/Documents/can_test_usb/ros2_can/install/my_package/share/my_package
[15.265s] running install_egg_info
[15.265s] removing '/home/cadt-02/Documents/can_test_usb/ros2_can/install/my_package/lib/python3.8/site-packages/my_package-0.0.0-py3.8.egg-info' (and everything under it)
[15.265s] Copying ../../build/my_package/my_package.egg-info to /home/cadt-02/Documents/can_test_usb/ros2_can/install/my_package/lib/python3.8/site-packages/my_package-0.0.0-py3.8.egg-info
[15.266s] running install_scripts
[15.266s] Installing live_detection_node script to /home/cadt-02/Documents/can_test_usb/ros2_can/install/my_package/lib/my_package
[15.267s] Installing main script to /home/cadt-02/Documents/can_test_usb/ros2_can/install/my_package/lib/my_package
[15.267s] Installing my_node script to /home/cadt-02/Documents/can_test_usb/ros2_can/install/my_package/lib/my_package
[15.267s] Installing reinforcement_r2 script to /home/cadt-02/Documents/can_test_usb/ros2_can/install/my_package/lib/my_package
[15.268s] writing list of installed files to '/home/cadt-02/Documents/can_test_usb/ros2_can/build/my_package/install.log'
[15.269s] /home/cadt-02/.local/lib/python3.8/site-packages/setuptools/dist.py:476: SetuptoolsDeprecationWarning: Invalid dash-separated options
[15.269s] !!
[15.269s] 
[15.270s]         ********************************************************************************
[15.270s]         Usage of dash-separated 'build-base' will not be supported in future
[15.271s]         versions. Please use the underscore name 'build_base' instead.
[15.271s] 
[15.271s]         By 2024-Sep-26, you need to update your project and remove deprecated calls
[15.272s]         or your builds will no longer be supported.
[15.272s] 
[15.273s]         See https://setuptools.pypa.io/en/latest/userguide/declarative_config.html for details.
[15.273s]         ********************************************************************************
[15.273s] 
[15.274s] !!
[15.274s]   opt = self.warn_dash_deprecation(opt, section)
[15.275s] /home/cadt-02/.local/lib/python3.8/site-packages/setuptools/_distutils/cmd.py:66: SetuptoolsDeprecationWarning: setup.py install is deprecated.
[15.275s] !!
[15.276s] 
[15.276s]         ********************************************************************************
[15.276s]         Please avoid running ``setup.py`` directly.
[15.277s]         Instead, use pypa/build, pypa/installer or other
[15.278s]         standards-based tools.
[15.278s] 
[15.278s]         See https://blog.ganssle.io/articles/2021/10/setup-py-deprecated.html for details.
[15.279s]         ********************************************************************************
[15.279s] 
[15.279s] !!
[15.279s]   self.initialize_options()
[17.963s] Invoked command in '/home/cadt-02/Documents/can_test_usb/ros2_can/src/my_package' returned '0': PYTHONPATH=/home/cadt-02/Documents/can_test_usb/ros2_can/build/my_package/prefix_override:/home/cadt-02/Documents/can_test_usb/ros2_can/install/my_package/lib/python3.8/site-packages:${PYTHONPATH} /usr/bin/python3 setup.py egg_info --egg-base ../../build/my_package build --build-base /home/cadt-02/Documents/can_test_usb/ros2_can/build/my_package/build install --record /home/cadt-02/Documents/can_test_usb/ros2_can/build/my_package/install.log --single-version-externally-managed
