[14.351s] Invoking command in '/home/cadt-02/Documents/can_test_usb/ros2_can/build/ros_imu': PYTHONPATH=/home/cadt-02/Documents/can_test_usb/ros2_can/build/ros_imu/prefix_override:/home/cadt-02/Documents/can_test_usb/ros2_can/install/ros_imu/lib/python3.8/site-packages:${PYTHONPATH} /usr/bin/python3 setup.py develop --editable --build-directory /home/cadt-02/Documents/can_test_usb/ros2_can/build/ros_imu/build --no-deps install_data
[14.707s] /home/cadt-02/.local/lib/python3.8/site-packages/setuptools/dist.py:476: SetuptoolsDeprecationWarning: Invalid dash-separated options
[14.709s] !!
[14.712s] 
[14.719s]         ********************************************************************************
[14.720s]         Usage of dash-separated 'script-dir' will not be supported in future
[14.721s]         versions. Please use the underscore name 'script_dir' instead.
[14.723s] 
[14.724s]         By 2024-Sep-26, you need to update your project and remove deprecated calls
[14.725s]         or your builds will no longer be supported.
[14.727s] 
[14.728s]         See https://setuptools.pypa.io/en/latest/userguide/declarative_config.html for details.
[14.729s]         ********************************************************************************
[14.729s] 
[14.735s] !!
[14.736s]   opt = self.warn_dash_deprecation(opt, section)
[15.213s] running develop
[15.215s] /home/cadt-02/.local/lib/python3.8/site-packages/setuptools/command/develop.py:42: EasyInstallDeprecationWarning: easy_install command is deprecated.
[15.216s] !!
[15.216s] 
[15.217s]         ********************************************************************************
[15.219s]         Please avoid running ``setup.py`` and ``easy_install``.
[15.220s]         Instead, use pypa/build, pypa/installer or other
[15.221s]         standards-based tools.
[15.222s] 
[15.223s]         See https://github.com/pypa/setuptools/issues/917 for details.
[15.224s]         ********************************************************************************
[15.225s] 
[15.226s] !!
[15.229s]   easy_install.initialize_options(self)
[15.303s] /home/cadt-02/.local/lib/python3.8/site-packages/setuptools/_distutils/cmd.py:66: SetuptoolsDeprecationWarning: setup.py install is deprecated.
[15.304s] !!
[15.306s] 
[15.306s]         ********************************************************************************
[15.307s]         Please avoid running ``setup.py`` directly.
[15.307s]         Instead, use pypa/build, pypa/installer or other
[15.308s]         standards-based tools.
[15.308s] 
[15.308s]         See https://blog.ganssle.io/articles/2021/10/setup-py-deprecated.html for details.
[15.309s]         ********************************************************************************
[15.309s] 
[15.309s] !!
[15.310s]   self.initialize_options()
[15.773s] running egg_info
[15.817s] writing ros_imu.egg-info/PKG-INFO
[15.819s] writing dependency_links to ros_imu.egg-info/dependency_links.txt
[15.819s] writing entry points to ros_imu.egg-info/entry_points.txt
[15.820s] writing requirements to ros_imu.egg-info/requires.txt
[15.825s] writing top-level names to ros_imu.egg-info/top_level.txt
[15.911s] reading manifest file 'ros_imu.egg-info/SOURCES.txt'
[15.913s] writing manifest file 'ros_imu.egg-info/SOURCES.txt'
[16.070s] running build_ext
[16.071s] Creating /home/cadt-02/Documents/can_test_usb/ros2_can/install/ros_imu/lib/python3.8/site-packages/ros-imu.egg-link (link to .)
[16.073s] Installing ros_imu script to /home/cadt-02/Documents/can_test_usb/ros2_can/install/ros_imu/lib/ros_imu
[16.074s] 
[16.074s] Installed /home/cadt-02/Documents/can_test_usb/ros2_can/build/ros_imu
[16.074s] running install_data
[16.074s] copying resource/ros_imu -> /home/cadt-02/Documents/can_test_usb/ros2_can/install/ros_imu/share/ament_index/resource_index/packages
[16.074s] copying package.xml -> /home/cadt-02/Documents/can_test_usb/ros2_can/install/ros_imu/share/ros_imu
[16.195s] Invoked command in '/home/cadt-02/Documents/can_test_usb/ros2_can/build/ros_imu' returned '0': PYTHONPATH=/home/cadt-02/Documents/can_test_usb/ros2_can/build/ros_imu/prefix_override:/home/cadt-02/Documents/can_test_usb/ros2_can/install/ros_imu/lib/python3.8/site-packages:${PYTHONPATH} /usr/bin/python3 setup.py develop --editable --build-directory /home/cadt-02/Documents/can_test_usb/ros2_can/build/ros_imu/build --no-deps install_data
