[18.579s] Invoking command in '/home/cadt-02/Documents/can_test_usb/ros2_can/build/auto_r2': PYTHONPATH=/home/cadt-02/Documents/can_test_usb/ros2_can/build/auto_r2/prefix_override:/home/cadt-02/Documents/can_test_usb/ros2_can/install/auto_r2/lib/python3.8/site-packages:${PYTHONPATH} /usr/bin/python3 setup.py develop --editable --build-directory /home/cadt-02/Documents/can_test_usb/ros2_can/build/auto_r2/build --no-deps install_data
[18.967s] /home/cadt-02/.local/lib/python3.8/site-packages/setuptools/dist.py:476: SetuptoolsDeprecationWarning: Invalid dash-separated options
[18.967s] !!
[18.967s] 
[18.967s]         ********************************************************************************
[18.967s]         Usage of dash-separated 'script-dir' will not be supported in future
[18.968s]         versions. Please use the underscore name 'script_dir' instead.
[18.968s] 
[18.968s]         By 2024-Sep-26, you need to update your project and remove deprecated calls
[18.968s]         or your builds will no longer be supported.
[18.968s] 
[18.968s]         See https://setuptools.pypa.io/en/latest/userguide/declarative_config.html for details.
[18.968s]         ********************************************************************************
[18.969s] 
[18.969s] !!
[18.969s]   opt = self.warn_dash_deprecation(opt, section)
[19.648s] running develop
[19.648s] /home/cadt-02/.local/lib/python3.8/site-packages/setuptools/command/develop.py:42: EasyInstallDeprecationWarning: easy_install command is deprecated.
[19.648s] !!
[19.648s] 
[19.649s]         ********************************************************************************
[19.649s]         Please avoid running ``setup.py`` and ``easy_install``.
[19.649s]         Instead, use pypa/build, pypa/installer or other
[19.649s]         standards-based tools.
[19.649s] 
[19.649s]         See https://github.com/pypa/setuptools/issues/917 for details.
[19.649s]         ********************************************************************************
[19.650s] 
[19.650s] !!
[19.650s]   easy_install.initialize_options(self)
[19.750s] /home/cadt-02/.local/lib/python3.8/site-packages/setuptools/_distutils/cmd.py:66: SetuptoolsDeprecationWarning: setup.py install is deprecated.
[19.751s] !!
[19.751s] 
[19.751s]         ********************************************************************************
[19.751s]         Please avoid running ``setup.py`` directly.
[19.751s]         Instead, use pypa/build, pypa/installer or other
[19.751s]         standards-based tools.
[19.751s] 
[19.752s]         See https://blog.ganssle.io/articles/2021/10/setup-py-deprecated.html for details.
[19.752s]         ********************************************************************************
[19.752s] 
[19.752s] !!
[19.752s]   self.initialize_options()
[20.311s] running egg_info
[20.356s] writing auto_r2.egg-info/PKG-INFO
[20.360s] writing dependency_links to auto_r2.egg-info/dependency_links.txt
[20.360s] writing entry points to auto_r2.egg-info/entry_points.txt
[20.361s] writing requirements to auto_r2.egg-info/requires.txt
[20.361s] writing top-level names to auto_r2.egg-info/top_level.txt
[20.461s] reading manifest file 'auto_r2.egg-info/SOURCES.txt'
[20.467s] writing manifest file 'auto_r2.egg-info/SOURCES.txt'
[20.672s] running build_ext
[20.672s] Creating /home/cadt-02/Documents/can_test_usb/ros2_can/install/auto_r2/lib/python3.8/site-packages/auto-r2.egg-link (link to .)
[20.678s] Installing auto_r2 script to /home/cadt-02/Documents/can_test_usb/ros2_can/install/auto_r2/lib/auto_r2
[20.679s] 
[20.682s] Installed /home/cadt-02/Documents/can_test_usb/ros2_can/build/auto_r2
[20.685s] running install_data
[20.686s] copying resource/auto_r2 -> /home/cadt-02/Documents/can_test_usb/ros2_can/install/auto_r2/share/ament_index/resource_index/packages
[20.688s] copying package.xml -> /home/cadt-02/Documents/can_test_usb/ros2_can/install/auto_r2/share/auto_r2
[27.191s] Invoked command in '/home/cadt-02/Documents/can_test_usb/ros2_can/build/auto_r2' returned '0': PYTHONPATH=/home/cadt-02/Documents/can_test_usb/ros2_can/build/auto_r2/prefix_override:/home/cadt-02/Documents/can_test_usb/ros2_can/install/auto_r2/lib/python3.8/site-packages:${PYTHONPATH} /usr/bin/python3 setup.py develop --editable --build-directory /home/cadt-02/Documents/can_test_usb/ros2_can/build/auto_r2/build --no-deps install_data
