[13.109s] Invoking command in '/home/cadt-02/Documents/can_test_usb/ros2_can/build/ros_imu': PYTHONPATH=/home/cadt-02/Documents/can_test_usb/ros2_can/build/ros_imu/prefix_override:/home/cadt-02/Documents/can_test_usb/ros2_can/install/ros_imu/lib/python3.8/site-packages:${PYTHONPATH} /usr/bin/python3 setup.py develop --editable --build-directory /home/cadt-02/Documents/can_test_usb/ros2_can/build/ros_imu/build --no-deps install_data
[13.444s] /home/cadt-02/.local/lib/python3.8/site-packages/setuptools/dist.py:476: SetuptoolsDeprecationWarning: Invalid dash-separated options
[13.444s] !!
[13.444s] 
[13.445s]         ********************************************************************************
[13.445s]         Usage of dash-separated 'script-dir' will not be supported in future
[13.445s]         versions. Please use the underscore name 'script_dir' instead.
[13.445s] 
[13.445s]         By 2024-Sep-26, you need to update your project and remove deprecated calls
[13.445s]         or your builds will no longer be supported.
[13.445s] 
[13.446s]         See https://setuptools.pypa.io/en/latest/userguide/declarative_config.html for details.
[13.446s]         ********************************************************************************
[13.446s] 
[13.446s] !!
[13.446s]   opt = self.warn_dash_deprecation(opt, section)
[13.933s] running develop
[13.933s] /home/cadt-02/.local/lib/python3.8/site-packages/setuptools/command/develop.py:42: EasyInstallDeprecationWarning: easy_install command is deprecated.
[13.934s] !!
[13.934s] 
[13.934s]         ********************************************************************************
[13.934s]         Please avoid running ``setup.py`` and ``easy_install``.
[13.934s]         Instead, use pypa/build, pypa/installer or other
[13.934s]         standards-based tools.
[13.934s] 
[13.934s]         See https://github.com/pypa/setuptools/issues/917 for details.
[13.935s]         ********************************************************************************
[13.935s] 
[13.935s] !!
[13.935s]   easy_install.initialize_options(self)
[14.021s] /home/cadt-02/.local/lib/python3.8/site-packages/setuptools/_distutils/cmd.py:66: SetuptoolsDeprecationWarning: setup.py install is deprecated.
[14.021s] !!
[14.021s] 
[14.022s]         ********************************************************************************
[14.022s]         Please avoid running ``setup.py`` directly.
[14.022s]         Instead, use pypa/build, pypa/installer or other
[14.022s]         standards-based tools.
[14.023s] 
[14.023s]         See https://blog.ganssle.io/articles/2021/10/setup-py-deprecated.html for details.
[14.023s]         ********************************************************************************
[14.023s] 
[14.023s] !!
[14.024s]   self.initialize_options()
[14.476s] running egg_info
[14.519s] writing ros_imu.egg-info/PKG-INFO
[14.520s] writing dependency_links to ros_imu.egg-info/dependency_links.txt
[14.520s] writing entry points to ros_imu.egg-info/entry_points.txt
[14.520s] writing requirements to ros_imu.egg-info/requires.txt
[14.521s] writing top-level names to ros_imu.egg-info/top_level.txt
[14.612s] reading manifest file 'ros_imu.egg-info/SOURCES.txt'
[14.613s] writing manifest file 'ros_imu.egg-info/SOURCES.txt'
[14.771s] running build_ext
[14.771s] Creating /home/cadt-02/Documents/can_test_usb/ros2_can/install/ros_imu/lib/python3.8/site-packages/ros-imu.egg-link (link to .)
[14.773s] Installing ros_imu script to /home/cadt-02/Documents/can_test_usb/ros2_can/install/ros_imu/lib/ros_imu
[14.774s] 
[14.774s] Installed /home/cadt-02/Documents/can_test_usb/ros2_can/build/ros_imu
[14.774s] running install_data
[14.774s] copying resource/ros_imu -> /home/cadt-02/Documents/can_test_usb/ros2_can/install/ros_imu/share/ament_index/resource_index/packages
[14.775s] copying package.xml -> /home/cadt-02/Documents/can_test_usb/ros2_can/install/ros_imu/share/ros_imu
[14.900s] Invoked command in '/home/cadt-02/Documents/can_test_usb/ros2_can/build/ros_imu' returned '0': PYTHONPATH=/home/cadt-02/Documents/can_test_usb/ros2_can/build/ros_imu/prefix_override:/home/cadt-02/Documents/can_test_usb/ros2_can/install/ros_imu/lib/python3.8/site-packages:${PYTHONPATH} /usr/bin/python3 setup.py develop --editable --build-directory /home/cadt-02/Documents/can_test_usb/ros2_can/build/ros_imu/build --no-deps install_data
