running egg_info
creating build/my_robot_control/my_robot_control.egg-info
writing build/my_robot_control/my_robot_control.egg-info/PKG-INFO
writing dependency_links to build/my_robot_control/my_robot_control.egg-info/dependency_links.txt
writing entry points to build/my_robot_control/my_robot_control.egg-info/entry_points.txt
writing requirements to build/my_robot_control/my_robot_control.egg-info/requires.txt
writing top-level names to build/my_robot_control/my_robot_control.egg-info/top_level.txt
writing manifest file 'build/my_robot_control/my_robot_control.egg-info/SOURCES.txt'
reading manifest file 'build/my_robot_control/my_robot_control.egg-info/SOURCES.txt'
writing manifest file 'build/my_robot_control/my_robot_control.egg-info/SOURCES.txt'
running build
running build_py
creating /home/romcadt/ros2_ws/src/my_robot_control/build/my_robot_control/build
creating /home/romcadt/ros2_ws/src/my_robot_control/build/my_robot_control/build/lib
creating /home/romcadt/ros2_ws/src/my_robot_control/build/my_robot_control/build/lib/my_robot_control
copying my_robot_control/movement_control.py -> /home/romcadt/ros2_ws/src/my_robot_control/build/my_robot_control/build/lib/my_robot_control
copying my_robot_control/__init__.py -> /home/romcadt/ros2_ws/src/my_robot_control/build/my_robot_control/build/lib/my_robot_control
running install
running install_lib
creating /home/romcadt/ros2_ws/src/my_robot_control/install/my_robot_control/lib/python3.8/site-packages/my_robot_control
copying /home/romcadt/ros2_ws/src/my_robot_control/build/my_robot_control/build/lib/my_robot_control/movement_control.py -> /home/romcadt/ros2_ws/src/my_robot_control/install/my_robot_control/lib/python3.8/site-packages/my_robot_control
copying /home/romcadt/ros2_ws/src/my_robot_control/build/my_robot_control/build/lib/my_robot_control/__init__.py -> /home/romcadt/ros2_ws/src/my_robot_control/install/my_robot_control/lib/python3.8/site-packages/my_robot_control
byte-compiling /home/romcadt/ros2_ws/src/my_robot_control/install/my_robot_control/lib/python3.8/site-packages/my_robot_control/movement_control.py to movement_control.cpython-38.pyc
byte-compiling /home/romcadt/ros2_ws/src/my_robot_control/install/my_robot_control/lib/python3.8/site-packages/my_robot_control/__init__.py to __init__.cpython-38.pyc
running install_data
creating /home/romcadt/ros2_ws/src/my_robot_control/install/my_robot_control/share/ament_index
creating /home/romcadt/ros2_ws/src/my_robot_control/install/my_robot_control/share/ament_index/resource_index
creating /home/romcadt/ros2_ws/src/my_robot_control/install/my_robot_control/share/ament_index/resource_index/packages
copying resource/my_robot_control -> /home/romcadt/ros2_ws/src/my_robot_control/install/my_robot_control/share/ament_index/resource_index/packages
copying package.xml -> /home/romcadt/ros2_ws/src/my_robot_control/install/my_robot_control/share/my_robot_control
running install_egg_info
Copying build/my_robot_control/my_robot_control.egg-info to /home/romcadt/ros2_ws/src/my_robot_control/install/my_robot_control/lib/python3.8/site-packages/my_robot_control-0.0.0-py3.8.egg-info
running install_scripts
Installing movement_control script to /home/romcadt/ros2_ws/src/my_robot_control/install/my_robot_control/lib/my_robot_control
writing list of installed files to '/home/romcadt/ros2_ws/src/my_robot_control/build/my_robot_control/install.log'
