[2.192s] Invoking command in '/home/romcadt/ros2_ws/src/my_robot_control': PYTHONPATH=/home/romcadt/ros2_ws/src/my_robot_control/build/my_robot_control/prefix_override:/home/romcadt/ros2_ws/src/my_robot_control/install/my_robot_control/lib/python3.8/site-packages:${PYTHONPATH} /usr/bin/python3 -W ignore:setup.py install is deprecated setup.py egg_info --egg-base build/my_robot_control build --build-base /home/romcadt/ros2_ws/src/my_robot_control/build/my_robot_control/build install --record /home/romcadt/ros2_ws/src/my_robot_control/build/my_robot_control/install.log --install-scripts $base/lib/my_robot_control --single-version-externally-managed install_data
[2.732s] running egg_info
[2.734s] creating build/my_robot_control/my_robot_control.egg-info
[2.735s] writing build/my_robot_control/my_robot_control.egg-info/PKG-INFO
[2.736s] writing dependency_links to build/my_robot_control/my_robot_control.egg-info/dependency_links.txt
[2.737s] writing entry points to build/my_robot_control/my_robot_control.egg-info/entry_points.txt
[2.737s] writing requirements to build/my_robot_control/my_robot_control.egg-info/requires.txt
[2.738s] writing top-level names to build/my_robot_control/my_robot_control.egg-info/top_level.txt
[2.750s] writing manifest file 'build/my_robot_control/my_robot_control.egg-info/SOURCES.txt'
[2.819s] reading manifest file 'build/my_robot_control/my_robot_control.egg-info/SOURCES.txt'
[2.821s] writing manifest file 'build/my_robot_control/my_robot_control.egg-info/SOURCES.txt'
[2.822s] running build
[2.822s] running build_py
[2.824s] creating /home/romcadt/ros2_ws/src/my_robot_control/build/my_robot_control/build
[2.824s] creating /home/romcadt/ros2_ws/src/my_robot_control/build/my_robot_control/build/lib
[2.824s] creating /home/romcadt/ros2_ws/src/my_robot_control/build/my_robot_control/build/lib/my_robot_control
[2.824s] copying my_robot_control/movement_control.py -> /home/romcadt/ros2_ws/src/my_robot_control/build/my_robot_control/build/lib/my_robot_control
[2.824s] copying my_robot_control/__init__.py -> /home/romcadt/ros2_ws/src/my_robot_control/build/my_robot_control/build/lib/my_robot_control
[2.825s] running install
[2.828s] running install_lib
[2.831s] creating /home/romcadt/ros2_ws/src/my_robot_control/install/my_robot_control/lib/python3.8/site-packages/my_robot_control
[2.833s] copying /home/romcadt/ros2_ws/src/my_robot_control/build/my_robot_control/build/lib/my_robot_control/movement_control.py -> /home/romcadt/ros2_ws/src/my_robot_control/install/my_robot_control/lib/python3.8/site-packages/my_robot_control
[2.833s] copying /home/romcadt/ros2_ws/src/my_robot_control/build/my_robot_control/build/lib/my_robot_control/__init__.py -> /home/romcadt/ros2_ws/src/my_robot_control/install/my_robot_control/lib/python3.8/site-packages/my_robot_control
[2.833s] byte-compiling /home/romcadt/ros2_ws/src/my_robot_control/install/my_robot_control/lib/python3.8/site-packages/my_robot_control/movement_control.py to movement_control.cpython-38.pyc
[2.842s] byte-compiling /home/romcadt/ros2_ws/src/my_robot_control/install/my_robot_control/lib/python3.8/site-packages/my_robot_control/__init__.py to __init__.cpython-38.pyc
[2.843s] running install_data
[2.844s] creating /home/romcadt/ros2_ws/src/my_robot_control/install/my_robot_control/share/ament_index
[2.844s] creating /home/romcadt/ros2_ws/src/my_robot_control/install/my_robot_control/share/ament_index/resource_index
[2.844s] creating /home/romcadt/ros2_ws/src/my_robot_control/install/my_robot_control/share/ament_index/resource_index/packages
[2.845s] copying resource/my_robot_control -> /home/romcadt/ros2_ws/src/my_robot_control/install/my_robot_control/share/ament_index/resource_index/packages
[2.846s] copying package.xml -> /home/romcadt/ros2_ws/src/my_robot_control/install/my_robot_control/share/my_robot_control
[2.846s] running install_egg_info
[2.850s] Copying build/my_robot_control/my_robot_control.egg-info to /home/romcadt/ros2_ws/src/my_robot_control/install/my_robot_control/lib/python3.8/site-packages/my_robot_control-0.0.0-py3.8.egg-info
[2.853s] running install_scripts
[2.901s] Installing movement_control script to /home/romcadt/ros2_ws/src/my_robot_control/install/my_robot_control/lib/my_robot_control
[2.904s] writing list of installed files to '/home/romcadt/ros2_ws/src/my_robot_control/build/my_robot_control/install.log'
[2.950s] Invoked command in '/home/romcadt/ros2_ws/src/my_robot_control' returned '0': PYTHONPATH=/home/romcadt/ros2_ws/src/my_robot_control/build/my_robot_control/prefix_override:/home/romcadt/ros2_ws/src/my_robot_control/install/my_robot_control/lib/python3.8/site-packages:${PYTHONPATH} /usr/bin/python3 -W ignore:setup.py install is deprecated setup.py egg_info --egg-base build/my_robot_control build --build-base /home/romcadt/ros2_ws/src/my_robot_control/build/my_robot_control/build install --record /home/romcadt/ros2_ws/src/my_robot_control/build/my_robot_control/install.log --install-scripts $base/lib/my_robot_control --single-version-externally-managed install_data
