[16.659s] Invoking command in '/home/cadt-02/Documents/can_test_usb/ros2_can/build/movement': PYTHONPATH=/home/cadt-02/Documents/can_test_usb/ros2_can/build/movement/prefix_override:/home/cadt-02/Documents/can_test_usb/ros2_can/install/movement/lib/python3.8/site-packages:${PYTHONPATH} /usr/bin/python3 setup.py develop --editable --build-directory /home/cadt-02/Documents/can_test_usb/ros2_can/build/movement/build --no-deps install_data
[18.102s] running develop
[18.104s] /home/cadt-02/.local/lib/python3.8/site-packages/setuptools/command/develop.py:42: EasyInstallDeprecationWarning: easy_install command is deprecated.
[18.104s] !!
[18.105s] 
[18.105s]         ********************************************************************************
[18.105s]         Please avoid running ``setup.py`` and ``easy_install``.
[18.105s]         Instead, use pypa/build, pypa/installer or other
[18.105s]         standards-based tools.
[18.105s] 
[18.105s]         See https://github.com/pypa/setuptools/issues/917 for details.
[18.106s]         ********************************************************************************
[18.106s] 
[18.106s] !!
[18.106s]   easy_install.initialize_options(self)
[18.106s] /home/cadt-02/.local/lib/python3.8/site-packages/setuptools/_distutils/cmd.py:66: SetuptoolsDeprecationWarning: setup.py install is deprecated.
[18.106s] !!
[18.106s] 
[18.107s]         ********************************************************************************
[18.107s]         Please avoid running ``setup.py`` directly.
[18.107s]         Instead, use pypa/build, pypa/installer or other
[18.107s]         standards-based tools.
[18.107s] 
[18.107s]         See https://blog.ganssle.io/articles/2021/10/setup-py-deprecated.html for details.
[18.107s]         ********************************************************************************
[18.107s] 
[18.108s] !!
[18.108s]   self.initialize_options()
[18.174s] running egg_info
[18.211s] writing movement.egg-info/PKG-INFO
[18.214s] writing dependency_links to movement.egg-info/dependency_links.txt
[18.214s] writing entry points to movement.egg-info/entry_points.txt
[18.216s] writing requirements to movement.egg-info/requires.txt
[18.222s] writing top-level names to movement.egg-info/top_level.txt
[18.312s] reading manifest file 'movement.egg-info/SOURCES.txt'
[18.314s] writing manifest file 'movement.egg-info/SOURCES.txt'
[18.489s] running build_ext
[18.489s] Creating /home/cadt-02/Documents/can_test_usb/ros2_can/install/movement/lib/python3.8/site-packages/movement.egg-link (link to .)
[18.495s] Installing movement script to /home/cadt-02/Documents/can_test_usb/ros2_can/install/movement/lib/movement
[18.495s] 
[18.495s] Installed /home/cadt-02/Documents/can_test_usb/ros2_can/build/movement
[18.495s] running install_data
[18.496s] copying resource/movement -> /home/cadt-02/Documents/can_test_usb/ros2_can/install/movement/share/ament_index/resource_index/packages
[18.496s] copying package.xml -> /home/cadt-02/Documents/can_test_usb/ros2_can/install/movement/share/movement
[22.182s] Invoked command in '/home/cadt-02/Documents/can_test_usb/ros2_can/build/movement' returned '0': PYTHONPATH=/home/cadt-02/Documents/can_test_usb/ros2_can/build/movement/prefix_override:/home/cadt-02/Documents/can_test_usb/ros2_can/install/movement/lib/python3.8/site-packages:${PYTHONPATH} /usr/bin/python3 setup.py develop --editable --build-directory /home/cadt-02/Documents/can_test_usb/ros2_can/build/movement/build --no-deps install_data
