[17.970s] Invoking command in '/home/cadt-02/Documents/can_test_usb/ros2_can/build/odometry_cont': PYTHONPATH=/home/cadt-02/Documents/can_test_usb/ros2_can/build/odometry_cont/prefix_override:/home/cadt-02/Documents/can_test_usb/ros2_can/install/odometry_cont/lib/python3.8/site-packages:${PYTHONPATH} /usr/bin/python3 setup.py develop --editable --build-directory /home/cadt-02/Documents/can_test_usb/ros2_can/build/odometry_cont/build --no-deps install_data
[18.332s] /home/cadt-02/.local/lib/python3.8/site-packages/setuptools/dist.py:476: SetuptoolsDeprecationWarning: Invalid dash-separated options
[18.332s] !!
[18.333s] 
[18.333s]         ********************************************************************************
[18.333s]         Usage of dash-separated 'script-dir' will not be supported in future
[18.333s]         versions. Please use the underscore name 'script_dir' instead.
[18.333s] 
[18.336s]         By 2024-Sep-26, you need to update your project and remove deprecated calls
[18.336s]         or your builds will no longer be supported.
[18.336s] 
[18.337s]         See https://setuptools.pypa.io/en/latest/userguide/declarative_config.html for details.
[18.337s]         ********************************************************************************
[18.337s] 
[18.337s] !!
[18.337s]   opt = self.warn_dash_deprecation(opt, section)
[18.861s] running develop
[18.861s] /home/cadt-02/.local/lib/python3.8/site-packages/setuptools/command/develop.py:42: EasyInstallDeprecationWarning: easy_install command is deprecated.
[18.862s] !!
[18.862s] 
[18.862s]         ********************************************************************************
[18.862s]         Please avoid running ``setup.py`` and ``easy_install``.
[18.862s]         Instead, use pypa/build, pypa/installer or other
[18.862s]         standards-based tools.
[18.866s] 
[18.866s]         See https://github.com/pypa/setuptools/issues/917 for details.
[18.866s]         ********************************************************************************
[18.866s] 
[18.866s] !!
[18.867s]   easy_install.initialize_options(self)
[18.954s] /home/cadt-02/.local/lib/python3.8/site-packages/setuptools/_distutils/cmd.py:66: SetuptoolsDeprecationWarning: setup.py install is deprecated.
[18.955s] !!
[18.955s] 
[18.955s]         ********************************************************************************
[18.955s]         Please avoid running ``setup.py`` directly.
[18.957s]         Instead, use pypa/build, pypa/installer or other
[18.957s]         standards-based tools.
[18.957s] 
[18.957s]         See https://blog.ganssle.io/articles/2021/10/setup-py-deprecated.html for details.
[18.958s]         ********************************************************************************
[18.958s] 
[18.958s] !!
[18.958s]   self.initialize_options()
[19.432s] running egg_info
[19.479s] writing odometry_cont.egg-info/PKG-INFO
[19.479s] writing dependency_links to odometry_cont.egg-info/dependency_links.txt
[19.480s] writing entry points to odometry_cont.egg-info/entry_points.txt
[19.480s] writing requirements to odometry_cont.egg-info/requires.txt
[19.480s] writing top-level names to odometry_cont.egg-info/top_level.txt
[19.573s] reading manifest file 'odometry_cont.egg-info/SOURCES.txt'
[19.575s] writing manifest file 'odometry_cont.egg-info/SOURCES.txt'
[19.746s] running build_ext
[19.747s] Creating /home/cadt-02/Documents/can_test_usb/ros2_can/install/odometry_cont/lib/python3.8/site-packages/odometry-cont.egg-link (link to .)
[19.749s] Installing odometry_cont script to /home/cadt-02/Documents/can_test_usb/ros2_can/install/odometry_cont/lib/odometry_cont
[19.750s] 
[19.750s] Installed /home/cadt-02/Documents/can_test_usb/ros2_can/build/odometry_cont
[19.750s] running install_data
[19.751s] copying resource/odometry_cont -> /home/cadt-02/Documents/can_test_usb/ros2_can/install/odometry_cont/share/ament_index/resource_index/packages
[19.751s] copying package.xml -> /home/cadt-02/Documents/can_test_usb/ros2_can/install/odometry_cont/share/odometry_cont
[19.899s] Invoked command in '/home/cadt-02/Documents/can_test_usb/ros2_can/build/odometry_cont' returned '0': PYTHONPATH=/home/cadt-02/Documents/can_test_usb/ros2_can/build/odometry_cont/prefix_override:/home/cadt-02/Documents/can_test_usb/ros2_can/install/odometry_cont/lib/python3.8/site-packages:${PYTHONPATH} /usr/bin/python3 setup.py develop --editable --build-directory /home/cadt-02/Documents/can_test_usb/ros2_can/build/odometry_cont/build --no-deps install_data
