[15.619s] Invoking command in '/home/cadt-02/Documents/can_test_usb/ros2_can/build/movement': PYTHONPATH=/home/cadt-02/Documents/can_test_usb/ros2_can/build/movement/prefix_override:/home/cadt-02/Documents/can_test_usb/ros2_can/install/movement/lib/python3.8/site-packages:${PYTHONPATH} /usr/bin/python3 setup.py develop --editable --build-directory /home/cadt-02/Documents/can_test_usb/ros2_can/build/movement/build --no-deps install_data
[16.874s] running develop
[16.874s] /home/cadt-02/.local/lib/python3.8/site-packages/setuptools/command/develop.py:42: EasyInstallDeprecationWarning: easy_install command is deprecated.
[16.874s] !!
[16.874s] 
[16.874s]         ********************************************************************************
[16.874s]         Please avoid running ``setup.py`` and ``easy_install``.
[16.874s]         Instead, use pypa/build, pypa/installer or other
[16.875s]         standards-based tools.
[16.875s] 
[16.875s]         See https://github.com/pypa/setuptools/issues/917 for details.
[16.875s]         ********************************************************************************
[16.875s] 
[16.875s] !!
[16.875s]   easy_install.initialize_options(self)
[16.875s] /home/cadt-02/.local/lib/python3.8/site-packages/setuptools/_distutils/cmd.py:66: SetuptoolsDeprecationWarning: setup.py install is deprecated.
[16.876s] !!
[16.876s] 
[16.876s]         ********************************************************************************
[16.876s]         Please avoid running ``setup.py`` directly.
[16.876s]         Instead, use pypa/build, pypa/installer or other
[16.876s]         standards-based tools.
[16.876s] 
[16.877s]         See https://blog.ganssle.io/articles/2021/10/setup-py-deprecated.html for details.
[16.877s]         ********************************************************************************
[16.877s] 
[16.877s] !!
[16.877s]   self.initialize_options()
[16.967s] running egg_info
[17.009s] writing movement.egg-info/PKG-INFO
[17.011s] writing dependency_links to movement.egg-info/dependency_links.txt
[17.011s] writing entry points to movement.egg-info/entry_points.txt
[17.011s] writing requirements to movement.egg-info/requires.txt
[17.012s] writing top-level names to movement.egg-info/top_level.txt
[17.102s] reading manifest file 'movement.egg-info/SOURCES.txt'
[17.103s] writing manifest file 'movement.egg-info/SOURCES.txt'
[17.262s] running build_ext
[17.263s] Creating /home/cadt-02/Documents/can_test_usb/ros2_can/install/movement/lib/python3.8/site-packages/movement.egg-link (link to .)
[17.266s] Installing movement script to /home/cadt-02/Documents/can_test_usb/ros2_can/install/movement/lib/movement
[17.267s] 
[17.267s] Installed /home/cadt-02/Documents/can_test_usb/ros2_can/build/movement
[17.267s] running install_data
[17.268s] copying resource/movement -> /home/cadt-02/Documents/can_test_usb/ros2_can/install/movement/share/ament_index/resource_index/packages
[17.268s] copying package.xml -> /home/cadt-02/Documents/can_test_usb/ros2_can/install/movement/share/movement
[20.769s] Invoked command in '/home/cadt-02/Documents/can_test_usb/ros2_can/build/movement' returned '0': PYTHONPATH=/home/cadt-02/Documents/can_test_usb/ros2_can/build/movement/prefix_override:/home/cadt-02/Documents/can_test_usb/ros2_can/install/movement/lib/python3.8/site-packages:${PYTHONPATH} /usr/bin/python3 setup.py develop --editable --build-directory /home/cadt-02/Documents/can_test_usb/ros2_can/build/movement/build --no-deps install_data
