[12.944s] Invoking command in '/home/cadt-02/Documents/can_test_usb/ros2_can/build/my_robot': PYTHONPATH=/home/cadt-02/Documents/can_test_usb/ros2_can/build/my_robot/prefix_override:/home/cadt-02/Documents/can_test_usb/ros2_can/install/my_robot/lib/python3.8/site-packages:${PYTHONPATH} /usr/bin/python3 setup.py develop --editable --build-directory /home/cadt-02/Documents/can_test_usb/ros2_can/build/my_robot/build --no-deps install_data
[13.301s] /home/cadt-02/.local/lib/python3.8/site-packages/setuptools/dist.py:476: SetuptoolsDeprecationWarning: Invalid dash-separated options
[13.301s] !!
[13.301s] 
[13.301s]         ********************************************************************************
[13.301s]         Usage of dash-separated 'script-dir' will not be supported in future
[13.302s]         versions. Please use the underscore name 'script_dir' instead.
[13.302s] 
[13.302s]         By 2024-Sep-26, you need to update your project and remove deprecated calls
[13.302s]         or your builds will no longer be supported.
[13.302s] 
[13.302s]         See https://setuptools.pypa.io/en/latest/userguide/declarative_config.html for details.
[13.302s]         ********************************************************************************
[13.303s] 
[13.303s] !!
[13.303s]   opt = self.warn_dash_deprecation(opt, section)
[13.808s] running develop
[13.809s] /home/cadt-02/.local/lib/python3.8/site-packages/setuptools/command/develop.py:42: EasyInstallDeprecationWarning: easy_install command is deprecated.
[13.809s] !!
[13.809s] 
[13.810s]         ********************************************************************************
[13.810s]         Please avoid running ``setup.py`` and ``easy_install``.
[13.810s]         Instead, use pypa/build, pypa/installer or other
[13.810s]         standards-based tools.
[13.810s] 
[13.810s]         See https://github.com/pypa/setuptools/issues/917 for details.
[13.810s]         ********************************************************************************
[13.810s] 
[13.811s] !!
[13.811s]   easy_install.initialize_options(self)
[13.898s] /home/cadt-02/.local/lib/python3.8/site-packages/setuptools/_distutils/cmd.py:66: SetuptoolsDeprecationWarning: setup.py install is deprecated.
[13.898s] !!
[13.899s] 
[13.899s]         ********************************************************************************
[13.899s]         Please avoid running ``setup.py`` directly.
[13.899s]         Instead, use pypa/build, pypa/installer or other
[13.899s]         standards-based tools.
[13.899s] 
[13.899s]         See https://blog.ganssle.io/articles/2021/10/setup-py-deprecated.html for details.
[13.900s]         ********************************************************************************
[13.900s] 
[13.900s] !!
[13.900s]   self.initialize_options()
[14.379s] running egg_info
[14.429s] writing my_robot.egg-info/PKG-INFO
[14.432s] writing dependency_links to my_robot.egg-info/dependency_links.txt
[14.433s] writing entry points to my_robot.egg-info/entry_points.txt
[14.436s] writing requirements to my_robot.egg-info/requires.txt
[14.438s] writing top-level names to my_robot.egg-info/top_level.txt
[14.538s] reading manifest file 'my_robot.egg-info/SOURCES.txt'
[14.539s] writing manifest file 'my_robot.egg-info/SOURCES.txt'
[14.751s] running build_ext
[14.751s] Creating /home/cadt-02/Documents/can_test_usb/ros2_can/install/my_robot/lib/python3.8/site-packages/my-robot.egg-link (link to .)
[14.754s] Installing my_robot script to /home/cadt-02/Documents/can_test_usb/ros2_can/install/my_robot/lib/my_robot
[14.755s] 
[14.756s] Installed /home/cadt-02/Documents/can_test_usb/ros2_can/build/my_robot
[14.756s] running install_data
[14.758s] copying resource/my_robot -> /home/cadt-02/Documents/can_test_usb/ros2_can/install/my_robot/share/ament_index/resource_index/packages
[14.758s] copying package.xml -> /home/cadt-02/Documents/can_test_usb/ros2_can/install/my_robot/share/my_robot
[16.739s] Invoked command in '/home/cadt-02/Documents/can_test_usb/ros2_can/build/my_robot' returned '0': PYTHONPATH=/home/cadt-02/Documents/can_test_usb/ros2_can/build/my_robot/prefix_override:/home/cadt-02/Documents/can_test_usb/ros2_can/install/my_robot/lib/python3.8/site-packages:${PYTHONPATH} /usr/bin/python3 setup.py develop --editable --build-directory /home/cadt-02/Documents/can_test_usb/ros2_can/build/my_robot/build --no-deps install_data
