[13.842s] Invoking command in '/home/cadt-02/Documents/can_test_usb/ros2_can/build/my_package': PYTHONPATH=/home/cadt-02/Documents/can_test_usb/ros2_can/build/my_package/prefix_override:/home/cadt-02/Documents/can_test_usb/ros2_can/install/my_package/lib/python3.8/site-packages:${PYTHONPATH} /usr/bin/python3 setup.py develop --editable --build-directory /home/cadt-02/Documents/can_test_usb/ros2_can/build/my_package/build --no-deps install_data
[14.204s] /home/cadt-02/.local/lib/python3.8/site-packages/setuptools/dist.py:476: SetuptoolsDeprecationWarning: Invalid dash-separated options
[14.205s] !!
[14.205s] 
[14.205s]         ********************************************************************************
[14.205s]         Usage of dash-separated 'build-base' will not be supported in future
[14.205s]         versions. Please use the underscore name 'build_base' instead.
[14.206s] 
[14.206s]         By 2024-Sep-26, you need to update your project and remove deprecated calls
[14.206s]         or your builds will no longer be supported.
[14.206s] 
[14.206s]         See https://setuptools.pypa.io/en/latest/userguide/declarative_config.html for details.
[14.206s]         ********************************************************************************
[14.206s] 
[14.206s] !!
[14.207s]   opt = self.warn_dash_deprecation(opt, section)
[14.714s] running develop
[14.715s] /home/cadt-02/.local/lib/python3.8/site-packages/setuptools/command/develop.py:42: EasyInstallDeprecationWarning: easy_install command is deprecated.
[14.716s] !!
[14.716s] 
[14.716s]         ********************************************************************************
[14.716s]         Please avoid running ``setup.py`` and ``easy_install``.
[14.716s]         Instead, use pypa/build, pypa/installer or other
[14.716s]         standards-based tools.
[14.717s] 
[14.717s]         See https://github.com/pypa/setuptools/issues/917 for details.
[14.717s]         ********************************************************************************
[14.717s] 
[14.717s] !!
[14.717s]   easy_install.initialize_options(self)
[14.831s] /home/cadt-02/.local/lib/python3.8/site-packages/setuptools/_distutils/cmd.py:66: SetuptoolsDeprecationWarning: setup.py install is deprecated.
[14.831s] !!
[14.831s] 
[14.831s]         ********************************************************************************
[14.832s]         Please avoid running ``setup.py`` directly.
[14.832s]         Instead, use pypa/build, pypa/installer or other
[14.832s]         standards-based tools.
[14.832s] 
[14.832s]         See https://blog.ganssle.io/articles/2021/10/setup-py-deprecated.html for details.
[14.833s]         ********************************************************************************
[14.833s] 
[14.833s] !!
[14.833s]   self.initialize_options()
[15.354s] running egg_info
[15.402s] writing my_package.egg-info/PKG-INFO
[15.405s] writing dependency_links to my_package.egg-info/dependency_links.txt
[15.405s] writing entry points to my_package.egg-info/entry_points.txt
[15.405s] writing requirements to my_package.egg-info/requires.txt
[15.405s] writing top-level names to my_package.egg-info/top_level.txt
[15.498s] reading manifest file 'my_package.egg-info/SOURCES.txt'
[15.500s] writing manifest file 'my_package.egg-info/SOURCES.txt'
[15.666s] running build_ext
[15.667s] Creating /home/cadt-02/Documents/can_test_usb/ros2_can/install/my_package/lib/python3.8/site-packages/my-package.egg-link (link to .)
[15.672s] Installing live_detection_node script to /home/cadt-02/Documents/can_test_usb/ros2_can/install/my_package/lib/my_package
[15.673s] Installing main script to /home/cadt-02/Documents/can_test_usb/ros2_can/install/my_package/lib/my_package
[15.673s] Installing my_node script to /home/cadt-02/Documents/can_test_usb/ros2_can/install/my_package/lib/my_package
[15.673s] Installing reinforcement_r2 script to /home/cadt-02/Documents/can_test_usb/ros2_can/install/my_package/lib/my_package
[15.673s] 
[15.674s] Installed /home/cadt-02/Documents/can_test_usb/ros2_can/build/my_package
[15.674s] running install_data
[15.690s] copying resource/my_package -> /home/cadt-02/Documents/can_test_usb/ros2_can/install/my_package/share/ament_index/resource_index/packages
[15.690s] copying package.xml -> /home/cadt-02/Documents/can_test_usb/ros2_can/install/my_package/share/my_package
[17.523s] Invoked command in '/home/cadt-02/Documents/can_test_usb/ros2_can/build/my_package' returned '0': PYTHONPATH=/home/cadt-02/Documents/can_test_usb/ros2_can/build/my_package/prefix_override:/home/cadt-02/Documents/can_test_usb/ros2_can/install/my_package/lib/python3.8/site-packages:${PYTHONPATH} /usr/bin/python3 setup.py develop --editable --build-directory /home/cadt-02/Documents/can_test_usb/ros2_can/build/my_package/build --no-deps install_data
