[15.223s] Invoking command in '/home/cadt-02/Documents/can_test_usb/ros2_can/build/movement': PYTHONPATH=/home/cadt-02/Documents/can_test_usb/ros2_can/build/movement/prefix_override:/home/cadt-02/Documents/can_test_usb/ros2_can/install/movement/lib/python3.8/site-packages:${PYTHONPATH} /usr/bin/python3 setup.py develop --editable --build-directory /home/cadt-02/Documents/can_test_usb/ros2_can/build/movement/build --no-deps install_data
[16.832s] running develop
[16.832s] running egg_info
[16.832s] writing movement.egg-info/PKG-INFO
[16.832s] writing dependency_links to movement.egg-info/dependency_links.txt
[16.833s] writing entry points to movement.egg-info/entry_points.txt
[16.833s] writing requirements to movement.egg-info/requires.txt
[16.833s] writing top-level names to movement.egg-info/top_level.txt
[16.833s] reading manifest file 'movement.egg-info/SOURCES.txt'
[16.833s] writing manifest file 'movement.egg-info/SOURCES.txt'
[16.845s] /home/cadt-02/.local/lib/python3.8/site-packages/setuptools/command/develop.py:42: EasyInstallDeprecationWarning: easy_install command is deprecated.
[16.845s] !!
[16.845s] 
[16.846s]         ********************************************************************************
[16.846s]         Please avoid running ``setup.py`` and ``easy_install``.
[16.846s]         Instead, use pypa/build, pypa/installer or other
[16.846s]         standards-based tools.
[16.846s] 
[16.846s]         See https://github.com/pypa/setuptools/issues/917 for details.
[16.846s]         ********************************************************************************
[16.847s] 
[16.847s] !!
[16.847s]   easy_install.initialize_options(self)
[16.847s] /home/cadt-02/.local/lib/python3.8/site-packages/setuptools/_distutils/cmd.py:66: SetuptoolsDeprecationWarning: setup.py install is deprecated.
[16.847s] !!
[16.847s] 
[16.847s]         ********************************************************************************
[16.848s]         Please avoid running ``setup.py`` directly.
[16.848s]         Instead, use pypa/build, pypa/installer or other
[16.848s]         standards-based tools.
[16.848s] 
[16.852s]         See https://blog.ganssle.io/articles/2021/10/setup-py-deprecated.html for details.
[16.853s]         ********************************************************************************
[16.854s] 
[16.854s] !!
[16.854s]   self.initialize_options()
[16.900s] running build_ext
[16.901s] Creating /home/cadt-02/Documents/can_test_usb/ros2_can/install/movement/lib/python3.8/site-packages/movement.egg-link (link to .)
[16.903s] Installing movement script to /home/cadt-02/Documents/can_test_usb/ros2_can/install/movement/lib/movement
[16.904s] 
[16.905s] Installed /home/cadt-02/Documents/can_test_usb/ros2_can/build/movement
[16.905s] running install_data
[16.905s] copying resource/movement -> /home/cadt-02/Documents/can_test_usb/ros2_can/install/movement/share/ament_index/resource_index/packages
[16.905s] copying package.xml -> /home/cadt-02/Documents/can_test_usb/ros2_can/install/movement/share/movement
[21.860s] Invoked command in '/home/cadt-02/Documents/can_test_usb/ros2_can/build/movement' returned '0': PYTHONPATH=/home/cadt-02/Documents/can_test_usb/ros2_can/build/movement/prefix_override:/home/cadt-02/Documents/can_test_usb/ros2_can/install/movement/lib/python3.8/site-packages:${PYTHONPATH} /usr/bin/python3 setup.py develop --editable --build-directory /home/cadt-02/Documents/can_test_usb/ros2_can/build/movement/build --no-deps install_data
