[9.701s] Invoking command in '/home/cadt-02/Documents/can_test_usb/ros2_can/build/ros_imu': PYTHONPATH=/home/cadt-02/Documents/can_test_usb/ros2_can/build/ros_imu/prefix_override:/home/cadt-02/Documents/can_test_usb/ros2_can/install/ros_imu/lib/python3.8/site-packages:${PYTHONPATH} /usr/bin/python3 setup.py develop --editable --build-directory /home/cadt-02/Documents/can_test_usb/ros2_can/build/ros_imu/build --no-deps install_data
[10.050s] /home/cadt-02/.local/lib/python3.8/site-packages/setuptools/dist.py:476: SetuptoolsDeprecationWarning: Invalid dash-separated options
[10.050s] !!
[10.051s] 
[10.051s]         ********************************************************************************
[10.051s]         Usage of dash-separated 'script-dir' will not be supported in future
[10.051s]         versions. Please use the underscore name 'script_dir' instead.
[10.051s] 
[10.051s]         By 2024-Sep-26, you need to update your project and remove deprecated calls
[10.051s]         or your builds will no longer be supported.
[10.052s] 
[10.052s]         See https://setuptools.pypa.io/en/latest/userguide/declarative_config.html for details.
[10.052s]         ********************************************************************************
[10.052s] 
[10.052s] !!
[10.052s]   opt = self.warn_dash_deprecation(opt, section)
[10.553s] running develop
[10.554s] /home/cadt-02/.local/lib/python3.8/site-packages/setuptools/command/develop.py:42: EasyInstallDeprecationWarning: easy_install command is deprecated.
[10.554s] !!
[10.555s] 
[10.555s]         ********************************************************************************
[10.555s]         Please avoid running ``setup.py`` and ``easy_install``.
[10.555s]         Instead, use pypa/build, pypa/installer or other
[10.556s]         standards-based tools.
[10.556s] 
[10.556s]         See https://github.com/pypa/setuptools/issues/917 for details.
[10.556s]         ********************************************************************************
[10.556s] 
[10.557s] !!
[10.557s]   easy_install.initialize_options(self)
[10.643s] /home/cadt-02/.local/lib/python3.8/site-packages/setuptools/_distutils/cmd.py:66: SetuptoolsDeprecationWarning: setup.py install is deprecated.
[10.643s] !!
[10.644s] 
[10.644s]         ********************************************************************************
[10.644s]         Please avoid running ``setup.py`` directly.
[10.644s]         Instead, use pypa/build, pypa/installer or other
[10.645s]         standards-based tools.
[10.645s] 
[10.645s]         See https://blog.ganssle.io/articles/2021/10/setup-py-deprecated.html for details.
[10.645s]         ********************************************************************************
[10.646s] 
[10.646s] !!
[10.646s]   self.initialize_options()
[11.110s] running egg_info
[11.152s] writing ros_imu.egg-info/PKG-INFO
[11.153s] writing dependency_links to ros_imu.egg-info/dependency_links.txt
[11.154s] writing entry points to ros_imu.egg-info/entry_points.txt
[11.155s] writing requirements to ros_imu.egg-info/requires.txt
[11.155s] writing top-level names to ros_imu.egg-info/top_level.txt
[11.247s] reading manifest file 'ros_imu.egg-info/SOURCES.txt'
[11.251s] writing manifest file 'ros_imu.egg-info/SOURCES.txt'
[11.405s] running build_ext
[11.405s] Creating /home/cadt-02/Documents/can_test_usb/ros2_can/install/ros_imu/lib/python3.8/site-packages/ros-imu.egg-link (link to .)
[11.407s] Installing ros_imu script to /home/cadt-02/Documents/can_test_usb/ros2_can/install/ros_imu/lib/ros_imu
[11.407s] 
[11.407s] Installed /home/cadt-02/Documents/can_test_usb/ros2_can/build/ros_imu
[11.408s] running install_data
[11.408s] copying resource/ros_imu -> /home/cadt-02/Documents/can_test_usb/ros2_can/install/ros_imu/share/ament_index/resource_index/packages
[11.409s] copying package.xml -> /home/cadt-02/Documents/can_test_usb/ros2_can/install/ros_imu/share/ros_imu
[11.523s] Invoked command in '/home/cadt-02/Documents/can_test_usb/ros2_can/build/ros_imu' returned '0': PYTHONPATH=/home/cadt-02/Documents/can_test_usb/ros2_can/build/ros_imu/prefix_override:/home/cadt-02/Documents/can_test_usb/ros2_can/install/ros_imu/lib/python3.8/site-packages:${PYTHONPATH} /usr/bin/python3 setup.py develop --editable --build-directory /home/cadt-02/Documents/can_test_usb/ros2_can/build/ros_imu/build --no-deps install_data
