[15.268s] Invoking command in '/home/cadt-02/Documents/can_test_usb/ros2_can/build/movement': PYTHONPATH=/home/cadt-02/Documents/can_test_usb/ros2_can/build/movement/prefix_override:/home/cadt-02/Documents/can_test_usb/ros2_can/install/movement/lib/python3.8/site-packages:${PYTHONPATH} /usr/bin/python3 setup.py develop --editable --build-directory /home/cadt-02/Documents/can_test_usb/ros2_can/build/movement/build --no-deps install_data
[16.175s] running develop
[16.175s] /home/cadt-02/.local/lib/python3.8/site-packages/setuptools/command/develop.py:42: EasyInstallDeprecationWarning: easy_install command is deprecated.
[16.175s] !!
[16.176s] 
[16.184s]         ********************************************************************************
[16.184s]         Please avoid running ``setup.py`` and ``easy_install``.
[16.184s]         Instead, use pypa/build, pypa/installer or other
[16.184s]         standards-based tools.
[16.184s] 
[16.185s]         See https://github.com/pypa/setuptools/issues/917 for details.
[16.185s]         ********************************************************************************
[16.185s] 
[16.185s] !!
[16.185s]   easy_install.initialize_options(self)
[16.271s] /home/cadt-02/.local/lib/python3.8/site-packages/setuptools/_distutils/cmd.py:66: SetuptoolsDeprecationWarning: setup.py install is deprecated.
[16.271s] !!
[16.271s] 
[16.272s]         ********************************************************************************
[16.272s]         Please avoid running ``setup.py`` directly.
[16.272s]         Instead, use pypa/build, pypa/installer or other
[16.272s]         standards-based tools.
[16.272s] 
[16.272s]         See https://blog.ganssle.io/articles/2021/10/setup-py-deprecated.html for details.
[16.273s]         ********************************************************************************
[16.273s] 
[16.273s] !!
[16.273s]   self.initialize_options()
[16.842s] running egg_info
[16.888s] writing movement.egg-info/PKG-INFO
[16.889s] writing dependency_links to movement.egg-info/dependency_links.txt
[16.890s] writing entry points to movement.egg-info/entry_points.txt
[16.891s] writing requirements to movement.egg-info/requires.txt
[16.891s] writing top-level names to movement.egg-info/top_level.txt
[16.989s] reading manifest file 'movement.egg-info/SOURCES.txt'
[16.993s] writing manifest file 'movement.egg-info/SOURCES.txt'
[17.178s] running build_ext
[17.178s] Creating /home/cadt-02/Documents/can_test_usb/ros2_can/install/movement/lib/python3.8/site-packages/movement.egg-link (link to .)
[17.181s] Installing movement script to /home/cadt-02/Documents/can_test_usb/ros2_can/install/movement/lib/movement
[17.183s] 
[17.183s] Installed /home/cadt-02/Documents/can_test_usb/ros2_can/build/movement
[17.184s] running install_data
[17.184s] copying resource/movement -> /home/cadt-02/Documents/can_test_usb/ros2_can/install/movement/share/ament_index/resource_index/packages
[17.184s] copying package.xml -> /home/cadt-02/Documents/can_test_usb/ros2_can/install/movement/share/movement
[22.613s] Invoked command in '/home/cadt-02/Documents/can_test_usb/ros2_can/build/movement' returned '0': PYTHONPATH=/home/cadt-02/Documents/can_test_usb/ros2_can/build/movement/prefix_override:/home/cadt-02/Documents/can_test_usb/ros2_can/install/movement/lib/python3.8/site-packages:${PYTHONPATH} /usr/bin/python3 setup.py develop --editable --build-directory /home/cadt-02/Documents/can_test_usb/ros2_can/build/movement/build --no-deps install_data
