[17.179s] Invoking command in '/home/cadt-02/Documents/can_test_usb/ros2_can/build/odometry_cont': PYTHONPATH=/home/cadt-02/Documents/can_test_usb/ros2_can/build/odometry_cont/prefix_override:/home/cadt-02/Documents/can_test_usb/ros2_can/install/odometry_cont/lib/python3.8/site-packages:${PYTHONPATH} /usr/bin/python3 setup.py develop --editable --build-directory /home/cadt-02/Documents/can_test_usb/ros2_can/build/odometry_cont/build --no-deps install_data
[17.527s] /home/cadt-02/.local/lib/python3.8/site-packages/setuptools/dist.py:476: SetuptoolsDeprecationWarning: Invalid dash-separated options
[17.527s] !!
[17.528s] 
[17.528s]         ********************************************************************************
[17.528s]         Usage of dash-separated 'script-dir' will not be supported in future
[17.528s]         versions. Please use the underscore name 'script_dir' instead.
[17.528s] 
[17.528s]         By 2024-Sep-26, you need to update your project and remove deprecated calls
[17.529s]         or your builds will no longer be supported.
[17.529s] 
[17.529s]         See https://setuptools.pypa.io/en/latest/userguide/declarative_config.html for details.
[17.529s]         ********************************************************************************
[17.529s] 
[17.529s] !!
[17.529s]   opt = self.warn_dash_deprecation(opt, section)
[18.027s] running develop
[18.029s] /home/cadt-02/.local/lib/python3.8/site-packages/setuptools/command/develop.py:42: EasyInstallDeprecationWarning: easy_install command is deprecated.
[18.029s] !!
[18.029s] 
[18.029s]         ********************************************************************************
[18.029s]         Please avoid running ``setup.py`` and ``easy_install``.
[18.029s]         Instead, use pypa/build, pypa/installer or other
[18.030s]         standards-based tools.
[18.030s] 
[18.030s]         See https://github.com/pypa/setuptools/issues/917 for details.
[18.030s]         ********************************************************************************
[18.030s] 
[18.030s] !!
[18.030s]   easy_install.initialize_options(self)
[18.117s] /home/cadt-02/.local/lib/python3.8/site-packages/setuptools/_distutils/cmd.py:66: SetuptoolsDeprecationWarning: setup.py install is deprecated.
[18.118s] !!
[18.118s] 
[18.118s]         ********************************************************************************
[18.118s]         Please avoid running ``setup.py`` directly.
[18.118s]         Instead, use pypa/build, pypa/installer or other
[18.119s]         standards-based tools.
[18.119s] 
[18.119s]         See https://blog.ganssle.io/articles/2021/10/setup-py-deprecated.html for details.
[18.119s]         ********************************************************************************
[18.119s] 
[18.119s] !!
[18.119s]   self.initialize_options()
[18.583s] running egg_info
[18.627s] writing odometry_cont.egg-info/PKG-INFO
[18.628s] writing dependency_links to odometry_cont.egg-info/dependency_links.txt
[18.629s] writing entry points to odometry_cont.egg-info/entry_points.txt
[18.629s] writing requirements to odometry_cont.egg-info/requires.txt
[18.629s] writing top-level names to odometry_cont.egg-info/top_level.txt
[18.721s] reading manifest file 'odometry_cont.egg-info/SOURCES.txt'
[18.723s] writing manifest file 'odometry_cont.egg-info/SOURCES.txt'
[18.894s] running build_ext
[18.894s] Creating /home/cadt-02/Documents/can_test_usb/ros2_can/install/odometry_cont/lib/python3.8/site-packages/odometry-cont.egg-link (link to .)
[18.895s] Installing odometry_cont script to /home/cadt-02/Documents/can_test_usb/ros2_can/install/odometry_cont/lib/odometry_cont
[18.897s] 
[18.897s] Installed /home/cadt-02/Documents/can_test_usb/ros2_can/build/odometry_cont
[18.897s] running install_data
[18.898s] copying resource/odometry_cont -> /home/cadt-02/Documents/can_test_usb/ros2_can/install/odometry_cont/share/ament_index/resource_index/packages
[18.900s] copying package.xml -> /home/cadt-02/Documents/can_test_usb/ros2_can/install/odometry_cont/share/odometry_cont
[21.355s] Invoked command in '/home/cadt-02/Documents/can_test_usb/ros2_can/build/odometry_cont' returned '0': PYTHONPATH=/home/cadt-02/Documents/can_test_usb/ros2_can/build/odometry_cont/prefix_override:/home/cadt-02/Documents/can_test_usb/ros2_can/install/odometry_cont/lib/python3.8/site-packages:${PYTHONPATH} /usr/bin/python3 setup.py develop --editable --build-directory /home/cadt-02/Documents/can_test_usb/ros2_can/build/odometry_cont/build --no-deps install_data
