[14.686s] Invoking command in '/home/cadt-02/Documents/can_test_usb/ros2_can/build/movement': PYTHONPATH=/home/cadt-02/Documents/can_test_usb/ros2_can/build/movement/prefix_override:/home/cadt-02/Documents/can_test_usb/ros2_can/install/movement/lib/python3.8/site-packages:${PYTHONPATH} /usr/bin/python3 setup.py develop --editable --build-directory /home/cadt-02/Documents/can_test_usb/ros2_can/build/movement/build --no-deps install_data
[15.793s] running develop
[15.793s] /home/cadt-02/.local/lib/python3.8/site-packages/setuptools/command/develop.py:42: EasyInstallDeprecationWarning: easy_install command is deprecated.
[15.793s] !!
[15.794s] 
[15.794s]         ********************************************************************************
[15.794s]         Please avoid running ``setup.py`` and ``easy_install``.
[15.794s]         Instead, use pypa/build, pypa/installer or other
[15.794s]         standards-based tools.
[15.794s] 
[15.794s]         See https://github.com/pypa/setuptools/issues/917 for details.
[15.795s]         ********************************************************************************
[15.795s] 
[15.795s] !!
[15.795s]   easy_install.initialize_options(self)
[15.887s] /home/cadt-02/.local/lib/python3.8/site-packages/setuptools/_distutils/cmd.py:66: SetuptoolsDeprecationWarning: setup.py install is deprecated.
[15.888s] !!
[15.888s] 
[15.888s]         ********************************************************************************
[15.888s]         Please avoid running ``setup.py`` directly.
[15.888s]         Instead, use pypa/build, pypa/installer or other
[15.888s]         standards-based tools.
[15.888s] 
[15.889s]         See https://blog.ganssle.io/articles/2021/10/setup-py-deprecated.html for details.
[15.889s]         ********************************************************************************
[15.889s] 
[15.889s] !!
[15.889s]   self.initialize_options()
[16.367s] running egg_info
[16.367s] creating movement.egg-info
[16.419s] writing movement.egg-info/PKG-INFO
[16.419s] writing dependency_links to movement.egg-info/dependency_links.txt
[16.420s] writing entry points to movement.egg-info/entry_points.txt
[16.420s] writing requirements to movement.egg-info/requires.txt
[16.420s] writing top-level names to movement.egg-info/top_level.txt
[16.423s] writing manifest file 'movement.egg-info/SOURCES.txt'
[16.523s] reading manifest file 'movement.egg-info/SOURCES.txt'
[16.523s] writing manifest file 'movement.egg-info/SOURCES.txt'
[16.696s] running build_ext
[16.696s] Creating /home/cadt-02/Documents/can_test_usb/ros2_can/install/movement/lib/python3.8/site-packages/movement.egg-link (link to .)
[16.698s] Installing movement script to /home/cadt-02/Documents/can_test_usb/ros2_can/install/movement/lib/movement
[16.698s] 
[16.698s] Installed /home/cadt-02/Documents/can_test_usb/ros2_can/build/movement
[16.699s] running install_data
[16.699s] creating /home/cadt-02/Documents/can_test_usb/ros2_can/install/movement/share/ament_index
[16.699s] creating /home/cadt-02/Documents/can_test_usb/ros2_can/install/movement/share/ament_index/resource_index
[16.699s] creating /home/cadt-02/Documents/can_test_usb/ros2_can/install/movement/share/ament_index/resource_index/packages
[16.699s] copying resource/movement -> /home/cadt-02/Documents/can_test_usb/ros2_can/install/movement/share/ament_index/resource_index/packages
[16.700s] copying package.xml -> /home/cadt-02/Documents/can_test_usb/ros2_can/install/movement/share/movement
[23.247s] Invoked command in '/home/cadt-02/Documents/can_test_usb/ros2_can/build/movement' returned '0': PYTHONPATH=/home/cadt-02/Documents/can_test_usb/ros2_can/build/movement/prefix_override:/home/cadt-02/Documents/can_test_usb/ros2_can/install/movement/lib/python3.8/site-packages:${PYTHONPATH} /usr/bin/python3 setup.py develop --editable --build-directory /home/cadt-02/Documents/can_test_usb/ros2_can/build/movement/build --no-deps install_data
