[14.292s] Invoking command in '/home/cadt-02/Documents/can_test_usb/ros2_can/build/auto_r2': PYTHONPATH=/home/cadt-02/Documents/can_test_usb/ros2_can/build/auto_r2/prefix_override:/home/cadt-02/Documents/can_test_usb/ros2_can/install/auto_r2/lib/python3.8/site-packages:${PYTHONPATH} /usr/bin/python3 setup.py develop --uninstall --editable --build-directory /home/cadt-02/Documents/can_test_usb/ros2_can/build/auto_r2/build
[14.664s] /home/cadt-02/.local/lib/python3.8/site-packages/setuptools/dist.py:476: SetuptoolsDeprecationWarning: Invalid dash-separated options
[14.664s] !!
[14.665s] 
[14.665s]         ********************************************************************************
[14.665s]         Usage of dash-separated 'script-dir' will not be supported in future
[14.665s]         versions. Please use the underscore name 'script_dir' instead.
[14.665s] 
[14.665s]         By 2024-Sep-26, you need to update your project and remove deprecated calls
[14.665s]         or your builds will no longer be supported.
[14.665s] 
[14.666s]         See https://setuptools.pypa.io/en/latest/userguide/declarative_config.html for details.
[14.666s]         ********************************************************************************
[14.666s] 
[14.666s] !!
[14.666s]   opt = self.warn_dash_deprecation(opt, section)
[15.137s] running develop
[15.138s] /home/cadt-02/.local/lib/python3.8/site-packages/setuptools/command/develop.py:42: EasyInstallDeprecationWarning: easy_install command is deprecated.
[15.138s] !!
[15.138s] 
[15.138s]         ********************************************************************************
[15.138s]         Please avoid running ``setup.py`` and ``easy_install``.
[15.139s]         Instead, use pypa/build, pypa/installer or other
[15.139s]         standards-based tools.
[15.139s] 
[15.139s]         See https://github.com/pypa/setuptools/issues/917 for details.
[15.139s]         ********************************************************************************
[15.139s] 
[15.139s] !!
[15.139s]   easy_install.initialize_options(self)
[15.238s] /home/cadt-02/.local/lib/python3.8/site-packages/setuptools/_distutils/cmd.py:66: SetuptoolsDeprecationWarning: setup.py install is deprecated.
[15.238s] !!
[15.239s] 
[15.239s]         ********************************************************************************
[15.239s]         Please avoid running ``setup.py`` directly.
[15.239s]         Instead, use pypa/build, pypa/installer or other
[15.239s]         standards-based tools.
[15.239s] 
[15.239s]         See https://blog.ganssle.io/articles/2021/10/setup-py-deprecated.html for details.
[15.239s]         ********************************************************************************
[15.240s] 
[15.240s] !!
[15.240s]   self.initialize_options()
[15.741s] Removing /home/cadt-02/Documents/can_test_usb/ros2_can/install/auto_r2/lib/python3.8/site-packages/auto-r2.egg-link (link to .)
[16.675s] Invoked command in '/home/cadt-02/Documents/can_test_usb/ros2_can/build/auto_r2' returned '0': PYTHONPATH=/home/cadt-02/Documents/can_test_usb/ros2_can/build/auto_r2/prefix_override:/home/cadt-02/Documents/can_test_usb/ros2_can/install/auto_r2/lib/python3.8/site-packages:${PYTHONPATH} /usr/bin/python3 setup.py develop --uninstall --editable --build-directory /home/cadt-02/Documents/can_test_usb/ros2_can/build/auto_r2/build
[16.680s] Invoking command in '/home/cadt-02/Documents/can_test_usb/ros2_can/src/auto_r2': PYTHONPATH=/home/cadt-02/Documents/can_test_usb/ros2_can/build/auto_r2/prefix_override:/home/cadt-02/Documents/can_test_usb/ros2_can/install/auto_r2/lib/python3.8/site-packages:${PYTHONPATH} /usr/bin/python3 setup.py egg_info --egg-base ../../build/auto_r2 build --build-base /home/cadt-02/Documents/can_test_usb/ros2_can/build/auto_r2/build install --record /home/cadt-02/Documents/can_test_usb/ros2_can/build/auto_r2/install.log --install-scripts $base/lib/auto_r2 --single-version-externally-managed
[17.033s] /home/cadt-02/.local/lib/python3.8/site-packages/setuptools/dist.py:476: SetuptoolsDeprecationWarning: Invalid dash-separated options
[17.033s] !!
[17.034s] 
[17.034s]         ********************************************************************************
[17.034s]         Usage of dash-separated 'script-dir' will not be supported in future
[17.034s]         versions. Please use the underscore name 'script_dir' instead.
[17.034s] 
[17.034s]         By 2024-Sep-26, you need to update your project and remove deprecated calls
[17.034s]         or your builds will no longer be supported.
[17.034s] 
[17.035s]         See https://setuptools.pypa.io/en/latest/userguide/declarative_config.html for details.
[17.035s]         ********************************************************************************
[17.035s] 
[17.035s] !!
[17.035s]   opt = self.warn_dash_deprecation(opt, section)
[17.316s] running egg_info
[17.363s] writing ../../build/auto_r2/auto_r2.egg-info/PKG-INFO
[17.364s] writing dependency_links to ../../build/auto_r2/auto_r2.egg-info/dependency_links.txt
[17.365s] writing entry points to ../../build/auto_r2/auto_r2.egg-info/entry_points.txt
[17.365s] writing requirements to ../../build/auto_r2/auto_r2.egg-info/requires.txt
[17.365s] writing top-level names to ../../build/auto_r2/auto_r2.egg-info/top_level.txt
[17.704s] reading manifest file '../../build/auto_r2/auto_r2.egg-info/SOURCES.txt'
[17.706s] writing manifest file '../../build/auto_r2/auto_r2.egg-info/SOURCES.txt'
[17.708s] running build
[17.708s] running build_py
[17.708s] copying auto_r2/__init__.py -> /home/cadt-02/Documents/can_test_usb/ros2_can/build/auto_r2/build/lib/auto_r2
[17.709s] copying auto_r2/movement_control.py -> /home/cadt-02/Documents/can_test_usb/ros2_can/build/auto_r2/build/lib/auto_r2
[17.710s] running install
[17.710s] /home/cadt-02/.local/lib/python3.8/site-packages/setuptools/_distutils/cmd.py:66: SetuptoolsDeprecationWarning: setup.py install is deprecated.
[17.710s] !!
[17.711s] 
[17.711s]         ********************************************************************************
[17.711s]         Please avoid running ``setup.py`` directly.
[17.711s]         Instead, use pypa/build, pypa/installer or other
[17.711s]         standards-based tools.
[17.711s] 
[17.711s]         See https://blog.ganssle.io/articles/2021/10/setup-py-deprecated.html for details.
[17.711s]         ********************************************************************************
[17.712s] 
[17.712s] !!
[17.712s]   self.initialize_options()
[17.722s] running install_lib
[17.766s] creating /home/cadt-02/Documents/can_test_usb/ros2_can/install/auto_r2/lib/python3.8/site-packages/auto_r2
[17.766s] copying /home/cadt-02/Documents/can_test_usb/ros2_can/build/auto_r2/build/lib/auto_r2/__init__.py -> /home/cadt-02/Documents/can_test_usb/ros2_can/install/auto_r2/lib/python3.8/site-packages/auto_r2
[17.766s] copying /home/cadt-02/Documents/can_test_usb/ros2_can/build/auto_r2/build/lib/auto_r2/movement_control.py -> /home/cadt-02/Documents/can_test_usb/ros2_can/install/auto_r2/lib/python3.8/site-packages/auto_r2
[17.768s] byte-compiling /home/cadt-02/Documents/can_test_usb/ros2_can/install/auto_r2/lib/python3.8/site-packages/auto_r2/__init__.py to __init__.cpython-38.pyc
[17.769s] byte-compiling /home/cadt-02/Documents/can_test_usb/ros2_can/install/auto_r2/lib/python3.8/site-packages/auto_r2/movement_control.py to movement_control.cpython-38.pyc
[17.771s] running install_data
[17.813s] copying resource/auto_r2 -> /home/cadt-02/Documents/can_test_usb/ros2_can/install/auto_r2/share/ament_index/resource_index/packages
[17.813s] copying package.xml -> /home/cadt-02/Documents/can_test_usb/ros2_can/install/auto_r2/share/auto_r2
[17.814s] running install_egg_info
[17.863s] Copying ../../build/auto_r2/auto_r2.egg-info to /home/cadt-02/Documents/can_test_usb/ros2_can/install/auto_r2/lib/python3.8/site-packages/auto_r2-0.0.0-py3.8.egg-info
[17.865s] running install_scripts
[17.976s] Installing auto_r2 script to /home/cadt-02/Documents/can_test_usb/ros2_can/install/auto_r2/lib/auto_r2
[17.976s] writing list of installed files to '/home/cadt-02/Documents/can_test_usb/ros2_can/build/auto_r2/install.log'
[19.835s] Invoked command in '/home/cadt-02/Documents/can_test_usb/ros2_can/src/auto_r2' returned '0': PYTHONPATH=/home/cadt-02/Documents/can_test_usb/ros2_can/build/auto_r2/prefix_override:/home/cadt-02/Documents/can_test_usb/ros2_can/install/auto_r2/lib/python3.8/site-packages:${PYTHONPATH} /usr/bin/python3 setup.py egg_info --egg-base ../../build/auto_r2 build --build-base /home/cadt-02/Documents/can_test_usb/ros2_can/build/auto_r2/build install --record /home/cadt-02/Documents/can_test_usb/ros2_can/build/auto_r2/install.log --install-scripts $base/lib/auto_r2 --single-version-externally-managed
