[16.108s] [34mcolcon[0m [1;30mDEBUG[0m [32mCommand line arguments: ['/usr/local/bin/colcon', 'build', '--symlink-install'][0m
[16.109s] [34mcolcon[0m [1;30mDEBUG[0m [32mParsed command line arguments: Namespace(ament_cmake_args=None, base_paths=['.'], build_base='build', catkin_cmake_args=None, catkin_skip_building_tests=False, cmake_args=None, cmake_clean_cache=False, cmake_clean_first=False, cmake_force_configure=False, cmake_target=None, cmake_target_skip_unavailable=False, continue_on_error=False, event_handlers=None, executor='parallel', ignore_user_meta=False, install_base='install', log_base=None, log_level=None, main=<bound method BuildVerb.main of <colcon_core.verb.build.BuildVerb object at 0xffff8a244e20>>, merge_install=False, metas=['./colcon.meta'], packages_above=None, packages_above_and_dependencies=None, packages_above_depth=None, packages_end=None, packages_ignore=None, packages_ignore_regex=None, packages_select=None, packages_select_build_failed=False, packages_select_by_dep=None, packages_select_regex=None, packages_select_test_failures=False, packages_skip=None, packages_skip_build_finished=False, packages_skip_by_dep=None, packages_skip_regex=None, packages_skip_test_passed=False, packages_skip_up_to=None, packages_start=None, packages_up_to=None, packages_up_to_regex=None, parallel_workers=6, paths=None, symlink_install=True, test_result_base=None, verb_extension=<colcon_core.verb.build.BuildVerb object at 0xffff8a244e20>, verb_name='build', verb_parser=<colcon_defaults.argument_parser.defaults.DefaultArgumentsDecorator object at 0xffff89f7a250>)[0m
[16.816s] [34mcolcon.colcon_core.package_discovery[0m [1;30mLevel 1[0m discover_packages(colcon_meta) check parameters
[16.817s] [34mcolcon.colcon_core.package_discovery[0m [1;30mLevel 1[0m discover_packages(recursive) check parameters
[16.817s] [34mcolcon.colcon_core.package_discovery[0m [1;30mLevel 1[0m discover_packages(ignore) check parameters
[16.817s] [34mcolcon.colcon_core.package_discovery[0m [1;30mLevel 1[0m discover_packages(path) check parameters
[16.817s] [34mcolcon.colcon_core.package_discovery[0m [1;30mLevel 1[0m discover_packages(colcon_meta) discover
[16.817s] [34mcolcon.colcon_core.package_discovery[0m [1;30mLevel 1[0m discover_packages(recursive) discover
[16.817s] [34mcolcon.colcon_core.package_discovery[0m [1;30mINFO[0m Crawling recursively for packages in '/home/cadt-02/Documents/can_test_usb/ros2_can'
[16.817s] [34mcolcon.colcon_core.package_identification[0m [1;30mLevel 1[0m _identify(.) by extensions ['ignore', 'ignore_ament_install']
[16.818s] [34mcolcon.colcon_core.package_identification[0m [1;30mLevel 1[0m _identify(.) by extension 'ignore'
[16.818s] [34mcolcon.colcon_core.package_identification[0m [1;30mLevel 1[0m _identify(.) by extension 'ignore_ament_install'
[16.818s] [34mcolcon.colcon_core.package_identification[0m [1;30mLevel 1[0m _identify(.) by extensions ['colcon_pkg']
[16.818s] [34mcolcon.colcon_core.package_identification[0m [1;30mLevel 1[0m _identify(.) by extension 'colcon_pkg'
[16.818s] [34mcolcon.colcon_core.package_identification[0m [1;30mLevel 1[0m _identify(.) by extensions ['colcon_meta']
[16.818s] [34mcolcon.colcon_core.package_identification[0m [1;30mLevel 1[0m _identify(.) by extension 'colcon_meta'
[16.818s] [34mcolcon.colcon_core.package_identification[0m [1;30mLevel 1[0m _identify(.) by extensions ['ros']
[16.818s] [34mcolcon.colcon_core.package_identification[0m [1;30mLevel 1[0m _identify(.) by extension 'ros'
[16.865s] [34mcolcon.colcon_core.package_identification[0m [1;30mLevel 1[0m _identify(.) by extensions ['cmake', 'python']
[16.865s] [34mcolcon.colcon_core.package_identification[0m [1;30mLevel 1[0m _identify(.) by extension 'cmake'
[16.865s] [34mcolcon.colcon_core.package_identification[0m [1;30mLevel 1[0m _identify(.) by extension 'python'
[16.865s] [34mcolcon.colcon_core.package_identification[0m [1;30mLevel 1[0m _identify(.) by extensions ['python_setup_py']
[16.865s] [34mcolcon.colcon_core.package_identification[0m [1;30mLevel 1[0m _identify(.) by extension 'python_setup_py'
[16.866s] [34mcolcon.colcon_core.package_identification[0m [1;30mLevel 1[0m _identify(build) by extensions ['ignore', 'ignore_ament_install']
[16.866s] [34mcolcon.colcon_core.package_identification[0m [1;30mLevel 1[0m _identify(build) by extension 'ignore'
[16.866s] [34mcolcon.colcon_core.package_identification[0m [1;30mLevel 1[0m _identify(build) ignored
[16.866s] [34mcolcon.colcon_core.package_identification[0m [1;30mLevel 1[0m _identify(install) by extensions ['ignore', 'ignore_ament_install']
[16.867s] [34mcolcon.colcon_core.package_identification[0m [1;30mLevel 1[0m _identify(install) by extension 'ignore'
[16.867s] [34mcolcon.colcon_core.package_identification[0m [1;30mLevel 1[0m _identify(install) ignored
[16.867s] [34mcolcon.colcon_core.package_identification[0m [1;30mLevel 1[0m _identify(log) by extensions ['ignore', 'ignore_ament_install']
[16.867s] [34mcolcon.colcon_core.package_identification[0m [1;30mLevel 1[0m _identify(log) by extension 'ignore'
[16.867s] [34mcolcon.colcon_core.package_identification[0m [1;30mLevel 1[0m _identify(log) ignored
[16.868s] [34mcolcon.colcon_core.package_identification[0m [1;30mLevel 1[0m _identify(src) by extensions ['ignore', 'ignore_ament_install']
[16.868s] [34mcolcon.colcon_core.package_identification[0m [1;30mLevel 1[0m _identify(src) by extension 'ignore'
[16.868s] [34mcolcon.colcon_core.package_identification[0m [1;30mLevel 1[0m _identify(src) by extension 'ignore_ament_install'
[16.868s] [34mcolcon.colcon_core.package_identification[0m [1;30mLevel 1[0m _identify(src) by extensions ['colcon_pkg']
[16.868s] [34mcolcon.colcon_core.package_identification[0m [1;30mLevel 1[0m _identify(src) by extension 'colcon_pkg'
[16.868s] [34mcolcon.colcon_core.package_identification[0m [1;30mLevel 1[0m _identify(src) by extensions ['colcon_meta']
[16.868s] [34mcolcon.colcon_core.package_identification[0m [1;30mLevel 1[0m _identify(src) by extension 'colcon_meta'
[16.868s] [34mcolcon.colcon_core.package_identification[0m [1;30mLevel 1[0m _identify(src) by extensions ['ros']
[16.869s] [34mcolcon.colcon_core.package_identification[0m [1;30mLevel 1[0m _identify(src) by extension 'ros'
[16.869s] [34mcolcon.colcon_core.package_identification[0m [1;30mLevel 1[0m _identify(src) by extensions ['cmake', 'python']
[16.869s] [34mcolcon.colcon_core.package_identification[0m [1;30mLevel 1[0m _identify(src) by extension 'cmake'
[16.869s] [34mcolcon.colcon_core.package_identification[0m [1;30mLevel 1[0m _identify(src) by extension 'python'
[16.869s] [34mcolcon.colcon_core.package_identification[0m [1;30mLevel 1[0m _identify(src) by extensions ['python_setup_py']
[16.869s] [34mcolcon.colcon_core.package_identification[0m [1;30mLevel 1[0m _identify(src) by extension 'python_setup_py'
[16.869s] [34mcolcon.colcon_core.package_identification[0m [1;30mLevel 1[0m _identify(src/keyboard_listener) by extensions ['ignore', 'ignore_ament_install']
[16.869s] [34mcolcon.colcon_core.package_identification[0m [1;30mLevel 1[0m _identify(src/keyboard_listener) by extension 'ignore'
[16.870s] [34mcolcon.colcon_core.package_identification[0m [1;30mLevel 1[0m _identify(src/keyboard_listener) by extension 'ignore_ament_install'
[16.870s] [34mcolcon.colcon_core.package_identification[0m [1;30mLevel 1[0m _identify(src/keyboard_listener) by extensions ['colcon_pkg']
[16.870s] [34mcolcon.colcon_core.package_identification[0m [1;30mLevel 1[0m _identify(src/keyboard_listener) by extension 'colcon_pkg'
[16.870s] [34mcolcon.colcon_core.package_identification[0m [1;30mLevel 1[0m _identify(src/keyboard_listener) by extensions ['colcon_meta']
[16.870s] [34mcolcon.colcon_core.package_identification[0m [1;30mLevel 1[0m _identify(src/keyboard_listener) by extension 'colcon_meta'
[16.870s] [34mcolcon.colcon_core.package_identification[0m [1;30mLevel 1[0m _identify(src/keyboard_listener) by extensions ['ros']
[16.870s] [34mcolcon.colcon_core.package_identification[0m [1;30mLevel 1[0m _identify(src/keyboard_listener) by extension 'ros'
[16.875s] [34mcolcon.colcon_core.package_identification[0m [1;30mDEBUG[0m [32mPackage 'src/keyboard_listener' with type 'ros.ament_python' and name 'keyboard_listener'[0m
[16.875s] [34mcolcon.colcon_core.package_identification[0m [1;30mLevel 1[0m _identify(src/keyboard_publisher) by extensions ['ignore', 'ignore_ament_install']
[16.875s] [34mcolcon.colcon_core.package_identification[0m [1;30mLevel 1[0m _identify(src/keyboard_publisher) by extension 'ignore'
[16.876s] [34mcolcon.colcon_core.package_identification[0m [1;30mLevel 1[0m _identify(src/keyboard_publisher) by extension 'ignore_ament_install'
[16.876s] [34mcolcon.colcon_core.package_identification[0m [1;30mLevel 1[0m _identify(src/keyboard_publisher) by extensions ['colcon_pkg']
[16.876s] [34mcolcon.colcon_core.package_identification[0m [1;30mLevel 1[0m _identify(src/keyboard_publisher) by extension 'colcon_pkg'
[16.876s] [34mcolcon.colcon_core.package_identification[0m [1;30mLevel 1[0m _identify(src/keyboard_publisher) by extensions ['colcon_meta']
[16.876s] [34mcolcon.colcon_core.package_identification[0m [1;30mLevel 1[0m _identify(src/keyboard_publisher) by extension 'colcon_meta'
[16.876s] [34mcolcon.colcon_core.package_identification[0m [1;30mLevel 1[0m _identify(src/keyboard_publisher) by extensions ['ros']
[16.876s] [34mcolcon.colcon_core.package_identification[0m [1;30mLevel 1[0m _identify(src/keyboard_publisher) by extension 'ros'
[16.877s] [34mcolcon.colcon_core.package_identification[0m [1;30mDEBUG[0m [32mPackage 'src/keyboard_publisher' with type 'ros.ament_python' and name 'keyboard_publisher'[0m
[16.878s] [34mcolcon.colcon_core.package_identification[0m [1;30mLevel 1[0m _identify(src/movement) by extensions ['ignore', 'ignore_ament_install']
[16.878s] [34mcolcon.colcon_core.package_identification[0m [1;30mLevel 1[0m _identify(src/movement) by extension 'ignore'
[16.878s] [34mcolcon.colcon_core.package_identification[0m [1;30mLevel 1[0m _identify(src/movement) by extension 'ignore_ament_install'
[16.878s] [34mcolcon.colcon_core.package_identification[0m [1;30mLevel 1[0m _identify(src/movement) by extensions ['colcon_pkg']
[16.878s] [34mcolcon.colcon_core.package_identification[0m [1;30mLevel 1[0m _identify(src/movement) by extension 'colcon_pkg'
[16.878s] [34mcolcon.colcon_core.package_identification[0m [1;30mLevel 1[0m _identify(src/movement) by extensions ['colcon_meta']
[16.878s] [34mcolcon.colcon_core.package_identification[0m [1;30mLevel 1[0m _identify(src/movement) by extension 'colcon_meta'
[16.879s] [34mcolcon.colcon_core.package_identification[0m [1;30mLevel 1[0m _identify(src/movement) by extensions ['ros']
[16.879s] [34mcolcon.colcon_core.package_identification[0m [1;30mLevel 1[0m _identify(src/movement) by extension 'ros'
[16.880s] [34mcolcon.colcon_core.package_identification[0m [1;30mDEBUG[0m [32mPackage 'src/movement' with type 'ros.ament_python' and name 'movement'[0m
[16.880s] [34mcolcon.colcon_core.package_identification[0m [1;30mLevel 1[0m _identify(src/my_robot) by extensions ['ignore', 'ignore_ament_install']
[16.880s] [34mcolcon.colcon_core.package_identification[0m [1;30mLevel 1[0m _identify(src/my_robot) by extension 'ignore'
[16.881s] [34mcolcon.colcon_core.package_identification[0m [1;30mLevel 1[0m _identify(src/my_robot) by extension 'ignore_ament_install'
[16.881s] [34mcolcon.colcon_core.package_identification[0m [1;30mLevel 1[0m _identify(src/my_robot) by extensions ['colcon_pkg']
[16.881s] [34mcolcon.colcon_core.package_identification[0m [1;30mLevel 1[0m _identify(src/my_robot) by extension 'colcon_pkg'
[16.881s] [34mcolcon.colcon_core.package_identification[0m [1;30mLevel 1[0m _identify(src/my_robot) by extensions ['colcon_meta']
[16.881s] [34mcolcon.colcon_core.package_identification[0m [1;30mLevel 1[0m _identify(src/my_robot) by extension 'colcon_meta'
[16.881s] [34mcolcon.colcon_core.package_identification[0m [1;30mLevel 1[0m _identify(src/my_robot) by extensions ['ros']
[16.881s] [34mcolcon.colcon_core.package_identification[0m [1;30mLevel 1[0m _identify(src/my_robot) by extension 'ros'
[16.882s] [34mcolcon.colcon_core.package_identification[0m [1;30mDEBUG[0m [32mPackage 'src/my_robot' with type 'ros.ament_python' and name 'my_robot'[0m
[16.882s] [34mcolcon.colcon_core.package_identification[0m [1;30mLevel 1[0m _identify(src/odometry) by extensions ['ignore', 'ignore_ament_install']
[16.882s] [34mcolcon.colcon_core.package_identification[0m [1;30mLevel 1[0m _identify(src/odometry) by extension 'ignore'
[16.883s] [34mcolcon.colcon_core.package_identification[0m [1;30mLevel 1[0m _identify(src/odometry) by extension 'ignore_ament_install'
[16.883s] [34mcolcon.colcon_core.package_identification[0m [1;30mLevel 1[0m _identify(src/odometry) by extensions ['colcon_pkg']
[16.883s] [34mcolcon.colcon_core.package_identification[0m [1;30mLevel 1[0m _identify(src/odometry) by extension 'colcon_pkg'
[16.883s] [34mcolcon.colcon_core.package_identification[0m [1;30mLevel 1[0m _identify(src/odometry) by extensions ['colcon_meta']
[16.883s] [34mcolcon.colcon_core.package_identification[0m [1;30mLevel 1[0m _identify(src/odometry) by extension 'colcon_meta'
[16.883s] [34mcolcon.colcon_core.package_identification[0m [1;30mLevel 1[0m _identify(src/odometry) by extensions ['ros']
[16.883s] [34mcolcon.colcon_core.package_identification[0m [1;30mLevel 1[0m _identify(src/odometry) by extension 'ros'
[16.884s] [34mcolcon.colcon_core.package_identification[0m [1;30mDEBUG[0m [32mPackage 'src/odometry' with type 'ros.ament_python' and name 'odometry'[0m
[16.884s] [34mcolcon.colcon_core.package_discovery[0m [1;30mLevel 1[0m discover_packages(recursive) using defaults
[16.884s] [34mcolcon.colcon_core.package_discovery[0m [1;30mLevel 1[0m discover_packages(ignore) discover
[16.884s] [34mcolcon.colcon_core.package_discovery[0m [1;30mLevel 1[0m discover_packages(ignore) using defaults
[16.884s] [34mcolcon.colcon_core.package_discovery[0m [1;30mLevel 1[0m discover_packages(path) discover
[16.885s] [34mcolcon.colcon_core.package_discovery[0m [1;30mLevel 1[0m discover_packages(path) using defaults
[18.047s] [34mcolcon.colcon_core.verb[0m [1;30mLevel 5[0m set package 'keyboard_listener' build argument 'cmake_args' from command line to 'None'
[18.048s] [34mcolcon.colcon_core.verb[0m [1;30mLevel 5[0m set package 'keyboard_listener' build argument 'cmake_target' from command line to 'None'
[18.048s] [34mcolcon.colcon_core.verb[0m [1;30mLevel 5[0m set package 'keyboard_listener' build argument 'cmake_target_skip_unavailable' from command line to 'False'
[18.048s] [34mcolcon.colcon_core.verb[0m [1;30mLevel 5[0m set package 'keyboard_listener' build argument 'cmake_clean_cache' from command line to 'False'
[18.048s] [34mcolcon.colcon_core.verb[0m [1;30mLevel 5[0m set package 'keyboard_listener' build argument 'cmake_clean_first' from command line to 'False'
[18.048s] [34mcolcon.colcon_core.verb[0m [1;30mLevel 5[0m set package 'keyboard_listener' build argument 'cmake_force_configure' from command line to 'False'
[18.048s] [34mcolcon.colcon_core.verb[0m [1;30mLevel 5[0m set package 'keyboard_listener' build argument 'ament_cmake_args' from command line to 'None'
[18.048s] [34mcolcon.colcon_core.verb[0m [1;30mLevel 5[0m set package 'keyboard_listener' build argument 'catkin_cmake_args' from command line to 'None'
[18.048s] [34mcolcon.colcon_core.verb[0m [1;30mLevel 5[0m set package 'keyboard_listener' build argument 'catkin_skip_building_tests' from command line to 'False'
[18.049s] [34mcolcon.colcon_core.verb[0m [1;30mDEBUG[0m [32mBuilding package 'keyboard_listener' with the following arguments: {'ament_cmake_args': None, 'build_base': '/home/cadt-02/Documents/can_test_usb/ros2_can/build/keyboard_listener', 'catkin_cmake_args': None, 'catkin_skip_building_tests': False, 'cmake_args': None, 'cmake_clean_cache': False, 'cmake_clean_first': False, 'cmake_force_configure': False, 'cmake_target': None, 'cmake_target_skip_unavailable': False, 'install_base': '/home/cadt-02/Documents/can_test_usb/ros2_can/install/keyboard_listener', 'merge_install': False, 'path': '/home/cadt-02/Documents/can_test_usb/ros2_can/src/keyboard_listener', 'symlink_install': True, 'test_result_base': None}[0m
[18.334s] [34mcolcon.colcon_core.verb[0m [1;30mLevel 5[0m set package 'keyboard_publisher' build argument 'cmake_args' from command line to 'None'
[18.334s] [34mcolcon.colcon_core.verb[0m [1;30mLevel 5[0m set package 'keyboard_publisher' build argument 'cmake_target' from command line to 'None'
[18.334s] [34mcolcon.colcon_core.verb[0m [1;30mLevel 5[0m set package 'keyboard_publisher' build argument 'cmake_target_skip_unavailable' from command line to 'False'
[18.334s] [34mcolcon.colcon_core.verb[0m [1;30mLevel 5[0m set package 'keyboard_publisher' build argument 'cmake_clean_cache' from command line to 'False'
[18.334s] [34mcolcon.colcon_core.verb[0m [1;30mLevel 5[0m set package 'keyboard_publisher' build argument 'cmake_clean_first' from command line to 'False'
[18.335s] [34mcolcon.colcon_core.verb[0m [1;30mLevel 5[0m set package 'keyboard_publisher' build argument 'cmake_force_configure' from command line to 'False'
[18.335s] [34mcolcon.colcon_core.verb[0m [1;30mLevel 5[0m set package 'keyboard_publisher' build argument 'ament_cmake_args' from command line to 'None'
[18.335s] [34mcolcon.colcon_core.verb[0m [1;30mLevel 5[0m set package 'keyboard_publisher' build argument 'catkin_cmake_args' from command line to 'None'
[18.335s] [34mcolcon.colcon_core.verb[0m [1;30mLevel 5[0m set package 'keyboard_publisher' build argument 'catkin_skip_building_tests' from command line to 'False'
[18.335s] [34mcolcon.colcon_core.verb[0m [1;30mDEBUG[0m [32mBuilding package 'keyboard_publisher' with the following arguments: {'ament_cmake_args': None, 'build_base': '/home/cadt-02/Documents/can_test_usb/ros2_can/build/keyboard_publisher', 'catkin_cmake_args': None, 'catkin_skip_building_tests': False, 'cmake_args': None, 'cmake_clean_cache': False, 'cmake_clean_first': False, 'cmake_force_configure': False, 'cmake_target': None, 'cmake_target_skip_unavailable': False, 'install_base': '/home/cadt-02/Documents/can_test_usb/ros2_can/install/keyboard_publisher', 'merge_install': False, 'path': '/home/cadt-02/Documents/can_test_usb/ros2_can/src/keyboard_publisher', 'symlink_install': True, 'test_result_base': None}[0m
[18.616s] [34mcolcon.colcon_core.verb[0m [1;30mLevel 5[0m set package 'movement' build argument 'cmake_args' from command line to 'None'
[18.616s] [34mcolcon.colcon_core.verb[0m [1;30mLevel 5[0m set package 'movement' build argument 'cmake_target' from command line to 'None'
[18.616s] [34mcolcon.colcon_core.verb[0m [1;30mLevel 5[0m set package 'movement' build argument 'cmake_target_skip_unavailable' from command line to 'False'
[18.616s] [34mcolcon.colcon_core.verb[0m [1;30mLevel 5[0m set package 'movement' build argument 'cmake_clean_cache' from command line to 'False'
[18.617s] [34mcolcon.colcon_core.verb[0m [1;30mLevel 5[0m set package 'movement' build argument 'cmake_clean_first' from command line to 'False'
[18.617s] [34mcolcon.colcon_core.verb[0m [1;30mLevel 5[0m set package 'movement' build argument 'cmake_force_configure' from command line to 'False'
[18.617s] [34mcolcon.colcon_core.verb[0m [1;30mLevel 5[0m set package 'movement' build argument 'ament_cmake_args' from command line to 'None'
[18.617s] [34mcolcon.colcon_core.verb[0m [1;30mLevel 5[0m set package 'movement' build argument 'catkin_cmake_args' from command line to 'None'
[18.617s] [34mcolcon.colcon_core.verb[0m [1;30mLevel 5[0m set package 'movement' build argument 'catkin_skip_building_tests' from command line to 'False'
[18.617s] [34mcolcon.colcon_core.verb[0m [1;30mDEBUG[0m [32mBuilding package 'movement' with the following arguments: {'ament_cmake_args': None, 'build_base': '/home/cadt-02/Documents/can_test_usb/ros2_can/build/movement', 'catkin_cmake_args': None, 'catkin_skip_building_tests': False, 'cmake_args': None, 'cmake_clean_cache': False, 'cmake_clean_first': False, 'cmake_force_configure': False, 'cmake_target': None, 'cmake_target_skip_unavailable': False, 'install_base': '/home/cadt-02/Documents/can_test_usb/ros2_can/install/movement', 'merge_install': False, 'path': '/home/cadt-02/Documents/can_test_usb/ros2_can/src/movement', 'symlink_install': True, 'test_result_base': None}[0m
[18.899s] [34mcolcon.colcon_core.verb[0m [1;30mLevel 5[0m set package 'my_robot' build argument 'cmake_args' from command line to 'None'
[18.899s] [34mcolcon.colcon_core.verb[0m [1;30mLevel 5[0m set package 'my_robot' build argument 'cmake_target' from command line to 'None'
[18.899s] [34mcolcon.colcon_core.verb[0m [1;30mLevel 5[0m set package 'my_robot' build argument 'cmake_target_skip_unavailable' from command line to 'False'
[18.899s] [34mcolcon.colcon_core.verb[0m [1;30mLevel 5[0m set package 'my_robot' build argument 'cmake_clean_cache' from command line to 'False'
[18.899s] [34mcolcon.colcon_core.verb[0m [1;30mLevel 5[0m set package 'my_robot' build argument 'cmake_clean_first' from command line to 'False'
[18.900s] [34mcolcon.colcon_core.verb[0m [1;30mLevel 5[0m set package 'my_robot' build argument 'cmake_force_configure' from command line to 'False'
[18.900s] [34mcolcon.colcon_core.verb[0m [1;30mLevel 5[0m set package 'my_robot' build argument 'ament_cmake_args' from command line to 'None'
[18.900s] [34mcolcon.colcon_core.verb[0m [1;30mLevel 5[0m set package 'my_robot' build argument 'catkin_cmake_args' from command line to 'None'
[18.900s] [34mcolcon.colcon_core.verb[0m [1;30mLevel 5[0m set package 'my_robot' build argument 'catkin_skip_building_tests' from command line to 'False'
[18.900s] [34mcolcon.colcon_core.verb[0m [1;30mDEBUG[0m [32mBuilding package 'my_robot' with the following arguments: {'ament_cmake_args': None, 'build_base': '/home/cadt-02/Documents/can_test_usb/ros2_can/build/my_robot', 'catkin_cmake_args': None, 'catkin_skip_building_tests': False, 'cmake_args': None, 'cmake_clean_cache': False, 'cmake_clean_first': False, 'cmake_force_configure': False, 'cmake_target': None, 'cmake_target_skip_unavailable': False, 'install_base': '/home/cadt-02/Documents/can_test_usb/ros2_can/install/my_robot', 'merge_install': False, 'path': '/home/cadt-02/Documents/can_test_usb/ros2_can/src/my_robot', 'symlink_install': True, 'test_result_base': None}[0m
[19.183s] [34mcolcon.colcon_core.verb[0m [1;30mLevel 5[0m set package 'odometry' build argument 'cmake_args' from command line to 'None'
[19.183s] [34mcolcon.colcon_core.verb[0m [1;30mLevel 5[0m set package 'odometry' build argument 'cmake_target' from command line to 'None'
[19.183s] [34mcolcon.colcon_core.verb[0m [1;30mLevel 5[0m set package 'odometry' build argument 'cmake_target_skip_unavailable' from command line to 'False'
[19.183s] [34mcolcon.colcon_core.verb[0m [1;30mLevel 5[0m set package 'odometry' build argument 'cmake_clean_cache' from command line to 'False'
[19.183s] [34mcolcon.colcon_core.verb[0m [1;30mLevel 5[0m set package 'odometry' build argument 'cmake_clean_first' from command line to 'False'
[19.183s] [34mcolcon.colcon_core.verb[0m [1;30mLevel 5[0m set package 'odometry' build argument 'cmake_force_configure' from command line to 'False'
[19.183s] [34mcolcon.colcon_core.verb[0m [1;30mLevel 5[0m set package 'odometry' build argument 'ament_cmake_args' from command line to 'None'
[19.183s] [34mcolcon.colcon_core.verb[0m [1;30mLevel 5[0m set package 'odometry' build argument 'catkin_cmake_args' from command line to 'None'
[19.183s] [34mcolcon.colcon_core.verb[0m [1;30mLevel 5[0m set package 'odometry' build argument 'catkin_skip_building_tests' from command line to 'False'
[19.183s] [34mcolcon.colcon_core.verb[0m [1;30mDEBUG[0m [32mBuilding package 'odometry' with the following arguments: {'ament_cmake_args': None, 'build_base': '/home/cadt-02/Documents/can_test_usb/ros2_can/build/odometry', 'catkin_cmake_args': None, 'catkin_skip_building_tests': False, 'cmake_args': None, 'cmake_clean_cache': False, 'cmake_clean_first': False, 'cmake_force_configure': False, 'cmake_target': None, 'cmake_target_skip_unavailable': False, 'install_base': '/home/cadt-02/Documents/can_test_usb/ros2_can/install/odometry', 'merge_install': False, 'path': '/home/cadt-02/Documents/can_test_usb/ros2_can/src/odometry', 'symlink_install': True, 'test_result_base': None}[0m
[19.464s] [34mcolcon.colcon_core.executor[0m [1;30mINFO[0m Executing jobs using 'parallel' executor
[19.749s] [34mcolcon.colcon_parallel_executor.executor.parallel[0m [1;30mDEBUG[0m [32mrun_until_complete[0m
[19.749s] [34mcolcon.colcon_ros.task.ament_python.build[0m [1;30mINFO[0m Building ROS package in '/home/cadt-02/Documents/can_test_usb/ros2_can/src/keyboard_listener' with build type 'ament_python'
[19.750s] [34mcolcon.colcon_core.shell[0m [1;30mLevel 1[0m create_environment_hook('keyboard_listener', 'ament_prefix_path')
[20.049s] [34mcolcon.colcon_core.plugin_system[0m [1;30mINFO[0m Skipping extension 'colcon_core.shell.bat': Not used on non-Windows systems
[20.050s] [34mcolcon.colcon_core.shell[0m [1;30mINFO[0m Creating environment hook '/home/cadt-02/Documents/can_test_usb/ros2_can/install/keyboard_listener/share/keyboard_listener/hook/ament_prefix_path.ps1'
[20.052s] [34mcolcon.colcon_core.shell[0m [1;30mINFO[0m Creating environment descriptor '/home/cadt-02/Documents/can_test_usb/ros2_can/install/keyboard_listener/share/keyboard_listener/hook/ament_prefix_path.dsv'
[20.053s] [34mcolcon.colcon_core.shell[0m [1;30mINFO[0m Creating environment hook '/home/cadt-02/Documents/can_test_usb/ros2_can/install/keyboard_listener/share/keyboard_listener/hook/ament_prefix_path.sh'
[20.347s] [34mcolcon.colcon_core.shell[0m [1;30mINFO[0m Skip shell extension 'powershell' for command environment: Not usable outside of PowerShell
[20.347s] [34mcolcon.colcon_core.shell[0m [1;30mDEBUG[0m [32mSkip shell extension 'dsv' for command environment[0m
[20.643s] [34mcolcon.colcon_ros.prefix_path.ament[0m [1;30mWARNING[0m [33mThe path '/home/cadt-02/Documents/can_test_usb/ros2_can/install/rmdx6' in the environment variable AMENT_PREFIX_PATH doesn't exist[0m
[21.235s] [34mcolcon.colcon_ros.task.ament_python.build[0m [1;30mINFO[0m Building ROS package in '/home/cadt-02/Documents/can_test_usb/ros2_can/src/keyboard_publisher' with build type 'ament_python'
[21.235s] [34mcolcon.colcon_core.shell[0m [1;30mLevel 1[0m create_environment_hook('keyboard_publisher', 'ament_prefix_path')
[21.528s] [34mcolcon.colcon_core.shell[0m [1;30mINFO[0m Creating environment hook '/home/cadt-02/Documents/can_test_usb/ros2_can/install/keyboard_publisher/share/keyboard_publisher/hook/ament_prefix_path.ps1'
[21.529s] [34mcolcon.colcon_core.shell[0m [1;30mINFO[0m Creating environment descriptor '/home/cadt-02/Documents/can_test_usb/ros2_can/install/keyboard_publisher/share/keyboard_publisher/hook/ament_prefix_path.dsv'
[21.530s] [34mcolcon.colcon_core.shell[0m [1;30mINFO[0m Creating environment hook '/home/cadt-02/Documents/can_test_usb/ros2_can/install/keyboard_publisher/share/keyboard_publisher/hook/ament_prefix_path.sh'
[21.819s] [34mcolcon.colcon_core.shell[0m [1;30mINFO[0m Skip shell extension 'powershell' for command environment: Not usable outside of PowerShell
[21.819s] [34mcolcon.colcon_core.shell[0m [1;30mDEBUG[0m [32mSkip shell extension 'dsv' for command environment[0m
[22.704s] [34mcolcon.colcon_ros.task.ament_python.build[0m [1;30mINFO[0m Building ROS package in '/home/cadt-02/Documents/can_test_usb/ros2_can/src/movement' with build type 'ament_python'
[22.705s] [34mcolcon.colcon_core.shell[0m [1;30mLevel 1[0m create_environment_hook('movement', 'ament_prefix_path')
[23.000s] [34mcolcon.colcon_core.shell[0m [1;30mINFO[0m Creating environment hook '/home/cadt-02/Documents/can_test_usb/ros2_can/install/movement/share/movement/hook/ament_prefix_path.ps1'
[23.002s] [34mcolcon.colcon_core.shell[0m [1;30mINFO[0m Creating environment descriptor '/home/cadt-02/Documents/can_test_usb/ros2_can/install/movement/share/movement/hook/ament_prefix_path.dsv'
[23.002s] [34mcolcon.colcon_core.shell[0m [1;30mINFO[0m Creating environment hook '/home/cadt-02/Documents/can_test_usb/ros2_can/install/movement/share/movement/hook/ament_prefix_path.sh'
[23.297s] [34mcolcon.colcon_core.shell[0m [1;30mINFO[0m Skip shell extension 'powershell' for command environment: Not usable outside of PowerShell
[23.297s] [34mcolcon.colcon_core.shell[0m [1;30mDEBUG[0m [32mSkip shell extension 'dsv' for command environment[0m
[24.181s] [34mcolcon.colcon_ros.task.ament_python.build[0m [1;30mINFO[0m Building ROS package in '/home/cadt-02/Documents/can_test_usb/ros2_can/src/my_robot' with build type 'ament_python'
[24.182s] [34mcolcon.colcon_core.shell[0m [1;30mLevel 1[0m create_environment_hook('my_robot', 'ament_prefix_path')
[24.476s] [34mcolcon.colcon_core.shell[0m [1;30mINFO[0m Creating environment hook '/home/cadt-02/Documents/can_test_usb/ros2_can/install/my_robot/share/my_robot/hook/ament_prefix_path.ps1'
[24.478s] [34mcolcon.colcon_core.shell[0m [1;30mINFO[0m Creating environment descriptor '/home/cadt-02/Documents/can_test_usb/ros2_can/install/my_robot/share/my_robot/hook/ament_prefix_path.dsv'
[24.478s] [34mcolcon.colcon_core.shell[0m [1;30mINFO[0m Creating environment hook '/home/cadt-02/Documents/can_test_usb/ros2_can/install/my_robot/share/my_robot/hook/ament_prefix_path.sh'
[24.770s] [34mcolcon.colcon_core.shell[0m [1;30mINFO[0m Skip shell extension 'powershell' for command environment: Not usable outside of PowerShell
[24.770s] [34mcolcon.colcon_core.shell[0m [1;30mDEBUG[0m [32mSkip shell extension 'dsv' for command environment[0m
[25.647s] [34mcolcon.colcon_ros.task.ament_python.build[0m [1;30mINFO[0m Building ROS package in '/home/cadt-02/Documents/can_test_usb/ros2_can/src/odometry' with build type 'ament_python'
[25.648s] [34mcolcon.colcon_core.shell[0m [1;30mLevel 1[0m create_environment_hook('odometry', 'ament_prefix_path')
[25.945s] [34mcolcon.colcon_core.shell[0m [1;30mINFO[0m Creating environment hook '/home/cadt-02/Documents/can_test_usb/ros2_can/install/odometry/share/odometry/hook/ament_prefix_path.ps1'
[25.947s] [34mcolcon.colcon_core.shell[0m [1;30mINFO[0m Creating environment descriptor '/home/cadt-02/Documents/can_test_usb/ros2_can/install/odometry/share/odometry/hook/ament_prefix_path.dsv'
[25.947s] [34mcolcon.colcon_core.shell[0m [1;30mINFO[0m Creating environment hook '/home/cadt-02/Documents/can_test_usb/ros2_can/install/odometry/share/odometry/hook/ament_prefix_path.sh'
[26.237s] [34mcolcon.colcon_core.shell[0m [1;30mINFO[0m Skip shell extension 'powershell' for command environment: Not usable outside of PowerShell
[26.237s] [34mcolcon.colcon_core.shell[0m [1;30mDEBUG[0m [32mSkip shell extension 'dsv' for command environment[0m
[27.622s] [34mcolcon.colcon_core.task.python.build[0m [1;30mINFO[0m Building Python package in '/home/cadt-02/Documents/can_test_usb/ros2_can/src/keyboard_listener'
[27.917s] [34mcolcon.colcon_core.shell[0m [1;30mINFO[0m Skip shell extension 'powershell' for command environment: Not usable outside of PowerShell
[27.917s] [34mcolcon.colcon_core.shell[0m [1;30mDEBUG[0m [32mSkip shell extension 'dsv' for command environment[0m
[29.316s] [34mcolcon.colcon_core.task.python.build[0m [1;30mINFO[0m Building Python package in '/home/cadt-02/Documents/can_test_usb/ros2_can/src/keyboard_publisher'
[29.611s] [34mcolcon.colcon_core.shell[0m [1;30mINFO[0m Skip shell extension 'powershell' for command environment: Not usable outside of PowerShell
[29.611s] [34mcolcon.colcon_core.shell[0m [1;30mDEBUG[0m [32mSkip shell extension 'dsv' for command environment[0m
[31.008s] [34mcolcon.colcon_core.task.python.build[0m [1;30mINFO[0m Building Python package in '/home/cadt-02/Documents/can_test_usb/ros2_can/src/movement'
[31.308s] [34mcolcon.colcon_core.shell[0m [1;30mINFO[0m Skip shell extension 'powershell' for command environment: Not usable outside of PowerShell
[31.308s] [34mcolcon.colcon_core.shell[0m [1;30mDEBUG[0m [32mSkip shell extension 'dsv' for command environment[0m
[32.709s] [34mcolcon.colcon_core.task.python.build[0m [1;30mINFO[0m Building Python package in '/home/cadt-02/Documents/can_test_usb/ros2_can/src/my_robot'
[33.003s] [34mcolcon.colcon_core.shell[0m [1;30mINFO[0m Skip shell extension 'powershell' for command environment: Not usable outside of PowerShell
[33.004s] [34mcolcon.colcon_core.shell[0m [1;30mDEBUG[0m [32mSkip shell extension 'dsv' for command environment[0m
[34.387s] [34mcolcon.colcon_core.task.python.build[0m [1;30mINFO[0m Building Python package in '/home/cadt-02/Documents/can_test_usb/ros2_can/src/odometry'
[34.679s] [34mcolcon.colcon_core.shell[0m [1;30mINFO[0m Skip shell extension 'powershell' for command environment: Not usable outside of PowerShell
[34.679s] [34mcolcon.colcon_core.shell[0m [1;30mDEBUG[0m [32mSkip shell extension 'dsv' for command environment[0m
[37.217s] [34mcolcon.colcon_core.event_handler.log_command[0m [1;30mDEBUG[0m [32mInvoking command in '/home/cadt-02/Documents/can_test_usb/ros2_can/build/keyboard_listener': NX_CONNECTION=172.23.33.204 59150 172.23.34.34 4000 PYTHONPATH=/home/cadt-02/Documents/can_test_usb/ros2_can/build/keyboard_listener/prefix_override:/home/cadt-02/Documents/can_test_usb/ros2_can/install/keyboard_listener/lib/python3.8/site-packages:${PYTHONPATH} /usr/bin/python3 setup.py develop --editable --build-directory /home/cadt-02/Documents/can_test_usb/ros2_can/build/keyboard_listener/build --no-deps install_data[0m
[37.247s] [34mcolcon.colcon_core.event_handler.log_command[0m [1;30mDEBUG[0m [32mInvoking command in '/home/cadt-02/Documents/can_test_usb/ros2_can/build/movement': NX_CONNECTION=172.23.33.204 59150 172.23.34.34 4000 PYTHONPATH=/home/cadt-02/Documents/can_test_usb/ros2_can/build/movement/prefix_override:/home/cadt-02/Documents/can_test_usb/ros2_can/install/movement/lib/python3.8/site-packages:${PYTHONPATH} /usr/bin/python3 setup.py develop --editable --build-directory /home/cadt-02/Documents/can_test_usb/ros2_can/build/movement/build --no-deps install_data[0m
[37.293s] [34mcolcon.colcon_core.event_handler.log_command[0m [1;30mDEBUG[0m [32mInvoking command in '/home/cadt-02/Documents/can_test_usb/ros2_can/build/my_robot': NX_CONNECTION=172.23.33.204 59150 172.23.34.34 4000 PYTHONPATH=/home/cadt-02/Documents/can_test_usb/ros2_can/build/my_robot/prefix_override:/home/cadt-02/Documents/can_test_usb/ros2_can/install/my_robot/lib/python3.8/site-packages:${PYTHONPATH} /usr/bin/python3 setup.py develop --editable --build-directory /home/cadt-02/Documents/can_test_usb/ros2_can/build/my_robot/build --no-deps install_data[0m
[37.310s] [34mcolcon.colcon_core.event_handler.log_command[0m [1;30mDEBUG[0m [32mInvoking command in '/home/cadt-02/Documents/can_test_usb/ros2_can/build/keyboard_publisher': NX_CONNECTION=172.23.33.204 59150 172.23.34.34 4000 PYTHONPATH=/home/cadt-02/Documents/can_test_usb/ros2_can/build/keyboard_publisher/prefix_override:/home/cadt-02/Documents/can_test_usb/ros2_can/install/keyboard_publisher/lib/python3.8/site-packages:${PYTHONPATH} /usr/bin/python3 setup.py develop --editable --build-directory /home/cadt-02/Documents/can_test_usb/ros2_can/build/keyboard_publisher/build --no-deps install_data[0m
[37.333s] [34mcolcon.colcon_core.event_handler.log_command[0m [1;30mDEBUG[0m [32mInvoking command in '/home/cadt-02/Documents/can_test_usb/ros2_can/build/odometry': NX_CONNECTION=172.23.33.204 59150 172.23.34.34 4000 PYTHONPATH=/home/cadt-02/Documents/can_test_usb/ros2_can/build/odometry/prefix_override:/home/cadt-02/Documents/can_test_usb/ros2_can/install/odometry/lib/python3.8/site-packages:${PYTHONPATH} /usr/bin/python3 setup.py develop --editable --build-directory /home/cadt-02/Documents/can_test_usb/ros2_can/build/odometry/build --no-deps install_data[0m
[39.208s] [34mcolcon.colcon_core.shell[0m [1;30mLevel 1[0m create_environment_hook('keyboard_listener', 'pythonpath_develop')
[39.215s] [34mcolcon.colcon_core.event_handler.log_command[0m [1;30mDEBUG[0m [32mInvoked command in '/home/cadt-02/Documents/can_test_usb/ros2_can/build/keyboard_listener' returned '0': NX_CONNECTION=172.23.33.204 59150 172.23.34.34 4000 PYTHONPATH=/home/cadt-02/Documents/can_test_usb/ros2_can/build/keyboard_listener/prefix_override:/home/cadt-02/Documents/can_test_usb/ros2_can/install/keyboard_listener/lib/python3.8/site-packages:${PYTHONPATH} /usr/bin/python3 setup.py develop --editable --build-directory /home/cadt-02/Documents/can_test_usb/ros2_can/build/keyboard_listener/build --no-deps install_data[0m
[39.535s] [34mcolcon.colcon_core.shell[0m [1;30mINFO[0m Creating environment hook '/home/cadt-02/Documents/can_test_usb/ros2_can/build/keyboard_listener/share/keyboard_listener/hook/pythonpath_develop.ps1'
[39.536s] [34mcolcon.colcon_core.shell[0m [1;30mINFO[0m Creating environment descriptor '/home/cadt-02/Documents/can_test_usb/ros2_can/build/keyboard_listener/share/keyboard_listener/hook/pythonpath_develop.dsv'
[39.537s] [34mcolcon.colcon_core.shell[0m [1;30mINFO[0m Creating environment hook '/home/cadt-02/Documents/can_test_usb/ros2_can/build/keyboard_listener/share/keyboard_listener/hook/pythonpath_develop.sh'
[39.838s] [34mcolcon.colcon_core.environment[0m [1;30mLevel 1[0m checking '/home/cadt-02/Documents/can_test_usb/ros2_can/install/keyboard_listener' for CMake module files
[39.839s] [34mcolcon.colcon_core.environment[0m [1;30mLevel 1[0m checking '/home/cadt-02/Documents/can_test_usb/ros2_can/install/keyboard_listener' for CMake config files
[39.841s] [34mcolcon.colcon_core.environment[0m [1;30mLevel 1[0m checking '/home/cadt-02/Documents/can_test_usb/ros2_can/install/keyboard_listener/lib'
[39.841s] [34mcolcon.colcon_core.environment[0m [1;30mLevel 1[0m checking '/home/cadt-02/Documents/can_test_usb/ros2_can/install/keyboard_listener/bin'
[39.841s] [34mcolcon.colcon_core.environment[0m [1;30mLevel 1[0m checking '/home/cadt-02/Documents/can_test_usb/ros2_can/install/keyboard_listener/lib/pkgconfig/keyboard_listener.pc'
[39.842s] [34mcolcon.colcon_core.environment[0m [1;30mLevel 1[0m checking '/home/cadt-02/Documents/can_test_usb/ros2_can/install/keyboard_listener/lib/python3.8/site-packages'
[39.842s] [34mcolcon.colcon_core.shell[0m [1;30mLevel 1[0m create_environment_hook('keyboard_listener', 'pythonpath')
[40.145s] [34mcolcon.colcon_core.shell[0m [1;30mINFO[0m Creating environment hook '/home/cadt-02/Documents/can_test_usb/ros2_can/install/keyboard_listener/share/keyboard_listener/hook/pythonpath.ps1'
[40.146s] [34mcolcon.colcon_core.shell[0m [1;30mINFO[0m Creating environment descriptor '/home/cadt-02/Documents/can_test_usb/ros2_can/install/keyboard_listener/share/keyboard_listener/hook/pythonpath.dsv'
[40.147s] [34mcolcon.colcon_core.shell[0m [1;30mINFO[0m Creating environment hook '/home/cadt-02/Documents/can_test_usb/ros2_can/install/keyboard_listener/share/keyboard_listener/hook/pythonpath.sh'
[40.149s] [34mcolcon.colcon_core.environment[0m [1;30mLevel 1[0m checking '/home/cadt-02/Documents/can_test_usb/ros2_can/install/keyboard_listener/bin'
[40.149s] [34mcolcon.colcon_core.environment[0m [1;30mLevel 1[0m create_environment_scripts_only(keyboard_listener)
[40.448s] [34mcolcon.colcon_core.shell[0m [1;30mINFO[0m Creating package script '/home/cadt-02/Documents/can_test_usb/ros2_can/install/keyboard_listener/share/keyboard_listener/package.ps1'
[40.451s] [34mcolcon.colcon_core.shell[0m [1;30mINFO[0m Creating package descriptor '/home/cadt-02/Documents/can_test_usb/ros2_can/install/keyboard_listener/share/keyboard_listener/package.dsv'
[40.453s] [34mcolcon.colcon_core.shell[0m [1;30mINFO[0m Creating package script '/home/cadt-02/Documents/can_test_usb/ros2_can/install/keyboard_listener/share/keyboard_listener/package.sh'
[40.454s] [34mcolcon.colcon_core.shell[0m [1;30mINFO[0m Creating package script '/home/cadt-02/Documents/can_test_usb/ros2_can/install/keyboard_listener/share/keyboard_listener/package.bash'
[40.456s] [34mcolcon.colcon_core.shell[0m [1;30mINFO[0m Creating package script '/home/cadt-02/Documents/can_test_usb/ros2_can/install/keyboard_listener/share/keyboard_listener/package.zsh'
[40.457s] [34mcolcon.colcon_core.environment[0m [1;30mLevel 1[0m create_file_with_runtime_dependencies(/home/cadt-02/Documents/can_test_usb/ros2_can/install/keyboard_listener/share/colcon-core/packages/keyboard_listener)
[40.461s] [34mcolcon.colcon_core.shell[0m [1;30mLevel 1[0m create_environment_hook('odometry', 'pythonpath_develop')
[40.463s] [34mcolcon.colcon_core.event_handler.log_command[0m [1;30mDEBUG[0m [32mInvoked command in '/home/cadt-02/Documents/can_test_usb/ros2_can/build/odometry' returned '0': NX_CONNECTION=172.23.33.204 59150 172.23.34.34 4000 PYTHONPATH=/home/cadt-02/Documents/can_test_usb/ros2_can/build/odometry/prefix_override:/home/cadt-02/Documents/can_test_usb/ros2_can/install/odometry/lib/python3.8/site-packages:${PYTHONPATH} /usr/bin/python3 setup.py develop --editable --build-directory /home/cadt-02/Documents/can_test_usb/ros2_can/build/odometry/build --no-deps install_data[0m
[40.758s] [34mcolcon.colcon_core.shell[0m [1;30mINFO[0m Creating environment hook '/home/cadt-02/Documents/can_test_usb/ros2_can/build/odometry/share/odometry/hook/pythonpath_develop.ps1'
[40.759s] [34mcolcon.colcon_core.shell[0m [1;30mINFO[0m Creating environment descriptor '/home/cadt-02/Documents/can_test_usb/ros2_can/build/odometry/share/odometry/hook/pythonpath_develop.dsv'
[40.760s] [34mcolcon.colcon_core.shell[0m [1;30mINFO[0m Creating environment hook '/home/cadt-02/Documents/can_test_usb/ros2_can/build/odometry/share/odometry/hook/pythonpath_develop.sh'
[41.052s] [34mcolcon.colcon_core.environment[0m [1;30mLevel 1[0m checking '/home/cadt-02/Documents/can_test_usb/ros2_can/install/odometry' for CMake module files
[41.053s] [34mcolcon.colcon_core.environment[0m [1;30mLevel 1[0m checking '/home/cadt-02/Documents/can_test_usb/ros2_can/install/odometry' for CMake config files
[41.054s] [34mcolcon.colcon_core.environment[0m [1;30mLevel 1[0m checking '/home/cadt-02/Documents/can_test_usb/ros2_can/install/odometry/lib'
[41.054s] [34mcolcon.colcon_core.environment[0m [1;30mLevel 1[0m checking '/home/cadt-02/Documents/can_test_usb/ros2_can/install/odometry/bin'
[41.054s] [34mcolcon.colcon_core.environment[0m [1;30mLevel 1[0m checking '/home/cadt-02/Documents/can_test_usb/ros2_can/install/odometry/lib/pkgconfig/odometry.pc'
[41.055s] [34mcolcon.colcon_core.environment[0m [1;30mLevel 1[0m checking '/home/cadt-02/Documents/can_test_usb/ros2_can/install/odometry/lib/python3.8/site-packages'
[41.055s] [34mcolcon.colcon_core.shell[0m [1;30mLevel 1[0m create_environment_hook('odometry', 'pythonpath')
[41.348s] [34mcolcon.colcon_core.shell[0m [1;30mINFO[0m Creating environment hook '/home/cadt-02/Documents/can_test_usb/ros2_can/install/odometry/share/odometry/hook/pythonpath.ps1'
[41.349s] [34mcolcon.colcon_core.shell[0m [1;30mINFO[0m Creating environment descriptor '/home/cadt-02/Documents/can_test_usb/ros2_can/install/odometry/share/odometry/hook/pythonpath.dsv'
[41.350s] [34mcolcon.colcon_core.shell[0m [1;30mINFO[0m Creating environment hook '/home/cadt-02/Documents/can_test_usb/ros2_can/install/odometry/share/odometry/hook/pythonpath.sh'
[41.351s] [34mcolcon.colcon_core.environment[0m [1;30mLevel 1[0m checking '/home/cadt-02/Documents/can_test_usb/ros2_can/install/odometry/bin'
[41.351s] [34mcolcon.colcon_core.environment[0m [1;30mLevel 1[0m create_environment_scripts_only(odometry)
[41.644s] [34mcolcon.colcon_core.shell[0m [1;30mINFO[0m Creating package script '/home/cadt-02/Documents/can_test_usb/ros2_can/install/odometry/share/odometry/package.ps1'
[41.646s] [34mcolcon.colcon_core.shell[0m [1;30mINFO[0m Creating package descriptor '/home/cadt-02/Documents/can_test_usb/ros2_can/install/odometry/share/odometry/package.dsv'
[41.647s] [34mcolcon.colcon_core.shell[0m [1;30mINFO[0m Creating package script '/home/cadt-02/Documents/can_test_usb/ros2_can/install/odometry/share/odometry/package.sh'
[41.648s] [34mcolcon.colcon_core.shell[0m [1;30mINFO[0m Creating package script '/home/cadt-02/Documents/can_test_usb/ros2_can/install/odometry/share/odometry/package.bash'
[41.649s] [34mcolcon.colcon_core.shell[0m [1;30mINFO[0m Creating package script '/home/cadt-02/Documents/can_test_usb/ros2_can/install/odometry/share/odometry/package.zsh'
[41.649s] [34mcolcon.colcon_core.environment[0m [1;30mLevel 1[0m create_file_with_runtime_dependencies(/home/cadt-02/Documents/can_test_usb/ros2_can/install/odometry/share/colcon-core/packages/odometry)
[41.650s] [34mcolcon.colcon_core.shell[0m [1;30mLevel 1[0m create_environment_hook('keyboard_publisher', 'pythonpath_develop')
[41.654s] [34mcolcon.colcon_core.event_handler.log_command[0m [1;30mDEBUG[0m [32mInvoked command in '/home/cadt-02/Documents/can_test_usb/ros2_can/build/keyboard_publisher' returned '0': NX_CONNECTION=172.23.33.204 59150 172.23.34.34 4000 PYTHONPATH=/home/cadt-02/Documents/can_test_usb/ros2_can/build/keyboard_publisher/prefix_override:/home/cadt-02/Documents/can_test_usb/ros2_can/install/keyboard_publisher/lib/python3.8/site-packages:${PYTHONPATH} /usr/bin/python3 setup.py develop --editable --build-directory /home/cadt-02/Documents/can_test_usb/ros2_can/build/keyboard_publisher/build --no-deps install_data[0m
[41.946s] [34mcolcon.colcon_core.shell[0m [1;30mINFO[0m Creating environment hook '/home/cadt-02/Documents/can_test_usb/ros2_can/build/keyboard_publisher/share/keyboard_publisher/hook/pythonpath_develop.ps1'
[41.948s] [34mcolcon.colcon_core.shell[0m [1;30mINFO[0m Creating environment descriptor '/home/cadt-02/Documents/can_test_usb/ros2_can/build/keyboard_publisher/share/keyboard_publisher/hook/pythonpath_develop.dsv'
[41.948s] [34mcolcon.colcon_core.shell[0m [1;30mINFO[0m Creating environment hook '/home/cadt-02/Documents/can_test_usb/ros2_can/build/keyboard_publisher/share/keyboard_publisher/hook/pythonpath_develop.sh'
[42.253s] [34mcolcon.colcon_core.environment[0m [1;30mLevel 1[0m checking '/home/cadt-02/Documents/can_test_usb/ros2_can/install/keyboard_publisher' for CMake module files
[42.254s] [34mcolcon.colcon_core.environment[0m [1;30mLevel 1[0m checking '/home/cadt-02/Documents/can_test_usb/ros2_can/install/keyboard_publisher' for CMake config files
[42.255s] [34mcolcon.colcon_core.environment[0m [1;30mLevel 1[0m checking '/home/cadt-02/Documents/can_test_usb/ros2_can/install/keyboard_publisher/lib'
[42.256s] [34mcolcon.colcon_core.environment[0m [1;30mLevel 1[0m checking '/home/cadt-02/Documents/can_test_usb/ros2_can/install/keyboard_publisher/bin'
[42.256s] [34mcolcon.colcon_core.environment[0m [1;30mLevel 1[0m checking '/home/cadt-02/Documents/can_test_usb/ros2_can/install/keyboard_publisher/lib/pkgconfig/keyboard_publisher.pc'
[42.256s] [34mcolcon.colcon_core.environment[0m [1;30mLevel 1[0m checking '/home/cadt-02/Documents/can_test_usb/ros2_can/install/keyboard_publisher/lib/python3.8/site-packages'
[42.256s] [34mcolcon.colcon_core.shell[0m [1;30mLevel 1[0m create_environment_hook('keyboard_publisher', 'pythonpath')
[42.555s] [34mcolcon.colcon_core.shell[0m [1;30mINFO[0m Creating environment hook '/home/cadt-02/Documents/can_test_usb/ros2_can/install/keyboard_publisher/share/keyboard_publisher/hook/pythonpath.ps1'
[42.556s] [34mcolcon.colcon_core.shell[0m [1;30mINFO[0m Creating environment descriptor '/home/cadt-02/Documents/can_test_usb/ros2_can/install/keyboard_publisher/share/keyboard_publisher/hook/pythonpath.dsv'
[42.557s] [34mcolcon.colcon_core.shell[0m [1;30mINFO[0m Creating environment hook '/home/cadt-02/Documents/can_test_usb/ros2_can/install/keyboard_publisher/share/keyboard_publisher/hook/pythonpath.sh'
[42.558s] [34mcolcon.colcon_core.environment[0m [1;30mLevel 1[0m checking '/home/cadt-02/Documents/can_test_usb/ros2_can/install/keyboard_publisher/bin'
[42.559s] [34mcolcon.colcon_core.environment[0m [1;30mLevel 1[0m create_environment_scripts_only(keyboard_publisher)
[42.854s] [34mcolcon.colcon_core.shell[0m [1;30mINFO[0m Creating package script '/home/cadt-02/Documents/can_test_usb/ros2_can/install/keyboard_publisher/share/keyboard_publisher/package.ps1'
[42.855s] [34mcolcon.colcon_core.shell[0m [1;30mINFO[0m Creating package descriptor '/home/cadt-02/Documents/can_test_usb/ros2_can/install/keyboard_publisher/share/keyboard_publisher/package.dsv'
[42.857s] [34mcolcon.colcon_core.shell[0m [1;30mINFO[0m Creating package script '/home/cadt-02/Documents/can_test_usb/ros2_can/install/keyboard_publisher/share/keyboard_publisher/package.sh'
[42.857s] [34mcolcon.colcon_core.shell[0m [1;30mINFO[0m Creating package script '/home/cadt-02/Documents/can_test_usb/ros2_can/install/keyboard_publisher/share/keyboard_publisher/package.bash'
[42.858s] [34mcolcon.colcon_core.shell[0m [1;30mINFO[0m Creating package script '/home/cadt-02/Documents/can_test_usb/ros2_can/install/keyboard_publisher/share/keyboard_publisher/package.zsh'
[42.859s] [34mcolcon.colcon_core.environment[0m [1;30mLevel 1[0m create_file_with_runtime_dependencies(/home/cadt-02/Documents/can_test_usb/ros2_can/install/keyboard_publisher/share/colcon-core/packages/keyboard_publisher)
[42.860s] [34mcolcon.colcon_core.shell[0m [1;30mLevel 1[0m create_environment_hook('movement', 'pythonpath_develop')
[42.865s] [34mcolcon.colcon_core.event_handler.log_command[0m [1;30mDEBUG[0m [32mInvoked command in '/home/cadt-02/Documents/can_test_usb/ros2_can/build/movement' returned '0': NX_CONNECTION=172.23.33.204 59150 172.23.34.34 4000 PYTHONPATH=/home/cadt-02/Documents/can_test_usb/ros2_can/build/movement/prefix_override:/home/cadt-02/Documents/can_test_usb/ros2_can/install/movement/lib/python3.8/site-packages:${PYTHONPATH} /usr/bin/python3 setup.py develop --editable --build-directory /home/cadt-02/Documents/can_test_usb/ros2_can/build/movement/build --no-deps install_data[0m
[43.168s] [34mcolcon.colcon_core.shell[0m [1;30mINFO[0m Creating environment hook '/home/cadt-02/Documents/can_test_usb/ros2_can/build/movement/share/movement/hook/pythonpath_develop.ps1'
[43.169s] [34mcolcon.colcon_core.shell[0m [1;30mINFO[0m Creating environment descriptor '/home/cadt-02/Documents/can_test_usb/ros2_can/build/movement/share/movement/hook/pythonpath_develop.dsv'
[43.170s] [34mcolcon.colcon_core.shell[0m [1;30mINFO[0m Creating environment hook '/home/cadt-02/Documents/can_test_usb/ros2_can/build/movement/share/movement/hook/pythonpath_develop.sh'
[43.467s] [34mcolcon.colcon_core.environment[0m [1;30mLevel 1[0m checking '/home/cadt-02/Documents/can_test_usb/ros2_can/install/movement' for CMake module files
[43.468s] [34mcolcon.colcon_core.environment[0m [1;30mLevel 1[0m checking '/home/cadt-02/Documents/can_test_usb/ros2_can/install/movement' for CMake config files
[43.469s] [34mcolcon.colcon_core.environment[0m [1;30mLevel 1[0m checking '/home/cadt-02/Documents/can_test_usb/ros2_can/install/movement/lib'
[43.470s] [34mcolcon.colcon_core.environment[0m [1;30mLevel 1[0m checking '/home/cadt-02/Documents/can_test_usb/ros2_can/install/movement/bin'
[43.470s] [34mcolcon.colcon_core.environment[0m [1;30mLevel 1[0m checking '/home/cadt-02/Documents/can_test_usb/ros2_can/install/movement/lib/pkgconfig/movement.pc'
[43.470s] [34mcolcon.colcon_core.environment[0m [1;30mLevel 1[0m checking '/home/cadt-02/Documents/can_test_usb/ros2_can/install/movement/lib/python3.8/site-packages'
[43.470s] [34mcolcon.colcon_core.shell[0m [1;30mLevel 1[0m create_environment_hook('movement', 'pythonpath')
[43.765s] [34mcolcon.colcon_core.shell[0m [1;30mINFO[0m Creating environment hook '/home/cadt-02/Documents/can_test_usb/ros2_can/install/movement/share/movement/hook/pythonpath.ps1'
[43.767s] [34mcolcon.colcon_core.shell[0m [1;30mINFO[0m Creating environment descriptor '/home/cadt-02/Documents/can_test_usb/ros2_can/install/movement/share/movement/hook/pythonpath.dsv'
[43.767s] [34mcolcon.colcon_core.shell[0m [1;30mINFO[0m Creating environment hook '/home/cadt-02/Documents/can_test_usb/ros2_can/install/movement/share/movement/hook/pythonpath.sh'
[43.769s] [34mcolcon.colcon_core.environment[0m [1;30mLevel 1[0m checking '/home/cadt-02/Documents/can_test_usb/ros2_can/install/movement/bin'
[43.769s] [34mcolcon.colcon_core.environment[0m [1;30mLevel 1[0m create_environment_scripts_only(movement)
[44.062s] [34mcolcon.colcon_core.shell[0m [1;30mINFO[0m Creating package script '/home/cadt-02/Documents/can_test_usb/ros2_can/install/movement/share/movement/package.ps1'
[44.064s] [34mcolcon.colcon_core.shell[0m [1;30mINFO[0m Creating package descriptor '/home/cadt-02/Documents/can_test_usb/ros2_can/install/movement/share/movement/package.dsv'
[44.065s] [34mcolcon.colcon_core.shell[0m [1;30mINFO[0m Creating package script '/home/cadt-02/Documents/can_test_usb/ros2_can/install/movement/share/movement/package.sh'
[44.066s] [34mcolcon.colcon_core.shell[0m [1;30mINFO[0m Creating package script '/home/cadt-02/Documents/can_test_usb/ros2_can/install/movement/share/movement/package.bash'
[44.067s] [34mcolcon.colcon_core.shell[0m [1;30mINFO[0m Creating package script '/home/cadt-02/Documents/can_test_usb/ros2_can/install/movement/share/movement/package.zsh'
[44.068s] [34mcolcon.colcon_core.environment[0m [1;30mLevel 1[0m create_file_with_runtime_dependencies(/home/cadt-02/Documents/can_test_usb/ros2_can/install/movement/share/colcon-core/packages/movement)
[44.068s] [34mcolcon.colcon_core.shell[0m [1;30mLevel 1[0m create_environment_hook('my_robot', 'pythonpath_develop')
[44.073s] [34mcolcon.colcon_core.event_handler.log_command[0m [1;30mDEBUG[0m [32mInvoked command in '/home/cadt-02/Documents/can_test_usb/ros2_can/build/my_robot' returned '0': NX_CONNECTION=172.23.33.204 59150 172.23.34.34 4000 PYTHONPATH=/home/cadt-02/Documents/can_test_usb/ros2_can/build/my_robot/prefix_override:/home/cadt-02/Documents/can_test_usb/ros2_can/install/my_robot/lib/python3.8/site-packages:${PYTHONPATH} /usr/bin/python3 setup.py develop --editable --build-directory /home/cadt-02/Documents/can_test_usb/ros2_can/build/my_robot/build --no-deps install_data[0m
[44.364s] [34mcolcon.colcon_core.shell[0m [1;30mINFO[0m Creating environment hook '/home/cadt-02/Documents/can_test_usb/ros2_can/build/my_robot/share/my_robot/hook/pythonpath_develop.ps1'
[44.365s] [34mcolcon.colcon_core.shell[0m [1;30mINFO[0m Creating environment descriptor '/home/cadt-02/Documents/can_test_usb/ros2_can/build/my_robot/share/my_robot/hook/pythonpath_develop.dsv'
[44.366s] [34mcolcon.colcon_core.shell[0m [1;30mINFO[0m Creating environment hook '/home/cadt-02/Documents/can_test_usb/ros2_can/build/my_robot/share/my_robot/hook/pythonpath_develop.sh'
[44.660s] [34mcolcon.colcon_core.environment[0m [1;30mLevel 1[0m checking '/home/cadt-02/Documents/can_test_usb/ros2_can/install/my_robot' for CMake module files
[44.661s] [34mcolcon.colcon_core.environment[0m [1;30mLevel 1[0m checking '/home/cadt-02/Documents/can_test_usb/ros2_can/install/my_robot' for CMake config files
[44.662s] [34mcolcon.colcon_core.environment[0m [1;30mLevel 1[0m checking '/home/cadt-02/Documents/can_test_usb/ros2_can/install/my_robot/lib'
[44.662s] [34mcolcon.colcon_core.environment[0m [1;30mLevel 1[0m checking '/home/cadt-02/Documents/can_test_usb/ros2_can/install/my_robot/bin'
[44.663s] [34mcolcon.colcon_core.environment[0m [1;30mLevel 1[0m checking '/home/cadt-02/Documents/can_test_usb/ros2_can/install/my_robot/lib/pkgconfig/my_robot.pc'
[44.663s] [34mcolcon.colcon_core.environment[0m [1;30mLevel 1[0m checking '/home/cadt-02/Documents/can_test_usb/ros2_can/install/my_robot/lib/python3.8/site-packages'
[44.663s] [34mcolcon.colcon_core.shell[0m [1;30mLevel 1[0m create_environment_hook('my_robot', 'pythonpath')
[44.953s] [34mcolcon.colcon_core.shell[0m [1;30mINFO[0m Creating environment hook '/home/cadt-02/Documents/can_test_usb/ros2_can/install/my_robot/share/my_robot/hook/pythonpath.ps1'
[44.954s] [34mcolcon.colcon_core.shell[0m [1;30mINFO[0m Creating environment descriptor '/home/cadt-02/Documents/can_test_usb/ros2_can/install/my_robot/share/my_robot/hook/pythonpath.dsv'
[44.955s] [34mcolcon.colcon_core.shell[0m [1;30mINFO[0m Creating environment hook '/home/cadt-02/Documents/can_test_usb/ros2_can/install/my_robot/share/my_robot/hook/pythonpath.sh'
[44.956s] [34mcolcon.colcon_core.environment[0m [1;30mLevel 1[0m checking '/home/cadt-02/Documents/can_test_usb/ros2_can/install/my_robot/bin'
[44.956s] [34mcolcon.colcon_core.environment[0m [1;30mLevel 1[0m create_environment_scripts_only(my_robot)
[45.254s] [34mcolcon.colcon_core.shell[0m [1;30mINFO[0m Creating package script '/home/cadt-02/Documents/can_test_usb/ros2_can/install/my_robot/share/my_robot/package.ps1'
[45.256s] [34mcolcon.colcon_core.shell[0m [1;30mINFO[0m Creating package descriptor '/home/cadt-02/Documents/can_test_usb/ros2_can/install/my_robot/share/my_robot/package.dsv'
[45.257s] [34mcolcon.colcon_core.shell[0m [1;30mINFO[0m Creating package script '/home/cadt-02/Documents/can_test_usb/ros2_can/install/my_robot/share/my_robot/package.sh'
[45.258s] [34mcolcon.colcon_core.shell[0m [1;30mINFO[0m Creating package script '/home/cadt-02/Documents/can_test_usb/ros2_can/install/my_robot/share/my_robot/package.bash'
[45.259s] [34mcolcon.colcon_core.shell[0m [1;30mINFO[0m Creating package script '/home/cadt-02/Documents/can_test_usb/ros2_can/install/my_robot/share/my_robot/package.zsh'
[45.260s] [34mcolcon.colcon_core.environment[0m [1;30mLevel 1[0m create_file_with_runtime_dependencies(/home/cadt-02/Documents/can_test_usb/ros2_can/install/my_robot/share/colcon-core/packages/my_robot)
[45.260s] [34mcolcon.colcon_parallel_executor.executor.parallel[0m [1;30mDEBUG[0m [32mclosing loop[0m
[45.261s] [34mcolcon.colcon_parallel_executor.executor.parallel[0m [1;30mDEBUG[0m [32mloop closed[0m
[45.261s] [34mcolcon.colcon_parallel_executor.executor.parallel[0m [1;30mDEBUG[0m [32mrun_until_complete finished with '0'[0m
[45.262s] [34mcolcon.colcon_core.event_reactor[0m [1;30mDEBUG[0m [32mjoining thread[0m
[45.563s] [34mcolcon.colcon_core.plugin_system[0m [1;30mINFO[0m Skipping extension 'colcon_notification.desktop_notification.terminal_notifier': Not used on non-Darwin systems
[45.563s] [34mcolcon.colcon_core.plugin_system[0m [1;30mINFO[0m Skipping extension 'colcon_notification.desktop_notification.win32': Not used on non-Windows systems
[45.563s] [34mcolcon.colcon_notification.desktop_notification[0m [1;30mINFO[0m Sending desktop notification using 'notify2'
[45.623s] [34mcolcon.colcon_core.event_reactor[0m [1;30mDEBUG[0m [32mjoined thread[0m
[45.917s] [34mcolcon.colcon_core.shell[0m [1;30mINFO[0m Creating prefix script '/home/cadt-02/Documents/can_test_usb/ros2_can/install/local_setup.ps1'
[45.919s] [34mcolcon.colcon_core.shell[0m [1;30mINFO[0m Creating prefix util module '/home/cadt-02/Documents/can_test_usb/ros2_can/install/_local_setup_util_ps1.py'
[45.922s] [34mcolcon.colcon_core.shell[0m [1;30mINFO[0m Creating prefix chain script '/home/cadt-02/Documents/can_test_usb/ros2_can/install/setup.ps1'
[46.211s] [34mcolcon.colcon_core.shell[0m [1;30mINFO[0m Creating prefix script '/home/cadt-02/Documents/can_test_usb/ros2_can/install/local_setup.sh'
[46.213s] [34mcolcon.colcon_core.shell[0m [1;30mINFO[0m Creating prefix util module '/home/cadt-02/Documents/can_test_usb/ros2_can/install/_local_setup_util_sh.py'
[46.214s] [34mcolcon.colcon_core.shell[0m [1;30mINFO[0m Creating prefix chain script '/home/cadt-02/Documents/can_test_usb/ros2_can/install/setup.sh'
[46.506s] [34mcolcon.colcon_core.shell[0m [1;30mINFO[0m Creating prefix script '/home/cadt-02/Documents/can_test_usb/ros2_can/install/local_setup.bash'
[46.507s] [34mcolcon.colcon_core.shell[0m [1;30mINFO[0m Creating prefix chain script '/home/cadt-02/Documents/can_test_usb/ros2_can/install/setup.bash'
[46.797s] [34mcolcon.colcon_core.shell[0m [1;30mINFO[0m Creating prefix script '/home/cadt-02/Documents/can_test_usb/ros2_can/install/local_setup.zsh'
[46.798s] [34mcolcon.colcon_core.shell[0m [1;30mINFO[0m Creating prefix chain script '/home/cadt-02/Documents/can_test_usb/ros2_can/install/setup.zsh'
