[13.289s] Invoking command in '/home/cadt-02/Documents/can_test_usb/ros2_can/build/ros_imu': PYTHONPATH=/home/cadt-02/Documents/can_test_usb/ros2_can/build/ros_imu/prefix_override:/home/cadt-02/Documents/can_test_usb/ros2_can/install/ros_imu/lib/python3.8/site-packages:${PYTHONPATH} /usr/bin/python3 setup.py develop --editable --build-directory /home/cadt-02/Documents/can_test_usb/ros2_can/build/ros_imu/build --no-deps install_data
[13.602s] /home/cadt-02/.local/lib/python3.8/site-packages/setuptools/dist.py:476: SetuptoolsDeprecationWarning: Invalid dash-separated options
[13.602s] !!
[13.602s] 
[13.602s]         ********************************************************************************
[13.603s]         Usage of dash-separated 'script-dir' will not be supported in future
[13.603s]         versions. Please use the underscore name 'script_dir' instead.
[13.603s] 
[13.603s]         By 2024-Sep-26, you need to update your project and remove deprecated calls
[13.603s]         or your builds will no longer be supported.
[13.603s] 
[13.603s]         See https://setuptools.pypa.io/en/latest/userguide/declarative_config.html for details.
[13.604s]         ********************************************************************************
[13.604s] 
[13.604s] !!
[13.604s]   opt = self.warn_dash_deprecation(opt, section)
[14.076s] running develop
[14.077s] /home/cadt-02/.local/lib/python3.8/site-packages/setuptools/command/develop.py:42: EasyInstallDeprecationWarning: easy_install command is deprecated.
[14.077s] !!
[14.077s] 
[14.077s]         ********************************************************************************
[14.077s]         Please avoid running ``setup.py`` and ``easy_install``.
[14.077s]         Instead, use pypa/build, pypa/installer or other
[14.078s]         standards-based tools.
[14.078s] 
[14.078s]         See https://github.com/pypa/setuptools/issues/917 for details.
[14.078s]         ********************************************************************************
[14.078s] 
[14.078s] !!
[14.078s]   easy_install.initialize_options(self)
[14.163s] /home/cadt-02/.local/lib/python3.8/site-packages/setuptools/_distutils/cmd.py:66: SetuptoolsDeprecationWarning: setup.py install is deprecated.
[14.163s] !!
[14.163s] 
[14.163s]         ********************************************************************************
[14.163s]         Please avoid running ``setup.py`` directly.
[14.163s]         Instead, use pypa/build, pypa/installer or other
[14.164s]         standards-based tools.
[14.164s] 
[14.164s]         See https://blog.ganssle.io/articles/2021/10/setup-py-deprecated.html for details.
[14.164s]         ********************************************************************************
[14.164s] 
[14.164s] !!
[14.164s]   self.initialize_options()
[14.603s] running egg_info
[14.644s] writing ros_imu.egg-info/PKG-INFO
[14.645s] writing dependency_links to ros_imu.egg-info/dependency_links.txt
[14.646s] writing entry points to ros_imu.egg-info/entry_points.txt
[14.646s] writing requirements to ros_imu.egg-info/requires.txt
[14.647s] writing top-level names to ros_imu.egg-info/top_level.txt
[14.736s] reading manifest file 'ros_imu.egg-info/SOURCES.txt'
[14.738s] writing manifest file 'ros_imu.egg-info/SOURCES.txt'
[14.886s] running build_ext
[14.886s] Creating /home/cadt-02/Documents/can_test_usb/ros2_can/install/ros_imu/lib/python3.8/site-packages/ros-imu.egg-link (link to .)
[14.888s] Installing ros_imu script to /home/cadt-02/Documents/can_test_usb/ros2_can/install/ros_imu/lib/ros_imu
[14.889s] 
[14.889s] Installed /home/cadt-02/Documents/can_test_usb/ros2_can/build/ros_imu
[14.889s] running install_data
[14.890s] copying resource/ros_imu -> /home/cadt-02/Documents/can_test_usb/ros2_can/install/ros_imu/share/ament_index/resource_index/packages
[14.890s] copying package.xml -> /home/cadt-02/Documents/can_test_usb/ros2_can/install/ros_imu/share/ros_imu
[14.987s] Invoked command in '/home/cadt-02/Documents/can_test_usb/ros2_can/build/ros_imu' returned '0': PYTHONPATH=/home/cadt-02/Documents/can_test_usb/ros2_can/build/ros_imu/prefix_override:/home/cadt-02/Documents/can_test_usb/ros2_can/install/ros_imu/lib/python3.8/site-packages:${PYTHONPATH} /usr/bin/python3 setup.py develop --editable --build-directory /home/cadt-02/Documents/can_test_usb/ros2_can/build/ros_imu/build --no-deps install_data
