[13.882s] Invoking command in '/home/cadt-02/Documents/can_test_usb/ros2_can/build/ros_imu': PYTHONPATH=/home/cadt-02/Documents/can_test_usb/ros2_can/build/ros_imu/prefix_override:/home/cadt-02/Documents/can_test_usb/ros2_can/install/ros_imu/lib/python3.8/site-packages:${PYTHONPATH} /usr/bin/python3 setup.py develop --editable --build-directory /home/cadt-02/Documents/can_test_usb/ros2_can/build/ros_imu/build --no-deps install_data
[14.219s] /home/cadt-02/.local/lib/python3.8/site-packages/setuptools/dist.py:476: SetuptoolsDeprecationWarning: Invalid dash-separated options
[14.219s] !!
[14.219s] 
[14.220s]         ********************************************************************************
[14.220s]         Usage of dash-separated 'script-dir' will not be supported in future
[14.220s]         versions. Please use the underscore name 'script_dir' instead.
[14.220s] 
[14.220s]         By 2024-Sep-26, you need to update your project and remove deprecated calls
[14.220s]         or your builds will no longer be supported.
[14.221s] 
[14.221s]         See https://setuptools.pypa.io/en/latest/userguide/declarative_config.html for details.
[14.221s]         ********************************************************************************
[14.221s] 
[14.221s] !!
[14.221s]   opt = self.warn_dash_deprecation(opt, section)
[14.706s] running develop
[14.706s] /home/cadt-02/.local/lib/python3.8/site-packages/setuptools/command/develop.py:42: EasyInstallDeprecationWarning: easy_install command is deprecated.
[14.706s] !!
[14.706s] 
[14.706s]         ********************************************************************************
[14.707s]         Please avoid running ``setup.py`` and ``easy_install``.
[14.707s]         Instead, use pypa/build, pypa/installer or other
[14.707s]         standards-based tools.
[14.707s] 
[14.707s]         See https://github.com/pypa/setuptools/issues/917 for details.
[14.707s]         ********************************************************************************
[14.707s] 
[14.707s] !!
[14.708s]   easy_install.initialize_options(self)
[14.794s] /home/cadt-02/.local/lib/python3.8/site-packages/setuptools/_distutils/cmd.py:66: SetuptoolsDeprecationWarning: setup.py install is deprecated.
[14.794s] !!
[14.794s] 
[14.794s]         ********************************************************************************
[14.794s]         Please avoid running ``setup.py`` directly.
[14.795s]         Instead, use pypa/build, pypa/installer or other
[14.795s]         standards-based tools.
[14.795s] 
[14.795s]         See https://blog.ganssle.io/articles/2021/10/setup-py-deprecated.html for details.
[14.795s]         ********************************************************************************
[14.795s] 
[14.795s] !!
[14.795s]   self.initialize_options()
[15.244s] running egg_info
[15.286s] writing ros_imu.egg-info/PKG-INFO
[15.288s] writing dependency_links to ros_imu.egg-info/dependency_links.txt
[15.288s] writing entry points to ros_imu.egg-info/entry_points.txt
[15.288s] writing requirements to ros_imu.egg-info/requires.txt
[15.289s] writing top-level names to ros_imu.egg-info/top_level.txt
[15.378s] reading manifest file 'ros_imu.egg-info/SOURCES.txt'
[15.379s] writing manifest file 'ros_imu.egg-info/SOURCES.txt'
[15.533s] running build_ext
[15.533s] Creating /home/cadt-02/Documents/can_test_usb/ros2_can/install/ros_imu/lib/python3.8/site-packages/ros-imu.egg-link (link to .)
[15.535s] Installing ros_imu script to /home/cadt-02/Documents/can_test_usb/ros2_can/install/ros_imu/lib/ros_imu
[15.536s] 
[15.536s] Installed /home/cadt-02/Documents/can_test_usb/ros2_can/build/ros_imu
[15.536s] running install_data
[15.536s] copying resource/ros_imu -> /home/cadt-02/Documents/can_test_usb/ros2_can/install/ros_imu/share/ament_index/resource_index/packages
[15.537s] copying package.xml -> /home/cadt-02/Documents/can_test_usb/ros2_can/install/ros_imu/share/ros_imu
[15.646s] Invoked command in '/home/cadt-02/Documents/can_test_usb/ros2_can/build/ros_imu' returned '0': PYTHONPATH=/home/cadt-02/Documents/can_test_usb/ros2_can/build/ros_imu/prefix_override:/home/cadt-02/Documents/can_test_usb/ros2_can/install/ros_imu/lib/python3.8/site-packages:${PYTHONPATH} /usr/bin/python3 setup.py develop --editable --build-directory /home/cadt-02/Documents/can_test_usb/ros2_can/build/ros_imu/build --no-deps install_data
