[21.048s] Invoking command in '/home/cadt-02/Documents/can_test_usb/ros2_can/build/keyboard_listener': NX_CONNECTION=172.23.33.204 63376 172.23.34.34 4000 PYTHONPATH=/home/cadt-02/Documents/can_test_usb/ros2_can/build/keyboard_listener/prefix_override:/home/cadt-02/Documents/can_test_usb/ros2_can/install/keyboard_listener/lib/python3.8/site-packages:${PYTHONPATH} /usr/bin/python3 setup.py develop --editable --build-directory /home/cadt-02/Documents/can_test_usb/ros2_can/build/keyboard_listener/build --no-deps install_data
[21.980s] running develop
[21.981s] /home/cadt-02/.local/lib/python3.8/site-packages/setuptools/command/develop.py:42: EasyInstallDeprecationWarning: easy_install command is deprecated.
[21.981s] !!
[21.982s] 
[21.982s]         ********************************************************************************
[21.982s]         Please avoid running ``setup.py`` and ``easy_install``.
[21.982s]         Instead, use pypa/build, pypa/installer or other
[21.982s]         standards-based tools.
[21.982s] 
[21.982s]         See https://github.com/pypa/setuptools/issues/917 for details.
[21.983s]         ********************************************************************************
[21.983s] 
[21.993s] !!
[21.993s]   easy_install.initialize_options(self)
[22.091s] /home/cadt-02/.local/lib/python3.8/site-packages/setuptools/_distutils/cmd.py:66: SetuptoolsDeprecationWarning: setup.py install is deprecated.
[22.091s] !!
[22.091s] 
[22.092s]         ********************************************************************************
[22.092s]         Please avoid running ``setup.py`` directly.
[22.092s]         Instead, use pypa/build, pypa/installer or other
[22.092s]         standards-based tools.
[22.092s] 
[22.092s]         See https://blog.ganssle.io/articles/2021/10/setup-py-deprecated.html for details.
[22.092s]         ********************************************************************************
[22.093s] 
[22.093s] !!
[22.093s]   self.initialize_options()
[22.554s] running egg_info
[22.600s] writing keyboard_listener.egg-info/PKG-INFO
[22.602s] writing dependency_links to keyboard_listener.egg-info/dependency_links.txt
[22.602s] writing entry points to keyboard_listener.egg-info/entry_points.txt
[22.602s] writing requirements to keyboard_listener.egg-info/requires.txt
[22.603s] writing top-level names to keyboard_listener.egg-info/top_level.txt
[22.700s] reading manifest file 'keyboard_listener.egg-info/SOURCES.txt'
[22.703s] writing manifest file 'keyboard_listener.egg-info/SOURCES.txt'
[22.870s] running build_ext
[22.874s] Creating /home/cadt-02/Documents/can_test_usb/ros2_can/install/keyboard_listener/lib/python3.8/site-packages/keyboard-listener.egg-link (link to .)
[22.876s] Installing keyboard_listener script to /home/cadt-02/Documents/can_test_usb/ros2_can/install/keyboard_listener/lib/keyboard_listener
[22.877s] 
[22.877s] Installed /home/cadt-02/Documents/can_test_usb/ros2_can/build/keyboard_listener
[22.878s] running install_data
[22.878s] copying resource/keyboard_listener -> /home/cadt-02/Documents/can_test_usb/ros2_can/install/keyboard_listener/share/ament_index/resource_index/packages
[22.878s] copying package.xml -> /home/cadt-02/Documents/can_test_usb/ros2_can/install/keyboard_listener/share/keyboard_listener
[23.022s] Invoked command in '/home/cadt-02/Documents/can_test_usb/ros2_can/build/keyboard_listener' returned '0': NX_CONNECTION=172.23.33.204 63376 172.23.34.34 4000 PYTHONPATH=/home/cadt-02/Documents/can_test_usb/ros2_can/build/keyboard_listener/prefix_override:/home/cadt-02/Documents/can_test_usb/ros2_can/install/keyboard_listener/lib/python3.8/site-packages:${PYTHONPATH} /usr/bin/python3 setup.py develop --editable --build-directory /home/cadt-02/Documents/can_test_usb/ros2_can/build/keyboard_listener/build --no-deps install_data
