[18.148s] Invoking command in '/home/cadt-02/Documents/can_test_usb/ros2_can/build/auto_r2': PYTHONPATH=/home/cadt-02/Documents/can_test_usb/ros2_can/build/auto_r2/prefix_override:/home/cadt-02/Documents/can_test_usb/ros2_can/install/auto_r2/lib/python3.8/site-packages:${PYTHONPATH} /usr/bin/python3 setup.py develop --editable --build-directory /home/cadt-02/Documents/can_test_usb/ros2_can/build/auto_r2/build --no-deps install_data
[18.515s] /home/cadt-02/.local/lib/python3.8/site-packages/setuptools/dist.py:476: SetuptoolsDeprecationWarning: Invalid dash-separated options
[18.515s] !!
[18.515s] 
[18.515s]         ********************************************************************************
[18.515s]         Usage of dash-separated 'script-dir' will not be supported in future
[18.515s]         versions. Please use the underscore name 'script_dir' instead.
[18.515s] 
[18.516s]         By 2024-Sep-26, you need to update your project and remove deprecated calls
[18.516s]         or your builds will no longer be supported.
[18.516s] 
[18.516s]         See https://setuptools.pypa.io/en/latest/userguide/declarative_config.html for details.
[18.516s]         ********************************************************************************
[18.516s] 
[18.516s] !!
[18.517s]   opt = self.warn_dash_deprecation(opt, section)
[19.024s] running develop
[19.026s] /home/cadt-02/.local/lib/python3.8/site-packages/setuptools/command/develop.py:42: EasyInstallDeprecationWarning: easy_install command is deprecated.
[19.026s] !!
[19.026s] 
[19.026s]         ********************************************************************************
[19.026s]         Please avoid running ``setup.py`` and ``easy_install``.
[19.027s]         Instead, use pypa/build, pypa/installer or other
[19.027s]         standards-based tools.
[19.027s] 
[19.027s]         See https://github.com/pypa/setuptools/issues/917 for details.
[19.027s]         ********************************************************************************
[19.027s] 
[19.027s] !!
[19.027s]   easy_install.initialize_options(self)
[19.118s] /home/cadt-02/.local/lib/python3.8/site-packages/setuptools/_distutils/cmd.py:66: SetuptoolsDeprecationWarning: setup.py install is deprecated.
[19.118s] !!
[19.118s] 
[19.118s]         ********************************************************************************
[19.119s]         Please avoid running ``setup.py`` directly.
[19.119s]         Instead, use pypa/build, pypa/installer or other
[19.119s]         standards-based tools.
[19.119s] 
[19.119s]         See https://blog.ganssle.io/articles/2021/10/setup-py-deprecated.html for details.
[19.119s]         ********************************************************************************
[19.119s] 
[19.119s] !!
[19.119s]   self.initialize_options()
[19.587s] running egg_info
[19.629s] writing auto_r2.egg-info/PKG-INFO
[19.631s] writing dependency_links to auto_r2.egg-info/dependency_links.txt
[19.632s] writing entry points to auto_r2.egg-info/entry_points.txt
[19.632s] writing requirements to auto_r2.egg-info/requires.txt
[19.633s] writing top-level names to auto_r2.egg-info/top_level.txt
[19.733s] reading manifest file 'auto_r2.egg-info/SOURCES.txt'
[19.734s] writing manifest file 'auto_r2.egg-info/SOURCES.txt'
[19.917s] running build_ext
[19.917s] Creating /home/cadt-02/Documents/can_test_usb/ros2_can/install/auto_r2/lib/python3.8/site-packages/auto-r2.egg-link (link to .)
[19.921s] Installing auto_r2 script to /home/cadt-02/Documents/can_test_usb/ros2_can/install/auto_r2/lib/auto_r2
[19.932s] 
[19.932s] Installed /home/cadt-02/Documents/can_test_usb/ros2_can/build/auto_r2
[19.932s] running install_data
[19.932s] copying resource/auto_r2 -> /home/cadt-02/Documents/can_test_usb/ros2_can/install/auto_r2/share/ament_index/resource_index/packages
[19.933s] copying package.xml -> /home/cadt-02/Documents/can_test_usb/ros2_can/install/auto_r2/share/auto_r2
[24.102s] Invoked command in '/home/cadt-02/Documents/can_test_usb/ros2_can/build/auto_r2' returned '0': PYTHONPATH=/home/cadt-02/Documents/can_test_usb/ros2_can/build/auto_r2/prefix_override:/home/cadt-02/Documents/can_test_usb/ros2_can/install/auto_r2/lib/python3.8/site-packages:${PYTHONPATH} /usr/bin/python3 setup.py develop --editable --build-directory /home/cadt-02/Documents/can_test_usb/ros2_can/build/auto_r2/build --no-deps install_data
