[16.442s] Invoking command in '/home/cadt-02/Documents/can_test_usb/ros2_can/build/keyboard_listener': NX_CONNECTION=172.23.33.111 57595 172.23.34.34 4000 PYTHONPATH=/home/cadt-02/Documents/can_test_usb/ros2_can/build/keyboard_listener/prefix_override:/home/cadt-02/Documents/can_test_usb/ros2_can/install/keyboard_listener/lib/python3.8/site-packages:${PYTHONPATH} /usr/bin/python3 setup.py develop --uninstall --editable --build-directory /home/cadt-02/Documents/can_test_usb/ros2_can/build/keyboard_listener/build
[17.398s] running develop
[17.398s] /home/cadt-02/.local/lib/python3.8/site-packages/setuptools/command/develop.py:42: EasyInstallDeprecationWarning: easy_install command is deprecated.
[17.399s] !!
[17.399s] 
[17.399s]         ********************************************************************************
[17.399s]         Please avoid running ``setup.py`` and ``easy_install``.
[17.399s]         Instead, use pypa/build, pypa/installer or other
[17.399s]         standards-based tools.
[17.400s] 
[17.400s]         See https://github.com/pypa/setuptools/issues/917 for details.
[17.400s]         ********************************************************************************
[17.400s] 
[17.400s] !!
[17.400s]   easy_install.initialize_options(self)
[17.544s] /home/cadt-02/.local/lib/python3.8/site-packages/setuptools/_distutils/cmd.py:66: SetuptoolsDeprecationWarning: setup.py install is deprecated.
[17.544s] !!
[17.544s] 
[17.544s]         ********************************************************************************
[17.545s]         Please avoid running ``setup.py`` directly.
[17.545s]         Instead, use pypa/build, pypa/installer or other
[17.545s]         standards-based tools.
[17.545s] 
[17.545s]         See https://blog.ganssle.io/articles/2021/10/setup-py-deprecated.html for details.
[17.545s]         ********************************************************************************
[17.546s] 
[17.546s] !!
[17.546s]   self.initialize_options()
[18.119s] Removing /home/cadt-02/Documents/can_test_usb/ros2_can/install/keyboard_listener/lib/python3.8/site-packages/keyboard-listener.egg-link (link to .)
[21.158s] Invoked command in '/home/cadt-02/Documents/can_test_usb/ros2_can/build/keyboard_listener' returned '0': NX_CONNECTION=172.23.33.111 57595 172.23.34.34 4000 PYTHONPATH=/home/cadt-02/Documents/can_test_usb/ros2_can/build/keyboard_listener/prefix_override:/home/cadt-02/Documents/can_test_usb/ros2_can/install/keyboard_listener/lib/python3.8/site-packages:${PYTHONPATH} /usr/bin/python3 setup.py develop --uninstall --editable --build-directory /home/cadt-02/Documents/can_test_usb/ros2_can/build/keyboard_listener/build
[21.183s] Invoking command in '/home/cadt-02/Documents/can_test_usb/ros2_can/src/keyboard_listener': NX_CONNECTION=172.23.33.111 57595 172.23.34.34 4000 PYTHONPATH=/home/cadt-02/Documents/can_test_usb/ros2_can/build/keyboard_listener/prefix_override:/home/cadt-02/Documents/can_test_usb/ros2_can/install/keyboard_listener/lib/python3.8/site-packages:${PYTHONPATH} /usr/bin/python3 setup.py egg_info --egg-base ../../build/keyboard_listener build --build-base /home/cadt-02/Documents/can_test_usb/ros2_can/build/keyboard_listener/build install --record /home/cadt-02/Documents/can_test_usb/ros2_can/build/keyboard_listener/install.log --single-version-externally-managed
[23.729s] /home/cadt-02/.local/lib/python3.8/site-packages/setuptools/_distutils/cmd.py:66: SetuptoolsDeprecationWarning: setup.py install is deprecated.
[23.729s] !!
[23.729s] 
[23.745s]         ********************************************************************************
[23.746s]         Please avoid running ``setup.py`` directly.
[23.746s]         Instead, use pypa/build, pypa/installer or other
[23.746s]         standards-based tools.
[23.746s] 
[23.746s]         See https://blog.ganssle.io/articles/2021/10/setup-py-deprecated.html for details.
[23.747s]         ********************************************************************************
[23.747s] 
[23.747s] !!
[23.747s]   self.initialize_options()
[23.753s] running egg_info
[23.753s] writing ../../build/keyboard_listener/keyboard_listener.egg-info/PKG-INFO
[23.753s] writing dependency_links to ../../build/keyboard_listener/keyboard_listener.egg-info/dependency_links.txt
[23.753s] writing entry points to ../../build/keyboard_listener/keyboard_listener.egg-info/entry_points.txt
[23.753s] writing requirements to ../../build/keyboard_listener/keyboard_listener.egg-info/requires.txt
[23.754s] writing top-level names to ../../build/keyboard_listener/keyboard_listener.egg-info/top_level.txt
[23.754s] reading manifest file '../../build/keyboard_listener/keyboard_listener.egg-info/SOURCES.txt'
[23.754s] writing manifest file '../../build/keyboard_listener/keyboard_listener.egg-info/SOURCES.txt'
[23.754s] running build
[23.754s] running build_py
[23.754s] copying keyboard_listener/__init__.py -> /home/cadt-02/Documents/can_test_usb/ros2_can/build/keyboard_listener/build/lib/keyboard_listener
[23.754s] copying keyboard_listener/keyboard_listener.py -> /home/cadt-02/Documents/can_test_usb/ros2_can/build/keyboard_listener/build/lib/keyboard_listener
[23.754s] running install
[23.755s] running install_lib
[23.755s] creating /home/cadt-02/Documents/can_test_usb/ros2_can/install/keyboard_listener/lib/python3.8/site-packages/keyboard_listener
[23.755s] copying /home/cadt-02/Documents/can_test_usb/ros2_can/build/keyboard_listener/build/lib/keyboard_listener/__init__.py -> /home/cadt-02/Documents/can_test_usb/ros2_can/install/keyboard_listener/lib/python3.8/site-packages/keyboard_listener
[23.755s] copying /home/cadt-02/Documents/can_test_usb/ros2_can/build/keyboard_listener/build/lib/keyboard_listener/keyboard_listener.py -> /home/cadt-02/Documents/can_test_usb/ros2_can/install/keyboard_listener/lib/python3.8/site-packages/keyboard_listener
[23.755s] byte-compiling /home/cadt-02/Documents/can_test_usb/ros2_can/install/keyboard_listener/lib/python3.8/site-packages/keyboard_listener/__init__.py to __init__.cpython-38.pyc
[23.755s] byte-compiling /home/cadt-02/Documents/can_test_usb/ros2_can/install/keyboard_listener/lib/python3.8/site-packages/keyboard_listener/keyboard_listener.py to keyboard_listener.cpython-38.pyc
[23.755s] running install_data
[23.756s] copying resource/keyboard_listener -> /home/cadt-02/Documents/can_test_usb/ros2_can/install/keyboard_listener/share/ament_index/resource_index/packages
[23.756s] copying package.xml -> /home/cadt-02/Documents/can_test_usb/ros2_can/install/keyboard_listener/share/keyboard_listener
[23.756s] running install_egg_info
[23.756s] Copying ../../build/keyboard_listener/keyboard_listener.egg-info to /home/cadt-02/Documents/can_test_usb/ros2_can/install/keyboard_listener/lib/python3.8/site-packages/keyboard_listener-0.0.0-py3.8.egg-info
[23.756s] running install_scripts
[23.756s] Installing keyboard_listener script to /home/cadt-02/Documents/can_test_usb/ros2_can/install/keyboard_listener/lib/keyboard_listener
[23.756s] writing list of installed files to '/home/cadt-02/Documents/can_test_usb/ros2_can/build/keyboard_listener/install.log'
[26.237s] Invoked command in '/home/cadt-02/Documents/can_test_usb/ros2_can/src/keyboard_listener' returned '0': NX_CONNECTION=172.23.33.111 57595 172.23.34.34 4000 PYTHONPATH=/home/cadt-02/Documents/can_test_usb/ros2_can/build/keyboard_listener/prefix_override:/home/cadt-02/Documents/can_test_usb/ros2_can/install/keyboard_listener/lib/python3.8/site-packages:${PYTHONPATH} /usr/bin/python3 setup.py egg_info --egg-base ../../build/keyboard_listener build --build-base /home/cadt-02/Documents/can_test_usb/ros2_can/build/keyboard_listener/build install --record /home/cadt-02/Documents/can_test_usb/ros2_can/build/keyboard_listener/install.log --single-version-externally-managed
