[18.056s] Invoking command in '/home/cadt-02/Documents/can_test_usb/ros2_can/build/keyboard_listener': PYTHONPATH=/home/cadt-02/Documents/can_test_usb/ros2_can/build/keyboard_listener/prefix_override:/home/cadt-02/Documents/can_test_usb/ros2_can/install/keyboard_listener/lib/python3.8/site-packages:${PYTHONPATH} /usr/bin/python3 setup.py develop --editable --build-directory /home/cadt-02/Documents/can_test_usb/ros2_can/build/keyboard_listener/build --no-deps install_data
[19.064s] running develop
[19.066s] /home/cadt-02/.local/lib/python3.8/site-packages/setuptools/command/develop.py:42: EasyInstallDeprecationWarning: easy_install command is deprecated.
[19.067s] !!
[19.067s] 
[19.067s]         ********************************************************************************
[19.067s]         Please avoid running ``setup.py`` and ``easy_install``.
[19.067s]         Instead, use pypa/build, pypa/installer or other
[19.067s]         standards-based tools.
[19.067s] 
[19.068s]         See https://github.com/pypa/setuptools/issues/917 for details.
[19.068s]         ********************************************************************************
[19.068s] 
[19.068s] !!
[19.068s]   easy_install.initialize_options(self)
[19.172s] /home/cadt-02/.local/lib/python3.8/site-packages/setuptools/_distutils/cmd.py:66: SetuptoolsDeprecationWarning: setup.py install is deprecated.
[19.172s] !!
[19.172s] 
[19.172s]         ********************************************************************************
[19.172s]         Please avoid running ``setup.py`` directly.
[19.173s]         Instead, use pypa/build, pypa/installer or other
[19.173s]         standards-based tools.
[19.173s] 
[19.173s]         See https://blog.ganssle.io/articles/2021/10/setup-py-deprecated.html for details.
[19.173s]         ********************************************************************************
[19.173s] 
[19.173s] !!
[19.174s]   self.initialize_options()
[19.692s] running egg_info
[19.737s] writing keyboard_listener.egg-info/PKG-INFO
[19.739s] writing dependency_links to keyboard_listener.egg-info/dependency_links.txt
[19.739s] writing entry points to keyboard_listener.egg-info/entry_points.txt
[19.740s] writing requirements to keyboard_listener.egg-info/requires.txt
[19.741s] writing top-level names to keyboard_listener.egg-info/top_level.txt
[19.839s] reading manifest file 'keyboard_listener.egg-info/SOURCES.txt'
[19.842s] writing manifest file 'keyboard_listener.egg-info/SOURCES.txt'
[20.035s] running build_ext
[20.035s] Creating /home/cadt-02/Documents/can_test_usb/ros2_can/install/keyboard_listener/lib/python3.8/site-packages/keyboard-listener.egg-link (link to .)
[20.037s] Installing keyboard_listener script to /home/cadt-02/Documents/can_test_usb/ros2_can/install/keyboard_listener/lib/keyboard_listener
[20.038s] 
[20.038s] Installed /home/cadt-02/Documents/can_test_usb/ros2_can/build/keyboard_listener
[20.038s] running install_data
[20.039s] copying resource/keyboard_listener -> /home/cadt-02/Documents/can_test_usb/ros2_can/install/keyboard_listener/share/ament_index/resource_index/packages
[20.039s] copying package.xml -> /home/cadt-02/Documents/can_test_usb/ros2_can/install/keyboard_listener/share/keyboard_listener
[24.850s] Invoked command in '/home/cadt-02/Documents/can_test_usb/ros2_can/build/keyboard_listener' returned '0': PYTHONPATH=/home/cadt-02/Documents/can_test_usb/ros2_can/build/keyboard_listener/prefix_override:/home/cadt-02/Documents/can_test_usb/ros2_can/install/keyboard_listener/lib/python3.8/site-packages:${PYTHONPATH} /usr/bin/python3 setup.py develop --editable --build-directory /home/cadt-02/Documents/can_test_usb/ros2_can/build/keyboard_listener/build --no-deps install_data
