[13.051s] Invoking command in '/home/cadt-02/Documents/can_test_usb/ros2_can/build/odometry_cont': PYTHONPATH=/home/cadt-02/Documents/can_test_usb/ros2_can/build/odometry_cont/prefix_override:/home/cadt-02/Documents/can_test_usb/ros2_can/install/odometry_cont/lib/python3.8/site-packages:${PYTHONPATH} /usr/bin/python3 setup.py develop --editable --build-directory /home/cadt-02/Documents/can_test_usb/ros2_can/build/odometry_cont/build --no-deps install_data
[13.386s] /home/cadt-02/.local/lib/python3.8/site-packages/setuptools/dist.py:476: SetuptoolsDeprecationWarning: Invalid dash-separated options
[13.387s] !!
[13.387s] 
[13.387s]         ********************************************************************************
[13.387s]         Usage of dash-separated 'script-dir' will not be supported in future
[13.387s]         versions. Please use the underscore name 'script_dir' instead.
[13.387s] 
[13.388s]         By 2024-Sep-26, you need to update your project and remove deprecated calls
[13.388s]         or your builds will no longer be supported.
[13.388s] 
[13.388s]         See https://setuptools.pypa.io/en/latest/userguide/declarative_config.html for details.
[13.388s]         ********************************************************************************
[13.388s] 
[13.388s] !!
[13.388s]   opt = self.warn_dash_deprecation(opt, section)
[13.879s] running develop
[13.880s] /home/cadt-02/.local/lib/python3.8/site-packages/setuptools/command/develop.py:42: EasyInstallDeprecationWarning: easy_install command is deprecated.
[13.881s] !!
[13.882s] 
[13.883s]         ********************************************************************************
[13.883s]         Please avoid running ``setup.py`` and ``easy_install``.
[13.885s]         Instead, use pypa/build, pypa/installer or other
[13.885s]         standards-based tools.
[13.886s] 
[13.887s]         See https://github.com/pypa/setuptools/issues/917 for details.
[13.889s]         ********************************************************************************
[13.890s] 
[13.890s] !!
[13.891s]   easy_install.initialize_options(self)
[13.970s] /home/cadt-02/.local/lib/python3.8/site-packages/setuptools/_distutils/cmd.py:66: SetuptoolsDeprecationWarning: setup.py install is deprecated.
[13.971s] !!
[13.971s] 
[13.972s]         ********************************************************************************
[13.973s]         Please avoid running ``setup.py`` directly.
[13.974s]         Instead, use pypa/build, pypa/installer or other
[13.974s]         standards-based tools.
[13.975s] 
[13.976s]         See https://blog.ganssle.io/articles/2021/10/setup-py-deprecated.html for details.
[13.977s]         ********************************************************************************
[13.978s] 
[13.979s] !!
[13.980s]   self.initialize_options()
[14.429s] running egg_info
[14.473s] writing odometry_cont.egg-info/PKG-INFO
[14.474s] writing dependency_links to odometry_cont.egg-info/dependency_links.txt
[14.474s] writing entry points to odometry_cont.egg-info/entry_points.txt
[14.475s] writing requirements to odometry_cont.egg-info/requires.txt
[14.475s] writing top-level names to odometry_cont.egg-info/top_level.txt
[14.566s] reading manifest file 'odometry_cont.egg-info/SOURCES.txt'
[14.568s] writing manifest file 'odometry_cont.egg-info/SOURCES.txt'
[14.722s] running build_ext
[14.723s] Creating /home/cadt-02/Documents/can_test_usb/ros2_can/install/odometry_cont/lib/python3.8/site-packages/odometry-cont.egg-link (link to .)
[14.725s] Installing odometry_cont script to /home/cadt-02/Documents/can_test_usb/ros2_can/install/odometry_cont/lib/odometry_cont
[14.725s] 
[14.726s] Installed /home/cadt-02/Documents/can_test_usb/ros2_can/build/odometry_cont
[14.727s] running install_data
[14.727s] copying resource/odometry_cont -> /home/cadt-02/Documents/can_test_usb/ros2_can/install/odometry_cont/share/ament_index/resource_index/packages
[14.729s] copying package.xml -> /home/cadt-02/Documents/can_test_usb/ros2_can/install/odometry_cont/share/odometry_cont
[14.840s] Invoked command in '/home/cadt-02/Documents/can_test_usb/ros2_can/build/odometry_cont' returned '0': PYTHONPATH=/home/cadt-02/Documents/can_test_usb/ros2_can/build/odometry_cont/prefix_override:/home/cadt-02/Documents/can_test_usb/ros2_can/install/odometry_cont/lib/python3.8/site-packages:${PYTHONPATH} /usr/bin/python3 setup.py develop --editable --build-directory /home/cadt-02/Documents/can_test_usb/ros2_can/build/odometry_cont/build --no-deps install_data
