[17.001s] Invoking command in '/home/cadt-02/Documents/can_test_usb/ros2_can/build/keyboard_listener': PYTHONPATH=/home/cadt-02/Documents/can_test_usb/ros2_can/build/keyboard_listener/prefix_override:/home/cadt-02/Documents/can_test_usb/ros2_can/install/keyboard_listener/lib/python3.8/site-packages:${PYTHONPATH} /usr/bin/python3 setup.py develop --editable --build-directory /home/cadt-02/Documents/can_test_usb/ros2_can/build/keyboard_listener/build --no-deps install_data
[18.061s] /home/cadt-02/.local/lib/python3.8/site-packages/setuptools/command/develop.py:42: EasyInstallDeprecationWarning: easy_install command is deprecated.
[18.061s] !!
[18.061s] 
[18.061s]         ********************************************************************************
[18.061s]         Please avoid running ``setup.py`` and ``easy_install``.
[18.061s]         Instead, use pypa/build, pypa/installer or other
[18.062s]         standards-based tools.
[18.062s] 
[18.062s]         See https://github.com/pypa/setuptools/issues/917 for details.
[18.062s]         ********************************************************************************
[18.062s] 
[18.062s] !!
[18.062s]   easy_install.initialize_options(self)
[18.063s] running develop
[18.151s] /home/cadt-02/.local/lib/python3.8/site-packages/setuptools/_distutils/cmd.py:66: SetuptoolsDeprecationWarning: setup.py install is deprecated.
[18.151s] !!
[18.152s] 
[18.152s]         ********************************************************************************
[18.154s]         Please avoid running ``setup.py`` directly.
[18.154s]         Instead, use pypa/build, pypa/installer or other
[18.154s]         standards-based tools.
[18.154s] 
[18.154s]         See https://blog.ganssle.io/articles/2021/10/setup-py-deprecated.html for details.
[18.154s]         ********************************************************************************
[18.155s] 
[18.155s] !!
[18.155s]   self.initialize_options()
[18.673s] running egg_info
[18.720s] writing keyboard_listener.egg-info/PKG-INFO
[18.723s] writing dependency_links to keyboard_listener.egg-info/dependency_links.txt
[18.725s] writing entry points to keyboard_listener.egg-info/entry_points.txt
[18.726s] writing requirements to keyboard_listener.egg-info/requires.txt
[18.728s] writing top-level names to keyboard_listener.egg-info/top_level.txt
[18.825s] reading manifest file 'keyboard_listener.egg-info/SOURCES.txt'
[18.827s] writing manifest file 'keyboard_listener.egg-info/SOURCES.txt'
[18.995s] running build_ext
[18.996s] Creating /home/cadt-02/Documents/can_test_usb/ros2_can/install/keyboard_listener/lib/python3.8/site-packages/keyboard-listener.egg-link (link to .)
[18.998s] Installing keyboard_listener script to /home/cadt-02/Documents/can_test_usb/ros2_can/install/keyboard_listener/lib/keyboard_listener
[19.004s] 
[19.004s] Installed /home/cadt-02/Documents/can_test_usb/ros2_can/build/keyboard_listener
[19.004s] running install_data
[19.005s] copying resource/keyboard_listener -> /home/cadt-02/Documents/can_test_usb/ros2_can/install/keyboard_listener/share/ament_index/resource_index/packages
[19.005s] copying package.xml -> /home/cadt-02/Documents/can_test_usb/ros2_can/install/keyboard_listener/share/keyboard_listener
[21.177s] Invoked command in '/home/cadt-02/Documents/can_test_usb/ros2_can/build/keyboard_listener' returned '0': PYTHONPATH=/home/cadt-02/Documents/can_test_usb/ros2_can/build/keyboard_listener/prefix_override:/home/cadt-02/Documents/can_test_usb/ros2_can/install/keyboard_listener/lib/python3.8/site-packages:${PYTHONPATH} /usr/bin/python3 setup.py develop --editable --build-directory /home/cadt-02/Documents/can_test_usb/ros2_can/build/keyboard_listener/build --no-deps install_data
