[17.325s] Invoking command in '/home/cadt-02/Documents/can_test_usb/ros2_can/build/keyboard_listener': PYTHONPATH=/home/cadt-02/Documents/can_test_usb/ros2_can/build/keyboard_listener/prefix_override:/home/cadt-02/Documents/can_test_usb/ros2_can/install/keyboard_listener/lib/python3.8/site-packages:${PYTHONPATH} /usr/bin/python3 setup.py develop --editable --build-directory /home/cadt-02/Documents/can_test_usb/ros2_can/build/keyboard_listener/build --no-deps install_data
[18.283s] running develop
[18.283s] /home/cadt-02/.local/lib/python3.8/site-packages/setuptools/command/develop.py:42: EasyInstallDeprecationWarning: easy_install command is deprecated.
[18.283s] !!
[18.283s] 
[18.284s]         ********************************************************************************
[18.284s]         Please avoid running ``setup.py`` and ``easy_install``.
[18.284s]         Instead, use pypa/build, pypa/installer or other
[18.284s]         standards-based tools.
[18.284s] 
[18.284s]         See https://github.com/pypa/setuptools/issues/917 for details.
[18.284s]         ********************************************************************************
[18.285s] 
[18.285s] !!
[18.285s]   easy_install.initialize_options(self)
[18.381s] /home/cadt-02/.local/lib/python3.8/site-packages/setuptools/_distutils/cmd.py:66: SetuptoolsDeprecationWarning: setup.py install is deprecated.
[18.381s] !!
[18.381s] 
[18.381s]         ********************************************************************************
[18.381s]         Please avoid running ``setup.py`` directly.
[18.381s]         Instead, use pypa/build, pypa/installer or other
[18.381s]         standards-based tools.
[18.382s] 
[18.382s]         See https://blog.ganssle.io/articles/2021/10/setup-py-deprecated.html for details.
[18.382s]         ********************************************************************************
[18.382s] 
[18.382s] !!
[18.382s]   self.initialize_options()
[19.061s] running egg_info
[19.138s] writing keyboard_listener.egg-info/PKG-INFO
[19.142s] writing dependency_links to keyboard_listener.egg-info/dependency_links.txt
[19.143s] writing entry points to keyboard_listener.egg-info/entry_points.txt
[19.145s] writing requirements to keyboard_listener.egg-info/requires.txt
[19.146s] writing top-level names to keyboard_listener.egg-info/top_level.txt
[19.263s] reading manifest file 'keyboard_listener.egg-info/SOURCES.txt'
[19.267s] writing manifest file 'keyboard_listener.egg-info/SOURCES.txt'
[19.478s] running build_ext
[19.480s] Creating /home/cadt-02/Documents/can_test_usb/ros2_can/install/keyboard_listener/lib/python3.8/site-packages/keyboard-listener.egg-link (link to .)
[19.482s] Installing keyboard_listener script to /home/cadt-02/Documents/can_test_usb/ros2_can/install/keyboard_listener/lib/keyboard_listener
[19.483s] 
[19.484s] Installed /home/cadt-02/Documents/can_test_usb/ros2_can/build/keyboard_listener
[19.485s] running install_data
[19.486s] copying resource/keyboard_listener -> /home/cadt-02/Documents/can_test_usb/ros2_can/install/keyboard_listener/share/ament_index/resource_index/packages
[19.487s] copying package.xml -> /home/cadt-02/Documents/can_test_usb/ros2_can/install/keyboard_listener/share/keyboard_listener
[25.944s] Invoked command in '/home/cadt-02/Documents/can_test_usb/ros2_can/build/keyboard_listener' returned '0': PYTHONPATH=/home/cadt-02/Documents/can_test_usb/ros2_can/build/keyboard_listener/prefix_override:/home/cadt-02/Documents/can_test_usb/ros2_can/install/keyboard_listener/lib/python3.8/site-packages:${PYTHONPATH} /usr/bin/python3 setup.py develop --editable --build-directory /home/cadt-02/Documents/can_test_usb/ros2_can/build/keyboard_listener/build --no-deps install_data
