[16.734s] Invoking command in '/home/cadt-02/Documents/can_test_usb/ros2_can/build/my_package': NX_CONNECTION=172.23.33.204 63376 172.23.34.34 4000 PYTHONPATH=/home/cadt-02/Documents/can_test_usb/ros2_can/build/my_package/prefix_override:/home/cadt-02/Documents/can_test_usb/ros2_can/install/my_package/lib/python3.8/site-packages:${PYTHONPATH} /usr/bin/python3 setup.py develop --editable --build-directory /home/cadt-02/Documents/can_test_usb/ros2_can/build/my_package/build --no-deps install_data
[17.201s] /home/cadt-02/.local/lib/python3.8/site-packages/setuptools/dist.py:476: SetuptoolsDeprecationWarning: Invalid dash-separated options
[17.201s] !!
[17.201s] 
[17.201s]         ********************************************************************************
[17.201s]         Usage of dash-separated 'build-base' will not be supported in future
[17.202s]         versions. Please use the underscore name 'build_base' instead.
[17.202s] 
[17.202s]         By 2024-Sep-26, you need to update your project and remove deprecated calls
[17.202s]         or your builds will no longer be supported.
[17.202s] 
[17.203s]         See https://setuptools.pypa.io/en/latest/userguide/declarative_config.html for details.
[17.203s]         ********************************************************************************
[17.203s] 
[17.205s] !!
[17.205s]   opt = self.warn_dash_deprecation(opt, section)
[17.808s] running develop
[17.809s] /home/cadt-02/.local/lib/python3.8/site-packages/setuptools/command/develop.py:42: EasyInstallDeprecationWarning: easy_install command is deprecated.
[17.810s] !!
[17.810s] 
[17.810s]         ********************************************************************************
[17.810s]         Please avoid running ``setup.py`` and ``easy_install``.
[17.810s]         Instead, use pypa/build, pypa/installer or other
[17.811s]         standards-based tools.
[17.811s] 
[17.811s]         See https://github.com/pypa/setuptools/issues/917 for details.
[17.813s]         ********************************************************************************
[17.813s] 
[17.814s] !!
[17.814s]   easy_install.initialize_options(self)
[17.971s] /home/cadt-02/.local/lib/python3.8/site-packages/setuptools/_distutils/cmd.py:66: SetuptoolsDeprecationWarning: setup.py install is deprecated.
[17.971s] !!
[17.971s] 
[17.971s]         ********************************************************************************
[17.972s]         Please avoid running ``setup.py`` directly.
[17.972s]         Instead, use pypa/build, pypa/installer or other
[17.972s]         standards-based tools.
[17.972s] 
[17.972s]         See https://blog.ganssle.io/articles/2021/10/setup-py-deprecated.html for details.
[17.972s]         ********************************************************************************
[17.973s] 
[17.973s] !!
[17.973s]   self.initialize_options()
[18.536s] running egg_info
[18.617s] writing my_package.egg-info/PKG-INFO
[18.618s] writing dependency_links to my_package.egg-info/dependency_links.txt
[18.618s] writing entry points to my_package.egg-info/entry_points.txt
[18.618s] writing requirements to my_package.egg-info/requires.txt
[18.618s] writing top-level names to my_package.egg-info/top_level.txt
[18.718s] reading manifest file 'my_package.egg-info/SOURCES.txt'
[18.718s] writing manifest file 'my_package.egg-info/SOURCES.txt'
[18.882s] running build_ext
[18.883s] Creating /home/cadt-02/Documents/can_test_usb/ros2_can/install/my_package/lib/python3.8/site-packages/my-package.egg-link (link to .)
[18.883s] Installing live_detection_node script to /home/cadt-02/Documents/can_test_usb/ros2_can/install/my_package/lib/my_package
[18.883s] Installing main script to /home/cadt-02/Documents/can_test_usb/ros2_can/install/my_package/lib/my_package
[18.884s] Installing my_node script to /home/cadt-02/Documents/can_test_usb/ros2_can/install/my_package/lib/my_package
[18.884s] Installing reinforcement_r2 script to /home/cadt-02/Documents/can_test_usb/ros2_can/install/my_package/lib/my_package
[18.884s] 
[18.884s] Installed /home/cadt-02/Documents/can_test_usb/ros2_can/build/my_package
[18.884s] running install_data
[18.884s] copying resource/my_package -> /home/cadt-02/Documents/can_test_usb/ros2_can/install/my_package/share/ament_index/resource_index/packages
[18.885s] copying package.xml -> /home/cadt-02/Documents/can_test_usb/ros2_can/install/my_package/share/my_package
[23.470s] Invoked command in '/home/cadt-02/Documents/can_test_usb/ros2_can/build/my_package' returned '0': NX_CONNECTION=172.23.33.204 63376 172.23.34.34 4000 PYTHONPATH=/home/cadt-02/Documents/can_test_usb/ros2_can/build/my_package/prefix_override:/home/cadt-02/Documents/can_test_usb/ros2_can/install/my_package/lib/python3.8/site-packages:${PYTHONPATH} /usr/bin/python3 setup.py develop --editable --build-directory /home/cadt-02/Documents/can_test_usb/ros2_can/build/my_package/build --no-deps install_data
