[13.736s] Invoking command in '/home/cadt-02/Documents/can_test_usb/ros2_can/build/my_package': PYTHONPATH=/home/cadt-02/Documents/can_test_usb/ros2_can/build/my_package/prefix_override:/home/cadt-02/Documents/can_test_usb/ros2_can/install/my_package/lib/python3.8/site-packages:${PYTHONPATH} /usr/bin/python3 setup.py develop --editable --build-directory /home/cadt-02/Documents/can_test_usb/ros2_can/build/my_package/build --no-deps install_data
[14.127s] /home/cadt-02/.local/lib/python3.8/site-packages/setuptools/dist.py:476: SetuptoolsDeprecationWarning: Invalid dash-separated options
[14.128s] !!
[14.128s] 
[14.128s]         ********************************************************************************
[14.128s]         Usage of dash-separated 'build-base' will not be supported in future
[14.128s]         versions. Please use the underscore name 'build_base' instead.
[14.128s] 
[14.128s]         By 2024-Sep-26, you need to update your project and remove deprecated calls
[14.129s]         or your builds will no longer be supported.
[14.129s] 
[14.129s]         See https://setuptools.pypa.io/en/latest/userguide/declarative_config.html for details.
[14.129s]         ********************************************************************************
[14.129s] 
[14.129s] !!
[14.129s]   opt = self.warn_dash_deprecation(opt, section)
[14.681s] running develop
[14.681s] /home/cadt-02/.local/lib/python3.8/site-packages/setuptools/command/develop.py:42: EasyInstallDeprecationWarning: easy_install command is deprecated.
[14.681s] !!
[14.681s] 
[14.681s]         ********************************************************************************
[14.682s]         Please avoid running ``setup.py`` and ``easy_install``.
[14.682s]         Instead, use pypa/build, pypa/installer or other
[14.682s]         standards-based tools.
[14.682s] 
[14.682s]         See https://github.com/pypa/setuptools/issues/917 for details.
[14.682s]         ********************************************************************************
[14.682s] 
[14.683s] !!
[14.683s]   easy_install.initialize_options(self)
[14.774s] /home/cadt-02/.local/lib/python3.8/site-packages/setuptools/_distutils/cmd.py:66: SetuptoolsDeprecationWarning: setup.py install is deprecated.
[14.774s] !!
[14.774s] 
[14.775s]         ********************************************************************************
[14.775s]         Please avoid running ``setup.py`` directly.
[14.775s]         Instead, use pypa/build, pypa/installer or other
[14.775s]         standards-based tools.
[14.775s] 
[14.775s]         See https://blog.ganssle.io/articles/2021/10/setup-py-deprecated.html for details.
[14.776s]         ********************************************************************************
[14.776s] 
[14.776s] !!
[14.776s]   self.initialize_options()
[15.263s] running egg_info
[15.308s] writing my_package.egg-info/PKG-INFO
[15.309s] writing dependency_links to my_package.egg-info/dependency_links.txt
[15.310s] writing entry points to my_package.egg-info/entry_points.txt
[15.310s] writing requirements to my_package.egg-info/requires.txt
[15.310s] writing top-level names to my_package.egg-info/top_level.txt
[15.410s] reading manifest file 'my_package.egg-info/SOURCES.txt'
[15.412s] writing manifest file 'my_package.egg-info/SOURCES.txt'
[15.627s] running build_ext
[15.628s] Creating /home/cadt-02/Documents/can_test_usb/ros2_can/install/my_package/lib/python3.8/site-packages/my-package.egg-link (link to .)
[15.630s] Installing live_detection_node script to /home/cadt-02/Documents/can_test_usb/ros2_can/install/my_package/lib/my_package
[15.634s] Installing main script to /home/cadt-02/Documents/can_test_usb/ros2_can/install/my_package/lib/my_package
[15.637s] Installing my_node script to /home/cadt-02/Documents/can_test_usb/ros2_can/install/my_package/lib/my_package
[15.639s] Installing reinforcement_r2 script to /home/cadt-02/Documents/can_test_usb/ros2_can/install/my_package/lib/my_package
[15.640s] 
[15.645s] Installed /home/cadt-02/Documents/can_test_usb/ros2_can/build/my_package
[15.647s] running install_data
[15.648s] copying resource/my_package -> /home/cadt-02/Documents/can_test_usb/ros2_can/install/my_package/share/ament_index/resource_index/packages
[15.651s] copying package.xml -> /home/cadt-02/Documents/can_test_usb/ros2_can/install/my_package/share/my_package
[22.140s] Invoked command in '/home/cadt-02/Documents/can_test_usb/ros2_can/build/my_package' returned '0': PYTHONPATH=/home/cadt-02/Documents/can_test_usb/ros2_can/build/my_package/prefix_override:/home/cadt-02/Documents/can_test_usb/ros2_can/install/my_package/lib/python3.8/site-packages:${PYTHONPATH} /usr/bin/python3 setup.py develop --editable --build-directory /home/cadt-02/Documents/can_test_usb/ros2_can/build/my_package/build --no-deps install_data
