[16.771s] Invoking command in '/home/cadt-02/Documents/can_test_usb/ros2_can/build/keyboard_listener': PYTHONPATH=/home/cadt-02/Documents/can_test_usb/ros2_can/build/keyboard_listener/prefix_override:/home/cadt-02/Documents/can_test_usb/ros2_can/install/keyboard_listener/lib/python3.8/site-packages:${PYTHONPATH} /usr/bin/python3 setup.py develop --editable --build-directory /home/cadt-02/Documents/can_test_usb/ros2_can/build/keyboard_listener/build --no-deps install_data
[18.014s] running develop
[18.020s] /home/cadt-02/.local/lib/python3.8/site-packages/setuptools/command/develop.py:42: EasyInstallDeprecationWarning: easy_install command is deprecated.
[18.020s] !!
[18.020s] 
[18.021s]         ********************************************************************************
[18.021s]         Please avoid running ``setup.py`` and ``easy_install``.
[18.021s]         Instead, use pypa/build, pypa/installer or other
[18.021s]         standards-based tools.
[18.021s] 
[18.021s]         See https://github.com/pypa/setuptools/issues/917 for details.
[18.021s]         ********************************************************************************
[18.022s] 
[18.022s] !!
[18.022s]   easy_install.initialize_options(self)
[18.022s] /home/cadt-02/.local/lib/python3.8/site-packages/setuptools/_distutils/cmd.py:66: SetuptoolsDeprecationWarning: setup.py install is deprecated.
[18.022s] !!
[18.023s] 
[18.023s]         ********************************************************************************
[18.023s]         Please avoid running ``setup.py`` directly.
[18.023s]         Instead, use pypa/build, pypa/installer or other
[18.023s]         standards-based tools.
[18.023s] 
[18.023s]         See https://blog.ganssle.io/articles/2021/10/setup-py-deprecated.html for details.
[18.023s]         ********************************************************************************
[18.024s] 
[18.024s] !!
[18.024s]   self.initialize_options()
[18.139s] running egg_info
[18.185s] writing keyboard_listener.egg-info/PKG-INFO
[18.188s] writing dependency_links to keyboard_listener.egg-info/dependency_links.txt
[18.189s] writing entry points to keyboard_listener.egg-info/entry_points.txt
[18.190s] writing requirements to keyboard_listener.egg-info/requires.txt
[18.191s] writing top-level names to keyboard_listener.egg-info/top_level.txt
[18.277s] reading manifest file 'keyboard_listener.egg-info/SOURCES.txt'
[18.279s] writing manifest file 'keyboard_listener.egg-info/SOURCES.txt'
[18.447s] running build_ext
[18.447s] Creating /home/cadt-02/Documents/can_test_usb/ros2_can/install/keyboard_listener/lib/python3.8/site-packages/keyboard-listener.egg-link (link to .)
[18.449s] Installing keyboard_listener script to /home/cadt-02/Documents/can_test_usb/ros2_can/install/keyboard_listener/lib/keyboard_listener
[18.450s] 
[18.451s] Installed /home/cadt-02/Documents/can_test_usb/ros2_can/build/keyboard_listener
[18.452s] running install_data
[18.453s] copying resource/keyboard_listener -> /home/cadt-02/Documents/can_test_usb/ros2_can/install/keyboard_listener/share/ament_index/resource_index/packages
[18.454s] copying package.xml -> /home/cadt-02/Documents/can_test_usb/ros2_can/install/keyboard_listener/share/keyboard_listener
[21.830s] Invoked command in '/home/cadt-02/Documents/can_test_usb/ros2_can/build/keyboard_listener' returned '0': PYTHONPATH=/home/cadt-02/Documents/can_test_usb/ros2_can/build/keyboard_listener/prefix_override:/home/cadt-02/Documents/can_test_usb/ros2_can/install/keyboard_listener/lib/python3.8/site-packages:${PYTHONPATH} /usr/bin/python3 setup.py develop --editable --build-directory /home/cadt-02/Documents/can_test_usb/ros2_can/build/keyboard_listener/build --no-deps install_data
