[14.425s] Invoking command in '/home/cadt-02/Documents/can_test_usb/ros2_can/build/auto_r2': PYTHONPATH=/home/cadt-02/Documents/can_test_usb/ros2_can/build/auto_r2/prefix_override:/home/cadt-02/Documents/can_test_usb/ros2_can/install/auto_r2/lib/python3.8/site-packages:${PYTHONPATH} /usr/bin/python3 setup.py develop --editable --build-directory /home/cadt-02/Documents/can_test_usb/ros2_can/build/auto_r2/build --no-deps install_data
[14.817s] /home/cadt-02/.local/lib/python3.8/site-packages/setuptools/dist.py:476: SetuptoolsDeprecationWarning: Invalid dash-separated options
[14.817s] !!
[14.817s] 
[14.817s]         ********************************************************************************
[14.817s]         Usage of dash-separated 'script-dir' will not be supported in future
[14.818s]         versions. Please use the underscore name 'script_dir' instead.
[14.818s] 
[14.818s]         By 2024-Sep-26, you need to update your project and remove deprecated calls
[14.818s]         or your builds will no longer be supported.
[14.818s] 
[14.819s]         See https://setuptools.pypa.io/en/latest/userguide/declarative_config.html for details.
[14.819s]         ********************************************************************************
[14.819s] 
[14.819s] !!
[14.819s]   opt = self.warn_dash_deprecation(opt, section)
[15.339s] running develop
[15.339s] /home/cadt-02/.local/lib/python3.8/site-packages/setuptools/command/develop.py:42: EasyInstallDeprecationWarning: easy_install command is deprecated.
[15.339s] !!
[15.339s] 
[15.339s]         ********************************************************************************
[15.339s]         Please avoid running ``setup.py`` and ``easy_install``.
[15.340s]         Instead, use pypa/build, pypa/installer or other
[15.340s]         standards-based tools.
[15.340s] 
[15.340s]         See https://github.com/pypa/setuptools/issues/917 for details.
[15.340s]         ********************************************************************************
[15.340s] 
[15.340s] !!
[15.340s]   easy_install.initialize_options(self)
[15.432s] /home/cadt-02/.local/lib/python3.8/site-packages/setuptools/_distutils/cmd.py:66: SetuptoolsDeprecationWarning: setup.py install is deprecated.
[15.432s] !!
[15.432s] 
[15.432s]         ********************************************************************************
[15.432s]         Please avoid running ``setup.py`` directly.
[15.432s]         Instead, use pypa/build, pypa/installer or other
[15.433s]         standards-based tools.
[15.433s] 
[15.433s]         See https://blog.ganssle.io/articles/2021/10/setup-py-deprecated.html for details.
[15.433s]         ********************************************************************************
[15.433s] 
[15.433s] !!
[15.433s]   self.initialize_options()
[15.931s] running egg_info
[15.978s] writing auto_r2.egg-info/PKG-INFO
[15.979s] writing dependency_links to auto_r2.egg-info/dependency_links.txt
[15.980s] writing entry points to auto_r2.egg-info/entry_points.txt
[15.980s] writing requirements to auto_r2.egg-info/requires.txt
[15.980s] writing top-level names to auto_r2.egg-info/top_level.txt
[16.078s] reading manifest file 'auto_r2.egg-info/SOURCES.txt'
[16.081s] writing manifest file 'auto_r2.egg-info/SOURCES.txt'
[16.233s] running build_ext
[16.235s] Creating /home/cadt-02/Documents/can_test_usb/ros2_can/install/auto_r2/lib/python3.8/site-packages/auto-r2.egg-link (link to .)
[16.236s] Installing auto_r2 script to /home/cadt-02/Documents/can_test_usb/ros2_can/install/auto_r2/lib/auto_r2
[16.237s] 
[16.238s] Installed /home/cadt-02/Documents/can_test_usb/ros2_can/build/auto_r2
[16.238s] running install_data
[16.239s] copying resource/auto_r2 -> /home/cadt-02/Documents/can_test_usb/ros2_can/install/auto_r2/share/ament_index/resource_index/packages
[16.240s] copying package.xml -> /home/cadt-02/Documents/can_test_usb/ros2_can/install/auto_r2/share/auto_r2
[16.513s] Invoked command in '/home/cadt-02/Documents/can_test_usb/ros2_can/build/auto_r2' returned '0': PYTHONPATH=/home/cadt-02/Documents/can_test_usb/ros2_can/build/auto_r2/prefix_override:/home/cadt-02/Documents/can_test_usb/ros2_can/install/auto_r2/lib/python3.8/site-packages:${PYTHONPATH} /usr/bin/python3 setup.py develop --editable --build-directory /home/cadt-02/Documents/can_test_usb/ros2_can/build/auto_r2/build --no-deps install_data
