[16.289s] Invoking command in '/home/cadt-02/Documents/can_test_usb/ros2_can/build/odometry_cont': PYTHONPATH=/home/cadt-02/Documents/can_test_usb/ros2_can/build/odometry_cont/prefix_override:/home/cadt-02/Documents/can_test_usb/ros2_can/install/odometry_cont/lib/python3.8/site-packages:${PYTHONPATH} /usr/bin/python3 setup.py develop --editable --build-directory /home/cadt-02/Documents/can_test_usb/ros2_can/build/odometry_cont/build --no-deps install_data
[16.636s] /home/cadt-02/.local/lib/python3.8/site-packages/setuptools/dist.py:476: SetuptoolsDeprecationWarning: Invalid dash-separated options
[16.636s] !!
[16.636s] 
[16.637s]         ********************************************************************************
[16.637s]         Usage of dash-separated 'script-dir' will not be supported in future
[16.637s]         versions. Please use the underscore name 'script_dir' instead.
[16.637s] 
[16.637s]         By 2024-Sep-26, you need to update your project and remove deprecated calls
[16.637s]         or your builds will no longer be supported.
[16.637s] 
[16.638s]         See https://setuptools.pypa.io/en/latest/userguide/declarative_config.html for details.
[16.638s]         ********************************************************************************
[16.638s] 
[16.638s] !!
[16.638s]   opt = self.warn_dash_deprecation(opt, section)
[17.133s] running develop
[17.133s] /home/cadt-02/.local/lib/python3.8/site-packages/setuptools/command/develop.py:42: EasyInstallDeprecationWarning: easy_install command is deprecated.
[17.133s] !!
[17.133s] 
[17.134s]         ********************************************************************************
[17.134s]         Please avoid running ``setup.py`` and ``easy_install``.
[17.134s]         Instead, use pypa/build, pypa/installer or other
[17.134s]         standards-based tools.
[17.134s] 
[17.134s]         See https://github.com/pypa/setuptools/issues/917 for details.
[17.134s]         ********************************************************************************
[17.135s] 
[17.135s] !!
[17.135s]   easy_install.initialize_options(self)
[17.225s] /home/cadt-02/.local/lib/python3.8/site-packages/setuptools/_distutils/cmd.py:66: SetuptoolsDeprecationWarning: setup.py install is deprecated.
[17.225s] !!
[17.225s] 
[17.225s]         ********************************************************************************
[17.225s]         Please avoid running ``setup.py`` directly.
[17.225s]         Instead, use pypa/build, pypa/installer or other
[17.225s]         standards-based tools.
[17.226s] 
[17.226s]         See https://blog.ganssle.io/articles/2021/10/setup-py-deprecated.html for details.
[17.226s]         ********************************************************************************
[17.226s] 
[17.226s] !!
[17.226s]   self.initialize_options()
[17.692s] running egg_info
[17.736s] writing odometry_cont.egg-info/PKG-INFO
[17.738s] writing dependency_links to odometry_cont.egg-info/dependency_links.txt
[17.738s] writing entry points to odometry_cont.egg-info/entry_points.txt
[17.739s] writing requirements to odometry_cont.egg-info/requires.txt
[17.739s] writing top-level names to odometry_cont.egg-info/top_level.txt
[17.836s] reading manifest file 'odometry_cont.egg-info/SOURCES.txt'
[17.838s] writing manifest file 'odometry_cont.egg-info/SOURCES.txt'
[17.999s] running build_ext
[17.999s] Creating /home/cadt-02/Documents/can_test_usb/ros2_can/install/odometry_cont/lib/python3.8/site-packages/odometry-cont.egg-link (link to .)
[18.002s] Installing odometry_cont script to /home/cadt-02/Documents/can_test_usb/ros2_can/install/odometry_cont/lib/odometry_cont
[18.002s] 
[18.002s] Installed /home/cadt-02/Documents/can_test_usb/ros2_can/build/odometry_cont
[18.002s] running install_data
[18.003s] copying resource/odometry_cont -> /home/cadt-02/Documents/can_test_usb/ros2_can/install/odometry_cont/share/ament_index/resource_index/packages
[18.003s] copying package.xml -> /home/cadt-02/Documents/can_test_usb/ros2_can/install/odometry_cont/share/odometry_cont
[18.112s] Invoked command in '/home/cadt-02/Documents/can_test_usb/ros2_can/build/odometry_cont' returned '0': PYTHONPATH=/home/cadt-02/Documents/can_test_usb/ros2_can/build/odometry_cont/prefix_override:/home/cadt-02/Documents/can_test_usb/ros2_can/install/odometry_cont/lib/python3.8/site-packages:${PYTHONPATH} /usr/bin/python3 setup.py develop --editable --build-directory /home/cadt-02/Documents/can_test_usb/ros2_can/build/odometry_cont/build --no-deps install_data
