[17.073s] Invoking command in '/home/cadt-02/Documents/can_test_usb/ros2_can/build/odometry_cont': PYTHONPATH=/home/cadt-02/Documents/can_test_usb/ros2_can/build/odometry_cont/prefix_override:/home/cadt-02/Documents/can_test_usb/ros2_can/install/odometry_cont/lib/python3.8/site-packages:${PYTHONPATH} /usr/bin/python3 setup.py develop --editable --build-directory /home/cadt-02/Documents/can_test_usb/ros2_can/build/odometry_cont/build --no-deps install_data
[17.420s] /home/cadt-02/.local/lib/python3.8/site-packages/setuptools/dist.py:476: SetuptoolsDeprecationWarning: Invalid dash-separated options
[17.421s] !!
[17.421s] 
[17.421s]         ********************************************************************************
[17.421s]         Usage of dash-separated 'script-dir' will not be supported in future
[17.421s]         versions. Please use the underscore name 'script_dir' instead.
[17.421s] 
[17.421s]         By 2024-Sep-26, you need to update your project and remove deprecated calls
[17.422s]         or your builds will no longer be supported.
[17.422s] 
[17.422s]         See https://setuptools.pypa.io/en/latest/userguide/declarative_config.html for details.
[17.422s]         ********************************************************************************
[17.422s] 
[17.422s] !!
[17.422s]   opt = self.warn_dash_deprecation(opt, section)
[17.914s] running develop
[17.914s] /home/cadt-02/.local/lib/python3.8/site-packages/setuptools/command/develop.py:42: EasyInstallDeprecationWarning: easy_install command is deprecated.
[17.914s] !!
[17.914s] 
[17.915s]         ********************************************************************************
[17.915s]         Please avoid running ``setup.py`` and ``easy_install``.
[17.915s]         Instead, use pypa/build, pypa/installer or other
[17.915s]         standards-based tools.
[17.915s] 
[17.915s]         See https://github.com/pypa/setuptools/issues/917 for details.
[17.915s]         ********************************************************************************
[17.916s] 
[17.916s] !!
[17.916s]   easy_install.initialize_options(self)
[18.002s] /home/cadt-02/.local/lib/python3.8/site-packages/setuptools/_distutils/cmd.py:66: SetuptoolsDeprecationWarning: setup.py install is deprecated.
[18.003s] !!
[18.003s] 
[18.003s]         ********************************************************************************
[18.003s]         Please avoid running ``setup.py`` directly.
[18.003s]         Instead, use pypa/build, pypa/installer or other
[18.003s]         standards-based tools.
[18.003s] 
[18.004s]         See https://blog.ganssle.io/articles/2021/10/setup-py-deprecated.html for details.
[18.004s]         ********************************************************************************
[18.004s] 
[18.004s] !!
[18.004s]   self.initialize_options()
[18.469s] running egg_info
[18.512s] writing odometry_cont.egg-info/PKG-INFO
[18.513s] writing dependency_links to odometry_cont.egg-info/dependency_links.txt
[18.514s] writing entry points to odometry_cont.egg-info/entry_points.txt
[18.514s] writing requirements to odometry_cont.egg-info/requires.txt
[18.515s] writing top-level names to odometry_cont.egg-info/top_level.txt
[18.606s] reading manifest file 'odometry_cont.egg-info/SOURCES.txt'
[18.608s] writing manifest file 'odometry_cont.egg-info/SOURCES.txt'
[18.764s] running build_ext
[18.765s] Creating /home/cadt-02/Documents/can_test_usb/ros2_can/install/odometry_cont/lib/python3.8/site-packages/odometry-cont.egg-link (link to .)
[18.767s] Installing odometry_cont script to /home/cadt-02/Documents/can_test_usb/ros2_can/install/odometry_cont/lib/odometry_cont
[18.767s] 
[18.768s] Installed /home/cadt-02/Documents/can_test_usb/ros2_can/build/odometry_cont
[18.768s] running install_data
[18.768s] copying resource/odometry_cont -> /home/cadt-02/Documents/can_test_usb/ros2_can/install/odometry_cont/share/ament_index/resource_index/packages
[18.768s] copying package.xml -> /home/cadt-02/Documents/can_test_usb/ros2_can/install/odometry_cont/share/odometry_cont
[18.886s] Invoked command in '/home/cadt-02/Documents/can_test_usb/ros2_can/build/odometry_cont' returned '0': PYTHONPATH=/home/cadt-02/Documents/can_test_usb/ros2_can/build/odometry_cont/prefix_override:/home/cadt-02/Documents/can_test_usb/ros2_can/install/odometry_cont/lib/python3.8/site-packages:${PYTHONPATH} /usr/bin/python3 setup.py develop --editable --build-directory /home/cadt-02/Documents/can_test_usb/ros2_can/build/odometry_cont/build --no-deps install_data
