[16.700s] Invoking command in '/home/cadt-02/Documents/can_test_usb/ros2_can/build/keyboard_listener': PYTHONPATH=/home/cadt-02/Documents/can_test_usb/ros2_can/build/keyboard_listener/prefix_override:/home/cadt-02/Documents/can_test_usb/ros2_can/install/keyboard_listener/lib/python3.8/site-packages:${PYTHONPATH} /usr/bin/python3 setup.py develop --editable --build-directory /home/cadt-02/Documents/can_test_usb/ros2_can/build/keyboard_listener/build --no-deps install_data
[17.602s] running develop
[17.603s] /home/cadt-02/.local/lib/python3.8/site-packages/setuptools/command/develop.py:42: EasyInstallDeprecationWarning: easy_install command is deprecated.
[17.603s] !!
[17.603s] 
[17.603s]         ********************************************************************************
[17.603s]         Please avoid running ``setup.py`` and ``easy_install``.
[17.603s]         Instead, use pypa/build, pypa/installer or other
[17.603s]         standards-based tools.
[17.604s] 
[17.604s]         See https://github.com/pypa/setuptools/issues/917 for details.
[17.604s]         ********************************************************************************
[17.604s] 
[17.604s] !!
[17.604s]   easy_install.initialize_options(self)
[17.697s] /home/cadt-02/.local/lib/python3.8/site-packages/setuptools/_distutils/cmd.py:66: SetuptoolsDeprecationWarning: setup.py install is deprecated.
[17.697s] !!
[17.697s] 
[17.698s]         ********************************************************************************
[17.698s]         Please avoid running ``setup.py`` directly.
[17.698s]         Instead, use pypa/build, pypa/installer or other
[17.698s]         standards-based tools.
[17.698s] 
[17.699s]         See https://blog.ganssle.io/articles/2021/10/setup-py-deprecated.html for details.
[17.699s]         ********************************************************************************
[17.699s] 
[17.699s] !!
[17.699s]   self.initialize_options()
[18.234s] running egg_info
[18.292s] writing keyboard_listener.egg-info/PKG-INFO
[18.304s] writing dependency_links to keyboard_listener.egg-info/dependency_links.txt
[18.305s] writing entry points to keyboard_listener.egg-info/entry_points.txt
[18.307s] writing requirements to keyboard_listener.egg-info/requires.txt
[18.307s] writing top-level names to keyboard_listener.egg-info/top_level.txt
[18.403s] reading manifest file 'keyboard_listener.egg-info/SOURCES.txt'
[18.405s] writing manifest file 'keyboard_listener.egg-info/SOURCES.txt'
[18.594s] running build_ext
[18.595s] Creating /home/cadt-02/Documents/can_test_usb/ros2_can/install/keyboard_listener/lib/python3.8/site-packages/keyboard-listener.egg-link (link to .)
[18.599s] Installing keyboard_listener script to /home/cadt-02/Documents/can_test_usb/ros2_can/install/keyboard_listener/lib/keyboard_listener
[18.601s] 
[18.602s] Installed /home/cadt-02/Documents/can_test_usb/ros2_can/build/keyboard_listener
[18.602s] running install_data
[18.605s] copying resource/keyboard_listener -> /home/cadt-02/Documents/can_test_usb/ros2_can/install/keyboard_listener/share/ament_index/resource_index/packages
[18.606s] copying package.xml -> /home/cadt-02/Documents/can_test_usb/ros2_can/install/keyboard_listener/share/keyboard_listener
[21.827s] Invoked command in '/home/cadt-02/Documents/can_test_usb/ros2_can/build/keyboard_listener' returned '0': PYTHONPATH=/home/cadt-02/Documents/can_test_usb/ros2_can/build/keyboard_listener/prefix_override:/home/cadt-02/Documents/can_test_usb/ros2_can/install/keyboard_listener/lib/python3.8/site-packages:${PYTHONPATH} /usr/bin/python3 setup.py develop --editable --build-directory /home/cadt-02/Documents/can_test_usb/ros2_can/build/keyboard_listener/build --no-deps install_data
