[11.453s] Invoking command in '/home/cadt-02/Documents/can_test_usb/ros2_can/build/ros_imu': PYTHONPATH=/home/cadt-02/Documents/can_test_usb/ros2_can/build/ros_imu/prefix_override:/home/cadt-02/Documents/can_test_usb/ros2_can/install/ros_imu/lib/python3.8/site-packages:${PYTHONPATH} /usr/bin/python3 setup.py develop --editable --build-directory /home/cadt-02/Documents/can_test_usb/ros2_can/build/ros_imu/build --no-deps install_data
[12.135s] /home/cadt-02/.local/lib/python3.8/site-packages/setuptools/dist.py:476: SetuptoolsDeprecationWarning: Invalid dash-separated options
[12.135s] !!
[12.135s] 
[12.135s]         ********************************************************************************
[12.136s]         Usage of dash-separated 'script-dir' will not be supported in future
[12.146s]         versions. Please use the underscore name 'script_dir' instead.
[12.147s] 
[12.147s]         By 2024-Sep-26, you need to update your project and remove deprecated calls
[12.147s]         or your builds will no longer be supported.
[12.147s] 
[12.147s]         See https://setuptools.pypa.io/en/latest/userguide/declarative_config.html for details.
[12.148s]         ********************************************************************************
[12.148s] 
[12.148s] !!
[12.148s]   opt = self.warn_dash_deprecation(opt, section)
[13.053s] running develop
[13.067s] /home/cadt-02/.local/lib/python3.8/site-packages/setuptools/command/develop.py:42: EasyInstallDeprecationWarning: easy_install command is deprecated.
[13.069s] !!
[13.070s] 
[13.070s]         ********************************************************************************
[13.072s]         Please avoid running ``setup.py`` and ``easy_install``.
[13.073s]         Instead, use pypa/build, pypa/installer or other
[13.074s]         standards-based tools.
[13.074s] 
[13.075s]         See https://github.com/pypa/setuptools/issues/917 for details.
[13.076s]         ********************************************************************************
[13.077s] 
[13.077s] !!
[13.078s]   easy_install.initialize_options(self)
[13.259s] /home/cadt-02/.local/lib/python3.8/site-packages/setuptools/_distutils/cmd.py:66: SetuptoolsDeprecationWarning: setup.py install is deprecated.
[13.260s] !!
[13.260s] 
[13.261s]         ********************************************************************************
[13.262s]         Please avoid running ``setup.py`` directly.
[13.263s]         Instead, use pypa/build, pypa/installer or other
[13.264s]         standards-based tools.
[13.264s] 
[13.265s]         See https://blog.ganssle.io/articles/2021/10/setup-py-deprecated.html for details.
[13.266s]         ********************************************************************************
[13.267s] 
[13.267s] !!
[13.268s]   self.initialize_options()
[13.824s] running egg_info
[13.869s] writing ros_imu.egg-info/PKG-INFO
[13.871s] writing dependency_links to ros_imu.egg-info/dependency_links.txt
[13.871s] writing entry points to ros_imu.egg-info/entry_points.txt
[13.873s] writing requirements to ros_imu.egg-info/requires.txt
[13.873s] writing top-level names to ros_imu.egg-info/top_level.txt
[13.976s] reading manifest file 'ros_imu.egg-info/SOURCES.txt'
[13.980s] writing manifest file 'ros_imu.egg-info/SOURCES.txt'
[14.159s] running build_ext
[14.160s] Creating /home/cadt-02/Documents/can_test_usb/ros2_can/install/ros_imu/lib/python3.8/site-packages/ros-imu.egg-link (link to .)
[14.162s] Installing ros_imu script to /home/cadt-02/Documents/can_test_usb/ros2_can/install/ros_imu/lib/ros_imu
[14.163s] 
[14.163s] Installed /home/cadt-02/Documents/can_test_usb/ros2_can/build/ros_imu
[14.164s] running install_data
[14.164s] copying resource/ros_imu -> /home/cadt-02/Documents/can_test_usb/ros2_can/install/ros_imu/share/ament_index/resource_index/packages
[14.165s] copying package.xml -> /home/cadt-02/Documents/can_test_usb/ros2_can/install/ros_imu/share/ros_imu
[16.427s] Invoked command in '/home/cadt-02/Documents/can_test_usb/ros2_can/build/ros_imu' returned '0': PYTHONPATH=/home/cadt-02/Documents/can_test_usb/ros2_can/build/ros_imu/prefix_override:/home/cadt-02/Documents/can_test_usb/ros2_can/install/ros_imu/lib/python3.8/site-packages:${PYTHONPATH} /usr/bin/python3 setup.py develop --editable --build-directory /home/cadt-02/Documents/can_test_usb/ros2_can/build/ros_imu/build --no-deps install_data
