[12.429s] Invoking command in '/home/cadt-02/Documents/can_test_usb/ros2_can/build/my_robot': PYTHONPATH=/home/cadt-02/Documents/can_test_usb/ros2_can/build/my_robot/prefix_override:/home/cadt-02/Documents/can_test_usb/ros2_can/install/my_robot/lib/python3.8/site-packages:${PYTHONPATH} /usr/bin/python3 setup.py develop --editable --build-directory /home/cadt-02/Documents/can_test_usb/ros2_can/build/my_robot/build --no-deps install_data
[13.651s] running develop
[13.653s] /home/cadt-02/.local/lib/python3.8/site-packages/setuptools/dist.py:476: SetuptoolsDeprecationWarning: Invalid dash-separated options
[13.654s] !!
[13.655s] 
[13.655s]         ********************************************************************************
[13.656s]         Usage of dash-separated 'script-dir' will not be supported in future
[13.657s]         versions. Please use the underscore name 'script_dir' instead.
[13.657s] 
[13.657s]         By 2024-Sep-26, you need to update your project and remove deprecated calls
[13.658s]         or your builds will no longer be supported.
[13.658s] 
[13.658s]         See https://setuptools.pypa.io/en/latest/userguide/declarative_config.html for details.
[13.659s]         ********************************************************************************
[13.659s] 
[13.660s] !!
[13.660s]   opt = self.warn_dash_deprecation(opt, section)
[13.660s] /home/cadt-02/.local/lib/python3.8/site-packages/setuptools/command/develop.py:42: EasyInstallDeprecationWarning: easy_install command is deprecated.
[13.661s] !!
[13.661s] 
[13.662s]         ********************************************************************************
[13.662s]         Please avoid running ``setup.py`` and ``easy_install``.
[13.663s]         Instead, use pypa/build, pypa/installer or other
[13.663s]         standards-based tools.
[13.663s] 
[13.664s]         See https://github.com/pypa/setuptools/issues/917 for details.
[13.665s]         ********************************************************************************
[13.665s] 
[13.666s] !!
[13.666s]   easy_install.initialize_options(self)
[13.666s] /home/cadt-02/.local/lib/python3.8/site-packages/setuptools/_distutils/cmd.py:66: SetuptoolsDeprecationWarning: setup.py install is deprecated.
[13.667s] !!
[13.667s] 
[13.668s]         ********************************************************************************
[13.668s]         Please avoid running ``setup.py`` directly.
[13.668s]         Instead, use pypa/build, pypa/installer or other
[13.669s]         standards-based tools.
[13.669s] 
[13.670s]         See https://blog.ganssle.io/articles/2021/10/setup-py-deprecated.html for details.
[13.670s]         ********************************************************************************
[13.671s] 
[13.671s] !!
[13.672s]   self.initialize_options()
[13.762s] running egg_info
[13.807s] writing my_robot.egg-info/PKG-INFO
[13.808s] writing dependency_links to my_robot.egg-info/dependency_links.txt
[13.809s] writing entry points to my_robot.egg-info/entry_points.txt
[13.809s] writing requirements to my_robot.egg-info/requires.txt
[13.810s] writing top-level names to my_robot.egg-info/top_level.txt
[13.893s] reading manifest file 'my_robot.egg-info/SOURCES.txt'
[13.896s] writing manifest file 'my_robot.egg-info/SOURCES.txt'
[14.050s] running build_ext
[14.050s] Creating /home/cadt-02/Documents/can_test_usb/ros2_can/install/my_robot/lib/python3.8/site-packages/my-robot.egg-link (link to .)
[14.052s] Installing my_robot script to /home/cadt-02/Documents/can_test_usb/ros2_can/install/my_robot/lib/my_robot
[14.052s] 
[14.053s] Installed /home/cadt-02/Documents/can_test_usb/ros2_can/build/my_robot
[14.053s] running install_data
[14.053s] copying resource/my_robot -> /home/cadt-02/Documents/can_test_usb/ros2_can/install/my_robot/share/ament_index/resource_index/packages
[14.053s] copying package.xml -> /home/cadt-02/Documents/can_test_usb/ros2_can/install/my_robot/share/my_robot
[18.660s] Invoked command in '/home/cadt-02/Documents/can_test_usb/ros2_can/build/my_robot' returned '0': PYTHONPATH=/home/cadt-02/Documents/can_test_usb/ros2_can/build/my_robot/prefix_override:/home/cadt-02/Documents/can_test_usb/ros2_can/install/my_robot/lib/python3.8/site-packages:${PYTHONPATH} /usr/bin/python3 setup.py develop --editable --build-directory /home/cadt-02/Documents/can_test_usb/ros2_can/build/my_robot/build --no-deps install_data
