[11.684s] Invoking command in '/home/cadt-02/Documents/can_test_usb/ros2_can/build/odometry': NX_CONNECTION=172.23.33.204 59150 172.23.34.34 4000 PYTHONPATH=/home/cadt-02/Documents/can_test_usb/ros2_can/build/odometry/prefix_override:/home/cadt-02/Documents/can_test_usb/ros2_can/install/odometry/lib/python3.8/site-packages:${PYTHONPATH} /usr/bin/python3 setup.py develop --editable --build-directory /home/cadt-02/Documents/can_test_usb/ros2_can/build/odometry/build --no-deps install_data
[12.068s] /home/cadt-02/.local/lib/python3.8/site-packages/setuptools/dist.py:476: SetuptoolsDeprecationWarning: Invalid dash-separated options
[12.068s] !!
[12.069s] 
[12.069s]         ********************************************************************************
[12.069s]         Usage of dash-separated 'script-dir' will not be supported in future
[12.069s]         versions. Please use the underscore name 'script_dir' instead.
[12.069s] 
[12.069s]         By 2024-Sep-26, you need to update your project and remove deprecated calls
[12.070s]         or your builds will no longer be supported.
[12.070s] 
[12.070s]         See https://setuptools.pypa.io/en/latest/userguide/declarative_config.html for details.
[12.070s]         ********************************************************************************
[12.070s] 
[12.070s] !!
[12.070s]   opt = self.warn_dash_deprecation(opt, section)
[12.592s] running develop
[12.593s] /home/cadt-02/.local/lib/python3.8/site-packages/setuptools/command/develop.py:42: EasyInstallDeprecationWarning: easy_install command is deprecated.
[12.593s] !!
[12.593s] 
[12.593s]         ********************************************************************************
[12.593s]         Please avoid running ``setup.py`` and ``easy_install``.
[12.594s]         Instead, use pypa/build, pypa/installer or other
[12.594s]         standards-based tools.
[12.594s] 
[12.594s]         See https://github.com/pypa/setuptools/issues/917 for details.
[12.594s]         ********************************************************************************
[12.594s] 
[12.595s] !!
[12.595s]   easy_install.initialize_options(self)
[12.682s] /home/cadt-02/.local/lib/python3.8/site-packages/setuptools/_distutils/cmd.py:66: SetuptoolsDeprecationWarning: setup.py install is deprecated.
[12.683s] !!
[12.683s] 
[12.683s]         ********************************************************************************
[12.683s]         Please avoid running ``setup.py`` directly.
[12.683s]         Instead, use pypa/build, pypa/installer or other
[12.683s]         standards-based tools.
[12.684s] 
[12.685s]         See https://blog.ganssle.io/articles/2021/10/setup-py-deprecated.html for details.
[12.685s]         ********************************************************************************
[12.685s] 
[12.685s] !!
[12.685s]   self.initialize_options()
[13.148s] running egg_info
[13.190s] writing odometry.egg-info/PKG-INFO
[13.192s] writing dependency_links to odometry.egg-info/dependency_links.txt
[13.192s] writing entry points to odometry.egg-info/entry_points.txt
[13.193s] writing requirements to odometry.egg-info/requires.txt
[13.203s] writing top-level names to odometry.egg-info/top_level.txt
[13.296s] reading manifest file 'odometry.egg-info/SOURCES.txt'
[13.296s] writing manifest file 'odometry.egg-info/SOURCES.txt'
[13.459s] running build_ext
[13.460s] Creating /home/cadt-02/Documents/can_test_usb/ros2_can/install/odometry/lib/python3.8/site-packages/odometry.egg-link (link to .)
[13.461s] Installing odometry script to /home/cadt-02/Documents/can_test_usb/ros2_can/install/odometry/lib/odometry
[13.462s] 
[13.463s] Installed /home/cadt-02/Documents/can_test_usb/ros2_can/build/odometry
[13.464s] running install_data
[13.464s] copying resource/odometry -> /home/cadt-02/Documents/can_test_usb/ros2_can/install/odometry/share/ament_index/resource_index/packages
[13.464s] copying package.xml -> /home/cadt-02/Documents/can_test_usb/ros2_can/install/odometry/share/odometry
[14.814s] Invoked command in '/home/cadt-02/Documents/can_test_usb/ros2_can/build/odometry' returned '0': NX_CONNECTION=172.23.33.204 59150 172.23.34.34 4000 PYTHONPATH=/home/cadt-02/Documents/can_test_usb/ros2_can/build/odometry/prefix_override:/home/cadt-02/Documents/can_test_usb/ros2_can/install/odometry/lib/python3.8/site-packages:${PYTHONPATH} /usr/bin/python3 setup.py develop --editable --build-directory /home/cadt-02/Documents/can_test_usb/ros2_can/build/odometry/build --no-deps install_data
