[12.698s] Invoking command in '/home/cadt-02/Documents/can_test_usb/ros2_can/build/my_robot': PYTHONPATH=/home/cadt-02/Documents/can_test_usb/ros2_can/build/my_robot/prefix_override:/home/cadt-02/Documents/can_test_usb/ros2_can/install/my_robot/lib/python3.8/site-packages:${PYTHONPATH} /usr/bin/python3 setup.py develop --editable --build-directory /home/cadt-02/Documents/can_test_usb/ros2_can/build/my_robot/build --no-deps install_data
[13.084s] /home/cadt-02/.local/lib/python3.8/site-packages/setuptools/dist.py:476: SetuptoolsDeprecationWarning: Invalid dash-separated options
[13.085s] !!
[13.085s] 
[13.085s]         ********************************************************************************
[13.085s]         Usage of dash-separated 'script-dir' will not be supported in future
[13.085s]         versions. Please use the underscore name 'script_dir' instead.
[13.086s] 
[13.086s]         By 2024-Sep-26, you need to update your project and remove deprecated calls
[13.086s]         or your builds will no longer be supported.
[13.086s] 
[13.086s]         See https://setuptools.pypa.io/en/latest/userguide/declarative_config.html for details.
[13.086s]         ********************************************************************************
[13.086s] 
[13.087s] !!
[13.087s]   opt = self.warn_dash_deprecation(opt, section)
[13.611s] running develop
[13.613s] /home/cadt-02/.local/lib/python3.8/site-packages/setuptools/command/develop.py:42: EasyInstallDeprecationWarning: easy_install command is deprecated.
[13.613s] !!
[13.613s] 
[13.613s]         ********************************************************************************
[13.613s]         Please avoid running ``setup.py`` and ``easy_install``.
[13.613s]         Instead, use pypa/build, pypa/installer or other
[13.614s]         standards-based tools.
[13.614s] 
[13.614s]         See https://github.com/pypa/setuptools/issues/917 for details.
[13.614s]         ********************************************************************************
[13.614s] 
[13.614s] !!
[13.614s]   easy_install.initialize_options(self)
[13.701s] /home/cadt-02/.local/lib/python3.8/site-packages/setuptools/_distutils/cmd.py:66: SetuptoolsDeprecationWarning: setup.py install is deprecated.
[13.701s] !!
[13.702s] 
[13.702s]         ********************************************************************************
[13.702s]         Please avoid running ``setup.py`` directly.
[13.702s]         Instead, use pypa/build, pypa/installer or other
[13.702s]         standards-based tools.
[13.702s] 
[13.702s]         See https://blog.ganssle.io/articles/2021/10/setup-py-deprecated.html for details.
[13.703s]         ********************************************************************************
[13.703s] 
[13.703s] !!
[13.703s]   self.initialize_options()
[14.171s] running egg_info
[14.215s] writing my_robot.egg-info/PKG-INFO
[14.219s] writing dependency_links to my_robot.egg-info/dependency_links.txt
[14.221s] writing entry points to my_robot.egg-info/entry_points.txt
[14.223s] writing requirements to my_robot.egg-info/requires.txt
[14.227s] writing top-level names to my_robot.egg-info/top_level.txt
[14.324s] reading manifest file 'my_robot.egg-info/SOURCES.txt'
[14.326s] writing manifest file 'my_robot.egg-info/SOURCES.txt'
[14.493s] running build_ext
[14.493s] Creating /home/cadt-02/Documents/can_test_usb/ros2_can/install/my_robot/lib/python3.8/site-packages/my-robot.egg-link (link to .)
[14.496s] Installing my_robot script to /home/cadt-02/Documents/can_test_usb/ros2_can/install/my_robot/lib/my_robot
[14.497s] 
[14.498s] Installed /home/cadt-02/Documents/can_test_usb/ros2_can/build/my_robot
[14.498s] running install_data
[14.498s] copying resource/my_robot -> /home/cadt-02/Documents/can_test_usb/ros2_can/install/my_robot/share/ament_index/resource_index/packages
[14.498s] copying package.xml -> /home/cadt-02/Documents/can_test_usb/ros2_can/install/my_robot/share/my_robot
[16.471s] Invoked command in '/home/cadt-02/Documents/can_test_usb/ros2_can/build/my_robot' returned '0': PYTHONPATH=/home/cadt-02/Documents/can_test_usb/ros2_can/build/my_robot/prefix_override:/home/cadt-02/Documents/can_test_usb/ros2_can/install/my_robot/lib/python3.8/site-packages:${PYTHONPATH} /usr/bin/python3 setup.py develop --editable --build-directory /home/cadt-02/Documents/can_test_usb/ros2_can/build/my_robot/build --no-deps install_data
