[42.574s] Invoking command in '/home/cadt-02/Documents/can_test_usb/ros2_can/build/my_package': PYTHONPATH=/home/cadt-02/Documents/can_test_usb/ros2_can/build/my_package/prefix_override:/home/cadt-02/Documents/can_test_usb/ros2_can/install/my_package/lib/python3.8/site-packages:${PYTHONPATH} /usr/bin/python3 setup.py develop --editable --build-directory /home/cadt-02/Documents/can_test_usb/ros2_can/build/my_package/build --no-deps install_data
[42.580s] /home/cadt-02/.local/lib/python3.8/site-packages/setuptools/dist.py:476: SetuptoolsDeprecationWarning: Invalid dash-separated options
[42.580s] !!
[42.580s] 
[42.580s]         ********************************************************************************
[42.580s]         Usage of dash-separated 'build-base' will not be supported in future
[42.580s]         versions. Please use the underscore name 'build_base' instead.
[42.581s] 
[42.581s]         By 2024-Sep-26, you need to update your project and remove deprecated calls
[42.581s]         or your builds will no longer be supported.
[42.581s] 
[42.581s]         See https://setuptools.pypa.io/en/latest/userguide/declarative_config.html for details.
[42.581s]         ********************************************************************************
[42.581s] 
[42.581s] !!
[42.581s]   opt = self.warn_dash_deprecation(opt, section)
[42.589s] running develop
[42.589s] /home/cadt-02/.local/lib/python3.8/site-packages/setuptools/command/develop.py:42: EasyInstallDeprecationWarning: easy_install command is deprecated.
[42.589s] !!
[42.589s] 
[42.589s]         ********************************************************************************
[42.589s]         Please avoid running ``setup.py`` and ``easy_install``.
[42.590s]         Instead, use pypa/build, pypa/installer or other
[42.590s]         standards-based tools.
[42.590s] 
[42.590s]         See https://github.com/pypa/setuptools/issues/917 for details.
[42.590s]         ********************************************************************************
[42.590s] 
[42.590s] !!
[42.590s]   easy_install.initialize_options(self)
[42.597s] /home/cadt-02/.local/lib/python3.8/site-packages/setuptools/_distutils/cmd.py:66: SetuptoolsDeprecationWarning: setup.py install is deprecated.
[42.597s] !!
[42.597s] 
[42.597s]         ********************************************************************************
[42.597s]         Please avoid running ``setup.py`` directly.
[42.597s]         Instead, use pypa/build, pypa/installer or other
[42.597s]         standards-based tools.
[42.597s] 
[42.598s]         See https://blog.ganssle.io/articles/2021/10/setup-py-deprecated.html for details.
[42.598s]         ********************************************************************************
[42.598s] 
[42.598s] !!
[42.598s]   self.initialize_options()
[42.600s] running egg_info
[42.601s] writing my_package.egg-info/PKG-INFO
[42.601s] writing dependency_links to my_package.egg-info/dependency_links.txt
[42.601s] writing entry points to my_package.egg-info/entry_points.txt
[42.602s] writing requirements to my_package.egg-info/requires.txt
[42.602s] writing top-level names to my_package.egg-info/top_level.txt
[42.603s] reading manifest file 'my_package.egg-info/SOURCES.txt'
[42.603s] writing manifest file 'my_package.egg-info/SOURCES.txt'
[42.607s] running build_ext
[42.607s] Creating /home/cadt-02/Documents/can_test_usb/ros2_can/install/my_package/lib/python3.8/site-packages/my-package.egg-link (link to .)
[42.607s] Installing live_detection_node script to /home/cadt-02/Documents/can_test_usb/ros2_can/install/my_package/lib/my_package
[42.608s] Installing main script to /home/cadt-02/Documents/can_test_usb/ros2_can/install/my_package/lib/my_package
[42.608s] Installing my_node script to /home/cadt-02/Documents/can_test_usb/ros2_can/install/my_package/lib/my_package
[42.608s] Installing reinforcement_r2 script to /home/cadt-02/Documents/can_test_usb/ros2_can/install/my_package/lib/my_package
[42.608s] 
[42.608s] Installed /home/cadt-02/Documents/can_test_usb/ros2_can/build/my_package
[42.608s] running install_data
[42.608s] copying resource/my_package -> /home/cadt-02/Documents/can_test_usb/ros2_can/install/my_package/share/ament_index/resource_index/packages
[42.608s] copying package.xml -> /home/cadt-02/Documents/can_test_usb/ros2_can/install/my_package/share/my_package
[42.615s] Invoked command in '/home/cadt-02/Documents/can_test_usb/ros2_can/build/my_package' returned '0': PYTHONPATH=/home/cadt-02/Documents/can_test_usb/ros2_can/build/my_package/prefix_override:/home/cadt-02/Documents/can_test_usb/ros2_can/install/my_package/lib/python3.8/site-packages:${PYTHONPATH} /usr/bin/python3 setup.py develop --editable --build-directory /home/cadt-02/Documents/can_test_usb/ros2_can/build/my_package/build --no-deps install_data
