[16.232s] Invoking command in '/home/cadt-02/Documents/can_test_usb/ros2_can/build/keyboard_publisher': NX_CONNECTION=172.23.33.204 59150 172.23.34.34 4000 PYTHONPATH=/home/cadt-02/Documents/can_test_usb/ros2_can/build/keyboard_publisher/prefix_override:/home/cadt-02/Documents/can_test_usb/ros2_can/install/keyboard_publisher/lib/python3.8/site-packages:${PYTHONPATH} /usr/bin/python3 setup.py develop --editable --build-directory /home/cadt-02/Documents/can_test_usb/ros2_can/build/keyboard_publisher/build --no-deps install_data
[16.658s] /home/cadt-02/.local/lib/python3.8/site-packages/setuptools/dist.py:476: SetuptoolsDeprecationWarning: Invalid dash-separated options
[16.658s] !!
[16.658s] 
[16.659s]         ********************************************************************************
[16.659s]         Usage of dash-separated 'script-dir' will not be supported in future
[16.659s]         versions. Please use the underscore name 'script_dir' instead.
[16.659s] 
[16.659s]         By 2024-Sep-26, you need to update your project and remove deprecated calls
[16.659s]         or your builds will no longer be supported.
[16.659s] 
[16.660s]         See https://setuptools.pypa.io/en/latest/userguide/declarative_config.html for details.
[16.660s]         ********************************************************************************
[16.660s] 
[16.660s] !!
[16.660s]   opt = self.warn_dash_deprecation(opt, section)
[17.236s] running develop
[17.236s] /home/cadt-02/.local/lib/python3.8/site-packages/setuptools/command/develop.py:42: EasyInstallDeprecationWarning: easy_install command is deprecated.
[17.236s] !!
[17.236s] 
[17.237s]         ********************************************************************************
[17.237s]         Please avoid running ``setup.py`` and ``easy_install``.
[17.237s]         Instead, use pypa/build, pypa/installer or other
[17.237s]         standards-based tools.
[17.237s] 
[17.237s]         See https://github.com/pypa/setuptools/issues/917 for details.
[17.237s]         ********************************************************************************
[17.238s] 
[17.238s] !!
[17.238s]   easy_install.initialize_options(self)
[17.334s] /home/cadt-02/.local/lib/python3.8/site-packages/setuptools/_distutils/cmd.py:66: SetuptoolsDeprecationWarning: setup.py install is deprecated.
[17.334s] !!
[17.335s] 
[17.335s]         ********************************************************************************
[17.335s]         Please avoid running ``setup.py`` directly.
[17.335s]         Instead, use pypa/build, pypa/installer or other
[17.336s]         standards-based tools.
[17.336s] 
[17.336s]         See https://blog.ganssle.io/articles/2021/10/setup-py-deprecated.html for details.
[17.336s]         ********************************************************************************
[17.337s] 
[17.337s] !!
[17.337s]   self.initialize_options()
[18.233s] running egg_info
[18.233s] creating keyboard_publisher.egg-info
[18.364s] writing keyboard_publisher.egg-info/PKG-INFO
[18.364s] writing dependency_links to keyboard_publisher.egg-info/dependency_links.txt
[18.365s] writing entry points to keyboard_publisher.egg-info/entry_points.txt
[18.365s] writing requirements to keyboard_publisher.egg-info/requires.txt
[18.373s] writing top-level names to keyboard_publisher.egg-info/top_level.txt
[18.373s] writing manifest file 'keyboard_publisher.egg-info/SOURCES.txt'
[18.465s] reading manifest file 'keyboard_publisher.egg-info/SOURCES.txt'
[18.466s] writing manifest file 'keyboard_publisher.egg-info/SOURCES.txt'
[18.640s] running build_ext
[18.641s] Creating /home/cadt-02/Documents/can_test_usb/ros2_can/install/keyboard_publisher/lib/python3.8/site-packages/keyboard-publisher.egg-link (link to .)
[18.651s] Installing keyboard_publisher script to /home/cadt-02/Documents/can_test_usb/ros2_can/install/keyboard_publisher/lib/keyboard_publisher
[18.657s] 
[18.657s] Installed /home/cadt-02/Documents/can_test_usb/ros2_can/build/keyboard_publisher
[18.657s] running install_data
[18.657s] creating /home/cadt-02/Documents/can_test_usb/ros2_can/install/keyboard_publisher/share/ament_index
[18.658s] creating /home/cadt-02/Documents/can_test_usb/ros2_can/install/keyboard_publisher/share/ament_index/resource_index
[18.658s] creating /home/cadt-02/Documents/can_test_usb/ros2_can/install/keyboard_publisher/share/ament_index/resource_index/packages
[18.658s] copying resource/keyboard_publisher -> /home/cadt-02/Documents/can_test_usb/ros2_can/install/keyboard_publisher/share/ament_index/resource_index/packages
[18.658s] copying package.xml -> /home/cadt-02/Documents/can_test_usb/ros2_can/install/keyboard_publisher/share/keyboard_publisher
[22.085s] Invoked command in '/home/cadt-02/Documents/can_test_usb/ros2_can/build/keyboard_publisher' returned '0': NX_CONNECTION=172.23.33.204 59150 172.23.34.34 4000 PYTHONPATH=/home/cadt-02/Documents/can_test_usb/ros2_can/build/keyboard_publisher/prefix_override:/home/cadt-02/Documents/can_test_usb/ros2_can/install/keyboard_publisher/lib/python3.8/site-packages:${PYTHONPATH} /usr/bin/python3 setup.py develop --editable --build-directory /home/cadt-02/Documents/can_test_usb/ros2_can/build/keyboard_publisher/build --no-deps install_data
