[15.186s] Invoking command in '/home/cadt-02/Documents/can_test_usb/ros2_can/build/movement': PYTHONPATH=/home/cadt-02/Documents/can_test_usb/ros2_can/build/movement/prefix_override:/home/cadt-02/Documents/can_test_usb/ros2_can/install/movement/lib/python3.8/site-packages:${PYTHONPATH} /usr/bin/python3 setup.py develop --editable --build-directory /home/cadt-02/Documents/can_test_usb/ros2_can/build/movement/build --no-deps install_data
[16.077s] running develop
[16.077s] /home/cadt-02/.local/lib/python3.8/site-packages/setuptools/command/develop.py:42: EasyInstallDeprecationWarning: easy_install command is deprecated.
[16.078s] !!
[16.078s] 
[16.078s]         ********************************************************************************
[16.078s]         Please avoid running ``setup.py`` and ``easy_install``.
[16.078s]         Instead, use pypa/build, pypa/installer or other
[16.078s]         standards-based tools.
[16.078s] 
[16.079s]         See https://github.com/pypa/setuptools/issues/917 for details.
[16.079s]         ********************************************************************************
[16.079s] 
[16.079s] !!
[16.079s]   easy_install.initialize_options(self)
[16.170s] /home/cadt-02/.local/lib/python3.8/site-packages/setuptools/_distutils/cmd.py:66: SetuptoolsDeprecationWarning: setup.py install is deprecated.
[16.171s] !!
[16.171s] 
[16.171s]         ********************************************************************************
[16.171s]         Please avoid running ``setup.py`` directly.
[16.171s]         Instead, use pypa/build, pypa/installer or other
[16.172s]         standards-based tools.
[16.172s] 
[16.172s]         See https://blog.ganssle.io/articles/2021/10/setup-py-deprecated.html for details.
[16.172s]         ********************************************************************************
[16.172s] 
[16.173s] !!
[16.173s]   self.initialize_options()
[16.638s] running egg_info
[16.681s] writing movement.egg-info/PKG-INFO
[16.685s] writing dependency_links to movement.egg-info/dependency_links.txt
[16.685s] writing entry points to movement.egg-info/entry_points.txt
[16.685s] writing requirements to movement.egg-info/requires.txt
[16.690s] writing top-level names to movement.egg-info/top_level.txt
[16.791s] reading manifest file 'movement.egg-info/SOURCES.txt'
[16.793s] writing manifest file 'movement.egg-info/SOURCES.txt'
[17.044s] running build_ext
[17.044s] Creating /home/cadt-02/Documents/can_test_usb/ros2_can/install/movement/lib/python3.8/site-packages/movement.egg-link (link to .)
[17.048s] Installing movement script to /home/cadt-02/Documents/can_test_usb/ros2_can/install/movement/lib/movement
[17.050s] 
[17.051s] Installed /home/cadt-02/Documents/can_test_usb/ros2_can/build/movement
[17.051s] running install_data
[17.051s] copying resource/movement -> /home/cadt-02/Documents/can_test_usb/ros2_can/install/movement/share/ament_index/resource_index/packages
[17.053s] copying package.xml -> /home/cadt-02/Documents/can_test_usb/ros2_can/install/movement/share/movement
[21.256s] Invoked command in '/home/cadt-02/Documents/can_test_usb/ros2_can/build/movement' returned '0': PYTHONPATH=/home/cadt-02/Documents/can_test_usb/ros2_can/build/movement/prefix_override:/home/cadt-02/Documents/can_test_usb/ros2_can/install/movement/lib/python3.8/site-packages:${PYTHONPATH} /usr/bin/python3 setup.py develop --editable --build-directory /home/cadt-02/Documents/can_test_usb/ros2_can/build/movement/build --no-deps install_data
