[13.820s] Invoking command in '/home/cadt-02/Documents/can_test_usb/ros2_can/build/ros_imu': PYTHONPATH=/home/cadt-02/Documents/can_test_usb/ros2_can/build/ros_imu/prefix_override:/home/cadt-02/Documents/can_test_usb/ros2_can/install/ros_imu/lib/python3.8/site-packages:${PYTHONPATH} /usr/bin/python3 setup.py develop --editable --build-directory /home/cadt-02/Documents/can_test_usb/ros2_can/build/ros_imu/build --no-deps install_data
[14.149s] /home/cadt-02/.local/lib/python3.8/site-packages/setuptools/dist.py:476: SetuptoolsDeprecationWarning: Invalid dash-separated options
[14.149s] !!
[14.149s] 
[14.149s]         ********************************************************************************
[14.150s]         Usage of dash-separated 'script-dir' will not be supported in future
[14.150s]         versions. Please use the underscore name 'script_dir' instead.
[14.150s] 
[14.150s]         By 2024-Sep-26, you need to update your project and remove deprecated calls
[14.150s]         or your builds will no longer be supported.
[14.150s] 
[14.150s]         See https://setuptools.pypa.io/en/latest/userguide/declarative_config.html for details.
[14.151s]         ********************************************************************************
[14.151s] 
[14.151s] !!
[14.151s]   opt = self.warn_dash_deprecation(opt, section)
[14.639s] running develop
[14.639s] /home/cadt-02/.local/lib/python3.8/site-packages/setuptools/command/develop.py:42: EasyInstallDeprecationWarning: easy_install command is deprecated.
[14.640s] !!
[14.640s] 
[14.640s]         ********************************************************************************
[14.640s]         Please avoid running ``setup.py`` and ``easy_install``.
[14.640s]         Instead, use pypa/build, pypa/installer or other
[14.640s]         standards-based tools.
[14.640s] 
[14.641s]         See https://github.com/pypa/setuptools/issues/917 for details.
[14.641s]         ********************************************************************************
[14.641s] 
[14.641s] !!
[14.641s]   easy_install.initialize_options(self)
[14.727s] /home/cadt-02/.local/lib/python3.8/site-packages/setuptools/_distutils/cmd.py:66: SetuptoolsDeprecationWarning: setup.py install is deprecated.
[14.727s] !!
[14.727s] 
[14.728s]         ********************************************************************************
[14.728s]         Please avoid running ``setup.py`` directly.
[14.728s]         Instead, use pypa/build, pypa/installer or other
[14.728s]         standards-based tools.
[14.728s] 
[14.728s]         See https://blog.ganssle.io/articles/2021/10/setup-py-deprecated.html for details.
[14.728s]         ********************************************************************************
[14.729s] 
[14.729s] !!
[14.729s]   self.initialize_options()
[15.178s] running egg_info
[15.221s] writing ros_imu.egg-info/PKG-INFO
[15.222s] writing dependency_links to ros_imu.egg-info/dependency_links.txt
[15.222s] writing entry points to ros_imu.egg-info/entry_points.txt
[15.222s] writing requirements to ros_imu.egg-info/requires.txt
[15.223s] writing top-level names to ros_imu.egg-info/top_level.txt
[15.314s] reading manifest file 'ros_imu.egg-info/SOURCES.txt'
[15.315s] writing manifest file 'ros_imu.egg-info/SOURCES.txt'
[15.468s] running build_ext
[15.469s] Creating /home/cadt-02/Documents/can_test_usb/ros2_can/install/ros_imu/lib/python3.8/site-packages/ros-imu.egg-link (link to .)
[15.471s] Installing ros_imu script to /home/cadt-02/Documents/can_test_usb/ros2_can/install/ros_imu/lib/ros_imu
[15.471s] 
[15.472s] Installed /home/cadt-02/Documents/can_test_usb/ros2_can/build/ros_imu
[15.472s] running install_data
[15.472s] copying resource/ros_imu -> /home/cadt-02/Documents/can_test_usb/ros2_can/install/ros_imu/share/ament_index/resource_index/packages
[15.472s] copying package.xml -> /home/cadt-02/Documents/can_test_usb/ros2_can/install/ros_imu/share/ros_imu
[15.591s] Invoked command in '/home/cadt-02/Documents/can_test_usb/ros2_can/build/ros_imu' returned '0': PYTHONPATH=/home/cadt-02/Documents/can_test_usb/ros2_can/build/ros_imu/prefix_override:/home/cadt-02/Documents/can_test_usb/ros2_can/install/ros_imu/lib/python3.8/site-packages:${PYTHONPATH} /usr/bin/python3 setup.py develop --editable --build-directory /home/cadt-02/Documents/can_test_usb/ros2_can/build/ros_imu/build --no-deps install_data
