[12.240s] Invoking command in '/home/cadt-02/Documents/can_test_usb/ros2_can/build/my_robot': PYTHONPATH=/home/cadt-02/Documents/can_test_usb/ros2_can/build/my_robot/prefix_override:/home/cadt-02/Documents/can_test_usb/ros2_can/install/my_robot/lib/python3.8/site-packages:${PYTHONPATH} /usr/bin/python3 setup.py develop --editable --build-directory /home/cadt-02/Documents/can_test_usb/ros2_can/build/my_robot/build --no-deps install_data
[12.598s] /home/cadt-02/.local/lib/python3.8/site-packages/setuptools/dist.py:476: SetuptoolsDeprecationWarning: Invalid dash-separated options
[12.598s] !!
[12.599s] 
[12.599s]         ********************************************************************************
[12.599s]         Usage of dash-separated 'script-dir' will not be supported in future
[12.599s]         versions. Please use the underscore name 'script_dir' instead.
[12.599s] 
[12.599s]         By 2024-Sep-26, you need to update your project and remove deprecated calls
[12.599s]         or your builds will no longer be supported.
[12.600s] 
[12.600s]         See https://setuptools.pypa.io/en/latest/userguide/declarative_config.html for details.
[12.600s]         ********************************************************************************
[12.600s] 
[12.600s] !!
[12.600s]   opt = self.warn_dash_deprecation(opt, section)
[13.103s] running develop
[13.103s] /home/cadt-02/.local/lib/python3.8/site-packages/setuptools/command/develop.py:42: EasyInstallDeprecationWarning: easy_install command is deprecated.
[13.103s] !!
[13.103s] 
[13.104s]         ********************************************************************************
[13.104s]         Please avoid running ``setup.py`` and ``easy_install``.
[13.104s]         Instead, use pypa/build, pypa/installer or other
[13.104s]         standards-based tools.
[13.104s] 
[13.104s]         See https://github.com/pypa/setuptools/issues/917 for details.
[13.104s]         ********************************************************************************
[13.105s] 
[13.105s] !!
[13.105s]   easy_install.initialize_options(self)
[13.196s] /home/cadt-02/.local/lib/python3.8/site-packages/setuptools/_distutils/cmd.py:66: SetuptoolsDeprecationWarning: setup.py install is deprecated.
[13.196s] !!
[13.196s] 
[13.196s]         ********************************************************************************
[13.196s]         Please avoid running ``setup.py`` directly.
[13.196s]         Instead, use pypa/build, pypa/installer or other
[13.197s]         standards-based tools.
[13.197s] 
[13.197s]         See https://blog.ganssle.io/articles/2021/10/setup-py-deprecated.html for details.
[13.197s]         ********************************************************************************
[13.197s] 
[13.197s] !!
[13.197s]   self.initialize_options()
[13.662s] running egg_info
[13.711s] writing my_robot.egg-info/PKG-INFO
[13.711s] writing dependency_links to my_robot.egg-info/dependency_links.txt
[13.711s] writing entry points to my_robot.egg-info/entry_points.txt
[13.718s] writing requirements to my_robot.egg-info/requires.txt
[13.718s] writing top-level names to my_robot.egg-info/top_level.txt
[13.808s] reading manifest file 'my_robot.egg-info/SOURCES.txt'
[13.809s] writing manifest file 'my_robot.egg-info/SOURCES.txt'
[13.972s] running build_ext
[13.972s] Creating /home/cadt-02/Documents/can_test_usb/ros2_can/install/my_robot/lib/python3.8/site-packages/my-robot.egg-link (link to .)
[13.974s] Installing my_robot script to /home/cadt-02/Documents/can_test_usb/ros2_can/install/my_robot/lib/my_robot
[13.976s] 
[13.976s] Installed /home/cadt-02/Documents/can_test_usb/ros2_can/build/my_robot
[13.977s] running install_data
[13.977s] copying resource/my_robot -> /home/cadt-02/Documents/can_test_usb/ros2_can/install/my_robot/share/ament_index/resource_index/packages
[13.979s] copying package.xml -> /home/cadt-02/Documents/can_test_usb/ros2_can/install/my_robot/share/my_robot
[15.969s] Invoked command in '/home/cadt-02/Documents/can_test_usb/ros2_can/build/my_robot' returned '0': PYTHONPATH=/home/cadt-02/Documents/can_test_usb/ros2_can/build/my_robot/prefix_override:/home/cadt-02/Documents/can_test_usb/ros2_can/install/my_robot/lib/python3.8/site-packages:${PYTHONPATH} /usr/bin/python3 setup.py develop --editable --build-directory /home/cadt-02/Documents/can_test_usb/ros2_can/build/my_robot/build --no-deps install_data
