[16.863s] Invoking command in '/home/cadt-02/Documents/can_test_usb/ros2_can/build/keyboard_listener': PYTHONPATH=/home/cadt-02/Documents/can_test_usb/ros2_can/build/keyboard_listener/prefix_override:/home/cadt-02/Documents/can_test_usb/ros2_can/install/keyboard_listener/lib/python3.8/site-packages:${PYTHONPATH} /usr/bin/python3 setup.py develop --editable --build-directory /home/cadt-02/Documents/can_test_usb/ros2_can/build/keyboard_listener/build --no-deps install_data
[17.782s] running develop
[17.783s] /home/cadt-02/.local/lib/python3.8/site-packages/setuptools/command/develop.py:42: EasyInstallDeprecationWarning: easy_install command is deprecated.
[17.783s] !!
[17.783s] 
[17.783s]         ********************************************************************************
[17.783s]         Please avoid running ``setup.py`` and ``easy_install``.
[17.783s]         Instead, use pypa/build, pypa/installer or other
[17.784s]         standards-based tools.
[17.784s] 
[17.784s]         See https://github.com/pypa/setuptools/issues/917 for details.
[17.784s]         ********************************************************************************
[17.784s] 
[17.784s] !!
[17.784s]   easy_install.initialize_options(self)
[17.872s] /home/cadt-02/.local/lib/python3.8/site-packages/setuptools/_distutils/cmd.py:66: SetuptoolsDeprecationWarning: setup.py install is deprecated.
[17.872s] !!
[17.872s] 
[17.872s]         ********************************************************************************
[17.872s]         Please avoid running ``setup.py`` directly.
[17.873s]         Instead, use pypa/build, pypa/installer or other
[17.873s]         standards-based tools.
[17.873s] 
[17.873s]         See https://blog.ganssle.io/articles/2021/10/setup-py-deprecated.html for details.
[17.873s]         ********************************************************************************
[17.873s] 
[17.873s] !!
[17.874s]   self.initialize_options()
[18.431s] running egg_info
[18.477s] writing keyboard_listener.egg-info/PKG-INFO
[18.479s] writing dependency_links to keyboard_listener.egg-info/dependency_links.txt
[18.481s] writing entry points to keyboard_listener.egg-info/entry_points.txt
[18.482s] writing requirements to keyboard_listener.egg-info/requires.txt
[18.483s] writing top-level names to keyboard_listener.egg-info/top_level.txt
[18.582s] reading manifest file 'keyboard_listener.egg-info/SOURCES.txt'
[18.585s] writing manifest file 'keyboard_listener.egg-info/SOURCES.txt'
[18.770s] running build_ext
[18.771s] Creating /home/cadt-02/Documents/can_test_usb/ros2_can/install/keyboard_listener/lib/python3.8/site-packages/keyboard-listener.egg-link (link to .)
[18.773s] Installing keyboard_listener script to /home/cadt-02/Documents/can_test_usb/ros2_can/install/keyboard_listener/lib/keyboard_listener
[18.774s] 
[18.774s] Installed /home/cadt-02/Documents/can_test_usb/ros2_can/build/keyboard_listener
[18.774s] running install_data
[18.775s] copying resource/keyboard_listener -> /home/cadt-02/Documents/can_test_usb/ros2_can/install/keyboard_listener/share/ament_index/resource_index/packages
[18.776s] copying package.xml -> /home/cadt-02/Documents/can_test_usb/ros2_can/install/keyboard_listener/share/keyboard_listener
[25.263s] Invoked command in '/home/cadt-02/Documents/can_test_usb/ros2_can/build/keyboard_listener' returned '0': PYTHONPATH=/home/cadt-02/Documents/can_test_usb/ros2_can/build/keyboard_listener/prefix_override:/home/cadt-02/Documents/can_test_usb/ros2_can/install/keyboard_listener/lib/python3.8/site-packages:${PYTHONPATH} /usr/bin/python3 setup.py develop --editable --build-directory /home/cadt-02/Documents/can_test_usb/ros2_can/build/keyboard_listener/build --no-deps install_data
