[22.876s] Invoking command in '/home/cadt-02/Documents/can_test_usb/ros2_can/build/odometry_cont': PYTHONPATH=/home/cadt-02/Documents/can_test_usb/ros2_can/build/odometry_cont/prefix_override:/home/cadt-02/Documents/can_test_usb/ros2_can/install/odometry_cont/lib/python3.8/site-packages:${PYTHONPATH} /usr/bin/python3 setup.py develop --editable --build-directory /home/cadt-02/Documents/can_test_usb/ros2_can/build/odometry_cont/build --no-deps install_data
[23.442s] /home/cadt-02/.local/lib/python3.8/site-packages/setuptools/dist.py:476: SetuptoolsDeprecationWarning: Invalid dash-separated options
[23.442s] !!
[23.443s] 
[23.443s]         ********************************************************************************
[23.443s]         Usage of dash-separated 'script-dir' will not be supported in future
[23.443s]         versions. Please use the underscore name 'script_dir' instead.
[23.443s] 
[23.443s]         By 2024-Sep-26, you need to update your project and remove deprecated calls
[23.444s]         or your builds will no longer be supported.
[23.444s] 
[23.444s]         See https://setuptools.pypa.io/en/latest/userguide/declarative_config.html for details.
[23.444s]         ********************************************************************************
[23.444s] 
[23.444s] !!
[23.444s]   opt = self.warn_dash_deprecation(opt, section)
[24.266s] running develop
[24.267s] /home/cadt-02/.local/lib/python3.8/site-packages/setuptools/command/develop.py:42: EasyInstallDeprecationWarning: easy_install command is deprecated.
[24.267s] !!
[24.267s] 
[24.267s]         ********************************************************************************
[24.267s]         Please avoid running ``setup.py`` and ``easy_install``.
[24.268s]         Instead, use pypa/build, pypa/installer or other
[24.268s]         standards-based tools.
[24.268s] 
[24.268s]         See https://github.com/pypa/setuptools/issues/917 for details.
[24.268s]         ********************************************************************************
[24.268s] 
[24.268s] !!
[24.269s]   easy_install.initialize_options(self)
[24.370s] /home/cadt-02/.local/lib/python3.8/site-packages/setuptools/_distutils/cmd.py:66: SetuptoolsDeprecationWarning: setup.py install is deprecated.
[24.371s] !!
[24.371s] 
[24.371s]         ********************************************************************************
[24.371s]         Please avoid running ``setup.py`` directly.
[24.371s]         Instead, use pypa/build, pypa/installer or other
[24.371s]         standards-based tools.
[24.372s] 
[24.372s]         See https://blog.ganssle.io/articles/2021/10/setup-py-deprecated.html for details.
[24.372s]         ********************************************************************************
[24.372s] 
[24.372s] !!
[24.372s]   self.initialize_options()
[24.966s] running egg_info
[25.014s] writing odometry_cont.egg-info/PKG-INFO
[25.016s] writing dependency_links to odometry_cont.egg-info/dependency_links.txt
[25.017s] writing entry points to odometry_cont.egg-info/entry_points.txt
[25.018s] writing requirements to odometry_cont.egg-info/requires.txt
[25.018s] writing top-level names to odometry_cont.egg-info/top_level.txt
[25.123s] reading manifest file 'odometry_cont.egg-info/SOURCES.txt'
[25.130s] writing manifest file 'odometry_cont.egg-info/SOURCES.txt'
[25.377s] running build_ext
[25.377s] Creating /home/cadt-02/Documents/can_test_usb/ros2_can/install/odometry_cont/lib/python3.8/site-packages/odometry-cont.egg-link (link to .)
[25.382s] Installing odometry_cont script to /home/cadt-02/Documents/can_test_usb/ros2_can/install/odometry_cont/lib/odometry_cont
[25.383s] 
[25.384s] Installed /home/cadt-02/Documents/can_test_usb/ros2_can/build/odometry_cont
[25.384s] running install_data
[25.385s] copying resource/odometry_cont -> /home/cadt-02/Documents/can_test_usb/ros2_can/install/odometry_cont/share/ament_index/resource_index/packages
[25.386s] copying package.xml -> /home/cadt-02/Documents/can_test_usb/ros2_can/install/odometry_cont/share/odometry_cont
[25.546s] Invoked command in '/home/cadt-02/Documents/can_test_usb/ros2_can/build/odometry_cont' returned '0': PYTHONPATH=/home/cadt-02/Documents/can_test_usb/ros2_can/build/odometry_cont/prefix_override:/home/cadt-02/Documents/can_test_usb/ros2_can/install/odometry_cont/lib/python3.8/site-packages:${PYTHONPATH} /usr/bin/python3 setup.py develop --editable --build-directory /home/cadt-02/Documents/can_test_usb/ros2_can/build/odometry_cont/build --no-deps install_data
