[15.672s] Invoking command in '/home/cadt-02/Documents/can_test_usb/ros2_can/build/odometry_cont': PYTHONPATH=/home/cadt-02/Documents/can_test_usb/ros2_can/build/odometry_cont/prefix_override:/home/cadt-02/Documents/can_test_usb/ros2_can/install/odometry_cont/lib/python3.8/site-packages:${PYTHONPATH} /usr/bin/python3 setup.py develop --editable --build-directory /home/cadt-02/Documents/can_test_usb/ros2_can/build/odometry_cont/build --no-deps install_data
[16.037s] /home/cadt-02/.local/lib/python3.8/site-packages/setuptools/dist.py:476: SetuptoolsDeprecationWarning: Invalid dash-separated options
[16.038s] !!
[16.042s] 
[16.047s]         ********************************************************************************
[16.047s]         Usage of dash-separated 'script-dir' will not be supported in future
[16.047s]         versions. Please use the underscore name 'script_dir' instead.
[16.048s] 
[16.048s]         By 2024-Sep-26, you need to update your project and remove deprecated calls
[16.048s]         or your builds will no longer be supported.
[16.048s] 
[16.049s]         See https://setuptools.pypa.io/en/latest/userguide/declarative_config.html for details.
[16.049s]         ********************************************************************************
[16.049s] 
[16.049s] !!
[16.050s]   opt = self.warn_dash_deprecation(opt, section)
[16.562s] running develop
[16.563s] /home/cadt-02/.local/lib/python3.8/site-packages/setuptools/command/develop.py:42: EasyInstallDeprecationWarning: easy_install command is deprecated.
[16.563s] !!
[16.563s] 
[16.563s]         ********************************************************************************
[16.563s]         Please avoid running ``setup.py`` and ``easy_install``.
[16.564s]         Instead, use pypa/build, pypa/installer or other
[16.564s]         standards-based tools.
[16.564s] 
[16.564s]         See https://github.com/pypa/setuptools/issues/917 for details.
[16.564s]         ********************************************************************************
[16.564s] 
[16.564s] !!
[16.564s]   easy_install.initialize_options(self)
[16.656s] /home/cadt-02/.local/lib/python3.8/site-packages/setuptools/_distutils/cmd.py:66: SetuptoolsDeprecationWarning: setup.py install is deprecated.
[16.657s] !!
[16.657s] 
[16.657s]         ********************************************************************************
[16.657s]         Please avoid running ``setup.py`` directly.
[16.657s]         Instead, use pypa/build, pypa/installer or other
[16.657s]         standards-based tools.
[16.657s] 
[16.658s]         See https://blog.ganssle.io/articles/2021/10/setup-py-deprecated.html for details.
[16.658s]         ********************************************************************************
[16.658s] 
[16.658s] !!
[16.658s]   self.initialize_options()
[17.146s] running egg_info
[17.193s] writing odometry_cont.egg-info/PKG-INFO
[17.195s] writing dependency_links to odometry_cont.egg-info/dependency_links.txt
[17.197s] writing entry points to odometry_cont.egg-info/entry_points.txt
[17.200s] writing requirements to odometry_cont.egg-info/requires.txt
[17.201s] writing top-level names to odometry_cont.egg-info/top_level.txt
[17.299s] reading manifest file 'odometry_cont.egg-info/SOURCES.txt'
[17.302s] writing manifest file 'odometry_cont.egg-info/SOURCES.txt'
[17.468s] running build_ext
[17.470s] Creating /home/cadt-02/Documents/can_test_usb/ros2_can/install/odometry_cont/lib/python3.8/site-packages/odometry-cont.egg-link (link to .)
[17.473s] Installing odometry_cont script to /home/cadt-02/Documents/can_test_usb/ros2_can/install/odometry_cont/lib/odometry_cont
[17.476s] 
[17.476s] Installed /home/cadt-02/Documents/can_test_usb/ros2_can/build/odometry_cont
[17.478s] running install_data
[17.479s] copying resource/odometry_cont -> /home/cadt-02/Documents/can_test_usb/ros2_can/install/odometry_cont/share/ament_index/resource_index/packages
[17.481s] copying package.xml -> /home/cadt-02/Documents/can_test_usb/ros2_can/install/odometry_cont/share/odometry_cont
[17.665s] Invoked command in '/home/cadt-02/Documents/can_test_usb/ros2_can/build/odometry_cont' returned '0': PYTHONPATH=/home/cadt-02/Documents/can_test_usb/ros2_can/build/odometry_cont/prefix_override:/home/cadt-02/Documents/can_test_usb/ros2_can/install/odometry_cont/lib/python3.8/site-packages:${PYTHONPATH} /usr/bin/python3 setup.py develop --editable --build-directory /home/cadt-02/Documents/can_test_usb/ros2_can/build/odometry_cont/build --no-deps install_data
