[15.098s] Invoking command in '/home/cadt-02/Documents/can_test_usb/ros2_can/build/movement': PYTHONPATH=/home/cadt-02/Documents/can_test_usb/ros2_can/build/movement/prefix_override:/home/cadt-02/Documents/can_test_usb/ros2_can/install/movement/lib/python3.8/site-packages:${PYTHONPATH} /usr/bin/python3 setup.py develop --editable --build-directory /home/cadt-02/Documents/can_test_usb/ros2_can/build/movement/build --no-deps install_data
[16.648s] running develop
[16.648s] running egg_info
[16.648s] writing movement.egg-info/PKG-INFO
[16.649s] writing dependency_links to movement.egg-info/dependency_links.txt
[16.649s] writing entry points to movement.egg-info/entry_points.txt
[16.649s] writing requirements to movement.egg-info/requires.txt
[16.649s] writing top-level names to movement.egg-info/top_level.txt
[16.651s] /home/cadt-02/.local/lib/python3.8/site-packages/setuptools/command/develop.py:42: EasyInstallDeprecationWarning: easy_install command is deprecated.
[16.651s] !!
[16.652s] 
[16.652s]         ********************************************************************************
[16.652s]         Please avoid running ``setup.py`` and ``easy_install``.
[16.652s]         Instead, use pypa/build, pypa/installer or other
[16.652s]         standards-based tools.
[16.652s] 
[16.652s]         See https://github.com/pypa/setuptools/issues/917 for details.
[16.652s]         ********************************************************************************
[16.652s] 
[16.653s] !!
[16.653s]   easy_install.initialize_options(self)
[16.653s] /home/cadt-02/.local/lib/python3.8/site-packages/setuptools/_distutils/cmd.py:66: SetuptoolsDeprecationWarning: setup.py install is deprecated.
[16.653s] !!
[16.653s] 
[16.653s]         ********************************************************************************
[16.653s]         Please avoid running ``setup.py`` directly.
[16.653s]         Instead, use pypa/build, pypa/installer or other
[16.653s]         standards-based tools.
[16.654s] 
[16.654s]         See https://blog.ganssle.io/articles/2021/10/setup-py-deprecated.html for details.
[16.654s]         ********************************************************************************
[16.654s] 
[16.654s] !!
[16.654s]   self.initialize_options()
[16.654s] reading manifest file 'movement.egg-info/SOURCES.txt'
[16.654s] writing manifest file 'movement.egg-info/SOURCES.txt'
[16.810s] running build_ext
[16.810s] Creating /home/cadt-02/Documents/can_test_usb/ros2_can/install/movement/lib/python3.8/site-packages/movement.egg-link (link to .)
[16.812s] Installing movement script to /home/cadt-02/Documents/can_test_usb/ros2_can/install/movement/lib/movement
[16.813s] 
[16.814s] Installed /home/cadt-02/Documents/can_test_usb/ros2_can/build/movement
[16.814s] running install_data
[16.815s] copying resource/movement -> /home/cadt-02/Documents/can_test_usb/ros2_can/install/movement/share/ament_index/resource_index/packages
[16.816s] copying package.xml -> /home/cadt-02/Documents/can_test_usb/ros2_can/install/movement/share/movement
[25.127s] Invoked command in '/home/cadt-02/Documents/can_test_usb/ros2_can/build/movement' returned '0': PYTHONPATH=/home/cadt-02/Documents/can_test_usb/ros2_can/build/movement/prefix_override:/home/cadt-02/Documents/can_test_usb/ros2_can/install/movement/lib/python3.8/site-packages:${PYTHONPATH} /usr/bin/python3 setup.py develop --editable --build-directory /home/cadt-02/Documents/can_test_usb/ros2_can/build/movement/build --no-deps install_data
