[12.598s] Invoking command in '/home/cadt-02/Documents/can_test_usb/ros2_can/build/my_robot': PYTHONPATH=/home/cadt-02/Documents/can_test_usb/ros2_can/build/my_robot/prefix_override:/home/cadt-02/Documents/can_test_usb/ros2_can/install/my_robot/lib/python3.8/site-packages:${PYTHONPATH} /usr/bin/python3 setup.py develop --editable --build-directory /home/cadt-02/Documents/can_test_usb/ros2_can/build/my_robot/build --no-deps install_data
[13.079s] /home/cadt-02/.local/lib/python3.8/site-packages/setuptools/dist.py:476: SetuptoolsDeprecationWarning: Invalid dash-separated options
[13.080s] !!
[13.080s] 
[13.080s]         ********************************************************************************
[13.080s]         Usage of dash-separated 'script-dir' will not be supported in future
[13.080s]         versions. Please use the underscore name 'script_dir' instead.
[13.080s] 
[13.081s]         By 2024-Sep-26, you need to update your project and remove deprecated calls
[13.081s]         or your builds will no longer be supported.
[13.081s] 
[13.081s]         See https://setuptools.pypa.io/en/latest/userguide/declarative_config.html for details.
[13.081s]         ********************************************************************************
[13.081s] 
[13.082s] !!
[13.082s]   opt = self.warn_dash_deprecation(opt, section)
[13.768s] running develop
[13.769s] /home/cadt-02/.local/lib/python3.8/site-packages/setuptools/command/develop.py:42: EasyInstallDeprecationWarning: easy_install command is deprecated.
[13.769s] !!
[13.769s] 
[13.769s]         ********************************************************************************
[13.770s]         Please avoid running ``setup.py`` and ``easy_install``.
[13.770s]         Instead, use pypa/build, pypa/installer or other
[13.770s]         standards-based tools.
[13.770s] 
[13.770s]         See https://github.com/pypa/setuptools/issues/917 for details.
[13.770s]         ********************************************************************************
[13.771s] 
[13.771s] !!
[13.771s]   easy_install.initialize_options(self)
[13.878s] /home/cadt-02/.local/lib/python3.8/site-packages/setuptools/_distutils/cmd.py:66: SetuptoolsDeprecationWarning: setup.py install is deprecated.
[13.879s] !!
[13.879s] 
[13.879s]         ********************************************************************************
[13.879s]         Please avoid running ``setup.py`` directly.
[13.879s]         Instead, use pypa/build, pypa/installer or other
[13.879s]         standards-based tools.
[13.880s] 
[13.880s]         See https://blog.ganssle.io/articles/2021/10/setup-py-deprecated.html for details.
[13.880s]         ********************************************************************************
[13.880s] 
[13.880s] !!
[13.880s]   self.initialize_options()
[14.373s] running egg_info
[14.418s] writing my_robot.egg-info/PKG-INFO
[14.421s] writing dependency_links to my_robot.egg-info/dependency_links.txt
[14.422s] writing entry points to my_robot.egg-info/entry_points.txt
[14.424s] writing requirements to my_robot.egg-info/requires.txt
[14.424s] writing top-level names to my_robot.egg-info/top_level.txt
[14.526s] reading manifest file 'my_robot.egg-info/SOURCES.txt'
[14.527s] writing manifest file 'my_robot.egg-info/SOURCES.txt'
[14.708s] running build_ext
[14.708s] Creating /home/cadt-02/Documents/can_test_usb/ros2_can/install/my_robot/lib/python3.8/site-packages/my-robot.egg-link (link to .)
[14.717s] Installing arduino_feedback script to /home/cadt-02/Documents/can_test_usb/ros2_can/install/my_robot/lib/my_robot
[14.717s] Installing my_robot script to /home/cadt-02/Documents/can_test_usb/ros2_can/install/my_robot/lib/my_robot
[14.717s] 
[14.717s] Installed /home/cadt-02/Documents/can_test_usb/ros2_can/build/my_robot
[14.718s] running install_data
[14.718s] copying resource/my_robot -> /home/cadt-02/Documents/can_test_usb/ros2_can/install/my_robot/share/ament_index/resource_index/packages
[14.725s] copying package.xml -> /home/cadt-02/Documents/can_test_usb/ros2_can/install/my_robot/share/my_robot
[20.312s] Invoked command in '/home/cadt-02/Documents/can_test_usb/ros2_can/build/my_robot' returned '0': PYTHONPATH=/home/cadt-02/Documents/can_test_usb/ros2_can/build/my_robot/prefix_override:/home/cadt-02/Documents/can_test_usb/ros2_can/install/my_robot/lib/python3.8/site-packages:${PYTHONPATH} /usr/bin/python3 setup.py develop --editable --build-directory /home/cadt-02/Documents/can_test_usb/ros2_can/build/my_robot/build --no-deps install_data
