[11.927s] Invoking command in '/home/cadt-02/Documents/can_test_usb/ros2_can/build/my_robot': NX_CONNECTION=172.23.33.111 57595 172.23.34.34 4000 PYTHONPATH=/home/cadt-02/Documents/can_test_usb/ros2_can/build/my_robot/prefix_override:/home/cadt-02/Documents/can_test_usb/ros2_can/install/my_robot/lib/python3.8/site-packages:${PYTHONPATH} /usr/bin/python3 setup.py develop --uninstall --editable --build-directory /home/cadt-02/Documents/can_test_usb/ros2_can/build/my_robot/build
[12.347s] /home/cadt-02/.local/lib/python3.8/site-packages/setuptools/dist.py:476: SetuptoolsDeprecationWarning: Invalid dash-separated options
[12.347s] !!
[12.347s] 
[12.347s]         ********************************************************************************
[12.348s]         Usage of dash-separated 'script-dir' will not be supported in future
[12.348s]         versions. Please use the underscore name 'script_dir' instead.
[12.348s] 
[12.348s]         By 2024-Sep-26, you need to update your project and remove deprecated calls
[12.348s]         or your builds will no longer be supported.
[12.352s] 
[12.352s]         See https://setuptools.pypa.io/en/latest/userguide/declarative_config.html for details.
[12.353s]         ********************************************************************************
[12.353s] 
[12.353s] !!
[12.353s]   opt = self.warn_dash_deprecation(opt, section)
[12.847s] running develop
[12.848s] /home/cadt-02/.local/lib/python3.8/site-packages/setuptools/command/develop.py:42: EasyInstallDeprecationWarning: easy_install command is deprecated.
[12.848s] !!
[12.848s] 
[12.848s]         ********************************************************************************
[12.849s]         Please avoid running ``setup.py`` and ``easy_install``.
[12.849s]         Instead, use pypa/build, pypa/installer or other
[12.849s]         standards-based tools.
[12.849s] 
[12.849s]         See https://github.com/pypa/setuptools/issues/917 for details.
[12.849s]         ********************************************************************************
[12.849s] 
[12.850s] !!
[12.850s]   easy_install.initialize_options(self)
[12.946s] /home/cadt-02/.local/lib/python3.8/site-packages/setuptools/_distutils/cmd.py:66: SetuptoolsDeprecationWarning: setup.py install is deprecated.
[12.947s] !!
[12.947s] 
[12.947s]         ********************************************************************************
[12.947s]         Please avoid running ``setup.py`` directly.
[12.947s]         Instead, use pypa/build, pypa/installer or other
[12.948s]         standards-based tools.
[12.948s] 
[12.948s]         See https://blog.ganssle.io/articles/2021/10/setup-py-deprecated.html for details.
[12.948s]         ********************************************************************************
[12.948s] 
[12.948s] !!
[12.948s]   self.initialize_options()
[13.459s] Removing /home/cadt-02/Documents/can_test_usb/ros2_can/install/my_robot/lib/python3.8/site-packages/my-robot.egg-link (link to .)
[16.610s] Invoked command in '/home/cadt-02/Documents/can_test_usb/ros2_can/build/my_robot' returned '0': NX_CONNECTION=172.23.33.111 57595 172.23.34.34 4000 PYTHONPATH=/home/cadt-02/Documents/can_test_usb/ros2_can/build/my_robot/prefix_override:/home/cadt-02/Documents/can_test_usb/ros2_can/install/my_robot/lib/python3.8/site-packages:${PYTHONPATH} /usr/bin/python3 setup.py develop --uninstall --editable --build-directory /home/cadt-02/Documents/can_test_usb/ros2_can/build/my_robot/build
[16.620s] Invoking command in '/home/cadt-02/Documents/can_test_usb/ros2_can/src/my_robot': NX_CONNECTION=172.23.33.111 57595 172.23.34.34 4000 PYTHONPATH=/home/cadt-02/Documents/can_test_usb/ros2_can/build/my_robot/prefix_override:/home/cadt-02/Documents/can_test_usb/ros2_can/install/my_robot/lib/python3.8/site-packages:${PYTHONPATH} /usr/bin/python3 setup.py egg_info --egg-base ../../build/my_robot build --build-base /home/cadt-02/Documents/can_test_usb/ros2_can/build/my_robot/build install --record /home/cadt-02/Documents/can_test_usb/ros2_can/build/my_robot/install.log --install-scripts $base/lib/my_robot --single-version-externally-managed
[19.192s] /home/cadt-02/.local/lib/python3.8/site-packages/setuptools/dist.py:476: SetuptoolsDeprecationWarning: Invalid dash-separated options
[19.192s] !!
[19.192s] 
[19.193s]         ********************************************************************************
[19.193s]         Usage of dash-separated 'script-dir' will not be supported in future
[19.193s]         versions. Please use the underscore name 'script_dir' instead.
[19.193s] 
[19.193s]         By 2024-Sep-26, you need to update your project and remove deprecated calls
[19.193s]         or your builds will no longer be supported.
[19.193s] 
[19.194s]         See https://setuptools.pypa.io/en/latest/userguide/declarative_config.html for details.
[19.194s]         ********************************************************************************
[19.194s] 
[19.194s] !!
[19.194s]   opt = self.warn_dash_deprecation(opt, section)
[19.194s] /home/cadt-02/.local/lib/python3.8/site-packages/setuptools/_distutils/cmd.py:66: SetuptoolsDeprecationWarning: setup.py install is deprecated.
[19.194s] !!
[19.194s] 
[19.195s]         ********************************************************************************
[19.195s]         Please avoid running ``setup.py`` directly.
[19.195s]         Instead, use pypa/build, pypa/installer or other
[19.195s]         standards-based tools.
[19.195s] 
[19.195s]         See https://blog.ganssle.io/articles/2021/10/setup-py-deprecated.html for details.
[19.195s]         ********************************************************************************
[19.195s] 
[19.196s] !!
[19.196s]   self.initialize_options()
[19.245s] running egg_info
[19.245s] writing ../../build/my_robot/my_robot.egg-info/PKG-INFO
[19.245s] writing dependency_links to ../../build/my_robot/my_robot.egg-info/dependency_links.txt
[19.245s] writing entry points to ../../build/my_robot/my_robot.egg-info/entry_points.txt
[19.245s] writing requirements to ../../build/my_robot/my_robot.egg-info/requires.txt
[19.246s] writing top-level names to ../../build/my_robot/my_robot.egg-info/top_level.txt
[19.246s] reading manifest file '../../build/my_robot/my_robot.egg-info/SOURCES.txt'
[19.246s] writing manifest file '../../build/my_robot/my_robot.egg-info/SOURCES.txt'
[19.246s] running build
[19.246s] running build_py
[19.247s] copying my_robot/__init__.py -> /home/cadt-02/Documents/can_test_usb/ros2_can/build/my_robot/build/lib/my_robot
[19.247s] copying my_robot/my_robot.py -> /home/cadt-02/Documents/can_test_usb/ros2_can/build/my_robot/build/lib/my_robot
[19.247s] running install
[19.247s] running install_lib
[19.247s] creating /home/cadt-02/Documents/can_test_usb/ros2_can/install/my_robot/lib/python3.8/site-packages/my_robot
[19.247s] copying /home/cadt-02/Documents/can_test_usb/ros2_can/build/my_robot/build/lib/my_robot/__init__.py -> /home/cadt-02/Documents/can_test_usb/ros2_can/install/my_robot/lib/python3.8/site-packages/my_robot
[19.248s] copying /home/cadt-02/Documents/can_test_usb/ros2_can/build/my_robot/build/lib/my_robot/my_robot.py -> /home/cadt-02/Documents/can_test_usb/ros2_can/install/my_robot/lib/python3.8/site-packages/my_robot
[19.248s] byte-compiling /home/cadt-02/Documents/can_test_usb/ros2_can/install/my_robot/lib/python3.8/site-packages/my_robot/__init__.py to __init__.cpython-38.pyc
[19.248s] byte-compiling /home/cadt-02/Documents/can_test_usb/ros2_can/install/my_robot/lib/python3.8/site-packages/my_robot/my_robot.py to my_robot.cpython-38.pyc
[19.248s] running install_data
[19.248s] copying resource/my_robot -> /home/cadt-02/Documents/can_test_usb/ros2_can/install/my_robot/share/ament_index/resource_index/packages
[19.248s] copying package.xml -> /home/cadt-02/Documents/can_test_usb/ros2_can/install/my_robot/share/my_robot
[19.248s] running install_egg_info
[19.249s] Copying ../../build/my_robot/my_robot.egg-info to /home/cadt-02/Documents/can_test_usb/ros2_can/install/my_robot/lib/python3.8/site-packages/my_robot-0.0.0-py3.8.egg-info
[19.249s] running install_scripts
[19.250s] Installing my_robot script to /home/cadt-02/Documents/can_test_usb/ros2_can/install/my_robot/lib/my_robot
[19.250s] writing list of installed files to '/home/cadt-02/Documents/can_test_usb/ros2_can/build/my_robot/install.log'
[19.789s] Invoked command in '/home/cadt-02/Documents/can_test_usb/ros2_can/src/my_robot' returned '0': NX_CONNECTION=172.23.33.111 57595 172.23.34.34 4000 PYTHONPATH=/home/cadt-02/Documents/can_test_usb/ros2_can/build/my_robot/prefix_override:/home/cadt-02/Documents/can_test_usb/ros2_can/install/my_robot/lib/python3.8/site-packages:${PYTHONPATH} /usr/bin/python3 setup.py egg_info --egg-base ../../build/my_robot build --build-base /home/cadt-02/Documents/can_test_usb/ros2_can/build/my_robot/build install --record /home/cadt-02/Documents/can_test_usb/ros2_can/build/my_robot/install.log --install-scripts $base/lib/my_robot --single-version-externally-managed
