[17.935s] Invoking command in '/home/cadt-02/Documents/can_test_usb/ros2_can/build/my_package': NX_CONNECTION=172.23.33.204 59150 172.23.34.34 4000 PYTHONPATH=/home/cadt-02/Documents/can_test_usb/ros2_can/build/my_package/prefix_override:/home/cadt-02/Documents/can_test_usb/ros2_can/install/my_package/lib/python3.8/site-packages:${PYTHONPATH} /usr/bin/python3 setup.py develop --editable --build-directory /home/cadt-02/Documents/can_test_usb/ros2_can/build/my_package/build --no-deps install_data
[19.020s] /home/cadt-02/.local/lib/python3.8/site-packages/setuptools/dist.py:476: SetuptoolsDeprecationWarning: Invalid dash-separated options
[19.021s] !!
[19.022s] 
[19.023s]         ********************************************************************************
[19.024s]         Usage of dash-separated 'build-base' will not be supported in future
[19.024s]         versions. Please use the underscore name 'build_base' instead.
[19.025s] 
[19.026s]         By 2024-Sep-26, you need to update your project and remove deprecated calls
[19.027s]         or your builds will no longer be supported.
[19.027s] 
[19.028s]         See https://setuptools.pypa.io/en/latest/userguide/declarative_config.html for details.
[19.029s]         ********************************************************************************
[19.030s] 
[19.030s] !!
[19.031s]   opt = self.warn_dash_deprecation(opt, section)
[19.699s] running develop
[19.700s] /home/cadt-02/.local/lib/python3.8/site-packages/setuptools/command/develop.py:42: EasyInstallDeprecationWarning: easy_install command is deprecated.
[19.700s] !!
[19.700s] 
[19.700s]         ********************************************************************************
[19.700s]         Please avoid running ``setup.py`` and ``easy_install``.
[19.701s]         Instead, use pypa/build, pypa/installer or other
[19.701s]         standards-based tools.
[19.701s] 
[19.701s]         See https://github.com/pypa/setuptools/issues/917 for details.
[19.701s]         ********************************************************************************
[19.707s] 
[19.707s] !!
[19.707s]   easy_install.initialize_options(self)
[19.837s] /home/cadt-02/.local/lib/python3.8/site-packages/setuptools/_distutils/cmd.py:66: SetuptoolsDeprecationWarning: setup.py install is deprecated.
[19.838s] !!
[19.838s] 
[19.838s]         ********************************************************************************
[19.838s]         Please avoid running ``setup.py`` directly.
[19.838s]         Instead, use pypa/build, pypa/installer or other
[19.838s]         standards-based tools.
[19.839s] 
[19.839s]         See https://blog.ganssle.io/articles/2021/10/setup-py-deprecated.html for details.
[19.839s]         ********************************************************************************
[19.839s] 
[19.839s] !!
[19.839s]   self.initialize_options()
[20.712s] running egg_info
[20.712s] creating my_package.egg-info
[20.749s] writing my_package.egg-info/PKG-INFO
[20.752s] writing dependency_links to my_package.egg-info/dependency_links.txt
[20.753s] writing entry points to my_package.egg-info/entry_points.txt
[20.753s] writing requirements to my_package.egg-info/requires.txt
[20.753s] writing top-level names to my_package.egg-info/top_level.txt
[20.755s] writing manifest file 'my_package.egg-info/SOURCES.txt'
[20.853s] reading manifest file 'my_package.egg-info/SOURCES.txt'
[20.854s] writing manifest file 'my_package.egg-info/SOURCES.txt'
[21.037s] running build_ext
[21.038s] Creating /home/cadt-02/Documents/can_test_usb/ros2_can/install/my_package/lib/python3.8/site-packages/my-package.egg-link (link to .)
[21.044s] Installing live_detection_node script to /home/cadt-02/Documents/can_test_usb/ros2_can/install/my_package/lib/my_package
[21.044s] Installing main script to /home/cadt-02/Documents/can_test_usb/ros2_can/install/my_package/lib/my_package
[21.047s] Installing my_node script to /home/cadt-02/Documents/can_test_usb/ros2_can/install/my_package/lib/my_package
[21.047s] Installing reinforcement_r2 script to /home/cadt-02/Documents/can_test_usb/ros2_can/install/my_package/lib/my_package
[21.051s] 
[21.051s] Installed /home/cadt-02/Documents/can_test_usb/ros2_can/build/my_package
[21.052s] running install_data
[21.052s] creating /home/cadt-02/Documents/can_test_usb/ros2_can/install/my_package/share/ament_index
[21.052s] creating /home/cadt-02/Documents/can_test_usb/ros2_can/install/my_package/share/ament_index/resource_index
[21.054s] creating /home/cadt-02/Documents/can_test_usb/ros2_can/install/my_package/share/ament_index/resource_index/packages
[21.056s] copying resource/my_package -> /home/cadt-02/Documents/can_test_usb/ros2_can/install/my_package/share/ament_index/resource_index/packages
[21.088s] copying package.xml -> /home/cadt-02/Documents/can_test_usb/ros2_can/install/my_package/share/my_package
[26.199s] Invoked command in '/home/cadt-02/Documents/can_test_usb/ros2_can/build/my_package' returned '0': NX_CONNECTION=172.23.33.204 59150 172.23.34.34 4000 PYTHONPATH=/home/cadt-02/Documents/can_test_usb/ros2_can/build/my_package/prefix_override:/home/cadt-02/Documents/can_test_usb/ros2_can/install/my_package/lib/python3.8/site-packages:${PYTHONPATH} /usr/bin/python3 setup.py develop --editable --build-directory /home/cadt-02/Documents/can_test_usb/ros2_can/build/my_package/build --no-deps install_data
