[16.612s] Invoking command in '/home/cadt-02/Documents/can_test_usb/ros2_can/build/odometry_cont': NX_CONNECTION=172.23.34.154 56590 172.23.34.34 4000 PYTHONPATH=/home/cadt-02/Documents/can_test_usb/ros2_can/build/odometry_cont/prefix_override:/home/cadt-02/Documents/can_test_usb/ros2_can/install/odometry_cont/lib/python3.8/site-packages:${PYTHONPATH} /usr/bin/python3 setup.py develop --editable --build-directory /home/cadt-02/Documents/can_test_usb/ros2_can/build/odometry_cont/build --no-deps install_data
[16.955s] /home/cadt-02/.local/lib/python3.8/site-packages/setuptools/dist.py:476: SetuptoolsDeprecationWarning: Invalid dash-separated options
[16.956s] !!
[16.956s] 
[16.956s]         ********************************************************************************
[16.956s]         Usage of dash-separated 'script-dir' will not be supported in future
[16.956s]         versions. Please use the underscore name 'script_dir' instead.
[16.956s] 
[16.957s]         By 2024-Sep-26, you need to update your project and remove deprecated calls
[16.957s]         or your builds will no longer be supported.
[16.957s] 
[16.957s]         See https://setuptools.pypa.io/en/latest/userguide/declarative_config.html for details.
[16.957s]         ********************************************************************************
[16.957s] 
[16.957s] !!
[16.958s]   opt = self.warn_dash_deprecation(opt, section)
[17.452s] running develop
[17.452s] /home/cadt-02/.local/lib/python3.8/site-packages/setuptools/command/develop.py:42: EasyInstallDeprecationWarning: easy_install command is deprecated.
[17.452s] !!
[17.453s] 
[17.453s]         ********************************************************************************
[17.453s]         Please avoid running ``setup.py`` and ``easy_install``.
[17.453s]         Instead, use pypa/build, pypa/installer or other
[17.453s]         standards-based tools.
[17.453s] 
[17.453s]         See https://github.com/pypa/setuptools/issues/917 for details.
[17.453s]         ********************************************************************************
[17.454s] 
[17.454s] !!
[17.454s]   easy_install.initialize_options(self)
[17.543s] /home/cadt-02/.local/lib/python3.8/site-packages/setuptools/_distutils/cmd.py:66: SetuptoolsDeprecationWarning: setup.py install is deprecated.
[17.543s] !!
[17.543s] 
[17.543s]         ********************************************************************************
[17.543s]         Please avoid running ``setup.py`` directly.
[17.543s]         Instead, use pypa/build, pypa/installer or other
[17.544s]         standards-based tools.
[17.544s] 
[17.544s]         See https://blog.ganssle.io/articles/2021/10/setup-py-deprecated.html for details.
[17.544s]         ********************************************************************************
[17.544s] 
[17.544s] !!
[17.544s]   self.initialize_options()
[18.009s] running egg_info
[18.052s] writing odometry_cont.egg-info/PKG-INFO
[18.053s] writing dependency_links to odometry_cont.egg-info/dependency_links.txt
[18.053s] writing entry points to odometry_cont.egg-info/entry_points.txt
[18.054s] writing requirements to odometry_cont.egg-info/requires.txt
[18.054s] writing top-level names to odometry_cont.egg-info/top_level.txt
[18.149s] reading manifest file 'odometry_cont.egg-info/SOURCES.txt'
[18.151s] writing manifest file 'odometry_cont.egg-info/SOURCES.txt'
[18.316s] running build_ext
[18.316s] Creating /home/cadt-02/Documents/can_test_usb/ros2_can/install/odometry_cont/lib/python3.8/site-packages/odometry-cont.egg-link (link to .)
[18.318s] Installing odometry_cont script to /home/cadt-02/Documents/can_test_usb/ros2_can/install/odometry_cont/lib/odometry_cont
[18.319s] 
[18.319s] Installed /home/cadt-02/Documents/can_test_usb/ros2_can/build/odometry_cont
[18.319s] running install_data
[18.319s] copying resource/odometry_cont -> /home/cadt-02/Documents/can_test_usb/ros2_can/install/odometry_cont/share/ament_index/resource_index/packages
[18.320s] copying package.xml -> /home/cadt-02/Documents/can_test_usb/ros2_can/install/odometry_cont/share/odometry_cont
[18.444s] Invoked command in '/home/cadt-02/Documents/can_test_usb/ros2_can/build/odometry_cont' returned '0': NX_CONNECTION=172.23.34.154 56590 172.23.34.34 4000 PYTHONPATH=/home/cadt-02/Documents/can_test_usb/ros2_can/build/odometry_cont/prefix_override:/home/cadt-02/Documents/can_test_usb/ros2_can/install/odometry_cont/lib/python3.8/site-packages:${PYTHONPATH} /usr/bin/python3 setup.py develop --editable --build-directory /home/cadt-02/Documents/can_test_usb/ros2_can/build/odometry_cont/build --no-deps install_data
