[18.127s] Invoking command in '/home/cadt-02/Documents/can_test_usb/ros2_can/build/keyboard_listener': PYTHONPATH=/home/cadt-02/Documents/can_test_usb/ros2_can/build/keyboard_listener/prefix_override:/home/cadt-02/Documents/can_test_usb/ros2_can/install/keyboard_listener/lib/python3.8/site-packages:${PYTHONPATH} /usr/bin/python3 setup.py develop --editable --build-directory /home/cadt-02/Documents/can_test_usb/ros2_can/build/keyboard_listener/build --no-deps install_data
[19.341s] running develop
[19.342s] /home/cadt-02/.local/lib/python3.8/site-packages/setuptools/command/develop.py:42: EasyInstallDeprecationWarning: easy_install command is deprecated.
[19.342s] !!
[19.342s] 
[19.342s]         ********************************************************************************
[19.342s]         Please avoid running ``setup.py`` and ``easy_install``.
[19.342s]         Instead, use pypa/build, pypa/installer or other
[19.342s]         standards-based tools.
[19.343s] 
[19.343s]         See https://github.com/pypa/setuptools/issues/917 for details.
[19.343s]         ********************************************************************************
[19.343s] 
[19.343s] !!
[19.343s]   easy_install.initialize_options(self)
[19.459s] /home/cadt-02/.local/lib/python3.8/site-packages/setuptools/_distutils/cmd.py:66: SetuptoolsDeprecationWarning: setup.py install is deprecated.
[19.459s] !!
[19.460s] 
[19.460s]         ********************************************************************************
[19.460s]         Please avoid running ``setup.py`` directly.
[19.460s]         Instead, use pypa/build, pypa/installer or other
[19.460s]         standards-based tools.
[19.460s] 
[19.460s]         See https://blog.ganssle.io/articles/2021/10/setup-py-deprecated.html for details.
[19.461s]         ********************************************************************************
[19.461s] 
[19.461s] !!
[19.461s]   self.initialize_options()
[20.039s] running egg_info
[20.089s] writing keyboard_listener.egg-info/PKG-INFO
[20.089s] writing dependency_links to keyboard_listener.egg-info/dependency_links.txt
[20.089s] writing entry points to keyboard_listener.egg-info/entry_points.txt
[20.090s] writing requirements to keyboard_listener.egg-info/requires.txt
[20.090s] writing top-level names to keyboard_listener.egg-info/top_level.txt
[20.303s] reading manifest file 'keyboard_listener.egg-info/SOURCES.txt'
[20.304s] writing manifest file 'keyboard_listener.egg-info/SOURCES.txt'
[20.531s] running build_ext
[20.531s] Creating /home/cadt-02/Documents/can_test_usb/ros2_can/install/keyboard_listener/lib/python3.8/site-packages/keyboard-listener.egg-link (link to .)
[20.533s] Installing keyboard_listener script to /home/cadt-02/Documents/can_test_usb/ros2_can/install/keyboard_listener/lib/keyboard_listener
[20.542s] 
[20.542s] Installed /home/cadt-02/Documents/can_test_usb/ros2_can/build/keyboard_listener
[20.542s] running install_data
[20.543s] copying resource/keyboard_listener -> /home/cadt-02/Documents/can_test_usb/ros2_can/install/keyboard_listener/share/ament_index/resource_index/packages
[20.543s] copying package.xml -> /home/cadt-02/Documents/can_test_usb/ros2_can/install/keyboard_listener/share/keyboard_listener
[28.234s] Invoked command in '/home/cadt-02/Documents/can_test_usb/ros2_can/build/keyboard_listener' returned '0': PYTHONPATH=/home/cadt-02/Documents/can_test_usb/ros2_can/build/keyboard_listener/prefix_override:/home/cadt-02/Documents/can_test_usb/ros2_can/install/keyboard_listener/lib/python3.8/site-packages:${PYTHONPATH} /usr/bin/python3 setup.py develop --editable --build-directory /home/cadt-02/Documents/can_test_usb/ros2_can/build/keyboard_listener/build --no-deps install_data
