[18.254s] Invoking command in '/home/cadt-02/Documents/can_test_usb/ros2_can/build/odometry_cont': NX_CONNECTION=172.23.32.175 45142 172.23.34.34 4000 PYTHONPATH=/home/cadt-02/Documents/can_test_usb/ros2_can/build/odometry_cont/prefix_override:/home/cadt-02/Documents/can_test_usb/ros2_can/install/odometry_cont/lib/python3.8/site-packages:${PYTHONPATH} /usr/bin/python3 setup.py develop --editable --build-directory /home/cadt-02/Documents/can_test_usb/ros2_can/build/odometry_cont/build --no-deps install_data
[18.609s] /home/cadt-02/.local/lib/python3.8/site-packages/setuptools/dist.py:476: SetuptoolsDeprecationWarning: Invalid dash-separated options
[18.610s] !!
[18.610s] 
[18.610s]         ********************************************************************************
[18.610s]         Usage of dash-separated 'script-dir' will not be supported in future
[18.610s]         versions. Please use the underscore name 'script_dir' instead.
[18.610s] 
[18.610s]         By 2024-Sep-26, you need to update your project and remove deprecated calls
[18.610s]         or your builds will no longer be supported.
[18.611s] 
[18.611s]         See https://setuptools.pypa.io/en/latest/userguide/declarative_config.html for details.
[18.611s]         ********************************************************************************
[18.611s] 
[18.611s] !!
[18.611s]   opt = self.warn_dash_deprecation(opt, section)
[19.138s] running develop
[19.139s] /home/cadt-02/.local/lib/python3.8/site-packages/setuptools/command/develop.py:42: EasyInstallDeprecationWarning: easy_install command is deprecated.
[19.139s] !!
[19.139s] 
[19.139s]         ********************************************************************************
[19.139s]         Please avoid running ``setup.py`` and ``easy_install``.
[19.139s]         Instead, use pypa/build, pypa/installer or other
[19.139s]         standards-based tools.
[19.140s] 
[19.140s]         See https://github.com/pypa/setuptools/issues/917 for details.
[19.140s]         ********************************************************************************
[19.140s] 
[19.140s] !!
[19.140s]   easy_install.initialize_options(self)
[19.230s] /home/cadt-02/.local/lib/python3.8/site-packages/setuptools/_distutils/cmd.py:66: SetuptoolsDeprecationWarning: setup.py install is deprecated.
[19.231s] !!
[19.231s] 
[19.231s]         ********************************************************************************
[19.231s]         Please avoid running ``setup.py`` directly.
[19.231s]         Instead, use pypa/build, pypa/installer or other
[19.231s]         standards-based tools.
[19.231s] 
[19.232s]         See https://blog.ganssle.io/articles/2021/10/setup-py-deprecated.html for details.
[19.232s]         ********************************************************************************
[19.232s] 
[19.232s] !!
[19.232s]   self.initialize_options()
[19.733s] running egg_info
[19.778s] writing odometry_cont.egg-info/PKG-INFO
[19.781s] writing dependency_links to odometry_cont.egg-info/dependency_links.txt
[19.782s] writing entry points to odometry_cont.egg-info/entry_points.txt
[19.782s] writing requirements to odometry_cont.egg-info/requires.txt
[19.783s] writing top-level names to odometry_cont.egg-info/top_level.txt
[19.880s] reading manifest file 'odometry_cont.egg-info/SOURCES.txt'
[19.882s] writing manifest file 'odometry_cont.egg-info/SOURCES.txt'
[20.049s] running build_ext
[20.049s] Creating /home/cadt-02/Documents/can_test_usb/ros2_can/install/odometry_cont/lib/python3.8/site-packages/odometry-cont.egg-link (link to .)
[20.052s] Installing localization script to /home/cadt-02/Documents/can_test_usb/ros2_can/install/odometry_cont/lib/odometry_cont
[20.053s] Installing odometry_cont script to /home/cadt-02/Documents/can_test_usb/ros2_can/install/odometry_cont/lib/odometry_cont
[20.054s] 
[20.055s] Installed /home/cadt-02/Documents/can_test_usb/ros2_can/build/odometry_cont
[20.055s] running install_data
[20.055s] copying resource/odometry_cont -> /home/cadt-02/Documents/can_test_usb/ros2_can/install/odometry_cont/share/ament_index/resource_index/packages
[20.056s] copying package.xml -> /home/cadt-02/Documents/can_test_usb/ros2_can/install/odometry_cont/share/odometry_cont
[21.438s] Invoked command in '/home/cadt-02/Documents/can_test_usb/ros2_can/build/odometry_cont' returned '0': NX_CONNECTION=172.23.32.175 45142 172.23.34.34 4000 PYTHONPATH=/home/cadt-02/Documents/can_test_usb/ros2_can/build/odometry_cont/prefix_override:/home/cadt-02/Documents/can_test_usb/ros2_can/install/odometry_cont/lib/python3.8/site-packages:${PYTHONPATH} /usr/bin/python3 setup.py develop --editable --build-directory /home/cadt-02/Documents/can_test_usb/ros2_can/build/odometry_cont/build --no-deps install_data
