[18.368s] Invoking command in '/home/cadt-02/Documents/can_test_usb/ros2_can/build/keyboard_listener': PYTHONPATH=/home/cadt-02/Documents/can_test_usb/ros2_can/build/keyboard_listener/prefix_override:/home/cadt-02/Documents/can_test_usb/ros2_can/install/keyboard_listener/lib/python3.8/site-packages:${PYTHONPATH} /usr/bin/python3 setup.py develop --editable --build-directory /home/cadt-02/Documents/can_test_usb/ros2_can/build/keyboard_listener/build --no-deps install_data
[19.701s] running develop
[19.705s] /home/cadt-02/.local/lib/python3.8/site-packages/setuptools/command/develop.py:42: EasyInstallDeprecationWarning: easy_install command is deprecated.
[19.705s] !!
[19.705s] 
[19.714s]         ********************************************************************************
[19.716s]         Please avoid running ``setup.py`` and ``easy_install``.
[19.718s]         Instead, use pypa/build, pypa/installer or other
[19.719s]         standards-based tools.
[19.721s] 
[19.722s]         See https://github.com/pypa/setuptools/issues/917 for details.
[19.722s]         ********************************************************************************
[19.722s] 
[19.722s] !!
[19.722s]   easy_install.initialize_options(self)
[19.934s] /home/cadt-02/.local/lib/python3.8/site-packages/setuptools/_distutils/cmd.py:66: SetuptoolsDeprecationWarning: setup.py install is deprecated.
[19.934s] !!
[19.934s] 
[19.934s]         ********************************************************************************
[19.934s]         Please avoid running ``setup.py`` directly.
[19.935s]         Instead, use pypa/build, pypa/installer or other
[19.935s]         standards-based tools.
[19.935s] 
[19.935s]         See https://blog.ganssle.io/articles/2021/10/setup-py-deprecated.html for details.
[19.935s]         ********************************************************************************
[19.935s] 
[19.935s] !!
[19.936s]   self.initialize_options()
[20.616s] running egg_info
[20.681s] writing keyboard_listener.egg-info/PKG-INFO
[20.683s] writing dependency_links to keyboard_listener.egg-info/dependency_links.txt
[20.684s] writing entry points to keyboard_listener.egg-info/entry_points.txt
[20.684s] writing requirements to keyboard_listener.egg-info/requires.txt
[20.684s] writing top-level names to keyboard_listener.egg-info/top_level.txt
[20.792s] reading manifest file 'keyboard_listener.egg-info/SOURCES.txt'
[20.793s] writing manifest file 'keyboard_listener.egg-info/SOURCES.txt'
[21.132s] running build_ext
[21.132s] Creating /home/cadt-02/Documents/can_test_usb/ros2_can/install/keyboard_listener/lib/python3.8/site-packages/keyboard-listener.egg-link (link to .)
[21.135s] Installing keyboard_listener script to /home/cadt-02/Documents/can_test_usb/ros2_can/install/keyboard_listener/lib/keyboard_listener
[21.136s] 
[21.136s] Installed /home/cadt-02/Documents/can_test_usb/ros2_can/build/keyboard_listener
[21.136s] running install_data
[21.140s] copying resource/keyboard_listener -> /home/cadt-02/Documents/can_test_usb/ros2_can/install/keyboard_listener/share/ament_index/resource_index/packages
[21.140s] copying package.xml -> /home/cadt-02/Documents/can_test_usb/ros2_can/install/keyboard_listener/share/keyboard_listener
[27.089s] Invoked command in '/home/cadt-02/Documents/can_test_usb/ros2_can/build/keyboard_listener' returned '0': PYTHONPATH=/home/cadt-02/Documents/can_test_usb/ros2_can/build/keyboard_listener/prefix_override:/home/cadt-02/Documents/can_test_usb/ros2_can/install/keyboard_listener/lib/python3.8/site-packages:${PYTHONPATH} /usr/bin/python3 setup.py develop --editable --build-directory /home/cadt-02/Documents/can_test_usb/ros2_can/build/keyboard_listener/build --no-deps install_data
