[12.883s] Invoking command in '/home/cadt-02/Documents/can_test_usb/ros2_can/build/odometry_cont': PYTHONPATH=/home/cadt-02/Documents/can_test_usb/ros2_can/build/odometry_cont/prefix_override:/home/cadt-02/Documents/can_test_usb/ros2_can/install/odometry_cont/lib/python3.8/site-packages:${PYTHONPATH} /usr/bin/python3 setup.py develop --editable --build-directory /home/cadt-02/Documents/can_test_usb/ros2_can/build/odometry_cont/build --no-deps install_data
[13.197s] /home/cadt-02/.local/lib/python3.8/site-packages/setuptools/dist.py:476: SetuptoolsDeprecationWarning: Invalid dash-separated options
[13.197s] !!
[13.197s] 
[13.198s]         ********************************************************************************
[13.198s]         Usage of dash-separated 'script-dir' will not be supported in future
[13.198s]         versions. Please use the underscore name 'script_dir' instead.
[13.198s] 
[13.198s]         By 2024-Sep-26, you need to update your project and remove deprecated calls
[13.198s]         or your builds will no longer be supported.
[13.198s] 
[13.198s]         See https://setuptools.pypa.io/en/latest/userguide/declarative_config.html for details.
[13.198s]         ********************************************************************************
[13.199s] 
[13.199s] !!
[13.199s]   opt = self.warn_dash_deprecation(opt, section)
[13.671s] running develop
[13.672s] /home/cadt-02/.local/lib/python3.8/site-packages/setuptools/command/develop.py:42: EasyInstallDeprecationWarning: easy_install command is deprecated.
[13.676s] !!
[13.677s] 
[13.678s]         ********************************************************************************
[13.678s]         Please avoid running ``setup.py`` and ``easy_install``.
[13.679s]         Instead, use pypa/build, pypa/installer or other
[13.680s]         standards-based tools.
[13.681s] 
[13.683s]         See https://github.com/pypa/setuptools/issues/917 for details.
[13.684s]         ********************************************************************************
[13.687s] 
[13.687s] !!
[13.688s]   easy_install.initialize_options(self)
[13.756s] /home/cadt-02/.local/lib/python3.8/site-packages/setuptools/_distutils/cmd.py:66: SetuptoolsDeprecationWarning: setup.py install is deprecated.
[13.757s] !!
[13.759s] 
[13.760s]         ********************************************************************************
[13.761s]         Please avoid running ``setup.py`` directly.
[13.762s]         Instead, use pypa/build, pypa/installer or other
[13.763s]         standards-based tools.
[13.764s] 
[13.765s]         See https://blog.ganssle.io/articles/2021/10/setup-py-deprecated.html for details.
[13.766s]         ********************************************************************************
[13.767s] 
[13.767s] !!
[13.769s]   self.initialize_options()
[14.195s] running egg_info
[14.236s] writing odometry_cont.egg-info/PKG-INFO
[14.237s] writing dependency_links to odometry_cont.egg-info/dependency_links.txt
[14.239s] writing entry points to odometry_cont.egg-info/entry_points.txt
[14.240s] writing requirements to odometry_cont.egg-info/requires.txt
[14.241s] writing top-level names to odometry_cont.egg-info/top_level.txt
[14.330s] reading manifest file 'odometry_cont.egg-info/SOURCES.txt'
[14.331s] writing manifest file 'odometry_cont.egg-info/SOURCES.txt'
[14.479s] running build_ext
[14.486s] Creating /home/cadt-02/Documents/can_test_usb/ros2_can/install/odometry_cont/lib/python3.8/site-packages/odometry-cont.egg-link (link to .)
[14.487s] Installing odometry_cont script to /home/cadt-02/Documents/can_test_usb/ros2_can/install/odometry_cont/lib/odometry_cont
[14.489s] 
[14.491s] Installed /home/cadt-02/Documents/can_test_usb/ros2_can/build/odometry_cont
[14.492s] running install_data
[14.493s] copying resource/odometry_cont -> /home/cadt-02/Documents/can_test_usb/ros2_can/install/odometry_cont/share/ament_index/resource_index/packages
[14.496s] copying package.xml -> /home/cadt-02/Documents/can_test_usb/ros2_can/install/odometry_cont/share/odometry_cont
[14.614s] Invoked command in '/home/cadt-02/Documents/can_test_usb/ros2_can/build/odometry_cont' returned '0': PYTHONPATH=/home/cadt-02/Documents/can_test_usb/ros2_can/build/odometry_cont/prefix_override:/home/cadt-02/Documents/can_test_usb/ros2_can/install/odometry_cont/lib/python3.8/site-packages:${PYTHONPATH} /usr/bin/python3 setup.py develop --editable --build-directory /home/cadt-02/Documents/can_test_usb/ros2_can/build/odometry_cont/build --no-deps install_data
