[18.086s] Invoking command in '/home/cadt-02/Documents/can_test_usb/ros2_can/build/auto_r2': PYTHONPATH=/home/cadt-02/Documents/can_test_usb/ros2_can/build/auto_r2/prefix_override:/home/cadt-02/Documents/can_test_usb/ros2_can/install/auto_r2/lib/python3.8/site-packages:${PYTHONPATH} /usr/bin/python3 setup.py develop --editable --build-directory /home/cadt-02/Documents/can_test_usb/ros2_can/build/auto_r2/build --no-deps install_data
[18.438s] /home/cadt-02/.local/lib/python3.8/site-packages/setuptools/dist.py:476: SetuptoolsDeprecationWarning: Invalid dash-separated options
[18.438s] !!
[18.438s] 
[18.439s]         ********************************************************************************
[18.439s]         Usage of dash-separated 'script-dir' will not be supported in future
[18.439s]         versions. Please use the underscore name 'script_dir' instead.
[18.439s] 
[18.439s]         By 2024-Sep-26, you need to update your project and remove deprecated calls
[18.439s]         or your builds will no longer be supported.
[18.439s] 
[18.440s]         See https://setuptools.pypa.io/en/latest/userguide/declarative_config.html for details.
[18.440s]         ********************************************************************************
[18.440s] 
[18.440s] !!
[18.441s]   opt = self.warn_dash_deprecation(opt, section)
[18.936s] running develop
[18.937s] /home/cadt-02/.local/lib/python3.8/site-packages/setuptools/command/develop.py:42: EasyInstallDeprecationWarning: easy_install command is deprecated.
[18.937s] !!
[18.937s] 
[18.937s]         ********************************************************************************
[18.937s]         Please avoid running ``setup.py`` and ``easy_install``.
[18.937s]         Instead, use pypa/build, pypa/installer or other
[18.937s]         standards-based tools.
[18.938s] 
[18.938s]         See https://github.com/pypa/setuptools/issues/917 for details.
[18.938s]         ********************************************************************************
[18.938s] 
[18.938s] !!
[18.938s]   easy_install.initialize_options(self)
[19.027s] /home/cadt-02/.local/lib/python3.8/site-packages/setuptools/_distutils/cmd.py:66: SetuptoolsDeprecationWarning: setup.py install is deprecated.
[19.027s] !!
[19.027s] 
[19.027s]         ********************************************************************************
[19.027s]         Please avoid running ``setup.py`` directly.
[19.027s]         Instead, use pypa/build, pypa/installer or other
[19.028s]         standards-based tools.
[19.028s] 
[19.028s]         See https://blog.ganssle.io/articles/2021/10/setup-py-deprecated.html for details.
[19.028s]         ********************************************************************************
[19.028s] 
[19.028s] !!
[19.028s]   self.initialize_options()
[19.523s] running egg_info
[19.570s] writing auto_r2.egg-info/PKG-INFO
[19.571s] writing dependency_links to auto_r2.egg-info/dependency_links.txt
[19.572s] writing entry points to auto_r2.egg-info/entry_points.txt
[19.572s] writing requirements to auto_r2.egg-info/requires.txt
[19.573s] writing top-level names to auto_r2.egg-info/top_level.txt
[19.680s] reading manifest file 'auto_r2.egg-info/SOURCES.txt'
[19.682s] writing manifest file 'auto_r2.egg-info/SOURCES.txt'
[19.857s] running build_ext
[19.857s] Creating /home/cadt-02/Documents/can_test_usb/ros2_can/install/auto_r2/lib/python3.8/site-packages/auto-r2.egg-link (link to .)
[19.860s] Installing auto_r2 script to /home/cadt-02/Documents/can_test_usb/ros2_can/install/auto_r2/lib/auto_r2
[19.861s] 
[19.862s] Installed /home/cadt-02/Documents/can_test_usb/ros2_can/build/auto_r2
[19.862s] running install_data
[19.862s] copying resource/auto_r2 -> /home/cadt-02/Documents/can_test_usb/ros2_can/install/auto_r2/share/ament_index/resource_index/packages
[19.863s] copying package.xml -> /home/cadt-02/Documents/can_test_usb/ros2_can/install/auto_r2/share/auto_r2
[24.106s] Invoked command in '/home/cadt-02/Documents/can_test_usb/ros2_can/build/auto_r2' returned '0': PYTHONPATH=/home/cadt-02/Documents/can_test_usb/ros2_can/build/auto_r2/prefix_override:/home/cadt-02/Documents/can_test_usb/ros2_can/install/auto_r2/lib/python3.8/site-packages:${PYTHONPATH} /usr/bin/python3 setup.py develop --editable --build-directory /home/cadt-02/Documents/can_test_usb/ros2_can/build/auto_r2/build --no-deps install_data
