[12.074s] Invoking command in '/home/cadt-02/Documents/can_test_usb/ros2_can/build/my_robot': PYTHONPATH=/home/cadt-02/Documents/can_test_usb/ros2_can/build/my_robot/prefix_override:/home/cadt-02/Documents/can_test_usb/ros2_can/install/my_robot/lib/python3.8/site-packages:${PYTHONPATH} /usr/bin/python3 setup.py develop --editable --build-directory /home/cadt-02/Documents/can_test_usb/ros2_can/build/my_robot/build --no-deps install_data
[12.443s] /home/cadt-02/.local/lib/python3.8/site-packages/setuptools/dist.py:476: SetuptoolsDeprecationWarning: Invalid dash-separated options
[12.443s] !!
[12.443s] 
[12.443s]         ********************************************************************************
[12.444s]         Usage of dash-separated 'script-dir' will not be supported in future
[12.444s]         versions. Please use the underscore name 'script_dir' instead.
[12.444s] 
[12.444s]         By 2024-Sep-26, you need to update your project and remove deprecated calls
[12.444s]         or your builds will no longer be supported.
[12.444s] 
[12.444s]         See https://setuptools.pypa.io/en/latest/userguide/declarative_config.html for details.
[12.444s]         ********************************************************************************
[12.445s] 
[12.445s] !!
[12.445s]   opt = self.warn_dash_deprecation(opt, section)
[12.937s] running develop
[12.938s] /home/cadt-02/.local/lib/python3.8/site-packages/setuptools/command/develop.py:42: EasyInstallDeprecationWarning: easy_install command is deprecated.
[12.938s] !!
[12.938s] 
[12.938s]         ********************************************************************************
[12.938s]         Please avoid running ``setup.py`` and ``easy_install``.
[12.938s]         Instead, use pypa/build, pypa/installer or other
[12.938s]         standards-based tools.
[12.938s] 
[12.939s]         See https://github.com/pypa/setuptools/issues/917 for details.
[12.939s]         ********************************************************************************
[12.939s] 
[12.939s] !!
[12.939s]   easy_install.initialize_options(self)
[13.031s] /home/cadt-02/.local/lib/python3.8/site-packages/setuptools/_distutils/cmd.py:66: SetuptoolsDeprecationWarning: setup.py install is deprecated.
[13.031s] !!
[13.031s] 
[13.031s]         ********************************************************************************
[13.032s]         Please avoid running ``setup.py`` directly.
[13.032s]         Instead, use pypa/build, pypa/installer or other
[13.032s]         standards-based tools.
[13.032s] 
[13.032s]         See https://blog.ganssle.io/articles/2021/10/setup-py-deprecated.html for details.
[13.032s]         ********************************************************************************
[13.032s] 
[13.033s] !!
[13.033s]   self.initialize_options()
[13.490s] running egg_info
[13.532s] writing my_robot.egg-info/PKG-INFO
[13.534s] writing dependency_links to my_robot.egg-info/dependency_links.txt
[13.534s] writing entry points to my_robot.egg-info/entry_points.txt
[13.535s] writing requirements to my_robot.egg-info/requires.txt
[13.535s] writing top-level names to my_robot.egg-info/top_level.txt
[13.630s] reading manifest file 'my_robot.egg-info/SOURCES.txt'
[13.632s] writing manifest file 'my_robot.egg-info/SOURCES.txt'
[13.793s] running build_ext
[13.794s] Creating /home/cadt-02/Documents/can_test_usb/ros2_can/install/my_robot/lib/python3.8/site-packages/my-robot.egg-link (link to .)
[13.795s] Installing my_robot script to /home/cadt-02/Documents/can_test_usb/ros2_can/install/my_robot/lib/my_robot
[13.796s] 
[13.796s] Installed /home/cadt-02/Documents/can_test_usb/ros2_can/build/my_robot
[13.797s] running install_data
[13.797s] copying resource/my_robot -> /home/cadt-02/Documents/can_test_usb/ros2_can/install/my_robot/share/ament_index/resource_index/packages
[13.798s] copying package.xml -> /home/cadt-02/Documents/can_test_usb/ros2_can/install/my_robot/share/my_robot
[15.541s] Invoked command in '/home/cadt-02/Documents/can_test_usb/ros2_can/build/my_robot' returned '0': PYTHONPATH=/home/cadt-02/Documents/can_test_usb/ros2_can/build/my_robot/prefix_override:/home/cadt-02/Documents/can_test_usb/ros2_can/install/my_robot/lib/python3.8/site-packages:${PYTHONPATH} /usr/bin/python3 setup.py develop --editable --build-directory /home/cadt-02/Documents/can_test_usb/ros2_can/build/my_robot/build --no-deps install_data
