running develop
running egg_info
creating movement.egg-info
writing movement.egg-info/PKG-INFO
writing dependency_links to movement.egg-info/dependency_links.txt
writing entry points to movement.egg-info/entry_points.txt
writing requirements to movement.egg-info/requires.txt
writing top-level names to movement.egg-info/top_level.txt
writing manifest file 'movement.egg-info/SOURCES.txt'
reading manifest file 'movement.egg-info/SOURCES.txt'
writing manifest file 'movement.egg-info/SOURCES.txt'
running build_ext
Creating /home/cadt-02/Documents/can_test_usb/ros2_can/install/movement/lib/python3.8/site-packages/movement.egg-link (link to .)
Installing movement script to /home/cadt-02/Documents/can_test_usb/ros2_can/install/movement/lib/movement

Installed /home/cadt-02/Documents/can_test_usb/ros2_can/build/movement
running install_data
creating /home/cadt-02/Documents/can_test_usb/ros2_can/install/movement/share/ament_index
creating /home/cadt-02/Documents/can_test_usb/ros2_can/install/movement/share/ament_index/resource_index
creating /home/cadt-02/Documents/can_test_usb/ros2_can/install/movement/share/ament_index/resource_index/packages
copying resource/movement -> /home/cadt-02/Documents/can_test_usb/ros2_can/install/movement/share/ament_index/resource_index/packages
copying package.xml -> /home/cadt-02/Documents/can_test_usb/ros2_can/install/movement/share/movement
