[14.837s] Invoking command in '/home/cadt-02/Documents/can_test_usb/ros2_can/build/movement': NX_CONNECTION=172.23.33.204 59150 172.23.34.34 4000 PYTHONPATH=/home/cadt-02/Documents/can_test_usb/ros2_can/build/movement/prefix_override:/home/cadt-02/Documents/can_test_usb/ros2_can/install/movement/lib/python3.8/site-packages:${PYTHONPATH} /usr/bin/python3 setup.py develop --editable --build-directory /home/cadt-02/Documents/can_test_usb/ros2_can/build/movement/build --no-deps install_data
[15.746s] running develop
[15.747s] /home/cadt-02/.local/lib/python3.8/site-packages/setuptools/command/develop.py:42: EasyInstallDeprecationWarning: easy_install command is deprecated.
[15.747s] !!
[15.747s] 
[15.747s]         ********************************************************************************
[15.747s]         Please avoid running ``setup.py`` and ``easy_install``.
[15.748s]         Instead, use pypa/build, pypa/installer or other
[15.748s]         standards-based tools.
[15.748s] 
[15.748s]         See https://github.com/pypa/setuptools/issues/917 for details.
[15.748s]         ********************************************************************************
[15.748s] 
[15.748s] !!
[15.748s]   easy_install.initialize_options(self)
[15.839s] /home/cadt-02/.local/lib/python3.8/site-packages/setuptools/_distutils/cmd.py:66: SetuptoolsDeprecationWarning: setup.py install is deprecated.
[15.839s] !!
[15.839s] 
[15.839s]         ********************************************************************************
[15.840s]         Please avoid running ``setup.py`` directly.
[15.840s]         Instead, use pypa/build, pypa/installer or other
[15.840s]         standards-based tools.
[15.840s] 
[15.840s]         See https://blog.ganssle.io/articles/2021/10/setup-py-deprecated.html for details.
[15.840s]         ********************************************************************************
[15.840s] 
[15.840s] !!
[15.841s]   self.initialize_options()
[16.301s] running egg_info
[16.301s] creating movement.egg-info
[16.346s] writing movement.egg-info/PKG-INFO
[16.348s] writing dependency_links to movement.egg-info/dependency_links.txt
[16.349s] writing entry points to movement.egg-info/entry_points.txt
[16.350s] writing requirements to movement.egg-info/requires.txt
[16.351s] writing top-level names to movement.egg-info/top_level.txt
[16.355s] writing manifest file 'movement.egg-info/SOURCES.txt'
[16.482s] reading manifest file 'movement.egg-info/SOURCES.txt'
[16.485s] writing manifest file 'movement.egg-info/SOURCES.txt'
[16.728s] running build_ext
[16.729s] Creating /home/cadt-02/Documents/can_test_usb/ros2_can/install/movement/lib/python3.8/site-packages/movement.egg-link (link to .)
[16.732s] Installing movement script to /home/cadt-02/Documents/can_test_usb/ros2_can/install/movement/lib/movement
[16.734s] 
[16.734s] Installed /home/cadt-02/Documents/can_test_usb/ros2_can/build/movement
[16.735s] running install_data
[16.739s] creating /home/cadt-02/Documents/can_test_usb/ros2_can/install/movement/share/ament_index
[16.740s] creating /home/cadt-02/Documents/can_test_usb/ros2_can/install/movement/share/ament_index/resource_index
[16.740s] creating /home/cadt-02/Documents/can_test_usb/ros2_can/install/movement/share/ament_index/resource_index/packages
[16.740s] copying resource/movement -> /home/cadt-02/Documents/can_test_usb/ros2_can/install/movement/share/ament_index/resource_index/packages
[16.740s] copying package.xml -> /home/cadt-02/Documents/can_test_usb/ros2_can/install/movement/share/movement
[19.365s] Invoked command in '/home/cadt-02/Documents/can_test_usb/ros2_can/build/movement' returned '0': NX_CONNECTION=172.23.33.204 59150 172.23.34.34 4000 PYTHONPATH=/home/cadt-02/Documents/can_test_usb/ros2_can/build/movement/prefix_override:/home/cadt-02/Documents/can_test_usb/ros2_can/install/movement/lib/python3.8/site-packages:${PYTHONPATH} /usr/bin/python3 setup.py develop --editable --build-directory /home/cadt-02/Documents/can_test_usb/ros2_can/build/movement/build --no-deps install_data
