[16.690s] Invoking command in '/home/cadt-02/Documents/can_test_usb/ros2_can/build/keyboard_listener': PYTHONPATH=/home/cadt-02/Documents/can_test_usb/ros2_can/build/keyboard_listener/prefix_override:/home/cadt-02/Documents/can_test_usb/ros2_can/install/keyboard_listener/lib/python3.8/site-packages:${PYTHONPATH} /usr/bin/python3 setup.py develop --editable --build-directory /home/cadt-02/Documents/can_test_usb/ros2_can/build/keyboard_listener/build --no-deps install_data
[17.644s] /home/cadt-02/.local/lib/python3.8/site-packages/setuptools/command/develop.py:42: EasyInstallDeprecationWarning: easy_install command is deprecated.
[17.644s] !!
[17.644s] 
[17.644s]         ********************************************************************************
[17.644s]         Please avoid running ``setup.py`` and ``easy_install``.
[17.644s]         Instead, use pypa/build, pypa/installer or other
[17.645s]         standards-based tools.
[17.645s] 
[17.645s]         See https://github.com/pypa/setuptools/issues/917 for details.
[17.645s]         ********************************************************************************
[17.645s] 
[17.645s] !!
[17.645s]   easy_install.initialize_options(self)
[17.645s] running develop
[17.728s] /home/cadt-02/.local/lib/python3.8/site-packages/setuptools/_distutils/cmd.py:66: SetuptoolsDeprecationWarning: setup.py install is deprecated.
[17.728s] !!
[17.728s] 
[17.729s]         ********************************************************************************
[17.729s]         Please avoid running ``setup.py`` directly.
[17.729s]         Instead, use pypa/build, pypa/installer or other
[17.729s]         standards-based tools.
[17.729s] 
[17.729s]         See https://blog.ganssle.io/articles/2021/10/setup-py-deprecated.html for details.
[17.729s]         ********************************************************************************
[17.729s] 
[17.730s] !!
[17.730s]   self.initialize_options()
[18.311s] running egg_info
[18.355s] writing keyboard_listener.egg-info/PKG-INFO
[18.357s] writing dependency_links to keyboard_listener.egg-info/dependency_links.txt
[18.358s] writing entry points to keyboard_listener.egg-info/entry_points.txt
[18.362s] writing requirements to keyboard_listener.egg-info/requires.txt
[18.363s] writing top-level names to keyboard_listener.egg-info/top_level.txt
[18.459s] reading manifest file 'keyboard_listener.egg-info/SOURCES.txt'
[18.460s] writing manifest file 'keyboard_listener.egg-info/SOURCES.txt'
[18.645s] running build_ext
[18.646s] Creating /home/cadt-02/Documents/can_test_usb/ros2_can/install/keyboard_listener/lib/python3.8/site-packages/keyboard-listener.egg-link (link to .)
[18.646s] Installing keyboard_listener script to /home/cadt-02/Documents/can_test_usb/ros2_can/install/keyboard_listener/lib/keyboard_listener
[18.646s] 
[18.646s] Installed /home/cadt-02/Documents/can_test_usb/ros2_can/build/keyboard_listener
[18.649s] running install_data
[18.650s] copying resource/keyboard_listener -> /home/cadt-02/Documents/can_test_usb/ros2_can/install/keyboard_listener/share/ament_index/resource_index/packages
[18.651s] copying package.xml -> /home/cadt-02/Documents/can_test_usb/ros2_can/install/keyboard_listener/share/keyboard_listener
[25.257s] Invoked command in '/home/cadt-02/Documents/can_test_usb/ros2_can/build/keyboard_listener' returned '0': PYTHONPATH=/home/cadt-02/Documents/can_test_usb/ros2_can/build/keyboard_listener/prefix_override:/home/cadt-02/Documents/can_test_usb/ros2_can/install/keyboard_listener/lib/python3.8/site-packages:${PYTHONPATH} /usr/bin/python3 setup.py develop --editable --build-directory /home/cadt-02/Documents/can_test_usb/ros2_can/build/keyboard_listener/build --no-deps install_data
