[12.453s] Invoking command in '/home/cadt-02/Documents/can_test_usb/ros2_can/build/my_robot': PYTHONPATH=/home/cadt-02/Documents/can_test_usb/ros2_can/build/my_robot/prefix_override:/home/cadt-02/Documents/can_test_usb/ros2_can/install/my_robot/lib/python3.8/site-packages:${PYTHONPATH} /usr/bin/python3 setup.py develop --editable --build-directory /home/cadt-02/Documents/can_test_usb/ros2_can/build/my_robot/build --no-deps install_data
[12.823s] /home/cadt-02/.local/lib/python3.8/site-packages/setuptools/dist.py:476: SetuptoolsDeprecationWarning: Invalid dash-separated options
[12.824s] !!
[12.824s] 
[12.824s]         ********************************************************************************
[12.824s]         Usage of dash-separated 'script-dir' will not be supported in future
[12.824s]         versions. Please use the underscore name 'script_dir' instead.
[12.824s] 
[12.825s]         By 2024-Sep-26, you need to update your project and remove deprecated calls
[12.825s]         or your builds will no longer be supported.
[12.825s] 
[12.825s]         See https://setuptools.pypa.io/en/latest/userguide/declarative_config.html for details.
[12.825s]         ********************************************************************************
[12.825s] 
[12.825s] !!
[12.826s]   opt = self.warn_dash_deprecation(opt, section)
[13.347s] running develop
[13.348s] /home/cadt-02/.local/lib/python3.8/site-packages/setuptools/command/develop.py:42: EasyInstallDeprecationWarning: easy_install command is deprecated.
[13.348s] !!
[13.348s] 
[13.348s]         ********************************************************************************
[13.348s]         Please avoid running ``setup.py`` and ``easy_install``.
[13.349s]         Instead, use pypa/build, pypa/installer or other
[13.349s]         standards-based tools.
[13.349s] 
[13.349s]         See https://github.com/pypa/setuptools/issues/917 for details.
[13.349s]         ********************************************************************************
[13.349s] 
[13.349s] !!
[13.349s]   easy_install.initialize_options(self)
[13.459s] /home/cadt-02/.local/lib/python3.8/site-packages/setuptools/_distutils/cmd.py:66: SetuptoolsDeprecationWarning: setup.py install is deprecated.
[13.459s] !!
[13.459s] 
[13.459s]         ********************************************************************************
[13.459s]         Please avoid running ``setup.py`` directly.
[13.460s]         Instead, use pypa/build, pypa/installer or other
[13.460s]         standards-based tools.
[13.460s] 
[13.460s]         See https://blog.ganssle.io/articles/2021/10/setup-py-deprecated.html for details.
[13.460s]         ********************************************************************************
[13.460s] 
[13.460s] !!
[13.461s]   self.initialize_options()
[13.955s] running egg_info
[13.997s] writing my_robot.egg-info/PKG-INFO
[13.999s] writing dependency_links to my_robot.egg-info/dependency_links.txt
[14.000s] writing entry points to my_robot.egg-info/entry_points.txt
[14.001s] writing requirements to my_robot.egg-info/requires.txt
[14.002s] writing top-level names to my_robot.egg-info/top_level.txt
[14.101s] reading manifest file 'my_robot.egg-info/SOURCES.txt'
[14.104s] writing manifest file 'my_robot.egg-info/SOURCES.txt'
[14.273s] running build_ext
[14.273s] Creating /home/cadt-02/Documents/can_test_usb/ros2_can/install/my_robot/lib/python3.8/site-packages/my-robot.egg-link (link to .)
[14.275s] Installing arduino_feedback script to /home/cadt-02/Documents/can_test_usb/ros2_can/install/my_robot/lib/my_robot
[14.276s] Installing my_robot script to /home/cadt-02/Documents/can_test_usb/ros2_can/install/my_robot/lib/my_robot
[14.276s] 
[14.277s] Installed /home/cadt-02/Documents/can_test_usb/ros2_can/build/my_robot
[14.277s] running install_data
[14.277s] copying resource/my_robot -> /home/cadt-02/Documents/can_test_usb/ros2_can/install/my_robot/share/ament_index/resource_index/packages
[14.277s] copying package.xml -> /home/cadt-02/Documents/can_test_usb/ros2_can/install/my_robot/share/my_robot
[16.140s] Invoked command in '/home/cadt-02/Documents/can_test_usb/ros2_can/build/my_robot' returned '0': PYTHONPATH=/home/cadt-02/Documents/can_test_usb/ros2_can/build/my_robot/prefix_override:/home/cadt-02/Documents/can_test_usb/ros2_can/install/my_robot/lib/python3.8/site-packages:${PYTHONPATH} /usr/bin/python3 setup.py develop --editable --build-directory /home/cadt-02/Documents/can_test_usb/ros2_can/build/my_robot/build --no-deps install_data
