[14.822s] Invoking command in '/home/cadt-02/Documents/can_test_usb/ros2_can/build/auto_r2': PYTHONPATH=/home/cadt-02/Documents/can_test_usb/ros2_can/build/auto_r2/prefix_override:/home/cadt-02/Documents/can_test_usb/ros2_can/install/auto_r2/lib/python3.8/site-packages:${PYTHONPATH} /usr/bin/python3 setup.py develop --editable --build-directory /home/cadt-02/Documents/can_test_usb/ros2_can/build/auto_r2/build --no-deps install_data
[15.226s] /home/cadt-02/.local/lib/python3.8/site-packages/setuptools/dist.py:476: SetuptoolsDeprecationWarning: Invalid dash-separated options
[15.227s] !!
[15.227s] 
[15.227s]         ********************************************************************************
[15.227s]         Usage of dash-separated 'script-dir' will not be supported in future
[15.227s]         versions. Please use the underscore name 'script_dir' instead.
[15.227s] 
[15.228s]         By 2024-Sep-26, you need to update your project and remove deprecated calls
[15.228s]         or your builds will no longer be supported.
[15.228s] 
[15.228s]         See https://setuptools.pypa.io/en/latest/userguide/declarative_config.html for details.
[15.228s]         ********************************************************************************
[15.228s] 
[15.228s] !!
[15.228s]   opt = self.warn_dash_deprecation(opt, section)
[15.756s] running develop
[15.757s] /home/cadt-02/.local/lib/python3.8/site-packages/setuptools/command/develop.py:42: EasyInstallDeprecationWarning: easy_install command is deprecated.
[15.757s] !!
[15.757s] 
[15.757s]         ********************************************************************************
[15.758s]         Please avoid running ``setup.py`` and ``easy_install``.
[15.758s]         Instead, use pypa/build, pypa/installer or other
[15.758s]         standards-based tools.
[15.758s] 
[15.759s]         See https://github.com/pypa/setuptools/issues/917 for details.
[15.759s]         ********************************************************************************
[15.759s] 
[15.759s] !!
[15.760s]   easy_install.initialize_options(self)
[15.858s] /home/cadt-02/.local/lib/python3.8/site-packages/setuptools/_distutils/cmd.py:66: SetuptoolsDeprecationWarning: setup.py install is deprecated.
[15.859s] !!
[15.859s] 
[15.859s]         ********************************************************************************
[15.860s]         Please avoid running ``setup.py`` directly.
[15.861s]         Instead, use pypa/build, pypa/installer or other
[15.862s]         standards-based tools.
[15.862s] 
[15.862s]         See https://blog.ganssle.io/articles/2021/10/setup-py-deprecated.html for details.
[15.862s]         ********************************************************************************
[15.862s] 
[15.863s] !!
[15.863s]   self.initialize_options()
[16.432s] running egg_info
[16.489s] writing auto_r2.egg-info/PKG-INFO
[16.491s] writing dependency_links to auto_r2.egg-info/dependency_links.txt
[16.493s] writing entry points to auto_r2.egg-info/entry_points.txt
[16.493s] writing requirements to auto_r2.egg-info/requires.txt
[16.493s] writing top-level names to auto_r2.egg-info/top_level.txt
[16.626s] reading manifest file 'auto_r2.egg-info/SOURCES.txt'
[16.627s] writing manifest file 'auto_r2.egg-info/SOURCES.txt'
[16.835s] running build_ext
[16.835s] Creating /home/cadt-02/Documents/can_test_usb/ros2_can/install/auto_r2/lib/python3.8/site-packages/auto-r2.egg-link (link to .)
[16.839s] Installing auto_r2 script to /home/cadt-02/Documents/can_test_usb/ros2_can/install/auto_r2/lib/auto_r2
[16.840s] 
[16.841s] Installed /home/cadt-02/Documents/can_test_usb/ros2_can/build/auto_r2
[16.843s] running install_data
[16.845s] copying resource/auto_r2 -> /home/cadt-02/Documents/can_test_usb/ros2_can/install/auto_r2/share/ament_index/resource_index/packages
[16.846s] copying package.xml -> /home/cadt-02/Documents/can_test_usb/ros2_can/install/auto_r2/share/auto_r2
[18.094s] Invoked command in '/home/cadt-02/Documents/can_test_usb/ros2_can/build/auto_r2' returned '0': PYTHONPATH=/home/cadt-02/Documents/can_test_usb/ros2_can/build/auto_r2/prefix_override:/home/cadt-02/Documents/can_test_usb/ros2_can/install/auto_r2/lib/python3.8/site-packages:${PYTHONPATH} /usr/bin/python3 setup.py develop --editable --build-directory /home/cadt-02/Documents/can_test_usb/ros2_can/build/auto_r2/build --no-deps install_data
