[17.207s] Invoking command in '/home/cadt-02/Documents/can_test_usb/ros2_can/build/odometry_cont': PYTHONPATH=/home/cadt-02/Documents/can_test_usb/ros2_can/build/odometry_cont/prefix_override:/home/cadt-02/Documents/can_test_usb/ros2_can/install/odometry_cont/lib/python3.8/site-packages:${PYTHONPATH} /usr/bin/python3 setup.py develop --editable --build-directory /home/cadt-02/Documents/can_test_usb/ros2_can/build/odometry_cont/build --no-deps install_data
[17.550s] /home/cadt-02/.local/lib/python3.8/site-packages/setuptools/dist.py:476: SetuptoolsDeprecationWarning: Invalid dash-separated options
[17.551s] !!
[17.551s] 
[17.551s]         ********************************************************************************
[17.551s]         Usage of dash-separated 'script-dir' will not be supported in future
[17.551s]         versions. Please use the underscore name 'script_dir' instead.
[17.551s] 
[17.552s]         By 2024-Sep-26, you need to update your project and remove deprecated calls
[17.552s]         or your builds will no longer be supported.
[17.552s] 
[17.552s]         See https://setuptools.pypa.io/en/latest/userguide/declarative_config.html for details.
[17.552s]         ********************************************************************************
[17.552s] 
[17.552s] !!
[17.553s]   opt = self.warn_dash_deprecation(opt, section)
[18.051s] running develop
[18.051s] /home/cadt-02/.local/lib/python3.8/site-packages/setuptools/command/develop.py:42: EasyInstallDeprecationWarning: easy_install command is deprecated.
[18.051s] !!
[18.051s] 
[18.052s]         ********************************************************************************
[18.052s]         Please avoid running ``setup.py`` and ``easy_install``.
[18.052s]         Instead, use pypa/build, pypa/installer or other
[18.052s]         standards-based tools.
[18.052s] 
[18.052s]         See https://github.com/pypa/setuptools/issues/917 for details.
[18.052s]         ********************************************************************************
[18.053s] 
[18.053s] !!
[18.053s]   easy_install.initialize_options(self)
[18.141s] /home/cadt-02/.local/lib/python3.8/site-packages/setuptools/_distutils/cmd.py:66: SetuptoolsDeprecationWarning: setup.py install is deprecated.
[18.141s] !!
[18.141s] 
[18.141s]         ********************************************************************************
[18.141s]         Please avoid running ``setup.py`` directly.
[18.142s]         Instead, use pypa/build, pypa/installer or other
[18.142s]         standards-based tools.
[18.142s] 
[18.142s]         See https://blog.ganssle.io/articles/2021/10/setup-py-deprecated.html for details.
[18.142s]         ********************************************************************************
[18.142s] 
[18.142s] !!
[18.143s]   self.initialize_options()
[18.610s] running egg_info
[18.654s] writing odometry_cont.egg-info/PKG-INFO
[18.655s] writing dependency_links to odometry_cont.egg-info/dependency_links.txt
[18.656s] writing entry points to odometry_cont.egg-info/entry_points.txt
[18.656s] writing requirements to odometry_cont.egg-info/requires.txt
[18.657s] writing top-level names to odometry_cont.egg-info/top_level.txt
[18.751s] reading manifest file 'odometry_cont.egg-info/SOURCES.txt'
[18.754s] writing manifest file 'odometry_cont.egg-info/SOURCES.txt'
[18.915s] running build_ext
[18.915s] Creating /home/cadt-02/Documents/can_test_usb/ros2_can/install/odometry_cont/lib/python3.8/site-packages/odometry-cont.egg-link (link to .)
[18.917s] Installing localization script to /home/cadt-02/Documents/can_test_usb/ros2_can/install/odometry_cont/lib/odometry_cont
[18.918s] Installing odometry_cont script to /home/cadt-02/Documents/can_test_usb/ros2_can/install/odometry_cont/lib/odometry_cont
[18.918s] 
[18.919s] Installed /home/cadt-02/Documents/can_test_usb/ros2_can/build/odometry_cont
[18.919s] running install_data
[18.919s] copying resource/odometry_cont -> /home/cadt-02/Documents/can_test_usb/ros2_can/install/odometry_cont/share/ament_index/resource_index/packages
[18.920s] copying package.xml -> /home/cadt-02/Documents/can_test_usb/ros2_can/install/odometry_cont/share/odometry_cont
[21.363s] Invoked command in '/home/cadt-02/Documents/can_test_usb/ros2_can/build/odometry_cont' returned '0': PYTHONPATH=/home/cadt-02/Documents/can_test_usb/ros2_can/build/odometry_cont/prefix_override:/home/cadt-02/Documents/can_test_usb/ros2_can/install/odometry_cont/lib/python3.8/site-packages:${PYTHONPATH} /usr/bin/python3 setup.py develop --editable --build-directory /home/cadt-02/Documents/can_test_usb/ros2_can/build/odometry_cont/build --no-deps install_data
