[14.690s] Invoking command in '/home/cadt-02/Documents/can_test_usb/ros2_can/build/movement': NX_CONNECTION=172.23.33.204 59150 172.23.34.34 4000 PYTHONPATH=/home/cadt-02/Documents/can_test_usb/ros2_can/build/movement/prefix_override:/home/cadt-02/Documents/can_test_usb/ros2_can/install/movement/lib/python3.8/site-packages:${PYTHONPATH} /usr/bin/python3 setup.py develop --editable --build-directory /home/cadt-02/Documents/can_test_usb/ros2_can/build/movement/build --no-deps install_data
[15.597s] running develop
[15.599s] /home/cadt-02/.local/lib/python3.8/site-packages/setuptools/command/develop.py:42: EasyInstallDeprecationWarning: easy_install command is deprecated.
[15.599s] !!
[15.599s] 
[15.599s]         ********************************************************************************
[15.599s]         Please avoid running ``setup.py`` and ``easy_install``.
[15.600s]         Instead, use pypa/build, pypa/installer or other
[15.600s]         standards-based tools.
[15.600s] 
[15.600s]         See https://github.com/pypa/setuptools/issues/917 for details.
[15.600s]         ********************************************************************************
[15.600s] 
[15.600s] !!
[15.601s]   easy_install.initialize_options(self)
[15.715s] /home/cadt-02/.local/lib/python3.8/site-packages/setuptools/_distutils/cmd.py:66: SetuptoolsDeprecationWarning: setup.py install is deprecated.
[15.715s] !!
[15.715s] 
[15.716s]         ********************************************************************************
[15.716s]         Please avoid running ``setup.py`` directly.
[15.716s]         Instead, use pypa/build, pypa/installer or other
[15.716s]         standards-based tools.
[15.716s] 
[15.716s]         See https://blog.ganssle.io/articles/2021/10/setup-py-deprecated.html for details.
[15.716s]         ********************************************************************************
[15.717s] 
[15.717s] !!
[15.717s]   self.initialize_options()
[16.189s] running egg_info
[16.239s] writing movement.egg-info/PKG-INFO
[16.241s] writing dependency_links to movement.egg-info/dependency_links.txt
[16.242s] writing entry points to movement.egg-info/entry_points.txt
[16.242s] writing requirements to movement.egg-info/requires.txt
[16.242s] writing top-level names to movement.egg-info/top_level.txt
[16.353s] reading manifest file 'movement.egg-info/SOURCES.txt'
[16.354s] writing manifest file 'movement.egg-info/SOURCES.txt'
[16.549s] running build_ext
[16.549s] Creating /home/cadt-02/Documents/can_test_usb/ros2_can/install/movement/lib/python3.8/site-packages/movement.egg-link (link to .)
[16.554s] Installing movement script to /home/cadt-02/Documents/can_test_usb/ros2_can/install/movement/lib/movement
[16.554s] 
[16.554s] Installed /home/cadt-02/Documents/can_test_usb/ros2_can/build/movement
[16.554s] running install_data
[16.555s] copying resource/movement -> /home/cadt-02/Documents/can_test_usb/ros2_can/install/movement/share/ament_index/resource_index/packages
[16.555s] copying package.xml -> /home/cadt-02/Documents/can_test_usb/ros2_can/install/movement/share/movement
[19.070s] Invoked command in '/home/cadt-02/Documents/can_test_usb/ros2_can/build/movement' returned '0': NX_CONNECTION=172.23.33.204 59150 172.23.34.34 4000 PYTHONPATH=/home/cadt-02/Documents/can_test_usb/ros2_can/build/movement/prefix_override:/home/cadt-02/Documents/can_test_usb/ros2_can/install/movement/lib/python3.8/site-packages:${PYTHONPATH} /usr/bin/python3 setup.py develop --editable --build-directory /home/cadt-02/Documents/can_test_usb/ros2_can/build/movement/build --no-deps install_data
