[13.610s] Invoking command in '/home/cadt-02/Documents/can_test_usb/ros2_can/build/my_robot': PYTHONPATH=/home/cadt-02/Documents/can_test_usb/ros2_can/build/my_robot/prefix_override:/home/cadt-02/Documents/can_test_usb/ros2_can/install/my_robot/lib/python3.8/site-packages:${PYTHONPATH} /usr/bin/python3 setup.py develop --editable --build-directory /home/cadt-02/Documents/can_test_usb/ros2_can/build/my_robot/build --no-deps install_data
[14.004s] /home/cadt-02/.local/lib/python3.8/site-packages/setuptools/dist.py:476: SetuptoolsDeprecationWarning: Invalid dash-separated options
[14.004s] !!
[14.005s] 
[14.005s]         ********************************************************************************
[14.005s]         Usage of dash-separated 'script-dir' will not be supported in future
[14.005s]         versions. Please use the underscore name 'script_dir' instead.
[14.005s] 
[14.005s]         By 2024-Sep-26, you need to update your project and remove deprecated calls
[14.006s]         or your builds will no longer be supported.
[14.006s] 
[14.006s]         See https://setuptools.pypa.io/en/latest/userguide/declarative_config.html for details.
[14.006s]         ********************************************************************************
[14.006s] 
[14.006s] !!
[14.006s]   opt = self.warn_dash_deprecation(opt, section)
[14.587s] /home/cadt-02/.local/lib/python3.8/site-packages/setuptools/command/develop.py:42: EasyInstallDeprecationWarning: easy_install command is deprecated.
[14.587s] !!
[14.587s] 
[14.587s]         ********************************************************************************
[14.587s]         Please avoid running ``setup.py`` and ``easy_install``.
[14.588s]         Instead, use pypa/build, pypa/installer or other
[14.588s]         standards-based tools.
[14.588s] 
[14.588s]         See https://github.com/pypa/setuptools/issues/917 for details.
[14.588s]         ********************************************************************************
[14.588s] 
[14.588s] !!
[14.589s]   easy_install.initialize_options(self)
[14.589s] running develop
[14.722s] /home/cadt-02/.local/lib/python3.8/site-packages/setuptools/_distutils/cmd.py:66: SetuptoolsDeprecationWarning: setup.py install is deprecated.
[14.722s] !!
[14.722s] 
[14.722s]         ********************************************************************************
[14.723s]         Please avoid running ``setup.py`` directly.
[14.723s]         Instead, use pypa/build, pypa/installer or other
[14.723s]         standards-based tools.
[14.723s] 
[14.723s]         See https://blog.ganssle.io/articles/2021/10/setup-py-deprecated.html for details.
[14.723s]         ********************************************************************************
[14.723s] 
[14.724s] !!
[14.724s]   self.initialize_options()
[15.294s] running egg_info
[15.344s] writing my_robot.egg-info/PKG-INFO
[15.345s] writing dependency_links to my_robot.egg-info/dependency_links.txt
[15.347s] writing entry points to my_robot.egg-info/entry_points.txt
[15.348s] writing requirements to my_robot.egg-info/requires.txt
[15.348s] writing top-level names to my_robot.egg-info/top_level.txt
[15.446s] reading manifest file 'my_robot.egg-info/SOURCES.txt'
[15.453s] writing manifest file 'my_robot.egg-info/SOURCES.txt'
[15.632s] running build_ext
[15.632s] Creating /home/cadt-02/Documents/can_test_usb/ros2_can/install/my_robot/lib/python3.8/site-packages/my-robot.egg-link (link to .)
[15.635s] Installing my_robot script to /home/cadt-02/Documents/can_test_usb/ros2_can/install/my_robot/lib/my_robot
[15.636s] 
[15.638s] Installed /home/cadt-02/Documents/can_test_usb/ros2_can/build/my_robot
[15.639s] running install_data
[15.639s] copying resource/my_robot -> /home/cadt-02/Documents/can_test_usb/ros2_can/install/my_robot/share/ament_index/resource_index/packages
[15.639s] copying package.xml -> /home/cadt-02/Documents/can_test_usb/ros2_can/install/my_robot/share/my_robot
[23.407s] Invoked command in '/home/cadt-02/Documents/can_test_usb/ros2_can/build/my_robot' returned '0': PYTHONPATH=/home/cadt-02/Documents/can_test_usb/ros2_can/build/my_robot/prefix_override:/home/cadt-02/Documents/can_test_usb/ros2_can/install/my_robot/lib/python3.8/site-packages:${PYTHONPATH} /usr/bin/python3 setup.py develop --editable --build-directory /home/cadt-02/Documents/can_test_usb/ros2_can/build/my_robot/build --no-deps install_data
