running develop
running egg_info
creating keyboard_listener.egg-info
writing keyboard_listener.egg-info/PKG-INFO
writing dependency_links to keyboard_listener.egg-info/dependency_links.txt
writing entry points to keyboard_listener.egg-info/entry_points.txt
writing requirements to keyboard_listener.egg-info/requires.txt
writing top-level names to keyboard_listener.egg-info/top_level.txt
writing manifest file 'keyboard_listener.egg-info/SOURCES.txt'
reading manifest file 'keyboard_listener.egg-info/SOURCES.txt'
writing manifest file 'keyboard_listener.egg-info/SOURCES.txt'
running build_ext
Creating /home/cadt-02/Documents/can_test_usb/ros2_can/install/keyboard_listener/lib/python3.8/site-packages/keyboard-listener.egg-link (link to .)
Installing keyboard_listener script to /home/cadt-02/Documents/can_test_usb/ros2_can/install/keyboard_listener/lib/keyboard_listener

Installed /home/cadt-02/Documents/can_test_usb/ros2_can/build/keyboard_listener
running install_data
creating /home/cadt-02/Documents/can_test_usb/ros2_can/install/keyboard_listener/share/ament_index
creating /home/cadt-02/Documents/can_test_usb/ros2_can/install/keyboard_listener/share/ament_index/resource_index
creating /home/cadt-02/Documents/can_test_usb/ros2_can/install/keyboard_listener/share/ament_index/resource_index/packages
copying resource/keyboard_listener -> /home/cadt-02/Documents/can_test_usb/ros2_can/install/keyboard_listener/share/ament_index/resource_index/packages
copying package.xml -> /home/cadt-02/Documents/can_test_usb/ros2_can/install/keyboard_listener/share/keyboard_listener
