[18.001s] Invoking command in '/home/cadt-02/Documents/can_test_usb/ros2_can/build/keyboard_listener': NX_CONNECTION=172.23.33.204 59150 172.23.34.34 4000 PYTHONPATH=/home/cadt-02/Documents/can_test_usb/ros2_can/build/keyboard_listener/prefix_override:/home/cadt-02/Documents/can_test_usb/ros2_can/install/keyboard_listener/lib/python3.8/site-packages:${PYTHONPATH} /usr/bin/python3 setup.py develop --editable --build-directory /home/cadt-02/Documents/can_test_usb/ros2_can/build/keyboard_listener/build --no-deps install_data
[18.934s] running develop
[18.935s] /home/cadt-02/.local/lib/python3.8/site-packages/setuptools/command/develop.py:42: EasyInstallDeprecationWarning: easy_install command is deprecated.
[18.935s] !!
[18.935s] 
[18.935s]         ********************************************************************************
[18.936s]         Please avoid running ``setup.py`` and ``easy_install``.
[18.936s]         Instead, use pypa/build, pypa/installer or other
[18.936s]         standards-based tools.
[18.936s] 
[18.936s]         See https://github.com/pypa/setuptools/issues/917 for details.
[18.936s]         ********************************************************************************
[18.936s] 
[18.936s] !!
[18.937s]   easy_install.initialize_options(self)
[19.036s] /home/cadt-02/.local/lib/python3.8/site-packages/setuptools/_distutils/cmd.py:66: SetuptoolsDeprecationWarning: setup.py install is deprecated.
[19.036s] !!
[19.036s] 
[19.037s]         ********************************************************************************
[19.037s]         Please avoid running ``setup.py`` directly.
[19.037s]         Instead, use pypa/build, pypa/installer or other
[19.037s]         standards-based tools.
[19.037s] 
[19.037s]         See https://blog.ganssle.io/articles/2021/10/setup-py-deprecated.html for details.
[19.037s]         ********************************************************************************
[19.037s] 
[19.038s] !!
[19.038s]   self.initialize_options()
[19.783s] running egg_info
[19.783s] creating keyboard_listener.egg-info
[19.827s] writing keyboard_listener.egg-info/PKG-INFO
[19.835s] writing dependency_links to keyboard_listener.egg-info/dependency_links.txt
[19.835s] writing entry points to keyboard_listener.egg-info/entry_points.txt
[19.835s] writing requirements to keyboard_listener.egg-info/requires.txt
[19.835s] writing top-level names to keyboard_listener.egg-info/top_level.txt
[19.836s] writing manifest file 'keyboard_listener.egg-info/SOURCES.txt'
[19.927s] reading manifest file 'keyboard_listener.egg-info/SOURCES.txt'
[19.929s] writing manifest file 'keyboard_listener.egg-info/SOURCES.txt'
[20.099s] running build_ext
[20.100s] Creating /home/cadt-02/Documents/can_test_usb/ros2_can/install/keyboard_listener/lib/python3.8/site-packages/keyboard-listener.egg-link (link to .)
[20.100s] Installing keyboard_listener script to /home/cadt-02/Documents/can_test_usb/ros2_can/install/keyboard_listener/lib/keyboard_listener
[20.100s] 
[20.100s] Installed /home/cadt-02/Documents/can_test_usb/ros2_can/build/keyboard_listener
[20.100s] running install_data
[20.100s] creating /home/cadt-02/Documents/can_test_usb/ros2_can/install/keyboard_listener/share/ament_index
[20.101s] creating /home/cadt-02/Documents/can_test_usb/ros2_can/install/keyboard_listener/share/ament_index/resource_index
[20.101s] creating /home/cadt-02/Documents/can_test_usb/ros2_can/install/keyboard_listener/share/ament_index/resource_index/packages
[20.101s] copying resource/keyboard_listener -> /home/cadt-02/Documents/can_test_usb/ros2_can/install/keyboard_listener/share/ament_index/resource_index/packages
[20.101s] copying package.xml -> /home/cadt-02/Documents/can_test_usb/ros2_can/install/keyboard_listener/share/keyboard_listener
[24.813s] Invoked command in '/home/cadt-02/Documents/can_test_usb/ros2_can/build/keyboard_listener' returned '0': NX_CONNECTION=172.23.33.204 59150 172.23.34.34 4000 PYTHONPATH=/home/cadt-02/Documents/can_test_usb/ros2_can/build/keyboard_listener/prefix_override:/home/cadt-02/Documents/can_test_usb/ros2_can/install/keyboard_listener/lib/python3.8/site-packages:${PYTHONPATH} /usr/bin/python3 setup.py develop --editable --build-directory /home/cadt-02/Documents/can_test_usb/ros2_can/build/keyboard_listener/build --no-deps install_data
