[16.555s] Invoking command in '/home/cadt-02/Documents/can_test_usb/ros2_can/build/movement': PYTHONPATH=/home/cadt-02/Documents/can_test_usb/ros2_can/build/movement/prefix_override:/home/cadt-02/Documents/can_test_usb/ros2_can/install/movement/lib/python3.8/site-packages:${PYTHONPATH} /usr/bin/python3 setup.py develop --editable --build-directory /home/cadt-02/Documents/can_test_usb/ros2_can/build/movement/build --no-deps install_data
[17.763s] running develop
[17.764s] /home/cadt-02/.local/lib/python3.8/site-packages/setuptools/command/develop.py:42: EasyInstallDeprecationWarning: easy_install command is deprecated.
[17.764s] !!
[17.764s] 
[17.764s]         ********************************************************************************
[17.766s]         Please avoid running ``setup.py`` and ``easy_install``.
[17.767s]         Instead, use pypa/build, pypa/installer or other
[17.767s]         standards-based tools.
[17.767s] 
[17.767s]         See https://github.com/pypa/setuptools/issues/917 for details.
[17.767s]         ********************************************************************************
[17.767s] 
[17.768s] !!
[17.768s]   easy_install.initialize_options(self)
[17.905s] /home/cadt-02/.local/lib/python3.8/site-packages/setuptools/_distutils/cmd.py:66: SetuptoolsDeprecationWarning: setup.py install is deprecated.
[17.906s] !!
[17.906s] 
[17.906s]         ********************************************************************************
[17.906s]         Please avoid running ``setup.py`` directly.
[17.906s]         Instead, use pypa/build, pypa/installer or other
[17.907s]         standards-based tools.
[17.907s] 
[17.907s]         See https://blog.ganssle.io/articles/2021/10/setup-py-deprecated.html for details.
[17.907s]         ********************************************************************************
[17.907s] 
[17.907s] !!
[17.907s]   self.initialize_options()
[18.530s] running egg_info
[18.597s] writing movement.egg-info/PKG-INFO
[18.600s] writing dependency_links to movement.egg-info/dependency_links.txt
[18.602s] writing entry points to movement.egg-info/entry_points.txt
[18.603s] writing requirements to movement.egg-info/requires.txt
[18.603s] writing top-level names to movement.egg-info/top_level.txt
[18.741s] reading manifest file 'movement.egg-info/SOURCES.txt'
[18.745s] writing manifest file 'movement.egg-info/SOURCES.txt'
[18.958s] running build_ext
[18.958s] Creating /home/cadt-02/Documents/can_test_usb/ros2_can/install/movement/lib/python3.8/site-packages/movement.egg-link (link to .)
[18.959s] Installing movement script to /home/cadt-02/Documents/can_test_usb/ros2_can/install/movement/lib/movement
[18.959s] 
[18.959s] Installed /home/cadt-02/Documents/can_test_usb/ros2_can/build/movement
[18.960s] running install_data
[18.960s] copying resource/movement -> /home/cadt-02/Documents/can_test_usb/ros2_can/install/movement/share/ament_index/resource_index/packages
[18.960s] copying package.xml -> /home/cadt-02/Documents/can_test_usb/ros2_can/install/movement/share/movement
[23.361s] Invoked command in '/home/cadt-02/Documents/can_test_usb/ros2_can/build/movement' returned '0': PYTHONPATH=/home/cadt-02/Documents/can_test_usb/ros2_can/build/movement/prefix_override:/home/cadt-02/Documents/can_test_usb/ros2_can/install/movement/lib/python3.8/site-packages:${PYTHONPATH} /usr/bin/python3 setup.py develop --editable --build-directory /home/cadt-02/Documents/can_test_usb/ros2_can/build/movement/build --no-deps install_data
