[18.046s] Invoking command in '/home/cadt-02/Documents/can_test_usb/ros2_can/build/keyboard_listener': PYTHONPATH=/home/cadt-02/Documents/can_test_usb/ros2_can/build/keyboard_listener/prefix_override:/home/cadt-02/Documents/can_test_usb/ros2_can/install/keyboard_listener/lib/python3.8/site-packages:${PYTHONPATH} /usr/bin/python3 setup.py develop --editable --build-directory /home/cadt-02/Documents/can_test_usb/ros2_can/build/keyboard_listener/build --no-deps install_data
[18.884s] running develop
[18.885s] /home/cadt-02/.local/lib/python3.8/site-packages/setuptools/command/develop.py:42: EasyInstallDeprecationWarning: easy_install command is deprecated.
[18.885s] !!
[18.885s] 
[18.885s]         ********************************************************************************
[18.886s]         Please avoid running ``setup.py`` and ``easy_install``.
[18.886s]         Instead, use pypa/build, pypa/installer or other
[18.886s]         standards-based tools.
[18.886s] 
[18.886s]         See https://github.com/pypa/setuptools/issues/917 for details.
[18.886s]         ********************************************************************************
[18.887s] 
[18.887s] !!
[18.887s]   easy_install.initialize_options(self)
[18.978s] /home/cadt-02/.local/lib/python3.8/site-packages/setuptools/_distutils/cmd.py:66: SetuptoolsDeprecationWarning: setup.py install is deprecated.
[18.978s] !!
[18.979s] 
[18.979s]         ********************************************************************************
[18.979s]         Please avoid running ``setup.py`` directly.
[18.979s]         Instead, use pypa/build, pypa/installer or other
[18.979s]         standards-based tools.
[18.979s] 
[18.979s]         See https://blog.ganssle.io/articles/2021/10/setup-py-deprecated.html for details.
[18.980s]         ********************************************************************************
[18.980s] 
[18.980s] !!
[18.980s]   self.initialize_options()
[19.448s] running egg_info
[19.491s] writing keyboard_listener.egg-info/PKG-INFO
[19.494s] writing dependency_links to keyboard_listener.egg-info/dependency_links.txt
[19.497s] writing entry points to keyboard_listener.egg-info/entry_points.txt
[19.499s] writing requirements to keyboard_listener.egg-info/requires.txt
[19.500s] writing top-level names to keyboard_listener.egg-info/top_level.txt
[19.593s] reading manifest file 'keyboard_listener.egg-info/SOURCES.txt'
[19.595s] writing manifest file 'keyboard_listener.egg-info/SOURCES.txt'
[19.761s] running build_ext
[19.761s] Creating /home/cadt-02/Documents/can_test_usb/ros2_can/install/keyboard_listener/lib/python3.8/site-packages/keyboard-listener.egg-link (link to .)
[19.763s] Installing keyboard_listener script to /home/cadt-02/Documents/can_test_usb/ros2_can/install/keyboard_listener/lib/keyboard_listener
[19.764s] 
[19.765s] Installed /home/cadt-02/Documents/can_test_usb/ros2_can/build/keyboard_listener
[19.765s] running install_data
[19.765s] copying resource/keyboard_listener -> /home/cadt-02/Documents/can_test_usb/ros2_can/install/keyboard_listener/share/ament_index/resource_index/packages
[19.766s] copying package.xml -> /home/cadt-02/Documents/can_test_usb/ros2_can/install/keyboard_listener/share/keyboard_listener
[21.793s] Invoked command in '/home/cadt-02/Documents/can_test_usb/ros2_can/build/keyboard_listener' returned '0': PYTHONPATH=/home/cadt-02/Documents/can_test_usb/ros2_can/build/keyboard_listener/prefix_override:/home/cadt-02/Documents/can_test_usb/ros2_can/install/keyboard_listener/lib/python3.8/site-packages:${PYTHONPATH} /usr/bin/python3 setup.py develop --editable --build-directory /home/cadt-02/Documents/can_test_usb/ros2_can/build/keyboard_listener/build --no-deps install_data
