[11.409s] Invoking command in '/home/cadt-02/Documents/can_test_usb/ros2_can/build/ros_imu': PYTHONPATH=/home/cadt-02/Documents/can_test_usb/ros2_can/build/ros_imu/prefix_override:/home/cadt-02/Documents/can_test_usb/ros2_can/install/ros_imu/lib/python3.8/site-packages:${PYTHONPATH} /usr/bin/python3 setup.py develop --editable --build-directory /home/cadt-02/Documents/can_test_usb/ros2_can/build/ros_imu/build --no-deps install_data
[11.767s] /home/cadt-02/.local/lib/python3.8/site-packages/setuptools/dist.py:476: SetuptoolsDeprecationWarning: Invalid dash-separated options
[11.768s] !!
[11.769s] 
[11.770s]         ********************************************************************************
[11.770s]         Usage of dash-separated 'script-dir' will not be supported in future
[11.771s]         versions. Please use the underscore name 'script_dir' instead.
[11.772s] 
[11.773s]         By 2024-Sep-26, you need to update your project and remove deprecated calls
[11.774s]         or your builds will no longer be supported.
[11.775s] 
[11.781s]         See https://setuptools.pypa.io/en/latest/userguide/declarative_config.html for details.
[11.782s]         ********************************************************************************
[11.783s] 
[11.784s] !!
[11.785s]   opt = self.warn_dash_deprecation(opt, section)
[12.268s] running develop
[12.269s] /home/cadt-02/.local/lib/python3.8/site-packages/setuptools/command/develop.py:42: EasyInstallDeprecationWarning: easy_install command is deprecated.
[12.269s] !!
[12.272s] 
[12.272s]         ********************************************************************************
[12.273s]         Please avoid running ``setup.py`` and ``easy_install``.
[12.274s]         Instead, use pypa/build, pypa/installer or other
[12.274s]         standards-based tools.
[12.275s] 
[12.276s]         See https://github.com/pypa/setuptools/issues/917 for details.
[12.276s]         ********************************************************************************
[12.277s] 
[12.278s] !!
[12.278s]   easy_install.initialize_options(self)
[12.358s] /home/cadt-02/.local/lib/python3.8/site-packages/setuptools/_distutils/cmd.py:66: SetuptoolsDeprecationWarning: setup.py install is deprecated.
[12.359s] !!
[12.359s] 
[12.360s]         ********************************************************************************
[12.360s]         Please avoid running ``setup.py`` directly.
[12.360s]         Instead, use pypa/build, pypa/installer or other
[12.361s]         standards-based tools.
[12.361s] 
[12.362s]         See https://blog.ganssle.io/articles/2021/10/setup-py-deprecated.html for details.
[12.362s]         ********************************************************************************
[12.362s] 
[12.363s] !!
[12.363s]   self.initialize_options()
[12.821s] running egg_info
[12.822s] creating ros_imu.egg-info
[12.864s] writing ros_imu.egg-info/PKG-INFO
[12.867s] writing dependency_links to ros_imu.egg-info/dependency_links.txt
[12.867s] writing entry points to ros_imu.egg-info/entry_points.txt
[12.868s] writing requirements to ros_imu.egg-info/requires.txt
[12.868s] writing top-level names to ros_imu.egg-info/top_level.txt
[12.869s] writing manifest file 'ros_imu.egg-info/SOURCES.txt'
[12.961s] reading manifest file 'ros_imu.egg-info/SOURCES.txt'
[12.963s] writing manifest file 'ros_imu.egg-info/SOURCES.txt'
[13.127s] running build_ext
[13.129s] Creating /home/cadt-02/Documents/can_test_usb/ros2_can/install/ros_imu/lib/python3.8/site-packages/ros-imu.egg-link (link to .)
[13.131s] Installing ros_imu script to /home/cadt-02/Documents/can_test_usb/ros2_can/install/ros_imu/lib/ros_imu
[13.132s] 
[13.133s] Installed /home/cadt-02/Documents/can_test_usb/ros2_can/build/ros_imu
[13.133s] running install_data
[13.134s] creating /home/cadt-02/Documents/can_test_usb/ros2_can/install/ros_imu/share/ament_index
[13.138s] creating /home/cadt-02/Documents/can_test_usb/ros2_can/install/ros_imu/share/ament_index/resource_index
[13.139s] creating /home/cadt-02/Documents/can_test_usb/ros2_can/install/ros_imu/share/ament_index/resource_index/packages
[13.140s] copying resource/ros_imu -> /home/cadt-02/Documents/can_test_usb/ros2_can/install/ros_imu/share/ament_index/resource_index/packages
[13.140s] copying package.xml -> /home/cadt-02/Documents/can_test_usb/ros2_can/install/ros_imu/share/ros_imu
[14.816s] Invoked command in '/home/cadt-02/Documents/can_test_usb/ros2_can/build/ros_imu' returned '0': PYTHONPATH=/home/cadt-02/Documents/can_test_usb/ros2_can/build/ros_imu/prefix_override:/home/cadt-02/Documents/can_test_usb/ros2_can/install/ros_imu/lib/python3.8/site-packages:${PYTHONPATH} /usr/bin/python3 setup.py develop --editable --build-directory /home/cadt-02/Documents/can_test_usb/ros2_can/build/ros_imu/build --no-deps install_data
